[2025-03-25T00:01:10.131+0000] {processor.py:161} INFO - Started process (PID=45) to work on /home/airflow/.local/lib/python3.8/site-packages/airflow/example_dags/example_datasets.py
[2025-03-25T00:01:10.132+0000] {processor.py:830} INFO - Processing file /home/airflow/.local/lib/python3.8/site-packages/airflow/example_dags/example_datasets.py for tasks to queue
[2025-03-25T00:01:10.135+0000] {logging_mixin.py:188} INFO - [2025-03-25T00:01:10.134+0000] {dagbag.py:538} INFO - Filling up the DagBag from /home/airflow/.local/lib/python3.8/site-packages/airflow/example_dags/example_datasets.py
[2025-03-25T00:01:10.143+0000] {processor.py:840} INFO - DAG(s) 'dataset_consumes_1_never_scheduled', 'dataset_consumes_1', 'dataset_produces_1', 'dataset_consumes_1_and_2', 'dataset_produces_2', 'dataset_consumes_unknown_never_scheduled' retrieved from /home/airflow/.local/lib/python3.8/site-packages/airflow/example_dags/example_datasets.py
[2025-03-25T00:01:10.154+0000] {logging_mixin.py:188} INFO - [2025-03-25T00:01:10.153+0000] {dag.py:3033} INFO - Sync 6 DAGs
[2025-03-25T00:01:10.168+0000] {logging_mixin.py:188} INFO - [2025-03-25T00:01:10.168+0000] {dag.py:3820} INFO - Setting next_dagrun for dataset_consumes_1 to None, run_after=None
[2025-03-25T00:01:10.171+0000] {logging_mixin.py:188} INFO - [2025-03-25T00:01:10.170+0000] {dag.py:3820} INFO - Setting next_dagrun for dataset_consumes_1_and_2 to None, run_after=None
[2025-03-25T00:01:10.171+0000] {logging_mixin.py:188} INFO - [2025-03-25T00:01:10.171+0000] {dag.py:3820} INFO - Setting next_dagrun for dataset_consumes_1_never_scheduled to None, run_after=None
[2025-03-25T00:01:10.172+0000] {logging_mixin.py:188} INFO - [2025-03-25T00:01:10.172+0000] {dag.py:3820} INFO - Setting next_dagrun for dataset_consumes_unknown_never_scheduled to None, run_after=None
[2025-03-25T00:01:10.173+0000] {logging_mixin.py:188} INFO - [2025-03-25T00:01:10.173+0000] {dag.py:3820} INFO - Setting next_dagrun for dataset_produces_1 to 2025-03-24T00:00:00+00:00, run_after=2025-03-25T00:00:00+00:00
[2025-03-25T00:01:10.174+0000] {logging_mixin.py:188} INFO - [2025-03-25T00:01:10.174+0000] {dag.py:3820} INFO - Setting next_dagrun for dataset_produces_2 to None, run_after=None
[2025-03-25T00:01:10.194+0000] {processor.py:183} INFO - Processing /home/airflow/.local/lib/python3.8/site-packages/airflow/example_dags/example_datasets.py took 0.066 seconds
[2025-03-25T00:01:40.707+0000] {processor.py:161} INFO - Started process (PID=100) to work on /home/airflow/.local/lib/python3.8/site-packages/airflow/example_dags/example_datasets.py
[2025-03-25T00:01:40.707+0000] {processor.py:830} INFO - Processing file /home/airflow/.local/lib/python3.8/site-packages/airflow/example_dags/example_datasets.py for tasks to queue
[2025-03-25T00:01:40.708+0000] {logging_mixin.py:188} INFO - [2025-03-25T00:01:40.708+0000] {dagbag.py:538} INFO - Filling up the DagBag from /home/airflow/.local/lib/python3.8/site-packages/airflow/example_dags/example_datasets.py
[2025-03-25T00:01:40.712+0000] {processor.py:840} INFO - DAG(s) 'dataset_consumes_1_never_scheduled', 'dataset_produces_1', 'dataset_produces_2', 'dataset_consumes_1', 'dataset_consumes_unknown_never_scheduled', 'dataset_consumes_1_and_2' retrieved from /home/airflow/.local/lib/python3.8/site-packages/airflow/example_dags/example_datasets.py
[2025-03-25T00:01:40.770+0000] {logging_mixin.py:188} INFO - [2025-03-25T00:01:40.769+0000] {dag.py:3033} INFO - Sync 6 DAGs
[2025-03-25T00:01:40.779+0000] {logging_mixin.py:188} INFO - [2025-03-25T00:01:40.779+0000] {dag.py:3820} INFO - Setting next_dagrun for dataset_consumes_1 to None, run_after=None
[2025-03-25T00:01:40.782+0000] {logging_mixin.py:188} INFO - [2025-03-25T00:01:40.782+0000] {dag.py:3820} INFO - Setting next_dagrun for dataset_consumes_1_and_2 to None, run_after=None
[2025-03-25T00:01:40.783+0000] {logging_mixin.py:188} INFO - [2025-03-25T00:01:40.783+0000] {dag.py:3820} INFO - Setting next_dagrun for dataset_consumes_1_never_scheduled to None, run_after=None
[2025-03-25T00:01:40.783+0000] {logging_mixin.py:188} INFO - [2025-03-25T00:01:40.783+0000] {dag.py:3820} INFO - Setting next_dagrun for dataset_consumes_unknown_never_scheduled to None, run_after=None
[2025-03-25T00:01:40.784+0000] {logging_mixin.py:188} INFO - [2025-03-25T00:01:40.784+0000] {dag.py:3820} INFO - Setting next_dagrun for dataset_produces_1 to 2025-03-24T00:00:00+00:00, run_after=2025-03-25T00:00:00+00:00
[2025-03-25T00:01:40.784+0000] {logging_mixin.py:188} INFO - [2025-03-25T00:01:40.784+0000] {dag.py:3820} INFO - Setting next_dagrun for dataset_produces_2 to None, run_after=None
[2025-03-25T00:01:40.797+0000] {processor.py:183} INFO - Processing /home/airflow/.local/lib/python3.8/site-packages/airflow/example_dags/example_datasets.py took 0.092 seconds
