[2025-03-24T23:24:26.987+0000] {processor.py:161} INFO - Started process (PID=77) to work on /home/airflow/.local/lib/python3.8/site-packages/airflow/example_dags/example_latest_only_with_trigger.py
[2025-03-24T23:24:26.988+0000] {processor.py:830} INFO - Processing file /home/airflow/.local/lib/python3.8/site-packages/airflow/example_dags/example_latest_only_with_trigger.py for tasks to queue
[2025-03-24T23:24:26.989+0000] {logging_mixin.py:188} INFO - [2025-03-24T23:24:26.989+0000] {dagbag.py:538} INFO - Filling up the DagBag from /home/airflow/.local/lib/python3.8/site-packages/airflow/example_dags/example_latest_only_with_trigger.py
[2025-03-24T23:24:26.992+0000] {processor.py:840} INFO - DAG(s) 'latest_only_with_trigger' retrieved from /home/airflow/.local/lib/python3.8/site-packages/airflow/example_dags/example_latest_only_with_trigger.py
[2025-03-24T23:24:26.999+0000] {logging_mixin.py:188} INFO - [2025-03-24T23:24:26.999+0000] {dag.py:3033} INFO - Sync 1 DAGs
[2025-03-24T23:24:27.012+0000] {logging_mixin.py:188} INFO - [2025-03-24T23:24:27.012+0000] {dag.py:3820} INFO - Setting next_dagrun for latest_only_with_trigger to 2025-03-24T16:00:00+00:00, run_after=2025-03-24T20:00:00+00:00
[2025-03-24T23:24:27.020+0000] {processor.py:183} INFO - Processing /home/airflow/.local/lib/python3.8/site-packages/airflow/example_dags/example_latest_only_with_trigger.py took 0.035 seconds
[2025-03-24T23:24:57.216+0000] {processor.py:161} INFO - Started process (PID=132) to work on /home/airflow/.local/lib/python3.8/site-packages/airflow/example_dags/example_latest_only_with_trigger.py
[2025-03-24T23:24:57.217+0000] {processor.py:830} INFO - Processing file /home/airflow/.local/lib/python3.8/site-packages/airflow/example_dags/example_latest_only_with_trigger.py for tasks to queue
[2025-03-24T23:24:57.219+0000] {logging_mixin.py:188} INFO - [2025-03-24T23:24:57.218+0000] {dagbag.py:538} INFO - Filling up the DagBag from /home/airflow/.local/lib/python3.8/site-packages/airflow/example_dags/example_latest_only_with_trigger.py
[2025-03-24T23:24:57.223+0000] {processor.py:840} INFO - DAG(s) 'latest_only_with_trigger' retrieved from /home/airflow/.local/lib/python3.8/site-packages/airflow/example_dags/example_latest_only_with_trigger.py
[2025-03-24T23:24:57.262+0000] {logging_mixin.py:188} INFO - [2025-03-24T23:24:57.262+0000] {dag.py:3033} INFO - Sync 1 DAGs
[2025-03-24T23:24:57.270+0000] {logging_mixin.py:188} INFO - [2025-03-24T23:24:57.270+0000] {dag.py:3820} INFO - Setting next_dagrun for latest_only_with_trigger to 2025-03-24T16:00:00+00:00, run_after=2025-03-24T20:00:00+00:00
[2025-03-24T23:24:57.277+0000] {processor.py:183} INFO - Processing /home/airflow/.local/lib/python3.8/site-packages/airflow/example_dags/example_latest_only_with_trigger.py took 0.062 seconds
[2025-03-24T23:25:28.075+0000] {processor.py:161} INFO - Started process (PID=187) to work on /home/airflow/.local/lib/python3.8/site-packages/airflow/example_dags/example_latest_only_with_trigger.py
[2025-03-24T23:25:28.075+0000] {processor.py:830} INFO - Processing file /home/airflow/.local/lib/python3.8/site-packages/airflow/example_dags/example_latest_only_with_trigger.py for tasks to queue
[2025-03-24T23:25:28.076+0000] {logging_mixin.py:188} INFO - [2025-03-24T23:25:28.076+0000] {dagbag.py:538} INFO - Filling up the DagBag from /home/airflow/.local/lib/python3.8/site-packages/airflow/example_dags/example_latest_only_with_trigger.py
[2025-03-24T23:25:28.079+0000] {processor.py:840} INFO - DAG(s) 'latest_only_with_trigger' retrieved from /home/airflow/.local/lib/python3.8/site-packages/airflow/example_dags/example_latest_only_with_trigger.py
[2025-03-24T23:25:28.089+0000] {logging_mixin.py:188} INFO - [2025-03-24T23:25:28.089+0000] {dag.py:3033} INFO - Sync 1 DAGs
[2025-03-24T23:25:28.099+0000] {logging_mixin.py:188} INFO - [2025-03-24T23:25:28.099+0000] {dag.py:3820} INFO - Setting next_dagrun for latest_only_with_trigger to 2025-03-24T16:00:00+00:00, run_after=2025-03-24T20:00:00+00:00
[2025-03-24T23:25:28.108+0000] {processor.py:183} INFO - Processing /home/airflow/.local/lib/python3.8/site-packages/airflow/example_dags/example_latest_only_with_trigger.py took 0.034 seconds
[2025-03-24T23:25:58.565+0000] {processor.py:161} INFO - Started process (PID=248) to work on /home/airflow/.local/lib/python3.8/site-packages/airflow/example_dags/example_latest_only_with_trigger.py
[2025-03-24T23:25:58.565+0000] {processor.py:830} INFO - Processing file /home/airflow/.local/lib/python3.8/site-packages/airflow/example_dags/example_latest_only_with_trigger.py for tasks to queue
[2025-03-24T23:25:58.566+0000] {logging_mixin.py:188} INFO - [2025-03-24T23:25:58.566+0000] {dagbag.py:538} INFO - Filling up the DagBag from /home/airflow/.local/lib/python3.8/site-packages/airflow/example_dags/example_latest_only_with_trigger.py
[2025-03-24T23:25:58.569+0000] {processor.py:840} INFO - DAG(s) 'latest_only_with_trigger' retrieved from /home/airflow/.local/lib/python3.8/site-packages/airflow/example_dags/example_latest_only_with_trigger.py
[2025-03-24T23:25:58.577+0000] {logging_mixin.py:188} INFO - [2025-03-24T23:25:58.577+0000] {dag.py:3033} INFO - Sync 1 DAGs
[2025-03-24T23:25:58.586+0000] {logging_mixin.py:188} INFO - [2025-03-24T23:25:58.586+0000] {dag.py:3820} INFO - Setting next_dagrun for latest_only_with_trigger to 2025-03-24T16:00:00+00:00, run_after=2025-03-24T20:00:00+00:00
[2025-03-24T23:25:58.597+0000] {processor.py:183} INFO - Processing /home/airflow/.local/lib/python3.8/site-packages/airflow/example_dags/example_latest_only_with_trigger.py took 0.034 seconds
[2025-03-24T23:26:29.338+0000] {processor.py:161} INFO - Started process (PID=303) to work on /home/airflow/.local/lib/python3.8/site-packages/airflow/example_dags/example_latest_only_with_trigger.py
[2025-03-24T23:26:29.340+0000] {processor.py:830} INFO - Processing file /home/airflow/.local/lib/python3.8/site-packages/airflow/example_dags/example_latest_only_with_trigger.py for tasks to queue
[2025-03-24T23:26:29.341+0000] {logging_mixin.py:188} INFO - [2025-03-24T23:26:29.341+0000] {dagbag.py:538} INFO - Filling up the DagBag from /home/airflow/.local/lib/python3.8/site-packages/airflow/example_dags/example_latest_only_with_trigger.py
[2025-03-24T23:26:29.343+0000] {processor.py:840} INFO - DAG(s) 'latest_only_with_trigger' retrieved from /home/airflow/.local/lib/python3.8/site-packages/airflow/example_dags/example_latest_only_with_trigger.py
[2025-03-24T23:26:29.352+0000] {logging_mixin.py:188} INFO - [2025-03-24T23:26:29.352+0000] {dag.py:3033} INFO - Sync 1 DAGs
[2025-03-24T23:26:29.362+0000] {logging_mixin.py:188} INFO - [2025-03-24T23:26:29.362+0000] {dag.py:3820} INFO - Setting next_dagrun for latest_only_with_trigger to 2025-03-24T16:00:00+00:00, run_after=2025-03-24T20:00:00+00:00
[2025-03-24T23:26:29.372+0000] {processor.py:183} INFO - Processing /home/airflow/.local/lib/python3.8/site-packages/airflow/example_dags/example_latest_only_with_trigger.py took 0.036 seconds
[2025-03-24T23:26:59.861+0000] {processor.py:161} INFO - Started process (PID=358) to work on /home/airflow/.local/lib/python3.8/site-packages/airflow/example_dags/example_latest_only_with_trigger.py
[2025-03-24T23:26:59.861+0000] {processor.py:830} INFO - Processing file /home/airflow/.local/lib/python3.8/site-packages/airflow/example_dags/example_latest_only_with_trigger.py for tasks to queue
[2025-03-24T23:26:59.862+0000] {logging_mixin.py:188} INFO - [2025-03-24T23:26:59.862+0000] {dagbag.py:538} INFO - Filling up the DagBag from /home/airflow/.local/lib/python3.8/site-packages/airflow/example_dags/example_latest_only_with_trigger.py
[2025-03-24T23:26:59.864+0000] {processor.py:840} INFO - DAG(s) 'latest_only_with_trigger' retrieved from /home/airflow/.local/lib/python3.8/site-packages/airflow/example_dags/example_latest_only_with_trigger.py
[2025-03-24T23:26:59.873+0000] {logging_mixin.py:188} INFO - [2025-03-24T23:26:59.873+0000] {dag.py:3033} INFO - Sync 1 DAGs
[2025-03-24T23:26:59.880+0000] {logging_mixin.py:188} INFO - [2025-03-24T23:26:59.880+0000] {dag.py:3820} INFO - Setting next_dagrun for latest_only_with_trigger to 2025-03-24T16:00:00+00:00, run_after=2025-03-24T20:00:00+00:00
[2025-03-24T23:26:59.886+0000] {processor.py:183} INFO - Processing /home/airflow/.local/lib/python3.8/site-packages/airflow/example_dags/example_latest_only_with_trigger.py took 0.027 seconds
[2025-03-24T23:27:30.522+0000] {processor.py:161} INFO - Started process (PID=413) to work on /home/airflow/.local/lib/python3.8/site-packages/airflow/example_dags/example_latest_only_with_trigger.py
[2025-03-24T23:27:30.523+0000] {processor.py:830} INFO - Processing file /home/airflow/.local/lib/python3.8/site-packages/airflow/example_dags/example_latest_only_with_trigger.py for tasks to queue
[2025-03-24T23:27:30.523+0000] {logging_mixin.py:188} INFO - [2025-03-24T23:27:30.523+0000] {dagbag.py:538} INFO - Filling up the DagBag from /home/airflow/.local/lib/python3.8/site-packages/airflow/example_dags/example_latest_only_with_trigger.py
[2025-03-24T23:27:30.526+0000] {processor.py:840} INFO - DAG(s) 'latest_only_with_trigger' retrieved from /home/airflow/.local/lib/python3.8/site-packages/airflow/example_dags/example_latest_only_with_trigger.py
[2025-03-24T23:27:30.537+0000] {logging_mixin.py:188} INFO - [2025-03-24T23:27:30.537+0000] {dag.py:3033} INFO - Sync 1 DAGs
[2025-03-24T23:27:30.547+0000] {logging_mixin.py:188} INFO - [2025-03-24T23:27:30.547+0000] {dag.py:3820} INFO - Setting next_dagrun for latest_only_with_trigger to 2025-03-24T16:00:00+00:00, run_after=2025-03-24T20:00:00+00:00
[2025-03-24T23:27:30.554+0000] {processor.py:183} INFO - Processing /home/airflow/.local/lib/python3.8/site-packages/airflow/example_dags/example_latest_only_with_trigger.py took 0.034 seconds
[2025-03-24T23:28:01.223+0000] {processor.py:161} INFO - Started process (PID=468) to work on /home/airflow/.local/lib/python3.8/site-packages/airflow/example_dags/example_latest_only_with_trigger.py
[2025-03-24T23:28:01.224+0000] {processor.py:830} INFO - Processing file /home/airflow/.local/lib/python3.8/site-packages/airflow/example_dags/example_latest_only_with_trigger.py for tasks to queue
[2025-03-24T23:28:01.224+0000] {logging_mixin.py:188} INFO - [2025-03-24T23:28:01.224+0000] {dagbag.py:538} INFO - Filling up the DagBag from /home/airflow/.local/lib/python3.8/site-packages/airflow/example_dags/example_latest_only_with_trigger.py
[2025-03-24T23:28:01.227+0000] {processor.py:840} INFO - DAG(s) 'latest_only_with_trigger' retrieved from /home/airflow/.local/lib/python3.8/site-packages/airflow/example_dags/example_latest_only_with_trigger.py
[2025-03-24T23:28:01.235+0000] {logging_mixin.py:188} INFO - [2025-03-24T23:28:01.235+0000] {dag.py:3033} INFO - Sync 1 DAGs
[2025-03-24T23:28:01.244+0000] {logging_mixin.py:188} INFO - [2025-03-24T23:28:01.244+0000] {dag.py:3820} INFO - Setting next_dagrun for latest_only_with_trigger to 2025-03-24T16:00:00+00:00, run_after=2025-03-24T20:00:00+00:00
[2025-03-24T23:28:01.251+0000] {processor.py:183} INFO - Processing /home/airflow/.local/lib/python3.8/site-packages/airflow/example_dags/example_latest_only_with_trigger.py took 0.029 seconds
[2025-03-24T23:28:31.994+0000] {processor.py:161} INFO - Started process (PID=523) to work on /home/airflow/.local/lib/python3.8/site-packages/airflow/example_dags/example_latest_only_with_trigger.py
[2025-03-24T23:28:31.994+0000] {processor.py:830} INFO - Processing file /home/airflow/.local/lib/python3.8/site-packages/airflow/example_dags/example_latest_only_with_trigger.py for tasks to queue
[2025-03-24T23:28:31.995+0000] {logging_mixin.py:188} INFO - [2025-03-24T23:28:31.995+0000] {dagbag.py:538} INFO - Filling up the DagBag from /home/airflow/.local/lib/python3.8/site-packages/airflow/example_dags/example_latest_only_with_trigger.py
[2025-03-24T23:28:31.998+0000] {processor.py:840} INFO - DAG(s) 'latest_only_with_trigger' retrieved from /home/airflow/.local/lib/python3.8/site-packages/airflow/example_dags/example_latest_only_with_trigger.py
[2025-03-24T23:28:32.010+0000] {logging_mixin.py:188} INFO - [2025-03-24T23:28:32.010+0000] {dag.py:3033} INFO - Sync 1 DAGs
[2025-03-24T23:28:32.020+0000] {logging_mixin.py:188} INFO - [2025-03-24T23:28:32.019+0000] {dag.py:3820} INFO - Setting next_dagrun for latest_only_with_trigger to 2025-03-24T16:00:00+00:00, run_after=2025-03-24T20:00:00+00:00
[2025-03-24T23:28:32.029+0000] {processor.py:183} INFO - Processing /home/airflow/.local/lib/python3.8/site-packages/airflow/example_dags/example_latest_only_with_trigger.py took 0.037 seconds
[2025-03-24T23:29:02.743+0000] {processor.py:161} INFO - Started process (PID=578) to work on /home/airflow/.local/lib/python3.8/site-packages/airflow/example_dags/example_latest_only_with_trigger.py
[2025-03-24T23:29:02.743+0000] {processor.py:830} INFO - Processing file /home/airflow/.local/lib/python3.8/site-packages/airflow/example_dags/example_latest_only_with_trigger.py for tasks to queue
[2025-03-24T23:29:02.744+0000] {logging_mixin.py:188} INFO - [2025-03-24T23:29:02.744+0000] {dagbag.py:538} INFO - Filling up the DagBag from /home/airflow/.local/lib/python3.8/site-packages/airflow/example_dags/example_latest_only_with_trigger.py
[2025-03-24T23:29:02.747+0000] {processor.py:840} INFO - DAG(s) 'latest_only_with_trigger' retrieved from /home/airflow/.local/lib/python3.8/site-packages/airflow/example_dags/example_latest_only_with_trigger.py
[2025-03-24T23:29:02.756+0000] {logging_mixin.py:188} INFO - [2025-03-24T23:29:02.756+0000] {dag.py:3033} INFO - Sync 1 DAGs
[2025-03-24T23:29:02.764+0000] {logging_mixin.py:188} INFO - [2025-03-24T23:29:02.764+0000] {dag.py:3820} INFO - Setting next_dagrun for latest_only_with_trigger to 2025-03-24T16:00:00+00:00, run_after=2025-03-24T20:00:00+00:00
[2025-03-24T23:29:02.770+0000] {processor.py:183} INFO - Processing /home/airflow/.local/lib/python3.8/site-packages/airflow/example_dags/example_latest_only_with_trigger.py took 0.029 seconds
[2025-03-24T23:29:33.472+0000] {processor.py:161} INFO - Started process (PID=633) to work on /home/airflow/.local/lib/python3.8/site-packages/airflow/example_dags/example_latest_only_with_trigger.py
[2025-03-24T23:29:33.475+0000] {processor.py:830} INFO - Processing file /home/airflow/.local/lib/python3.8/site-packages/airflow/example_dags/example_latest_only_with_trigger.py for tasks to queue
[2025-03-24T23:29:33.476+0000] {logging_mixin.py:188} INFO - [2025-03-24T23:29:33.476+0000] {dagbag.py:538} INFO - Filling up the DagBag from /home/airflow/.local/lib/python3.8/site-packages/airflow/example_dags/example_latest_only_with_trigger.py
[2025-03-24T23:29:33.479+0000] {processor.py:840} INFO - DAG(s) 'latest_only_with_trigger' retrieved from /home/airflow/.local/lib/python3.8/site-packages/airflow/example_dags/example_latest_only_with_trigger.py
[2025-03-24T23:29:33.491+0000] {logging_mixin.py:188} INFO - [2025-03-24T23:29:33.491+0000] {dag.py:3033} INFO - Sync 1 DAGs
[2025-03-24T23:29:33.500+0000] {logging_mixin.py:188} INFO - [2025-03-24T23:29:33.500+0000] {dag.py:3820} INFO - Setting next_dagrun for latest_only_with_trigger to 2025-03-24T16:00:00+00:00, run_after=2025-03-24T20:00:00+00:00
[2025-03-24T23:29:33.509+0000] {processor.py:183} INFO - Processing /home/airflow/.local/lib/python3.8/site-packages/airflow/example_dags/example_latest_only_with_trigger.py took 0.039 seconds
[2025-03-24T23:30:04.134+0000] {processor.py:161} INFO - Started process (PID=688) to work on /home/airflow/.local/lib/python3.8/site-packages/airflow/example_dags/example_latest_only_with_trigger.py
[2025-03-24T23:30:04.135+0000] {processor.py:830} INFO - Processing file /home/airflow/.local/lib/python3.8/site-packages/airflow/example_dags/example_latest_only_with_trigger.py for tasks to queue
[2025-03-24T23:30:04.136+0000] {logging_mixin.py:188} INFO - [2025-03-24T23:30:04.136+0000] {dagbag.py:538} INFO - Filling up the DagBag from /home/airflow/.local/lib/python3.8/site-packages/airflow/example_dags/example_latest_only_with_trigger.py
[2025-03-24T23:30:04.139+0000] {processor.py:840} INFO - DAG(s) 'latest_only_with_trigger' retrieved from /home/airflow/.local/lib/python3.8/site-packages/airflow/example_dags/example_latest_only_with_trigger.py
[2025-03-24T23:30:04.148+0000] {logging_mixin.py:188} INFO - [2025-03-24T23:30:04.148+0000] {dag.py:3033} INFO - Sync 1 DAGs
[2025-03-24T23:30:04.158+0000] {logging_mixin.py:188} INFO - [2025-03-24T23:30:04.157+0000] {dag.py:3820} INFO - Setting next_dagrun for latest_only_with_trigger to 2025-03-24T16:00:00+00:00, run_after=2025-03-24T20:00:00+00:00
[2025-03-24T23:30:04.169+0000] {processor.py:183} INFO - Processing /home/airflow/.local/lib/python3.8/site-packages/airflow/example_dags/example_latest_only_with_trigger.py took 0.036 seconds
[2025-03-24T23:30:34.666+0000] {processor.py:161} INFO - Started process (PID=743) to work on /home/airflow/.local/lib/python3.8/site-packages/airflow/example_dags/example_latest_only_with_trigger.py
[2025-03-24T23:30:34.667+0000] {processor.py:830} INFO - Processing file /home/airflow/.local/lib/python3.8/site-packages/airflow/example_dags/example_latest_only_with_trigger.py for tasks to queue
[2025-03-24T23:30:34.668+0000] {logging_mixin.py:188} INFO - [2025-03-24T23:30:34.668+0000] {dagbag.py:538} INFO - Filling up the DagBag from /home/airflow/.local/lib/python3.8/site-packages/airflow/example_dags/example_latest_only_with_trigger.py
[2025-03-24T23:30:34.671+0000] {processor.py:840} INFO - DAG(s) 'latest_only_with_trigger' retrieved from /home/airflow/.local/lib/python3.8/site-packages/airflow/example_dags/example_latest_only_with_trigger.py
[2025-03-24T23:30:34.679+0000] {logging_mixin.py:188} INFO - [2025-03-24T23:30:34.679+0000] {dag.py:3033} INFO - Sync 1 DAGs
[2025-03-24T23:30:34.688+0000] {logging_mixin.py:188} INFO - [2025-03-24T23:30:34.688+0000] {dag.py:3820} INFO - Setting next_dagrun for latest_only_with_trigger to 2025-03-24T16:00:00+00:00, run_after=2025-03-24T20:00:00+00:00
[2025-03-24T23:30:34.695+0000] {processor.py:183} INFO - Processing /home/airflow/.local/lib/python3.8/site-packages/airflow/example_dags/example_latest_only_with_trigger.py took 0.030 seconds
[2025-03-24T23:31:05.539+0000] {processor.py:161} INFO - Started process (PID=798) to work on /home/airflow/.local/lib/python3.8/site-packages/airflow/example_dags/example_latest_only_with_trigger.py
[2025-03-24T23:31:05.539+0000] {processor.py:830} INFO - Processing file /home/airflow/.local/lib/python3.8/site-packages/airflow/example_dags/example_latest_only_with_trigger.py for tasks to queue
[2025-03-24T23:31:05.540+0000] {logging_mixin.py:188} INFO - [2025-03-24T23:31:05.540+0000] {dagbag.py:538} INFO - Filling up the DagBag from /home/airflow/.local/lib/python3.8/site-packages/airflow/example_dags/example_latest_only_with_trigger.py
[2025-03-24T23:31:05.543+0000] {processor.py:840} INFO - DAG(s) 'latest_only_with_trigger' retrieved from /home/airflow/.local/lib/python3.8/site-packages/airflow/example_dags/example_latest_only_with_trigger.py
[2025-03-24T23:31:05.551+0000] {logging_mixin.py:188} INFO - [2025-03-24T23:31:05.551+0000] {dag.py:3033} INFO - Sync 1 DAGs
[2025-03-24T23:31:05.560+0000] {logging_mixin.py:188} INFO - [2025-03-24T23:31:05.560+0000] {dag.py:3820} INFO - Setting next_dagrun for latest_only_with_trigger to 2025-03-24T16:00:00+00:00, run_after=2025-03-24T20:00:00+00:00
[2025-03-24T23:31:05.567+0000] {processor.py:183} INFO - Processing /home/airflow/.local/lib/python3.8/site-packages/airflow/example_dags/example_latest_only_with_trigger.py took 0.030 seconds
[2025-03-24T23:31:36.314+0000] {processor.py:161} INFO - Started process (PID=853) to work on /home/airflow/.local/lib/python3.8/site-packages/airflow/example_dags/example_latest_only_with_trigger.py
[2025-03-24T23:31:36.317+0000] {processor.py:830} INFO - Processing file /home/airflow/.local/lib/python3.8/site-packages/airflow/example_dags/example_latest_only_with_trigger.py for tasks to queue
[2025-03-24T23:31:36.318+0000] {logging_mixin.py:188} INFO - [2025-03-24T23:31:36.318+0000] {dagbag.py:538} INFO - Filling up the DagBag from /home/airflow/.local/lib/python3.8/site-packages/airflow/example_dags/example_latest_only_with_trigger.py
[2025-03-24T23:31:36.321+0000] {processor.py:840} INFO - DAG(s) 'latest_only_with_trigger' retrieved from /home/airflow/.local/lib/python3.8/site-packages/airflow/example_dags/example_latest_only_with_trigger.py
[2025-03-24T23:31:36.330+0000] {logging_mixin.py:188} INFO - [2025-03-24T23:31:36.330+0000] {dag.py:3033} INFO - Sync 1 DAGs
[2025-03-24T23:31:36.340+0000] {logging_mixin.py:188} INFO - [2025-03-24T23:31:36.339+0000] {dag.py:3820} INFO - Setting next_dagrun for latest_only_with_trigger to 2025-03-24T16:00:00+00:00, run_after=2025-03-24T20:00:00+00:00
[2025-03-24T23:31:36.346+0000] {processor.py:183} INFO - Processing /home/airflow/.local/lib/python3.8/site-packages/airflow/example_dags/example_latest_only_with_trigger.py took 0.033 seconds
[2025-03-24T23:32:07.143+0000] {processor.py:161} INFO - Started process (PID=908) to work on /home/airflow/.local/lib/python3.8/site-packages/airflow/example_dags/example_latest_only_with_trigger.py
[2025-03-24T23:32:07.144+0000] {processor.py:830} INFO - Processing file /home/airflow/.local/lib/python3.8/site-packages/airflow/example_dags/example_latest_only_with_trigger.py for tasks to queue
[2025-03-24T23:32:07.145+0000] {logging_mixin.py:188} INFO - [2025-03-24T23:32:07.145+0000] {dagbag.py:538} INFO - Filling up the DagBag from /home/airflow/.local/lib/python3.8/site-packages/airflow/example_dags/example_latest_only_with_trigger.py
[2025-03-24T23:32:07.147+0000] {processor.py:840} INFO - DAG(s) 'latest_only_with_trigger' retrieved from /home/airflow/.local/lib/python3.8/site-packages/airflow/example_dags/example_latest_only_with_trigger.py
[2025-03-24T23:32:07.165+0000] {logging_mixin.py:188} INFO - [2025-03-24T23:32:07.164+0000] {dag.py:3033} INFO - Sync 1 DAGs
[2025-03-24T23:32:07.179+0000] {logging_mixin.py:188} INFO - [2025-03-24T23:32:07.179+0000] {dag.py:3820} INFO - Setting next_dagrun for latest_only_with_trigger to 2025-03-24T16:00:00+00:00, run_after=2025-03-24T20:00:00+00:00
[2025-03-24T23:32:07.187+0000] {processor.py:183} INFO - Processing /home/airflow/.local/lib/python3.8/site-packages/airflow/example_dags/example_latest_only_with_trigger.py took 0.046 seconds
[2025-03-24T23:32:38.077+0000] {processor.py:161} INFO - Started process (PID=963) to work on /home/airflow/.local/lib/python3.8/site-packages/airflow/example_dags/example_latest_only_with_trigger.py
[2025-03-24T23:32:38.079+0000] {processor.py:830} INFO - Processing file /home/airflow/.local/lib/python3.8/site-packages/airflow/example_dags/example_latest_only_with_trigger.py for tasks to queue
[2025-03-24T23:32:38.083+0000] {logging_mixin.py:188} INFO - [2025-03-24T23:32:38.083+0000] {dagbag.py:538} INFO - Filling up the DagBag from /home/airflow/.local/lib/python3.8/site-packages/airflow/example_dags/example_latest_only_with_trigger.py
[2025-03-24T23:32:38.086+0000] {processor.py:840} INFO - DAG(s) 'latest_only_with_trigger' retrieved from /home/airflow/.local/lib/python3.8/site-packages/airflow/example_dags/example_latest_only_with_trigger.py
[2025-03-24T23:32:38.096+0000] {logging_mixin.py:188} INFO - [2025-03-24T23:32:38.096+0000] {dag.py:3033} INFO - Sync 1 DAGs
[2025-03-24T23:32:38.104+0000] {logging_mixin.py:188} INFO - [2025-03-24T23:32:38.104+0000] {dag.py:3820} INFO - Setting next_dagrun for latest_only_with_trigger to 2025-03-24T16:00:00+00:00, run_after=2025-03-24T20:00:00+00:00
[2025-03-24T23:32:38.114+0000] {processor.py:183} INFO - Processing /home/airflow/.local/lib/python3.8/site-packages/airflow/example_dags/example_latest_only_with_trigger.py took 0.038 seconds
[2025-03-24T23:33:08.741+0000] {processor.py:161} INFO - Started process (PID=1018) to work on /home/airflow/.local/lib/python3.8/site-packages/airflow/example_dags/example_latest_only_with_trigger.py
[2025-03-24T23:33:08.742+0000] {processor.py:830} INFO - Processing file /home/airflow/.local/lib/python3.8/site-packages/airflow/example_dags/example_latest_only_with_trigger.py for tasks to queue
[2025-03-24T23:33:08.743+0000] {logging_mixin.py:188} INFO - [2025-03-24T23:33:08.743+0000] {dagbag.py:538} INFO - Filling up the DagBag from /home/airflow/.local/lib/python3.8/site-packages/airflow/example_dags/example_latest_only_with_trigger.py
[2025-03-24T23:33:08.745+0000] {processor.py:840} INFO - DAG(s) 'latest_only_with_trigger' retrieved from /home/airflow/.local/lib/python3.8/site-packages/airflow/example_dags/example_latest_only_with_trigger.py
[2025-03-24T23:33:08.755+0000] {logging_mixin.py:188} INFO - [2025-03-24T23:33:08.754+0000] {dag.py:3033} INFO - Sync 1 DAGs
[2025-03-24T23:33:08.763+0000] {logging_mixin.py:188} INFO - [2025-03-24T23:33:08.763+0000] {dag.py:3820} INFO - Setting next_dagrun for latest_only_with_trigger to 2025-03-24T16:00:00+00:00, run_after=2025-03-24T20:00:00+00:00
[2025-03-24T23:33:08.769+0000] {processor.py:183} INFO - Processing /home/airflow/.local/lib/python3.8/site-packages/airflow/example_dags/example_latest_only_with_trigger.py took 0.029 seconds
[2025-03-24T23:33:39.214+0000] {processor.py:161} INFO - Started process (PID=1073) to work on /home/airflow/.local/lib/python3.8/site-packages/airflow/example_dags/example_latest_only_with_trigger.py
[2025-03-24T23:33:39.215+0000] {processor.py:830} INFO - Processing file /home/airflow/.local/lib/python3.8/site-packages/airflow/example_dags/example_latest_only_with_trigger.py for tasks to queue
[2025-03-24T23:33:39.217+0000] {logging_mixin.py:188} INFO - [2025-03-24T23:33:39.216+0000] {dagbag.py:538} INFO - Filling up the DagBag from /home/airflow/.local/lib/python3.8/site-packages/airflow/example_dags/example_latest_only_with_trigger.py
[2025-03-24T23:33:39.220+0000] {processor.py:840} INFO - DAG(s) 'latest_only_with_trigger' retrieved from /home/airflow/.local/lib/python3.8/site-packages/airflow/example_dags/example_latest_only_with_trigger.py
[2025-03-24T23:33:39.230+0000] {logging_mixin.py:188} INFO - [2025-03-24T23:33:39.230+0000] {dag.py:3033} INFO - Sync 1 DAGs
[2025-03-24T23:33:39.242+0000] {logging_mixin.py:188} INFO - [2025-03-24T23:33:39.242+0000] {dag.py:3820} INFO - Setting next_dagrun for latest_only_with_trigger to 2025-03-24T16:00:00+00:00, run_after=2025-03-24T20:00:00+00:00
[2025-03-24T23:33:39.249+0000] {processor.py:183} INFO - Processing /home/airflow/.local/lib/python3.8/site-packages/airflow/example_dags/example_latest_only_with_trigger.py took 0.037 seconds
[2025-03-24T23:34:09.760+0000] {processor.py:161} INFO - Started process (PID=1128) to work on /home/airflow/.local/lib/python3.8/site-packages/airflow/example_dags/example_latest_only_with_trigger.py
[2025-03-24T23:34:09.761+0000] {processor.py:830} INFO - Processing file /home/airflow/.local/lib/python3.8/site-packages/airflow/example_dags/example_latest_only_with_trigger.py for tasks to queue
[2025-03-24T23:34:09.762+0000] {logging_mixin.py:188} INFO - [2025-03-24T23:34:09.762+0000] {dagbag.py:538} INFO - Filling up the DagBag from /home/airflow/.local/lib/python3.8/site-packages/airflow/example_dags/example_latest_only_with_trigger.py
[2025-03-24T23:34:09.765+0000] {processor.py:840} INFO - DAG(s) 'latest_only_with_trigger' retrieved from /home/airflow/.local/lib/python3.8/site-packages/airflow/example_dags/example_latest_only_with_trigger.py
[2025-03-24T23:34:09.775+0000] {logging_mixin.py:188} INFO - [2025-03-24T23:34:09.775+0000] {dag.py:3033} INFO - Sync 1 DAGs
[2025-03-24T23:34:09.785+0000] {logging_mixin.py:188} INFO - [2025-03-24T23:34:09.785+0000] {dag.py:3820} INFO - Setting next_dagrun for latest_only_with_trigger to 2025-03-24T16:00:00+00:00, run_after=2025-03-24T20:00:00+00:00
[2025-03-24T23:34:09.793+0000] {processor.py:183} INFO - Processing /home/airflow/.local/lib/python3.8/site-packages/airflow/example_dags/example_latest_only_with_trigger.py took 0.035 seconds
[2025-03-24T23:34:40.585+0000] {processor.py:161} INFO - Started process (PID=1183) to work on /home/airflow/.local/lib/python3.8/site-packages/airflow/example_dags/example_latest_only_with_trigger.py
[2025-03-24T23:34:40.586+0000] {processor.py:830} INFO - Processing file /home/airflow/.local/lib/python3.8/site-packages/airflow/example_dags/example_latest_only_with_trigger.py for tasks to queue
[2025-03-24T23:34:40.588+0000] {logging_mixin.py:188} INFO - [2025-03-24T23:34:40.588+0000] {dagbag.py:538} INFO - Filling up the DagBag from /home/airflow/.local/lib/python3.8/site-packages/airflow/example_dags/example_latest_only_with_trigger.py
[2025-03-24T23:34:40.591+0000] {processor.py:840} INFO - DAG(s) 'latest_only_with_trigger' retrieved from /home/airflow/.local/lib/python3.8/site-packages/airflow/example_dags/example_latest_only_with_trigger.py
[2025-03-24T23:34:40.603+0000] {logging_mixin.py:188} INFO - [2025-03-24T23:34:40.603+0000] {dag.py:3033} INFO - Sync 1 DAGs
[2025-03-24T23:34:40.617+0000] {logging_mixin.py:188} INFO - [2025-03-24T23:34:40.616+0000] {dag.py:3820} INFO - Setting next_dagrun for latest_only_with_trigger to 2025-03-24T16:00:00+00:00, run_after=2025-03-24T20:00:00+00:00
[2025-03-24T23:34:40.628+0000] {processor.py:183} INFO - Processing /home/airflow/.local/lib/python3.8/site-packages/airflow/example_dags/example_latest_only_with_trigger.py took 0.044 seconds
[2025-03-24T23:35:10.739+0000] {processor.py:161} INFO - Started process (PID=1238) to work on /home/airflow/.local/lib/python3.8/site-packages/airflow/example_dags/example_latest_only_with_trigger.py
[2025-03-24T23:35:10.740+0000] {processor.py:830} INFO - Processing file /home/airflow/.local/lib/python3.8/site-packages/airflow/example_dags/example_latest_only_with_trigger.py for tasks to queue
[2025-03-24T23:35:10.741+0000] {logging_mixin.py:188} INFO - [2025-03-24T23:35:10.741+0000] {dagbag.py:538} INFO - Filling up the DagBag from /home/airflow/.local/lib/python3.8/site-packages/airflow/example_dags/example_latest_only_with_trigger.py
[2025-03-24T23:35:10.744+0000] {processor.py:840} INFO - DAG(s) 'latest_only_with_trigger' retrieved from /home/airflow/.local/lib/python3.8/site-packages/airflow/example_dags/example_latest_only_with_trigger.py
[2025-03-24T23:35:10.755+0000] {logging_mixin.py:188} INFO - [2025-03-24T23:35:10.755+0000] {dag.py:3033} INFO - Sync 1 DAGs
[2025-03-24T23:35:10.766+0000] {logging_mixin.py:188} INFO - [2025-03-24T23:35:10.766+0000] {dag.py:3820} INFO - Setting next_dagrun for latest_only_with_trigger to 2025-03-24T16:00:00+00:00, run_after=2025-03-24T20:00:00+00:00
[2025-03-24T23:35:10.779+0000] {processor.py:183} INFO - Processing /home/airflow/.local/lib/python3.8/site-packages/airflow/example_dags/example_latest_only_with_trigger.py took 0.041 seconds
[2025-03-24T23:35:41.571+0000] {processor.py:161} INFO - Started process (PID=1293) to work on /home/airflow/.local/lib/python3.8/site-packages/airflow/example_dags/example_latest_only_with_trigger.py
[2025-03-24T23:35:41.572+0000] {processor.py:830} INFO - Processing file /home/airflow/.local/lib/python3.8/site-packages/airflow/example_dags/example_latest_only_with_trigger.py for tasks to queue
[2025-03-24T23:35:41.573+0000] {logging_mixin.py:188} INFO - [2025-03-24T23:35:41.573+0000] {dagbag.py:538} INFO - Filling up the DagBag from /home/airflow/.local/lib/python3.8/site-packages/airflow/example_dags/example_latest_only_with_trigger.py
[2025-03-24T23:35:41.575+0000] {processor.py:840} INFO - DAG(s) 'latest_only_with_trigger' retrieved from /home/airflow/.local/lib/python3.8/site-packages/airflow/example_dags/example_latest_only_with_trigger.py
[2025-03-24T23:35:41.585+0000] {logging_mixin.py:188} INFO - [2025-03-24T23:35:41.585+0000] {dag.py:3033} INFO - Sync 1 DAGs
[2025-03-24T23:35:41.593+0000] {logging_mixin.py:188} INFO - [2025-03-24T23:35:41.593+0000] {dag.py:3820} INFO - Setting next_dagrun for latest_only_with_trigger to 2025-03-24T16:00:00+00:00, run_after=2025-03-24T20:00:00+00:00
[2025-03-24T23:35:41.601+0000] {processor.py:183} INFO - Processing /home/airflow/.local/lib/python3.8/site-packages/airflow/example_dags/example_latest_only_with_trigger.py took 0.031 seconds
[2025-03-24T23:36:12.187+0000] {processor.py:161} INFO - Started process (PID=1348) to work on /home/airflow/.local/lib/python3.8/site-packages/airflow/example_dags/example_latest_only_with_trigger.py
[2025-03-24T23:36:12.188+0000] {processor.py:830} INFO - Processing file /home/airflow/.local/lib/python3.8/site-packages/airflow/example_dags/example_latest_only_with_trigger.py for tasks to queue
[2025-03-24T23:36:12.190+0000] {logging_mixin.py:188} INFO - [2025-03-24T23:36:12.190+0000] {dagbag.py:538} INFO - Filling up the DagBag from /home/airflow/.local/lib/python3.8/site-packages/airflow/example_dags/example_latest_only_with_trigger.py
[2025-03-24T23:36:12.192+0000] {processor.py:840} INFO - DAG(s) 'latest_only_with_trigger' retrieved from /home/airflow/.local/lib/python3.8/site-packages/airflow/example_dags/example_latest_only_with_trigger.py
[2025-03-24T23:36:12.201+0000] {logging_mixin.py:188} INFO - [2025-03-24T23:36:12.201+0000] {dag.py:3033} INFO - Sync 1 DAGs
[2025-03-24T23:36:12.209+0000] {logging_mixin.py:188} INFO - [2025-03-24T23:36:12.209+0000] {dag.py:3820} INFO - Setting next_dagrun for latest_only_with_trigger to 2025-03-24T16:00:00+00:00, run_after=2025-03-24T20:00:00+00:00
[2025-03-24T23:36:12.219+0000] {processor.py:183} INFO - Processing /home/airflow/.local/lib/python3.8/site-packages/airflow/example_dags/example_latest_only_with_trigger.py took 0.033 seconds
[2025-03-24T23:36:42.942+0000] {processor.py:161} INFO - Started process (PID=1403) to work on /home/airflow/.local/lib/python3.8/site-packages/airflow/example_dags/example_latest_only_with_trigger.py
[2025-03-24T23:36:42.945+0000] {processor.py:830} INFO - Processing file /home/airflow/.local/lib/python3.8/site-packages/airflow/example_dags/example_latest_only_with_trigger.py for tasks to queue
[2025-03-24T23:36:42.947+0000] {logging_mixin.py:188} INFO - [2025-03-24T23:36:42.947+0000] {dagbag.py:538} INFO - Filling up the DagBag from /home/airflow/.local/lib/python3.8/site-packages/airflow/example_dags/example_latest_only_with_trigger.py
[2025-03-24T23:36:42.950+0000] {processor.py:840} INFO - DAG(s) 'latest_only_with_trigger' retrieved from /home/airflow/.local/lib/python3.8/site-packages/airflow/example_dags/example_latest_only_with_trigger.py
[2025-03-24T23:36:42.961+0000] {logging_mixin.py:188} INFO - [2025-03-24T23:36:42.961+0000] {dag.py:3033} INFO - Sync 1 DAGs
[2025-03-24T23:36:42.970+0000] {logging_mixin.py:188} INFO - [2025-03-24T23:36:42.970+0000] {dag.py:3820} INFO - Setting next_dagrun for latest_only_with_trigger to 2025-03-24T16:00:00+00:00, run_after=2025-03-24T20:00:00+00:00
[2025-03-24T23:36:42.977+0000] {processor.py:183} INFO - Processing /home/airflow/.local/lib/python3.8/site-packages/airflow/example_dags/example_latest_only_with_trigger.py took 0.036 seconds
[2025-03-24T23:37:13.822+0000] {processor.py:161} INFO - Started process (PID=1458) to work on /home/airflow/.local/lib/python3.8/site-packages/airflow/example_dags/example_latest_only_with_trigger.py
[2025-03-24T23:37:13.823+0000] {processor.py:830} INFO - Processing file /home/airflow/.local/lib/python3.8/site-packages/airflow/example_dags/example_latest_only_with_trigger.py for tasks to queue
[2025-03-24T23:37:13.824+0000] {logging_mixin.py:188} INFO - [2025-03-24T23:37:13.823+0000] {dagbag.py:538} INFO - Filling up the DagBag from /home/airflow/.local/lib/python3.8/site-packages/airflow/example_dags/example_latest_only_with_trigger.py
[2025-03-24T23:37:13.826+0000] {processor.py:840} INFO - DAG(s) 'latest_only_with_trigger' retrieved from /home/airflow/.local/lib/python3.8/site-packages/airflow/example_dags/example_latest_only_with_trigger.py
[2025-03-24T23:37:13.837+0000] {logging_mixin.py:188} INFO - [2025-03-24T23:37:13.837+0000] {dag.py:3033} INFO - Sync 1 DAGs
[2025-03-24T23:37:13.846+0000] {logging_mixin.py:188} INFO - [2025-03-24T23:37:13.846+0000] {dag.py:3820} INFO - Setting next_dagrun for latest_only_with_trigger to 2025-03-24T16:00:00+00:00, run_after=2025-03-24T20:00:00+00:00
[2025-03-24T23:37:13.856+0000] {processor.py:183} INFO - Processing /home/airflow/.local/lib/python3.8/site-packages/airflow/example_dags/example_latest_only_with_trigger.py took 0.035 seconds
[2025-03-24T23:37:44.683+0000] {processor.py:161} INFO - Started process (PID=1513) to work on /home/airflow/.local/lib/python3.8/site-packages/airflow/example_dags/example_latest_only_with_trigger.py
[2025-03-24T23:37:44.683+0000] {processor.py:830} INFO - Processing file /home/airflow/.local/lib/python3.8/site-packages/airflow/example_dags/example_latest_only_with_trigger.py for tasks to queue
[2025-03-24T23:37:44.684+0000] {logging_mixin.py:188} INFO - [2025-03-24T23:37:44.684+0000] {dagbag.py:538} INFO - Filling up the DagBag from /home/airflow/.local/lib/python3.8/site-packages/airflow/example_dags/example_latest_only_with_trigger.py
[2025-03-24T23:37:44.686+0000] {processor.py:840} INFO - DAG(s) 'latest_only_with_trigger' retrieved from /home/airflow/.local/lib/python3.8/site-packages/airflow/example_dags/example_latest_only_with_trigger.py
[2025-03-24T23:37:44.697+0000] {logging_mixin.py:188} INFO - [2025-03-24T23:37:44.697+0000] {dag.py:3033} INFO - Sync 1 DAGs
[2025-03-24T23:37:44.705+0000] {logging_mixin.py:188} INFO - [2025-03-24T23:37:44.705+0000] {dag.py:3820} INFO - Setting next_dagrun for latest_only_with_trigger to 2025-03-24T16:00:00+00:00, run_after=2025-03-24T20:00:00+00:00
[2025-03-24T23:37:44.714+0000] {processor.py:183} INFO - Processing /home/airflow/.local/lib/python3.8/site-packages/airflow/example_dags/example_latest_only_with_trigger.py took 0.032 seconds
[2025-03-24T23:38:15.378+0000] {processor.py:161} INFO - Started process (PID=1568) to work on /home/airflow/.local/lib/python3.8/site-packages/airflow/example_dags/example_latest_only_with_trigger.py
[2025-03-24T23:38:15.379+0000] {processor.py:830} INFO - Processing file /home/airflow/.local/lib/python3.8/site-packages/airflow/example_dags/example_latest_only_with_trigger.py for tasks to queue
[2025-03-24T23:38:15.381+0000] {logging_mixin.py:188} INFO - [2025-03-24T23:38:15.381+0000] {dagbag.py:538} INFO - Filling up the DagBag from /home/airflow/.local/lib/python3.8/site-packages/airflow/example_dags/example_latest_only_with_trigger.py
[2025-03-24T23:38:15.383+0000] {processor.py:840} INFO - DAG(s) 'latest_only_with_trigger' retrieved from /home/airflow/.local/lib/python3.8/site-packages/airflow/example_dags/example_latest_only_with_trigger.py
[2025-03-24T23:38:15.397+0000] {logging_mixin.py:188} INFO - [2025-03-24T23:38:15.397+0000] {dag.py:3033} INFO - Sync 1 DAGs
[2025-03-24T23:38:15.405+0000] {logging_mixin.py:188} INFO - [2025-03-24T23:38:15.405+0000] {dag.py:3820} INFO - Setting next_dagrun for latest_only_with_trigger to 2025-03-24T16:00:00+00:00, run_after=2025-03-24T20:00:00+00:00
[2025-03-24T23:38:15.413+0000] {processor.py:183} INFO - Processing /home/airflow/.local/lib/python3.8/site-packages/airflow/example_dags/example_latest_only_with_trigger.py took 0.037 seconds
[2025-03-24T23:38:46.093+0000] {processor.py:161} INFO - Started process (PID=1623) to work on /home/airflow/.local/lib/python3.8/site-packages/airflow/example_dags/example_latest_only_with_trigger.py
[2025-03-24T23:38:46.096+0000] {processor.py:830} INFO - Processing file /home/airflow/.local/lib/python3.8/site-packages/airflow/example_dags/example_latest_only_with_trigger.py for tasks to queue
[2025-03-24T23:38:46.097+0000] {logging_mixin.py:188} INFO - [2025-03-24T23:38:46.097+0000] {dagbag.py:538} INFO - Filling up the DagBag from /home/airflow/.local/lib/python3.8/site-packages/airflow/example_dags/example_latest_only_with_trigger.py
[2025-03-24T23:38:46.101+0000] {processor.py:840} INFO - DAG(s) 'latest_only_with_trigger' retrieved from /home/airflow/.local/lib/python3.8/site-packages/airflow/example_dags/example_latest_only_with_trigger.py
[2025-03-24T23:38:46.111+0000] {logging_mixin.py:188} INFO - [2025-03-24T23:38:46.111+0000] {dag.py:3033} INFO - Sync 1 DAGs
[2025-03-24T23:38:46.122+0000] {logging_mixin.py:188} INFO - [2025-03-24T23:38:46.122+0000] {dag.py:3820} INFO - Setting next_dagrun for latest_only_with_trigger to 2025-03-24T16:00:00+00:00, run_after=2025-03-24T20:00:00+00:00
[2025-03-24T23:38:46.133+0000] {processor.py:183} INFO - Processing /home/airflow/.local/lib/python3.8/site-packages/airflow/example_dags/example_latest_only_with_trigger.py took 0.041 seconds
[2025-03-24T23:39:17.027+0000] {processor.py:161} INFO - Started process (PID=1678) to work on /home/airflow/.local/lib/python3.8/site-packages/airflow/example_dags/example_latest_only_with_trigger.py
[2025-03-24T23:39:17.029+0000] {processor.py:830} INFO - Processing file /home/airflow/.local/lib/python3.8/site-packages/airflow/example_dags/example_latest_only_with_trigger.py for tasks to queue
[2025-03-24T23:39:17.030+0000] {logging_mixin.py:188} INFO - [2025-03-24T23:39:17.030+0000] {dagbag.py:538} INFO - Filling up the DagBag from /home/airflow/.local/lib/python3.8/site-packages/airflow/example_dags/example_latest_only_with_trigger.py
[2025-03-24T23:39:17.032+0000] {processor.py:840} INFO - DAG(s) 'latest_only_with_trigger' retrieved from /home/airflow/.local/lib/python3.8/site-packages/airflow/example_dags/example_latest_only_with_trigger.py
[2025-03-24T23:39:17.043+0000] {logging_mixin.py:188} INFO - [2025-03-24T23:39:17.043+0000] {dag.py:3033} INFO - Sync 1 DAGs
[2025-03-24T23:39:17.055+0000] {logging_mixin.py:188} INFO - [2025-03-24T23:39:17.055+0000] {dag.py:3820} INFO - Setting next_dagrun for latest_only_with_trigger to 2025-03-24T16:00:00+00:00, run_after=2025-03-24T20:00:00+00:00
[2025-03-24T23:39:17.068+0000] {processor.py:183} INFO - Processing /home/airflow/.local/lib/python3.8/site-packages/airflow/example_dags/example_latest_only_with_trigger.py took 0.043 seconds
[2025-03-24T23:39:47.814+0000] {processor.py:161} INFO - Started process (PID=1733) to work on /home/airflow/.local/lib/python3.8/site-packages/airflow/example_dags/example_latest_only_with_trigger.py
[2025-03-24T23:39:47.815+0000] {processor.py:830} INFO - Processing file /home/airflow/.local/lib/python3.8/site-packages/airflow/example_dags/example_latest_only_with_trigger.py for tasks to queue
[2025-03-24T23:39:47.817+0000] {logging_mixin.py:188} INFO - [2025-03-24T23:39:47.817+0000] {dagbag.py:538} INFO - Filling up the DagBag from /home/airflow/.local/lib/python3.8/site-packages/airflow/example_dags/example_latest_only_with_trigger.py
[2025-03-24T23:39:47.820+0000] {processor.py:840} INFO - DAG(s) 'latest_only_with_trigger' retrieved from /home/airflow/.local/lib/python3.8/site-packages/airflow/example_dags/example_latest_only_with_trigger.py
[2025-03-24T23:39:47.829+0000] {logging_mixin.py:188} INFO - [2025-03-24T23:39:47.829+0000] {dag.py:3033} INFO - Sync 1 DAGs
[2025-03-24T23:39:47.837+0000] {logging_mixin.py:188} INFO - [2025-03-24T23:39:47.837+0000] {dag.py:3820} INFO - Setting next_dagrun for latest_only_with_trigger to 2025-03-24T16:00:00+00:00, run_after=2025-03-24T20:00:00+00:00
[2025-03-24T23:39:47.845+0000] {processor.py:183} INFO - Processing /home/airflow/.local/lib/python3.8/site-packages/airflow/example_dags/example_latest_only_with_trigger.py took 0.032 seconds
[2025-03-24T23:40:18.376+0000] {processor.py:161} INFO - Started process (PID=1788) to work on /home/airflow/.local/lib/python3.8/site-packages/airflow/example_dags/example_latest_only_with_trigger.py
[2025-03-24T23:40:18.377+0000] {processor.py:830} INFO - Processing file /home/airflow/.local/lib/python3.8/site-packages/airflow/example_dags/example_latest_only_with_trigger.py for tasks to queue
[2025-03-24T23:40:18.378+0000] {logging_mixin.py:188} INFO - [2025-03-24T23:40:18.378+0000] {dagbag.py:538} INFO - Filling up the DagBag from /home/airflow/.local/lib/python3.8/site-packages/airflow/example_dags/example_latest_only_with_trigger.py
[2025-03-24T23:40:18.381+0000] {processor.py:840} INFO - DAG(s) 'latest_only_with_trigger' retrieved from /home/airflow/.local/lib/python3.8/site-packages/airflow/example_dags/example_latest_only_with_trigger.py
[2025-03-24T23:40:18.389+0000] {logging_mixin.py:188} INFO - [2025-03-24T23:40:18.389+0000] {dag.py:3033} INFO - Sync 1 DAGs
[2025-03-24T23:40:18.398+0000] {logging_mixin.py:188} INFO - [2025-03-24T23:40:18.397+0000] {dag.py:3820} INFO - Setting next_dagrun for latest_only_with_trigger to 2025-03-24T16:00:00+00:00, run_after=2025-03-24T20:00:00+00:00
[2025-03-24T23:40:18.405+0000] {processor.py:183} INFO - Processing /home/airflow/.local/lib/python3.8/site-packages/airflow/example_dags/example_latest_only_with_trigger.py took 0.031 seconds
[2025-03-24T23:40:48.939+0000] {processor.py:161} INFO - Started process (PID=1843) to work on /home/airflow/.local/lib/python3.8/site-packages/airflow/example_dags/example_latest_only_with_trigger.py
[2025-03-24T23:40:48.940+0000] {processor.py:830} INFO - Processing file /home/airflow/.local/lib/python3.8/site-packages/airflow/example_dags/example_latest_only_with_trigger.py for tasks to queue
[2025-03-24T23:40:48.941+0000] {logging_mixin.py:188} INFO - [2025-03-24T23:40:48.941+0000] {dagbag.py:538} INFO - Filling up the DagBag from /home/airflow/.local/lib/python3.8/site-packages/airflow/example_dags/example_latest_only_with_trigger.py
[2025-03-24T23:40:48.943+0000] {processor.py:840} INFO - DAG(s) 'latest_only_with_trigger' retrieved from /home/airflow/.local/lib/python3.8/site-packages/airflow/example_dags/example_latest_only_with_trigger.py
[2025-03-24T23:40:48.951+0000] {logging_mixin.py:188} INFO - [2025-03-24T23:40:48.951+0000] {dag.py:3033} INFO - Sync 1 DAGs
[2025-03-24T23:40:48.959+0000] {logging_mixin.py:188} INFO - [2025-03-24T23:40:48.959+0000] {dag.py:3820} INFO - Setting next_dagrun for latest_only_with_trigger to 2025-03-24T16:00:00+00:00, run_after=2025-03-24T20:00:00+00:00
[2025-03-24T23:40:48.965+0000] {processor.py:183} INFO - Processing /home/airflow/.local/lib/python3.8/site-packages/airflow/example_dags/example_latest_only_with_trigger.py took 0.027 seconds
[2025-03-24T23:41:19.570+0000] {processor.py:161} INFO - Started process (PID=1898) to work on /home/airflow/.local/lib/python3.8/site-packages/airflow/example_dags/example_latest_only_with_trigger.py
[2025-03-24T23:41:19.575+0000] {processor.py:830} INFO - Processing file /home/airflow/.local/lib/python3.8/site-packages/airflow/example_dags/example_latest_only_with_trigger.py for tasks to queue
[2025-03-24T23:41:19.578+0000] {logging_mixin.py:188} INFO - [2025-03-24T23:41:19.578+0000] {dagbag.py:538} INFO - Filling up the DagBag from /home/airflow/.local/lib/python3.8/site-packages/airflow/example_dags/example_latest_only_with_trigger.py
[2025-03-24T23:41:19.581+0000] {processor.py:840} INFO - DAG(s) 'latest_only_with_trigger' retrieved from /home/airflow/.local/lib/python3.8/site-packages/airflow/example_dags/example_latest_only_with_trigger.py
[2025-03-24T23:41:19.590+0000] {logging_mixin.py:188} INFO - [2025-03-24T23:41:19.590+0000] {dag.py:3033} INFO - Sync 1 DAGs
[2025-03-24T23:41:19.598+0000] {logging_mixin.py:188} INFO - [2025-03-24T23:41:19.598+0000] {dag.py:3820} INFO - Setting next_dagrun for latest_only_with_trigger to 2025-03-24T16:00:00+00:00, run_after=2025-03-24T20:00:00+00:00
[2025-03-24T23:41:19.608+0000] {processor.py:183} INFO - Processing /home/airflow/.local/lib/python3.8/site-packages/airflow/example_dags/example_latest_only_with_trigger.py took 0.040 seconds
[2025-03-24T23:41:50.197+0000] {processor.py:161} INFO - Started process (PID=1953) to work on /home/airflow/.local/lib/python3.8/site-packages/airflow/example_dags/example_latest_only_with_trigger.py
[2025-03-24T23:41:50.199+0000] {processor.py:830} INFO - Processing file /home/airflow/.local/lib/python3.8/site-packages/airflow/example_dags/example_latest_only_with_trigger.py for tasks to queue
[2025-03-24T23:41:50.200+0000] {logging_mixin.py:188} INFO - [2025-03-24T23:41:50.200+0000] {dagbag.py:538} INFO - Filling up the DagBag from /home/airflow/.local/lib/python3.8/site-packages/airflow/example_dags/example_latest_only_with_trigger.py
[2025-03-24T23:41:50.202+0000] {processor.py:840} INFO - DAG(s) 'latest_only_with_trigger' retrieved from /home/airflow/.local/lib/python3.8/site-packages/airflow/example_dags/example_latest_only_with_trigger.py
[2025-03-24T23:41:50.211+0000] {logging_mixin.py:188} INFO - [2025-03-24T23:41:50.211+0000] {dag.py:3033} INFO - Sync 1 DAGs
[2025-03-24T23:41:50.221+0000] {logging_mixin.py:188} INFO - [2025-03-24T23:41:50.221+0000] {dag.py:3820} INFO - Setting next_dagrun for latest_only_with_trigger to 2025-03-24T16:00:00+00:00, run_after=2025-03-24T20:00:00+00:00
[2025-03-24T23:41:50.231+0000] {processor.py:183} INFO - Processing /home/airflow/.local/lib/python3.8/site-packages/airflow/example_dags/example_latest_only_with_trigger.py took 0.035 seconds
[2025-03-24T23:42:20.756+0000] {processor.py:161} INFO - Started process (PID=2008) to work on /home/airflow/.local/lib/python3.8/site-packages/airflow/example_dags/example_latest_only_with_trigger.py
[2025-03-24T23:42:20.758+0000] {processor.py:830} INFO - Processing file /home/airflow/.local/lib/python3.8/site-packages/airflow/example_dags/example_latest_only_with_trigger.py for tasks to queue
[2025-03-24T23:42:20.759+0000] {logging_mixin.py:188} INFO - [2025-03-24T23:42:20.759+0000] {dagbag.py:538} INFO - Filling up the DagBag from /home/airflow/.local/lib/python3.8/site-packages/airflow/example_dags/example_latest_only_with_trigger.py
[2025-03-24T23:42:20.761+0000] {processor.py:840} INFO - DAG(s) 'latest_only_with_trigger' retrieved from /home/airflow/.local/lib/python3.8/site-packages/airflow/example_dags/example_latest_only_with_trigger.py
[2025-03-24T23:42:20.772+0000] {logging_mixin.py:188} INFO - [2025-03-24T23:42:20.772+0000] {dag.py:3033} INFO - Sync 1 DAGs
[2025-03-24T23:42:20.783+0000] {logging_mixin.py:188} INFO - [2025-03-24T23:42:20.783+0000] {dag.py:3820} INFO - Setting next_dagrun for latest_only_with_trigger to 2025-03-24T16:00:00+00:00, run_after=2025-03-24T20:00:00+00:00
[2025-03-24T23:42:20.790+0000] {processor.py:183} INFO - Processing /home/airflow/.local/lib/python3.8/site-packages/airflow/example_dags/example_latest_only_with_trigger.py took 0.035 seconds
[2025-03-24T23:42:51.220+0000] {processor.py:161} INFO - Started process (PID=2063) to work on /home/airflow/.local/lib/python3.8/site-packages/airflow/example_dags/example_latest_only_with_trigger.py
[2025-03-24T23:42:51.222+0000] {processor.py:830} INFO - Processing file /home/airflow/.local/lib/python3.8/site-packages/airflow/example_dags/example_latest_only_with_trigger.py for tasks to queue
[2025-03-24T23:42:51.223+0000] {logging_mixin.py:188} INFO - [2025-03-24T23:42:51.223+0000] {dagbag.py:538} INFO - Filling up the DagBag from /home/airflow/.local/lib/python3.8/site-packages/airflow/example_dags/example_latest_only_with_trigger.py
[2025-03-24T23:42:51.226+0000] {processor.py:840} INFO - DAG(s) 'latest_only_with_trigger' retrieved from /home/airflow/.local/lib/python3.8/site-packages/airflow/example_dags/example_latest_only_with_trigger.py
[2025-03-24T23:42:51.238+0000] {logging_mixin.py:188} INFO - [2025-03-24T23:42:51.238+0000] {dag.py:3033} INFO - Sync 1 DAGs
[2025-03-24T23:42:51.247+0000] {logging_mixin.py:188} INFO - [2025-03-24T23:42:51.247+0000] {dag.py:3820} INFO - Setting next_dagrun for latest_only_with_trigger to 2025-03-24T16:00:00+00:00, run_after=2025-03-24T20:00:00+00:00
[2025-03-24T23:42:51.254+0000] {processor.py:183} INFO - Processing /home/airflow/.local/lib/python3.8/site-packages/airflow/example_dags/example_latest_only_with_trigger.py took 0.036 seconds
[2025-03-24T23:43:21.771+0000] {processor.py:161} INFO - Started process (PID=2118) to work on /home/airflow/.local/lib/python3.8/site-packages/airflow/example_dags/example_latest_only_with_trigger.py
[2025-03-24T23:43:21.771+0000] {processor.py:830} INFO - Processing file /home/airflow/.local/lib/python3.8/site-packages/airflow/example_dags/example_latest_only_with_trigger.py for tasks to queue
[2025-03-24T23:43:21.772+0000] {logging_mixin.py:188} INFO - [2025-03-24T23:43:21.772+0000] {dagbag.py:538} INFO - Filling up the DagBag from /home/airflow/.local/lib/python3.8/site-packages/airflow/example_dags/example_latest_only_with_trigger.py
[2025-03-24T23:43:21.775+0000] {processor.py:840} INFO - DAG(s) 'latest_only_with_trigger' retrieved from /home/airflow/.local/lib/python3.8/site-packages/airflow/example_dags/example_latest_only_with_trigger.py
[2025-03-24T23:43:21.784+0000] {logging_mixin.py:188} INFO - [2025-03-24T23:43:21.784+0000] {dag.py:3033} INFO - Sync 1 DAGs
[2025-03-24T23:43:21.792+0000] {logging_mixin.py:188} INFO - [2025-03-24T23:43:21.792+0000] {dag.py:3820} INFO - Setting next_dagrun for latest_only_with_trigger to 2025-03-24T16:00:00+00:00, run_after=2025-03-24T20:00:00+00:00
[2025-03-24T23:43:21.800+0000] {processor.py:183} INFO - Processing /home/airflow/.local/lib/python3.8/site-packages/airflow/example_dags/example_latest_only_with_trigger.py took 0.031 seconds
[2025-03-24T23:43:52.443+0000] {processor.py:161} INFO - Started process (PID=2173) to work on /home/airflow/.local/lib/python3.8/site-packages/airflow/example_dags/example_latest_only_with_trigger.py
[2025-03-24T23:43:52.446+0000] {processor.py:830} INFO - Processing file /home/airflow/.local/lib/python3.8/site-packages/airflow/example_dags/example_latest_only_with_trigger.py for tasks to queue
[2025-03-24T23:43:52.448+0000] {logging_mixin.py:188} INFO - [2025-03-24T23:43:52.447+0000] {dagbag.py:538} INFO - Filling up the DagBag from /home/airflow/.local/lib/python3.8/site-packages/airflow/example_dags/example_latest_only_with_trigger.py
[2025-03-24T23:43:52.450+0000] {processor.py:840} INFO - DAG(s) 'latest_only_with_trigger' retrieved from /home/airflow/.local/lib/python3.8/site-packages/airflow/example_dags/example_latest_only_with_trigger.py
[2025-03-24T23:43:52.459+0000] {logging_mixin.py:188} INFO - [2025-03-24T23:43:52.459+0000] {dag.py:3033} INFO - Sync 1 DAGs
[2025-03-24T23:43:52.467+0000] {logging_mixin.py:188} INFO - [2025-03-24T23:43:52.467+0000] {dag.py:3820} INFO - Setting next_dagrun for latest_only_with_trigger to 2025-03-24T16:00:00+00:00, run_after=2025-03-24T20:00:00+00:00
[2025-03-24T23:43:52.475+0000] {processor.py:183} INFO - Processing /home/airflow/.local/lib/python3.8/site-packages/airflow/example_dags/example_latest_only_with_trigger.py took 0.034 seconds
[2025-03-24T23:44:23.107+0000] {processor.py:161} INFO - Started process (PID=2228) to work on /home/airflow/.local/lib/python3.8/site-packages/airflow/example_dags/example_latest_only_with_trigger.py
[2025-03-24T23:44:23.109+0000] {processor.py:830} INFO - Processing file /home/airflow/.local/lib/python3.8/site-packages/airflow/example_dags/example_latest_only_with_trigger.py for tasks to queue
[2025-03-24T23:44:23.110+0000] {logging_mixin.py:188} INFO - [2025-03-24T23:44:23.110+0000] {dagbag.py:538} INFO - Filling up the DagBag from /home/airflow/.local/lib/python3.8/site-packages/airflow/example_dags/example_latest_only_with_trigger.py
[2025-03-24T23:44:23.113+0000] {processor.py:840} INFO - DAG(s) 'latest_only_with_trigger' retrieved from /home/airflow/.local/lib/python3.8/site-packages/airflow/example_dags/example_latest_only_with_trigger.py
[2025-03-24T23:44:23.122+0000] {logging_mixin.py:188} INFO - [2025-03-24T23:44:23.121+0000] {dag.py:3033} INFO - Sync 1 DAGs
[2025-03-24T23:44:23.131+0000] {logging_mixin.py:188} INFO - [2025-03-24T23:44:23.131+0000] {dag.py:3820} INFO - Setting next_dagrun for latest_only_with_trigger to 2025-03-24T16:00:00+00:00, run_after=2025-03-24T20:00:00+00:00
[2025-03-24T23:44:23.138+0000] {processor.py:183} INFO - Processing /home/airflow/.local/lib/python3.8/site-packages/airflow/example_dags/example_latest_only_with_trigger.py took 0.033 seconds
[2025-03-24T23:44:53.782+0000] {processor.py:161} INFO - Started process (PID=2283) to work on /home/airflow/.local/lib/python3.8/site-packages/airflow/example_dags/example_latest_only_with_trigger.py
[2025-03-24T23:44:53.784+0000] {processor.py:830} INFO - Processing file /home/airflow/.local/lib/python3.8/site-packages/airflow/example_dags/example_latest_only_with_trigger.py for tasks to queue
[2025-03-24T23:44:53.785+0000] {logging_mixin.py:188} INFO - [2025-03-24T23:44:53.785+0000] {dagbag.py:538} INFO - Filling up the DagBag from /home/airflow/.local/lib/python3.8/site-packages/airflow/example_dags/example_latest_only_with_trigger.py
[2025-03-24T23:44:53.787+0000] {processor.py:840} INFO - DAG(s) 'latest_only_with_trigger' retrieved from /home/airflow/.local/lib/python3.8/site-packages/airflow/example_dags/example_latest_only_with_trigger.py
[2025-03-24T23:44:53.796+0000] {logging_mixin.py:188} INFO - [2025-03-24T23:44:53.796+0000] {dag.py:3033} INFO - Sync 1 DAGs
[2025-03-24T23:44:53.806+0000] {logging_mixin.py:188} INFO - [2025-03-24T23:44:53.806+0000] {dag.py:3820} INFO - Setting next_dagrun for latest_only_with_trigger to 2025-03-24T16:00:00+00:00, run_after=2025-03-24T20:00:00+00:00
[2025-03-24T23:44:53.813+0000] {processor.py:183} INFO - Processing /home/airflow/.local/lib/python3.8/site-packages/airflow/example_dags/example_latest_only_with_trigger.py took 0.032 seconds
[2025-03-24T23:45:24.252+0000] {processor.py:161} INFO - Started process (PID=2338) to work on /home/airflow/.local/lib/python3.8/site-packages/airflow/example_dags/example_latest_only_with_trigger.py
[2025-03-24T23:45:24.255+0000] {processor.py:830} INFO - Processing file /home/airflow/.local/lib/python3.8/site-packages/airflow/example_dags/example_latest_only_with_trigger.py for tasks to queue
[2025-03-24T23:45:24.257+0000] {logging_mixin.py:188} INFO - [2025-03-24T23:45:24.257+0000] {dagbag.py:538} INFO - Filling up the DagBag from /home/airflow/.local/lib/python3.8/site-packages/airflow/example_dags/example_latest_only_with_trigger.py
[2025-03-24T23:45:24.259+0000] {processor.py:840} INFO - DAG(s) 'latest_only_with_trigger' retrieved from /home/airflow/.local/lib/python3.8/site-packages/airflow/example_dags/example_latest_only_with_trigger.py
[2025-03-24T23:45:24.268+0000] {logging_mixin.py:188} INFO - [2025-03-24T23:45:24.268+0000] {dag.py:3033} INFO - Sync 1 DAGs
[2025-03-24T23:45:24.277+0000] {logging_mixin.py:188} INFO - [2025-03-24T23:45:24.277+0000] {dag.py:3820} INFO - Setting next_dagrun for latest_only_with_trigger to 2025-03-24T16:00:00+00:00, run_after=2025-03-24T20:00:00+00:00
[2025-03-24T23:45:24.284+0000] {processor.py:183} INFO - Processing /home/airflow/.local/lib/python3.8/site-packages/airflow/example_dags/example_latest_only_with_trigger.py took 0.033 seconds
[2025-03-24T23:45:54.875+0000] {processor.py:161} INFO - Started process (PID=2392) to work on /home/airflow/.local/lib/python3.8/site-packages/airflow/example_dags/example_latest_only_with_trigger.py
[2025-03-24T23:45:54.875+0000] {processor.py:830} INFO - Processing file /home/airflow/.local/lib/python3.8/site-packages/airflow/example_dags/example_latest_only_with_trigger.py for tasks to queue
[2025-03-24T23:45:54.879+0000] {logging_mixin.py:188} INFO - [2025-03-24T23:45:54.879+0000] {dagbag.py:538} INFO - Filling up the DagBag from /home/airflow/.local/lib/python3.8/site-packages/airflow/example_dags/example_latest_only_with_trigger.py
[2025-03-24T23:45:54.881+0000] {processor.py:840} INFO - DAG(s) 'latest_only_with_trigger' retrieved from /home/airflow/.local/lib/python3.8/site-packages/airflow/example_dags/example_latest_only_with_trigger.py
[2025-03-24T23:45:54.890+0000] {logging_mixin.py:188} INFO - [2025-03-24T23:45:54.890+0000] {dag.py:3033} INFO - Sync 1 DAGs
[2025-03-24T23:45:54.899+0000] {logging_mixin.py:188} INFO - [2025-03-24T23:45:54.899+0000] {dag.py:3820} INFO - Setting next_dagrun for latest_only_with_trigger to 2025-03-24T16:00:00+00:00, run_after=2025-03-24T20:00:00+00:00
[2025-03-24T23:45:54.906+0000] {processor.py:183} INFO - Processing /home/airflow/.local/lib/python3.8/site-packages/airflow/example_dags/example_latest_only_with_trigger.py took 0.033 seconds
[2025-03-24T23:46:25.779+0000] {processor.py:161} INFO - Started process (PID=2447) to work on /home/airflow/.local/lib/python3.8/site-packages/airflow/example_dags/example_latest_only_with_trigger.py
[2025-03-24T23:46:25.781+0000] {processor.py:830} INFO - Processing file /home/airflow/.local/lib/python3.8/site-packages/airflow/example_dags/example_latest_only_with_trigger.py for tasks to queue
[2025-03-24T23:46:25.782+0000] {logging_mixin.py:188} INFO - [2025-03-24T23:46:25.782+0000] {dagbag.py:538} INFO - Filling up the DagBag from /home/airflow/.local/lib/python3.8/site-packages/airflow/example_dags/example_latest_only_with_trigger.py
[2025-03-24T23:46:25.785+0000] {processor.py:840} INFO - DAG(s) 'latest_only_with_trigger' retrieved from /home/airflow/.local/lib/python3.8/site-packages/airflow/example_dags/example_latest_only_with_trigger.py
[2025-03-24T23:46:25.794+0000] {logging_mixin.py:188} INFO - [2025-03-24T23:46:25.794+0000] {dag.py:3033} INFO - Sync 1 DAGs
[2025-03-24T23:46:25.802+0000] {logging_mixin.py:188} INFO - [2025-03-24T23:46:25.802+0000] {dag.py:3820} INFO - Setting next_dagrun for latest_only_with_trigger to 2025-03-24T16:00:00+00:00, run_after=2025-03-24T20:00:00+00:00
[2025-03-24T23:46:25.808+0000] {processor.py:183} INFO - Processing /home/airflow/.local/lib/python3.8/site-packages/airflow/example_dags/example_latest_only_with_trigger.py took 0.030 seconds
[2025-03-24T23:46:56.680+0000] {processor.py:161} INFO - Started process (PID=2502) to work on /home/airflow/.local/lib/python3.8/site-packages/airflow/example_dags/example_latest_only_with_trigger.py
[2025-03-24T23:46:56.682+0000] {processor.py:830} INFO - Processing file /home/airflow/.local/lib/python3.8/site-packages/airflow/example_dags/example_latest_only_with_trigger.py for tasks to queue
[2025-03-24T23:46:56.683+0000] {logging_mixin.py:188} INFO - [2025-03-24T23:46:56.683+0000] {dagbag.py:538} INFO - Filling up the DagBag from /home/airflow/.local/lib/python3.8/site-packages/airflow/example_dags/example_latest_only_with_trigger.py
[2025-03-24T23:46:56.686+0000] {processor.py:840} INFO - DAG(s) 'latest_only_with_trigger' retrieved from /home/airflow/.local/lib/python3.8/site-packages/airflow/example_dags/example_latest_only_with_trigger.py
[2025-03-24T23:46:56.695+0000] {logging_mixin.py:188} INFO - [2025-03-24T23:46:56.695+0000] {dag.py:3033} INFO - Sync 1 DAGs
[2025-03-24T23:46:56.704+0000] {logging_mixin.py:188} INFO - [2025-03-24T23:46:56.704+0000] {dag.py:3820} INFO - Setting next_dagrun for latest_only_with_trigger to 2025-03-24T16:00:00+00:00, run_after=2025-03-24T20:00:00+00:00
[2025-03-24T23:46:56.712+0000] {processor.py:183} INFO - Processing /home/airflow/.local/lib/python3.8/site-packages/airflow/example_dags/example_latest_only_with_trigger.py took 0.033 seconds
[2025-03-24T23:47:27.780+0000] {processor.py:161} INFO - Started process (PID=2557) to work on /home/airflow/.local/lib/python3.8/site-packages/airflow/example_dags/example_latest_only_with_trigger.py
[2025-03-24T23:47:27.781+0000] {processor.py:830} INFO - Processing file /home/airflow/.local/lib/python3.8/site-packages/airflow/example_dags/example_latest_only_with_trigger.py for tasks to queue
[2025-03-24T23:47:27.782+0000] {logging_mixin.py:188} INFO - [2025-03-24T23:47:27.782+0000] {dagbag.py:538} INFO - Filling up the DagBag from /home/airflow/.local/lib/python3.8/site-packages/airflow/example_dags/example_latest_only_with_trigger.py
[2025-03-24T23:47:27.784+0000] {processor.py:840} INFO - DAG(s) 'latest_only_with_trigger' retrieved from /home/airflow/.local/lib/python3.8/site-packages/airflow/example_dags/example_latest_only_with_trigger.py
[2025-03-24T23:47:27.792+0000] {logging_mixin.py:188} INFO - [2025-03-24T23:47:27.792+0000] {dag.py:3033} INFO - Sync 1 DAGs
[2025-03-24T23:47:27.801+0000] {logging_mixin.py:188} INFO - [2025-03-24T23:47:27.801+0000] {dag.py:3820} INFO - Setting next_dagrun for latest_only_with_trigger to 2025-03-24T16:00:00+00:00, run_after=2025-03-24T20:00:00+00:00
[2025-03-24T23:47:27.809+0000] {processor.py:183} INFO - Processing /home/airflow/.local/lib/python3.8/site-packages/airflow/example_dags/example_latest_only_with_trigger.py took 0.031 seconds
[2025-03-24T23:47:57.985+0000] {processor.py:161} INFO - Started process (PID=2612) to work on /home/airflow/.local/lib/python3.8/site-packages/airflow/example_dags/example_latest_only_with_trigger.py
[2025-03-24T23:47:57.987+0000] {processor.py:830} INFO - Processing file /home/airflow/.local/lib/python3.8/site-packages/airflow/example_dags/example_latest_only_with_trigger.py for tasks to queue
[2025-03-24T23:47:57.987+0000] {logging_mixin.py:188} INFO - [2025-03-24T23:47:57.987+0000] {dagbag.py:538} INFO - Filling up the DagBag from /home/airflow/.local/lib/python3.8/site-packages/airflow/example_dags/example_latest_only_with_trigger.py
[2025-03-24T23:47:57.990+0000] {processor.py:840} INFO - DAG(s) 'latest_only_with_trigger' retrieved from /home/airflow/.local/lib/python3.8/site-packages/airflow/example_dags/example_latest_only_with_trigger.py
[2025-03-24T23:47:57.999+0000] {logging_mixin.py:188} INFO - [2025-03-24T23:47:57.999+0000] {dag.py:3033} INFO - Sync 1 DAGs
[2025-03-24T23:47:58.007+0000] {logging_mixin.py:188} INFO - [2025-03-24T23:47:58.007+0000] {dag.py:3820} INFO - Setting next_dagrun for latest_only_with_trigger to 2025-03-24T16:00:00+00:00, run_after=2025-03-24T20:00:00+00:00
[2025-03-24T23:47:58.014+0000] {processor.py:183} INFO - Processing /home/airflow/.local/lib/python3.8/site-packages/airflow/example_dags/example_latest_only_with_trigger.py took 0.030 seconds
[2025-03-24T23:48:28.384+0000] {processor.py:161} INFO - Started process (PID=2667) to work on /home/airflow/.local/lib/python3.8/site-packages/airflow/example_dags/example_latest_only_with_trigger.py
[2025-03-24T23:48:28.385+0000] {processor.py:830} INFO - Processing file /home/airflow/.local/lib/python3.8/site-packages/airflow/example_dags/example_latest_only_with_trigger.py for tasks to queue
[2025-03-24T23:48:28.385+0000] {logging_mixin.py:188} INFO - [2025-03-24T23:48:28.385+0000] {dagbag.py:538} INFO - Filling up the DagBag from /home/airflow/.local/lib/python3.8/site-packages/airflow/example_dags/example_latest_only_with_trigger.py
[2025-03-24T23:48:28.388+0000] {processor.py:840} INFO - DAG(s) 'latest_only_with_trigger' retrieved from /home/airflow/.local/lib/python3.8/site-packages/airflow/example_dags/example_latest_only_with_trigger.py
[2025-03-24T23:48:28.397+0000] {logging_mixin.py:188} INFO - [2025-03-24T23:48:28.397+0000] {dag.py:3033} INFO - Sync 1 DAGs
[2025-03-24T23:48:28.476+0000] {logging_mixin.py:188} INFO - [2025-03-24T23:48:28.476+0000] {dag.py:3820} INFO - Setting next_dagrun for latest_only_with_trigger to 2025-03-24T16:00:00+00:00, run_after=2025-03-24T20:00:00+00:00
[2025-03-24T23:48:28.483+0000] {processor.py:183} INFO - Processing /home/airflow/.local/lib/python3.8/site-packages/airflow/example_dags/example_latest_only_with_trigger.py took 0.101 seconds
[2025-03-24T23:48:59.467+0000] {processor.py:161} INFO - Started process (PID=2722) to work on /home/airflow/.local/lib/python3.8/site-packages/airflow/example_dags/example_latest_only_with_trigger.py
[2025-03-24T23:48:59.468+0000] {processor.py:830} INFO - Processing file /home/airflow/.local/lib/python3.8/site-packages/airflow/example_dags/example_latest_only_with_trigger.py for tasks to queue
[2025-03-24T23:48:59.470+0000] {logging_mixin.py:188} INFO - [2025-03-24T23:48:59.469+0000] {dagbag.py:538} INFO - Filling up the DagBag from /home/airflow/.local/lib/python3.8/site-packages/airflow/example_dags/example_latest_only_with_trigger.py
[2025-03-24T23:48:59.475+0000] {processor.py:840} INFO - DAG(s) 'latest_only_with_trigger' retrieved from /home/airflow/.local/lib/python3.8/site-packages/airflow/example_dags/example_latest_only_with_trigger.py
[2025-03-24T23:48:59.493+0000] {logging_mixin.py:188} INFO - [2025-03-24T23:48:59.493+0000] {dag.py:3033} INFO - Sync 1 DAGs
[2025-03-24T23:48:59.509+0000] {logging_mixin.py:188} INFO - [2025-03-24T23:48:59.509+0000] {dag.py:3820} INFO - Setting next_dagrun for latest_only_with_trigger to 2025-03-24T16:00:00+00:00, run_after=2025-03-24T20:00:00+00:00
[2025-03-24T23:48:59.520+0000] {processor.py:183} INFO - Processing /home/airflow/.local/lib/python3.8/site-packages/airflow/example_dags/example_latest_only_with_trigger.py took 0.056 seconds
[2025-03-24T23:49:29.591+0000] {processor.py:161} INFO - Started process (PID=2777) to work on /home/airflow/.local/lib/python3.8/site-packages/airflow/example_dags/example_latest_only_with_trigger.py
[2025-03-24T23:49:29.592+0000] {processor.py:830} INFO - Processing file /home/airflow/.local/lib/python3.8/site-packages/airflow/example_dags/example_latest_only_with_trigger.py for tasks to queue
[2025-03-24T23:49:29.594+0000] {logging_mixin.py:188} INFO - [2025-03-24T23:49:29.593+0000] {dagbag.py:538} INFO - Filling up the DagBag from /home/airflow/.local/lib/python3.8/site-packages/airflow/example_dags/example_latest_only_with_trigger.py
[2025-03-24T23:49:29.597+0000] {processor.py:840} INFO - DAG(s) 'latest_only_with_trigger' retrieved from /home/airflow/.local/lib/python3.8/site-packages/airflow/example_dags/example_latest_only_with_trigger.py
[2025-03-24T23:49:29.621+0000] {logging_mixin.py:188} INFO - [2025-03-24T23:49:29.621+0000] {dag.py:3033} INFO - Sync 1 DAGs
[2025-03-24T23:49:29.638+0000] {logging_mixin.py:188} INFO - [2025-03-24T23:49:29.637+0000] {dag.py:3820} INFO - Setting next_dagrun for latest_only_with_trigger to 2025-03-24T16:00:00+00:00, run_after=2025-03-24T20:00:00+00:00
[2025-03-24T23:49:29.651+0000] {processor.py:183} INFO - Processing /home/airflow/.local/lib/python3.8/site-packages/airflow/example_dags/example_latest_only_with_trigger.py took 0.062 seconds
[2025-03-24T23:49:59.742+0000] {processor.py:161} INFO - Started process (PID=2831) to work on /home/airflow/.local/lib/python3.8/site-packages/airflow/example_dags/example_latest_only_with_trigger.py
[2025-03-24T23:49:59.743+0000] {processor.py:830} INFO - Processing file /home/airflow/.local/lib/python3.8/site-packages/airflow/example_dags/example_latest_only_with_trigger.py for tasks to queue
[2025-03-24T23:49:59.744+0000] {logging_mixin.py:188} INFO - [2025-03-24T23:49:59.744+0000] {dagbag.py:538} INFO - Filling up the DagBag from /home/airflow/.local/lib/python3.8/site-packages/airflow/example_dags/example_latest_only_with_trigger.py
[2025-03-24T23:49:59.746+0000] {processor.py:840} INFO - DAG(s) 'latest_only_with_trigger' retrieved from /home/airflow/.local/lib/python3.8/site-packages/airflow/example_dags/example_latest_only_with_trigger.py
[2025-03-24T23:49:59.829+0000] {logging_mixin.py:188} INFO - [2025-03-24T23:49:59.829+0000] {dag.py:3033} INFO - Sync 1 DAGs
[2025-03-24T23:49:59.838+0000] {logging_mixin.py:188} INFO - [2025-03-24T23:49:59.838+0000] {dag.py:3820} INFO - Setting next_dagrun for latest_only_with_trigger to 2025-03-24T16:00:00+00:00, run_after=2025-03-24T20:00:00+00:00
[2025-03-24T23:49:59.845+0000] {processor.py:183} INFO - Processing /home/airflow/.local/lib/python3.8/site-packages/airflow/example_dags/example_latest_only_with_trigger.py took 0.105 seconds
[2025-03-24T23:50:30.480+0000] {processor.py:161} INFO - Started process (PID=2886) to work on /home/airflow/.local/lib/python3.8/site-packages/airflow/example_dags/example_latest_only_with_trigger.py
[2025-03-24T23:50:30.483+0000] {processor.py:830} INFO - Processing file /home/airflow/.local/lib/python3.8/site-packages/airflow/example_dags/example_latest_only_with_trigger.py for tasks to queue
[2025-03-24T23:50:30.484+0000] {logging_mixin.py:188} INFO - [2025-03-24T23:50:30.484+0000] {dagbag.py:538} INFO - Filling up the DagBag from /home/airflow/.local/lib/python3.8/site-packages/airflow/example_dags/example_latest_only_with_trigger.py
[2025-03-24T23:50:30.486+0000] {processor.py:840} INFO - DAG(s) 'latest_only_with_trigger' retrieved from /home/airflow/.local/lib/python3.8/site-packages/airflow/example_dags/example_latest_only_with_trigger.py
[2025-03-24T23:50:30.495+0000] {logging_mixin.py:188} INFO - [2025-03-24T23:50:30.495+0000] {dag.py:3033} INFO - Sync 1 DAGs
[2025-03-24T23:50:30.578+0000] {logging_mixin.py:188} INFO - [2025-03-24T23:50:30.578+0000] {dag.py:3820} INFO - Setting next_dagrun for latest_only_with_trigger to 2025-03-24T16:00:00+00:00, run_after=2025-03-24T20:00:00+00:00
[2025-03-24T23:50:30.590+0000] {processor.py:183} INFO - Processing /home/airflow/.local/lib/python3.8/site-packages/airflow/example_dags/example_latest_only_with_trigger.py took 0.112 seconds
[2025-03-24T23:51:00.833+0000] {processor.py:161} INFO - Started process (PID=2941) to work on /home/airflow/.local/lib/python3.8/site-packages/airflow/example_dags/example_latest_only_with_trigger.py
[2025-03-24T23:51:00.834+0000] {processor.py:830} INFO - Processing file /home/airflow/.local/lib/python3.8/site-packages/airflow/example_dags/example_latest_only_with_trigger.py for tasks to queue
[2025-03-24T23:51:00.835+0000] {logging_mixin.py:188} INFO - [2025-03-24T23:51:00.835+0000] {dagbag.py:538} INFO - Filling up the DagBag from /home/airflow/.local/lib/python3.8/site-packages/airflow/example_dags/example_latest_only_with_trigger.py
[2025-03-24T23:51:00.838+0000] {processor.py:840} INFO - DAG(s) 'latest_only_with_trigger' retrieved from /home/airflow/.local/lib/python3.8/site-packages/airflow/example_dags/example_latest_only_with_trigger.py
[2025-03-24T23:51:00.850+0000] {logging_mixin.py:188} INFO - [2025-03-24T23:51:00.849+0000] {dag.py:3033} INFO - Sync 1 DAGs
[2025-03-24T23:51:00.860+0000] {logging_mixin.py:188} INFO - [2025-03-24T23:51:00.860+0000] {dag.py:3820} INFO - Setting next_dagrun for latest_only_with_trigger to 2025-03-24T16:00:00+00:00, run_after=2025-03-24T20:00:00+00:00
[2025-03-24T23:51:00.869+0000] {processor.py:183} INFO - Processing /home/airflow/.local/lib/python3.8/site-packages/airflow/example_dags/example_latest_only_with_trigger.py took 0.038 seconds
[2025-03-24T23:51:31.669+0000] {processor.py:161} INFO - Started process (PID=3002) to work on /home/airflow/.local/lib/python3.8/site-packages/airflow/example_dags/example_latest_only_with_trigger.py
[2025-03-24T23:51:31.670+0000] {processor.py:830} INFO - Processing file /home/airflow/.local/lib/python3.8/site-packages/airflow/example_dags/example_latest_only_with_trigger.py for tasks to queue
[2025-03-24T23:51:31.671+0000] {logging_mixin.py:188} INFO - [2025-03-24T23:51:31.671+0000] {dagbag.py:538} INFO - Filling up the DagBag from /home/airflow/.local/lib/python3.8/site-packages/airflow/example_dags/example_latest_only_with_trigger.py
[2025-03-24T23:51:31.673+0000] {processor.py:840} INFO - DAG(s) 'latest_only_with_trigger' retrieved from /home/airflow/.local/lib/python3.8/site-packages/airflow/example_dags/example_latest_only_with_trigger.py
[2025-03-24T23:51:31.688+0000] {logging_mixin.py:188} INFO - [2025-03-24T23:51:31.688+0000] {dag.py:3033} INFO - Sync 1 DAGs
[2025-03-24T23:51:31.704+0000] {logging_mixin.py:188} INFO - [2025-03-24T23:51:31.704+0000] {dag.py:3820} INFO - Setting next_dagrun for latest_only_with_trigger to 2025-03-24T16:00:00+00:00, run_after=2025-03-24T20:00:00+00:00
[2025-03-24T23:51:31.715+0000] {processor.py:183} INFO - Processing /home/airflow/.local/lib/python3.8/site-packages/airflow/example_dags/example_latest_only_with_trigger.py took 0.048 seconds
