[2025-03-24T23:24:26.221+0000] {processor.py:161} INFO - Started process (PID=60) to work on /home/airflow/.local/lib/python3.8/site-packages/airflow/example_dags/example_python_decorator.py
[2025-03-24T23:24:26.222+0000] {processor.py:830} INFO - Processing file /home/airflow/.local/lib/python3.8/site-packages/airflow/example_dags/example_python_decorator.py for tasks to queue
[2025-03-24T23:24:26.223+0000] {logging_mixin.py:188} INFO - [2025-03-24T23:24:26.223+0000] {dagbag.py:538} INFO - Filling up the DagBag from /home/airflow/.local/lib/python3.8/site-packages/airflow/example_dags/example_python_decorator.py
[2025-03-24T23:24:26.233+0000] {processor.py:840} INFO - DAG(s) 'example_python_decorator' retrieved from /home/airflow/.local/lib/python3.8/site-packages/airflow/example_dags/example_python_decorator.py
[2025-03-24T23:24:26.242+0000] {logging_mixin.py:188} INFO - [2025-03-24T23:24:26.242+0000] {dag.py:3033} INFO - Sync 1 DAGs
[2025-03-24T23:24:26.254+0000] {logging_mixin.py:188} INFO - [2025-03-24T23:24:26.254+0000] {dag.py:3820} INFO - Setting next_dagrun for example_python_decorator to None, run_after=None
[2025-03-24T23:24:26.268+0000] {processor.py:183} INFO - Processing /home/airflow/.local/lib/python3.8/site-packages/airflow/example_dags/example_python_decorator.py took 0.050 seconds
[2025-03-24T23:24:56.450+0000] {processor.py:161} INFO - Started process (PID=115) to work on /home/airflow/.local/lib/python3.8/site-packages/airflow/example_dags/example_python_decorator.py
[2025-03-24T23:24:56.451+0000] {processor.py:830} INFO - Processing file /home/airflow/.local/lib/python3.8/site-packages/airflow/example_dags/example_python_decorator.py for tasks to queue
[2025-03-24T23:24:56.452+0000] {logging_mixin.py:188} INFO - [2025-03-24T23:24:56.452+0000] {dagbag.py:538} INFO - Filling up the DagBag from /home/airflow/.local/lib/python3.8/site-packages/airflow/example_dags/example_python_decorator.py
[2025-03-24T23:24:56.456+0000] {processor.py:840} INFO - DAG(s) 'example_python_decorator' retrieved from /home/airflow/.local/lib/python3.8/site-packages/airflow/example_dags/example_python_decorator.py
[2025-03-24T23:24:56.515+0000] {logging_mixin.py:188} INFO - [2025-03-24T23:24:56.515+0000] {dag.py:3033} INFO - Sync 1 DAGs
[2025-03-24T23:24:56.520+0000] {logging_mixin.py:188} INFO - [2025-03-24T23:24:56.520+0000] {dag.py:3820} INFO - Setting next_dagrun for example_python_decorator to None, run_after=None
[2025-03-24T23:24:56.537+0000] {processor.py:183} INFO - Processing /home/airflow/.local/lib/python3.8/site-packages/airflow/example_dags/example_python_decorator.py took 0.089 seconds
[2025-03-24T23:25:27.509+0000] {processor.py:161} INFO - Started process (PID=170) to work on /home/airflow/.local/lib/python3.8/site-packages/airflow/example_dags/example_python_decorator.py
[2025-03-24T23:25:27.511+0000] {processor.py:830} INFO - Processing file /home/airflow/.local/lib/python3.8/site-packages/airflow/example_dags/example_python_decorator.py for tasks to queue
[2025-03-24T23:25:27.513+0000] {logging_mixin.py:188} INFO - [2025-03-24T23:25:27.513+0000] {dagbag.py:538} INFO - Filling up the DagBag from /home/airflow/.local/lib/python3.8/site-packages/airflow/example_dags/example_python_decorator.py
[2025-03-24T23:25:27.520+0000] {processor.py:840} INFO - DAG(s) 'example_python_decorator' retrieved from /home/airflow/.local/lib/python3.8/site-packages/airflow/example_dags/example_python_decorator.py
[2025-03-24T23:25:27.535+0000] {logging_mixin.py:188} INFO - [2025-03-24T23:25:27.535+0000] {dag.py:3033} INFO - Sync 1 DAGs
[2025-03-24T23:25:27.541+0000] {logging_mixin.py:188} INFO - [2025-03-24T23:25:27.541+0000] {dag.py:3820} INFO - Setting next_dagrun for example_python_decorator to None, run_after=None
[2025-03-24T23:25:27.556+0000] {processor.py:183} INFO - Processing /home/airflow/.local/lib/python3.8/site-packages/airflow/example_dags/example_python_decorator.py took 0.051 seconds
[2025-03-24T23:25:58.096+0000] {processor.py:161} INFO - Started process (PID=225) to work on /home/airflow/.local/lib/python3.8/site-packages/airflow/example_dags/example_python_decorator.py
[2025-03-24T23:25:58.096+0000] {processor.py:830} INFO - Processing file /home/airflow/.local/lib/python3.8/site-packages/airflow/example_dags/example_python_decorator.py for tasks to queue
[2025-03-24T23:25:58.097+0000] {logging_mixin.py:188} INFO - [2025-03-24T23:25:58.097+0000] {dagbag.py:538} INFO - Filling up the DagBag from /home/airflow/.local/lib/python3.8/site-packages/airflow/example_dags/example_python_decorator.py
[2025-03-24T23:25:58.102+0000] {processor.py:840} INFO - DAG(s) 'example_python_decorator' retrieved from /home/airflow/.local/lib/python3.8/site-packages/airflow/example_dags/example_python_decorator.py
[2025-03-24T23:25:58.113+0000] {logging_mixin.py:188} INFO - [2025-03-24T23:25:58.113+0000] {dag.py:3033} INFO - Sync 1 DAGs
[2025-03-24T23:25:58.120+0000] {logging_mixin.py:188} INFO - [2025-03-24T23:25:58.120+0000] {dag.py:3820} INFO - Setting next_dagrun for example_python_decorator to None, run_after=None
[2025-03-24T23:25:58.135+0000] {processor.py:183} INFO - Processing /home/airflow/.local/lib/python3.8/site-packages/airflow/example_dags/example_python_decorator.py took 0.041 seconds
[2025-03-24T23:26:28.805+0000] {processor.py:161} INFO - Started process (PID=286) to work on /home/airflow/.local/lib/python3.8/site-packages/airflow/example_dags/example_python_decorator.py
[2025-03-24T23:26:28.807+0000] {processor.py:830} INFO - Processing file /home/airflow/.local/lib/python3.8/site-packages/airflow/example_dags/example_python_decorator.py for tasks to queue
[2025-03-24T23:26:28.808+0000] {logging_mixin.py:188} INFO - [2025-03-24T23:26:28.808+0000] {dagbag.py:538} INFO - Filling up the DagBag from /home/airflow/.local/lib/python3.8/site-packages/airflow/example_dags/example_python_decorator.py
[2025-03-24T23:26:28.813+0000] {processor.py:840} INFO - DAG(s) 'example_python_decorator' retrieved from /home/airflow/.local/lib/python3.8/site-packages/airflow/example_dags/example_python_decorator.py
[2025-03-24T23:26:28.825+0000] {logging_mixin.py:188} INFO - [2025-03-24T23:26:28.825+0000] {dag.py:3033} INFO - Sync 1 DAGs
[2025-03-24T23:26:28.832+0000] {logging_mixin.py:188} INFO - [2025-03-24T23:26:28.832+0000] {dag.py:3820} INFO - Setting next_dagrun for example_python_decorator to None, run_after=None
[2025-03-24T23:26:28.842+0000] {processor.py:183} INFO - Processing /home/airflow/.local/lib/python3.8/site-packages/airflow/example_dags/example_python_decorator.py took 0.039 seconds
[2025-03-24T23:26:59.320+0000] {processor.py:161} INFO - Started process (PID=341) to work on /home/airflow/.local/lib/python3.8/site-packages/airflow/example_dags/example_python_decorator.py
[2025-03-24T23:26:59.321+0000] {processor.py:830} INFO - Processing file /home/airflow/.local/lib/python3.8/site-packages/airflow/example_dags/example_python_decorator.py for tasks to queue
[2025-03-24T23:26:59.323+0000] {logging_mixin.py:188} INFO - [2025-03-24T23:26:59.323+0000] {dagbag.py:538} INFO - Filling up the DagBag from /home/airflow/.local/lib/python3.8/site-packages/airflow/example_dags/example_python_decorator.py
[2025-03-24T23:26:59.330+0000] {processor.py:840} INFO - DAG(s) 'example_python_decorator' retrieved from /home/airflow/.local/lib/python3.8/site-packages/airflow/example_dags/example_python_decorator.py
[2025-03-24T23:26:59.341+0000] {logging_mixin.py:188} INFO - [2025-03-24T23:26:59.341+0000] {dag.py:3033} INFO - Sync 1 DAGs
[2025-03-24T23:26:59.346+0000] {logging_mixin.py:188} INFO - [2025-03-24T23:26:59.346+0000] {dag.py:3820} INFO - Setting next_dagrun for example_python_decorator to None, run_after=None
[2025-03-24T23:26:59.355+0000] {processor.py:183} INFO - Processing /home/airflow/.local/lib/python3.8/site-packages/airflow/example_dags/example_python_decorator.py took 0.037 seconds
[2025-03-24T23:27:30.057+0000] {processor.py:161} INFO - Started process (PID=396) to work on /home/airflow/.local/lib/python3.8/site-packages/airflow/example_dags/example_python_decorator.py
[2025-03-24T23:27:30.058+0000] {processor.py:830} INFO - Processing file /home/airflow/.local/lib/python3.8/site-packages/airflow/example_dags/example_python_decorator.py for tasks to queue
[2025-03-24T23:27:30.059+0000] {logging_mixin.py:188} INFO - [2025-03-24T23:27:30.059+0000] {dagbag.py:538} INFO - Filling up the DagBag from /home/airflow/.local/lib/python3.8/site-packages/airflow/example_dags/example_python_decorator.py
[2025-03-24T23:27:30.064+0000] {processor.py:840} INFO - DAG(s) 'example_python_decorator' retrieved from /home/airflow/.local/lib/python3.8/site-packages/airflow/example_dags/example_python_decorator.py
[2025-03-24T23:27:30.075+0000] {logging_mixin.py:188} INFO - [2025-03-24T23:27:30.075+0000] {dag.py:3033} INFO - Sync 1 DAGs
[2025-03-24T23:27:30.080+0000] {logging_mixin.py:188} INFO - [2025-03-24T23:27:30.080+0000] {dag.py:3820} INFO - Setting next_dagrun for example_python_decorator to None, run_after=None
[2025-03-24T23:27:30.088+0000] {processor.py:183} INFO - Processing /home/airflow/.local/lib/python3.8/site-packages/airflow/example_dags/example_python_decorator.py took 0.033 seconds
[2025-03-24T23:28:00.746+0000] {processor.py:161} INFO - Started process (PID=451) to work on /home/airflow/.local/lib/python3.8/site-packages/airflow/example_dags/example_python_decorator.py
[2025-03-24T23:28:00.747+0000] {processor.py:830} INFO - Processing file /home/airflow/.local/lib/python3.8/site-packages/airflow/example_dags/example_python_decorator.py for tasks to queue
[2025-03-24T23:28:00.749+0000] {logging_mixin.py:188} INFO - [2025-03-24T23:28:00.749+0000] {dagbag.py:538} INFO - Filling up the DagBag from /home/airflow/.local/lib/python3.8/site-packages/airflow/example_dags/example_python_decorator.py
[2025-03-24T23:28:00.755+0000] {processor.py:840} INFO - DAG(s) 'example_python_decorator' retrieved from /home/airflow/.local/lib/python3.8/site-packages/airflow/example_dags/example_python_decorator.py
[2025-03-24T23:28:00.769+0000] {logging_mixin.py:188} INFO - [2025-03-24T23:28:00.769+0000] {dag.py:3033} INFO - Sync 1 DAGs
[2025-03-24T23:28:00.775+0000] {logging_mixin.py:188} INFO - [2025-03-24T23:28:00.775+0000] {dag.py:3820} INFO - Setting next_dagrun for example_python_decorator to None, run_after=None
[2025-03-24T23:28:00.785+0000] {processor.py:183} INFO - Processing /home/airflow/.local/lib/python3.8/site-packages/airflow/example_dags/example_python_decorator.py took 0.041 seconds
[2025-03-24T23:28:31.473+0000] {processor.py:161} INFO - Started process (PID=506) to work on /home/airflow/.local/lib/python3.8/site-packages/airflow/example_dags/example_python_decorator.py
[2025-03-24T23:28:31.474+0000] {processor.py:830} INFO - Processing file /home/airflow/.local/lib/python3.8/site-packages/airflow/example_dags/example_python_decorator.py for tasks to queue
[2025-03-24T23:28:31.475+0000] {logging_mixin.py:188} INFO - [2025-03-24T23:28:31.475+0000] {dagbag.py:538} INFO - Filling up the DagBag from /home/airflow/.local/lib/python3.8/site-packages/airflow/example_dags/example_python_decorator.py
[2025-03-24T23:28:31.481+0000] {processor.py:840} INFO - DAG(s) 'example_python_decorator' retrieved from /home/airflow/.local/lib/python3.8/site-packages/airflow/example_dags/example_python_decorator.py
[2025-03-24T23:28:31.497+0000] {logging_mixin.py:188} INFO - [2025-03-24T23:28:31.497+0000] {dag.py:3033} INFO - Sync 1 DAGs
[2025-03-24T23:28:31.504+0000] {logging_mixin.py:188} INFO - [2025-03-24T23:28:31.504+0000] {dag.py:3820} INFO - Setting next_dagrun for example_python_decorator to None, run_after=None
[2025-03-24T23:28:31.516+0000] {processor.py:183} INFO - Processing /home/airflow/.local/lib/python3.8/site-packages/airflow/example_dags/example_python_decorator.py took 0.046 seconds
[2025-03-24T23:29:02.209+0000] {processor.py:161} INFO - Started process (PID=561) to work on /home/airflow/.local/lib/python3.8/site-packages/airflow/example_dags/example_python_decorator.py
[2025-03-24T23:29:02.210+0000] {processor.py:830} INFO - Processing file /home/airflow/.local/lib/python3.8/site-packages/airflow/example_dags/example_python_decorator.py for tasks to queue
[2025-03-24T23:29:02.211+0000] {logging_mixin.py:188} INFO - [2025-03-24T23:29:02.211+0000] {dagbag.py:538} INFO - Filling up the DagBag from /home/airflow/.local/lib/python3.8/site-packages/airflow/example_dags/example_python_decorator.py
[2025-03-24T23:29:02.218+0000] {processor.py:840} INFO - DAG(s) 'example_python_decorator' retrieved from /home/airflow/.local/lib/python3.8/site-packages/airflow/example_dags/example_python_decorator.py
[2025-03-24T23:29:02.231+0000] {logging_mixin.py:188} INFO - [2025-03-24T23:29:02.231+0000] {dag.py:3033} INFO - Sync 1 DAGs
[2025-03-24T23:29:02.239+0000] {logging_mixin.py:188} INFO - [2025-03-24T23:29:02.239+0000] {dag.py:3820} INFO - Setting next_dagrun for example_python_decorator to None, run_after=None
[2025-03-24T23:29:02.250+0000] {processor.py:183} INFO - Processing /home/airflow/.local/lib/python3.8/site-packages/airflow/example_dags/example_python_decorator.py took 0.044 seconds
[2025-03-24T23:29:32.904+0000] {processor.py:161} INFO - Started process (PID=616) to work on /home/airflow/.local/lib/python3.8/site-packages/airflow/example_dags/example_python_decorator.py
[2025-03-24T23:29:32.906+0000] {processor.py:830} INFO - Processing file /home/airflow/.local/lib/python3.8/site-packages/airflow/example_dags/example_python_decorator.py for tasks to queue
[2025-03-24T23:29:32.909+0000] {logging_mixin.py:188} INFO - [2025-03-24T23:29:32.909+0000] {dagbag.py:538} INFO - Filling up the DagBag from /home/airflow/.local/lib/python3.8/site-packages/airflow/example_dags/example_python_decorator.py
[2025-03-24T23:29:32.915+0000] {processor.py:840} INFO - DAG(s) 'example_python_decorator' retrieved from /home/airflow/.local/lib/python3.8/site-packages/airflow/example_dags/example_python_decorator.py
[2025-03-24T23:29:32.929+0000] {logging_mixin.py:188} INFO - [2025-03-24T23:29:32.928+0000] {dag.py:3033} INFO - Sync 1 DAGs
[2025-03-24T23:29:32.935+0000] {logging_mixin.py:188} INFO - [2025-03-24T23:29:32.935+0000] {dag.py:3820} INFO - Setting next_dagrun for example_python_decorator to None, run_after=None
[2025-03-24T23:29:32.945+0000] {processor.py:183} INFO - Processing /home/airflow/.local/lib/python3.8/site-packages/airflow/example_dags/example_python_decorator.py took 0.043 seconds
[2025-03-24T23:30:03.630+0000] {processor.py:161} INFO - Started process (PID=671) to work on /home/airflow/.local/lib/python3.8/site-packages/airflow/example_dags/example_python_decorator.py
[2025-03-24T23:30:03.631+0000] {processor.py:830} INFO - Processing file /home/airflow/.local/lib/python3.8/site-packages/airflow/example_dags/example_python_decorator.py for tasks to queue
[2025-03-24T23:30:03.632+0000] {logging_mixin.py:188} INFO - [2025-03-24T23:30:03.632+0000] {dagbag.py:538} INFO - Filling up the DagBag from /home/airflow/.local/lib/python3.8/site-packages/airflow/example_dags/example_python_decorator.py
[2025-03-24T23:30:03.638+0000] {processor.py:840} INFO - DAG(s) 'example_python_decorator' retrieved from /home/airflow/.local/lib/python3.8/site-packages/airflow/example_dags/example_python_decorator.py
[2025-03-24T23:30:03.651+0000] {logging_mixin.py:188} INFO - [2025-03-24T23:30:03.651+0000] {dag.py:3033} INFO - Sync 1 DAGs
[2025-03-24T23:30:03.663+0000] {logging_mixin.py:188} INFO - [2025-03-24T23:30:03.662+0000] {dag.py:3820} INFO - Setting next_dagrun for example_python_decorator to None, run_after=None
[2025-03-24T23:30:03.674+0000] {processor.py:183} INFO - Processing /home/airflow/.local/lib/python3.8/site-packages/airflow/example_dags/example_python_decorator.py took 0.046 seconds
[2025-03-24T23:30:34.159+0000] {processor.py:161} INFO - Started process (PID=726) to work on /home/airflow/.local/lib/python3.8/site-packages/airflow/example_dags/example_python_decorator.py
[2025-03-24T23:30:34.159+0000] {processor.py:830} INFO - Processing file /home/airflow/.local/lib/python3.8/site-packages/airflow/example_dags/example_python_decorator.py for tasks to queue
[2025-03-24T23:30:34.161+0000] {logging_mixin.py:188} INFO - [2025-03-24T23:30:34.161+0000] {dagbag.py:538} INFO - Filling up the DagBag from /home/airflow/.local/lib/python3.8/site-packages/airflow/example_dags/example_python_decorator.py
[2025-03-24T23:30:34.170+0000] {processor.py:840} INFO - DAG(s) 'example_python_decorator' retrieved from /home/airflow/.local/lib/python3.8/site-packages/airflow/example_dags/example_python_decorator.py
[2025-03-24T23:30:34.186+0000] {logging_mixin.py:188} INFO - [2025-03-24T23:30:34.186+0000] {dag.py:3033} INFO - Sync 1 DAGs
[2025-03-24T23:30:34.196+0000] {logging_mixin.py:188} INFO - [2025-03-24T23:30:34.196+0000] {dag.py:3820} INFO - Setting next_dagrun for example_python_decorator to None, run_after=None
[2025-03-24T23:30:34.209+0000] {processor.py:183} INFO - Processing /home/airflow/.local/lib/python3.8/site-packages/airflow/example_dags/example_python_decorator.py took 0.053 seconds
[2025-03-24T23:31:05.115+0000] {processor.py:161} INFO - Started process (PID=781) to work on /home/airflow/.local/lib/python3.8/site-packages/airflow/example_dags/example_python_decorator.py
[2025-03-24T23:31:05.115+0000] {processor.py:830} INFO - Processing file /home/airflow/.local/lib/python3.8/site-packages/airflow/example_dags/example_python_decorator.py for tasks to queue
[2025-03-24T23:31:05.117+0000] {logging_mixin.py:188} INFO - [2025-03-24T23:31:05.117+0000] {dagbag.py:538} INFO - Filling up the DagBag from /home/airflow/.local/lib/python3.8/site-packages/airflow/example_dags/example_python_decorator.py
[2025-03-24T23:31:05.123+0000] {processor.py:840} INFO - DAG(s) 'example_python_decorator' retrieved from /home/airflow/.local/lib/python3.8/site-packages/airflow/example_dags/example_python_decorator.py
[2025-03-24T23:31:05.138+0000] {logging_mixin.py:188} INFO - [2025-03-24T23:31:05.137+0000] {dag.py:3033} INFO - Sync 1 DAGs
[2025-03-24T23:31:05.144+0000] {logging_mixin.py:188} INFO - [2025-03-24T23:31:05.144+0000] {dag.py:3820} INFO - Setting next_dagrun for example_python_decorator to None, run_after=None
[2025-03-24T23:31:05.152+0000] {processor.py:183} INFO - Processing /home/airflow/.local/lib/python3.8/site-packages/airflow/example_dags/example_python_decorator.py took 0.041 seconds
[2025-03-24T23:31:35.908+0000] {processor.py:161} INFO - Started process (PID=836) to work on /home/airflow/.local/lib/python3.8/site-packages/airflow/example_dags/example_python_decorator.py
[2025-03-24T23:31:35.909+0000] {processor.py:830} INFO - Processing file /home/airflow/.local/lib/python3.8/site-packages/airflow/example_dags/example_python_decorator.py for tasks to queue
[2025-03-24T23:31:35.910+0000] {logging_mixin.py:188} INFO - [2025-03-24T23:31:35.910+0000] {dagbag.py:538} INFO - Filling up the DagBag from /home/airflow/.local/lib/python3.8/site-packages/airflow/example_dags/example_python_decorator.py
[2025-03-24T23:31:35.917+0000] {processor.py:840} INFO - DAG(s) 'example_python_decorator' retrieved from /home/airflow/.local/lib/python3.8/site-packages/airflow/example_dags/example_python_decorator.py
[2025-03-24T23:31:35.929+0000] {logging_mixin.py:188} INFO - [2025-03-24T23:31:35.929+0000] {dag.py:3033} INFO - Sync 1 DAGs
[2025-03-24T23:31:35.935+0000] {logging_mixin.py:188} INFO - [2025-03-24T23:31:35.935+0000] {dag.py:3820} INFO - Setting next_dagrun for example_python_decorator to None, run_after=None
[2025-03-24T23:31:35.943+0000] {processor.py:183} INFO - Processing /home/airflow/.local/lib/python3.8/site-packages/airflow/example_dags/example_python_decorator.py took 0.038 seconds
[2025-03-24T23:32:06.626+0000] {processor.py:161} INFO - Started process (PID=891) to work on /home/airflow/.local/lib/python3.8/site-packages/airflow/example_dags/example_python_decorator.py
[2025-03-24T23:32:06.626+0000] {processor.py:830} INFO - Processing file /home/airflow/.local/lib/python3.8/site-packages/airflow/example_dags/example_python_decorator.py for tasks to queue
[2025-03-24T23:32:06.628+0000] {logging_mixin.py:188} INFO - [2025-03-24T23:32:06.628+0000] {dagbag.py:538} INFO - Filling up the DagBag from /home/airflow/.local/lib/python3.8/site-packages/airflow/example_dags/example_python_decorator.py
[2025-03-24T23:32:06.633+0000] {processor.py:840} INFO - DAG(s) 'example_python_decorator' retrieved from /home/airflow/.local/lib/python3.8/site-packages/airflow/example_dags/example_python_decorator.py
[2025-03-24T23:32:06.646+0000] {logging_mixin.py:188} INFO - [2025-03-24T23:32:06.645+0000] {dag.py:3033} INFO - Sync 1 DAGs
[2025-03-24T23:32:06.653+0000] {logging_mixin.py:188} INFO - [2025-03-24T23:32:06.653+0000] {dag.py:3820} INFO - Setting next_dagrun for example_python_decorator to None, run_after=None
[2025-03-24T23:32:06.670+0000] {processor.py:183} INFO - Processing /home/airflow/.local/lib/python3.8/site-packages/airflow/example_dags/example_python_decorator.py took 0.047 seconds
[2025-03-24T23:32:37.633+0000] {processor.py:161} INFO - Started process (PID=946) to work on /home/airflow/.local/lib/python3.8/site-packages/airflow/example_dags/example_python_decorator.py
[2025-03-24T23:32:37.634+0000] {processor.py:830} INFO - Processing file /home/airflow/.local/lib/python3.8/site-packages/airflow/example_dags/example_python_decorator.py for tasks to queue
[2025-03-24T23:32:37.636+0000] {logging_mixin.py:188} INFO - [2025-03-24T23:32:37.636+0000] {dagbag.py:538} INFO - Filling up the DagBag from /home/airflow/.local/lib/python3.8/site-packages/airflow/example_dags/example_python_decorator.py
[2025-03-24T23:32:37.642+0000] {processor.py:840} INFO - DAG(s) 'example_python_decorator' retrieved from /home/airflow/.local/lib/python3.8/site-packages/airflow/example_dags/example_python_decorator.py
[2025-03-24T23:32:37.657+0000] {logging_mixin.py:188} INFO - [2025-03-24T23:32:37.657+0000] {dag.py:3033} INFO - Sync 1 DAGs
[2025-03-24T23:32:37.664+0000] {logging_mixin.py:188} INFO - [2025-03-24T23:32:37.664+0000] {dag.py:3820} INFO - Setting next_dagrun for example_python_decorator to None, run_after=None
[2025-03-24T23:32:37.673+0000] {processor.py:183} INFO - Processing /home/airflow/.local/lib/python3.8/site-packages/airflow/example_dags/example_python_decorator.py took 0.043 seconds
[2025-03-24T23:33:08.088+0000] {processor.py:161} INFO - Started process (PID=1001) to work on /home/airflow/.local/lib/python3.8/site-packages/airflow/example_dags/example_python_decorator.py
[2025-03-24T23:33:08.091+0000] {processor.py:830} INFO - Processing file /home/airflow/.local/lib/python3.8/site-packages/airflow/example_dags/example_python_decorator.py for tasks to queue
[2025-03-24T23:33:08.092+0000] {logging_mixin.py:188} INFO - [2025-03-24T23:33:08.092+0000] {dagbag.py:538} INFO - Filling up the DagBag from /home/airflow/.local/lib/python3.8/site-packages/airflow/example_dags/example_python_decorator.py
[2025-03-24T23:33:08.097+0000] {processor.py:840} INFO - DAG(s) 'example_python_decorator' retrieved from /home/airflow/.local/lib/python3.8/site-packages/airflow/example_dags/example_python_decorator.py
[2025-03-24T23:33:08.112+0000] {logging_mixin.py:188} INFO - [2025-03-24T23:33:08.111+0000] {dag.py:3033} INFO - Sync 1 DAGs
[2025-03-24T23:33:08.125+0000] {logging_mixin.py:188} INFO - [2025-03-24T23:33:08.125+0000] {dag.py:3820} INFO - Setting next_dagrun for example_python_decorator to None, run_after=None
[2025-03-24T23:33:08.139+0000] {processor.py:183} INFO - Processing /home/airflow/.local/lib/python3.8/site-packages/airflow/example_dags/example_python_decorator.py took 0.052 seconds
[2025-03-24T23:33:38.709+0000] {processor.py:161} INFO - Started process (PID=1056) to work on /home/airflow/.local/lib/python3.8/site-packages/airflow/example_dags/example_python_decorator.py
[2025-03-24T23:33:38.712+0000] {processor.py:830} INFO - Processing file /home/airflow/.local/lib/python3.8/site-packages/airflow/example_dags/example_python_decorator.py for tasks to queue
[2025-03-24T23:33:38.713+0000] {logging_mixin.py:188} INFO - [2025-03-24T23:33:38.713+0000] {dagbag.py:538} INFO - Filling up the DagBag from /home/airflow/.local/lib/python3.8/site-packages/airflow/example_dags/example_python_decorator.py
[2025-03-24T23:33:38.720+0000] {processor.py:840} INFO - DAG(s) 'example_python_decorator' retrieved from /home/airflow/.local/lib/python3.8/site-packages/airflow/example_dags/example_python_decorator.py
[2025-03-24T23:33:38.737+0000] {logging_mixin.py:188} INFO - [2025-03-24T23:33:38.737+0000] {dag.py:3033} INFO - Sync 1 DAGs
[2025-03-24T23:33:38.743+0000] {logging_mixin.py:188} INFO - [2025-03-24T23:33:38.743+0000] {dag.py:3820} INFO - Setting next_dagrun for example_python_decorator to None, run_after=None
[2025-03-24T23:33:38.752+0000] {processor.py:183} INFO - Processing /home/airflow/.local/lib/python3.8/site-packages/airflow/example_dags/example_python_decorator.py took 0.046 seconds
[2025-03-24T23:34:09.276+0000] {processor.py:161} INFO - Started process (PID=1111) to work on /home/airflow/.local/lib/python3.8/site-packages/airflow/example_dags/example_python_decorator.py
[2025-03-24T23:34:09.277+0000] {processor.py:830} INFO - Processing file /home/airflow/.local/lib/python3.8/site-packages/airflow/example_dags/example_python_decorator.py for tasks to queue
[2025-03-24T23:34:09.280+0000] {logging_mixin.py:188} INFO - [2025-03-24T23:34:09.280+0000] {dagbag.py:538} INFO - Filling up the DagBag from /home/airflow/.local/lib/python3.8/site-packages/airflow/example_dags/example_python_decorator.py
[2025-03-24T23:34:09.285+0000] {processor.py:840} INFO - DAG(s) 'example_python_decorator' retrieved from /home/airflow/.local/lib/python3.8/site-packages/airflow/example_dags/example_python_decorator.py
[2025-03-24T23:34:09.297+0000] {logging_mixin.py:188} INFO - [2025-03-24T23:34:09.297+0000] {dag.py:3033} INFO - Sync 1 DAGs
[2025-03-24T23:34:09.302+0000] {logging_mixin.py:188} INFO - [2025-03-24T23:34:09.302+0000] {dag.py:3820} INFO - Setting next_dagrun for example_python_decorator to None, run_after=None
[2025-03-24T23:34:09.309+0000] {processor.py:183} INFO - Processing /home/airflow/.local/lib/python3.8/site-packages/airflow/example_dags/example_python_decorator.py took 0.036 seconds
[2025-03-24T23:34:40.024+0000] {processor.py:161} INFO - Started process (PID=1166) to work on /home/airflow/.local/lib/python3.8/site-packages/airflow/example_dags/example_python_decorator.py
[2025-03-24T23:34:40.025+0000] {processor.py:830} INFO - Processing file /home/airflow/.local/lib/python3.8/site-packages/airflow/example_dags/example_python_decorator.py for tasks to queue
[2025-03-24T23:34:40.027+0000] {logging_mixin.py:188} INFO - [2025-03-24T23:34:40.026+0000] {dagbag.py:538} INFO - Filling up the DagBag from /home/airflow/.local/lib/python3.8/site-packages/airflow/example_dags/example_python_decorator.py
[2025-03-24T23:34:40.035+0000] {processor.py:840} INFO - DAG(s) 'example_python_decorator' retrieved from /home/airflow/.local/lib/python3.8/site-packages/airflow/example_dags/example_python_decorator.py
[2025-03-24T23:34:40.054+0000] {logging_mixin.py:188} INFO - [2025-03-24T23:34:40.053+0000] {dag.py:3033} INFO - Sync 1 DAGs
[2025-03-24T23:34:40.061+0000] {logging_mixin.py:188} INFO - [2025-03-24T23:34:40.060+0000] {dag.py:3820} INFO - Setting next_dagrun for example_python_decorator to None, run_after=None
[2025-03-24T23:34:40.073+0000] {processor.py:183} INFO - Processing /home/airflow/.local/lib/python3.8/site-packages/airflow/example_dags/example_python_decorator.py took 0.053 seconds
[2025-03-24T23:35:10.156+0000] {processor.py:161} INFO - Started process (PID=1221) to work on /home/airflow/.local/lib/python3.8/site-packages/airflow/example_dags/example_python_decorator.py
[2025-03-24T23:35:10.157+0000] {processor.py:830} INFO - Processing file /home/airflow/.local/lib/python3.8/site-packages/airflow/example_dags/example_python_decorator.py for tasks to queue
[2025-03-24T23:35:10.159+0000] {logging_mixin.py:188} INFO - [2025-03-24T23:35:10.158+0000] {dagbag.py:538} INFO - Filling up the DagBag from /home/airflow/.local/lib/python3.8/site-packages/airflow/example_dags/example_python_decorator.py
[2025-03-24T23:35:10.165+0000] {processor.py:840} INFO - DAG(s) 'example_python_decorator' retrieved from /home/airflow/.local/lib/python3.8/site-packages/airflow/example_dags/example_python_decorator.py
[2025-03-24T23:35:10.184+0000] {logging_mixin.py:188} INFO - [2025-03-24T23:35:10.183+0000] {dag.py:3033} INFO - Sync 1 DAGs
[2025-03-24T23:35:10.191+0000] {logging_mixin.py:188} INFO - [2025-03-24T23:35:10.191+0000] {dag.py:3820} INFO - Setting next_dagrun for example_python_decorator to None, run_after=None
[2025-03-24T23:35:10.205+0000] {processor.py:183} INFO - Processing /home/airflow/.local/lib/python3.8/site-packages/airflow/example_dags/example_python_decorator.py took 0.052 seconds
[2025-03-24T23:35:40.954+0000] {processor.py:161} INFO - Started process (PID=1276) to work on /home/airflow/.local/lib/python3.8/site-packages/airflow/example_dags/example_python_decorator.py
[2025-03-24T23:35:40.955+0000] {processor.py:830} INFO - Processing file /home/airflow/.local/lib/python3.8/site-packages/airflow/example_dags/example_python_decorator.py for tasks to queue
[2025-03-24T23:35:40.956+0000] {logging_mixin.py:188} INFO - [2025-03-24T23:35:40.956+0000] {dagbag.py:538} INFO - Filling up the DagBag from /home/airflow/.local/lib/python3.8/site-packages/airflow/example_dags/example_python_decorator.py
[2025-03-24T23:35:40.963+0000] {processor.py:840} INFO - DAG(s) 'example_python_decorator' retrieved from /home/airflow/.local/lib/python3.8/site-packages/airflow/example_dags/example_python_decorator.py
[2025-03-24T23:35:40.977+0000] {logging_mixin.py:188} INFO - [2025-03-24T23:35:40.977+0000] {dag.py:3033} INFO - Sync 1 DAGs
[2025-03-24T23:35:40.983+0000] {logging_mixin.py:188} INFO - [2025-03-24T23:35:40.983+0000] {dag.py:3820} INFO - Setting next_dagrun for example_python_decorator to None, run_after=None
[2025-03-24T23:35:40.993+0000] {processor.py:183} INFO - Processing /home/airflow/.local/lib/python3.8/site-packages/airflow/example_dags/example_python_decorator.py took 0.043 seconds
[2025-03-24T23:36:11.693+0000] {processor.py:161} INFO - Started process (PID=1331) to work on /home/airflow/.local/lib/python3.8/site-packages/airflow/example_dags/example_python_decorator.py
[2025-03-24T23:36:11.695+0000] {processor.py:830} INFO - Processing file /home/airflow/.local/lib/python3.8/site-packages/airflow/example_dags/example_python_decorator.py for tasks to queue
[2025-03-24T23:36:11.697+0000] {logging_mixin.py:188} INFO - [2025-03-24T23:36:11.697+0000] {dagbag.py:538} INFO - Filling up the DagBag from /home/airflow/.local/lib/python3.8/site-packages/airflow/example_dags/example_python_decorator.py
[2025-03-24T23:36:11.703+0000] {processor.py:840} INFO - DAG(s) 'example_python_decorator' retrieved from /home/airflow/.local/lib/python3.8/site-packages/airflow/example_dags/example_python_decorator.py
[2025-03-24T23:36:11.714+0000] {logging_mixin.py:188} INFO - [2025-03-24T23:36:11.713+0000] {dag.py:3033} INFO - Sync 1 DAGs
[2025-03-24T23:36:11.719+0000] {logging_mixin.py:188} INFO - [2025-03-24T23:36:11.719+0000] {dag.py:3820} INFO - Setting next_dagrun for example_python_decorator to None, run_after=None
[2025-03-24T23:36:11.729+0000] {processor.py:183} INFO - Processing /home/airflow/.local/lib/python3.8/site-packages/airflow/example_dags/example_python_decorator.py took 0.038 seconds
[2025-03-24T23:36:42.466+0000] {processor.py:161} INFO - Started process (PID=1386) to work on /home/airflow/.local/lib/python3.8/site-packages/airflow/example_dags/example_python_decorator.py
[2025-03-24T23:36:42.467+0000] {processor.py:830} INFO - Processing file /home/airflow/.local/lib/python3.8/site-packages/airflow/example_dags/example_python_decorator.py for tasks to queue
[2025-03-24T23:36:42.468+0000] {logging_mixin.py:188} INFO - [2025-03-24T23:36:42.468+0000] {dagbag.py:538} INFO - Filling up the DagBag from /home/airflow/.local/lib/python3.8/site-packages/airflow/example_dags/example_python_decorator.py
[2025-03-24T23:36:42.472+0000] {processor.py:840} INFO - DAG(s) 'example_python_decorator' retrieved from /home/airflow/.local/lib/python3.8/site-packages/airflow/example_dags/example_python_decorator.py
[2025-03-24T23:36:42.486+0000] {logging_mixin.py:188} INFO - [2025-03-24T23:36:42.485+0000] {dag.py:3033} INFO - Sync 1 DAGs
[2025-03-24T23:36:42.494+0000] {logging_mixin.py:188} INFO - [2025-03-24T23:36:42.494+0000] {dag.py:3820} INFO - Setting next_dagrun for example_python_decorator to None, run_after=None
[2025-03-24T23:36:42.507+0000] {processor.py:183} INFO - Processing /home/airflow/.local/lib/python3.8/site-packages/airflow/example_dags/example_python_decorator.py took 0.043 seconds
[2025-03-24T23:37:13.276+0000] {processor.py:161} INFO - Started process (PID=1441) to work on /home/airflow/.local/lib/python3.8/site-packages/airflow/example_dags/example_python_decorator.py
[2025-03-24T23:37:13.277+0000] {processor.py:830} INFO - Processing file /home/airflow/.local/lib/python3.8/site-packages/airflow/example_dags/example_python_decorator.py for tasks to queue
[2025-03-24T23:37:13.278+0000] {logging_mixin.py:188} INFO - [2025-03-24T23:37:13.278+0000] {dagbag.py:538} INFO - Filling up the DagBag from /home/airflow/.local/lib/python3.8/site-packages/airflow/example_dags/example_python_decorator.py
[2025-03-24T23:37:13.287+0000] {processor.py:840} INFO - DAG(s) 'example_python_decorator' retrieved from /home/airflow/.local/lib/python3.8/site-packages/airflow/example_dags/example_python_decorator.py
[2025-03-24T23:37:13.306+0000] {logging_mixin.py:188} INFO - [2025-03-24T23:37:13.306+0000] {dag.py:3033} INFO - Sync 1 DAGs
[2025-03-24T23:37:13.314+0000] {logging_mixin.py:188} INFO - [2025-03-24T23:37:13.313+0000] {dag.py:3820} INFO - Setting next_dagrun for example_python_decorator to None, run_after=None
[2025-03-24T23:37:13.324+0000] {processor.py:183} INFO - Processing /home/airflow/.local/lib/python3.8/site-packages/airflow/example_dags/example_python_decorator.py took 0.051 seconds
[2025-03-24T23:37:44.063+0000] {processor.py:161} INFO - Started process (PID=1496) to work on /home/airflow/.local/lib/python3.8/site-packages/airflow/example_dags/example_python_decorator.py
[2025-03-24T23:37:44.070+0000] {processor.py:830} INFO - Processing file /home/airflow/.local/lib/python3.8/site-packages/airflow/example_dags/example_python_decorator.py for tasks to queue
[2025-03-24T23:37:44.072+0000] {logging_mixin.py:188} INFO - [2025-03-24T23:37:44.072+0000] {dagbag.py:538} INFO - Filling up the DagBag from /home/airflow/.local/lib/python3.8/site-packages/airflow/example_dags/example_python_decorator.py
[2025-03-24T23:37:44.078+0000] {processor.py:840} INFO - DAG(s) 'example_python_decorator' retrieved from /home/airflow/.local/lib/python3.8/site-packages/airflow/example_dags/example_python_decorator.py
[2025-03-24T23:37:44.095+0000] {logging_mixin.py:188} INFO - [2025-03-24T23:37:44.095+0000] {dag.py:3033} INFO - Sync 1 DAGs
[2025-03-24T23:37:44.102+0000] {logging_mixin.py:188} INFO - [2025-03-24T23:37:44.102+0000] {dag.py:3820} INFO - Setting next_dagrun for example_python_decorator to None, run_after=None
[2025-03-24T23:37:44.112+0000] {processor.py:183} INFO - Processing /home/airflow/.local/lib/python3.8/site-packages/airflow/example_dags/example_python_decorator.py took 0.051 seconds
[2025-03-24T23:38:14.818+0000] {processor.py:161} INFO - Started process (PID=1551) to work on /home/airflow/.local/lib/python3.8/site-packages/airflow/example_dags/example_python_decorator.py
[2025-03-24T23:38:14.819+0000] {processor.py:830} INFO - Processing file /home/airflow/.local/lib/python3.8/site-packages/airflow/example_dags/example_python_decorator.py for tasks to queue
[2025-03-24T23:38:14.820+0000] {logging_mixin.py:188} INFO - [2025-03-24T23:38:14.820+0000] {dagbag.py:538} INFO - Filling up the DagBag from /home/airflow/.local/lib/python3.8/site-packages/airflow/example_dags/example_python_decorator.py
[2025-03-24T23:38:14.826+0000] {processor.py:840} INFO - DAG(s) 'example_python_decorator' retrieved from /home/airflow/.local/lib/python3.8/site-packages/airflow/example_dags/example_python_decorator.py
[2025-03-24T23:38:14.845+0000] {logging_mixin.py:188} INFO - [2025-03-24T23:38:14.845+0000] {dag.py:3033} INFO - Sync 1 DAGs
[2025-03-24T23:38:14.851+0000] {logging_mixin.py:188} INFO - [2025-03-24T23:38:14.851+0000] {dag.py:3820} INFO - Setting next_dagrun for example_python_decorator to None, run_after=None
[2025-03-24T23:38:14.867+0000] {processor.py:183} INFO - Processing /home/airflow/.local/lib/python3.8/site-packages/airflow/example_dags/example_python_decorator.py took 0.052 seconds
[2025-03-24T23:38:45.499+0000] {processor.py:161} INFO - Started process (PID=1606) to work on /home/airflow/.local/lib/python3.8/site-packages/airflow/example_dags/example_python_decorator.py
[2025-03-24T23:38:45.500+0000] {processor.py:830} INFO - Processing file /home/airflow/.local/lib/python3.8/site-packages/airflow/example_dags/example_python_decorator.py for tasks to queue
[2025-03-24T23:38:45.501+0000] {logging_mixin.py:188} INFO - [2025-03-24T23:38:45.501+0000] {dagbag.py:538} INFO - Filling up the DagBag from /home/airflow/.local/lib/python3.8/site-packages/airflow/example_dags/example_python_decorator.py
[2025-03-24T23:38:45.509+0000] {processor.py:840} INFO - DAG(s) 'example_python_decorator' retrieved from /home/airflow/.local/lib/python3.8/site-packages/airflow/example_dags/example_python_decorator.py
[2025-03-24T23:38:45.526+0000] {logging_mixin.py:188} INFO - [2025-03-24T23:38:45.525+0000] {dag.py:3033} INFO - Sync 1 DAGs
[2025-03-24T23:38:45.533+0000] {logging_mixin.py:188} INFO - [2025-03-24T23:38:45.532+0000] {dag.py:3820} INFO - Setting next_dagrun for example_python_decorator to None, run_after=None
[2025-03-24T23:38:45.545+0000] {processor.py:183} INFO - Processing /home/airflow/.local/lib/python3.8/site-packages/airflow/example_dags/example_python_decorator.py took 0.049 seconds
[2025-03-24T23:39:16.294+0000] {processor.py:161} INFO - Started process (PID=1661) to work on /home/airflow/.local/lib/python3.8/site-packages/airflow/example_dags/example_python_decorator.py
[2025-03-24T23:39:16.296+0000] {processor.py:830} INFO - Processing file /home/airflow/.local/lib/python3.8/site-packages/airflow/example_dags/example_python_decorator.py for tasks to queue
[2025-03-24T23:39:16.298+0000] {logging_mixin.py:188} INFO - [2025-03-24T23:39:16.298+0000] {dagbag.py:538} INFO - Filling up the DagBag from /home/airflow/.local/lib/python3.8/site-packages/airflow/example_dags/example_python_decorator.py
[2025-03-24T23:39:16.304+0000] {processor.py:840} INFO - DAG(s) 'example_python_decorator' retrieved from /home/airflow/.local/lib/python3.8/site-packages/airflow/example_dags/example_python_decorator.py
[2025-03-24T23:39:16.319+0000] {logging_mixin.py:188} INFO - [2025-03-24T23:39:16.319+0000] {dag.py:3033} INFO - Sync 1 DAGs
[2025-03-24T23:39:16.326+0000] {logging_mixin.py:188} INFO - [2025-03-24T23:39:16.325+0000] {dag.py:3820} INFO - Setting next_dagrun for example_python_decorator to None, run_after=None
[2025-03-24T23:39:16.337+0000] {processor.py:183} INFO - Processing /home/airflow/.local/lib/python3.8/site-packages/airflow/example_dags/example_python_decorator.py took 0.045 seconds
[2025-03-24T23:39:47.220+0000] {processor.py:161} INFO - Started process (PID=1716) to work on /home/airflow/.local/lib/python3.8/site-packages/airflow/example_dags/example_python_decorator.py
[2025-03-24T23:39:47.222+0000] {processor.py:830} INFO - Processing file /home/airflow/.local/lib/python3.8/site-packages/airflow/example_dags/example_python_decorator.py for tasks to queue
[2025-03-24T23:39:47.224+0000] {logging_mixin.py:188} INFO - [2025-03-24T23:39:47.224+0000] {dagbag.py:538} INFO - Filling up the DagBag from /home/airflow/.local/lib/python3.8/site-packages/airflow/example_dags/example_python_decorator.py
[2025-03-24T23:39:47.230+0000] {processor.py:840} INFO - DAG(s) 'example_python_decorator' retrieved from /home/airflow/.local/lib/python3.8/site-packages/airflow/example_dags/example_python_decorator.py
[2025-03-24T23:39:47.244+0000] {logging_mixin.py:188} INFO - [2025-03-24T23:39:47.244+0000] {dag.py:3033} INFO - Sync 1 DAGs
[2025-03-24T23:39:47.251+0000] {logging_mixin.py:188} INFO - [2025-03-24T23:39:47.251+0000] {dag.py:3820} INFO - Setting next_dagrun for example_python_decorator to None, run_after=None
[2025-03-24T23:39:47.260+0000] {processor.py:183} INFO - Processing /home/airflow/.local/lib/python3.8/site-packages/airflow/example_dags/example_python_decorator.py took 0.044 seconds
[2025-03-24T23:40:17.869+0000] {processor.py:161} INFO - Started process (PID=1771) to work on /home/airflow/.local/lib/python3.8/site-packages/airflow/example_dags/example_python_decorator.py
[2025-03-24T23:40:17.869+0000] {processor.py:830} INFO - Processing file /home/airflow/.local/lib/python3.8/site-packages/airflow/example_dags/example_python_decorator.py for tasks to queue
[2025-03-24T23:40:17.873+0000] {logging_mixin.py:188} INFO - [2025-03-24T23:40:17.872+0000] {dagbag.py:538} INFO - Filling up the DagBag from /home/airflow/.local/lib/python3.8/site-packages/airflow/example_dags/example_python_decorator.py
[2025-03-24T23:40:17.877+0000] {processor.py:840} INFO - DAG(s) 'example_python_decorator' retrieved from /home/airflow/.local/lib/python3.8/site-packages/airflow/example_dags/example_python_decorator.py
[2025-03-24T23:40:17.887+0000] {logging_mixin.py:188} INFO - [2025-03-24T23:40:17.887+0000] {dag.py:3033} INFO - Sync 1 DAGs
[2025-03-24T23:40:17.894+0000] {logging_mixin.py:188} INFO - [2025-03-24T23:40:17.894+0000] {dag.py:3820} INFO - Setting next_dagrun for example_python_decorator to None, run_after=None
[2025-03-24T23:40:17.902+0000] {processor.py:183} INFO - Processing /home/airflow/.local/lib/python3.8/site-packages/airflow/example_dags/example_python_decorator.py took 0.035 seconds
[2025-03-24T23:40:48.468+0000] {processor.py:161} INFO - Started process (PID=1826) to work on /home/airflow/.local/lib/python3.8/site-packages/airflow/example_dags/example_python_decorator.py
[2025-03-24T23:40:48.469+0000] {processor.py:830} INFO - Processing file /home/airflow/.local/lib/python3.8/site-packages/airflow/example_dags/example_python_decorator.py for tasks to queue
[2025-03-24T23:40:48.472+0000] {logging_mixin.py:188} INFO - [2025-03-24T23:40:48.472+0000] {dagbag.py:538} INFO - Filling up the DagBag from /home/airflow/.local/lib/python3.8/site-packages/airflow/example_dags/example_python_decorator.py
[2025-03-24T23:40:48.477+0000] {processor.py:840} INFO - DAG(s) 'example_python_decorator' retrieved from /home/airflow/.local/lib/python3.8/site-packages/airflow/example_dags/example_python_decorator.py
[2025-03-24T23:40:48.487+0000] {logging_mixin.py:188} INFO - [2025-03-24T23:40:48.487+0000] {dag.py:3033} INFO - Sync 1 DAGs
[2025-03-24T23:40:48.493+0000] {logging_mixin.py:188} INFO - [2025-03-24T23:40:48.493+0000] {dag.py:3820} INFO - Setting next_dagrun for example_python_decorator to None, run_after=None
[2025-03-24T23:40:48.501+0000] {processor.py:183} INFO - Processing /home/airflow/.local/lib/python3.8/site-packages/airflow/example_dags/example_python_decorator.py took 0.034 seconds
[2025-03-24T23:41:19.009+0000] {processor.py:161} INFO - Started process (PID=1881) to work on /home/airflow/.local/lib/python3.8/site-packages/airflow/example_dags/example_python_decorator.py
[2025-03-24T23:41:19.010+0000] {processor.py:830} INFO - Processing file /home/airflow/.local/lib/python3.8/site-packages/airflow/example_dags/example_python_decorator.py for tasks to queue
[2025-03-24T23:41:19.013+0000] {logging_mixin.py:188} INFO - [2025-03-24T23:41:19.013+0000] {dagbag.py:538} INFO - Filling up the DagBag from /home/airflow/.local/lib/python3.8/site-packages/airflow/example_dags/example_python_decorator.py
[2025-03-24T23:41:19.021+0000] {processor.py:840} INFO - DAG(s) 'example_python_decorator' retrieved from /home/airflow/.local/lib/python3.8/site-packages/airflow/example_dags/example_python_decorator.py
[2025-03-24T23:41:19.037+0000] {logging_mixin.py:188} INFO - [2025-03-24T23:41:19.037+0000] {dag.py:3033} INFO - Sync 1 DAGs
[2025-03-24T23:41:19.045+0000] {logging_mixin.py:188} INFO - [2025-03-24T23:41:19.045+0000] {dag.py:3820} INFO - Setting next_dagrun for example_python_decorator to None, run_after=None
[2025-03-24T23:41:19.057+0000] {processor.py:183} INFO - Processing /home/airflow/.local/lib/python3.8/site-packages/airflow/example_dags/example_python_decorator.py took 0.052 seconds
[2025-03-24T23:41:49.606+0000] {processor.py:161} INFO - Started process (PID=1936) to work on /home/airflow/.local/lib/python3.8/site-packages/airflow/example_dags/example_python_decorator.py
[2025-03-24T23:41:49.607+0000] {processor.py:830} INFO - Processing file /home/airflow/.local/lib/python3.8/site-packages/airflow/example_dags/example_python_decorator.py for tasks to queue
[2025-03-24T23:41:49.608+0000] {logging_mixin.py:188} INFO - [2025-03-24T23:41:49.608+0000] {dagbag.py:538} INFO - Filling up the DagBag from /home/airflow/.local/lib/python3.8/site-packages/airflow/example_dags/example_python_decorator.py
[2025-03-24T23:41:49.613+0000] {processor.py:840} INFO - DAG(s) 'example_python_decorator' retrieved from /home/airflow/.local/lib/python3.8/site-packages/airflow/example_dags/example_python_decorator.py
[2025-03-24T23:41:49.623+0000] {logging_mixin.py:188} INFO - [2025-03-24T23:41:49.623+0000] {dag.py:3033} INFO - Sync 1 DAGs
[2025-03-24T23:41:49.629+0000] {logging_mixin.py:188} INFO - [2025-03-24T23:41:49.629+0000] {dag.py:3820} INFO - Setting next_dagrun for example_python_decorator to None, run_after=None
[2025-03-24T23:41:49.641+0000] {processor.py:183} INFO - Processing /home/airflow/.local/lib/python3.8/site-packages/airflow/example_dags/example_python_decorator.py took 0.036 seconds
[2025-03-24T23:42:20.282+0000] {processor.py:161} INFO - Started process (PID=1991) to work on /home/airflow/.local/lib/python3.8/site-packages/airflow/example_dags/example_python_decorator.py
[2025-03-24T23:42:20.283+0000] {processor.py:830} INFO - Processing file /home/airflow/.local/lib/python3.8/site-packages/airflow/example_dags/example_python_decorator.py for tasks to queue
[2025-03-24T23:42:20.285+0000] {logging_mixin.py:188} INFO - [2025-03-24T23:42:20.284+0000] {dagbag.py:538} INFO - Filling up the DagBag from /home/airflow/.local/lib/python3.8/site-packages/airflow/example_dags/example_python_decorator.py
[2025-03-24T23:42:20.290+0000] {processor.py:840} INFO - DAG(s) 'example_python_decorator' retrieved from /home/airflow/.local/lib/python3.8/site-packages/airflow/example_dags/example_python_decorator.py
[2025-03-24T23:42:20.304+0000] {logging_mixin.py:188} INFO - [2025-03-24T23:42:20.304+0000] {dag.py:3033} INFO - Sync 1 DAGs
[2025-03-24T23:42:20.311+0000] {logging_mixin.py:188} INFO - [2025-03-24T23:42:20.311+0000] {dag.py:3820} INFO - Setting next_dagrun for example_python_decorator to None, run_after=None
[2025-03-24T23:42:20.320+0000] {processor.py:183} INFO - Processing /home/airflow/.local/lib/python3.8/site-packages/airflow/example_dags/example_python_decorator.py took 0.040 seconds
[2025-03-24T23:42:50.778+0000] {processor.py:161} INFO - Started process (PID=2046) to work on /home/airflow/.local/lib/python3.8/site-packages/airflow/example_dags/example_python_decorator.py
[2025-03-24T23:42:50.778+0000] {processor.py:830} INFO - Processing file /home/airflow/.local/lib/python3.8/site-packages/airflow/example_dags/example_python_decorator.py for tasks to queue
[2025-03-24T23:42:50.779+0000] {logging_mixin.py:188} INFO - [2025-03-24T23:42:50.779+0000] {dagbag.py:538} INFO - Filling up the DagBag from /home/airflow/.local/lib/python3.8/site-packages/airflow/example_dags/example_python_decorator.py
[2025-03-24T23:42:50.784+0000] {processor.py:840} INFO - DAG(s) 'example_python_decorator' retrieved from /home/airflow/.local/lib/python3.8/site-packages/airflow/example_dags/example_python_decorator.py
[2025-03-24T23:42:50.794+0000] {logging_mixin.py:188} INFO - [2025-03-24T23:42:50.794+0000] {dag.py:3033} INFO - Sync 1 DAGs
[2025-03-24T23:42:50.799+0000] {logging_mixin.py:188} INFO - [2025-03-24T23:42:50.798+0000] {dag.py:3820} INFO - Setting next_dagrun for example_python_decorator to None, run_after=None
[2025-03-24T23:42:50.806+0000] {processor.py:183} INFO - Processing /home/airflow/.local/lib/python3.8/site-packages/airflow/example_dags/example_python_decorator.py took 0.030 seconds
[2025-03-24T23:43:21.236+0000] {processor.py:161} INFO - Started process (PID=2101) to work on /home/airflow/.local/lib/python3.8/site-packages/airflow/example_dags/example_python_decorator.py
[2025-03-24T23:43:21.237+0000] {processor.py:830} INFO - Processing file /home/airflow/.local/lib/python3.8/site-packages/airflow/example_dags/example_python_decorator.py for tasks to queue
[2025-03-24T23:43:21.240+0000] {logging_mixin.py:188} INFO - [2025-03-24T23:43:21.240+0000] {dagbag.py:538} INFO - Filling up the DagBag from /home/airflow/.local/lib/python3.8/site-packages/airflow/example_dags/example_python_decorator.py
[2025-03-24T23:43:21.246+0000] {processor.py:840} INFO - DAG(s) 'example_python_decorator' retrieved from /home/airflow/.local/lib/python3.8/site-packages/airflow/example_dags/example_python_decorator.py
[2025-03-24T23:43:21.258+0000] {logging_mixin.py:188} INFO - [2025-03-24T23:43:21.258+0000] {dag.py:3033} INFO - Sync 1 DAGs
[2025-03-24T23:43:21.265+0000] {logging_mixin.py:188} INFO - [2025-03-24T23:43:21.265+0000] {dag.py:3820} INFO - Setting next_dagrun for example_python_decorator to None, run_after=None
[2025-03-24T23:43:21.274+0000] {processor.py:183} INFO - Processing /home/airflow/.local/lib/python3.8/site-packages/airflow/example_dags/example_python_decorator.py took 0.041 seconds
[2025-03-24T23:43:51.960+0000] {processor.py:161} INFO - Started process (PID=2156) to work on /home/airflow/.local/lib/python3.8/site-packages/airflow/example_dags/example_python_decorator.py
[2025-03-24T23:43:51.961+0000] {processor.py:830} INFO - Processing file /home/airflow/.local/lib/python3.8/site-packages/airflow/example_dags/example_python_decorator.py for tasks to queue
[2025-03-24T23:43:51.962+0000] {logging_mixin.py:188} INFO - [2025-03-24T23:43:51.962+0000] {dagbag.py:538} INFO - Filling up the DagBag from /home/airflow/.local/lib/python3.8/site-packages/airflow/example_dags/example_python_decorator.py
[2025-03-24T23:43:51.967+0000] {processor.py:840} INFO - DAG(s) 'example_python_decorator' retrieved from /home/airflow/.local/lib/python3.8/site-packages/airflow/example_dags/example_python_decorator.py
[2025-03-24T23:43:51.979+0000] {logging_mixin.py:188} INFO - [2025-03-24T23:43:51.979+0000] {dag.py:3033} INFO - Sync 1 DAGs
[2025-03-24T23:43:51.985+0000] {logging_mixin.py:188} INFO - [2025-03-24T23:43:51.985+0000] {dag.py:3820} INFO - Setting next_dagrun for example_python_decorator to None, run_after=None
[2025-03-24T23:43:51.994+0000] {processor.py:183} INFO - Processing /home/airflow/.local/lib/python3.8/site-packages/airflow/example_dags/example_python_decorator.py took 0.035 seconds
[2025-03-24T23:44:22.600+0000] {processor.py:161} INFO - Started process (PID=2211) to work on /home/airflow/.local/lib/python3.8/site-packages/airflow/example_dags/example_python_decorator.py
[2025-03-24T23:44:22.602+0000] {processor.py:830} INFO - Processing file /home/airflow/.local/lib/python3.8/site-packages/airflow/example_dags/example_python_decorator.py for tasks to queue
[2025-03-24T23:44:22.603+0000] {logging_mixin.py:188} INFO - [2025-03-24T23:44:22.603+0000] {dagbag.py:538} INFO - Filling up the DagBag from /home/airflow/.local/lib/python3.8/site-packages/airflow/example_dags/example_python_decorator.py
[2025-03-24T23:44:22.609+0000] {processor.py:840} INFO - DAG(s) 'example_python_decorator' retrieved from /home/airflow/.local/lib/python3.8/site-packages/airflow/example_dags/example_python_decorator.py
[2025-03-24T23:44:22.620+0000] {logging_mixin.py:188} INFO - [2025-03-24T23:44:22.620+0000] {dag.py:3033} INFO - Sync 1 DAGs
[2025-03-24T23:44:22.627+0000] {logging_mixin.py:188} INFO - [2025-03-24T23:44:22.627+0000] {dag.py:3820} INFO - Setting next_dagrun for example_python_decorator to None, run_after=None
[2025-03-24T23:44:22.637+0000] {processor.py:183} INFO - Processing /home/airflow/.local/lib/python3.8/site-packages/airflow/example_dags/example_python_decorator.py took 0.038 seconds
[2025-03-24T23:44:53.266+0000] {processor.py:161} INFO - Started process (PID=2266) to work on /home/airflow/.local/lib/python3.8/site-packages/airflow/example_dags/example_python_decorator.py
[2025-03-24T23:44:53.267+0000] {processor.py:830} INFO - Processing file /home/airflow/.local/lib/python3.8/site-packages/airflow/example_dags/example_python_decorator.py for tasks to queue
[2025-03-24T23:44:53.268+0000] {logging_mixin.py:188} INFO - [2025-03-24T23:44:53.268+0000] {dagbag.py:538} INFO - Filling up the DagBag from /home/airflow/.local/lib/python3.8/site-packages/airflow/example_dags/example_python_decorator.py
[2025-03-24T23:44:53.272+0000] {processor.py:840} INFO - DAG(s) 'example_python_decorator' retrieved from /home/airflow/.local/lib/python3.8/site-packages/airflow/example_dags/example_python_decorator.py
[2025-03-24T23:44:53.282+0000] {logging_mixin.py:188} INFO - [2025-03-24T23:44:53.282+0000] {dag.py:3033} INFO - Sync 1 DAGs
[2025-03-24T23:44:53.287+0000] {logging_mixin.py:188} INFO - [2025-03-24T23:44:53.287+0000] {dag.py:3820} INFO - Setting next_dagrun for example_python_decorator to None, run_after=None
[2025-03-24T23:44:53.294+0000] {processor.py:183} INFO - Processing /home/airflow/.local/lib/python3.8/site-packages/airflow/example_dags/example_python_decorator.py took 0.030 seconds
[2025-03-24T23:45:23.766+0000] {processor.py:161} INFO - Started process (PID=2321) to work on /home/airflow/.local/lib/python3.8/site-packages/airflow/example_dags/example_python_decorator.py
[2025-03-24T23:45:23.767+0000] {processor.py:830} INFO - Processing file /home/airflow/.local/lib/python3.8/site-packages/airflow/example_dags/example_python_decorator.py for tasks to queue
[2025-03-24T23:45:23.767+0000] {logging_mixin.py:188} INFO - [2025-03-24T23:45:23.767+0000] {dagbag.py:538} INFO - Filling up the DagBag from /home/airflow/.local/lib/python3.8/site-packages/airflow/example_dags/example_python_decorator.py
[2025-03-24T23:45:23.771+0000] {processor.py:840} INFO - DAG(s) 'example_python_decorator' retrieved from /home/airflow/.local/lib/python3.8/site-packages/airflow/example_dags/example_python_decorator.py
[2025-03-24T23:45:23.781+0000] {logging_mixin.py:188} INFO - [2025-03-24T23:45:23.781+0000] {dag.py:3033} INFO - Sync 1 DAGs
[2025-03-24T23:45:23.786+0000] {logging_mixin.py:188} INFO - [2025-03-24T23:45:23.785+0000] {dag.py:3820} INFO - Setting next_dagrun for example_python_decorator to None, run_after=None
[2025-03-24T23:45:23.792+0000] {processor.py:183} INFO - Processing /home/airflow/.local/lib/python3.8/site-packages/airflow/example_dags/example_python_decorator.py took 0.028 seconds
[2025-03-24T23:45:54.393+0000] {processor.py:161} INFO - Started process (PID=2375) to work on /home/airflow/.local/lib/python3.8/site-packages/airflow/example_dags/example_python_decorator.py
[2025-03-24T23:45:54.395+0000] {processor.py:830} INFO - Processing file /home/airflow/.local/lib/python3.8/site-packages/airflow/example_dags/example_python_decorator.py for tasks to queue
[2025-03-24T23:45:54.396+0000] {logging_mixin.py:188} INFO - [2025-03-24T23:45:54.396+0000] {dagbag.py:538} INFO - Filling up the DagBag from /home/airflow/.local/lib/python3.8/site-packages/airflow/example_dags/example_python_decorator.py
[2025-03-24T23:45:54.401+0000] {processor.py:840} INFO - DAG(s) 'example_python_decorator' retrieved from /home/airflow/.local/lib/python3.8/site-packages/airflow/example_dags/example_python_decorator.py
[2025-03-24T23:45:54.411+0000] {logging_mixin.py:188} INFO - [2025-03-24T23:45:54.411+0000] {dag.py:3033} INFO - Sync 1 DAGs
[2025-03-24T23:45:54.418+0000] {logging_mixin.py:188} INFO - [2025-03-24T23:45:54.418+0000] {dag.py:3820} INFO - Setting next_dagrun for example_python_decorator to None, run_after=None
[2025-03-24T23:45:54.426+0000] {processor.py:183} INFO - Processing /home/airflow/.local/lib/python3.8/site-packages/airflow/example_dags/example_python_decorator.py took 0.034 seconds
[2025-03-24T23:46:25.288+0000] {processor.py:161} INFO - Started process (PID=2430) to work on /home/airflow/.local/lib/python3.8/site-packages/airflow/example_dags/example_python_decorator.py
[2025-03-24T23:46:25.289+0000] {processor.py:830} INFO - Processing file /home/airflow/.local/lib/python3.8/site-packages/airflow/example_dags/example_python_decorator.py for tasks to queue
[2025-03-24T23:46:25.291+0000] {logging_mixin.py:188} INFO - [2025-03-24T23:46:25.290+0000] {dagbag.py:538} INFO - Filling up the DagBag from /home/airflow/.local/lib/python3.8/site-packages/airflow/example_dags/example_python_decorator.py
[2025-03-24T23:46:25.299+0000] {processor.py:840} INFO - DAG(s) 'example_python_decorator' retrieved from /home/airflow/.local/lib/python3.8/site-packages/airflow/example_dags/example_python_decorator.py
[2025-03-24T23:46:25.311+0000] {logging_mixin.py:188} INFO - [2025-03-24T23:46:25.310+0000] {dag.py:3033} INFO - Sync 1 DAGs
[2025-03-24T23:46:25.318+0000] {logging_mixin.py:188} INFO - [2025-03-24T23:46:25.318+0000] {dag.py:3820} INFO - Setting next_dagrun for example_python_decorator to None, run_after=None
[2025-03-24T23:46:25.326+0000] {processor.py:183} INFO - Processing /home/airflow/.local/lib/python3.8/site-packages/airflow/example_dags/example_python_decorator.py took 0.040 seconds
[2025-03-24T23:46:56.077+0000] {processor.py:161} INFO - Started process (PID=2485) to work on /home/airflow/.local/lib/python3.8/site-packages/airflow/example_dags/example_python_decorator.py
[2025-03-24T23:46:56.081+0000] {processor.py:830} INFO - Processing file /home/airflow/.local/lib/python3.8/site-packages/airflow/example_dags/example_python_decorator.py for tasks to queue
[2025-03-24T23:46:56.083+0000] {logging_mixin.py:188} INFO - [2025-03-24T23:46:56.082+0000] {dagbag.py:538} INFO - Filling up the DagBag from /home/airflow/.local/lib/python3.8/site-packages/airflow/example_dags/example_python_decorator.py
[2025-03-24T23:46:56.088+0000] {processor.py:840} INFO - DAG(s) 'example_python_decorator' retrieved from /home/airflow/.local/lib/python3.8/site-packages/airflow/example_dags/example_python_decorator.py
[2025-03-24T23:46:56.102+0000] {logging_mixin.py:188} INFO - [2025-03-24T23:46:56.101+0000] {dag.py:3033} INFO - Sync 1 DAGs
[2025-03-24T23:46:56.110+0000] {logging_mixin.py:188} INFO - [2025-03-24T23:46:56.110+0000] {dag.py:3820} INFO - Setting next_dagrun for example_python_decorator to None, run_after=None
[2025-03-24T23:46:56.120+0000] {processor.py:183} INFO - Processing /home/airflow/.local/lib/python3.8/site-packages/airflow/example_dags/example_python_decorator.py took 0.046 seconds
[2025-03-24T23:47:26.223+0000] {processor.py:161} INFO - Started process (PID=2540) to work on /home/airflow/.local/lib/python3.8/site-packages/airflow/example_dags/example_python_decorator.py
[2025-03-24T23:47:26.227+0000] {processor.py:830} INFO - Processing file /home/airflow/.local/lib/python3.8/site-packages/airflow/example_dags/example_python_decorator.py for tasks to queue
[2025-03-24T23:47:26.232+0000] {logging_mixin.py:188} INFO - [2025-03-24T23:47:26.231+0000] {dagbag.py:538} INFO - Filling up the DagBag from /home/airflow/.local/lib/python3.8/site-packages/airflow/example_dags/example_python_decorator.py
[2025-03-24T23:47:26.236+0000] {processor.py:840} INFO - DAG(s) 'example_python_decorator' retrieved from /home/airflow/.local/lib/python3.8/site-packages/airflow/example_dags/example_python_decorator.py
[2025-03-24T23:47:26.247+0000] {logging_mixin.py:188} INFO - [2025-03-24T23:47:26.246+0000] {dag.py:3033} INFO - Sync 1 DAGs
[2025-03-24T23:47:26.252+0000] {logging_mixin.py:188} INFO - [2025-03-24T23:47:26.252+0000] {dag.py:3820} INFO - Setting next_dagrun for example_python_decorator to None, run_after=None
[2025-03-24T23:47:26.260+0000] {processor.py:183} INFO - Processing /home/airflow/.local/lib/python3.8/site-packages/airflow/example_dags/example_python_decorator.py took 0.039 seconds
[2025-03-24T23:47:56.366+0000] {processor.py:161} INFO - Started process (PID=2595) to work on /home/airflow/.local/lib/python3.8/site-packages/airflow/example_dags/example_python_decorator.py
[2025-03-24T23:47:56.366+0000] {processor.py:830} INFO - Processing file /home/airflow/.local/lib/python3.8/site-packages/airflow/example_dags/example_python_decorator.py for tasks to queue
[2025-03-24T23:47:56.370+0000] {logging_mixin.py:188} INFO - [2025-03-24T23:47:56.370+0000] {dagbag.py:538} INFO - Filling up the DagBag from /home/airflow/.local/lib/python3.8/site-packages/airflow/example_dags/example_python_decorator.py
[2025-03-24T23:47:56.375+0000] {processor.py:840} INFO - DAG(s) 'example_python_decorator' retrieved from /home/airflow/.local/lib/python3.8/site-packages/airflow/example_dags/example_python_decorator.py
[2025-03-24T23:47:56.384+0000] {logging_mixin.py:188} INFO - [2025-03-24T23:47:56.384+0000] {dag.py:3033} INFO - Sync 1 DAGs
[2025-03-24T23:47:56.392+0000] {logging_mixin.py:188} INFO - [2025-03-24T23:47:56.392+0000] {dag.py:3820} INFO - Setting next_dagrun for example_python_decorator to None, run_after=None
[2025-03-24T23:47:56.399+0000] {processor.py:183} INFO - Processing /home/airflow/.local/lib/python3.8/site-packages/airflow/example_dags/example_python_decorator.py took 0.035 seconds
[2025-03-24T23:48:27.369+0000] {processor.py:161} INFO - Started process (PID=2650) to work on /home/airflow/.local/lib/python3.8/site-packages/airflow/example_dags/example_python_decorator.py
[2025-03-24T23:48:27.370+0000] {processor.py:830} INFO - Processing file /home/airflow/.local/lib/python3.8/site-packages/airflow/example_dags/example_python_decorator.py for tasks to queue
[2025-03-24T23:48:27.371+0000] {logging_mixin.py:188} INFO - [2025-03-24T23:48:27.371+0000] {dagbag.py:538} INFO - Filling up the DagBag from /home/airflow/.local/lib/python3.8/site-packages/airflow/example_dags/example_python_decorator.py
[2025-03-24T23:48:27.376+0000] {processor.py:840} INFO - DAG(s) 'example_python_decorator' retrieved from /home/airflow/.local/lib/python3.8/site-packages/airflow/example_dags/example_python_decorator.py
[2025-03-24T23:48:27.387+0000] {logging_mixin.py:188} INFO - [2025-03-24T23:48:27.387+0000] {dag.py:3033} INFO - Sync 1 DAGs
[2025-03-24T23:48:27.393+0000] {logging_mixin.py:188} INFO - [2025-03-24T23:48:27.392+0000] {dag.py:3820} INFO - Setting next_dagrun for example_python_decorator to None, run_after=None
[2025-03-24T23:48:27.401+0000] {processor.py:183} INFO - Processing /home/airflow/.local/lib/python3.8/site-packages/airflow/example_dags/example_python_decorator.py took 0.034 seconds
[2025-03-24T23:48:57.854+0000] {processor.py:161} INFO - Started process (PID=2705) to work on /home/airflow/.local/lib/python3.8/site-packages/airflow/example_dags/example_python_decorator.py
[2025-03-24T23:48:57.855+0000] {processor.py:830} INFO - Processing file /home/airflow/.local/lib/python3.8/site-packages/airflow/example_dags/example_python_decorator.py for tasks to queue
[2025-03-24T23:48:57.858+0000] {logging_mixin.py:188} INFO - [2025-03-24T23:48:57.857+0000] {dagbag.py:538} INFO - Filling up the DagBag from /home/airflow/.local/lib/python3.8/site-packages/airflow/example_dags/example_python_decorator.py
[2025-03-24T23:48:57.863+0000] {processor.py:840} INFO - DAG(s) 'example_python_decorator' retrieved from /home/airflow/.local/lib/python3.8/site-packages/airflow/example_dags/example_python_decorator.py
[2025-03-24T23:48:57.877+0000] {logging_mixin.py:188} INFO - [2025-03-24T23:48:57.877+0000] {dag.py:3033} INFO - Sync 1 DAGs
[2025-03-24T23:48:57.885+0000] {logging_mixin.py:188} INFO - [2025-03-24T23:48:57.884+0000] {dag.py:3820} INFO - Setting next_dagrun for example_python_decorator to None, run_after=None
[2025-03-24T23:48:57.894+0000] {processor.py:183} INFO - Processing /home/airflow/.local/lib/python3.8/site-packages/airflow/example_dags/example_python_decorator.py took 0.043 seconds
[2025-03-24T23:49:28.127+0000] {processor.py:161} INFO - Started process (PID=2760) to work on /home/airflow/.local/lib/python3.8/site-packages/airflow/example_dags/example_python_decorator.py
[2025-03-24T23:49:28.128+0000] {processor.py:830} INFO - Processing file /home/airflow/.local/lib/python3.8/site-packages/airflow/example_dags/example_python_decorator.py for tasks to queue
[2025-03-24T23:49:28.130+0000] {logging_mixin.py:188} INFO - [2025-03-24T23:49:28.129+0000] {dagbag.py:538} INFO - Filling up the DagBag from /home/airflow/.local/lib/python3.8/site-packages/airflow/example_dags/example_python_decorator.py
[2025-03-24T23:49:28.133+0000] {processor.py:840} INFO - DAG(s) 'example_python_decorator' retrieved from /home/airflow/.local/lib/python3.8/site-packages/airflow/example_dags/example_python_decorator.py
[2025-03-24T23:49:28.144+0000] {logging_mixin.py:188} INFO - [2025-03-24T23:49:28.144+0000] {dag.py:3033} INFO - Sync 1 DAGs
[2025-03-24T23:49:28.149+0000] {logging_mixin.py:188} INFO - [2025-03-24T23:49:28.149+0000] {dag.py:3820} INFO - Setting next_dagrun for example_python_decorator to None, run_after=None
[2025-03-24T23:49:28.164+0000] {processor.py:183} INFO - Processing /home/airflow/.local/lib/python3.8/site-packages/airflow/example_dags/example_python_decorator.py took 0.039 seconds
[2025-03-24T23:49:58.555+0000] {processor.py:161} INFO - Started process (PID=2814) to work on /home/airflow/.local/lib/python3.8/site-packages/airflow/example_dags/example_python_decorator.py
[2025-03-24T23:49:58.555+0000] {processor.py:830} INFO - Processing file /home/airflow/.local/lib/python3.8/site-packages/airflow/example_dags/example_python_decorator.py for tasks to queue
[2025-03-24T23:49:58.556+0000] {logging_mixin.py:188} INFO - [2025-03-24T23:49:58.556+0000] {dagbag.py:538} INFO - Filling up the DagBag from /home/airflow/.local/lib/python3.8/site-packages/airflow/example_dags/example_python_decorator.py
[2025-03-24T23:49:58.561+0000] {processor.py:840} INFO - DAG(s) 'example_python_decorator' retrieved from /home/airflow/.local/lib/python3.8/site-packages/airflow/example_dags/example_python_decorator.py
[2025-03-24T23:49:58.572+0000] {logging_mixin.py:188} INFO - [2025-03-24T23:49:58.572+0000] {dag.py:3033} INFO - Sync 1 DAGs
[2025-03-24T23:49:58.652+0000] {logging_mixin.py:188} INFO - [2025-03-24T23:49:58.652+0000] {dag.py:3820} INFO - Setting next_dagrun for example_python_decorator to None, run_after=None
[2025-03-24T23:49:58.669+0000] {processor.py:183} INFO - Processing /home/airflow/.local/lib/python3.8/site-packages/airflow/example_dags/example_python_decorator.py took 0.116 seconds
[2025-03-24T23:50:29.374+0000] {processor.py:161} INFO - Started process (PID=2869) to work on /home/airflow/.local/lib/python3.8/site-packages/airflow/example_dags/example_python_decorator.py
[2025-03-24T23:50:29.375+0000] {processor.py:830} INFO - Processing file /home/airflow/.local/lib/python3.8/site-packages/airflow/example_dags/example_python_decorator.py for tasks to queue
[2025-03-24T23:50:29.377+0000] {logging_mixin.py:188} INFO - [2025-03-24T23:50:29.377+0000] {dagbag.py:538} INFO - Filling up the DagBag from /home/airflow/.local/lib/python3.8/site-packages/airflow/example_dags/example_python_decorator.py
[2025-03-24T23:50:29.382+0000] {processor.py:840} INFO - DAG(s) 'example_python_decorator' retrieved from /home/airflow/.local/lib/python3.8/site-packages/airflow/example_dags/example_python_decorator.py
[2025-03-24T23:50:29.393+0000] {logging_mixin.py:188} INFO - [2025-03-24T23:50:29.393+0000] {dag.py:3033} INFO - Sync 1 DAGs
[2025-03-24T23:50:29.398+0000] {logging_mixin.py:188} INFO - [2025-03-24T23:50:29.398+0000] {dag.py:3820} INFO - Setting next_dagrun for example_python_decorator to None, run_after=None
[2025-03-24T23:50:29.407+0000] {processor.py:183} INFO - Processing /home/airflow/.local/lib/python3.8/site-packages/airflow/example_dags/example_python_decorator.py took 0.034 seconds
[2025-03-24T23:51:00.362+0000] {processor.py:161} INFO - Started process (PID=2924) to work on /home/airflow/.local/lib/python3.8/site-packages/airflow/example_dags/example_python_decorator.py
[2025-03-24T23:51:00.363+0000] {processor.py:830} INFO - Processing file /home/airflow/.local/lib/python3.8/site-packages/airflow/example_dags/example_python_decorator.py for tasks to queue
[2025-03-24T23:51:00.364+0000] {logging_mixin.py:188} INFO - [2025-03-24T23:51:00.364+0000] {dagbag.py:538} INFO - Filling up the DagBag from /home/airflow/.local/lib/python3.8/site-packages/airflow/example_dags/example_python_decorator.py
[2025-03-24T23:51:00.370+0000] {processor.py:840} INFO - DAG(s) 'example_python_decorator' retrieved from /home/airflow/.local/lib/python3.8/site-packages/airflow/example_dags/example_python_decorator.py
[2025-03-24T23:51:00.380+0000] {logging_mixin.py:188} INFO - [2025-03-24T23:51:00.380+0000] {dag.py:3033} INFO - Sync 1 DAGs
[2025-03-24T23:51:00.385+0000] {logging_mixin.py:188} INFO - [2025-03-24T23:51:00.384+0000] {dag.py:3820} INFO - Setting next_dagrun for example_python_decorator to None, run_after=None
[2025-03-24T23:51:00.393+0000] {processor.py:183} INFO - Processing /home/airflow/.local/lib/python3.8/site-packages/airflow/example_dags/example_python_decorator.py took 0.033 seconds
[2025-03-24T23:51:31.068+0000] {processor.py:161} INFO - Started process (PID=2979) to work on /home/airflow/.local/lib/python3.8/site-packages/airflow/example_dags/example_python_decorator.py
[2025-03-24T23:51:31.071+0000] {processor.py:830} INFO - Processing file /home/airflow/.local/lib/python3.8/site-packages/airflow/example_dags/example_python_decorator.py for tasks to queue
[2025-03-24T23:51:31.072+0000] {logging_mixin.py:188} INFO - [2025-03-24T23:51:31.072+0000] {dagbag.py:538} INFO - Filling up the DagBag from /home/airflow/.local/lib/python3.8/site-packages/airflow/example_dags/example_python_decorator.py
[2025-03-24T23:51:31.077+0000] {processor.py:840} INFO - DAG(s) 'example_python_decorator' retrieved from /home/airflow/.local/lib/python3.8/site-packages/airflow/example_dags/example_python_decorator.py
[2025-03-24T23:51:31.089+0000] {logging_mixin.py:188} INFO - [2025-03-24T23:51:31.089+0000] {dag.py:3033} INFO - Sync 1 DAGs
[2025-03-24T23:51:31.094+0000] {logging_mixin.py:188} INFO - [2025-03-24T23:51:31.094+0000] {dag.py:3820} INFO - Setting next_dagrun for example_python_decorator to None, run_after=None
[2025-03-24T23:51:31.108+0000] {processor.py:183} INFO - Processing /home/airflow/.local/lib/python3.8/site-packages/airflow/example_dags/example_python_decorator.py took 0.042 seconds
