[2025-03-24T23:24:26.089+0000] {processor.py:161} INFO - Started process (PID=57) to work on /home/airflow/.local/lib/python3.8/site-packages/airflow/example_dags/example_kubernetes_executor.py
[2025-03-24T23:24:26.091+0000] {processor.py:830} INFO - Processing file /home/airflow/.local/lib/python3.8/site-packages/airflow/example_dags/example_kubernetes_executor.py for tasks to queue
[2025-03-24T23:24:26.093+0000] {logging_mixin.py:188} INFO - [2025-03-24T23:24:26.093+0000] {dagbag.py:538} INFO - Filling up the DagBag from /home/airflow/.local/lib/python3.8/site-packages/airflow/example_dags/example_kubernetes_executor.py
[2025-03-24T23:24:26.119+0000] {processor.py:840} INFO - DAG(s) 'example_kubernetes_executor' retrieved from /home/airflow/.local/lib/python3.8/site-packages/airflow/example_dags/example_kubernetes_executor.py
[2025-03-24T23:24:26.128+0000] {logging_mixin.py:188} INFO - [2025-03-24T23:24:26.128+0000] {dag.py:3033} INFO - Sync 1 DAGs
[2025-03-24T23:24:26.137+0000] {logging_mixin.py:188} INFO - [2025-03-24T23:24:26.137+0000] {dag.py:3820} INFO - Setting next_dagrun for example_kubernetes_executor to None, run_after=None
[2025-03-24T23:24:26.151+0000] {processor.py:183} INFO - Processing /home/airflow/.local/lib/python3.8/site-packages/airflow/example_dags/example_kubernetes_executor.py took 0.065 seconds
[2025-03-24T23:24:56.296+0000] {processor.py:161} INFO - Started process (PID=112) to work on /home/airflow/.local/lib/python3.8/site-packages/airflow/example_dags/example_kubernetes_executor.py
[2025-03-24T23:24:56.297+0000] {processor.py:830} INFO - Processing file /home/airflow/.local/lib/python3.8/site-packages/airflow/example_dags/example_kubernetes_executor.py for tasks to queue
[2025-03-24T23:24:56.298+0000] {logging_mixin.py:188} INFO - [2025-03-24T23:24:56.298+0000] {dagbag.py:538} INFO - Filling up the DagBag from /home/airflow/.local/lib/python3.8/site-packages/airflow/example_dags/example_kubernetes_executor.py
[2025-03-24T23:24:56.307+0000] {processor.py:840} INFO - DAG(s) 'example_kubernetes_executor' retrieved from /home/airflow/.local/lib/python3.8/site-packages/airflow/example_dags/example_kubernetes_executor.py
[2025-03-24T23:24:56.380+0000] {logging_mixin.py:188} INFO - [2025-03-24T23:24:56.380+0000] {dag.py:3033} INFO - Sync 1 DAGs
[2025-03-24T23:24:56.390+0000] {logging_mixin.py:188} INFO - [2025-03-24T23:24:56.390+0000] {dag.py:3820} INFO - Setting next_dagrun for example_kubernetes_executor to None, run_after=None
[2025-03-24T23:24:56.408+0000] {processor.py:183} INFO - Processing /home/airflow/.local/lib/python3.8/site-packages/airflow/example_dags/example_kubernetes_executor.py took 0.114 seconds
[2025-03-24T23:25:27.383+0000] {processor.py:161} INFO - Started process (PID=167) to work on /home/airflow/.local/lib/python3.8/site-packages/airflow/example_dags/example_kubernetes_executor.py
[2025-03-24T23:25:27.384+0000] {processor.py:830} INFO - Processing file /home/airflow/.local/lib/python3.8/site-packages/airflow/example_dags/example_kubernetes_executor.py for tasks to queue
[2025-03-24T23:25:27.386+0000] {logging_mixin.py:188} INFO - [2025-03-24T23:25:27.386+0000] {dagbag.py:538} INFO - Filling up the DagBag from /home/airflow/.local/lib/python3.8/site-packages/airflow/example_dags/example_kubernetes_executor.py
[2025-03-24T23:25:27.399+0000] {processor.py:840} INFO - DAG(s) 'example_kubernetes_executor' retrieved from /home/airflow/.local/lib/python3.8/site-packages/airflow/example_dags/example_kubernetes_executor.py
[2025-03-24T23:25:27.424+0000] {logging_mixin.py:188} INFO - [2025-03-24T23:25:27.424+0000] {dag.py:3033} INFO - Sync 1 DAGs
[2025-03-24T23:25:27.431+0000] {logging_mixin.py:188} INFO - [2025-03-24T23:25:27.430+0000] {dag.py:3820} INFO - Setting next_dagrun for example_kubernetes_executor to None, run_after=None
[2025-03-24T23:25:27.442+0000] {processor.py:183} INFO - Processing /home/airflow/.local/lib/python3.8/site-packages/airflow/example_dags/example_kubernetes_executor.py took 0.064 seconds
[2025-03-24T23:25:57.988+0000] {processor.py:161} INFO - Started process (PID=222) to work on /home/airflow/.local/lib/python3.8/site-packages/airflow/example_dags/example_kubernetes_executor.py
[2025-03-24T23:25:57.991+0000] {processor.py:830} INFO - Processing file /home/airflow/.local/lib/python3.8/site-packages/airflow/example_dags/example_kubernetes_executor.py for tasks to queue
[2025-03-24T23:25:57.993+0000] {logging_mixin.py:188} INFO - [2025-03-24T23:25:57.993+0000] {dagbag.py:538} INFO - Filling up the DagBag from /home/airflow/.local/lib/python3.8/site-packages/airflow/example_dags/example_kubernetes_executor.py
[2025-03-24T23:25:58.004+0000] {processor.py:840} INFO - DAG(s) 'example_kubernetes_executor' retrieved from /home/airflow/.local/lib/python3.8/site-packages/airflow/example_dags/example_kubernetes_executor.py
[2025-03-24T23:25:58.031+0000] {logging_mixin.py:188} INFO - [2025-03-24T23:25:58.031+0000] {dag.py:3033} INFO - Sync 1 DAGs
[2025-03-24T23:25:58.036+0000] {logging_mixin.py:188} INFO - [2025-03-24T23:25:58.036+0000] {dag.py:3820} INFO - Setting next_dagrun for example_kubernetes_executor to None, run_after=None
[2025-03-24T23:25:58.047+0000] {processor.py:183} INFO - Processing /home/airflow/.local/lib/python3.8/site-packages/airflow/example_dags/example_kubernetes_executor.py took 0.063 seconds
[2025-03-24T23:26:28.720+0000] {processor.py:161} INFO - Started process (PID=283) to work on /home/airflow/.local/lib/python3.8/site-packages/airflow/example_dags/example_kubernetes_executor.py
[2025-03-24T23:26:28.720+0000] {processor.py:830} INFO - Processing file /home/airflow/.local/lib/python3.8/site-packages/airflow/example_dags/example_kubernetes_executor.py for tasks to queue
[2025-03-24T23:26:28.721+0000] {logging_mixin.py:188} INFO - [2025-03-24T23:26:28.721+0000] {dagbag.py:538} INFO - Filling up the DagBag from /home/airflow/.local/lib/python3.8/site-packages/airflow/example_dags/example_kubernetes_executor.py
[2025-03-24T23:26:28.727+0000] {processor.py:840} INFO - DAG(s) 'example_kubernetes_executor' retrieved from /home/airflow/.local/lib/python3.8/site-packages/airflow/example_dags/example_kubernetes_executor.py
[2025-03-24T23:26:28.744+0000] {logging_mixin.py:188} INFO - [2025-03-24T23:26:28.744+0000] {dag.py:3033} INFO - Sync 1 DAGs
[2025-03-24T23:26:28.750+0000] {logging_mixin.py:188} INFO - [2025-03-24T23:26:28.750+0000] {dag.py:3820} INFO - Setting next_dagrun for example_kubernetes_executor to None, run_after=None
[2025-03-24T23:26:28.760+0000] {processor.py:183} INFO - Processing /home/airflow/.local/lib/python3.8/site-packages/airflow/example_dags/example_kubernetes_executor.py took 0.042 seconds
[2025-03-24T23:26:59.262+0000] {processor.py:161} INFO - Started process (PID=338) to work on /home/airflow/.local/lib/python3.8/site-packages/airflow/example_dags/example_kubernetes_executor.py
[2025-03-24T23:26:59.265+0000] {processor.py:830} INFO - Processing file /home/airflow/.local/lib/python3.8/site-packages/airflow/example_dags/example_kubernetes_executor.py for tasks to queue
[2025-03-24T23:26:59.267+0000] {logging_mixin.py:188} INFO - [2025-03-24T23:26:59.267+0000] {dagbag.py:538} INFO - Filling up the DagBag from /home/airflow/.local/lib/python3.8/site-packages/airflow/example_dags/example_kubernetes_executor.py
[2025-03-24T23:26:59.275+0000] {processor.py:840} INFO - DAG(s) 'example_kubernetes_executor' retrieved from /home/airflow/.local/lib/python3.8/site-packages/airflow/example_dags/example_kubernetes_executor.py
[2025-03-24T23:26:59.294+0000] {logging_mixin.py:188} INFO - [2025-03-24T23:26:59.293+0000] {dag.py:3033} INFO - Sync 1 DAGs
[2025-03-24T23:26:59.299+0000] {logging_mixin.py:188} INFO - [2025-03-24T23:26:59.299+0000] {dag.py:3820} INFO - Setting next_dagrun for example_kubernetes_executor to None, run_after=None
[2025-03-24T23:26:59.308+0000] {processor.py:183} INFO - Processing /home/airflow/.local/lib/python3.8/site-packages/airflow/example_dags/example_kubernetes_executor.py took 0.047 seconds
[2025-03-24T23:27:29.950+0000] {processor.py:161} INFO - Started process (PID=393) to work on /home/airflow/.local/lib/python3.8/site-packages/airflow/example_dags/example_kubernetes_executor.py
[2025-03-24T23:27:29.951+0000] {processor.py:830} INFO - Processing file /home/airflow/.local/lib/python3.8/site-packages/airflow/example_dags/example_kubernetes_executor.py for tasks to queue
[2025-03-24T23:27:29.952+0000] {logging_mixin.py:188} INFO - [2025-03-24T23:27:29.952+0000] {dagbag.py:538} INFO - Filling up the DagBag from /home/airflow/.local/lib/python3.8/site-packages/airflow/example_dags/example_kubernetes_executor.py
[2025-03-24T23:27:29.959+0000] {processor.py:840} INFO - DAG(s) 'example_kubernetes_executor' retrieved from /home/airflow/.local/lib/python3.8/site-packages/airflow/example_dags/example_kubernetes_executor.py
[2025-03-24T23:27:29.983+0000] {logging_mixin.py:188} INFO - [2025-03-24T23:27:29.983+0000] {dag.py:3033} INFO - Sync 1 DAGs
[2025-03-24T23:27:29.990+0000] {logging_mixin.py:188} INFO - [2025-03-24T23:27:29.990+0000] {dag.py:3820} INFO - Setting next_dagrun for example_kubernetes_executor to None, run_after=None
[2025-03-24T23:27:30.002+0000] {processor.py:183} INFO - Processing /home/airflow/.local/lib/python3.8/site-packages/airflow/example_dags/example_kubernetes_executor.py took 0.054 seconds
[2025-03-24T23:28:00.627+0000] {processor.py:161} INFO - Started process (PID=448) to work on /home/airflow/.local/lib/python3.8/site-packages/airflow/example_dags/example_kubernetes_executor.py
[2025-03-24T23:28:00.628+0000] {processor.py:830} INFO - Processing file /home/airflow/.local/lib/python3.8/site-packages/airflow/example_dags/example_kubernetes_executor.py for tasks to queue
[2025-03-24T23:28:00.630+0000] {logging_mixin.py:188} INFO - [2025-03-24T23:28:00.630+0000] {dagbag.py:538} INFO - Filling up the DagBag from /home/airflow/.local/lib/python3.8/site-packages/airflow/example_dags/example_kubernetes_executor.py
[2025-03-24T23:28:00.641+0000] {processor.py:840} INFO - DAG(s) 'example_kubernetes_executor' retrieved from /home/airflow/.local/lib/python3.8/site-packages/airflow/example_dags/example_kubernetes_executor.py
[2025-03-24T23:28:00.670+0000] {logging_mixin.py:188} INFO - [2025-03-24T23:28:00.670+0000] {dag.py:3033} INFO - Sync 1 DAGs
[2025-03-24T23:28:00.676+0000] {logging_mixin.py:188} INFO - [2025-03-24T23:28:00.676+0000] {dag.py:3820} INFO - Setting next_dagrun for example_kubernetes_executor to None, run_after=None
[2025-03-24T23:28:00.688+0000] {processor.py:183} INFO - Processing /home/airflow/.local/lib/python3.8/site-packages/airflow/example_dags/example_kubernetes_executor.py took 0.065 seconds
[2025-03-24T23:28:31.380+0000] {processor.py:161} INFO - Started process (PID=503) to work on /home/airflow/.local/lib/python3.8/site-packages/airflow/example_dags/example_kubernetes_executor.py
[2025-03-24T23:28:31.381+0000] {processor.py:830} INFO - Processing file /home/airflow/.local/lib/python3.8/site-packages/airflow/example_dags/example_kubernetes_executor.py for tasks to queue
[2025-03-24T23:28:31.384+0000] {logging_mixin.py:188} INFO - [2025-03-24T23:28:31.383+0000] {dagbag.py:538} INFO - Filling up the DagBag from /home/airflow/.local/lib/python3.8/site-packages/airflow/example_dags/example_kubernetes_executor.py
[2025-03-24T23:28:31.401+0000] {processor.py:840} INFO - DAG(s) 'example_kubernetes_executor' retrieved from /home/airflow/.local/lib/python3.8/site-packages/airflow/example_dags/example_kubernetes_executor.py
[2025-03-24T23:28:31.431+0000] {logging_mixin.py:188} INFO - [2025-03-24T23:28:31.431+0000] {dag.py:3033} INFO - Sync 1 DAGs
[2025-03-24T23:28:31.438+0000] {logging_mixin.py:188} INFO - [2025-03-24T23:28:31.438+0000] {dag.py:3820} INFO - Setting next_dagrun for example_kubernetes_executor to None, run_after=None
[2025-03-24T23:28:31.451+0000] {processor.py:183} INFO - Processing /home/airflow/.local/lib/python3.8/site-packages/airflow/example_dags/example_kubernetes_executor.py took 0.077 seconds
[2025-03-24T23:29:02.126+0000] {processor.py:161} INFO - Started process (PID=558) to work on /home/airflow/.local/lib/python3.8/site-packages/airflow/example_dags/example_kubernetes_executor.py
[2025-03-24T23:29:02.127+0000] {processor.py:830} INFO - Processing file /home/airflow/.local/lib/python3.8/site-packages/airflow/example_dags/example_kubernetes_executor.py for tasks to queue
[2025-03-24T23:29:02.129+0000] {logging_mixin.py:188} INFO - [2025-03-24T23:29:02.129+0000] {dagbag.py:538} INFO - Filling up the DagBag from /home/airflow/.local/lib/python3.8/site-packages/airflow/example_dags/example_kubernetes_executor.py
[2025-03-24T23:29:02.142+0000] {processor.py:840} INFO - DAG(s) 'example_kubernetes_executor' retrieved from /home/airflow/.local/lib/python3.8/site-packages/airflow/example_dags/example_kubernetes_executor.py
[2025-03-24T23:29:02.169+0000] {logging_mixin.py:188} INFO - [2025-03-24T23:29:02.169+0000] {dag.py:3033} INFO - Sync 1 DAGs
[2025-03-24T23:29:02.178+0000] {logging_mixin.py:188} INFO - [2025-03-24T23:29:02.178+0000] {dag.py:3820} INFO - Setting next_dagrun for example_kubernetes_executor to None, run_after=None
[2025-03-24T23:29:02.190+0000] {processor.py:183} INFO - Processing /home/airflow/.local/lib/python3.8/site-packages/airflow/example_dags/example_kubernetes_executor.py took 0.068 seconds
[2025-03-24T23:29:32.824+0000] {processor.py:161} INFO - Started process (PID=613) to work on /home/airflow/.local/lib/python3.8/site-packages/airflow/example_dags/example_kubernetes_executor.py
[2025-03-24T23:29:32.825+0000] {processor.py:830} INFO - Processing file /home/airflow/.local/lib/python3.8/site-packages/airflow/example_dags/example_kubernetes_executor.py for tasks to queue
[2025-03-24T23:29:32.827+0000] {logging_mixin.py:188} INFO - [2025-03-24T23:29:32.827+0000] {dagbag.py:538} INFO - Filling up the DagBag from /home/airflow/.local/lib/python3.8/site-packages/airflow/example_dags/example_kubernetes_executor.py
[2025-03-24T23:29:32.841+0000] {processor.py:840} INFO - DAG(s) 'example_kubernetes_executor' retrieved from /home/airflow/.local/lib/python3.8/site-packages/airflow/example_dags/example_kubernetes_executor.py
[2025-03-24T23:29:32.867+0000] {logging_mixin.py:188} INFO - [2025-03-24T23:29:32.867+0000] {dag.py:3033} INFO - Sync 1 DAGs
[2025-03-24T23:29:32.874+0000] {logging_mixin.py:188} INFO - [2025-03-24T23:29:32.874+0000] {dag.py:3820} INFO - Setting next_dagrun for example_kubernetes_executor to None, run_after=None
[2025-03-24T23:29:32.884+0000] {processor.py:183} INFO - Processing /home/airflow/.local/lib/python3.8/site-packages/airflow/example_dags/example_kubernetes_executor.py took 0.065 seconds
[2025-03-24T23:30:03.555+0000] {processor.py:161} INFO - Started process (PID=668) to work on /home/airflow/.local/lib/python3.8/site-packages/airflow/example_dags/example_kubernetes_executor.py
[2025-03-24T23:30:03.557+0000] {processor.py:830} INFO - Processing file /home/airflow/.local/lib/python3.8/site-packages/airflow/example_dags/example_kubernetes_executor.py for tasks to queue
[2025-03-24T23:30:03.559+0000] {logging_mixin.py:188} INFO - [2025-03-24T23:30:03.559+0000] {dagbag.py:538} INFO - Filling up the DagBag from /home/airflow/.local/lib/python3.8/site-packages/airflow/example_dags/example_kubernetes_executor.py
[2025-03-24T23:30:03.572+0000] {processor.py:840} INFO - DAG(s) 'example_kubernetes_executor' retrieved from /home/airflow/.local/lib/python3.8/site-packages/airflow/example_dags/example_kubernetes_executor.py
[2025-03-24T23:30:03.596+0000] {logging_mixin.py:188} INFO - [2025-03-24T23:30:03.596+0000] {dag.py:3033} INFO - Sync 1 DAGs
[2025-03-24T23:30:03.604+0000] {logging_mixin.py:188} INFO - [2025-03-24T23:30:03.604+0000] {dag.py:3820} INFO - Setting next_dagrun for example_kubernetes_executor to None, run_after=None
[2025-03-24T23:30:03.613+0000] {processor.py:183} INFO - Processing /home/airflow/.local/lib/python3.8/site-packages/airflow/example_dags/example_kubernetes_executor.py took 0.063 seconds
[2025-03-24T23:30:34.088+0000] {processor.py:161} INFO - Started process (PID=723) to work on /home/airflow/.local/lib/python3.8/site-packages/airflow/example_dags/example_kubernetes_executor.py
[2025-03-24T23:30:34.089+0000] {processor.py:830} INFO - Processing file /home/airflow/.local/lib/python3.8/site-packages/airflow/example_dags/example_kubernetes_executor.py for tasks to queue
[2025-03-24T23:30:34.092+0000] {logging_mixin.py:188} INFO - [2025-03-24T23:30:34.091+0000] {dagbag.py:538} INFO - Filling up the DagBag from /home/airflow/.local/lib/python3.8/site-packages/airflow/example_dags/example_kubernetes_executor.py
[2025-03-24T23:30:34.104+0000] {processor.py:840} INFO - DAG(s) 'example_kubernetes_executor' retrieved from /home/airflow/.local/lib/python3.8/site-packages/airflow/example_dags/example_kubernetes_executor.py
[2025-03-24T23:30:34.127+0000] {logging_mixin.py:188} INFO - [2025-03-24T23:30:34.127+0000] {dag.py:3033} INFO - Sync 1 DAGs
[2025-03-24T23:30:34.134+0000] {logging_mixin.py:188} INFO - [2025-03-24T23:30:34.134+0000] {dag.py:3820} INFO - Setting next_dagrun for example_kubernetes_executor to None, run_after=None
[2025-03-24T23:30:34.143+0000] {processor.py:183} INFO - Processing /home/airflow/.local/lib/python3.8/site-packages/airflow/example_dags/example_kubernetes_executor.py took 0.060 seconds
[2025-03-24T23:31:05.000+0000] {processor.py:161} INFO - Started process (PID=778) to work on /home/airflow/.local/lib/python3.8/site-packages/airflow/example_dags/example_kubernetes_executor.py
[2025-03-24T23:31:05.001+0000] {processor.py:830} INFO - Processing file /home/airflow/.local/lib/python3.8/site-packages/airflow/example_dags/example_kubernetes_executor.py for tasks to queue
[2025-03-24T23:31:05.003+0000] {logging_mixin.py:188} INFO - [2025-03-24T23:31:05.003+0000] {dagbag.py:538} INFO - Filling up the DagBag from /home/airflow/.local/lib/python3.8/site-packages/airflow/example_dags/example_kubernetes_executor.py
[2025-03-24T23:31:05.016+0000] {processor.py:840} INFO - DAG(s) 'example_kubernetes_executor' retrieved from /home/airflow/.local/lib/python3.8/site-packages/airflow/example_dags/example_kubernetes_executor.py
[2025-03-24T23:31:05.039+0000] {logging_mixin.py:188} INFO - [2025-03-24T23:31:05.039+0000] {dag.py:3033} INFO - Sync 1 DAGs
[2025-03-24T23:31:05.045+0000] {logging_mixin.py:188} INFO - [2025-03-24T23:31:05.045+0000] {dag.py:3820} INFO - Setting next_dagrun for example_kubernetes_executor to None, run_after=None
[2025-03-24T23:31:05.055+0000] {processor.py:183} INFO - Processing /home/airflow/.local/lib/python3.8/site-packages/airflow/example_dags/example_kubernetes_executor.py took 0.060 seconds
[2025-03-24T23:31:35.787+0000] {processor.py:161} INFO - Started process (PID=833) to work on /home/airflow/.local/lib/python3.8/site-packages/airflow/example_dags/example_kubernetes_executor.py
[2025-03-24T23:31:35.788+0000] {processor.py:830} INFO - Processing file /home/airflow/.local/lib/python3.8/site-packages/airflow/example_dags/example_kubernetes_executor.py for tasks to queue
[2025-03-24T23:31:35.791+0000] {logging_mixin.py:188} INFO - [2025-03-24T23:31:35.791+0000] {dagbag.py:538} INFO - Filling up the DagBag from /home/airflow/.local/lib/python3.8/site-packages/airflow/example_dags/example_kubernetes_executor.py
[2025-03-24T23:31:35.803+0000] {processor.py:840} INFO - DAG(s) 'example_kubernetes_executor' retrieved from /home/airflow/.local/lib/python3.8/site-packages/airflow/example_dags/example_kubernetes_executor.py
[2025-03-24T23:31:35.826+0000] {logging_mixin.py:188} INFO - [2025-03-24T23:31:35.825+0000] {dag.py:3033} INFO - Sync 1 DAGs
[2025-03-24T23:31:35.832+0000] {logging_mixin.py:188} INFO - [2025-03-24T23:31:35.832+0000] {dag.py:3820} INFO - Setting next_dagrun for example_kubernetes_executor to None, run_after=None
[2025-03-24T23:31:35.841+0000] {processor.py:183} INFO - Processing /home/airflow/.local/lib/python3.8/site-packages/airflow/example_dags/example_kubernetes_executor.py took 0.059 seconds
[2025-03-24T23:32:06.441+0000] {processor.py:161} INFO - Started process (PID=888) to work on /home/airflow/.local/lib/python3.8/site-packages/airflow/example_dags/example_kubernetes_executor.py
[2025-03-24T23:32:06.443+0000] {processor.py:830} INFO - Processing file /home/airflow/.local/lib/python3.8/site-packages/airflow/example_dags/example_kubernetes_executor.py for tasks to queue
[2025-03-24T23:32:06.445+0000] {logging_mixin.py:188} INFO - [2025-03-24T23:32:06.445+0000] {dagbag.py:538} INFO - Filling up the DagBag from /home/airflow/.local/lib/python3.8/site-packages/airflow/example_dags/example_kubernetes_executor.py
[2025-03-24T23:32:06.458+0000] {processor.py:840} INFO - DAG(s) 'example_kubernetes_executor' retrieved from /home/airflow/.local/lib/python3.8/site-packages/airflow/example_dags/example_kubernetes_executor.py
[2025-03-24T23:32:06.487+0000] {logging_mixin.py:188} INFO - [2025-03-24T23:32:06.487+0000] {dag.py:3033} INFO - Sync 1 DAGs
[2025-03-24T23:32:06.496+0000] {logging_mixin.py:188} INFO - [2025-03-24T23:32:06.496+0000] {dag.py:3820} INFO - Setting next_dagrun for example_kubernetes_executor to None, run_after=None
[2025-03-24T23:32:06.518+0000] {processor.py:183} INFO - Processing /home/airflow/.local/lib/python3.8/site-packages/airflow/example_dags/example_kubernetes_executor.py took 0.083 seconds
[2025-03-24T23:32:37.499+0000] {processor.py:161} INFO - Started process (PID=943) to work on /home/airflow/.local/lib/python3.8/site-packages/airflow/example_dags/example_kubernetes_executor.py
[2025-03-24T23:32:37.501+0000] {processor.py:830} INFO - Processing file /home/airflow/.local/lib/python3.8/site-packages/airflow/example_dags/example_kubernetes_executor.py for tasks to queue
[2025-03-24T23:32:37.504+0000] {logging_mixin.py:188} INFO - [2025-03-24T23:32:37.503+0000] {dagbag.py:538} INFO - Filling up the DagBag from /home/airflow/.local/lib/python3.8/site-packages/airflow/example_dags/example_kubernetes_executor.py
[2025-03-24T23:32:37.515+0000] {processor.py:840} INFO - DAG(s) 'example_kubernetes_executor' retrieved from /home/airflow/.local/lib/python3.8/site-packages/airflow/example_dags/example_kubernetes_executor.py
[2025-03-24T23:32:37.542+0000] {logging_mixin.py:188} INFO - [2025-03-24T23:32:37.542+0000] {dag.py:3033} INFO - Sync 1 DAGs
[2025-03-24T23:32:37.550+0000] {logging_mixin.py:188} INFO - [2025-03-24T23:32:37.550+0000] {dag.py:3820} INFO - Setting next_dagrun for example_kubernetes_executor to None, run_after=None
[2025-03-24T23:32:37.561+0000] {processor.py:183} INFO - Processing /home/airflow/.local/lib/python3.8/site-packages/airflow/example_dags/example_kubernetes_executor.py took 0.066 seconds
[2025-03-24T23:33:08.015+0000] {processor.py:161} INFO - Started process (PID=998) to work on /home/airflow/.local/lib/python3.8/site-packages/airflow/example_dags/example_kubernetes_executor.py
[2025-03-24T23:33:08.018+0000] {processor.py:830} INFO - Processing file /home/airflow/.local/lib/python3.8/site-packages/airflow/example_dags/example_kubernetes_executor.py for tasks to queue
[2025-03-24T23:33:08.020+0000] {logging_mixin.py:188} INFO - [2025-03-24T23:33:08.019+0000] {dagbag.py:538} INFO - Filling up the DagBag from /home/airflow/.local/lib/python3.8/site-packages/airflow/example_dags/example_kubernetes_executor.py
[2025-03-24T23:33:08.032+0000] {processor.py:840} INFO - DAG(s) 'example_kubernetes_executor' retrieved from /home/airflow/.local/lib/python3.8/site-packages/airflow/example_dags/example_kubernetes_executor.py
[2025-03-24T23:33:08.057+0000] {logging_mixin.py:188} INFO - [2025-03-24T23:33:08.057+0000] {dag.py:3033} INFO - Sync 1 DAGs
[2025-03-24T23:33:08.063+0000] {logging_mixin.py:188} INFO - [2025-03-24T23:33:08.063+0000] {dag.py:3820} INFO - Setting next_dagrun for example_kubernetes_executor to None, run_after=None
[2025-03-24T23:33:08.073+0000] {processor.py:183} INFO - Processing /home/airflow/.local/lib/python3.8/site-packages/airflow/example_dags/example_kubernetes_executor.py took 0.062 seconds
[2025-03-24T23:33:38.633+0000] {processor.py:161} INFO - Started process (PID=1053) to work on /home/airflow/.local/lib/python3.8/site-packages/airflow/example_dags/example_kubernetes_executor.py
[2025-03-24T23:33:38.634+0000] {processor.py:830} INFO - Processing file /home/airflow/.local/lib/python3.8/site-packages/airflow/example_dags/example_kubernetes_executor.py for tasks to queue
[2025-03-24T23:33:38.637+0000] {logging_mixin.py:188} INFO - [2025-03-24T23:33:38.637+0000] {dagbag.py:538} INFO - Filling up the DagBag from /home/airflow/.local/lib/python3.8/site-packages/airflow/example_dags/example_kubernetes_executor.py
[2025-03-24T23:33:38.652+0000] {processor.py:840} INFO - DAG(s) 'example_kubernetes_executor' retrieved from /home/airflow/.local/lib/python3.8/site-packages/airflow/example_dags/example_kubernetes_executor.py
[2025-03-24T23:33:38.676+0000] {logging_mixin.py:188} INFO - [2025-03-24T23:33:38.676+0000] {dag.py:3033} INFO - Sync 1 DAGs
[2025-03-24T23:33:38.684+0000] {logging_mixin.py:188} INFO - [2025-03-24T23:33:38.684+0000] {dag.py:3820} INFO - Setting next_dagrun for example_kubernetes_executor to None, run_after=None
[2025-03-24T23:33:38.693+0000] {processor.py:183} INFO - Processing /home/airflow/.local/lib/python3.8/site-packages/airflow/example_dags/example_kubernetes_executor.py took 0.065 seconds
[2025-03-24T23:34:09.219+0000] {processor.py:161} INFO - Started process (PID=1108) to work on /home/airflow/.local/lib/python3.8/site-packages/airflow/example_dags/example_kubernetes_executor.py
[2025-03-24T23:34:09.220+0000] {processor.py:830} INFO - Processing file /home/airflow/.local/lib/python3.8/site-packages/airflow/example_dags/example_kubernetes_executor.py for tasks to queue
[2025-03-24T23:34:09.221+0000] {logging_mixin.py:188} INFO - [2025-03-24T23:34:09.221+0000] {dagbag.py:538} INFO - Filling up the DagBag from /home/airflow/.local/lib/python3.8/site-packages/airflow/example_dags/example_kubernetes_executor.py
[2025-03-24T23:34:09.230+0000] {processor.py:840} INFO - DAG(s) 'example_kubernetes_executor' retrieved from /home/airflow/.local/lib/python3.8/site-packages/airflow/example_dags/example_kubernetes_executor.py
[2025-03-24T23:34:09.250+0000] {logging_mixin.py:188} INFO - [2025-03-24T23:34:09.250+0000] {dag.py:3033} INFO - Sync 1 DAGs
[2025-03-24T23:34:09.256+0000] {logging_mixin.py:188} INFO - [2025-03-24T23:34:09.256+0000] {dag.py:3820} INFO - Setting next_dagrun for example_kubernetes_executor to None, run_after=None
[2025-03-24T23:34:09.265+0000] {processor.py:183} INFO - Processing /home/airflow/.local/lib/python3.8/site-packages/airflow/example_dags/example_kubernetes_executor.py took 0.048 seconds
[2025-03-24T23:34:39.848+0000] {processor.py:161} INFO - Started process (PID=1163) to work on /home/airflow/.local/lib/python3.8/site-packages/airflow/example_dags/example_kubernetes_executor.py
[2025-03-24T23:34:39.850+0000] {processor.py:830} INFO - Processing file /home/airflow/.local/lib/python3.8/site-packages/airflow/example_dags/example_kubernetes_executor.py for tasks to queue
[2025-03-24T23:34:39.853+0000] {logging_mixin.py:188} INFO - [2025-03-24T23:34:39.853+0000] {dagbag.py:538} INFO - Filling up the DagBag from /home/airflow/.local/lib/python3.8/site-packages/airflow/example_dags/example_kubernetes_executor.py
[2025-03-24T23:34:39.873+0000] {processor.py:840} INFO - DAG(s) 'example_kubernetes_executor' retrieved from /home/airflow/.local/lib/python3.8/site-packages/airflow/example_dags/example_kubernetes_executor.py
[2025-03-24T23:34:39.922+0000] {logging_mixin.py:188} INFO - [2025-03-24T23:34:39.922+0000] {dag.py:3033} INFO - Sync 1 DAGs
[2025-03-24T23:34:39.931+0000] {logging_mixin.py:188} INFO - [2025-03-24T23:34:39.931+0000] {dag.py:3820} INFO - Setting next_dagrun for example_kubernetes_executor to None, run_after=None
[2025-03-24T23:34:39.949+0000] {processor.py:183} INFO - Processing /home/airflow/.local/lib/python3.8/site-packages/airflow/example_dags/example_kubernetes_executor.py took 0.108 seconds
[2025-03-24T23:35:10.012+0000] {processor.py:161} INFO - Started process (PID=1218) to work on /home/airflow/.local/lib/python3.8/site-packages/airflow/example_dags/example_kubernetes_executor.py
[2025-03-24T23:35:10.013+0000] {processor.py:830} INFO - Processing file /home/airflow/.local/lib/python3.8/site-packages/airflow/example_dags/example_kubernetes_executor.py for tasks to queue
[2025-03-24T23:35:10.016+0000] {logging_mixin.py:188} INFO - [2025-03-24T23:35:10.016+0000] {dagbag.py:538} INFO - Filling up the DagBag from /home/airflow/.local/lib/python3.8/site-packages/airflow/example_dags/example_kubernetes_executor.py
[2025-03-24T23:35:10.036+0000] {processor.py:840} INFO - DAG(s) 'example_kubernetes_executor' retrieved from /home/airflow/.local/lib/python3.8/site-packages/airflow/example_dags/example_kubernetes_executor.py
[2025-03-24T23:35:10.065+0000] {logging_mixin.py:188} INFO - [2025-03-24T23:35:10.065+0000] {dag.py:3033} INFO - Sync 1 DAGs
[2025-03-24T23:35:10.073+0000] {logging_mixin.py:188} INFO - [2025-03-24T23:35:10.073+0000] {dag.py:3820} INFO - Setting next_dagrun for example_kubernetes_executor to None, run_after=None
[2025-03-24T23:35:10.089+0000] {processor.py:183} INFO - Processing /home/airflow/.local/lib/python3.8/site-packages/airflow/example_dags/example_kubernetes_executor.py took 0.082 seconds
[2025-03-24T23:35:40.865+0000] {processor.py:161} INFO - Started process (PID=1273) to work on /home/airflow/.local/lib/python3.8/site-packages/airflow/example_dags/example_kubernetes_executor.py
[2025-03-24T23:35:40.867+0000] {processor.py:830} INFO - Processing file /home/airflow/.local/lib/python3.8/site-packages/airflow/example_dags/example_kubernetes_executor.py for tasks to queue
[2025-03-24T23:35:40.869+0000] {logging_mixin.py:188} INFO - [2025-03-24T23:35:40.869+0000] {dagbag.py:538} INFO - Filling up the DagBag from /home/airflow/.local/lib/python3.8/site-packages/airflow/example_dags/example_kubernetes_executor.py
[2025-03-24T23:35:40.880+0000] {processor.py:840} INFO - DAG(s) 'example_kubernetes_executor' retrieved from /home/airflow/.local/lib/python3.8/site-packages/airflow/example_dags/example_kubernetes_executor.py
[2025-03-24T23:35:40.910+0000] {logging_mixin.py:188} INFO - [2025-03-24T23:35:40.910+0000] {dag.py:3033} INFO - Sync 1 DAGs
[2025-03-24T23:35:40.919+0000] {logging_mixin.py:188} INFO - [2025-03-24T23:35:40.919+0000] {dag.py:3820} INFO - Setting next_dagrun for example_kubernetes_executor to None, run_after=None
[2025-03-24T23:35:40.930+0000] {processor.py:183} INFO - Processing /home/airflow/.local/lib/python3.8/site-packages/airflow/example_dags/example_kubernetes_executor.py took 0.069 seconds
[2025-03-24T23:36:11.589+0000] {processor.py:161} INFO - Started process (PID=1328) to work on /home/airflow/.local/lib/python3.8/site-packages/airflow/example_dags/example_kubernetes_executor.py
[2025-03-24T23:36:11.590+0000] {processor.py:830} INFO - Processing file /home/airflow/.local/lib/python3.8/site-packages/airflow/example_dags/example_kubernetes_executor.py for tasks to queue
[2025-03-24T23:36:11.592+0000] {logging_mixin.py:188} INFO - [2025-03-24T23:36:11.592+0000] {dagbag.py:538} INFO - Filling up the DagBag from /home/airflow/.local/lib/python3.8/site-packages/airflow/example_dags/example_kubernetes_executor.py
[2025-03-24T23:36:11.607+0000] {processor.py:840} INFO - DAG(s) 'example_kubernetes_executor' retrieved from /home/airflow/.local/lib/python3.8/site-packages/airflow/example_dags/example_kubernetes_executor.py
[2025-03-24T23:36:11.629+0000] {logging_mixin.py:188} INFO - [2025-03-24T23:36:11.629+0000] {dag.py:3033} INFO - Sync 1 DAGs
[2025-03-24T23:36:11.635+0000] {logging_mixin.py:188} INFO - [2025-03-24T23:36:11.635+0000] {dag.py:3820} INFO - Setting next_dagrun for example_kubernetes_executor to None, run_after=None
[2025-03-24T23:36:11.645+0000] {processor.py:183} INFO - Processing /home/airflow/.local/lib/python3.8/site-packages/airflow/example_dags/example_kubernetes_executor.py took 0.061 seconds
[2025-03-24T23:36:42.299+0000] {processor.py:161} INFO - Started process (PID=1383) to work on /home/airflow/.local/lib/python3.8/site-packages/airflow/example_dags/example_kubernetes_executor.py
[2025-03-24T23:36:42.299+0000] {processor.py:830} INFO - Processing file /home/airflow/.local/lib/python3.8/site-packages/airflow/example_dags/example_kubernetes_executor.py for tasks to queue
[2025-03-24T23:36:42.303+0000] {logging_mixin.py:188} INFO - [2025-03-24T23:36:42.303+0000] {dagbag.py:538} INFO - Filling up the DagBag from /home/airflow/.local/lib/python3.8/site-packages/airflow/example_dags/example_kubernetes_executor.py
[2025-03-24T23:36:42.321+0000] {processor.py:840} INFO - DAG(s) 'example_kubernetes_executor' retrieved from /home/airflow/.local/lib/python3.8/site-packages/airflow/example_dags/example_kubernetes_executor.py
[2025-03-24T23:36:42.362+0000] {logging_mixin.py:188} INFO - [2025-03-24T23:36:42.361+0000] {dag.py:3033} INFO - Sync 1 DAGs
[2025-03-24T23:36:42.374+0000] {logging_mixin.py:188} INFO - [2025-03-24T23:36:42.374+0000] {dag.py:3820} INFO - Setting next_dagrun for example_kubernetes_executor to None, run_after=None
[2025-03-24T23:36:42.390+0000] {processor.py:183} INFO - Processing /home/airflow/.local/lib/python3.8/site-packages/airflow/example_dags/example_kubernetes_executor.py took 0.093 seconds
[2025-03-24T23:37:13.186+0000] {processor.py:161} INFO - Started process (PID=1438) to work on /home/airflow/.local/lib/python3.8/site-packages/airflow/example_dags/example_kubernetes_executor.py
[2025-03-24T23:37:13.187+0000] {processor.py:830} INFO - Processing file /home/airflow/.local/lib/python3.8/site-packages/airflow/example_dags/example_kubernetes_executor.py for tasks to queue
[2025-03-24T23:37:13.189+0000] {logging_mixin.py:188} INFO - [2025-03-24T23:37:13.189+0000] {dagbag.py:538} INFO - Filling up the DagBag from /home/airflow/.local/lib/python3.8/site-packages/airflow/example_dags/example_kubernetes_executor.py
[2025-03-24T23:37:13.206+0000] {processor.py:840} INFO - DAG(s) 'example_kubernetes_executor' retrieved from /home/airflow/.local/lib/python3.8/site-packages/airflow/example_dags/example_kubernetes_executor.py
[2025-03-24T23:37:13.235+0000] {logging_mixin.py:188} INFO - [2025-03-24T23:37:13.235+0000] {dag.py:3033} INFO - Sync 1 DAGs
[2025-03-24T23:37:13.243+0000] {logging_mixin.py:188} INFO - [2025-03-24T23:37:13.243+0000] {dag.py:3820} INFO - Setting next_dagrun for example_kubernetes_executor to None, run_after=None
[2025-03-24T23:37:13.257+0000] {processor.py:183} INFO - Processing /home/airflow/.local/lib/python3.8/site-packages/airflow/example_dags/example_kubernetes_executor.py took 0.075 seconds
[2025-03-24T23:37:43.920+0000] {processor.py:161} INFO - Started process (PID=1493) to work on /home/airflow/.local/lib/python3.8/site-packages/airflow/example_dags/example_kubernetes_executor.py
[2025-03-24T23:37:43.922+0000] {processor.py:830} INFO - Processing file /home/airflow/.local/lib/python3.8/site-packages/airflow/example_dags/example_kubernetes_executor.py for tasks to queue
[2025-03-24T23:37:43.924+0000] {logging_mixin.py:188} INFO - [2025-03-24T23:37:43.924+0000] {dagbag.py:538} INFO - Filling up the DagBag from /home/airflow/.local/lib/python3.8/site-packages/airflow/example_dags/example_kubernetes_executor.py
[2025-03-24T23:37:43.940+0000] {processor.py:840} INFO - DAG(s) 'example_kubernetes_executor' retrieved from /home/airflow/.local/lib/python3.8/site-packages/airflow/example_dags/example_kubernetes_executor.py
[2025-03-24T23:37:43.969+0000] {logging_mixin.py:188} INFO - [2025-03-24T23:37:43.969+0000] {dag.py:3033} INFO - Sync 1 DAGs
[2025-03-24T23:37:43.977+0000] {logging_mixin.py:188} INFO - [2025-03-24T23:37:43.977+0000] {dag.py:3820} INFO - Setting next_dagrun for example_kubernetes_executor to None, run_after=None
[2025-03-24T23:37:43.991+0000] {processor.py:183} INFO - Processing /home/airflow/.local/lib/python3.8/site-packages/airflow/example_dags/example_kubernetes_executor.py took 0.076 seconds
[2025-03-24T23:38:14.692+0000] {processor.py:161} INFO - Started process (PID=1548) to work on /home/airflow/.local/lib/python3.8/site-packages/airflow/example_dags/example_kubernetes_executor.py
[2025-03-24T23:38:14.696+0000] {processor.py:830} INFO - Processing file /home/airflow/.local/lib/python3.8/site-packages/airflow/example_dags/example_kubernetes_executor.py for tasks to queue
[2025-03-24T23:38:14.699+0000] {logging_mixin.py:188} INFO - [2025-03-24T23:38:14.699+0000] {dagbag.py:538} INFO - Filling up the DagBag from /home/airflow/.local/lib/python3.8/site-packages/airflow/example_dags/example_kubernetes_executor.py
[2025-03-24T23:38:14.714+0000] {processor.py:840} INFO - DAG(s) 'example_kubernetes_executor' retrieved from /home/airflow/.local/lib/python3.8/site-packages/airflow/example_dags/example_kubernetes_executor.py
[2025-03-24T23:38:14.738+0000] {logging_mixin.py:188} INFO - [2025-03-24T23:38:14.738+0000] {dag.py:3033} INFO - Sync 1 DAGs
[2025-03-24T23:38:14.745+0000] {logging_mixin.py:188} INFO - [2025-03-24T23:38:14.745+0000] {dag.py:3820} INFO - Setting next_dagrun for example_kubernetes_executor to None, run_after=None
[2025-03-24T23:38:14.756+0000] {processor.py:183} INFO - Processing /home/airflow/.local/lib/python3.8/site-packages/airflow/example_dags/example_kubernetes_executor.py took 0.068 seconds
[2025-03-24T23:38:45.416+0000] {processor.py:161} INFO - Started process (PID=1603) to work on /home/airflow/.local/lib/python3.8/site-packages/airflow/example_dags/example_kubernetes_executor.py
[2025-03-24T23:38:45.417+0000] {processor.py:830} INFO - Processing file /home/airflow/.local/lib/python3.8/site-packages/airflow/example_dags/example_kubernetes_executor.py for tasks to queue
[2025-03-24T23:38:45.419+0000] {logging_mixin.py:188} INFO - [2025-03-24T23:38:45.419+0000] {dagbag.py:538} INFO - Filling up the DagBag from /home/airflow/.local/lib/python3.8/site-packages/airflow/example_dags/example_kubernetes_executor.py
[2025-03-24T23:38:45.431+0000] {processor.py:840} INFO - DAG(s) 'example_kubernetes_executor' retrieved from /home/airflow/.local/lib/python3.8/site-packages/airflow/example_dags/example_kubernetes_executor.py
[2025-03-24T23:38:45.459+0000] {logging_mixin.py:188} INFO - [2025-03-24T23:38:45.459+0000] {dag.py:3033} INFO - Sync 1 DAGs
[2025-03-24T23:38:45.467+0000] {logging_mixin.py:188} INFO - [2025-03-24T23:38:45.467+0000] {dag.py:3820} INFO - Setting next_dagrun for example_kubernetes_executor to None, run_after=None
[2025-03-24T23:38:45.481+0000] {processor.py:183} INFO - Processing /home/airflow/.local/lib/python3.8/site-packages/airflow/example_dags/example_kubernetes_executor.py took 0.070 seconds
[2025-03-24T23:39:16.215+0000] {processor.py:161} INFO - Started process (PID=1658) to work on /home/airflow/.local/lib/python3.8/site-packages/airflow/example_dags/example_kubernetes_executor.py
[2025-03-24T23:39:16.217+0000] {processor.py:830} INFO - Processing file /home/airflow/.local/lib/python3.8/site-packages/airflow/example_dags/example_kubernetes_executor.py for tasks to queue
[2025-03-24T23:39:16.218+0000] {logging_mixin.py:188} INFO - [2025-03-24T23:39:16.218+0000] {dagbag.py:538} INFO - Filling up the DagBag from /home/airflow/.local/lib/python3.8/site-packages/airflow/example_dags/example_kubernetes_executor.py
[2025-03-24T23:39:16.230+0000] {processor.py:840} INFO - DAG(s) 'example_kubernetes_executor' retrieved from /home/airflow/.local/lib/python3.8/site-packages/airflow/example_dags/example_kubernetes_executor.py
[2025-03-24T23:39:16.257+0000] {logging_mixin.py:188} INFO - [2025-03-24T23:39:16.256+0000] {dag.py:3033} INFO - Sync 1 DAGs
[2025-03-24T23:39:16.264+0000] {logging_mixin.py:188} INFO - [2025-03-24T23:39:16.264+0000] {dag.py:3820} INFO - Setting next_dagrun for example_kubernetes_executor to None, run_after=None
[2025-03-24T23:39:16.277+0000] {processor.py:183} INFO - Processing /home/airflow/.local/lib/python3.8/site-packages/airflow/example_dags/example_kubernetes_executor.py took 0.066 seconds
[2025-03-24T23:39:47.137+0000] {processor.py:161} INFO - Started process (PID=1713) to work on /home/airflow/.local/lib/python3.8/site-packages/airflow/example_dags/example_kubernetes_executor.py
[2025-03-24T23:39:47.138+0000] {processor.py:830} INFO - Processing file /home/airflow/.local/lib/python3.8/site-packages/airflow/example_dags/example_kubernetes_executor.py for tasks to queue
[2025-03-24T23:39:47.140+0000] {logging_mixin.py:188} INFO - [2025-03-24T23:39:47.140+0000] {dagbag.py:538} INFO - Filling up the DagBag from /home/airflow/.local/lib/python3.8/site-packages/airflow/example_dags/example_kubernetes_executor.py
[2025-03-24T23:39:47.153+0000] {processor.py:840} INFO - DAG(s) 'example_kubernetes_executor' retrieved from /home/airflow/.local/lib/python3.8/site-packages/airflow/example_dags/example_kubernetes_executor.py
[2025-03-24T23:39:47.177+0000] {logging_mixin.py:188} INFO - [2025-03-24T23:39:47.177+0000] {dag.py:3033} INFO - Sync 1 DAGs
[2025-03-24T23:39:47.184+0000] {logging_mixin.py:188} INFO - [2025-03-24T23:39:47.184+0000] {dag.py:3820} INFO - Setting next_dagrun for example_kubernetes_executor to None, run_after=None
[2025-03-24T23:39:47.195+0000] {processor.py:183} INFO - Processing /home/airflow/.local/lib/python3.8/site-packages/airflow/example_dags/example_kubernetes_executor.py took 0.062 seconds
[2025-03-24T23:40:17.808+0000] {processor.py:161} INFO - Started process (PID=1768) to work on /home/airflow/.local/lib/python3.8/site-packages/airflow/example_dags/example_kubernetes_executor.py
[2025-03-24T23:40:17.810+0000] {processor.py:830} INFO - Processing file /home/airflow/.local/lib/python3.8/site-packages/airflow/example_dags/example_kubernetes_executor.py for tasks to queue
[2025-03-24T23:40:17.812+0000] {logging_mixin.py:188} INFO - [2025-03-24T23:40:17.811+0000] {dagbag.py:538} INFO - Filling up the DagBag from /home/airflow/.local/lib/python3.8/site-packages/airflow/example_dags/example_kubernetes_executor.py
[2025-03-24T23:40:17.823+0000] {processor.py:840} INFO - DAG(s) 'example_kubernetes_executor' retrieved from /home/airflow/.local/lib/python3.8/site-packages/airflow/example_dags/example_kubernetes_executor.py
[2025-03-24T23:40:17.843+0000] {logging_mixin.py:188} INFO - [2025-03-24T23:40:17.843+0000] {dag.py:3033} INFO - Sync 1 DAGs
[2025-03-24T23:40:17.849+0000] {logging_mixin.py:188} INFO - [2025-03-24T23:40:17.849+0000] {dag.py:3820} INFO - Setting next_dagrun for example_kubernetes_executor to None, run_after=None
[2025-03-24T23:40:17.857+0000] {processor.py:183} INFO - Processing /home/airflow/.local/lib/python3.8/site-packages/airflow/example_dags/example_kubernetes_executor.py took 0.054 seconds
[2025-03-24T23:40:48.396+0000] {processor.py:161} INFO - Started process (PID=1823) to work on /home/airflow/.local/lib/python3.8/site-packages/airflow/example_dags/example_kubernetes_executor.py
[2025-03-24T23:40:48.397+0000] {processor.py:830} INFO - Processing file /home/airflow/.local/lib/python3.8/site-packages/airflow/example_dags/example_kubernetes_executor.py for tasks to queue
[2025-03-24T23:40:48.402+0000] {logging_mixin.py:188} INFO - [2025-03-24T23:40:48.401+0000] {dagbag.py:538} INFO - Filling up the DagBag from /home/airflow/.local/lib/python3.8/site-packages/airflow/example_dags/example_kubernetes_executor.py
[2025-03-24T23:40:48.418+0000] {processor.py:840} INFO - DAG(s) 'example_kubernetes_executor' retrieved from /home/airflow/.local/lib/python3.8/site-packages/airflow/example_dags/example_kubernetes_executor.py
[2025-03-24T23:40:48.441+0000] {logging_mixin.py:188} INFO - [2025-03-24T23:40:48.441+0000] {dag.py:3033} INFO - Sync 1 DAGs
[2025-03-24T23:40:48.448+0000] {logging_mixin.py:188} INFO - [2025-03-24T23:40:48.448+0000] {dag.py:3820} INFO - Setting next_dagrun for example_kubernetes_executor to None, run_after=None
[2025-03-24T23:40:48.456+0000] {processor.py:183} INFO - Processing /home/airflow/.local/lib/python3.8/site-packages/airflow/example_dags/example_kubernetes_executor.py took 0.065 seconds
[2025-03-24T23:41:18.905+0000] {processor.py:161} INFO - Started process (PID=1878) to work on /home/airflow/.local/lib/python3.8/site-packages/airflow/example_dags/example_kubernetes_executor.py
[2025-03-24T23:41:18.907+0000] {processor.py:830} INFO - Processing file /home/airflow/.local/lib/python3.8/site-packages/airflow/example_dags/example_kubernetes_executor.py for tasks to queue
[2025-03-24T23:41:18.909+0000] {logging_mixin.py:188} INFO - [2025-03-24T23:41:18.909+0000] {dagbag.py:538} INFO - Filling up the DagBag from /home/airflow/.local/lib/python3.8/site-packages/airflow/example_dags/example_kubernetes_executor.py
[2025-03-24T23:41:18.924+0000] {processor.py:840} INFO - DAG(s) 'example_kubernetes_executor' retrieved from /home/airflow/.local/lib/python3.8/site-packages/airflow/example_dags/example_kubernetes_executor.py
[2025-03-24T23:41:18.952+0000] {logging_mixin.py:188} INFO - [2025-03-24T23:41:18.952+0000] {dag.py:3033} INFO - Sync 1 DAGs
[2025-03-24T23:41:18.964+0000] {logging_mixin.py:188} INFO - [2025-03-24T23:41:18.963+0000] {dag.py:3820} INFO - Setting next_dagrun for example_kubernetes_executor to None, run_after=None
[2025-03-24T23:41:18.981+0000] {processor.py:183} INFO - Processing /home/airflow/.local/lib/python3.8/site-packages/airflow/example_dags/example_kubernetes_executor.py took 0.079 seconds
[2025-03-24T23:41:49.534+0000] {processor.py:161} INFO - Started process (PID=1933) to work on /home/airflow/.local/lib/python3.8/site-packages/airflow/example_dags/example_kubernetes_executor.py
[2025-03-24T23:41:49.535+0000] {processor.py:830} INFO - Processing file /home/airflow/.local/lib/python3.8/site-packages/airflow/example_dags/example_kubernetes_executor.py for tasks to queue
[2025-03-24T23:41:49.538+0000] {logging_mixin.py:188} INFO - [2025-03-24T23:41:49.537+0000] {dagbag.py:538} INFO - Filling up the DagBag from /home/airflow/.local/lib/python3.8/site-packages/airflow/example_dags/example_kubernetes_executor.py
[2025-03-24T23:41:49.550+0000] {processor.py:840} INFO - DAG(s) 'example_kubernetes_executor' retrieved from /home/airflow/.local/lib/python3.8/site-packages/airflow/example_dags/example_kubernetes_executor.py
[2025-03-24T23:41:49.577+0000] {logging_mixin.py:188} INFO - [2025-03-24T23:41:49.577+0000] {dag.py:3033} INFO - Sync 1 DAGs
[2025-03-24T23:41:49.585+0000] {logging_mixin.py:188} INFO - [2025-03-24T23:41:49.585+0000] {dag.py:3820} INFO - Setting next_dagrun for example_kubernetes_executor to None, run_after=None
[2025-03-24T23:41:49.594+0000] {processor.py:183} INFO - Processing /home/airflow/.local/lib/python3.8/site-packages/airflow/example_dags/example_kubernetes_executor.py took 0.064 seconds
[2025-03-24T23:42:20.163+0000] {processor.py:161} INFO - Started process (PID=1988) to work on /home/airflow/.local/lib/python3.8/site-packages/airflow/example_dags/example_kubernetes_executor.py
[2025-03-24T23:42:20.164+0000] {processor.py:830} INFO - Processing file /home/airflow/.local/lib/python3.8/site-packages/airflow/example_dags/example_kubernetes_executor.py for tasks to queue
[2025-03-24T23:42:20.166+0000] {logging_mixin.py:188} INFO - [2025-03-24T23:42:20.166+0000] {dagbag.py:538} INFO - Filling up the DagBag from /home/airflow/.local/lib/python3.8/site-packages/airflow/example_dags/example_kubernetes_executor.py
[2025-03-24T23:42:20.179+0000] {processor.py:840} INFO - DAG(s) 'example_kubernetes_executor' retrieved from /home/airflow/.local/lib/python3.8/site-packages/airflow/example_dags/example_kubernetes_executor.py
[2025-03-24T23:42:20.203+0000] {logging_mixin.py:188} INFO - [2025-03-24T23:42:20.203+0000] {dag.py:3033} INFO - Sync 1 DAGs
[2025-03-24T23:42:20.210+0000] {logging_mixin.py:188} INFO - [2025-03-24T23:42:20.210+0000] {dag.py:3820} INFO - Setting next_dagrun for example_kubernetes_executor to None, run_after=None
[2025-03-24T23:42:20.220+0000] {processor.py:183} INFO - Processing /home/airflow/.local/lib/python3.8/site-packages/airflow/example_dags/example_kubernetes_executor.py took 0.062 seconds
[2025-03-24T23:42:50.684+0000] {processor.py:161} INFO - Started process (PID=2043) to work on /home/airflow/.local/lib/python3.8/site-packages/airflow/example_dags/example_kubernetes_executor.py
[2025-03-24T23:42:50.685+0000] {processor.py:830} INFO - Processing file /home/airflow/.local/lib/python3.8/site-packages/airflow/example_dags/example_kubernetes_executor.py for tasks to queue
[2025-03-24T23:42:50.688+0000] {logging_mixin.py:188} INFO - [2025-03-24T23:42:50.687+0000] {dagbag.py:538} INFO - Filling up the DagBag from /home/airflow/.local/lib/python3.8/site-packages/airflow/example_dags/example_kubernetes_executor.py
[2025-03-24T23:42:50.698+0000] {processor.py:840} INFO - DAG(s) 'example_kubernetes_executor' retrieved from /home/airflow/.local/lib/python3.8/site-packages/airflow/example_dags/example_kubernetes_executor.py
[2025-03-24T23:42:50.718+0000] {logging_mixin.py:188} INFO - [2025-03-24T23:42:50.718+0000] {dag.py:3033} INFO - Sync 1 DAGs
[2025-03-24T23:42:50.724+0000] {logging_mixin.py:188} INFO - [2025-03-24T23:42:50.723+0000] {dag.py:3820} INFO - Setting next_dagrun for example_kubernetes_executor to None, run_after=None
[2025-03-24T23:42:50.731+0000] {processor.py:183} INFO - Processing /home/airflow/.local/lib/python3.8/site-packages/airflow/example_dags/example_kubernetes_executor.py took 0.052 seconds
[2025-03-24T23:43:21.163+0000] {processor.py:161} INFO - Started process (PID=2098) to work on /home/airflow/.local/lib/python3.8/site-packages/airflow/example_dags/example_kubernetes_executor.py
[2025-03-24T23:43:21.164+0000] {processor.py:830} INFO - Processing file /home/airflow/.local/lib/python3.8/site-packages/airflow/example_dags/example_kubernetes_executor.py for tasks to queue
[2025-03-24T23:43:21.168+0000] {logging_mixin.py:188} INFO - [2025-03-24T23:43:21.167+0000] {dagbag.py:538} INFO - Filling up the DagBag from /home/airflow/.local/lib/python3.8/site-packages/airflow/example_dags/example_kubernetes_executor.py
[2025-03-24T23:43:21.179+0000] {processor.py:840} INFO - DAG(s) 'example_kubernetes_executor' retrieved from /home/airflow/.local/lib/python3.8/site-packages/airflow/example_dags/example_kubernetes_executor.py
[2025-03-24T23:43:21.203+0000] {logging_mixin.py:188} INFO - [2025-03-24T23:43:21.203+0000] {dag.py:3033} INFO - Sync 1 DAGs
[2025-03-24T23:43:21.210+0000] {logging_mixin.py:188} INFO - [2025-03-24T23:43:21.210+0000] {dag.py:3820} INFO - Setting next_dagrun for example_kubernetes_executor to None, run_after=None
[2025-03-24T23:43:21.219+0000] {processor.py:183} INFO - Processing /home/airflow/.local/lib/python3.8/site-packages/airflow/example_dags/example_kubernetes_executor.py took 0.060 seconds
[2025-03-24T23:43:51.844+0000] {processor.py:161} INFO - Started process (PID=2153) to work on /home/airflow/.local/lib/python3.8/site-packages/airflow/example_dags/example_kubernetes_executor.py
[2025-03-24T23:43:51.845+0000] {processor.py:830} INFO - Processing file /home/airflow/.local/lib/python3.8/site-packages/airflow/example_dags/example_kubernetes_executor.py for tasks to queue
[2025-03-24T23:43:51.847+0000] {logging_mixin.py:188} INFO - [2025-03-24T23:43:51.847+0000] {dagbag.py:538} INFO - Filling up the DagBag from /home/airflow/.local/lib/python3.8/site-packages/airflow/example_dags/example_kubernetes_executor.py
[2025-03-24T23:43:51.856+0000] {processor.py:840} INFO - DAG(s) 'example_kubernetes_executor' retrieved from /home/airflow/.local/lib/python3.8/site-packages/airflow/example_dags/example_kubernetes_executor.py
[2025-03-24T23:43:51.884+0000] {logging_mixin.py:188} INFO - [2025-03-24T23:43:51.883+0000] {dag.py:3033} INFO - Sync 1 DAGs
[2025-03-24T23:43:51.894+0000] {logging_mixin.py:188} INFO - [2025-03-24T23:43:51.894+0000] {dag.py:3820} INFO - Setting next_dagrun for example_kubernetes_executor to None, run_after=None
[2025-03-24T23:43:51.906+0000] {processor.py:183} INFO - Processing /home/airflow/.local/lib/python3.8/site-packages/airflow/example_dags/example_kubernetes_executor.py took 0.066 seconds
[2025-03-24T23:44:22.534+0000] {processor.py:161} INFO - Started process (PID=2208) to work on /home/airflow/.local/lib/python3.8/site-packages/airflow/example_dags/example_kubernetes_executor.py
[2025-03-24T23:44:22.535+0000] {processor.py:830} INFO - Processing file /home/airflow/.local/lib/python3.8/site-packages/airflow/example_dags/example_kubernetes_executor.py for tasks to queue
[2025-03-24T23:44:22.537+0000] {logging_mixin.py:188} INFO - [2025-03-24T23:44:22.537+0000] {dagbag.py:538} INFO - Filling up the DagBag from /home/airflow/.local/lib/python3.8/site-packages/airflow/example_dags/example_kubernetes_executor.py
[2025-03-24T23:44:22.548+0000] {processor.py:840} INFO - DAG(s) 'example_kubernetes_executor' retrieved from /home/airflow/.local/lib/python3.8/site-packages/airflow/example_dags/example_kubernetes_executor.py
[2025-03-24T23:44:22.571+0000] {logging_mixin.py:188} INFO - [2025-03-24T23:44:22.571+0000] {dag.py:3033} INFO - Sync 1 DAGs
[2025-03-24T23:44:22.577+0000] {logging_mixin.py:188} INFO - [2025-03-24T23:44:22.577+0000] {dag.py:3820} INFO - Setting next_dagrun for example_kubernetes_executor to None, run_after=None
[2025-03-24T23:44:22.586+0000] {processor.py:183} INFO - Processing /home/airflow/.local/lib/python3.8/site-packages/airflow/example_dags/example_kubernetes_executor.py took 0.056 seconds
[2025-03-24T23:44:53.210+0000] {processor.py:161} INFO - Started process (PID=2263) to work on /home/airflow/.local/lib/python3.8/site-packages/airflow/example_dags/example_kubernetes_executor.py
[2025-03-24T23:44:53.211+0000] {processor.py:830} INFO - Processing file /home/airflow/.local/lib/python3.8/site-packages/airflow/example_dags/example_kubernetes_executor.py for tasks to queue
[2025-03-24T23:44:53.213+0000] {logging_mixin.py:188} INFO - [2025-03-24T23:44:53.213+0000] {dagbag.py:538} INFO - Filling up the DagBag from /home/airflow/.local/lib/python3.8/site-packages/airflow/example_dags/example_kubernetes_executor.py
[2025-03-24T23:44:53.222+0000] {processor.py:840} INFO - DAG(s) 'example_kubernetes_executor' retrieved from /home/airflow/.local/lib/python3.8/site-packages/airflow/example_dags/example_kubernetes_executor.py
[2025-03-24T23:44:53.242+0000] {logging_mixin.py:188} INFO - [2025-03-24T23:44:53.242+0000] {dag.py:3033} INFO - Sync 1 DAGs
[2025-03-24T23:44:53.248+0000] {logging_mixin.py:188} INFO - [2025-03-24T23:44:53.248+0000] {dag.py:3820} INFO - Setting next_dagrun for example_kubernetes_executor to None, run_after=None
[2025-03-24T23:44:53.256+0000] {processor.py:183} INFO - Processing /home/airflow/.local/lib/python3.8/site-packages/airflow/example_dags/example_kubernetes_executor.py took 0.049 seconds
[2025-03-24T23:45:23.681+0000] {processor.py:161} INFO - Started process (PID=2318) to work on /home/airflow/.local/lib/python3.8/site-packages/airflow/example_dags/example_kubernetes_executor.py
[2025-03-24T23:45:23.682+0000] {processor.py:830} INFO - Processing file /home/airflow/.local/lib/python3.8/site-packages/airflow/example_dags/example_kubernetes_executor.py for tasks to queue
[2025-03-24T23:45:23.684+0000] {logging_mixin.py:188} INFO - [2025-03-24T23:45:23.684+0000] {dagbag.py:538} INFO - Filling up the DagBag from /home/airflow/.local/lib/python3.8/site-packages/airflow/example_dags/example_kubernetes_executor.py
[2025-03-24T23:45:23.692+0000] {processor.py:840} INFO - DAG(s) 'example_kubernetes_executor' retrieved from /home/airflow/.local/lib/python3.8/site-packages/airflow/example_dags/example_kubernetes_executor.py
[2025-03-24T23:45:23.711+0000] {logging_mixin.py:188} INFO - [2025-03-24T23:45:23.710+0000] {dag.py:3033} INFO - Sync 1 DAGs
[2025-03-24T23:45:23.716+0000] {logging_mixin.py:188} INFO - [2025-03-24T23:45:23.716+0000] {dag.py:3820} INFO - Setting next_dagrun for example_kubernetes_executor to None, run_after=None
[2025-03-24T23:45:23.723+0000] {processor.py:183} INFO - Processing /home/airflow/.local/lib/python3.8/site-packages/airflow/example_dags/example_kubernetes_executor.py took 0.044 seconds
[2025-03-24T23:45:54.338+0000] {processor.py:161} INFO - Started process (PID=2372) to work on /home/airflow/.local/lib/python3.8/site-packages/airflow/example_dags/example_kubernetes_executor.py
[2025-03-24T23:45:54.339+0000] {processor.py:830} INFO - Processing file /home/airflow/.local/lib/python3.8/site-packages/airflow/example_dags/example_kubernetes_executor.py for tasks to queue
[2025-03-24T23:45:54.340+0000] {logging_mixin.py:188} INFO - [2025-03-24T23:45:54.340+0000] {dagbag.py:538} INFO - Filling up the DagBag from /home/airflow/.local/lib/python3.8/site-packages/airflow/example_dags/example_kubernetes_executor.py
[2025-03-24T23:45:54.349+0000] {processor.py:840} INFO - DAG(s) 'example_kubernetes_executor' retrieved from /home/airflow/.local/lib/python3.8/site-packages/airflow/example_dags/example_kubernetes_executor.py
[2025-03-24T23:45:54.367+0000] {logging_mixin.py:188} INFO - [2025-03-24T23:45:54.367+0000] {dag.py:3033} INFO - Sync 1 DAGs
[2025-03-24T23:45:54.373+0000] {logging_mixin.py:188} INFO - [2025-03-24T23:45:54.373+0000] {dag.py:3820} INFO - Setting next_dagrun for example_kubernetes_executor to None, run_after=None
[2025-03-24T23:45:54.382+0000] {processor.py:183} INFO - Processing /home/airflow/.local/lib/python3.8/site-packages/airflow/example_dags/example_kubernetes_executor.py took 0.047 seconds
[2025-03-24T23:46:25.220+0000] {processor.py:161} INFO - Started process (PID=2427) to work on /home/airflow/.local/lib/python3.8/site-packages/airflow/example_dags/example_kubernetes_executor.py
[2025-03-24T23:46:25.221+0000] {processor.py:830} INFO - Processing file /home/airflow/.local/lib/python3.8/site-packages/airflow/example_dags/example_kubernetes_executor.py for tasks to queue
[2025-03-24T23:46:25.223+0000] {logging_mixin.py:188} INFO - [2025-03-24T23:46:25.223+0000] {dagbag.py:538} INFO - Filling up the DagBag from /home/airflow/.local/lib/python3.8/site-packages/airflow/example_dags/example_kubernetes_executor.py
[2025-03-24T23:46:25.234+0000] {processor.py:840} INFO - DAG(s) 'example_kubernetes_executor' retrieved from /home/airflow/.local/lib/python3.8/site-packages/airflow/example_dags/example_kubernetes_executor.py
[2025-03-24T23:46:25.258+0000] {logging_mixin.py:188} INFO - [2025-03-24T23:46:25.258+0000] {dag.py:3033} INFO - Sync 1 DAGs
[2025-03-24T23:46:25.265+0000] {logging_mixin.py:188} INFO - [2025-03-24T23:46:25.265+0000] {dag.py:3820} INFO - Setting next_dagrun for example_kubernetes_executor to None, run_after=None
[2025-03-24T23:46:25.274+0000] {processor.py:183} INFO - Processing /home/airflow/.local/lib/python3.8/site-packages/airflow/example_dags/example_kubernetes_executor.py took 0.057 seconds
[2025-03-24T23:46:55.999+0000] {processor.py:161} INFO - Started process (PID=2482) to work on /home/airflow/.local/lib/python3.8/site-packages/airflow/example_dags/example_kubernetes_executor.py
[2025-03-24T23:46:56.000+0000] {processor.py:830} INFO - Processing file /home/airflow/.local/lib/python3.8/site-packages/airflow/example_dags/example_kubernetes_executor.py for tasks to queue
[2025-03-24T23:46:56.003+0000] {logging_mixin.py:188} INFO - [2025-03-24T23:46:56.002+0000] {dagbag.py:538} INFO - Filling up the DagBag from /home/airflow/.local/lib/python3.8/site-packages/airflow/example_dags/example_kubernetes_executor.py
[2025-03-24T23:46:56.014+0000] {processor.py:840} INFO - DAG(s) 'example_kubernetes_executor' retrieved from /home/airflow/.local/lib/python3.8/site-packages/airflow/example_dags/example_kubernetes_executor.py
[2025-03-24T23:46:56.039+0000] {logging_mixin.py:188} INFO - [2025-03-24T23:46:56.039+0000] {dag.py:3033} INFO - Sync 1 DAGs
[2025-03-24T23:46:56.047+0000] {logging_mixin.py:188} INFO - [2025-03-24T23:46:56.047+0000] {dag.py:3820} INFO - Setting next_dagrun for example_kubernetes_executor to None, run_after=None
[2025-03-24T23:46:56.058+0000] {processor.py:183} INFO - Processing /home/airflow/.local/lib/python3.8/site-packages/airflow/example_dags/example_kubernetes_executor.py took 0.063 seconds
[2025-03-24T23:47:26.158+0000] {processor.py:161} INFO - Started process (PID=2537) to work on /home/airflow/.local/lib/python3.8/site-packages/airflow/example_dags/example_kubernetes_executor.py
[2025-03-24T23:47:26.159+0000] {processor.py:830} INFO - Processing file /home/airflow/.local/lib/python3.8/site-packages/airflow/example_dags/example_kubernetes_executor.py for tasks to queue
[2025-03-24T23:47:26.160+0000] {logging_mixin.py:188} INFO - [2025-03-24T23:47:26.160+0000] {dagbag.py:538} INFO - Filling up the DagBag from /home/airflow/.local/lib/python3.8/site-packages/airflow/example_dags/example_kubernetes_executor.py
[2025-03-24T23:47:26.171+0000] {processor.py:840} INFO - DAG(s) 'example_kubernetes_executor' retrieved from /home/airflow/.local/lib/python3.8/site-packages/airflow/example_dags/example_kubernetes_executor.py
[2025-03-24T23:47:26.192+0000] {logging_mixin.py:188} INFO - [2025-03-24T23:47:26.192+0000] {dag.py:3033} INFO - Sync 1 DAGs
[2025-03-24T23:47:26.198+0000] {logging_mixin.py:188} INFO - [2025-03-24T23:47:26.198+0000] {dag.py:3820} INFO - Setting next_dagrun for example_kubernetes_executor to None, run_after=None
[2025-03-24T23:47:26.208+0000] {processor.py:183} INFO - Processing /home/airflow/.local/lib/python3.8/site-packages/airflow/example_dags/example_kubernetes_executor.py took 0.054 seconds
[2025-03-24T23:47:56.306+0000] {processor.py:161} INFO - Started process (PID=2592) to work on /home/airflow/.local/lib/python3.8/site-packages/airflow/example_dags/example_kubernetes_executor.py
[2025-03-24T23:47:56.307+0000] {processor.py:830} INFO - Processing file /home/airflow/.local/lib/python3.8/site-packages/airflow/example_dags/example_kubernetes_executor.py for tasks to queue
[2025-03-24T23:47:56.309+0000] {logging_mixin.py:188} INFO - [2025-03-24T23:47:56.309+0000] {dagbag.py:538} INFO - Filling up the DagBag from /home/airflow/.local/lib/python3.8/site-packages/airflow/example_dags/example_kubernetes_executor.py
[2025-03-24T23:47:56.319+0000] {processor.py:840} INFO - DAG(s) 'example_kubernetes_executor' retrieved from /home/airflow/.local/lib/python3.8/site-packages/airflow/example_dags/example_kubernetes_executor.py
[2025-03-24T23:47:56.341+0000] {logging_mixin.py:188} INFO - [2025-03-24T23:47:56.341+0000] {dag.py:3033} INFO - Sync 1 DAGs
[2025-03-24T23:47:56.347+0000] {logging_mixin.py:188} INFO - [2025-03-24T23:47:56.347+0000] {dag.py:3820} INFO - Setting next_dagrun for example_kubernetes_executor to None, run_after=None
[2025-03-24T23:47:56.354+0000] {processor.py:183} INFO - Processing /home/airflow/.local/lib/python3.8/site-packages/airflow/example_dags/example_kubernetes_executor.py took 0.052 seconds
[2025-03-24T23:48:27.050+0000] {processor.py:161} INFO - Started process (PID=2647) to work on /home/airflow/.local/lib/python3.8/site-packages/airflow/example_dags/example_kubernetes_executor.py
[2025-03-24T23:48:27.051+0000] {processor.py:830} INFO - Processing file /home/airflow/.local/lib/python3.8/site-packages/airflow/example_dags/example_kubernetes_executor.py for tasks to queue
[2025-03-24T23:48:27.053+0000] {logging_mixin.py:188} INFO - [2025-03-24T23:48:27.053+0000] {dagbag.py:538} INFO - Filling up the DagBag from /home/airflow/.local/lib/python3.8/site-packages/airflow/example_dags/example_kubernetes_executor.py
[2025-03-24T23:48:27.062+0000] {processor.py:840} INFO - DAG(s) 'example_kubernetes_executor' retrieved from /home/airflow/.local/lib/python3.8/site-packages/airflow/example_dags/example_kubernetes_executor.py
[2025-03-24T23:48:27.087+0000] {logging_mixin.py:188} INFO - [2025-03-24T23:48:27.087+0000] {dag.py:3033} INFO - Sync 1 DAGs
[2025-03-24T23:48:27.095+0000] {logging_mixin.py:188} INFO - [2025-03-24T23:48:27.095+0000] {dag.py:3820} INFO - Setting next_dagrun for example_kubernetes_executor to None, run_after=None
[2025-03-24T23:48:27.218+0000] {processor.py:183} INFO - Processing /home/airflow/.local/lib/python3.8/site-packages/airflow/example_dags/example_kubernetes_executor.py took 0.172 seconds
[2025-03-24T23:48:57.782+0000] {processor.py:161} INFO - Started process (PID=2702) to work on /home/airflow/.local/lib/python3.8/site-packages/airflow/example_dags/example_kubernetes_executor.py
[2025-03-24T23:48:57.783+0000] {processor.py:830} INFO - Processing file /home/airflow/.local/lib/python3.8/site-packages/airflow/example_dags/example_kubernetes_executor.py for tasks to queue
[2025-03-24T23:48:57.785+0000] {logging_mixin.py:188} INFO - [2025-03-24T23:48:57.785+0000] {dagbag.py:538} INFO - Filling up the DagBag from /home/airflow/.local/lib/python3.8/site-packages/airflow/example_dags/example_kubernetes_executor.py
[2025-03-24T23:48:57.795+0000] {processor.py:840} INFO - DAG(s) 'example_kubernetes_executor' retrieved from /home/airflow/.local/lib/python3.8/site-packages/airflow/example_dags/example_kubernetes_executor.py
[2025-03-24T23:48:57.818+0000] {logging_mixin.py:188} INFO - [2025-03-24T23:48:57.818+0000] {dag.py:3033} INFO - Sync 1 DAGs
[2025-03-24T23:48:57.825+0000] {logging_mixin.py:188} INFO - [2025-03-24T23:48:57.825+0000] {dag.py:3820} INFO - Setting next_dagrun for example_kubernetes_executor to None, run_after=None
[2025-03-24T23:48:57.835+0000] {processor.py:183} INFO - Processing /home/airflow/.local/lib/python3.8/site-packages/airflow/example_dags/example_kubernetes_executor.py took 0.056 seconds
[2025-03-24T23:49:28.011+0000] {processor.py:161} INFO - Started process (PID=2757) to work on /home/airflow/.local/lib/python3.8/site-packages/airflow/example_dags/example_kubernetes_executor.py
[2025-03-24T23:49:28.012+0000] {processor.py:830} INFO - Processing file /home/airflow/.local/lib/python3.8/site-packages/airflow/example_dags/example_kubernetes_executor.py for tasks to queue
[2025-03-24T23:49:28.013+0000] {logging_mixin.py:188} INFO - [2025-03-24T23:49:28.013+0000] {dagbag.py:538} INFO - Filling up the DagBag from /home/airflow/.local/lib/python3.8/site-packages/airflow/example_dags/example_kubernetes_executor.py
[2025-03-24T23:49:28.020+0000] {processor.py:840} INFO - DAG(s) 'example_kubernetes_executor' retrieved from /home/airflow/.local/lib/python3.8/site-packages/airflow/example_dags/example_kubernetes_executor.py
[2025-03-24T23:49:28.035+0000] {logging_mixin.py:188} INFO - [2025-03-24T23:49:28.035+0000] {dag.py:3033} INFO - Sync 1 DAGs
[2025-03-24T23:49:28.040+0000] {logging_mixin.py:188} INFO - [2025-03-24T23:49:28.039+0000] {dag.py:3820} INFO - Setting next_dagrun for example_kubernetes_executor to None, run_after=None
[2025-03-24T23:49:28.047+0000] {processor.py:183} INFO - Processing /home/airflow/.local/lib/python3.8/site-packages/airflow/example_dags/example_kubernetes_executor.py took 0.037 seconds
[2025-03-24T23:49:58.286+0000] {processor.py:161} INFO - Started process (PID=2810) to work on /home/airflow/.local/lib/python3.8/site-packages/airflow/example_dags/example_kubernetes_executor.py
[2025-03-24T23:49:58.287+0000] {processor.py:830} INFO - Processing file /home/airflow/.local/lib/python3.8/site-packages/airflow/example_dags/example_kubernetes_executor.py for tasks to queue
[2025-03-24T23:49:58.288+0000] {logging_mixin.py:188} INFO - [2025-03-24T23:49:58.287+0000] {dagbag.py:538} INFO - Filling up the DagBag from /home/airflow/.local/lib/python3.8/site-packages/airflow/example_dags/example_kubernetes_executor.py
[2025-03-24T23:49:58.295+0000] {processor.py:840} INFO - DAG(s) 'example_kubernetes_executor' retrieved from /home/airflow/.local/lib/python3.8/site-packages/airflow/example_dags/example_kubernetes_executor.py
[2025-03-24T23:49:58.312+0000] {logging_mixin.py:188} INFO - [2025-03-24T23:49:58.312+0000] {dag.py:3033} INFO - Sync 1 DAGs
[2025-03-24T23:49:58.394+0000] {logging_mixin.py:188} INFO - [2025-03-24T23:49:58.394+0000] {dag.py:3820} INFO - Setting next_dagrun for example_kubernetes_executor to None, run_after=None
[2025-03-24T23:49:58.414+0000] {processor.py:183} INFO - Processing /home/airflow/.local/lib/python3.8/site-packages/airflow/example_dags/example_kubernetes_executor.py took 0.129 seconds
[2025-03-24T23:50:29.209+0000] {processor.py:161} INFO - Started process (PID=2866) to work on /home/airflow/.local/lib/python3.8/site-packages/airflow/example_dags/example_kubernetes_executor.py
[2025-03-24T23:50:29.210+0000] {processor.py:830} INFO - Processing file /home/airflow/.local/lib/python3.8/site-packages/airflow/example_dags/example_kubernetes_executor.py for tasks to queue
[2025-03-24T23:50:29.211+0000] {logging_mixin.py:188} INFO - [2025-03-24T23:50:29.211+0000] {dagbag.py:538} INFO - Filling up the DagBag from /home/airflow/.local/lib/python3.8/site-packages/airflow/example_dags/example_kubernetes_executor.py
[2025-03-24T23:50:29.218+0000] {processor.py:840} INFO - DAG(s) 'example_kubernetes_executor' retrieved from /home/airflow/.local/lib/python3.8/site-packages/airflow/example_dags/example_kubernetes_executor.py
[2025-03-24T23:50:29.238+0000] {logging_mixin.py:188} INFO - [2025-03-24T23:50:29.238+0000] {dag.py:3033} INFO - Sync 1 DAGs
[2025-03-24T23:50:29.245+0000] {logging_mixin.py:188} INFO - [2025-03-24T23:50:29.245+0000] {dag.py:3820} INFO - Setting next_dagrun for example_kubernetes_executor to None, run_after=None
[2025-03-24T23:50:29.331+0000] {processor.py:183} INFO - Processing /home/airflow/.local/lib/python3.8/site-packages/airflow/example_dags/example_kubernetes_executor.py took 0.123 seconds
[2025-03-24T23:51:00.256+0000] {processor.py:161} INFO - Started process (PID=2921) to work on /home/airflow/.local/lib/python3.8/site-packages/airflow/example_dags/example_kubernetes_executor.py
[2025-03-24T23:51:00.259+0000] {processor.py:830} INFO - Processing file /home/airflow/.local/lib/python3.8/site-packages/airflow/example_dags/example_kubernetes_executor.py for tasks to queue
[2025-03-24T23:51:00.260+0000] {logging_mixin.py:188} INFO - [2025-03-24T23:51:00.260+0000] {dagbag.py:538} INFO - Filling up the DagBag from /home/airflow/.local/lib/python3.8/site-packages/airflow/example_dags/example_kubernetes_executor.py
[2025-03-24T23:51:00.266+0000] {processor.py:840} INFO - DAG(s) 'example_kubernetes_executor' retrieved from /home/airflow/.local/lib/python3.8/site-packages/airflow/example_dags/example_kubernetes_executor.py
[2025-03-24T23:51:00.287+0000] {logging_mixin.py:188} INFO - [2025-03-24T23:51:00.287+0000] {dag.py:3033} INFO - Sync 1 DAGs
[2025-03-24T23:51:00.297+0000] {logging_mixin.py:188} INFO - [2025-03-24T23:51:00.297+0000] {dag.py:3820} INFO - Setting next_dagrun for example_kubernetes_executor to None, run_after=None
[2025-03-24T23:51:00.311+0000] {processor.py:183} INFO - Processing /home/airflow/.local/lib/python3.8/site-packages/airflow/example_dags/example_kubernetes_executor.py took 0.057 seconds
[2025-03-24T23:51:30.971+0000] {processor.py:161} INFO - Started process (PID=2976) to work on /home/airflow/.local/lib/python3.8/site-packages/airflow/example_dags/example_kubernetes_executor.py
[2025-03-24T23:51:30.971+0000] {processor.py:830} INFO - Processing file /home/airflow/.local/lib/python3.8/site-packages/airflow/example_dags/example_kubernetes_executor.py for tasks to queue
[2025-03-24T23:51:30.972+0000] {logging_mixin.py:188} INFO - [2025-03-24T23:51:30.972+0000] {dagbag.py:538} INFO - Filling up the DagBag from /home/airflow/.local/lib/python3.8/site-packages/airflow/example_dags/example_kubernetes_executor.py
[2025-03-24T23:51:30.979+0000] {processor.py:840} INFO - DAG(s) 'example_kubernetes_executor' retrieved from /home/airflow/.local/lib/python3.8/site-packages/airflow/example_dags/example_kubernetes_executor.py
[2025-03-24T23:51:31.000+0000] {logging_mixin.py:188} INFO - [2025-03-24T23:51:30.999+0000] {dag.py:3033} INFO - Sync 1 DAGs
[2025-03-24T23:51:31.007+0000] {logging_mixin.py:188} INFO - [2025-03-24T23:51:31.006+0000] {dag.py:3820} INFO - Setting next_dagrun for example_kubernetes_executor to None, run_after=None
[2025-03-24T23:51:31.017+0000] {processor.py:183} INFO - Processing /home/airflow/.local/lib/python3.8/site-packages/airflow/example_dags/example_kubernetes_executor.py took 0.048 seconds
