[2025-03-24T23:24:26.341+0000] {processor.py:161} INFO - Started process (PID=63) to work on /home/airflow/.local/lib/python3.8/site-packages/airflow/example_dags/example_complex.py
[2025-03-24T23:24:26.344+0000] {processor.py:830} INFO - Processing file /home/airflow/.local/lib/python3.8/site-packages/airflow/example_dags/example_complex.py for tasks to queue
[2025-03-24T23:24:26.346+0000] {logging_mixin.py:188} INFO - [2025-03-24T23:24:26.346+0000] {dagbag.py:538} INFO - Filling up the DagBag from /home/airflow/.local/lib/python3.8/site-packages/airflow/example_dags/example_complex.py
[2025-03-24T23:24:26.356+0000] {processor.py:840} INFO - DAG(s) 'example_complex' retrieved from /home/airflow/.local/lib/python3.8/site-packages/airflow/example_dags/example_complex.py
[2025-03-24T23:24:26.364+0000] {logging_mixin.py:188} INFO - [2025-03-24T23:24:26.364+0000] {dag.py:3033} INFO - Sync 1 DAGs
[2025-03-24T23:24:26.371+0000] {logging_mixin.py:188} INFO - [2025-03-24T23:24:26.371+0000] {dag.py:3820} INFO - Setting next_dagrun for example_complex to None, run_after=None
[2025-03-24T23:24:26.388+0000] {processor.py:183} INFO - Processing /home/airflow/.local/lib/python3.8/site-packages/airflow/example_dags/example_complex.py took 0.050 seconds
[2025-03-24T23:24:56.609+0000] {processor.py:161} INFO - Started process (PID=118) to work on /home/airflow/.local/lib/python3.8/site-packages/airflow/example_dags/example_complex.py
[2025-03-24T23:24:56.610+0000] {processor.py:830} INFO - Processing file /home/airflow/.local/lib/python3.8/site-packages/airflow/example_dags/example_complex.py for tasks to queue
[2025-03-24T23:24:56.611+0000] {logging_mixin.py:188} INFO - [2025-03-24T23:24:56.611+0000] {dagbag.py:538} INFO - Filling up the DagBag from /home/airflow/.local/lib/python3.8/site-packages/airflow/example_dags/example_complex.py
[2025-03-24T23:24:56.616+0000] {processor.py:840} INFO - DAG(s) 'example_complex' retrieved from /home/airflow/.local/lib/python3.8/site-packages/airflow/example_dags/example_complex.py
[2025-03-24T23:24:56.670+0000] {logging_mixin.py:188} INFO - [2025-03-24T23:24:56.670+0000] {dag.py:3033} INFO - Sync 1 DAGs
[2025-03-24T23:24:56.675+0000] {logging_mixin.py:188} INFO - [2025-03-24T23:24:56.675+0000] {dag.py:3820} INFO - Setting next_dagrun for example_complex to None, run_after=None
[2025-03-24T23:24:56.685+0000] {processor.py:183} INFO - Processing /home/airflow/.local/lib/python3.8/site-packages/airflow/example_dags/example_complex.py took 0.077 seconds
[2025-03-24T23:25:27.581+0000] {processor.py:161} INFO - Started process (PID=173) to work on /home/airflow/.local/lib/python3.8/site-packages/airflow/example_dags/example_complex.py
[2025-03-24T23:25:27.581+0000] {processor.py:830} INFO - Processing file /home/airflow/.local/lib/python3.8/site-packages/airflow/example_dags/example_complex.py for tasks to queue
[2025-03-24T23:25:27.582+0000] {logging_mixin.py:188} INFO - [2025-03-24T23:25:27.582+0000] {dagbag.py:538} INFO - Filling up the DagBag from /home/airflow/.local/lib/python3.8/site-packages/airflow/example_dags/example_complex.py
[2025-03-24T23:25:27.587+0000] {processor.py:840} INFO - DAG(s) 'example_complex' retrieved from /home/airflow/.local/lib/python3.8/site-packages/airflow/example_dags/example_complex.py
[2025-03-24T23:25:27.601+0000] {logging_mixin.py:188} INFO - [2025-03-24T23:25:27.601+0000] {dag.py:3033} INFO - Sync 1 DAGs
[2025-03-24T23:25:27.608+0000] {logging_mixin.py:188} INFO - [2025-03-24T23:25:27.608+0000] {dag.py:3820} INFO - Setting next_dagrun for example_complex to None, run_after=None
[2025-03-24T23:25:27.616+0000] {processor.py:183} INFO - Processing /home/airflow/.local/lib/python3.8/site-packages/airflow/example_dags/example_complex.py took 0.037 seconds
[2025-03-24T23:25:58.177+0000] {processor.py:161} INFO - Started process (PID=228) to work on /home/airflow/.local/lib/python3.8/site-packages/airflow/example_dags/example_complex.py
[2025-03-24T23:25:58.178+0000] {processor.py:830} INFO - Processing file /home/airflow/.local/lib/python3.8/site-packages/airflow/example_dags/example_complex.py for tasks to queue
[2025-03-24T23:25:58.180+0000] {logging_mixin.py:188} INFO - [2025-03-24T23:25:58.180+0000] {dagbag.py:538} INFO - Filling up the DagBag from /home/airflow/.local/lib/python3.8/site-packages/airflow/example_dags/example_complex.py
[2025-03-24T23:25:58.185+0000] {processor.py:840} INFO - DAG(s) 'example_complex' retrieved from /home/airflow/.local/lib/python3.8/site-packages/airflow/example_dags/example_complex.py
[2025-03-24T23:25:58.198+0000] {logging_mixin.py:188} INFO - [2025-03-24T23:25:58.198+0000] {dag.py:3033} INFO - Sync 1 DAGs
[2025-03-24T23:25:58.202+0000] {logging_mixin.py:188} INFO - [2025-03-24T23:25:58.202+0000] {dag.py:3820} INFO - Setting next_dagrun for example_complex to None, run_after=None
[2025-03-24T23:25:58.210+0000] {processor.py:183} INFO - Processing /home/airflow/.local/lib/python3.8/site-packages/airflow/example_dags/example_complex.py took 0.035 seconds
[2025-03-24T23:26:28.861+0000] {processor.py:161} INFO - Started process (PID=289) to work on /home/airflow/.local/lib/python3.8/site-packages/airflow/example_dags/example_complex.py
[2025-03-24T23:26:28.862+0000] {processor.py:830} INFO - Processing file /home/airflow/.local/lib/python3.8/site-packages/airflow/example_dags/example_complex.py for tasks to queue
[2025-03-24T23:26:28.863+0000] {logging_mixin.py:188} INFO - [2025-03-24T23:26:28.863+0000] {dagbag.py:538} INFO - Filling up the DagBag from /home/airflow/.local/lib/python3.8/site-packages/airflow/example_dags/example_complex.py
[2025-03-24T23:26:28.867+0000] {processor.py:840} INFO - DAG(s) 'example_complex' retrieved from /home/airflow/.local/lib/python3.8/site-packages/airflow/example_dags/example_complex.py
[2025-03-24T23:26:28.881+0000] {logging_mixin.py:188} INFO - [2025-03-24T23:26:28.881+0000] {dag.py:3033} INFO - Sync 1 DAGs
[2025-03-24T23:26:28.887+0000] {logging_mixin.py:188} INFO - [2025-03-24T23:26:28.887+0000] {dag.py:3820} INFO - Setting next_dagrun for example_complex to None, run_after=None
[2025-03-24T23:26:28.895+0000] {processor.py:183} INFO - Processing /home/airflow/.local/lib/python3.8/site-packages/airflow/example_dags/example_complex.py took 0.035 seconds
[2025-03-24T23:26:59.408+0000] {processor.py:161} INFO - Started process (PID=344) to work on /home/airflow/.local/lib/python3.8/site-packages/airflow/example_dags/example_complex.py
[2025-03-24T23:26:59.409+0000] {processor.py:830} INFO - Processing file /home/airflow/.local/lib/python3.8/site-packages/airflow/example_dags/example_complex.py for tasks to queue
[2025-03-24T23:26:59.410+0000] {logging_mixin.py:188} INFO - [2025-03-24T23:26:59.410+0000] {dagbag.py:538} INFO - Filling up the DagBag from /home/airflow/.local/lib/python3.8/site-packages/airflow/example_dags/example_complex.py
[2025-03-24T23:26:59.414+0000] {processor.py:840} INFO - DAG(s) 'example_complex' retrieved from /home/airflow/.local/lib/python3.8/site-packages/airflow/example_dags/example_complex.py
[2025-03-24T23:26:59.426+0000] {logging_mixin.py:188} INFO - [2025-03-24T23:26:59.426+0000] {dag.py:3033} INFO - Sync 1 DAGs
[2025-03-24T23:26:59.431+0000] {logging_mixin.py:188} INFO - [2025-03-24T23:26:59.431+0000] {dag.py:3820} INFO - Setting next_dagrun for example_complex to None, run_after=None
[2025-03-24T23:26:59.438+0000] {processor.py:183} INFO - Processing /home/airflow/.local/lib/python3.8/site-packages/airflow/example_dags/example_complex.py took 0.030 seconds
[2025-03-24T23:27:30.118+0000] {processor.py:161} INFO - Started process (PID=399) to work on /home/airflow/.local/lib/python3.8/site-packages/airflow/example_dags/example_complex.py
[2025-03-24T23:27:30.119+0000] {processor.py:830} INFO - Processing file /home/airflow/.local/lib/python3.8/site-packages/airflow/example_dags/example_complex.py for tasks to queue
[2025-03-24T23:27:30.120+0000] {logging_mixin.py:188} INFO - [2025-03-24T23:27:30.120+0000] {dagbag.py:538} INFO - Filling up the DagBag from /home/airflow/.local/lib/python3.8/site-packages/airflow/example_dags/example_complex.py
[2025-03-24T23:27:30.127+0000] {processor.py:840} INFO - DAG(s) 'example_complex' retrieved from /home/airflow/.local/lib/python3.8/site-packages/airflow/example_dags/example_complex.py
[2025-03-24T23:27:30.142+0000] {logging_mixin.py:188} INFO - [2025-03-24T23:27:30.142+0000] {dag.py:3033} INFO - Sync 1 DAGs
[2025-03-24T23:27:30.147+0000] {logging_mixin.py:188} INFO - [2025-03-24T23:27:30.147+0000] {dag.py:3820} INFO - Setting next_dagrun for example_complex to None, run_after=None
[2025-03-24T23:27:30.155+0000] {processor.py:183} INFO - Processing /home/airflow/.local/lib/python3.8/site-packages/airflow/example_dags/example_complex.py took 0.040 seconds
[2025-03-24T23:28:00.813+0000] {processor.py:161} INFO - Started process (PID=454) to work on /home/airflow/.local/lib/python3.8/site-packages/airflow/example_dags/example_complex.py
[2025-03-24T23:28:00.814+0000] {processor.py:830} INFO - Processing file /home/airflow/.local/lib/python3.8/site-packages/airflow/example_dags/example_complex.py for tasks to queue
[2025-03-24T23:28:00.815+0000] {logging_mixin.py:188} INFO - [2025-03-24T23:28:00.815+0000] {dagbag.py:538} INFO - Filling up the DagBag from /home/airflow/.local/lib/python3.8/site-packages/airflow/example_dags/example_complex.py
[2025-03-24T23:28:00.820+0000] {processor.py:840} INFO - DAG(s) 'example_complex' retrieved from /home/airflow/.local/lib/python3.8/site-packages/airflow/example_dags/example_complex.py
[2025-03-24T23:28:00.834+0000] {logging_mixin.py:188} INFO - [2025-03-24T23:28:00.834+0000] {dag.py:3033} INFO - Sync 1 DAGs
[2025-03-24T23:28:00.839+0000] {logging_mixin.py:188} INFO - [2025-03-24T23:28:00.839+0000] {dag.py:3820} INFO - Setting next_dagrun for example_complex to None, run_after=None
[2025-03-24T23:28:00.847+0000] {processor.py:183} INFO - Processing /home/airflow/.local/lib/python3.8/site-packages/airflow/example_dags/example_complex.py took 0.036 seconds
[2025-03-24T23:28:31.581+0000] {processor.py:161} INFO - Started process (PID=509) to work on /home/airflow/.local/lib/python3.8/site-packages/airflow/example_dags/example_complex.py
[2025-03-24T23:28:31.582+0000] {processor.py:830} INFO - Processing file /home/airflow/.local/lib/python3.8/site-packages/airflow/example_dags/example_complex.py for tasks to queue
[2025-03-24T23:28:31.583+0000] {logging_mixin.py:188} INFO - [2025-03-24T23:28:31.583+0000] {dagbag.py:538} INFO - Filling up the DagBag from /home/airflow/.local/lib/python3.8/site-packages/airflow/example_dags/example_complex.py
[2025-03-24T23:28:31.588+0000] {processor.py:840} INFO - DAG(s) 'example_complex' retrieved from /home/airflow/.local/lib/python3.8/site-packages/airflow/example_dags/example_complex.py
[2025-03-24T23:28:31.604+0000] {logging_mixin.py:188} INFO - [2025-03-24T23:28:31.604+0000] {dag.py:3033} INFO - Sync 1 DAGs
[2025-03-24T23:28:31.609+0000] {logging_mixin.py:188} INFO - [2025-03-24T23:28:31.609+0000] {dag.py:3820} INFO - Setting next_dagrun for example_complex to None, run_after=None
[2025-03-24T23:28:31.620+0000] {processor.py:183} INFO - Processing /home/airflow/.local/lib/python3.8/site-packages/airflow/example_dags/example_complex.py took 0.040 seconds
[2025-03-24T23:29:02.313+0000] {processor.py:161} INFO - Started process (PID=564) to work on /home/airflow/.local/lib/python3.8/site-packages/airflow/example_dags/example_complex.py
[2025-03-24T23:29:02.315+0000] {processor.py:830} INFO - Processing file /home/airflow/.local/lib/python3.8/site-packages/airflow/example_dags/example_complex.py for tasks to queue
[2025-03-24T23:29:02.317+0000] {logging_mixin.py:188} INFO - [2025-03-24T23:29:02.316+0000] {dagbag.py:538} INFO - Filling up the DagBag from /home/airflow/.local/lib/python3.8/site-packages/airflow/example_dags/example_complex.py
[2025-03-24T23:29:02.322+0000] {processor.py:840} INFO - DAG(s) 'example_complex' retrieved from /home/airflow/.local/lib/python3.8/site-packages/airflow/example_dags/example_complex.py
[2025-03-24T23:29:02.343+0000] {logging_mixin.py:188} INFO - [2025-03-24T23:29:02.343+0000] {dag.py:3033} INFO - Sync 1 DAGs
[2025-03-24T23:29:02.350+0000] {logging_mixin.py:188} INFO - [2025-03-24T23:29:02.350+0000] {dag.py:3820} INFO - Setting next_dagrun for example_complex to None, run_after=None
[2025-03-24T23:29:02.358+0000] {processor.py:183} INFO - Processing /home/airflow/.local/lib/python3.8/site-packages/airflow/example_dags/example_complex.py took 0.046 seconds
[2025-03-24T23:29:33.014+0000] {processor.py:161} INFO - Started process (PID=619) to work on /home/airflow/.local/lib/python3.8/site-packages/airflow/example_dags/example_complex.py
[2025-03-24T23:29:33.018+0000] {processor.py:830} INFO - Processing file /home/airflow/.local/lib/python3.8/site-packages/airflow/example_dags/example_complex.py for tasks to queue
[2025-03-24T23:29:33.019+0000] {logging_mixin.py:188} INFO - [2025-03-24T23:29:33.019+0000] {dagbag.py:538} INFO - Filling up the DagBag from /home/airflow/.local/lib/python3.8/site-packages/airflow/example_dags/example_complex.py
[2025-03-24T23:29:33.024+0000] {processor.py:840} INFO - DAG(s) 'example_complex' retrieved from /home/airflow/.local/lib/python3.8/site-packages/airflow/example_dags/example_complex.py
[2025-03-24T23:29:33.040+0000] {logging_mixin.py:188} INFO - [2025-03-24T23:29:33.039+0000] {dag.py:3033} INFO - Sync 1 DAGs
[2025-03-24T23:29:33.046+0000] {logging_mixin.py:188} INFO - [2025-03-24T23:29:33.046+0000] {dag.py:3820} INFO - Setting next_dagrun for example_complex to None, run_after=None
[2025-03-24T23:29:33.055+0000] {processor.py:183} INFO - Processing /home/airflow/.local/lib/python3.8/site-packages/airflow/example_dags/example_complex.py took 0.043 seconds
[2025-03-24T23:30:03.748+0000] {processor.py:161} INFO - Started process (PID=674) to work on /home/airflow/.local/lib/python3.8/site-packages/airflow/example_dags/example_complex.py
[2025-03-24T23:30:03.749+0000] {processor.py:830} INFO - Processing file /home/airflow/.local/lib/python3.8/site-packages/airflow/example_dags/example_complex.py for tasks to queue
[2025-03-24T23:30:03.750+0000] {logging_mixin.py:188} INFO - [2025-03-24T23:30:03.750+0000] {dagbag.py:538} INFO - Filling up the DagBag from /home/airflow/.local/lib/python3.8/site-packages/airflow/example_dags/example_complex.py
[2025-03-24T23:30:03.755+0000] {processor.py:840} INFO - DAG(s) 'example_complex' retrieved from /home/airflow/.local/lib/python3.8/site-packages/airflow/example_dags/example_complex.py
[2025-03-24T23:30:03.769+0000] {logging_mixin.py:188} INFO - [2025-03-24T23:30:03.769+0000] {dag.py:3033} INFO - Sync 1 DAGs
[2025-03-24T23:30:03.774+0000] {logging_mixin.py:188} INFO - [2025-03-24T23:30:03.774+0000] {dag.py:3820} INFO - Setting next_dagrun for example_complex to None, run_after=None
[2025-03-24T23:30:03.781+0000] {processor.py:183} INFO - Processing /home/airflow/.local/lib/python3.8/site-packages/airflow/example_dags/example_complex.py took 0.035 seconds
[2025-03-24T23:30:34.287+0000] {processor.py:161} INFO - Started process (PID=729) to work on /home/airflow/.local/lib/python3.8/site-packages/airflow/example_dags/example_complex.py
[2025-03-24T23:30:34.287+0000] {processor.py:830} INFO - Processing file /home/airflow/.local/lib/python3.8/site-packages/airflow/example_dags/example_complex.py for tasks to queue
[2025-03-24T23:30:34.289+0000] {logging_mixin.py:188} INFO - [2025-03-24T23:30:34.289+0000] {dagbag.py:538} INFO - Filling up the DagBag from /home/airflow/.local/lib/python3.8/site-packages/airflow/example_dags/example_complex.py
[2025-03-24T23:30:34.295+0000] {processor.py:840} INFO - DAG(s) 'example_complex' retrieved from /home/airflow/.local/lib/python3.8/site-packages/airflow/example_dags/example_complex.py
[2025-03-24T23:30:34.308+0000] {logging_mixin.py:188} INFO - [2025-03-24T23:30:34.308+0000] {dag.py:3033} INFO - Sync 1 DAGs
[2025-03-24T23:30:34.314+0000] {logging_mixin.py:188} INFO - [2025-03-24T23:30:34.314+0000] {dag.py:3820} INFO - Setting next_dagrun for example_complex to None, run_after=None
[2025-03-24T23:30:34.321+0000] {processor.py:183} INFO - Processing /home/airflow/.local/lib/python3.8/site-packages/airflow/example_dags/example_complex.py took 0.036 seconds
[2025-03-24T23:31:05.184+0000] {processor.py:161} INFO - Started process (PID=784) to work on /home/airflow/.local/lib/python3.8/site-packages/airflow/example_dags/example_complex.py
[2025-03-24T23:31:05.188+0000] {processor.py:830} INFO - Processing file /home/airflow/.local/lib/python3.8/site-packages/airflow/example_dags/example_complex.py for tasks to queue
[2025-03-24T23:31:05.190+0000] {logging_mixin.py:188} INFO - [2025-03-24T23:31:05.190+0000] {dagbag.py:538} INFO - Filling up the DagBag from /home/airflow/.local/lib/python3.8/site-packages/airflow/example_dags/example_complex.py
[2025-03-24T23:31:05.195+0000] {processor.py:840} INFO - DAG(s) 'example_complex' retrieved from /home/airflow/.local/lib/python3.8/site-packages/airflow/example_dags/example_complex.py
[2025-03-24T23:31:05.210+0000] {logging_mixin.py:188} INFO - [2025-03-24T23:31:05.210+0000] {dag.py:3033} INFO - Sync 1 DAGs
[2025-03-24T23:31:05.217+0000] {logging_mixin.py:188} INFO - [2025-03-24T23:31:05.216+0000] {dag.py:3820} INFO - Setting next_dagrun for example_complex to None, run_after=None
[2025-03-24T23:31:05.225+0000] {processor.py:183} INFO - Processing /home/airflow/.local/lib/python3.8/site-packages/airflow/example_dags/example_complex.py took 0.044 seconds
[2025-03-24T23:31:35.973+0000] {processor.py:161} INFO - Started process (PID=839) to work on /home/airflow/.local/lib/python3.8/site-packages/airflow/example_dags/example_complex.py
[2025-03-24T23:31:35.974+0000] {processor.py:830} INFO - Processing file /home/airflow/.local/lib/python3.8/site-packages/airflow/example_dags/example_complex.py for tasks to queue
[2025-03-24T23:31:35.975+0000] {logging_mixin.py:188} INFO - [2025-03-24T23:31:35.975+0000] {dagbag.py:538} INFO - Filling up the DagBag from /home/airflow/.local/lib/python3.8/site-packages/airflow/example_dags/example_complex.py
[2025-03-24T23:31:35.980+0000] {processor.py:840} INFO - DAG(s) 'example_complex' retrieved from /home/airflow/.local/lib/python3.8/site-packages/airflow/example_dags/example_complex.py
[2025-03-24T23:31:35.995+0000] {logging_mixin.py:188} INFO - [2025-03-24T23:31:35.995+0000] {dag.py:3033} INFO - Sync 1 DAGs
[2025-03-24T23:31:36.002+0000] {logging_mixin.py:188} INFO - [2025-03-24T23:31:36.002+0000] {dag.py:3820} INFO - Setting next_dagrun for example_complex to None, run_after=None
[2025-03-24T23:31:36.011+0000] {processor.py:183} INFO - Processing /home/airflow/.local/lib/python3.8/site-packages/airflow/example_dags/example_complex.py took 0.040 seconds
[2025-03-24T23:32:06.713+0000] {processor.py:161} INFO - Started process (PID=894) to work on /home/airflow/.local/lib/python3.8/site-packages/airflow/example_dags/example_complex.py
[2025-03-24T23:32:06.716+0000] {processor.py:830} INFO - Processing file /home/airflow/.local/lib/python3.8/site-packages/airflow/example_dags/example_complex.py for tasks to queue
[2025-03-24T23:32:06.719+0000] {logging_mixin.py:188} INFO - [2025-03-24T23:32:06.719+0000] {dagbag.py:538} INFO - Filling up the DagBag from /home/airflow/.local/lib/python3.8/site-packages/airflow/example_dags/example_complex.py
[2025-03-24T23:32:06.726+0000] {processor.py:840} INFO - DAG(s) 'example_complex' retrieved from /home/airflow/.local/lib/python3.8/site-packages/airflow/example_dags/example_complex.py
[2025-03-24T23:32:06.744+0000] {logging_mixin.py:188} INFO - [2025-03-24T23:32:06.744+0000] {dag.py:3033} INFO - Sync 1 DAGs
[2025-03-24T23:32:06.751+0000] {logging_mixin.py:188} INFO - [2025-03-24T23:32:06.751+0000] {dag.py:3820} INFO - Setting next_dagrun for example_complex to None, run_after=None
[2025-03-24T23:32:06.761+0000] {processor.py:183} INFO - Processing /home/airflow/.local/lib/python3.8/site-packages/airflow/example_dags/example_complex.py took 0.052 seconds
[2025-03-24T23:32:37.702+0000] {processor.py:161} INFO - Started process (PID=949) to work on /home/airflow/.local/lib/python3.8/site-packages/airflow/example_dags/example_complex.py
[2025-03-24T23:32:37.703+0000] {processor.py:830} INFO - Processing file /home/airflow/.local/lib/python3.8/site-packages/airflow/example_dags/example_complex.py for tasks to queue
[2025-03-24T23:32:37.707+0000] {logging_mixin.py:188} INFO - [2025-03-24T23:32:37.707+0000] {dagbag.py:538} INFO - Filling up the DagBag from /home/airflow/.local/lib/python3.8/site-packages/airflow/example_dags/example_complex.py
[2025-03-24T23:32:37.712+0000] {processor.py:840} INFO - DAG(s) 'example_complex' retrieved from /home/airflow/.local/lib/python3.8/site-packages/airflow/example_dags/example_complex.py
[2025-03-24T23:32:37.728+0000] {logging_mixin.py:188} INFO - [2025-03-24T23:32:37.727+0000] {dag.py:3033} INFO - Sync 1 DAGs
[2025-03-24T23:32:37.736+0000] {logging_mixin.py:188} INFO - [2025-03-24T23:32:37.736+0000] {dag.py:3820} INFO - Setting next_dagrun for example_complex to None, run_after=None
[2025-03-24T23:32:37.748+0000] {processor.py:183} INFO - Processing /home/airflow/.local/lib/python3.8/site-packages/airflow/example_dags/example_complex.py took 0.048 seconds
[2025-03-24T23:33:08.205+0000] {processor.py:161} INFO - Started process (PID=1004) to work on /home/airflow/.local/lib/python3.8/site-packages/airflow/example_dags/example_complex.py
[2025-03-24T23:33:08.206+0000] {processor.py:830} INFO - Processing file /home/airflow/.local/lib/python3.8/site-packages/airflow/example_dags/example_complex.py for tasks to queue
[2025-03-24T23:33:08.207+0000] {logging_mixin.py:188} INFO - [2025-03-24T23:33:08.207+0000] {dagbag.py:538} INFO - Filling up the DagBag from /home/airflow/.local/lib/python3.8/site-packages/airflow/example_dags/example_complex.py
[2025-03-24T23:33:08.213+0000] {processor.py:840} INFO - DAG(s) 'example_complex' retrieved from /home/airflow/.local/lib/python3.8/site-packages/airflow/example_dags/example_complex.py
[2025-03-24T23:33:08.227+0000] {logging_mixin.py:188} INFO - [2025-03-24T23:33:08.227+0000] {dag.py:3033} INFO - Sync 1 DAGs
[2025-03-24T23:33:08.234+0000] {logging_mixin.py:188} INFO - [2025-03-24T23:33:08.234+0000] {dag.py:3820} INFO - Setting next_dagrun for example_complex to None, run_after=None
[2025-03-24T23:33:08.242+0000] {processor.py:183} INFO - Processing /home/airflow/.local/lib/python3.8/site-packages/airflow/example_dags/example_complex.py took 0.039 seconds
[2025-03-24T23:33:38.815+0000] {processor.py:161} INFO - Started process (PID=1059) to work on /home/airflow/.local/lib/python3.8/site-packages/airflow/example_dags/example_complex.py
[2025-03-24T23:33:38.816+0000] {processor.py:830} INFO - Processing file /home/airflow/.local/lib/python3.8/site-packages/airflow/example_dags/example_complex.py for tasks to queue
[2025-03-24T23:33:38.817+0000] {logging_mixin.py:188} INFO - [2025-03-24T23:33:38.817+0000] {dagbag.py:538} INFO - Filling up the DagBag from /home/airflow/.local/lib/python3.8/site-packages/airflow/example_dags/example_complex.py
[2025-03-24T23:33:38.823+0000] {processor.py:840} INFO - DAG(s) 'example_complex' retrieved from /home/airflow/.local/lib/python3.8/site-packages/airflow/example_dags/example_complex.py
[2025-03-24T23:33:38.838+0000] {logging_mixin.py:188} INFO - [2025-03-24T23:33:38.838+0000] {dag.py:3033} INFO - Sync 1 DAGs
[2025-03-24T23:33:38.844+0000] {logging_mixin.py:188} INFO - [2025-03-24T23:33:38.844+0000] {dag.py:3820} INFO - Setting next_dagrun for example_complex to None, run_after=None
[2025-03-24T23:33:38.852+0000] {processor.py:183} INFO - Processing /home/airflow/.local/lib/python3.8/site-packages/airflow/example_dags/example_complex.py took 0.039 seconds
[2025-03-24T23:34:09.366+0000] {processor.py:161} INFO - Started process (PID=1114) to work on /home/airflow/.local/lib/python3.8/site-packages/airflow/example_dags/example_complex.py
[2025-03-24T23:34:09.367+0000] {processor.py:830} INFO - Processing file /home/airflow/.local/lib/python3.8/site-packages/airflow/example_dags/example_complex.py for tasks to queue
[2025-03-24T23:34:09.368+0000] {logging_mixin.py:188} INFO - [2025-03-24T23:34:09.368+0000] {dagbag.py:538} INFO - Filling up the DagBag from /home/airflow/.local/lib/python3.8/site-packages/airflow/example_dags/example_complex.py
[2025-03-24T23:34:09.375+0000] {processor.py:840} INFO - DAG(s) 'example_complex' retrieved from /home/airflow/.local/lib/python3.8/site-packages/airflow/example_dags/example_complex.py
[2025-03-24T23:34:09.391+0000] {logging_mixin.py:188} INFO - [2025-03-24T23:34:09.391+0000] {dag.py:3033} INFO - Sync 1 DAGs
[2025-03-24T23:34:09.397+0000] {logging_mixin.py:188} INFO - [2025-03-24T23:34:09.397+0000] {dag.py:3820} INFO - Setting next_dagrun for example_complex to None, run_after=None
[2025-03-24T23:34:09.406+0000] {processor.py:183} INFO - Processing /home/airflow/.local/lib/python3.8/site-packages/airflow/example_dags/example_complex.py took 0.042 seconds
[2025-03-24T23:34:40.099+0000] {processor.py:161} INFO - Started process (PID=1169) to work on /home/airflow/.local/lib/python3.8/site-packages/airflow/example_dags/example_complex.py
[2025-03-24T23:34:40.100+0000] {processor.py:830} INFO - Processing file /home/airflow/.local/lib/python3.8/site-packages/airflow/example_dags/example_complex.py for tasks to queue
[2025-03-24T23:34:40.101+0000] {logging_mixin.py:188} INFO - [2025-03-24T23:34:40.101+0000] {dagbag.py:538} INFO - Filling up the DagBag from /home/airflow/.local/lib/python3.8/site-packages/airflow/example_dags/example_complex.py
[2025-03-24T23:34:40.107+0000] {processor.py:840} INFO - DAG(s) 'example_complex' retrieved from /home/airflow/.local/lib/python3.8/site-packages/airflow/example_dags/example_complex.py
[2025-03-24T23:34:40.131+0000] {logging_mixin.py:188} INFO - [2025-03-24T23:34:40.131+0000] {dag.py:3033} INFO - Sync 1 DAGs
[2025-03-24T23:34:40.137+0000] {logging_mixin.py:188} INFO - [2025-03-24T23:34:40.137+0000] {dag.py:3820} INFO - Setting next_dagrun for example_complex to None, run_after=None
[2025-03-24T23:34:40.145+0000] {processor.py:183} INFO - Processing /home/airflow/.local/lib/python3.8/site-packages/airflow/example_dags/example_complex.py took 0.049 seconds
[2025-03-24T23:35:10.231+0000] {processor.py:161} INFO - Started process (PID=1224) to work on /home/airflow/.local/lib/python3.8/site-packages/airflow/example_dags/example_complex.py
[2025-03-24T23:35:10.232+0000] {processor.py:830} INFO - Processing file /home/airflow/.local/lib/python3.8/site-packages/airflow/example_dags/example_complex.py for tasks to queue
[2025-03-24T23:35:10.233+0000] {logging_mixin.py:188} INFO - [2025-03-24T23:35:10.233+0000] {dagbag.py:538} INFO - Filling up the DagBag from /home/airflow/.local/lib/python3.8/site-packages/airflow/example_dags/example_complex.py
[2025-03-24T23:35:10.238+0000] {processor.py:840} INFO - DAG(s) 'example_complex' retrieved from /home/airflow/.local/lib/python3.8/site-packages/airflow/example_dags/example_complex.py
[2025-03-24T23:35:10.256+0000] {logging_mixin.py:188} INFO - [2025-03-24T23:35:10.255+0000] {dag.py:3033} INFO - Sync 1 DAGs
[2025-03-24T23:35:10.262+0000] {logging_mixin.py:188} INFO - [2025-03-24T23:35:10.261+0000] {dag.py:3820} INFO - Setting next_dagrun for example_complex to None, run_after=None
[2025-03-24T23:35:10.274+0000] {processor.py:183} INFO - Processing /home/airflow/.local/lib/python3.8/site-packages/airflow/example_dags/example_complex.py took 0.045 seconds
[2025-03-24T23:35:41.054+0000] {processor.py:161} INFO - Started process (PID=1279) to work on /home/airflow/.local/lib/python3.8/site-packages/airflow/example_dags/example_complex.py
[2025-03-24T23:35:41.055+0000] {processor.py:830} INFO - Processing file /home/airflow/.local/lib/python3.8/site-packages/airflow/example_dags/example_complex.py for tasks to queue
[2025-03-24T23:35:41.056+0000] {logging_mixin.py:188} INFO - [2025-03-24T23:35:41.056+0000] {dagbag.py:538} INFO - Filling up the DagBag from /home/airflow/.local/lib/python3.8/site-packages/airflow/example_dags/example_complex.py
[2025-03-24T23:35:41.061+0000] {processor.py:840} INFO - DAG(s) 'example_complex' retrieved from /home/airflow/.local/lib/python3.8/site-packages/airflow/example_dags/example_complex.py
[2025-03-24T23:35:41.074+0000] {logging_mixin.py:188} INFO - [2025-03-24T23:35:41.074+0000] {dag.py:3033} INFO - Sync 1 DAGs
[2025-03-24T23:35:41.079+0000] {logging_mixin.py:188} INFO - [2025-03-24T23:35:41.079+0000] {dag.py:3820} INFO - Setting next_dagrun for example_complex to None, run_after=None
[2025-03-24T23:35:41.086+0000] {processor.py:183} INFO - Processing /home/airflow/.local/lib/python3.8/site-packages/airflow/example_dags/example_complex.py took 0.033 seconds
[2025-03-24T23:36:11.747+0000] {processor.py:161} INFO - Started process (PID=1334) to work on /home/airflow/.local/lib/python3.8/site-packages/airflow/example_dags/example_complex.py
[2025-03-24T23:36:11.748+0000] {processor.py:830} INFO - Processing file /home/airflow/.local/lib/python3.8/site-packages/airflow/example_dags/example_complex.py for tasks to queue
[2025-03-24T23:36:11.749+0000] {logging_mixin.py:188} INFO - [2025-03-24T23:36:11.748+0000] {dagbag.py:538} INFO - Filling up the DagBag from /home/airflow/.local/lib/python3.8/site-packages/airflow/example_dags/example_complex.py
[2025-03-24T23:36:11.753+0000] {processor.py:840} INFO - DAG(s) 'example_complex' retrieved from /home/airflow/.local/lib/python3.8/site-packages/airflow/example_dags/example_complex.py
[2025-03-24T23:36:11.768+0000] {logging_mixin.py:188} INFO - [2025-03-24T23:36:11.768+0000] {dag.py:3033} INFO - Sync 1 DAGs
[2025-03-24T23:36:11.773+0000] {logging_mixin.py:188} INFO - [2025-03-24T23:36:11.773+0000] {dag.py:3820} INFO - Setting next_dagrun for example_complex to None, run_after=None
[2025-03-24T23:36:11.780+0000] {processor.py:183} INFO - Processing /home/airflow/.local/lib/python3.8/site-packages/airflow/example_dags/example_complex.py took 0.035 seconds
[2025-03-24T23:36:42.535+0000] {processor.py:161} INFO - Started process (PID=1389) to work on /home/airflow/.local/lib/python3.8/site-packages/airflow/example_dags/example_complex.py
[2025-03-24T23:36:42.535+0000] {processor.py:830} INFO - Processing file /home/airflow/.local/lib/python3.8/site-packages/airflow/example_dags/example_complex.py for tasks to queue
[2025-03-24T23:36:42.536+0000] {logging_mixin.py:188} INFO - [2025-03-24T23:36:42.536+0000] {dagbag.py:538} INFO - Filling up the DagBag from /home/airflow/.local/lib/python3.8/site-packages/airflow/example_dags/example_complex.py
[2025-03-24T23:36:42.542+0000] {processor.py:840} INFO - DAG(s) 'example_complex' retrieved from /home/airflow/.local/lib/python3.8/site-packages/airflow/example_dags/example_complex.py
[2025-03-24T23:36:42.559+0000] {logging_mixin.py:188} INFO - [2025-03-24T23:36:42.559+0000] {dag.py:3033} INFO - Sync 1 DAGs
[2025-03-24T23:36:42.565+0000] {logging_mixin.py:188} INFO - [2025-03-24T23:36:42.565+0000] {dag.py:3820} INFO - Setting next_dagrun for example_complex to None, run_after=None
[2025-03-24T23:36:42.575+0000] {processor.py:183} INFO - Processing /home/airflow/.local/lib/python3.8/site-packages/airflow/example_dags/example_complex.py took 0.042 seconds
[2025-03-24T23:37:13.388+0000] {processor.py:161} INFO - Started process (PID=1444) to work on /home/airflow/.local/lib/python3.8/site-packages/airflow/example_dags/example_complex.py
[2025-03-24T23:37:13.389+0000] {processor.py:830} INFO - Processing file /home/airflow/.local/lib/python3.8/site-packages/airflow/example_dags/example_complex.py for tasks to queue
[2025-03-24T23:37:13.390+0000] {logging_mixin.py:188} INFO - [2025-03-24T23:37:13.389+0000] {dagbag.py:538} INFO - Filling up the DagBag from /home/airflow/.local/lib/python3.8/site-packages/airflow/example_dags/example_complex.py
[2025-03-24T23:37:13.395+0000] {processor.py:840} INFO - DAG(s) 'example_complex' retrieved from /home/airflow/.local/lib/python3.8/site-packages/airflow/example_dags/example_complex.py
[2025-03-24T23:37:13.411+0000] {logging_mixin.py:188} INFO - [2025-03-24T23:37:13.411+0000] {dag.py:3033} INFO - Sync 1 DAGs
[2025-03-24T23:37:13.416+0000] {logging_mixin.py:188} INFO - [2025-03-24T23:37:13.416+0000] {dag.py:3820} INFO - Setting next_dagrun for example_complex to None, run_after=None
[2025-03-24T23:37:13.424+0000] {processor.py:183} INFO - Processing /home/airflow/.local/lib/python3.8/site-packages/airflow/example_dags/example_complex.py took 0.038 seconds
[2025-03-24T23:37:44.139+0000] {processor.py:161} INFO - Started process (PID=1499) to work on /home/airflow/.local/lib/python3.8/site-packages/airflow/example_dags/example_complex.py
[2025-03-24T23:37:44.140+0000] {processor.py:830} INFO - Processing file /home/airflow/.local/lib/python3.8/site-packages/airflow/example_dags/example_complex.py for tasks to queue
[2025-03-24T23:37:44.141+0000] {logging_mixin.py:188} INFO - [2025-03-24T23:37:44.141+0000] {dagbag.py:538} INFO - Filling up the DagBag from /home/airflow/.local/lib/python3.8/site-packages/airflow/example_dags/example_complex.py
[2025-03-24T23:37:44.146+0000] {processor.py:840} INFO - DAG(s) 'example_complex' retrieved from /home/airflow/.local/lib/python3.8/site-packages/airflow/example_dags/example_complex.py
[2025-03-24T23:37:44.161+0000] {logging_mixin.py:188} INFO - [2025-03-24T23:37:44.160+0000] {dag.py:3033} INFO - Sync 1 DAGs
[2025-03-24T23:37:44.167+0000] {logging_mixin.py:188} INFO - [2025-03-24T23:37:44.167+0000] {dag.py:3820} INFO - Setting next_dagrun for example_complex to None, run_after=None
[2025-03-24T23:37:44.174+0000] {processor.py:183} INFO - Processing /home/airflow/.local/lib/python3.8/site-packages/airflow/example_dags/example_complex.py took 0.037 seconds
[2025-03-24T23:38:14.888+0000] {processor.py:161} INFO - Started process (PID=1554) to work on /home/airflow/.local/lib/python3.8/site-packages/airflow/example_dags/example_complex.py
[2025-03-24T23:38:14.888+0000] {processor.py:830} INFO - Processing file /home/airflow/.local/lib/python3.8/site-packages/airflow/example_dags/example_complex.py for tasks to queue
[2025-03-24T23:38:14.889+0000] {logging_mixin.py:188} INFO - [2025-03-24T23:38:14.889+0000] {dagbag.py:538} INFO - Filling up the DagBag from /home/airflow/.local/lib/python3.8/site-packages/airflow/example_dags/example_complex.py
[2025-03-24T23:38:14.894+0000] {processor.py:840} INFO - DAG(s) 'example_complex' retrieved from /home/airflow/.local/lib/python3.8/site-packages/airflow/example_dags/example_complex.py
[2025-03-24T23:38:14.908+0000] {logging_mixin.py:188} INFO - [2025-03-24T23:38:14.908+0000] {dag.py:3033} INFO - Sync 1 DAGs
[2025-03-24T23:38:14.913+0000] {logging_mixin.py:188} INFO - [2025-03-24T23:38:14.913+0000] {dag.py:3820} INFO - Setting next_dagrun for example_complex to None, run_after=None
[2025-03-24T23:38:14.924+0000] {processor.py:183} INFO - Processing /home/airflow/.local/lib/python3.8/site-packages/airflow/example_dags/example_complex.py took 0.038 seconds
[2025-03-24T23:38:45.612+0000] {processor.py:161} INFO - Started process (PID=1609) to work on /home/airflow/.local/lib/python3.8/site-packages/airflow/example_dags/example_complex.py
[2025-03-24T23:38:45.613+0000] {processor.py:830} INFO - Processing file /home/airflow/.local/lib/python3.8/site-packages/airflow/example_dags/example_complex.py for tasks to queue
[2025-03-24T23:38:45.615+0000] {logging_mixin.py:188} INFO - [2025-03-24T23:38:45.614+0000] {dagbag.py:538} INFO - Filling up the DagBag from /home/airflow/.local/lib/python3.8/site-packages/airflow/example_dags/example_complex.py
[2025-03-24T23:38:45.619+0000] {processor.py:840} INFO - DAG(s) 'example_complex' retrieved from /home/airflow/.local/lib/python3.8/site-packages/airflow/example_dags/example_complex.py
[2025-03-24T23:38:45.634+0000] {logging_mixin.py:188} INFO - [2025-03-24T23:38:45.634+0000] {dag.py:3033} INFO - Sync 1 DAGs
[2025-03-24T23:38:45.639+0000] {logging_mixin.py:188} INFO - [2025-03-24T23:38:45.639+0000] {dag.py:3820} INFO - Setting next_dagrun for example_complex to None, run_after=None
[2025-03-24T23:38:45.652+0000] {processor.py:183} INFO - Processing /home/airflow/.local/lib/python3.8/site-packages/airflow/example_dags/example_complex.py took 0.042 seconds
[2025-03-24T23:39:16.413+0000] {processor.py:161} INFO - Started process (PID=1664) to work on /home/airflow/.local/lib/python3.8/site-packages/airflow/example_dags/example_complex.py
[2025-03-24T23:39:16.414+0000] {processor.py:830} INFO - Processing file /home/airflow/.local/lib/python3.8/site-packages/airflow/example_dags/example_complex.py for tasks to queue
[2025-03-24T23:39:16.415+0000] {logging_mixin.py:188} INFO - [2025-03-24T23:39:16.415+0000] {dagbag.py:538} INFO - Filling up the DagBag from /home/airflow/.local/lib/python3.8/site-packages/airflow/example_dags/example_complex.py
[2025-03-24T23:39:16.422+0000] {processor.py:840} INFO - DAG(s) 'example_complex' retrieved from /home/airflow/.local/lib/python3.8/site-packages/airflow/example_dags/example_complex.py
[2025-03-24T23:39:16.441+0000] {logging_mixin.py:188} INFO - [2025-03-24T23:39:16.441+0000] {dag.py:3033} INFO - Sync 1 DAGs
[2025-03-24T23:39:16.448+0000] {logging_mixin.py:188} INFO - [2025-03-24T23:39:16.448+0000] {dag.py:3820} INFO - Setting next_dagrun for example_complex to None, run_after=None
[2025-03-24T23:39:16.460+0000] {processor.py:183} INFO - Processing /home/airflow/.local/lib/python3.8/site-packages/airflow/example_dags/example_complex.py took 0.050 seconds
[2025-03-24T23:39:47.339+0000] {processor.py:161} INFO - Started process (PID=1719) to work on /home/airflow/.local/lib/python3.8/site-packages/airflow/example_dags/example_complex.py
[2025-03-24T23:39:47.340+0000] {processor.py:830} INFO - Processing file /home/airflow/.local/lib/python3.8/site-packages/airflow/example_dags/example_complex.py for tasks to queue
[2025-03-24T23:39:47.341+0000] {logging_mixin.py:188} INFO - [2025-03-24T23:39:47.341+0000] {dagbag.py:538} INFO - Filling up the DagBag from /home/airflow/.local/lib/python3.8/site-packages/airflow/example_dags/example_complex.py
[2025-03-24T23:39:47.346+0000] {processor.py:840} INFO - DAG(s) 'example_complex' retrieved from /home/airflow/.local/lib/python3.8/site-packages/airflow/example_dags/example_complex.py
[2025-03-24T23:39:47.363+0000] {logging_mixin.py:188} INFO - [2025-03-24T23:39:47.363+0000] {dag.py:3033} INFO - Sync 1 DAGs
[2025-03-24T23:39:47.384+0000] {logging_mixin.py:188} INFO - [2025-03-24T23:39:47.384+0000] {dag.py:3820} INFO - Setting next_dagrun for example_complex to None, run_after=None
[2025-03-24T23:39:47.419+0000] {processor.py:183} INFO - Processing /home/airflow/.local/lib/python3.8/site-packages/airflow/example_dags/example_complex.py took 0.082 seconds
[2025-03-24T23:40:17.951+0000] {processor.py:161} INFO - Started process (PID=1774) to work on /home/airflow/.local/lib/python3.8/site-packages/airflow/example_dags/example_complex.py
[2025-03-24T23:40:17.952+0000] {processor.py:830} INFO - Processing file /home/airflow/.local/lib/python3.8/site-packages/airflow/example_dags/example_complex.py for tasks to queue
[2025-03-24T23:40:17.953+0000] {logging_mixin.py:188} INFO - [2025-03-24T23:40:17.952+0000] {dagbag.py:538} INFO - Filling up the DagBag from /home/airflow/.local/lib/python3.8/site-packages/airflow/example_dags/example_complex.py
[2025-03-24T23:40:17.957+0000] {processor.py:840} INFO - DAG(s) 'example_complex' retrieved from /home/airflow/.local/lib/python3.8/site-packages/airflow/example_dags/example_complex.py
[2025-03-24T23:40:17.968+0000] {logging_mixin.py:188} INFO - [2025-03-24T23:40:17.968+0000] {dag.py:3033} INFO - Sync 1 DAGs
[2025-03-24T23:40:17.973+0000] {logging_mixin.py:188} INFO - [2025-03-24T23:40:17.973+0000] {dag.py:3820} INFO - Setting next_dagrun for example_complex to None, run_after=None
[2025-03-24T23:40:17.979+0000] {processor.py:183} INFO - Processing /home/airflow/.local/lib/python3.8/site-packages/airflow/example_dags/example_complex.py took 0.029 seconds
[2025-03-24T23:40:48.550+0000] {processor.py:161} INFO - Started process (PID=1829) to work on /home/airflow/.local/lib/python3.8/site-packages/airflow/example_dags/example_complex.py
[2025-03-24T23:40:48.551+0000] {processor.py:830} INFO - Processing file /home/airflow/.local/lib/python3.8/site-packages/airflow/example_dags/example_complex.py for tasks to queue
[2025-03-24T23:40:48.552+0000] {logging_mixin.py:188} INFO - [2025-03-24T23:40:48.551+0000] {dagbag.py:538} INFO - Filling up the DagBag from /home/airflow/.local/lib/python3.8/site-packages/airflow/example_dags/example_complex.py
[2025-03-24T23:40:48.556+0000] {processor.py:840} INFO - DAG(s) 'example_complex' retrieved from /home/airflow/.local/lib/python3.8/site-packages/airflow/example_dags/example_complex.py
[2025-03-24T23:40:48.569+0000] {logging_mixin.py:188} INFO - [2025-03-24T23:40:48.569+0000] {dag.py:3033} INFO - Sync 1 DAGs
[2025-03-24T23:40:48.574+0000] {logging_mixin.py:188} INFO - [2025-03-24T23:40:48.574+0000] {dag.py:3820} INFO - Setting next_dagrun for example_complex to None, run_after=None
[2025-03-24T23:40:48.581+0000] {processor.py:183} INFO - Processing /home/airflow/.local/lib/python3.8/site-packages/airflow/example_dags/example_complex.py took 0.033 seconds
[2025-03-24T23:41:19.128+0000] {processor.py:161} INFO - Started process (PID=1884) to work on /home/airflow/.local/lib/python3.8/site-packages/airflow/example_dags/example_complex.py
[2025-03-24T23:41:19.129+0000] {processor.py:830} INFO - Processing file /home/airflow/.local/lib/python3.8/site-packages/airflow/example_dags/example_complex.py for tasks to queue
[2025-03-24T23:41:19.130+0000] {logging_mixin.py:188} INFO - [2025-03-24T23:41:19.130+0000] {dagbag.py:538} INFO - Filling up the DagBag from /home/airflow/.local/lib/python3.8/site-packages/airflow/example_dags/example_complex.py
[2025-03-24T23:41:19.136+0000] {processor.py:840} INFO - DAG(s) 'example_complex' retrieved from /home/airflow/.local/lib/python3.8/site-packages/airflow/example_dags/example_complex.py
[2025-03-24T23:41:19.151+0000] {logging_mixin.py:188} INFO - [2025-03-24T23:41:19.151+0000] {dag.py:3033} INFO - Sync 1 DAGs
[2025-03-24T23:41:19.156+0000] {logging_mixin.py:188} INFO - [2025-03-24T23:41:19.156+0000] {dag.py:3820} INFO - Setting next_dagrun for example_complex to None, run_after=None
[2025-03-24T23:41:19.165+0000] {processor.py:183} INFO - Processing /home/airflow/.local/lib/python3.8/site-packages/airflow/example_dags/example_complex.py took 0.038 seconds
[2025-03-24T23:41:49.728+0000] {processor.py:161} INFO - Started process (PID=1939) to work on /home/airflow/.local/lib/python3.8/site-packages/airflow/example_dags/example_complex.py
[2025-03-24T23:41:49.729+0000] {processor.py:830} INFO - Processing file /home/airflow/.local/lib/python3.8/site-packages/airflow/example_dags/example_complex.py for tasks to queue
[2025-03-24T23:41:49.729+0000] {logging_mixin.py:188} INFO - [2025-03-24T23:41:49.729+0000] {dagbag.py:538} INFO - Filling up the DagBag from /home/airflow/.local/lib/python3.8/site-packages/airflow/example_dags/example_complex.py
[2025-03-24T23:41:49.734+0000] {processor.py:840} INFO - DAG(s) 'example_complex' retrieved from /home/airflow/.local/lib/python3.8/site-packages/airflow/example_dags/example_complex.py
[2025-03-24T23:41:49.746+0000] {logging_mixin.py:188} INFO - [2025-03-24T23:41:49.746+0000] {dag.py:3033} INFO - Sync 1 DAGs
[2025-03-24T23:41:49.751+0000] {logging_mixin.py:188} INFO - [2025-03-24T23:41:49.751+0000] {dag.py:3820} INFO - Setting next_dagrun for example_complex to None, run_after=None
[2025-03-24T23:41:49.757+0000] {processor.py:183} INFO - Processing /home/airflow/.local/lib/python3.8/site-packages/airflow/example_dags/example_complex.py took 0.031 seconds
[2025-03-24T23:42:20.350+0000] {processor.py:161} INFO - Started process (PID=1994) to work on /home/airflow/.local/lib/python3.8/site-packages/airflow/example_dags/example_complex.py
[2025-03-24T23:42:20.351+0000] {processor.py:830} INFO - Processing file /home/airflow/.local/lib/python3.8/site-packages/airflow/example_dags/example_complex.py for tasks to queue
[2025-03-24T23:42:20.352+0000] {logging_mixin.py:188} INFO - [2025-03-24T23:42:20.352+0000] {dagbag.py:538} INFO - Filling up the DagBag from /home/airflow/.local/lib/python3.8/site-packages/airflow/example_dags/example_complex.py
[2025-03-24T23:42:20.357+0000] {processor.py:840} INFO - DAG(s) 'example_complex' retrieved from /home/airflow/.local/lib/python3.8/site-packages/airflow/example_dags/example_complex.py
[2025-03-24T23:42:20.372+0000] {logging_mixin.py:188} INFO - [2025-03-24T23:42:20.372+0000] {dag.py:3033} INFO - Sync 1 DAGs
[2025-03-24T23:42:20.381+0000] {logging_mixin.py:188} INFO - [2025-03-24T23:42:20.381+0000] {dag.py:3820} INFO - Setting next_dagrun for example_complex to None, run_after=None
[2025-03-24T23:42:20.389+0000] {processor.py:183} INFO - Processing /home/airflow/.local/lib/python3.8/site-packages/airflow/example_dags/example_complex.py took 0.040 seconds
[2025-03-24T23:42:50.826+0000] {processor.py:161} INFO - Started process (PID=2049) to work on /home/airflow/.local/lib/python3.8/site-packages/airflow/example_dags/example_complex.py
[2025-03-24T23:42:50.827+0000] {processor.py:830} INFO - Processing file /home/airflow/.local/lib/python3.8/site-packages/airflow/example_dags/example_complex.py for tasks to queue
[2025-03-24T23:42:50.831+0000] {logging_mixin.py:188} INFO - [2025-03-24T23:42:50.831+0000] {dagbag.py:538} INFO - Filling up the DagBag from /home/airflow/.local/lib/python3.8/site-packages/airflow/example_dags/example_complex.py
[2025-03-24T23:42:50.836+0000] {processor.py:840} INFO - DAG(s) 'example_complex' retrieved from /home/airflow/.local/lib/python3.8/site-packages/airflow/example_dags/example_complex.py
[2025-03-24T23:42:50.850+0000] {logging_mixin.py:188} INFO - [2025-03-24T23:42:50.850+0000] {dag.py:3033} INFO - Sync 1 DAGs
[2025-03-24T23:42:50.857+0000] {logging_mixin.py:188} INFO - [2025-03-24T23:42:50.857+0000] {dag.py:3820} INFO - Setting next_dagrun for example_complex to None, run_after=None
[2025-03-24T23:42:50.866+0000] {processor.py:183} INFO - Processing /home/airflow/.local/lib/python3.8/site-packages/airflow/example_dags/example_complex.py took 0.042 seconds
[2025-03-24T23:43:21.339+0000] {processor.py:161} INFO - Started process (PID=2104) to work on /home/airflow/.local/lib/python3.8/site-packages/airflow/example_dags/example_complex.py
[2025-03-24T23:43:21.340+0000] {processor.py:830} INFO - Processing file /home/airflow/.local/lib/python3.8/site-packages/airflow/example_dags/example_complex.py for tasks to queue
[2025-03-24T23:43:21.341+0000] {logging_mixin.py:188} INFO - [2025-03-24T23:43:21.341+0000] {dagbag.py:538} INFO - Filling up the DagBag from /home/airflow/.local/lib/python3.8/site-packages/airflow/example_dags/example_complex.py
[2025-03-24T23:43:21.346+0000] {processor.py:840} INFO - DAG(s) 'example_complex' retrieved from /home/airflow/.local/lib/python3.8/site-packages/airflow/example_dags/example_complex.py
[2025-03-24T23:43:21.359+0000] {logging_mixin.py:188} INFO - [2025-03-24T23:43:21.359+0000] {dag.py:3033} INFO - Sync 1 DAGs
[2025-03-24T23:43:21.365+0000] {logging_mixin.py:188} INFO - [2025-03-24T23:43:21.365+0000] {dag.py:3820} INFO - Setting next_dagrun for example_complex to None, run_after=None
[2025-03-24T23:43:21.373+0000] {processor.py:183} INFO - Processing /home/airflow/.local/lib/python3.8/site-packages/airflow/example_dags/example_complex.py took 0.036 seconds
[2025-03-24T23:43:52.023+0000] {processor.py:161} INFO - Started process (PID=2159) to work on /home/airflow/.local/lib/python3.8/site-packages/airflow/example_dags/example_complex.py
[2025-03-24T23:43:52.023+0000] {processor.py:830} INFO - Processing file /home/airflow/.local/lib/python3.8/site-packages/airflow/example_dags/example_complex.py for tasks to queue
[2025-03-24T23:43:52.025+0000] {logging_mixin.py:188} INFO - [2025-03-24T23:43:52.024+0000] {dagbag.py:538} INFO - Filling up the DagBag from /home/airflow/.local/lib/python3.8/site-packages/airflow/example_dags/example_complex.py
[2025-03-24T23:43:52.030+0000] {processor.py:840} INFO - DAG(s) 'example_complex' retrieved from /home/airflow/.local/lib/python3.8/site-packages/airflow/example_dags/example_complex.py
[2025-03-24T23:43:52.043+0000] {logging_mixin.py:188} INFO - [2025-03-24T23:43:52.043+0000] {dag.py:3033} INFO - Sync 1 DAGs
[2025-03-24T23:43:52.050+0000] {logging_mixin.py:188} INFO - [2025-03-24T23:43:52.050+0000] {dag.py:3820} INFO - Setting next_dagrun for example_complex to None, run_after=None
[2025-03-24T23:43:52.058+0000] {processor.py:183} INFO - Processing /home/airflow/.local/lib/python3.8/site-packages/airflow/example_dags/example_complex.py took 0.037 seconds
[2025-03-24T23:44:22.704+0000] {processor.py:161} INFO - Started process (PID=2214) to work on /home/airflow/.local/lib/python3.8/site-packages/airflow/example_dags/example_complex.py
[2025-03-24T23:44:22.705+0000] {processor.py:830} INFO - Processing file /home/airflow/.local/lib/python3.8/site-packages/airflow/example_dags/example_complex.py for tasks to queue
[2025-03-24T23:44:22.706+0000] {logging_mixin.py:188} INFO - [2025-03-24T23:44:22.706+0000] {dagbag.py:538} INFO - Filling up the DagBag from /home/airflow/.local/lib/python3.8/site-packages/airflow/example_dags/example_complex.py
[2025-03-24T23:44:22.711+0000] {processor.py:840} INFO - DAG(s) 'example_complex' retrieved from /home/airflow/.local/lib/python3.8/site-packages/airflow/example_dags/example_complex.py
[2025-03-24T23:44:22.726+0000] {logging_mixin.py:188} INFO - [2025-03-24T23:44:22.726+0000] {dag.py:3033} INFO - Sync 1 DAGs
[2025-03-24T23:44:22.731+0000] {logging_mixin.py:188} INFO - [2025-03-24T23:44:22.731+0000] {dag.py:3820} INFO - Setting next_dagrun for example_complex to None, run_after=None
[2025-03-24T23:44:22.738+0000] {processor.py:183} INFO - Processing /home/airflow/.local/lib/python3.8/site-packages/airflow/example_dags/example_complex.py took 0.036 seconds
[2025-03-24T23:44:53.348+0000] {processor.py:161} INFO - Started process (PID=2269) to work on /home/airflow/.local/lib/python3.8/site-packages/airflow/example_dags/example_complex.py
[2025-03-24T23:44:53.349+0000] {processor.py:830} INFO - Processing file /home/airflow/.local/lib/python3.8/site-packages/airflow/example_dags/example_complex.py for tasks to queue
[2025-03-24T23:44:53.350+0000] {logging_mixin.py:188} INFO - [2025-03-24T23:44:53.350+0000] {dagbag.py:538} INFO - Filling up the DagBag from /home/airflow/.local/lib/python3.8/site-packages/airflow/example_dags/example_complex.py
[2025-03-24T23:44:53.354+0000] {processor.py:840} INFO - DAG(s) 'example_complex' retrieved from /home/airflow/.local/lib/python3.8/site-packages/airflow/example_dags/example_complex.py
[2025-03-24T23:44:53.365+0000] {logging_mixin.py:188} INFO - [2025-03-24T23:44:53.365+0000] {dag.py:3033} INFO - Sync 1 DAGs
[2025-03-24T23:44:53.369+0000] {logging_mixin.py:188} INFO - [2025-03-24T23:44:53.369+0000] {dag.py:3820} INFO - Setting next_dagrun for example_complex to None, run_after=None
[2025-03-24T23:44:53.375+0000] {processor.py:183} INFO - Processing /home/airflow/.local/lib/python3.8/site-packages/airflow/example_dags/example_complex.py took 0.028 seconds
[2025-03-24T23:45:23.820+0000] {processor.py:161} INFO - Started process (PID=2324) to work on /home/airflow/.local/lib/python3.8/site-packages/airflow/example_dags/example_complex.py
[2025-03-24T23:45:23.823+0000] {processor.py:830} INFO - Processing file /home/airflow/.local/lib/python3.8/site-packages/airflow/example_dags/example_complex.py for tasks to queue
[2025-03-24T23:45:23.825+0000] {logging_mixin.py:188} INFO - [2025-03-24T23:45:23.825+0000] {dagbag.py:538} INFO - Filling up the DagBag from /home/airflow/.local/lib/python3.8/site-packages/airflow/example_dags/example_complex.py
[2025-03-24T23:45:23.829+0000] {processor.py:840} INFO - DAG(s) 'example_complex' retrieved from /home/airflow/.local/lib/python3.8/site-packages/airflow/example_dags/example_complex.py
[2025-03-24T23:45:23.842+0000] {logging_mixin.py:188} INFO - [2025-03-24T23:45:23.841+0000] {dag.py:3033} INFO - Sync 1 DAGs
[2025-03-24T23:45:23.849+0000] {logging_mixin.py:188} INFO - [2025-03-24T23:45:23.849+0000] {dag.py:3820} INFO - Setting next_dagrun for example_complex to None, run_after=None
[2025-03-24T23:45:23.857+0000] {processor.py:183} INFO - Processing /home/airflow/.local/lib/python3.8/site-packages/airflow/example_dags/example_complex.py took 0.038 seconds
[2025-03-24T23:45:54.477+0000] {processor.py:161} INFO - Started process (PID=2378) to work on /home/airflow/.local/lib/python3.8/site-packages/airflow/example_dags/example_complex.py
[2025-03-24T23:45:54.478+0000] {processor.py:830} INFO - Processing file /home/airflow/.local/lib/python3.8/site-packages/airflow/example_dags/example_complex.py for tasks to queue
[2025-03-24T23:45:54.479+0000] {logging_mixin.py:188} INFO - [2025-03-24T23:45:54.479+0000] {dagbag.py:538} INFO - Filling up the DagBag from /home/airflow/.local/lib/python3.8/site-packages/airflow/example_dags/example_complex.py
[2025-03-24T23:45:54.484+0000] {processor.py:840} INFO - DAG(s) 'example_complex' retrieved from /home/airflow/.local/lib/python3.8/site-packages/airflow/example_dags/example_complex.py
[2025-03-24T23:45:54.497+0000] {logging_mixin.py:188} INFO - [2025-03-24T23:45:54.497+0000] {dag.py:3033} INFO - Sync 1 DAGs
[2025-03-24T23:45:54.502+0000] {logging_mixin.py:188} INFO - [2025-03-24T23:45:54.502+0000] {dag.py:3820} INFO - Setting next_dagrun for example_complex to None, run_after=None
[2025-03-24T23:45:54.509+0000] {processor.py:183} INFO - Processing /home/airflow/.local/lib/python3.8/site-packages/airflow/example_dags/example_complex.py took 0.034 seconds
[2025-03-24T23:46:25.394+0000] {processor.py:161} INFO - Started process (PID=2433) to work on /home/airflow/.local/lib/python3.8/site-packages/airflow/example_dags/example_complex.py
[2025-03-24T23:46:25.394+0000] {processor.py:830} INFO - Processing file /home/airflow/.local/lib/python3.8/site-packages/airflow/example_dags/example_complex.py for tasks to queue
[2025-03-24T23:46:25.395+0000] {logging_mixin.py:188} INFO - [2025-03-24T23:46:25.395+0000] {dagbag.py:538} INFO - Filling up the DagBag from /home/airflow/.local/lib/python3.8/site-packages/airflow/example_dags/example_complex.py
[2025-03-24T23:46:25.400+0000] {processor.py:840} INFO - DAG(s) 'example_complex' retrieved from /home/airflow/.local/lib/python3.8/site-packages/airflow/example_dags/example_complex.py
[2025-03-24T23:46:25.413+0000] {logging_mixin.py:188} INFO - [2025-03-24T23:46:25.413+0000] {dag.py:3033} INFO - Sync 1 DAGs
[2025-03-24T23:46:25.418+0000] {logging_mixin.py:188} INFO - [2025-03-24T23:46:25.418+0000] {dag.py:3820} INFO - Setting next_dagrun for example_complex to None, run_after=None
[2025-03-24T23:46:25.425+0000] {processor.py:183} INFO - Processing /home/airflow/.local/lib/python3.8/site-packages/airflow/example_dags/example_complex.py took 0.033 seconds
[2025-03-24T23:46:56.183+0000] {processor.py:161} INFO - Started process (PID=2488) to work on /home/airflow/.local/lib/python3.8/site-packages/airflow/example_dags/example_complex.py
[2025-03-24T23:46:56.185+0000] {processor.py:830} INFO - Processing file /home/airflow/.local/lib/python3.8/site-packages/airflow/example_dags/example_complex.py for tasks to queue
[2025-03-24T23:46:56.186+0000] {logging_mixin.py:188} INFO - [2025-03-24T23:46:56.186+0000] {dagbag.py:538} INFO - Filling up the DagBag from /home/airflow/.local/lib/python3.8/site-packages/airflow/example_dags/example_complex.py
[2025-03-24T23:46:56.192+0000] {processor.py:840} INFO - DAG(s) 'example_complex' retrieved from /home/airflow/.local/lib/python3.8/site-packages/airflow/example_dags/example_complex.py
[2025-03-24T23:46:56.209+0000] {logging_mixin.py:188} INFO - [2025-03-24T23:46:56.209+0000] {dag.py:3033} INFO - Sync 1 DAGs
[2025-03-24T23:46:56.216+0000] {logging_mixin.py:188} INFO - [2025-03-24T23:46:56.215+0000] {dag.py:3820} INFO - Setting next_dagrun for example_complex to None, run_after=None
[2025-03-24T23:46:56.225+0000] {processor.py:183} INFO - Processing /home/airflow/.local/lib/python3.8/site-packages/airflow/example_dags/example_complex.py took 0.043 seconds
[2025-03-24T23:47:26.308+0000] {processor.py:161} INFO - Started process (PID=2543) to work on /home/airflow/.local/lib/python3.8/site-packages/airflow/example_dags/example_complex.py
[2025-03-24T23:47:26.309+0000] {processor.py:830} INFO - Processing file /home/airflow/.local/lib/python3.8/site-packages/airflow/example_dags/example_complex.py for tasks to queue
[2025-03-24T23:47:26.310+0000] {logging_mixin.py:188} INFO - [2025-03-24T23:47:26.310+0000] {dagbag.py:538} INFO - Filling up the DagBag from /home/airflow/.local/lib/python3.8/site-packages/airflow/example_dags/example_complex.py
[2025-03-24T23:47:26.315+0000] {processor.py:840} INFO - DAG(s) 'example_complex' retrieved from /home/airflow/.local/lib/python3.8/site-packages/airflow/example_dags/example_complex.py
[2025-03-24T23:47:26.328+0000] {logging_mixin.py:188} INFO - [2025-03-24T23:47:26.328+0000] {dag.py:3033} INFO - Sync 1 DAGs
[2025-03-24T23:47:26.333+0000] {logging_mixin.py:188} INFO - [2025-03-24T23:47:26.333+0000] {dag.py:3820} INFO - Setting next_dagrun for example_complex to None, run_after=None
[2025-03-24T23:47:26.342+0000] {processor.py:183} INFO - Processing /home/airflow/.local/lib/python3.8/site-packages/airflow/example_dags/example_complex.py took 0.035 seconds
[2025-03-24T23:47:56.448+0000] {processor.py:161} INFO - Started process (PID=2598) to work on /home/airflow/.local/lib/python3.8/site-packages/airflow/example_dags/example_complex.py
[2025-03-24T23:47:56.452+0000] {processor.py:830} INFO - Processing file /home/airflow/.local/lib/python3.8/site-packages/airflow/example_dags/example_complex.py for tasks to queue
[2025-03-24T23:47:56.454+0000] {logging_mixin.py:188} INFO - [2025-03-24T23:47:56.454+0000] {dagbag.py:538} INFO - Filling up the DagBag from /home/airflow/.local/lib/python3.8/site-packages/airflow/example_dags/example_complex.py
[2025-03-24T23:47:56.459+0000] {processor.py:840} INFO - DAG(s) 'example_complex' retrieved from /home/airflow/.local/lib/python3.8/site-packages/airflow/example_dags/example_complex.py
[2025-03-24T23:47:56.473+0000] {logging_mixin.py:188} INFO - [2025-03-24T23:47:56.473+0000] {dag.py:3033} INFO - Sync 1 DAGs
[2025-03-24T23:47:56.478+0000] {logging_mixin.py:188} INFO - [2025-03-24T23:47:56.478+0000] {dag.py:3820} INFO - Setting next_dagrun for example_complex to None, run_after=None
[2025-03-24T23:47:56.486+0000] {processor.py:183} INFO - Processing /home/airflow/.local/lib/python3.8/site-packages/airflow/example_dags/example_complex.py took 0.039 seconds
[2025-03-24T23:48:27.506+0000] {processor.py:161} INFO - Started process (PID=2653) to work on /home/airflow/.local/lib/python3.8/site-packages/airflow/example_dags/example_complex.py
[2025-03-24T23:48:27.507+0000] {processor.py:830} INFO - Processing file /home/airflow/.local/lib/python3.8/site-packages/airflow/example_dags/example_complex.py for tasks to queue
[2025-03-24T23:48:27.508+0000] {logging_mixin.py:188} INFO - [2025-03-24T23:48:27.508+0000] {dagbag.py:538} INFO - Filling up the DagBag from /home/airflow/.local/lib/python3.8/site-packages/airflow/example_dags/example_complex.py
[2025-03-24T23:48:27.513+0000] {processor.py:840} INFO - DAG(s) 'example_complex' retrieved from /home/airflow/.local/lib/python3.8/site-packages/airflow/example_dags/example_complex.py
[2025-03-24T23:48:27.528+0000] {logging_mixin.py:188} INFO - [2025-03-24T23:48:27.528+0000] {dag.py:3033} INFO - Sync 1 DAGs
[2025-03-24T23:48:27.534+0000] {logging_mixin.py:188} INFO - [2025-03-24T23:48:27.534+0000] {dag.py:3820} INFO - Setting next_dagrun for example_complex to None, run_after=None
[2025-03-24T23:48:27.620+0000] {processor.py:183} INFO - Processing /home/airflow/.local/lib/python3.8/site-packages/airflow/example_dags/example_complex.py took 0.116 seconds
[2025-03-24T23:48:57.965+0000] {processor.py:161} INFO - Started process (PID=2708) to work on /home/airflow/.local/lib/python3.8/site-packages/airflow/example_dags/example_complex.py
[2025-03-24T23:48:57.966+0000] {processor.py:830} INFO - Processing file /home/airflow/.local/lib/python3.8/site-packages/airflow/example_dags/example_complex.py for tasks to queue
[2025-03-24T23:48:57.967+0000] {logging_mixin.py:188} INFO - [2025-03-24T23:48:57.967+0000] {dagbag.py:538} INFO - Filling up the DagBag from /home/airflow/.local/lib/python3.8/site-packages/airflow/example_dags/example_complex.py
[2025-03-24T23:48:57.972+0000] {processor.py:840} INFO - DAG(s) 'example_complex' retrieved from /home/airflow/.local/lib/python3.8/site-packages/airflow/example_dags/example_complex.py
[2025-03-24T23:48:57.986+0000] {logging_mixin.py:188} INFO - [2025-03-24T23:48:57.986+0000] {dag.py:3033} INFO - Sync 1 DAGs
[2025-03-24T23:48:57.992+0000] {logging_mixin.py:188} INFO - [2025-03-24T23:48:57.992+0000] {dag.py:3820} INFO - Setting next_dagrun for example_complex to None, run_after=None
[2025-03-24T23:48:58.001+0000] {processor.py:183} INFO - Processing /home/airflow/.local/lib/python3.8/site-packages/airflow/example_dags/example_complex.py took 0.038 seconds
[2025-03-24T23:49:28.201+0000] {processor.py:161} INFO - Started process (PID=2763) to work on /home/airflow/.local/lib/python3.8/site-packages/airflow/example_dags/example_complex.py
[2025-03-24T23:49:28.202+0000] {processor.py:830} INFO - Processing file /home/airflow/.local/lib/python3.8/site-packages/airflow/example_dags/example_complex.py for tasks to queue
[2025-03-24T23:49:28.203+0000] {logging_mixin.py:188} INFO - [2025-03-24T23:49:28.203+0000] {dagbag.py:538} INFO - Filling up the DagBag from /home/airflow/.local/lib/python3.8/site-packages/airflow/example_dags/example_complex.py
[2025-03-24T23:49:28.209+0000] {processor.py:840} INFO - DAG(s) 'example_complex' retrieved from /home/airflow/.local/lib/python3.8/site-packages/airflow/example_dags/example_complex.py
[2025-03-24T23:49:28.224+0000] {logging_mixin.py:188} INFO - [2025-03-24T23:49:28.224+0000] {dag.py:3033} INFO - Sync 1 DAGs
[2025-03-24T23:49:28.233+0000] {logging_mixin.py:188} INFO - [2025-03-24T23:49:28.233+0000] {dag.py:3820} INFO - Setting next_dagrun for example_complex to None, run_after=None
[2025-03-24T23:49:28.246+0000] {processor.py:183} INFO - Processing /home/airflow/.local/lib/python3.8/site-packages/airflow/example_dags/example_complex.py took 0.046 seconds
[2025-03-24T23:49:58.756+0000] {processor.py:161} INFO - Started process (PID=2817) to work on /home/airflow/.local/lib/python3.8/site-packages/airflow/example_dags/example_complex.py
[2025-03-24T23:49:58.757+0000] {processor.py:830} INFO - Processing file /home/airflow/.local/lib/python3.8/site-packages/airflow/example_dags/example_complex.py for tasks to queue
[2025-03-24T23:49:58.758+0000] {logging_mixin.py:188} INFO - [2025-03-24T23:49:58.758+0000] {dagbag.py:538} INFO - Filling up the DagBag from /home/airflow/.local/lib/python3.8/site-packages/airflow/example_dags/example_complex.py
[2025-03-24T23:49:58.763+0000] {processor.py:840} INFO - DAG(s) 'example_complex' retrieved from /home/airflow/.local/lib/python3.8/site-packages/airflow/example_dags/example_complex.py
[2025-03-24T23:49:58.887+0000] {logging_mixin.py:188} INFO - [2025-03-24T23:49:58.887+0000] {dag.py:3033} INFO - Sync 1 DAGs
[2025-03-24T23:49:58.898+0000] {logging_mixin.py:188} INFO - [2025-03-24T23:49:58.898+0000] {dag.py:3820} INFO - Setting next_dagrun for example_complex to None, run_after=None
[2025-03-24T23:49:58.907+0000] {processor.py:183} INFO - Processing /home/airflow/.local/lib/python3.8/site-packages/airflow/example_dags/example_complex.py took 0.152 seconds
[2025-03-24T23:50:29.536+0000] {processor.py:161} INFO - Started process (PID=2872) to work on /home/airflow/.local/lib/python3.8/site-packages/airflow/example_dags/example_complex.py
[2025-03-24T23:50:29.537+0000] {processor.py:830} INFO - Processing file /home/airflow/.local/lib/python3.8/site-packages/airflow/example_dags/example_complex.py for tasks to queue
[2025-03-24T23:50:29.539+0000] {logging_mixin.py:188} INFO - [2025-03-24T23:50:29.539+0000] {dagbag.py:538} INFO - Filling up the DagBag from /home/airflow/.local/lib/python3.8/site-packages/airflow/example_dags/example_complex.py
[2025-03-24T23:50:29.547+0000] {processor.py:840} INFO - DAG(s) 'example_complex' retrieved from /home/airflow/.local/lib/python3.8/site-packages/airflow/example_dags/example_complex.py
[2025-03-24T23:50:29.567+0000] {logging_mixin.py:188} INFO - [2025-03-24T23:50:29.567+0000] {dag.py:3033} INFO - Sync 1 DAGs
[2025-03-24T23:50:29.652+0000] {logging_mixin.py:188} INFO - [2025-03-24T23:50:29.652+0000] {dag.py:3820} INFO - Setting next_dagrun for example_complex to None, run_after=None
[2025-03-24T23:50:29.671+0000] {processor.py:183} INFO - Processing /home/airflow/.local/lib/python3.8/site-packages/airflow/example_dags/example_complex.py took 0.137 seconds
[2025-03-24T23:51:00.430+0000] {processor.py:161} INFO - Started process (PID=2927) to work on /home/airflow/.local/lib/python3.8/site-packages/airflow/example_dags/example_complex.py
[2025-03-24T23:51:00.431+0000] {processor.py:830} INFO - Processing file /home/airflow/.local/lib/python3.8/site-packages/airflow/example_dags/example_complex.py for tasks to queue
[2025-03-24T23:51:00.433+0000] {logging_mixin.py:188} INFO - [2025-03-24T23:51:00.432+0000] {dagbag.py:538} INFO - Filling up the DagBag from /home/airflow/.local/lib/python3.8/site-packages/airflow/example_dags/example_complex.py
[2025-03-24T23:51:00.440+0000] {processor.py:840} INFO - DAG(s) 'example_complex' retrieved from /home/airflow/.local/lib/python3.8/site-packages/airflow/example_dags/example_complex.py
[2025-03-24T23:51:00.456+0000] {logging_mixin.py:188} INFO - [2025-03-24T23:51:00.456+0000] {dag.py:3033} INFO - Sync 1 DAGs
[2025-03-24T23:51:00.462+0000] {logging_mixin.py:188} INFO - [2025-03-24T23:51:00.462+0000] {dag.py:3820} INFO - Setting next_dagrun for example_complex to None, run_after=None
[2025-03-24T23:51:00.472+0000] {processor.py:183} INFO - Processing /home/airflow/.local/lib/python3.8/site-packages/airflow/example_dags/example_complex.py took 0.043 seconds
[2025-03-24T23:51:31.134+0000] {processor.py:161} INFO - Started process (PID=2982) to work on /home/airflow/.local/lib/python3.8/site-packages/airflow/example_dags/example_complex.py
[2025-03-24T23:51:31.136+0000] {processor.py:830} INFO - Processing file /home/airflow/.local/lib/python3.8/site-packages/airflow/example_dags/example_complex.py for tasks to queue
[2025-03-24T23:51:31.138+0000] {logging_mixin.py:188} INFO - [2025-03-24T23:51:31.138+0000] {dagbag.py:538} INFO - Filling up the DagBag from /home/airflow/.local/lib/python3.8/site-packages/airflow/example_dags/example_complex.py
[2025-03-24T23:51:31.146+0000] {processor.py:840} INFO - DAG(s) 'example_complex' retrieved from /home/airflow/.local/lib/python3.8/site-packages/airflow/example_dags/example_complex.py
[2025-03-24T23:51:31.174+0000] {logging_mixin.py:188} INFO - [2025-03-24T23:51:31.174+0000] {dag.py:3033} INFO - Sync 1 DAGs
[2025-03-24T23:51:31.181+0000] {logging_mixin.py:188} INFO - [2025-03-24T23:51:31.181+0000] {dag.py:3820} INFO - Setting next_dagrun for example_complex to None, run_after=None
[2025-03-24T23:51:31.199+0000] {processor.py:183} INFO - Processing /home/airflow/.local/lib/python3.8/site-packages/airflow/example_dags/example_complex.py took 0.071 seconds
