[2025-03-24T23:24:26.239+0000] {processor.py:161} INFO - Started process (PID=61) to work on /home/airflow/.local/lib/python3.8/site-packages/airflow/example_dags/example_bash_operator.py
[2025-03-24T23:24:26.241+0000] {processor.py:830} INFO - Processing file /home/airflow/.local/lib/python3.8/site-packages/airflow/example_dags/example_bash_operator.py for tasks to queue
[2025-03-24T23:24:26.247+0000] {logging_mixin.py:188} INFO - [2025-03-24T23:24:26.247+0000] {dagbag.py:538} INFO - Filling up the DagBag from /home/airflow/.local/lib/python3.8/site-packages/airflow/example_dags/example_bash_operator.py
[2025-03-24T23:24:26.262+0000] {processor.py:840} INFO - DAG(s) 'example_bash_operator' retrieved from /home/airflow/.local/lib/python3.8/site-packages/airflow/example_dags/example_bash_operator.py
[2025-03-24T23:24:26.273+0000] {logging_mixin.py:188} INFO - [2025-03-24T23:24:26.273+0000] {dag.py:3033} INFO - Sync 1 DAGs
[2025-03-24T23:24:26.298+0000] {logging_mixin.py:188} INFO - [2025-03-24T23:24:26.298+0000] {dag.py:3820} INFO - Setting next_dagrun for example_bash_operator to 2025-03-23T00:00:00+00:00, run_after=2025-03-24T00:00:00+00:00
[2025-03-24T23:24:26.318+0000] {processor.py:183} INFO - Processing /home/airflow/.local/lib/python3.8/site-packages/airflow/example_dags/example_bash_operator.py took 0.081 seconds
[2025-03-24T23:24:56.515+0000] {processor.py:161} INFO - Started process (PID=116) to work on /home/airflow/.local/lib/python3.8/site-packages/airflow/example_dags/example_bash_operator.py
[2025-03-24T23:24:56.519+0000] {processor.py:830} INFO - Processing file /home/airflow/.local/lib/python3.8/site-packages/airflow/example_dags/example_bash_operator.py for tasks to queue
[2025-03-24T23:24:56.520+0000] {logging_mixin.py:188} INFO - [2025-03-24T23:24:56.520+0000] {dagbag.py:538} INFO - Filling up the DagBag from /home/airflow/.local/lib/python3.8/site-packages/airflow/example_dags/example_bash_operator.py
[2025-03-24T23:24:56.526+0000] {processor.py:840} INFO - DAG(s) 'example_bash_operator' retrieved from /home/airflow/.local/lib/python3.8/site-packages/airflow/example_dags/example_bash_operator.py
[2025-03-24T23:24:56.579+0000] {logging_mixin.py:188} INFO - [2025-03-24T23:24:56.578+0000] {dag.py:3033} INFO - Sync 1 DAGs
[2025-03-24T23:24:56.589+0000] {logging_mixin.py:188} INFO - [2025-03-24T23:24:56.589+0000] {dag.py:3820} INFO - Setting next_dagrun for example_bash_operator to 2025-03-23T00:00:00+00:00, run_after=2025-03-24T00:00:00+00:00
[2025-03-24T23:24:56.598+0000] {processor.py:183} INFO - Processing /home/airflow/.local/lib/python3.8/site-packages/airflow/example_dags/example_bash_operator.py took 0.084 seconds
[2025-03-24T23:25:27.512+0000] {processor.py:161} INFO - Started process (PID=171) to work on /home/airflow/.local/lib/python3.8/site-packages/airflow/example_dags/example_bash_operator.py
[2025-03-24T23:25:27.514+0000] {processor.py:830} INFO - Processing file /home/airflow/.local/lib/python3.8/site-packages/airflow/example_dags/example_bash_operator.py for tasks to queue
[2025-03-24T23:25:27.515+0000] {logging_mixin.py:188} INFO - [2025-03-24T23:25:27.515+0000] {dagbag.py:538} INFO - Filling up the DagBag from /home/airflow/.local/lib/python3.8/site-packages/airflow/example_dags/example_bash_operator.py
[2025-03-24T23:25:27.524+0000] {processor.py:840} INFO - DAG(s) 'example_bash_operator' retrieved from /home/airflow/.local/lib/python3.8/site-packages/airflow/example_dags/example_bash_operator.py
[2025-03-24T23:25:27.541+0000] {logging_mixin.py:188} INFO - [2025-03-24T23:25:27.541+0000] {dag.py:3033} INFO - Sync 1 DAGs
[2025-03-24T23:25:27.558+0000] {logging_mixin.py:188} INFO - [2025-03-24T23:25:27.558+0000] {dag.py:3820} INFO - Setting next_dagrun for example_bash_operator to 2025-03-23T00:00:00+00:00, run_after=2025-03-24T00:00:00+00:00
[2025-03-24T23:25:27.567+0000] {processor.py:183} INFO - Processing /home/airflow/.local/lib/python3.8/site-packages/airflow/example_dags/example_bash_operator.py took 0.057 seconds
[2025-03-24T23:25:58.098+0000] {processor.py:161} INFO - Started process (PID=226) to work on /home/airflow/.local/lib/python3.8/site-packages/airflow/example_dags/example_bash_operator.py
[2025-03-24T23:25:58.101+0000] {processor.py:830} INFO - Processing file /home/airflow/.local/lib/python3.8/site-packages/airflow/example_dags/example_bash_operator.py for tasks to queue
[2025-03-24T23:25:58.102+0000] {logging_mixin.py:188} INFO - [2025-03-24T23:25:58.102+0000] {dagbag.py:538} INFO - Filling up the DagBag from /home/airflow/.local/lib/python3.8/site-packages/airflow/example_dags/example_bash_operator.py
[2025-03-24T23:25:58.107+0000] {processor.py:840} INFO - DAG(s) 'example_bash_operator' retrieved from /home/airflow/.local/lib/python3.8/site-packages/airflow/example_dags/example_bash_operator.py
[2025-03-24T23:25:58.118+0000] {logging_mixin.py:188} INFO - [2025-03-24T23:25:58.118+0000] {dag.py:3033} INFO - Sync 1 DAGs
[2025-03-24T23:25:58.130+0000] {logging_mixin.py:188} INFO - [2025-03-24T23:25:58.130+0000] {dag.py:3820} INFO - Setting next_dagrun for example_bash_operator to 2025-03-23T00:00:00+00:00, run_after=2025-03-24T00:00:00+00:00
[2025-03-24T23:25:58.139+0000] {processor.py:183} INFO - Processing /home/airflow/.local/lib/python3.8/site-packages/airflow/example_dags/example_bash_operator.py took 0.043 seconds
[2025-03-24T23:26:28.806+0000] {processor.py:161} INFO - Started process (PID=287) to work on /home/airflow/.local/lib/python3.8/site-packages/airflow/example_dags/example_bash_operator.py
[2025-03-24T23:26:28.807+0000] {processor.py:830} INFO - Processing file /home/airflow/.local/lib/python3.8/site-packages/airflow/example_dags/example_bash_operator.py for tasks to queue
[2025-03-24T23:26:28.808+0000] {logging_mixin.py:188} INFO - [2025-03-24T23:26:28.808+0000] {dagbag.py:538} INFO - Filling up the DagBag from /home/airflow/.local/lib/python3.8/site-packages/airflow/example_dags/example_bash_operator.py
[2025-03-24T23:26:28.813+0000] {processor.py:840} INFO - DAG(s) 'example_bash_operator' retrieved from /home/airflow/.local/lib/python3.8/site-packages/airflow/example_dags/example_bash_operator.py
[2025-03-24T23:26:28.827+0000] {logging_mixin.py:188} INFO - [2025-03-24T23:26:28.827+0000] {dag.py:3033} INFO - Sync 1 DAGs
[2025-03-24T23:26:28.838+0000] {logging_mixin.py:188} INFO - [2025-03-24T23:26:28.838+0000] {dag.py:3820} INFO - Setting next_dagrun for example_bash_operator to 2025-03-23T00:00:00+00:00, run_after=2025-03-24T00:00:00+00:00
[2025-03-24T23:26:28.849+0000] {processor.py:183} INFO - Processing /home/airflow/.local/lib/python3.8/site-packages/airflow/example_dags/example_bash_operator.py took 0.044 seconds
[2025-03-24T23:26:59.360+0000] {processor.py:161} INFO - Started process (PID=342) to work on /home/airflow/.local/lib/python3.8/site-packages/airflow/example_dags/example_bash_operator.py
[2025-03-24T23:26:59.360+0000] {processor.py:830} INFO - Processing file /home/airflow/.local/lib/python3.8/site-packages/airflow/example_dags/example_bash_operator.py for tasks to queue
[2025-03-24T23:26:59.361+0000] {logging_mixin.py:188} INFO - [2025-03-24T23:26:59.361+0000] {dagbag.py:538} INFO - Filling up the DagBag from /home/airflow/.local/lib/python3.8/site-packages/airflow/example_dags/example_bash_operator.py
[2025-03-24T23:26:59.367+0000] {processor.py:840} INFO - DAG(s) 'example_bash_operator' retrieved from /home/airflow/.local/lib/python3.8/site-packages/airflow/example_dags/example_bash_operator.py
[2025-03-24T23:26:59.380+0000] {logging_mixin.py:188} INFO - [2025-03-24T23:26:59.380+0000] {dag.py:3033} INFO - Sync 1 DAGs
[2025-03-24T23:26:59.392+0000] {logging_mixin.py:188} INFO - [2025-03-24T23:26:59.392+0000] {dag.py:3820} INFO - Setting next_dagrun for example_bash_operator to 2025-03-23T00:00:00+00:00, run_after=2025-03-24T00:00:00+00:00
[2025-03-24T23:26:59.403+0000] {processor.py:183} INFO - Processing /home/airflow/.local/lib/python3.8/site-packages/airflow/example_dags/example_bash_operator.py took 0.044 seconds
[2025-03-24T23:27:30.062+0000] {processor.py:161} INFO - Started process (PID=397) to work on /home/airflow/.local/lib/python3.8/site-packages/airflow/example_dags/example_bash_operator.py
[2025-03-24T23:27:30.063+0000] {processor.py:830} INFO - Processing file /home/airflow/.local/lib/python3.8/site-packages/airflow/example_dags/example_bash_operator.py for tasks to queue
[2025-03-24T23:27:30.064+0000] {logging_mixin.py:188} INFO - [2025-03-24T23:27:30.064+0000] {dagbag.py:538} INFO - Filling up the DagBag from /home/airflow/.local/lib/python3.8/site-packages/airflow/example_dags/example_bash_operator.py
[2025-03-24T23:27:30.071+0000] {processor.py:840} INFO - DAG(s) 'example_bash_operator' retrieved from /home/airflow/.local/lib/python3.8/site-packages/airflow/example_dags/example_bash_operator.py
[2025-03-24T23:27:30.086+0000] {logging_mixin.py:188} INFO - [2025-03-24T23:27:30.086+0000] {dag.py:3033} INFO - Sync 1 DAGs
[2025-03-24T23:27:30.096+0000] {logging_mixin.py:188} INFO - [2025-03-24T23:27:30.096+0000] {dag.py:3820} INFO - Setting next_dagrun for example_bash_operator to 2025-03-23T00:00:00+00:00, run_after=2025-03-24T00:00:00+00:00
[2025-03-24T23:27:30.104+0000] {processor.py:183} INFO - Processing /home/airflow/.local/lib/python3.8/site-packages/airflow/example_dags/example_bash_operator.py took 0.044 seconds
[2025-03-24T23:28:00.749+0000] {processor.py:161} INFO - Started process (PID=452) to work on /home/airflow/.local/lib/python3.8/site-packages/airflow/example_dags/example_bash_operator.py
[2025-03-24T23:28:00.751+0000] {processor.py:830} INFO - Processing file /home/airflow/.local/lib/python3.8/site-packages/airflow/example_dags/example_bash_operator.py for tasks to queue
[2025-03-24T23:28:00.753+0000] {logging_mixin.py:188} INFO - [2025-03-24T23:28:00.752+0000] {dagbag.py:538} INFO - Filling up the DagBag from /home/airflow/.local/lib/python3.8/site-packages/airflow/example_dags/example_bash_operator.py
[2025-03-24T23:28:00.760+0000] {processor.py:840} INFO - DAG(s) 'example_bash_operator' retrieved from /home/airflow/.local/lib/python3.8/site-packages/airflow/example_dags/example_bash_operator.py
[2025-03-24T23:28:00.776+0000] {logging_mixin.py:188} INFO - [2025-03-24T23:28:00.776+0000] {dag.py:3033} INFO - Sync 1 DAGs
[2025-03-24T23:28:00.789+0000] {logging_mixin.py:188} INFO - [2025-03-24T23:28:00.788+0000] {dag.py:3820} INFO - Setting next_dagrun for example_bash_operator to 2025-03-23T00:00:00+00:00, run_after=2025-03-24T00:00:00+00:00
[2025-03-24T23:28:00.799+0000] {processor.py:183} INFO - Processing /home/airflow/.local/lib/python3.8/site-packages/airflow/example_dags/example_bash_operator.py took 0.052 seconds
[2025-03-24T23:28:31.519+0000] {processor.py:161} INFO - Started process (PID=507) to work on /home/airflow/.local/lib/python3.8/site-packages/airflow/example_dags/example_bash_operator.py
[2025-03-24T23:28:31.520+0000] {processor.py:830} INFO - Processing file /home/airflow/.local/lib/python3.8/site-packages/airflow/example_dags/example_bash_operator.py for tasks to queue
[2025-03-24T23:28:31.521+0000] {logging_mixin.py:188} INFO - [2025-03-24T23:28:31.521+0000] {dagbag.py:538} INFO - Filling up the DagBag from /home/airflow/.local/lib/python3.8/site-packages/airflow/example_dags/example_bash_operator.py
[2025-03-24T23:28:31.529+0000] {processor.py:840} INFO - DAG(s) 'example_bash_operator' retrieved from /home/airflow/.local/lib/python3.8/site-packages/airflow/example_dags/example_bash_operator.py
[2025-03-24T23:28:31.546+0000] {logging_mixin.py:188} INFO - [2025-03-24T23:28:31.546+0000] {dag.py:3033} INFO - Sync 1 DAGs
[2025-03-24T23:28:31.560+0000] {logging_mixin.py:188} INFO - [2025-03-24T23:28:31.560+0000] {dag.py:3820} INFO - Setting next_dagrun for example_bash_operator to 2025-03-23T00:00:00+00:00, run_after=2025-03-24T00:00:00+00:00
[2025-03-24T23:28:31.569+0000] {processor.py:183} INFO - Processing /home/airflow/.local/lib/python3.8/site-packages/airflow/example_dags/example_bash_operator.py took 0.054 seconds
[2025-03-24T23:29:02.258+0000] {processor.py:161} INFO - Started process (PID=562) to work on /home/airflow/.local/lib/python3.8/site-packages/airflow/example_dags/example_bash_operator.py
[2025-03-24T23:29:02.259+0000] {processor.py:830} INFO - Processing file /home/airflow/.local/lib/python3.8/site-packages/airflow/example_dags/example_bash_operator.py for tasks to queue
[2025-03-24T23:29:02.260+0000] {logging_mixin.py:188} INFO - [2025-03-24T23:29:02.260+0000] {dagbag.py:538} INFO - Filling up the DagBag from /home/airflow/.local/lib/python3.8/site-packages/airflow/example_dags/example_bash_operator.py
[2025-03-24T23:29:02.267+0000] {processor.py:840} INFO - DAG(s) 'example_bash_operator' retrieved from /home/airflow/.local/lib/python3.8/site-packages/airflow/example_dags/example_bash_operator.py
[2025-03-24T23:29:02.282+0000] {logging_mixin.py:188} INFO - [2025-03-24T23:29:02.282+0000] {dag.py:3033} INFO - Sync 1 DAGs
[2025-03-24T23:29:02.292+0000] {logging_mixin.py:188} INFO - [2025-03-24T23:29:02.292+0000] {dag.py:3820} INFO - Setting next_dagrun for example_bash_operator to 2025-03-23T00:00:00+00:00, run_after=2025-03-24T00:00:00+00:00
[2025-03-24T23:29:02.300+0000] {processor.py:183} INFO - Processing /home/airflow/.local/lib/python3.8/site-packages/airflow/example_dags/example_bash_operator.py took 0.043 seconds
[2025-03-24T23:29:32.957+0000] {processor.py:161} INFO - Started process (PID=617) to work on /home/airflow/.local/lib/python3.8/site-packages/airflow/example_dags/example_bash_operator.py
[2025-03-24T23:29:32.958+0000] {processor.py:830} INFO - Processing file /home/airflow/.local/lib/python3.8/site-packages/airflow/example_dags/example_bash_operator.py for tasks to queue
[2025-03-24T23:29:32.959+0000] {logging_mixin.py:188} INFO - [2025-03-24T23:29:32.959+0000] {dagbag.py:538} INFO - Filling up the DagBag from /home/airflow/.local/lib/python3.8/site-packages/airflow/example_dags/example_bash_operator.py
[2025-03-24T23:29:32.965+0000] {processor.py:840} INFO - DAG(s) 'example_bash_operator' retrieved from /home/airflow/.local/lib/python3.8/site-packages/airflow/example_dags/example_bash_operator.py
[2025-03-24T23:29:32.979+0000] {logging_mixin.py:188} INFO - [2025-03-24T23:29:32.979+0000] {dag.py:3033} INFO - Sync 1 DAGs
[2025-03-24T23:29:32.989+0000] {logging_mixin.py:188} INFO - [2025-03-24T23:29:32.989+0000] {dag.py:3820} INFO - Setting next_dagrun for example_bash_operator to 2025-03-23T00:00:00+00:00, run_after=2025-03-24T00:00:00+00:00
[2025-03-24T23:29:32.997+0000] {processor.py:183} INFO - Processing /home/airflow/.local/lib/python3.8/site-packages/airflow/example_dags/example_bash_operator.py took 0.043 seconds
[2025-03-24T23:30:03.689+0000] {processor.py:161} INFO - Started process (PID=672) to work on /home/airflow/.local/lib/python3.8/site-packages/airflow/example_dags/example_bash_operator.py
[2025-03-24T23:30:03.690+0000] {processor.py:830} INFO - Processing file /home/airflow/.local/lib/python3.8/site-packages/airflow/example_dags/example_bash_operator.py for tasks to queue
[2025-03-24T23:30:03.691+0000] {logging_mixin.py:188} INFO - [2025-03-24T23:30:03.691+0000] {dagbag.py:538} INFO - Filling up the DagBag from /home/airflow/.local/lib/python3.8/site-packages/airflow/example_dags/example_bash_operator.py
[2025-03-24T23:30:03.698+0000] {processor.py:840} INFO - DAG(s) 'example_bash_operator' retrieved from /home/airflow/.local/lib/python3.8/site-packages/airflow/example_dags/example_bash_operator.py
[2025-03-24T23:30:03.715+0000] {logging_mixin.py:188} INFO - [2025-03-24T23:30:03.715+0000] {dag.py:3033} INFO - Sync 1 DAGs
[2025-03-24T23:30:03.728+0000] {logging_mixin.py:188} INFO - [2025-03-24T23:30:03.728+0000] {dag.py:3820} INFO - Setting next_dagrun for example_bash_operator to 2025-03-23T00:00:00+00:00, run_after=2025-03-24T00:00:00+00:00
[2025-03-24T23:30:03.737+0000] {processor.py:183} INFO - Processing /home/airflow/.local/lib/python3.8/site-packages/airflow/example_dags/example_bash_operator.py took 0.050 seconds
[2025-03-24T23:30:34.220+0000] {processor.py:161} INFO - Started process (PID=727) to work on /home/airflow/.local/lib/python3.8/site-packages/airflow/example_dags/example_bash_operator.py
[2025-03-24T23:30:34.221+0000] {processor.py:830} INFO - Processing file /home/airflow/.local/lib/python3.8/site-packages/airflow/example_dags/example_bash_operator.py for tasks to queue
[2025-03-24T23:30:34.224+0000] {logging_mixin.py:188} INFO - [2025-03-24T23:30:34.224+0000] {dagbag.py:538} INFO - Filling up the DagBag from /home/airflow/.local/lib/python3.8/site-packages/airflow/example_dags/example_bash_operator.py
[2025-03-24T23:30:34.231+0000] {processor.py:840} INFO - DAG(s) 'example_bash_operator' retrieved from /home/airflow/.local/lib/python3.8/site-packages/airflow/example_dags/example_bash_operator.py
[2025-03-24T23:30:34.253+0000] {logging_mixin.py:188} INFO - [2025-03-24T23:30:34.252+0000] {dag.py:3033} INFO - Sync 1 DAGs
[2025-03-24T23:30:34.264+0000] {logging_mixin.py:188} INFO - [2025-03-24T23:30:34.264+0000] {dag.py:3820} INFO - Setting next_dagrun for example_bash_operator to 2025-03-23T00:00:00+00:00, run_after=2025-03-24T00:00:00+00:00
[2025-03-24T23:30:34.272+0000] {processor.py:183} INFO - Processing /home/airflow/.local/lib/python3.8/site-packages/airflow/example_dags/example_bash_operator.py took 0.056 seconds
[2025-03-24T23:31:05.117+0000] {processor.py:161} INFO - Started process (PID=782) to work on /home/airflow/.local/lib/python3.8/site-packages/airflow/example_dags/example_bash_operator.py
[2025-03-24T23:31:05.120+0000] {processor.py:830} INFO - Processing file /home/airflow/.local/lib/python3.8/site-packages/airflow/example_dags/example_bash_operator.py for tasks to queue
[2025-03-24T23:31:05.122+0000] {logging_mixin.py:188} INFO - [2025-03-24T23:31:05.122+0000] {dagbag.py:538} INFO - Filling up the DagBag from /home/airflow/.local/lib/python3.8/site-packages/airflow/example_dags/example_bash_operator.py
[2025-03-24T23:31:05.129+0000] {processor.py:840} INFO - DAG(s) 'example_bash_operator' retrieved from /home/airflow/.local/lib/python3.8/site-packages/airflow/example_dags/example_bash_operator.py
[2025-03-24T23:31:05.144+0000] {logging_mixin.py:188} INFO - [2025-03-24T23:31:05.144+0000] {dag.py:3033} INFO - Sync 1 DAGs
[2025-03-24T23:31:05.157+0000] {logging_mixin.py:188} INFO - [2025-03-24T23:31:05.157+0000] {dag.py:3820} INFO - Setting next_dagrun for example_bash_operator to 2025-03-23T00:00:00+00:00, run_after=2025-03-24T00:00:00+00:00
[2025-03-24T23:31:05.166+0000] {processor.py:183} INFO - Processing /home/airflow/.local/lib/python3.8/site-packages/airflow/example_dags/example_bash_operator.py took 0.052 seconds
[2025-03-24T23:31:35.914+0000] {processor.py:161} INFO - Started process (PID=837) to work on /home/airflow/.local/lib/python3.8/site-packages/airflow/example_dags/example_bash_operator.py
[2025-03-24T23:31:35.917+0000] {processor.py:830} INFO - Processing file /home/airflow/.local/lib/python3.8/site-packages/airflow/example_dags/example_bash_operator.py for tasks to queue
[2025-03-24T23:31:35.919+0000] {logging_mixin.py:188} INFO - [2025-03-24T23:31:35.918+0000] {dagbag.py:538} INFO - Filling up the DagBag from /home/airflow/.local/lib/python3.8/site-packages/airflow/example_dags/example_bash_operator.py
[2025-03-24T23:31:35.925+0000] {processor.py:840} INFO - DAG(s) 'example_bash_operator' retrieved from /home/airflow/.local/lib/python3.8/site-packages/airflow/example_dags/example_bash_operator.py
[2025-03-24T23:31:35.939+0000] {logging_mixin.py:188} INFO - [2025-03-24T23:31:35.939+0000] {dag.py:3033} INFO - Sync 1 DAGs
[2025-03-24T23:31:35.950+0000] {logging_mixin.py:188} INFO - [2025-03-24T23:31:35.950+0000] {dag.py:3820} INFO - Setting next_dagrun for example_bash_operator to 2025-03-23T00:00:00+00:00, run_after=2025-03-24T00:00:00+00:00
[2025-03-24T23:31:35.958+0000] {processor.py:183} INFO - Processing /home/airflow/.local/lib/python3.8/site-packages/airflow/example_dags/example_bash_operator.py took 0.047 seconds
[2025-03-24T23:32:06.630+0000] {processor.py:161} INFO - Started process (PID=892) to work on /home/airflow/.local/lib/python3.8/site-packages/airflow/example_dags/example_bash_operator.py
[2025-03-24T23:32:06.632+0000] {processor.py:830} INFO - Processing file /home/airflow/.local/lib/python3.8/site-packages/airflow/example_dags/example_bash_operator.py for tasks to queue
[2025-03-24T23:32:06.633+0000] {logging_mixin.py:188} INFO - [2025-03-24T23:32:06.633+0000] {dagbag.py:538} INFO - Filling up the DagBag from /home/airflow/.local/lib/python3.8/site-packages/airflow/example_dags/example_bash_operator.py
[2025-03-24T23:32:06.639+0000] {processor.py:840} INFO - DAG(s) 'example_bash_operator' retrieved from /home/airflow/.local/lib/python3.8/site-packages/airflow/example_dags/example_bash_operator.py
[2025-03-24T23:32:06.656+0000] {logging_mixin.py:188} INFO - [2025-03-24T23:32:06.656+0000] {dag.py:3033} INFO - Sync 1 DAGs
[2025-03-24T23:32:06.676+0000] {logging_mixin.py:188} INFO - [2025-03-24T23:32:06.676+0000] {dag.py:3820} INFO - Setting next_dagrun for example_bash_operator to 2025-03-23T00:00:00+00:00, run_after=2025-03-24T00:00:00+00:00
[2025-03-24T23:32:06.692+0000] {processor.py:183} INFO - Processing /home/airflow/.local/lib/python3.8/site-packages/airflow/example_dags/example_bash_operator.py took 0.064 seconds
[2025-03-24T23:32:37.636+0000] {processor.py:161} INFO - Started process (PID=947) to work on /home/airflow/.local/lib/python3.8/site-packages/airflow/example_dags/example_bash_operator.py
[2025-03-24T23:32:37.640+0000] {processor.py:830} INFO - Processing file /home/airflow/.local/lib/python3.8/site-packages/airflow/example_dags/example_bash_operator.py for tasks to queue
[2025-03-24T23:32:37.641+0000] {logging_mixin.py:188} INFO - [2025-03-24T23:32:37.641+0000] {dagbag.py:538} INFO - Filling up the DagBag from /home/airflow/.local/lib/python3.8/site-packages/airflow/example_dags/example_bash_operator.py
[2025-03-24T23:32:37.649+0000] {processor.py:840} INFO - DAG(s) 'example_bash_operator' retrieved from /home/airflow/.local/lib/python3.8/site-packages/airflow/example_dags/example_bash_operator.py
[2025-03-24T23:32:37.664+0000] {logging_mixin.py:188} INFO - [2025-03-24T23:32:37.664+0000] {dag.py:3033} INFO - Sync 1 DAGs
[2025-03-24T23:32:37.677+0000] {logging_mixin.py:188} INFO - [2025-03-24T23:32:37.677+0000] {dag.py:3820} INFO - Setting next_dagrun for example_bash_operator to 2025-03-23T00:00:00+00:00, run_after=2025-03-24T00:00:00+00:00
[2025-03-24T23:32:37.686+0000] {processor.py:183} INFO - Processing /home/airflow/.local/lib/python3.8/site-packages/airflow/example_dags/example_bash_operator.py took 0.052 seconds
[2025-03-24T23:33:08.149+0000] {processor.py:161} INFO - Started process (PID=1002) to work on /home/airflow/.local/lib/python3.8/site-packages/airflow/example_dags/example_bash_operator.py
[2025-03-24T23:33:08.150+0000] {processor.py:830} INFO - Processing file /home/airflow/.local/lib/python3.8/site-packages/airflow/example_dags/example_bash_operator.py for tasks to queue
[2025-03-24T23:33:08.151+0000] {logging_mixin.py:188} INFO - [2025-03-24T23:33:08.151+0000] {dagbag.py:538} INFO - Filling up the DagBag from /home/airflow/.local/lib/python3.8/site-packages/airflow/example_dags/example_bash_operator.py
[2025-03-24T23:33:08.158+0000] {processor.py:840} INFO - DAG(s) 'example_bash_operator' retrieved from /home/airflow/.local/lib/python3.8/site-packages/airflow/example_dags/example_bash_operator.py
[2025-03-24T23:33:08.173+0000] {logging_mixin.py:188} INFO - [2025-03-24T23:33:08.173+0000] {dag.py:3033} INFO - Sync 1 DAGs
[2025-03-24T23:33:08.183+0000] {logging_mixin.py:188} INFO - [2025-03-24T23:33:08.183+0000] {dag.py:3820} INFO - Setting next_dagrun for example_bash_operator to 2025-03-23T00:00:00+00:00, run_after=2025-03-24T00:00:00+00:00
[2025-03-24T23:33:08.191+0000] {processor.py:183} INFO - Processing /home/airflow/.local/lib/python3.8/site-packages/airflow/example_dags/example_bash_operator.py took 0.044 seconds
[2025-03-24T23:33:38.758+0000] {processor.py:161} INFO - Started process (PID=1057) to work on /home/airflow/.local/lib/python3.8/site-packages/airflow/example_dags/example_bash_operator.py
[2025-03-24T23:33:38.759+0000] {processor.py:830} INFO - Processing file /home/airflow/.local/lib/python3.8/site-packages/airflow/example_dags/example_bash_operator.py for tasks to queue
[2025-03-24T23:33:38.760+0000] {logging_mixin.py:188} INFO - [2025-03-24T23:33:38.760+0000] {dagbag.py:538} INFO - Filling up the DagBag from /home/airflow/.local/lib/python3.8/site-packages/airflow/example_dags/example_bash_operator.py
[2025-03-24T23:33:38.767+0000] {processor.py:840} INFO - DAG(s) 'example_bash_operator' retrieved from /home/airflow/.local/lib/python3.8/site-packages/airflow/example_dags/example_bash_operator.py
[2025-03-24T23:33:38.782+0000] {logging_mixin.py:188} INFO - [2025-03-24T23:33:38.782+0000] {dag.py:3033} INFO - Sync 1 DAGs
[2025-03-24T23:33:38.793+0000] {logging_mixin.py:188} INFO - [2025-03-24T23:33:38.793+0000] {dag.py:3820} INFO - Setting next_dagrun for example_bash_operator to 2025-03-23T00:00:00+00:00, run_after=2025-03-24T00:00:00+00:00
[2025-03-24T23:33:38.803+0000] {processor.py:183} INFO - Processing /home/airflow/.local/lib/python3.8/site-packages/airflow/example_dags/example_bash_operator.py took 0.046 seconds
[2025-03-24T23:34:09.317+0000] {processor.py:161} INFO - Started process (PID=1112) to work on /home/airflow/.local/lib/python3.8/site-packages/airflow/example_dags/example_bash_operator.py
[2025-03-24T23:34:09.318+0000] {processor.py:830} INFO - Processing file /home/airflow/.local/lib/python3.8/site-packages/airflow/example_dags/example_bash_operator.py for tasks to queue
[2025-03-24T23:34:09.319+0000] {logging_mixin.py:188} INFO - [2025-03-24T23:34:09.319+0000] {dagbag.py:538} INFO - Filling up the DagBag from /home/airflow/.local/lib/python3.8/site-packages/airflow/example_dags/example_bash_operator.py
[2025-03-24T23:34:09.324+0000] {processor.py:840} INFO - DAG(s) 'example_bash_operator' retrieved from /home/airflow/.local/lib/python3.8/site-packages/airflow/example_dags/example_bash_operator.py
[2025-03-24T23:34:09.335+0000] {logging_mixin.py:188} INFO - [2025-03-24T23:34:09.335+0000] {dag.py:3033} INFO - Sync 1 DAGs
[2025-03-24T23:34:09.345+0000] {logging_mixin.py:188} INFO - [2025-03-24T23:34:09.344+0000] {dag.py:3820} INFO - Setting next_dagrun for example_bash_operator to 2025-03-23T00:00:00+00:00, run_after=2025-03-24T00:00:00+00:00
[2025-03-24T23:34:09.352+0000] {processor.py:183} INFO - Processing /home/airflow/.local/lib/python3.8/site-packages/airflow/example_dags/example_bash_operator.py took 0.036 seconds
[2025-03-24T23:34:40.029+0000] {processor.py:161} INFO - Started process (PID=1167) to work on /home/airflow/.local/lib/python3.8/site-packages/airflow/example_dags/example_bash_operator.py
[2025-03-24T23:34:40.030+0000] {processor.py:830} INFO - Processing file /home/airflow/.local/lib/python3.8/site-packages/airflow/example_dags/example_bash_operator.py for tasks to queue
[2025-03-24T23:34:40.031+0000] {logging_mixin.py:188} INFO - [2025-03-24T23:34:40.031+0000] {dagbag.py:538} INFO - Filling up the DagBag from /home/airflow/.local/lib/python3.8/site-packages/airflow/example_dags/example_bash_operator.py
[2025-03-24T23:34:40.038+0000] {processor.py:840} INFO - DAG(s) 'example_bash_operator' retrieved from /home/airflow/.local/lib/python3.8/site-packages/airflow/example_dags/example_bash_operator.py
[2025-03-24T23:34:40.057+0000] {logging_mixin.py:188} INFO - [2025-03-24T23:34:40.057+0000] {dag.py:3033} INFO - Sync 1 DAGs
[2025-03-24T23:34:40.071+0000] {logging_mixin.py:188} INFO - [2025-03-24T23:34:40.070+0000] {dag.py:3820} INFO - Setting next_dagrun for example_bash_operator to 2025-03-23T00:00:00+00:00, run_after=2025-03-24T00:00:00+00:00
[2025-03-24T23:34:40.082+0000] {processor.py:183} INFO - Processing /home/airflow/.local/lib/python3.8/site-packages/airflow/example_dags/example_bash_operator.py took 0.055 seconds
[2025-03-24T23:35:10.162+0000] {processor.py:161} INFO - Started process (PID=1222) to work on /home/airflow/.local/lib/python3.8/site-packages/airflow/example_dags/example_bash_operator.py
[2025-03-24T23:35:10.163+0000] {processor.py:830} INFO - Processing file /home/airflow/.local/lib/python3.8/site-packages/airflow/example_dags/example_bash_operator.py for tasks to queue
[2025-03-24T23:35:10.164+0000] {logging_mixin.py:188} INFO - [2025-03-24T23:35:10.164+0000] {dagbag.py:538} INFO - Filling up the DagBag from /home/airflow/.local/lib/python3.8/site-packages/airflow/example_dags/example_bash_operator.py
[2025-03-24T23:35:10.171+0000] {processor.py:840} INFO - DAG(s) 'example_bash_operator' retrieved from /home/airflow/.local/lib/python3.8/site-packages/airflow/example_dags/example_bash_operator.py
[2025-03-24T23:35:10.189+0000] {logging_mixin.py:188} INFO - [2025-03-24T23:35:10.189+0000] {dag.py:3033} INFO - Sync 1 DAGs
[2025-03-24T23:35:10.202+0000] {logging_mixin.py:188} INFO - [2025-03-24T23:35:10.202+0000] {dag.py:3820} INFO - Setting next_dagrun for example_bash_operator to 2025-03-23T00:00:00+00:00, run_after=2025-03-24T00:00:00+00:00
[2025-03-24T23:35:10.214+0000] {processor.py:183} INFO - Processing /home/airflow/.local/lib/python3.8/site-packages/airflow/example_dags/example_bash_operator.py took 0.055 seconds
[2025-03-24T23:35:41.000+0000] {processor.py:161} INFO - Started process (PID=1277) to work on /home/airflow/.local/lib/python3.8/site-packages/airflow/example_dags/example_bash_operator.py
[2025-03-24T23:35:41.001+0000] {processor.py:830} INFO - Processing file /home/airflow/.local/lib/python3.8/site-packages/airflow/example_dags/example_bash_operator.py for tasks to queue
[2025-03-24T23:35:41.002+0000] {logging_mixin.py:188} INFO - [2025-03-24T23:35:41.002+0000] {dagbag.py:538} INFO - Filling up the DagBag from /home/airflow/.local/lib/python3.8/site-packages/airflow/example_dags/example_bash_operator.py
[2025-03-24T23:35:41.008+0000] {processor.py:840} INFO - DAG(s) 'example_bash_operator' retrieved from /home/airflow/.local/lib/python3.8/site-packages/airflow/example_dags/example_bash_operator.py
[2025-03-24T23:35:41.024+0000] {logging_mixin.py:188} INFO - [2025-03-24T23:35:41.024+0000] {dag.py:3033} INFO - Sync 1 DAGs
[2025-03-24T23:35:41.036+0000] {logging_mixin.py:188} INFO - [2025-03-24T23:35:41.036+0000] {dag.py:3820} INFO - Setting next_dagrun for example_bash_operator to 2025-03-23T00:00:00+00:00, run_after=2025-03-24T00:00:00+00:00
[2025-03-24T23:35:41.044+0000] {processor.py:183} INFO - Processing /home/airflow/.local/lib/python3.8/site-packages/airflow/example_dags/example_bash_operator.py took 0.046 seconds
[2025-03-24T23:36:11.695+0000] {processor.py:161} INFO - Started process (PID=1332) to work on /home/airflow/.local/lib/python3.8/site-packages/airflow/example_dags/example_bash_operator.py
[2025-03-24T23:36:11.696+0000] {processor.py:830} INFO - Processing file /home/airflow/.local/lib/python3.8/site-packages/airflow/example_dags/example_bash_operator.py for tasks to queue
[2025-03-24T23:36:11.696+0000] {logging_mixin.py:188} INFO - [2025-03-24T23:36:11.696+0000] {dagbag.py:538} INFO - Filling up the DagBag from /home/airflow/.local/lib/python3.8/site-packages/airflow/example_dags/example_bash_operator.py
[2025-03-24T23:36:11.703+0000] {processor.py:840} INFO - DAG(s) 'example_bash_operator' retrieved from /home/airflow/.local/lib/python3.8/site-packages/airflow/example_dags/example_bash_operator.py
[2025-03-24T23:36:11.716+0000] {logging_mixin.py:188} INFO - [2025-03-24T23:36:11.716+0000] {dag.py:3033} INFO - Sync 1 DAGs
[2025-03-24T23:36:11.726+0000] {logging_mixin.py:188} INFO - [2025-03-24T23:36:11.726+0000] {dag.py:3820} INFO - Setting next_dagrun for example_bash_operator to 2025-03-23T00:00:00+00:00, run_after=2025-03-24T00:00:00+00:00
[2025-03-24T23:36:11.735+0000] {processor.py:183} INFO - Processing /home/airflow/.local/lib/python3.8/site-packages/airflow/example_dags/example_bash_operator.py took 0.041 seconds
[2025-03-24T23:36:42.469+0000] {processor.py:161} INFO - Started process (PID=1387) to work on /home/airflow/.local/lib/python3.8/site-packages/airflow/example_dags/example_bash_operator.py
[2025-03-24T23:36:42.472+0000] {processor.py:830} INFO - Processing file /home/airflow/.local/lib/python3.8/site-packages/airflow/example_dags/example_bash_operator.py for tasks to queue
[2025-03-24T23:36:42.474+0000] {logging_mixin.py:188} INFO - [2025-03-24T23:36:42.474+0000] {dagbag.py:538} INFO - Filling up the DagBag from /home/airflow/.local/lib/python3.8/site-packages/airflow/example_dags/example_bash_operator.py
[2025-03-24T23:36:42.482+0000] {processor.py:840} INFO - DAG(s) 'example_bash_operator' retrieved from /home/airflow/.local/lib/python3.8/site-packages/airflow/example_dags/example_bash_operator.py
[2025-03-24T23:36:42.502+0000] {logging_mixin.py:188} INFO - [2025-03-24T23:36:42.502+0000] {dag.py:3033} INFO - Sync 1 DAGs
[2025-03-24T23:36:42.513+0000] {logging_mixin.py:188} INFO - [2025-03-24T23:36:42.513+0000] {dag.py:3820} INFO - Setting next_dagrun for example_bash_operator to 2025-03-23T00:00:00+00:00, run_after=2025-03-24T00:00:00+00:00
[2025-03-24T23:36:42.521+0000] {processor.py:183} INFO - Processing /home/airflow/.local/lib/python3.8/site-packages/airflow/example_dags/example_bash_operator.py took 0.054 seconds
[2025-03-24T23:37:13.333+0000] {processor.py:161} INFO - Started process (PID=1442) to work on /home/airflow/.local/lib/python3.8/site-packages/airflow/example_dags/example_bash_operator.py
[2025-03-24T23:37:13.334+0000] {processor.py:830} INFO - Processing file /home/airflow/.local/lib/python3.8/site-packages/airflow/example_dags/example_bash_operator.py for tasks to queue
[2025-03-24T23:37:13.335+0000] {logging_mixin.py:188} INFO - [2025-03-24T23:37:13.335+0000] {dagbag.py:538} INFO - Filling up the DagBag from /home/airflow/.local/lib/python3.8/site-packages/airflow/example_dags/example_bash_operator.py
[2025-03-24T23:37:13.342+0000] {processor.py:840} INFO - DAG(s) 'example_bash_operator' retrieved from /home/airflow/.local/lib/python3.8/site-packages/airflow/example_dags/example_bash_operator.py
[2025-03-24T23:37:13.357+0000] {logging_mixin.py:188} INFO - [2025-03-24T23:37:13.357+0000] {dag.py:3033} INFO - Sync 1 DAGs
[2025-03-24T23:37:13.372+0000] {logging_mixin.py:188} INFO - [2025-03-24T23:37:13.372+0000] {dag.py:3820} INFO - Setting next_dagrun for example_bash_operator to 2025-03-23T00:00:00+00:00, run_after=2025-03-24T00:00:00+00:00
[2025-03-24T23:37:13.382+0000] {processor.py:183} INFO - Processing /home/airflow/.local/lib/python3.8/site-packages/airflow/example_dags/example_bash_operator.py took 0.052 seconds
[2025-03-24T23:37:44.075+0000] {processor.py:161} INFO - Started process (PID=1497) to work on /home/airflow/.local/lib/python3.8/site-packages/airflow/example_dags/example_bash_operator.py
[2025-03-24T23:37:44.078+0000] {processor.py:830} INFO - Processing file /home/airflow/.local/lib/python3.8/site-packages/airflow/example_dags/example_bash_operator.py for tasks to queue
[2025-03-24T23:37:44.080+0000] {logging_mixin.py:188} INFO - [2025-03-24T23:37:44.080+0000] {dagbag.py:538} INFO - Filling up the DagBag from /home/airflow/.local/lib/python3.8/site-packages/airflow/example_dags/example_bash_operator.py
[2025-03-24T23:37:44.087+0000] {processor.py:840} INFO - DAG(s) 'example_bash_operator' retrieved from /home/airflow/.local/lib/python3.8/site-packages/airflow/example_dags/example_bash_operator.py
[2025-03-24T23:37:44.104+0000] {logging_mixin.py:188} INFO - [2025-03-24T23:37:44.104+0000] {dag.py:3033} INFO - Sync 1 DAGs
[2025-03-24T23:37:44.117+0000] {logging_mixin.py:188} INFO - [2025-03-24T23:37:44.117+0000] {dag.py:3820} INFO - Setting next_dagrun for example_bash_operator to 2025-03-23T00:00:00+00:00, run_after=2025-03-24T00:00:00+00:00
[2025-03-24T23:37:44.125+0000] {processor.py:183} INFO - Processing /home/airflow/.local/lib/python3.8/site-packages/airflow/example_dags/example_bash_operator.py took 0.053 seconds
[2025-03-24T23:38:14.822+0000] {processor.py:161} INFO - Started process (PID=1552) to work on /home/airflow/.local/lib/python3.8/site-packages/airflow/example_dags/example_bash_operator.py
[2025-03-24T23:38:14.824+0000] {processor.py:830} INFO - Processing file /home/airflow/.local/lib/python3.8/site-packages/airflow/example_dags/example_bash_operator.py for tasks to queue
[2025-03-24T23:38:14.826+0000] {logging_mixin.py:188} INFO - [2025-03-24T23:38:14.826+0000] {dagbag.py:538} INFO - Filling up the DagBag from /home/airflow/.local/lib/python3.8/site-packages/airflow/example_dags/example_bash_operator.py
[2025-03-24T23:38:14.835+0000] {processor.py:840} INFO - DAG(s) 'example_bash_operator' retrieved from /home/airflow/.local/lib/python3.8/site-packages/airflow/example_dags/example_bash_operator.py
[2025-03-24T23:38:14.851+0000] {logging_mixin.py:188} INFO - [2025-03-24T23:38:14.851+0000] {dag.py:3033} INFO - Sync 1 DAGs
[2025-03-24T23:38:14.864+0000] {logging_mixin.py:188} INFO - [2025-03-24T23:38:14.864+0000] {dag.py:3820} INFO - Setting next_dagrun for example_bash_operator to 2025-03-23T00:00:00+00:00, run_after=2025-03-24T00:00:00+00:00
[2025-03-24T23:38:14.875+0000] {processor.py:183} INFO - Processing /home/airflow/.local/lib/python3.8/site-packages/airflow/example_dags/example_bash_operator.py took 0.055 seconds
[2025-03-24T23:38:45.559+0000] {processor.py:161} INFO - Started process (PID=1607) to work on /home/airflow/.local/lib/python3.8/site-packages/airflow/example_dags/example_bash_operator.py
[2025-03-24T23:38:45.560+0000] {processor.py:830} INFO - Processing file /home/airflow/.local/lib/python3.8/site-packages/airflow/example_dags/example_bash_operator.py for tasks to queue
[2025-03-24T23:38:45.562+0000] {logging_mixin.py:188} INFO - [2025-03-24T23:38:45.562+0000] {dagbag.py:538} INFO - Filling up the DagBag from /home/airflow/.local/lib/python3.8/site-packages/airflow/example_dags/example_bash_operator.py
[2025-03-24T23:38:45.568+0000] {processor.py:840} INFO - DAG(s) 'example_bash_operator' retrieved from /home/airflow/.local/lib/python3.8/site-packages/airflow/example_dags/example_bash_operator.py
[2025-03-24T23:38:45.582+0000] {logging_mixin.py:188} INFO - [2025-03-24T23:38:45.582+0000] {dag.py:3033} INFO - Sync 1 DAGs
[2025-03-24T23:38:45.591+0000] {logging_mixin.py:188} INFO - [2025-03-24T23:38:45.591+0000] {dag.py:3820} INFO - Setting next_dagrun for example_bash_operator to 2025-03-23T00:00:00+00:00, run_after=2025-03-24T00:00:00+00:00
[2025-03-24T23:38:45.598+0000] {processor.py:183} INFO - Processing /home/airflow/.local/lib/python3.8/site-packages/airflow/example_dags/example_bash_operator.py took 0.041 seconds
[2025-03-24T23:39:16.349+0000] {processor.py:161} INFO - Started process (PID=1662) to work on /home/airflow/.local/lib/python3.8/site-packages/airflow/example_dags/example_bash_operator.py
[2025-03-24T23:39:16.350+0000] {processor.py:830} INFO - Processing file /home/airflow/.local/lib/python3.8/site-packages/airflow/example_dags/example_bash_operator.py for tasks to queue
[2025-03-24T23:39:16.351+0000] {logging_mixin.py:188} INFO - [2025-03-24T23:39:16.351+0000] {dagbag.py:538} INFO - Filling up the DagBag from /home/airflow/.local/lib/python3.8/site-packages/airflow/example_dags/example_bash_operator.py
[2025-03-24T23:39:16.358+0000] {processor.py:840} INFO - DAG(s) 'example_bash_operator' retrieved from /home/airflow/.local/lib/python3.8/site-packages/airflow/example_dags/example_bash_operator.py
[2025-03-24T23:39:16.375+0000] {logging_mixin.py:188} INFO - [2025-03-24T23:39:16.375+0000] {dag.py:3033} INFO - Sync 1 DAGs
[2025-03-24T23:39:16.387+0000] {logging_mixin.py:188} INFO - [2025-03-24T23:39:16.386+0000] {dag.py:3820} INFO - Setting next_dagrun for example_bash_operator to 2025-03-23T00:00:00+00:00, run_after=2025-03-24T00:00:00+00:00
[2025-03-24T23:39:16.395+0000] {processor.py:183} INFO - Processing /home/airflow/.local/lib/python3.8/site-packages/airflow/example_dags/example_bash_operator.py took 0.048 seconds
[2025-03-24T23:39:47.270+0000] {processor.py:161} INFO - Started process (PID=1717) to work on /home/airflow/.local/lib/python3.8/site-packages/airflow/example_dags/example_bash_operator.py
[2025-03-24T23:39:47.274+0000] {processor.py:830} INFO - Processing file /home/airflow/.local/lib/python3.8/site-packages/airflow/example_dags/example_bash_operator.py for tasks to queue
[2025-03-24T23:39:47.276+0000] {logging_mixin.py:188} INFO - [2025-03-24T23:39:47.275+0000] {dagbag.py:538} INFO - Filling up the DagBag from /home/airflow/.local/lib/python3.8/site-packages/airflow/example_dags/example_bash_operator.py
[2025-03-24T23:39:47.283+0000] {processor.py:840} INFO - DAG(s) 'example_bash_operator' retrieved from /home/airflow/.local/lib/python3.8/site-packages/airflow/example_dags/example_bash_operator.py
[2025-03-24T23:39:47.300+0000] {logging_mixin.py:188} INFO - [2025-03-24T23:39:47.300+0000] {dag.py:3033} INFO - Sync 1 DAGs
[2025-03-24T23:39:47.316+0000] {logging_mixin.py:188} INFO - [2025-03-24T23:39:47.315+0000] {dag.py:3820} INFO - Setting next_dagrun for example_bash_operator to 2025-03-23T00:00:00+00:00, run_after=2025-03-24T00:00:00+00:00
[2025-03-24T23:39:47.325+0000] {processor.py:183} INFO - Processing /home/airflow/.local/lib/python3.8/site-packages/airflow/example_dags/example_bash_operator.py took 0.057 seconds
[2025-03-24T23:40:17.907+0000] {processor.py:161} INFO - Started process (PID=1772) to work on /home/airflow/.local/lib/python3.8/site-packages/airflow/example_dags/example_bash_operator.py
[2025-03-24T23:40:17.909+0000] {processor.py:830} INFO - Processing file /home/airflow/.local/lib/python3.8/site-packages/airflow/example_dags/example_bash_operator.py for tasks to queue
[2025-03-24T23:40:17.910+0000] {logging_mixin.py:188} INFO - [2025-03-24T23:40:17.910+0000] {dagbag.py:538} INFO - Filling up the DagBag from /home/airflow/.local/lib/python3.8/site-packages/airflow/example_dags/example_bash_operator.py
[2025-03-24T23:40:17.915+0000] {processor.py:840} INFO - DAG(s) 'example_bash_operator' retrieved from /home/airflow/.local/lib/python3.8/site-packages/airflow/example_dags/example_bash_operator.py
[2025-03-24T23:40:17.926+0000] {logging_mixin.py:188} INFO - [2025-03-24T23:40:17.926+0000] {dag.py:3033} INFO - Sync 1 DAGs
[2025-03-24T23:40:17.936+0000] {logging_mixin.py:188} INFO - [2025-03-24T23:40:17.936+0000] {dag.py:3820} INFO - Setting next_dagrun for example_bash_operator to 2025-03-23T00:00:00+00:00, run_after=2025-03-24T00:00:00+00:00
[2025-03-24T23:40:17.943+0000] {processor.py:183} INFO - Processing /home/airflow/.local/lib/python3.8/site-packages/airflow/example_dags/example_bash_operator.py took 0.037 seconds
[2025-03-24T23:40:48.506+0000] {processor.py:161} INFO - Started process (PID=1827) to work on /home/airflow/.local/lib/python3.8/site-packages/airflow/example_dags/example_bash_operator.py
[2025-03-24T23:40:48.507+0000] {processor.py:830} INFO - Processing file /home/airflow/.local/lib/python3.8/site-packages/airflow/example_dags/example_bash_operator.py for tasks to queue
[2025-03-24T23:40:48.508+0000] {logging_mixin.py:188} INFO - [2025-03-24T23:40:48.508+0000] {dagbag.py:538} INFO - Filling up the DagBag from /home/airflow/.local/lib/python3.8/site-packages/airflow/example_dags/example_bash_operator.py
[2025-03-24T23:40:48.513+0000] {processor.py:840} INFO - DAG(s) 'example_bash_operator' retrieved from /home/airflow/.local/lib/python3.8/site-packages/airflow/example_dags/example_bash_operator.py
[2025-03-24T23:40:48.525+0000] {logging_mixin.py:188} INFO - [2025-03-24T23:40:48.524+0000] {dag.py:3033} INFO - Sync 1 DAGs
[2025-03-24T23:40:48.534+0000] {logging_mixin.py:188} INFO - [2025-03-24T23:40:48.534+0000] {dag.py:3820} INFO - Setting next_dagrun for example_bash_operator to 2025-03-23T00:00:00+00:00, run_after=2025-03-24T00:00:00+00:00
[2025-03-24T23:40:48.541+0000] {processor.py:183} INFO - Processing /home/airflow/.local/lib/python3.8/site-packages/airflow/example_dags/example_bash_operator.py took 0.036 seconds
[2025-03-24T23:41:19.070+0000] {processor.py:161} INFO - Started process (PID=1882) to work on /home/airflow/.local/lib/python3.8/site-packages/airflow/example_dags/example_bash_operator.py
[2025-03-24T23:41:19.072+0000] {processor.py:830} INFO - Processing file /home/airflow/.local/lib/python3.8/site-packages/airflow/example_dags/example_bash_operator.py for tasks to queue
[2025-03-24T23:41:19.073+0000] {logging_mixin.py:188} INFO - [2025-03-24T23:41:19.073+0000] {dagbag.py:538} INFO - Filling up the DagBag from /home/airflow/.local/lib/python3.8/site-packages/airflow/example_dags/example_bash_operator.py
[2025-03-24T23:41:19.080+0000] {processor.py:840} INFO - DAG(s) 'example_bash_operator' retrieved from /home/airflow/.local/lib/python3.8/site-packages/airflow/example_dags/example_bash_operator.py
[2025-03-24T23:41:19.097+0000] {logging_mixin.py:188} INFO - [2025-03-24T23:41:19.097+0000] {dag.py:3033} INFO - Sync 1 DAGs
[2025-03-24T23:41:19.109+0000] {logging_mixin.py:188} INFO - [2025-03-24T23:41:19.109+0000] {dag.py:3820} INFO - Setting next_dagrun for example_bash_operator to 2025-03-23T00:00:00+00:00, run_after=2025-03-24T00:00:00+00:00
[2025-03-24T23:41:19.117+0000] {processor.py:183} INFO - Processing /home/airflow/.local/lib/python3.8/site-packages/airflow/example_dags/example_bash_operator.py took 0.054 seconds
[2025-03-24T23:41:49.652+0000] {processor.py:161} INFO - Started process (PID=1937) to work on /home/airflow/.local/lib/python3.8/site-packages/airflow/example_dags/example_bash_operator.py
[2025-03-24T23:41:49.653+0000] {processor.py:830} INFO - Processing file /home/airflow/.local/lib/python3.8/site-packages/airflow/example_dags/example_bash_operator.py for tasks to queue
[2025-03-24T23:41:49.655+0000] {logging_mixin.py:188} INFO - [2025-03-24T23:41:49.655+0000] {dagbag.py:538} INFO - Filling up the DagBag from /home/airflow/.local/lib/python3.8/site-packages/airflow/example_dags/example_bash_operator.py
[2025-03-24T23:41:49.681+0000] {processor.py:840} INFO - DAG(s) 'example_bash_operator' retrieved from /home/airflow/.local/lib/python3.8/site-packages/airflow/example_dags/example_bash_operator.py
[2025-03-24T23:41:49.701+0000] {logging_mixin.py:188} INFO - [2025-03-24T23:41:49.700+0000] {dag.py:3033} INFO - Sync 1 DAGs
[2025-03-24T23:41:49.711+0000] {logging_mixin.py:188} INFO - [2025-03-24T23:41:49.710+0000] {dag.py:3820} INFO - Setting next_dagrun for example_bash_operator to 2025-03-23T00:00:00+00:00, run_after=2025-03-24T00:00:00+00:00
[2025-03-24T23:41:49.718+0000] {processor.py:183} INFO - Processing /home/airflow/.local/lib/python3.8/site-packages/airflow/example_dags/example_bash_operator.py took 0.068 seconds
[2025-03-24T23:42:20.285+0000] {processor.py:161} INFO - Started process (PID=1992) to work on /home/airflow/.local/lib/python3.8/site-packages/airflow/example_dags/example_bash_operator.py
[2025-03-24T23:42:20.288+0000] {processor.py:830} INFO - Processing file /home/airflow/.local/lib/python3.8/site-packages/airflow/example_dags/example_bash_operator.py for tasks to queue
[2025-03-24T23:42:20.289+0000] {logging_mixin.py:188} INFO - [2025-03-24T23:42:20.289+0000] {dagbag.py:538} INFO - Filling up the DagBag from /home/airflow/.local/lib/python3.8/site-packages/airflow/example_dags/example_bash_operator.py
[2025-03-24T23:42:20.296+0000] {processor.py:840} INFO - DAG(s) 'example_bash_operator' retrieved from /home/airflow/.local/lib/python3.8/site-packages/airflow/example_dags/example_bash_operator.py
[2025-03-24T23:42:20.311+0000] {logging_mixin.py:188} INFO - [2025-03-24T23:42:20.311+0000] {dag.py:3033} INFO - Sync 1 DAGs
[2025-03-24T23:42:20.324+0000] {logging_mixin.py:188} INFO - [2025-03-24T23:42:20.323+0000] {dag.py:3820} INFO - Setting next_dagrun for example_bash_operator to 2025-03-23T00:00:00+00:00, run_after=2025-03-24T00:00:00+00:00
[2025-03-24T23:42:20.333+0000] {processor.py:183} INFO - Processing /home/airflow/.local/lib/python3.8/site-packages/airflow/example_dags/example_bash_operator.py took 0.050 seconds
[2025-03-24T23:42:50.778+0000] {processor.py:161} INFO - Started process (PID=2047) to work on /home/airflow/.local/lib/python3.8/site-packages/airflow/example_dags/example_bash_operator.py
[2025-03-24T23:42:50.779+0000] {processor.py:830} INFO - Processing file /home/airflow/.local/lib/python3.8/site-packages/airflow/example_dags/example_bash_operator.py for tasks to queue
[2025-03-24T23:42:50.779+0000] {logging_mixin.py:188} INFO - [2025-03-24T23:42:50.779+0000] {dagbag.py:538} INFO - Filling up the DagBag from /home/airflow/.local/lib/python3.8/site-packages/airflow/example_dags/example_bash_operator.py
[2025-03-24T23:42:50.784+0000] {processor.py:840} INFO - DAG(s) 'example_bash_operator' retrieved from /home/airflow/.local/lib/python3.8/site-packages/airflow/example_dags/example_bash_operator.py
[2025-03-24T23:42:50.797+0000] {logging_mixin.py:188} INFO - [2025-03-24T23:42:50.797+0000] {dag.py:3033} INFO - Sync 1 DAGs
[2025-03-24T23:42:50.806+0000] {logging_mixin.py:188} INFO - [2025-03-24T23:42:50.806+0000] {dag.py:3820} INFO - Setting next_dagrun for example_bash_operator to 2025-03-23T00:00:00+00:00, run_after=2025-03-24T00:00:00+00:00
[2025-03-24T23:42:50.815+0000] {processor.py:183} INFO - Processing /home/airflow/.local/lib/python3.8/site-packages/airflow/example_dags/example_bash_operator.py took 0.038 seconds
[2025-03-24T23:43:21.284+0000] {processor.py:161} INFO - Started process (PID=2102) to work on /home/airflow/.local/lib/python3.8/site-packages/airflow/example_dags/example_bash_operator.py
[2025-03-24T23:43:21.284+0000] {processor.py:830} INFO - Processing file /home/airflow/.local/lib/python3.8/site-packages/airflow/example_dags/example_bash_operator.py for tasks to queue
[2025-03-24T23:43:21.286+0000] {logging_mixin.py:188} INFO - [2025-03-24T23:43:21.285+0000] {dagbag.py:538} INFO - Filling up the DagBag from /home/airflow/.local/lib/python3.8/site-packages/airflow/example_dags/example_bash_operator.py
[2025-03-24T23:43:21.292+0000] {processor.py:840} INFO - DAG(s) 'example_bash_operator' retrieved from /home/airflow/.local/lib/python3.8/site-packages/airflow/example_dags/example_bash_operator.py
[2025-03-24T23:43:21.305+0000] {logging_mixin.py:188} INFO - [2025-03-24T23:43:21.305+0000] {dag.py:3033} INFO - Sync 1 DAGs
[2025-03-24T23:43:21.315+0000] {logging_mixin.py:188} INFO - [2025-03-24T23:43:21.315+0000] {dag.py:3820} INFO - Setting next_dagrun for example_bash_operator to 2025-03-23T00:00:00+00:00, run_after=2025-03-24T00:00:00+00:00
[2025-03-24T23:43:21.322+0000] {processor.py:183} INFO - Processing /home/airflow/.local/lib/python3.8/site-packages/airflow/example_dags/example_bash_operator.py took 0.041 seconds
[2025-03-24T23:43:51.962+0000] {processor.py:161} INFO - Started process (PID=2157) to work on /home/airflow/.local/lib/python3.8/site-packages/airflow/example_dags/example_bash_operator.py
[2025-03-24T23:43:51.965+0000] {processor.py:830} INFO - Processing file /home/airflow/.local/lib/python3.8/site-packages/airflow/example_dags/example_bash_operator.py for tasks to queue
[2025-03-24T23:43:51.966+0000] {logging_mixin.py:188} INFO - [2025-03-24T23:43:51.966+0000] {dagbag.py:538} INFO - Filling up the DagBag from /home/airflow/.local/lib/python3.8/site-packages/airflow/example_dags/example_bash_operator.py
[2025-03-24T23:43:51.973+0000] {processor.py:840} INFO - DAG(s) 'example_bash_operator' retrieved from /home/airflow/.local/lib/python3.8/site-packages/airflow/example_dags/example_bash_operator.py
[2025-03-24T23:43:51.987+0000] {logging_mixin.py:188} INFO - [2025-03-24T23:43:51.987+0000] {dag.py:3033} INFO - Sync 1 DAGs
[2025-03-24T23:43:52.000+0000] {logging_mixin.py:188} INFO - [2025-03-24T23:43:52.000+0000] {dag.py:3820} INFO - Setting next_dagrun for example_bash_operator to 2025-03-23T00:00:00+00:00, run_after=2025-03-24T00:00:00+00:00
[2025-03-24T23:43:52.011+0000] {processor.py:183} INFO - Processing /home/airflow/.local/lib/python3.8/site-packages/airflow/example_dags/example_bash_operator.py took 0.050 seconds
[2025-03-24T23:44:22.654+0000] {processor.py:161} INFO - Started process (PID=2212) to work on /home/airflow/.local/lib/python3.8/site-packages/airflow/example_dags/example_bash_operator.py
[2025-03-24T23:44:22.655+0000] {processor.py:830} INFO - Processing file /home/airflow/.local/lib/python3.8/site-packages/airflow/example_dags/example_bash_operator.py for tasks to queue
[2025-03-24T23:44:22.656+0000] {logging_mixin.py:188} INFO - [2025-03-24T23:44:22.656+0000] {dagbag.py:538} INFO - Filling up the DagBag from /home/airflow/.local/lib/python3.8/site-packages/airflow/example_dags/example_bash_operator.py
[2025-03-24T23:44:22.662+0000] {processor.py:840} INFO - DAG(s) 'example_bash_operator' retrieved from /home/airflow/.local/lib/python3.8/site-packages/airflow/example_dags/example_bash_operator.py
[2025-03-24T23:44:22.675+0000] {logging_mixin.py:188} INFO - [2025-03-24T23:44:22.675+0000] {dag.py:3033} INFO - Sync 1 DAGs
[2025-03-24T23:44:22.685+0000] {logging_mixin.py:188} INFO - [2025-03-24T23:44:22.685+0000] {dag.py:3820} INFO - Setting next_dagrun for example_bash_operator to 2025-03-23T00:00:00+00:00, run_after=2025-03-24T00:00:00+00:00
[2025-03-24T23:44:22.693+0000] {processor.py:183} INFO - Processing /home/airflow/.local/lib/python3.8/site-packages/airflow/example_dags/example_bash_operator.py took 0.041 seconds
[2025-03-24T23:44:53.305+0000] {processor.py:161} INFO - Started process (PID=2267) to work on /home/airflow/.local/lib/python3.8/site-packages/airflow/example_dags/example_bash_operator.py
[2025-03-24T23:44:53.307+0000] {processor.py:830} INFO - Processing file /home/airflow/.local/lib/python3.8/site-packages/airflow/example_dags/example_bash_operator.py for tasks to queue
[2025-03-24T23:44:53.308+0000] {logging_mixin.py:188} INFO - [2025-03-24T23:44:53.308+0000] {dagbag.py:538} INFO - Filling up the DagBag from /home/airflow/.local/lib/python3.8/site-packages/airflow/example_dags/example_bash_operator.py
[2025-03-24T23:44:53.312+0000] {processor.py:840} INFO - DAG(s) 'example_bash_operator' retrieved from /home/airflow/.local/lib/python3.8/site-packages/airflow/example_dags/example_bash_operator.py
[2025-03-24T23:44:53.323+0000] {logging_mixin.py:188} INFO - [2025-03-24T23:44:53.323+0000] {dag.py:3033} INFO - Sync 1 DAGs
[2025-03-24T23:44:53.332+0000] {logging_mixin.py:188} INFO - [2025-03-24T23:44:53.332+0000] {dag.py:3820} INFO - Setting next_dagrun for example_bash_operator to 2025-03-23T00:00:00+00:00, run_after=2025-03-24T00:00:00+00:00
[2025-03-24T23:44:53.340+0000] {processor.py:183} INFO - Processing /home/airflow/.local/lib/python3.8/site-packages/airflow/example_dags/example_bash_operator.py took 0.036 seconds
[2025-03-24T23:45:23.767+0000] {processor.py:161} INFO - Started process (PID=2322) to work on /home/airflow/.local/lib/python3.8/site-packages/airflow/example_dags/example_bash_operator.py
[2025-03-24T23:45:23.771+0000] {processor.py:830} INFO - Processing file /home/airflow/.local/lib/python3.8/site-packages/airflow/example_dags/example_bash_operator.py for tasks to queue
[2025-03-24T23:45:23.772+0000] {logging_mixin.py:188} INFO - [2025-03-24T23:45:23.772+0000] {dagbag.py:538} INFO - Filling up the DagBag from /home/airflow/.local/lib/python3.8/site-packages/airflow/example_dags/example_bash_operator.py
[2025-03-24T23:45:23.777+0000] {processor.py:840} INFO - DAG(s) 'example_bash_operator' retrieved from /home/airflow/.local/lib/python3.8/site-packages/airflow/example_dags/example_bash_operator.py
[2025-03-24T23:45:23.789+0000] {logging_mixin.py:188} INFO - [2025-03-24T23:45:23.789+0000] {dag.py:3033} INFO - Sync 1 DAGs
[2025-03-24T23:45:23.798+0000] {logging_mixin.py:188} INFO - [2025-03-24T23:45:23.798+0000] {dag.py:3820} INFO - Setting next_dagrun for example_bash_operator to 2025-03-23T00:00:00+00:00, run_after=2025-03-24T00:00:00+00:00
[2025-03-24T23:45:23.805+0000] {processor.py:183} INFO - Processing /home/airflow/.local/lib/python3.8/site-packages/airflow/example_dags/example_bash_operator.py took 0.039 seconds
[2025-03-24T23:45:54.432+0000] {processor.py:161} INFO - Started process (PID=2376) to work on /home/airflow/.local/lib/python3.8/site-packages/airflow/example_dags/example_bash_operator.py
[2025-03-24T23:45:54.433+0000] {processor.py:830} INFO - Processing file /home/airflow/.local/lib/python3.8/site-packages/airflow/example_dags/example_bash_operator.py for tasks to queue
[2025-03-24T23:45:54.434+0000] {logging_mixin.py:188} INFO - [2025-03-24T23:45:54.433+0000] {dagbag.py:538} INFO - Filling up the DagBag from /home/airflow/.local/lib/python3.8/site-packages/airflow/example_dags/example_bash_operator.py
[2025-03-24T23:45:54.439+0000] {processor.py:840} INFO - DAG(s) 'example_bash_operator' retrieved from /home/airflow/.local/lib/python3.8/site-packages/airflow/example_dags/example_bash_operator.py
[2025-03-24T23:45:54.450+0000] {logging_mixin.py:188} INFO - [2025-03-24T23:45:54.450+0000] {dag.py:3033} INFO - Sync 1 DAGs
[2025-03-24T23:45:54.459+0000] {logging_mixin.py:188} INFO - [2025-03-24T23:45:54.458+0000] {dag.py:3820} INFO - Setting next_dagrun for example_bash_operator to 2025-03-23T00:00:00+00:00, run_after=2025-03-24T00:00:00+00:00
[2025-03-24T23:45:54.465+0000] {processor.py:183} INFO - Processing /home/airflow/.local/lib/python3.8/site-packages/airflow/example_dags/example_bash_operator.py took 0.034 seconds
[2025-03-24T23:46:25.341+0000] {processor.py:161} INFO - Started process (PID=2431) to work on /home/airflow/.local/lib/python3.8/site-packages/airflow/example_dags/example_bash_operator.py
[2025-03-24T23:46:25.342+0000] {processor.py:830} INFO - Processing file /home/airflow/.local/lib/python3.8/site-packages/airflow/example_dags/example_bash_operator.py for tasks to queue
[2025-03-24T23:46:25.343+0000] {logging_mixin.py:188} INFO - [2025-03-24T23:46:25.343+0000] {dagbag.py:538} INFO - Filling up the DagBag from /home/airflow/.local/lib/python3.8/site-packages/airflow/example_dags/example_bash_operator.py
[2025-03-24T23:46:25.350+0000] {processor.py:840} INFO - DAG(s) 'example_bash_operator' retrieved from /home/airflow/.local/lib/python3.8/site-packages/airflow/example_dags/example_bash_operator.py
[2025-03-24T23:46:25.365+0000] {logging_mixin.py:188} INFO - [2025-03-24T23:46:25.365+0000] {dag.py:3033} INFO - Sync 1 DAGs
[2025-03-24T23:46:25.375+0000] {logging_mixin.py:188} INFO - [2025-03-24T23:46:25.375+0000] {dag.py:3820} INFO - Setting next_dagrun for example_bash_operator to 2025-03-23T00:00:00+00:00, run_after=2025-03-24T00:00:00+00:00
[2025-03-24T23:46:25.383+0000] {processor.py:183} INFO - Processing /home/airflow/.local/lib/python3.8/site-packages/airflow/example_dags/example_bash_operator.py took 0.044 seconds
[2025-03-24T23:46:56.129+0000] {processor.py:161} INFO - Started process (PID=2486) to work on /home/airflow/.local/lib/python3.8/site-packages/airflow/example_dags/example_bash_operator.py
[2025-03-24T23:46:56.130+0000] {processor.py:830} INFO - Processing file /home/airflow/.local/lib/python3.8/site-packages/airflow/example_dags/example_bash_operator.py for tasks to queue
[2025-03-24T23:46:56.131+0000] {logging_mixin.py:188} INFO - [2025-03-24T23:46:56.131+0000] {dagbag.py:538} INFO - Filling up the DagBag from /home/airflow/.local/lib/python3.8/site-packages/airflow/example_dags/example_bash_operator.py
[2025-03-24T23:46:56.137+0000] {processor.py:840} INFO - DAG(s) 'example_bash_operator' retrieved from /home/airflow/.local/lib/python3.8/site-packages/airflow/example_dags/example_bash_operator.py
[2025-03-24T23:46:56.151+0000] {logging_mixin.py:188} INFO - [2025-03-24T23:46:56.151+0000] {dag.py:3033} INFO - Sync 1 DAGs
[2025-03-24T23:46:56.161+0000] {logging_mixin.py:188} INFO - [2025-03-24T23:46:56.161+0000] {dag.py:3820} INFO - Setting next_dagrun for example_bash_operator to 2025-03-23T00:00:00+00:00, run_after=2025-03-24T00:00:00+00:00
[2025-03-24T23:46:56.168+0000] {processor.py:183} INFO - Processing /home/airflow/.local/lib/python3.8/site-packages/airflow/example_dags/example_bash_operator.py took 0.041 seconds
[2025-03-24T23:47:26.256+0000] {processor.py:161} INFO - Started process (PID=2541) to work on /home/airflow/.local/lib/python3.8/site-packages/airflow/example_dags/example_bash_operator.py
[2025-03-24T23:47:26.257+0000] {processor.py:830} INFO - Processing file /home/airflow/.local/lib/python3.8/site-packages/airflow/example_dags/example_bash_operator.py for tasks to queue
[2025-03-24T23:47:26.258+0000] {logging_mixin.py:188} INFO - [2025-03-24T23:47:26.258+0000] {dagbag.py:538} INFO - Filling up the DagBag from /home/airflow/.local/lib/python3.8/site-packages/airflow/example_dags/example_bash_operator.py
[2025-03-24T23:47:26.264+0000] {processor.py:840} INFO - DAG(s) 'example_bash_operator' retrieved from /home/airflow/.local/lib/python3.8/site-packages/airflow/example_dags/example_bash_operator.py
[2025-03-24T23:47:26.279+0000] {logging_mixin.py:188} INFO - [2025-03-24T23:47:26.279+0000] {dag.py:3033} INFO - Sync 1 DAGs
[2025-03-24T23:47:26.289+0000] {logging_mixin.py:188} INFO - [2025-03-24T23:47:26.288+0000] {dag.py:3820} INFO - Setting next_dagrun for example_bash_operator to 2025-03-23T00:00:00+00:00, run_after=2025-03-24T00:00:00+00:00
[2025-03-24T23:47:26.297+0000] {processor.py:183} INFO - Processing /home/airflow/.local/lib/python3.8/site-packages/airflow/example_dags/example_bash_operator.py took 0.042 seconds
[2025-03-24T23:47:56.406+0000] {processor.py:161} INFO - Started process (PID=2596) to work on /home/airflow/.local/lib/python3.8/site-packages/airflow/example_dags/example_bash_operator.py
[2025-03-24T23:47:56.407+0000] {processor.py:830} INFO - Processing file /home/airflow/.local/lib/python3.8/site-packages/airflow/example_dags/example_bash_operator.py for tasks to queue
[2025-03-24T23:47:56.408+0000] {logging_mixin.py:188} INFO - [2025-03-24T23:47:56.408+0000] {dagbag.py:538} INFO - Filling up the DagBag from /home/airflow/.local/lib/python3.8/site-packages/airflow/example_dags/example_bash_operator.py
[2025-03-24T23:47:56.412+0000] {processor.py:840} INFO - DAG(s) 'example_bash_operator' retrieved from /home/airflow/.local/lib/python3.8/site-packages/airflow/example_dags/example_bash_operator.py
[2025-03-24T23:47:56.424+0000] {logging_mixin.py:188} INFO - [2025-03-24T23:47:56.423+0000] {dag.py:3033} INFO - Sync 1 DAGs
[2025-03-24T23:47:56.432+0000] {logging_mixin.py:188} INFO - [2025-03-24T23:47:56.432+0000] {dag.py:3820} INFO - Setting next_dagrun for example_bash_operator to 2025-03-23T00:00:00+00:00, run_after=2025-03-24T00:00:00+00:00
[2025-03-24T23:47:56.438+0000] {processor.py:183} INFO - Processing /home/airflow/.local/lib/python3.8/site-packages/airflow/example_dags/example_bash_operator.py took 0.033 seconds
[2025-03-24T23:48:27.369+0000] {processor.py:161} INFO - Started process (PID=2651) to work on /home/airflow/.local/lib/python3.8/site-packages/airflow/example_dags/example_bash_operator.py
[2025-03-24T23:48:27.370+0000] {processor.py:830} INFO - Processing file /home/airflow/.local/lib/python3.8/site-packages/airflow/example_dags/example_bash_operator.py for tasks to queue
[2025-03-24T23:48:27.371+0000] {logging_mixin.py:188} INFO - [2025-03-24T23:48:27.371+0000] {dagbag.py:538} INFO - Filling up the DagBag from /home/airflow/.local/lib/python3.8/site-packages/airflow/example_dags/example_bash_operator.py
[2025-03-24T23:48:27.377+0000] {processor.py:840} INFO - DAG(s) 'example_bash_operator' retrieved from /home/airflow/.local/lib/python3.8/site-packages/airflow/example_dags/example_bash_operator.py
[2025-03-24T23:48:27.390+0000] {logging_mixin.py:188} INFO - [2025-03-24T23:48:27.390+0000] {dag.py:3033} INFO - Sync 1 DAGs
[2025-03-24T23:48:27.402+0000] {logging_mixin.py:188} INFO - [2025-03-24T23:48:27.402+0000] {dag.py:3820} INFO - Setting next_dagrun for example_bash_operator to 2025-03-23T00:00:00+00:00, run_after=2025-03-24T00:00:00+00:00
[2025-03-24T23:48:27.493+0000] {processor.py:183} INFO - Processing /home/airflow/.local/lib/python3.8/site-packages/airflow/example_dags/example_bash_operator.py took 0.125 seconds
[2025-03-24T23:48:57.903+0000] {processor.py:161} INFO - Started process (PID=2706) to work on /home/airflow/.local/lib/python3.8/site-packages/airflow/example_dags/example_bash_operator.py
[2025-03-24T23:48:57.904+0000] {processor.py:830} INFO - Processing file /home/airflow/.local/lib/python3.8/site-packages/airflow/example_dags/example_bash_operator.py for tasks to queue
[2025-03-24T23:48:57.906+0000] {logging_mixin.py:188} INFO - [2025-03-24T23:48:57.906+0000] {dagbag.py:538} INFO - Filling up the DagBag from /home/airflow/.local/lib/python3.8/site-packages/airflow/example_dags/example_bash_operator.py
[2025-03-24T23:48:57.912+0000] {processor.py:840} INFO - DAG(s) 'example_bash_operator' retrieved from /home/airflow/.local/lib/python3.8/site-packages/airflow/example_dags/example_bash_operator.py
[2025-03-24T23:48:57.928+0000] {logging_mixin.py:188} INFO - [2025-03-24T23:48:57.927+0000] {dag.py:3033} INFO - Sync 1 DAGs
[2025-03-24T23:48:57.939+0000] {logging_mixin.py:188} INFO - [2025-03-24T23:48:57.939+0000] {dag.py:3820} INFO - Setting next_dagrun for example_bash_operator to 2025-03-23T00:00:00+00:00, run_after=2025-03-24T00:00:00+00:00
[2025-03-24T23:48:57.949+0000] {processor.py:183} INFO - Processing /home/airflow/.local/lib/python3.8/site-packages/airflow/example_dags/example_bash_operator.py took 0.049 seconds
[2025-03-24T23:49:28.145+0000] {processor.py:161} INFO - Started process (PID=2761) to work on /home/airflow/.local/lib/python3.8/site-packages/airflow/example_dags/example_bash_operator.py
[2025-03-24T23:49:28.148+0000] {processor.py:830} INFO - Processing file /home/airflow/.local/lib/python3.8/site-packages/airflow/example_dags/example_bash_operator.py for tasks to queue
[2025-03-24T23:49:28.149+0000] {logging_mixin.py:188} INFO - [2025-03-24T23:49:28.149+0000] {dagbag.py:538} INFO - Filling up the DagBag from /home/airflow/.local/lib/python3.8/site-packages/airflow/example_dags/example_bash_operator.py
[2025-03-24T23:49:28.153+0000] {processor.py:840} INFO - DAG(s) 'example_bash_operator' retrieved from /home/airflow/.local/lib/python3.8/site-packages/airflow/example_dags/example_bash_operator.py
[2025-03-24T23:49:28.166+0000] {logging_mixin.py:188} INFO - [2025-03-24T23:49:28.166+0000] {dag.py:3033} INFO - Sync 1 DAGs
[2025-03-24T23:49:28.176+0000] {logging_mixin.py:188} INFO - [2025-03-24T23:49:28.176+0000] {dag.py:3820} INFO - Setting next_dagrun for example_bash_operator to 2025-03-23T00:00:00+00:00, run_after=2025-03-24T00:00:00+00:00
[2025-03-24T23:49:28.191+0000] {processor.py:183} INFO - Processing /home/airflow/.local/lib/python3.8/site-packages/airflow/example_dags/example_bash_operator.py took 0.047 seconds
[2025-03-24T23:49:58.624+0000] {processor.py:161} INFO - Started process (PID=2815) to work on /home/airflow/.local/lib/python3.8/site-packages/airflow/example_dags/example_bash_operator.py
[2025-03-24T23:49:58.625+0000] {processor.py:830} INFO - Processing file /home/airflow/.local/lib/python3.8/site-packages/airflow/example_dags/example_bash_operator.py for tasks to queue
[2025-03-24T23:49:58.626+0000] {logging_mixin.py:188} INFO - [2025-03-24T23:49:58.626+0000] {dagbag.py:538} INFO - Filling up the DagBag from /home/airflow/.local/lib/python3.8/site-packages/airflow/example_dags/example_bash_operator.py
[2025-03-24T23:49:58.631+0000] {processor.py:840} INFO - DAG(s) 'example_bash_operator' retrieved from /home/airflow/.local/lib/python3.8/site-packages/airflow/example_dags/example_bash_operator.py
[2025-03-24T23:49:58.645+0000] {logging_mixin.py:188} INFO - [2025-03-24T23:49:58.645+0000] {dag.py:3033} INFO - Sync 1 DAGs
[2025-03-24T23:49:58.726+0000] {logging_mixin.py:188} INFO - [2025-03-24T23:49:58.726+0000] {dag.py:3820} INFO - Setting next_dagrun for example_bash_operator to 2025-03-23T00:00:00+00:00, run_after=2025-03-24T00:00:00+00:00
[2025-03-24T23:49:58.745+0000] {processor.py:183} INFO - Processing /home/airflow/.local/lib/python3.8/site-packages/airflow/example_dags/example_bash_operator.py took 0.122 seconds
[2025-03-24T23:50:29.416+0000] {processor.py:161} INFO - Started process (PID=2870) to work on /home/airflow/.local/lib/python3.8/site-packages/airflow/example_dags/example_bash_operator.py
[2025-03-24T23:50:29.416+0000] {processor.py:830} INFO - Processing file /home/airflow/.local/lib/python3.8/site-packages/airflow/example_dags/example_bash_operator.py for tasks to queue
[2025-03-24T23:50:29.417+0000] {logging_mixin.py:188} INFO - [2025-03-24T23:50:29.417+0000] {dagbag.py:538} INFO - Filling up the DagBag from /home/airflow/.local/lib/python3.8/site-packages/airflow/example_dags/example_bash_operator.py
[2025-03-24T23:50:29.422+0000] {processor.py:840} INFO - DAG(s) 'example_bash_operator' retrieved from /home/airflow/.local/lib/python3.8/site-packages/airflow/example_dags/example_bash_operator.py
[2025-03-24T23:50:29.434+0000] {logging_mixin.py:188} INFO - [2025-03-24T23:50:29.434+0000] {dag.py:3033} INFO - Sync 1 DAGs
[2025-03-24T23:50:29.444+0000] {logging_mixin.py:188} INFO - [2025-03-24T23:50:29.444+0000] {dag.py:3820} INFO - Setting next_dagrun for example_bash_operator to 2025-03-23T00:00:00+00:00, run_after=2025-03-24T00:00:00+00:00
[2025-03-24T23:50:29.521+0000] {processor.py:183} INFO - Processing /home/airflow/.local/lib/python3.8/site-packages/airflow/example_dags/example_bash_operator.py took 0.107 seconds
[2025-03-24T23:51:00.367+0000] {processor.py:161} INFO - Started process (PID=2925) to work on /home/airflow/.local/lib/python3.8/site-packages/airflow/example_dags/example_bash_operator.py
[2025-03-24T23:51:00.368+0000] {processor.py:830} INFO - Processing file /home/airflow/.local/lib/python3.8/site-packages/airflow/example_dags/example_bash_operator.py for tasks to queue
[2025-03-24T23:51:00.370+0000] {logging_mixin.py:188} INFO - [2025-03-24T23:51:00.370+0000] {dagbag.py:538} INFO - Filling up the DagBag from /home/airflow/.local/lib/python3.8/site-packages/airflow/example_dags/example_bash_operator.py
[2025-03-24T23:51:00.376+0000] {processor.py:840} INFO - DAG(s) 'example_bash_operator' retrieved from /home/airflow/.local/lib/python3.8/site-packages/airflow/example_dags/example_bash_operator.py
[2025-03-24T23:51:00.395+0000] {logging_mixin.py:188} INFO - [2025-03-24T23:51:00.395+0000] {dag.py:3033} INFO - Sync 1 DAGs
[2025-03-24T23:51:00.406+0000] {logging_mixin.py:188} INFO - [2025-03-24T23:51:00.406+0000] {dag.py:3820} INFO - Setting next_dagrun for example_bash_operator to 2025-03-23T00:00:00+00:00, run_after=2025-03-24T00:00:00+00:00
[2025-03-24T23:51:00.417+0000] {processor.py:183} INFO - Processing /home/airflow/.local/lib/python3.8/site-packages/airflow/example_dags/example_bash_operator.py took 0.053 seconds
[2025-03-24T23:51:31.070+0000] {processor.py:161} INFO - Started process (PID=2980) to work on /home/airflow/.local/lib/python3.8/site-packages/airflow/example_dags/example_bash_operator.py
[2025-03-24T23:51:31.072+0000] {processor.py:830} INFO - Processing file /home/airflow/.local/lib/python3.8/site-packages/airflow/example_dags/example_bash_operator.py for tasks to queue
[2025-03-24T23:51:31.073+0000] {logging_mixin.py:188} INFO - [2025-03-24T23:51:31.073+0000] {dagbag.py:538} INFO - Filling up the DagBag from /home/airflow/.local/lib/python3.8/site-packages/airflow/example_dags/example_bash_operator.py
[2025-03-24T23:51:31.078+0000] {processor.py:840} INFO - DAG(s) 'example_bash_operator' retrieved from /home/airflow/.local/lib/python3.8/site-packages/airflow/example_dags/example_bash_operator.py
[2025-03-24T23:51:31.092+0000] {logging_mixin.py:188} INFO - [2025-03-24T23:51:31.092+0000] {dag.py:3033} INFO - Sync 1 DAGs
[2025-03-24T23:51:31.103+0000] {logging_mixin.py:188} INFO - [2025-03-24T23:51:31.102+0000] {dag.py:3820} INFO - Setting next_dagrun for example_bash_operator to 2025-03-23T00:00:00+00:00, run_after=2025-03-24T00:00:00+00:00
[2025-03-24T23:51:31.114+0000] {processor.py:183} INFO - Processing /home/airflow/.local/lib/python3.8/site-packages/airflow/example_dags/example_bash_operator.py took 0.046 seconds
