[2025-03-24T23:24:25.466+0000] {processor.py:161} INFO - Started process (PID=43) to work on /home/airflow/.local/lib/python3.8/site-packages/airflow/example_dags/example_xcom.py
[2025-03-24T23:24:25.467+0000] {processor.py:830} INFO - Processing file /home/airflow/.local/lib/python3.8/site-packages/airflow/example_dags/example_xcom.py for tasks to queue
[2025-03-24T23:24:25.469+0000] {logging_mixin.py:188} INFO - [2025-03-24T23:24:25.469+0000] {dagbag.py:538} INFO - Filling up the DagBag from /home/airflow/.local/lib/python3.8/site-packages/airflow/example_dags/example_xcom.py
[2025-03-24T23:24:25.476+0000] {processor.py:840} INFO - DAG(s) 'example_xcom' retrieved from /home/airflow/.local/lib/python3.8/site-packages/airflow/example_dags/example_xcom.py
[2025-03-24T23:24:25.494+0000] {logging_mixin.py:188} INFO - [2025-03-24T23:24:25.493+0000] {dag.py:3033} INFO - Sync 1 DAGs
[2025-03-24T23:24:25.510+0000] {logging_mixin.py:188} INFO - [2025-03-24T23:24:25.510+0000] {dag.py:3820} INFO - Setting next_dagrun for example_xcom to 2021-01-01T00:00:00+00:00, run_after=2021-01-01T00:00:00+00:00
[2025-03-24T23:24:25.530+0000] {processor.py:183} INFO - Processing /home/airflow/.local/lib/python3.8/site-packages/airflow/example_dags/example_xcom.py took 0.065 seconds
[2025-03-24T23:24:55.677+0000] {processor.py:161} INFO - Started process (PID=98) to work on /home/airflow/.local/lib/python3.8/site-packages/airflow/example_dags/example_xcom.py
[2025-03-24T23:24:55.678+0000] {processor.py:830} INFO - Processing file /home/airflow/.local/lib/python3.8/site-packages/airflow/example_dags/example_xcom.py for tasks to queue
[2025-03-24T23:24:55.679+0000] {logging_mixin.py:188} INFO - [2025-03-24T23:24:55.679+0000] {dagbag.py:538} INFO - Filling up the DagBag from /home/airflow/.local/lib/python3.8/site-packages/airflow/example_dags/example_xcom.py
[2025-03-24T23:24:55.682+0000] {processor.py:840} INFO - DAG(s) 'example_xcom' retrieved from /home/airflow/.local/lib/python3.8/site-packages/airflow/example_dags/example_xcom.py
[2025-03-24T23:24:55.725+0000] {logging_mixin.py:188} INFO - [2025-03-24T23:24:55.725+0000] {dag.py:3033} INFO - Sync 1 DAGs
[2025-03-24T23:24:55.734+0000] {logging_mixin.py:188} INFO - [2025-03-24T23:24:55.733+0000] {dag.py:3820} INFO - Setting next_dagrun for example_xcom to 2021-01-01T00:00:00+00:00, run_after=2021-01-01T00:00:00+00:00
[2025-03-24T23:24:55.744+0000] {processor.py:183} INFO - Processing /home/airflow/.local/lib/python3.8/site-packages/airflow/example_dags/example_xcom.py took 0.068 seconds
[2025-03-24T23:25:25.928+0000] {processor.py:161} INFO - Started process (PID=153) to work on /home/airflow/.local/lib/python3.8/site-packages/airflow/example_dags/example_xcom.py
[2025-03-24T23:25:25.930+0000] {processor.py:830} INFO - Processing file /home/airflow/.local/lib/python3.8/site-packages/airflow/example_dags/example_xcom.py for tasks to queue
[2025-03-24T23:25:25.931+0000] {logging_mixin.py:188} INFO - [2025-03-24T23:25:25.931+0000] {dagbag.py:538} INFO - Filling up the DagBag from /home/airflow/.local/lib/python3.8/site-packages/airflow/example_dags/example_xcom.py
[2025-03-24T23:25:25.938+0000] {processor.py:840} INFO - DAG(s) 'example_xcom' retrieved from /home/airflow/.local/lib/python3.8/site-packages/airflow/example_dags/example_xcom.py
[2025-03-24T23:25:25.954+0000] {logging_mixin.py:188} INFO - [2025-03-24T23:25:25.954+0000] {dag.py:3033} INFO - Sync 1 DAGs
[2025-03-24T23:25:25.968+0000] {logging_mixin.py:188} INFO - [2025-03-24T23:25:25.968+0000] {dag.py:3820} INFO - Setting next_dagrun for example_xcom to 2021-01-01T00:00:00+00:00, run_after=2021-01-01T00:00:00+00:00
[2025-03-24T23:25:25.979+0000] {processor.py:183} INFO - Processing /home/airflow/.local/lib/python3.8/site-packages/airflow/example_dags/example_xcom.py took 0.053 seconds
[2025-03-24T23:25:56.586+0000] {processor.py:161} INFO - Started process (PID=208) to work on /home/airflow/.local/lib/python3.8/site-packages/airflow/example_dags/example_xcom.py
[2025-03-24T23:25:56.588+0000] {processor.py:830} INFO - Processing file /home/airflow/.local/lib/python3.8/site-packages/airflow/example_dags/example_xcom.py for tasks to queue
[2025-03-24T23:25:56.591+0000] {logging_mixin.py:188} INFO - [2025-03-24T23:25:56.591+0000] {dagbag.py:538} INFO - Filling up the DagBag from /home/airflow/.local/lib/python3.8/site-packages/airflow/example_dags/example_xcom.py
[2025-03-24T23:25:56.597+0000] {processor.py:840} INFO - DAG(s) 'example_xcom' retrieved from /home/airflow/.local/lib/python3.8/site-packages/airflow/example_dags/example_xcom.py
[2025-03-24T23:25:56.610+0000] {logging_mixin.py:188} INFO - [2025-03-24T23:25:56.610+0000] {dag.py:3033} INFO - Sync 1 DAGs
[2025-03-24T23:25:56.625+0000] {logging_mixin.py:188} INFO - [2025-03-24T23:25:56.625+0000] {dag.py:3820} INFO - Setting next_dagrun for example_xcom to 2021-01-01T00:00:00+00:00, run_after=2021-01-01T00:00:00+00:00
[2025-03-24T23:25:56.633+0000] {processor.py:183} INFO - Processing /home/airflow/.local/lib/python3.8/site-packages/airflow/example_dags/example_xcom.py took 0.050 seconds
[2025-03-24T23:26:27.116+0000] {processor.py:161} INFO - Started process (PID=263) to work on /home/airflow/.local/lib/python3.8/site-packages/airflow/example_dags/example_xcom.py
[2025-03-24T23:26:27.118+0000] {processor.py:830} INFO - Processing file /home/airflow/.local/lib/python3.8/site-packages/airflow/example_dags/example_xcom.py for tasks to queue
[2025-03-24T23:26:27.123+0000] {logging_mixin.py:188} INFO - [2025-03-24T23:26:27.122+0000] {dagbag.py:538} INFO - Filling up the DagBag from /home/airflow/.local/lib/python3.8/site-packages/airflow/example_dags/example_xcom.py
[2025-03-24T23:26:27.130+0000] {processor.py:840} INFO - DAG(s) 'example_xcom' retrieved from /home/airflow/.local/lib/python3.8/site-packages/airflow/example_dags/example_xcom.py
[2025-03-24T23:26:27.149+0000] {logging_mixin.py:188} INFO - [2025-03-24T23:26:27.149+0000] {dag.py:3033} INFO - Sync 1 DAGs
[2025-03-24T23:26:27.185+0000] {logging_mixin.py:188} INFO - [2025-03-24T23:26:27.185+0000] {dag.py:3820} INFO - Setting next_dagrun for example_xcom to 2021-01-01T00:00:00+00:00, run_after=2021-01-01T00:00:00+00:00
[2025-03-24T23:26:27.205+0000] {processor.py:183} INFO - Processing /home/airflow/.local/lib/python3.8/site-packages/airflow/example_dags/example_xcom.py took 0.093 seconds
[2025-03-24T23:26:57.882+0000] {processor.py:161} INFO - Started process (PID=318) to work on /home/airflow/.local/lib/python3.8/site-packages/airflow/example_dags/example_xcom.py
[2025-03-24T23:26:57.884+0000] {processor.py:830} INFO - Processing file /home/airflow/.local/lib/python3.8/site-packages/airflow/example_dags/example_xcom.py for tasks to queue
[2025-03-24T23:26:57.887+0000] {logging_mixin.py:188} INFO - [2025-03-24T23:26:57.887+0000] {dagbag.py:538} INFO - Filling up the DagBag from /home/airflow/.local/lib/python3.8/site-packages/airflow/example_dags/example_xcom.py
[2025-03-24T23:26:57.898+0000] {processor.py:840} INFO - DAG(s) 'example_xcom' retrieved from /home/airflow/.local/lib/python3.8/site-packages/airflow/example_dags/example_xcom.py
[2025-03-24T23:26:57.917+0000] {logging_mixin.py:188} INFO - [2025-03-24T23:26:57.916+0000] {dag.py:3033} INFO - Sync 1 DAGs
[2025-03-24T23:26:57.931+0000] {logging_mixin.py:188} INFO - [2025-03-24T23:26:57.931+0000] {dag.py:3820} INFO - Setting next_dagrun for example_xcom to 2021-01-01T00:00:00+00:00, run_after=2021-01-01T00:00:00+00:00
[2025-03-24T23:26:57.941+0000] {processor.py:183} INFO - Processing /home/airflow/.local/lib/python3.8/site-packages/airflow/example_dags/example_xcom.py took 0.065 seconds
[2025-03-24T23:27:28.470+0000] {processor.py:161} INFO - Started process (PID=373) to work on /home/airflow/.local/lib/python3.8/site-packages/airflow/example_dags/example_xcom.py
[2025-03-24T23:27:28.473+0000] {processor.py:830} INFO - Processing file /home/airflow/.local/lib/python3.8/site-packages/airflow/example_dags/example_xcom.py for tasks to queue
[2025-03-24T23:27:28.479+0000] {logging_mixin.py:188} INFO - [2025-03-24T23:27:28.478+0000] {dagbag.py:538} INFO - Filling up the DagBag from /home/airflow/.local/lib/python3.8/site-packages/airflow/example_dags/example_xcom.py
[2025-03-24T23:27:28.491+0000] {processor.py:840} INFO - DAG(s) 'example_xcom' retrieved from /home/airflow/.local/lib/python3.8/site-packages/airflow/example_dags/example_xcom.py
[2025-03-24T23:27:28.511+0000] {logging_mixin.py:188} INFO - [2025-03-24T23:27:28.511+0000] {dag.py:3033} INFO - Sync 1 DAGs
[2025-03-24T23:27:28.530+0000] {logging_mixin.py:188} INFO - [2025-03-24T23:27:28.530+0000] {dag.py:3820} INFO - Setting next_dagrun for example_xcom to 2021-01-01T00:00:00+00:00, run_after=2021-01-01T00:00:00+00:00
[2025-03-24T23:27:28.545+0000] {processor.py:183} INFO - Processing /home/airflow/.local/lib/python3.8/site-packages/airflow/example_dags/example_xcom.py took 0.085 seconds
[2025-03-24T23:27:59.088+0000] {processor.py:161} INFO - Started process (PID=434) to work on /home/airflow/.local/lib/python3.8/site-packages/airflow/example_dags/example_xcom.py
[2025-03-24T23:27:59.093+0000] {processor.py:830} INFO - Processing file /home/airflow/.local/lib/python3.8/site-packages/airflow/example_dags/example_xcom.py for tasks to queue
[2025-03-24T23:27:59.095+0000] {logging_mixin.py:188} INFO - [2025-03-24T23:27:59.095+0000] {dagbag.py:538} INFO - Filling up the DagBag from /home/airflow/.local/lib/python3.8/site-packages/airflow/example_dags/example_xcom.py
[2025-03-24T23:27:59.104+0000] {processor.py:840} INFO - DAG(s) 'example_xcom' retrieved from /home/airflow/.local/lib/python3.8/site-packages/airflow/example_dags/example_xcom.py
[2025-03-24T23:27:59.117+0000] {logging_mixin.py:188} INFO - [2025-03-24T23:27:59.117+0000] {dag.py:3033} INFO - Sync 1 DAGs
[2025-03-24T23:27:59.131+0000] {logging_mixin.py:188} INFO - [2025-03-24T23:27:59.131+0000] {dag.py:3820} INFO - Setting next_dagrun for example_xcom to 2021-01-01T00:00:00+00:00, run_after=2021-01-01T00:00:00+00:00
[2025-03-24T23:27:59.141+0000] {processor.py:183} INFO - Processing /home/airflow/.local/lib/python3.8/site-packages/airflow/example_dags/example_xcom.py took 0.055 seconds
[2025-03-24T23:28:29.882+0000] {processor.py:161} INFO - Started process (PID=489) to work on /home/airflow/.local/lib/python3.8/site-packages/airflow/example_dags/example_xcom.py
[2025-03-24T23:28:29.883+0000] {processor.py:830} INFO - Processing file /home/airflow/.local/lib/python3.8/site-packages/airflow/example_dags/example_xcom.py for tasks to queue
[2025-03-24T23:28:29.887+0000] {logging_mixin.py:188} INFO - [2025-03-24T23:28:29.887+0000] {dagbag.py:538} INFO - Filling up the DagBag from /home/airflow/.local/lib/python3.8/site-packages/airflow/example_dags/example_xcom.py
[2025-03-24T23:28:29.901+0000] {processor.py:840} INFO - DAG(s) 'example_xcom' retrieved from /home/airflow/.local/lib/python3.8/site-packages/airflow/example_dags/example_xcom.py
[2025-03-24T23:28:29.926+0000] {logging_mixin.py:188} INFO - [2025-03-24T23:28:29.926+0000] {dag.py:3033} INFO - Sync 1 DAGs
[2025-03-24T23:28:29.943+0000] {logging_mixin.py:188} INFO - [2025-03-24T23:28:29.943+0000] {dag.py:3820} INFO - Setting next_dagrun for example_xcom to 2021-01-01T00:00:00+00:00, run_after=2021-01-01T00:00:00+00:00
[2025-03-24T23:28:29.957+0000] {processor.py:183} INFO - Processing /home/airflow/.local/lib/python3.8/site-packages/airflow/example_dags/example_xcom.py took 0.083 seconds
[2025-03-24T23:29:00.599+0000] {processor.py:161} INFO - Started process (PID=544) to work on /home/airflow/.local/lib/python3.8/site-packages/airflow/example_dags/example_xcom.py
[2025-03-24T23:29:00.601+0000] {processor.py:830} INFO - Processing file /home/airflow/.local/lib/python3.8/site-packages/airflow/example_dags/example_xcom.py for tasks to queue
[2025-03-24T23:29:00.603+0000] {logging_mixin.py:188} INFO - [2025-03-24T23:29:00.603+0000] {dagbag.py:538} INFO - Filling up the DagBag from /home/airflow/.local/lib/python3.8/site-packages/airflow/example_dags/example_xcom.py
[2025-03-24T23:29:00.613+0000] {processor.py:840} INFO - DAG(s) 'example_xcom' retrieved from /home/airflow/.local/lib/python3.8/site-packages/airflow/example_dags/example_xcom.py
[2025-03-24T23:29:00.635+0000] {logging_mixin.py:188} INFO - [2025-03-24T23:29:00.634+0000] {dag.py:3033} INFO - Sync 1 DAGs
[2025-03-24T23:29:00.656+0000] {logging_mixin.py:188} INFO - [2025-03-24T23:29:00.656+0000] {dag.py:3820} INFO - Setting next_dagrun for example_xcom to 2021-01-01T00:00:00+00:00, run_after=2021-01-01T00:00:00+00:00
[2025-03-24T23:29:00.671+0000] {processor.py:183} INFO - Processing /home/airflow/.local/lib/python3.8/site-packages/airflow/example_dags/example_xcom.py took 0.078 seconds
[2025-03-24T23:29:31.314+0000] {processor.py:161} INFO - Started process (PID=599) to work on /home/airflow/.local/lib/python3.8/site-packages/airflow/example_dags/example_xcom.py
[2025-03-24T23:29:31.318+0000] {processor.py:830} INFO - Processing file /home/airflow/.local/lib/python3.8/site-packages/airflow/example_dags/example_xcom.py for tasks to queue
[2025-03-24T23:29:31.324+0000] {logging_mixin.py:188} INFO - [2025-03-24T23:29:31.323+0000] {dagbag.py:538} INFO - Filling up the DagBag from /home/airflow/.local/lib/python3.8/site-packages/airflow/example_dags/example_xcom.py
[2025-03-24T23:29:31.338+0000] {processor.py:840} INFO - DAG(s) 'example_xcom' retrieved from /home/airflow/.local/lib/python3.8/site-packages/airflow/example_dags/example_xcom.py
[2025-03-24T23:29:31.361+0000] {logging_mixin.py:188} INFO - [2025-03-24T23:29:31.361+0000] {dag.py:3033} INFO - Sync 1 DAGs
[2025-03-24T23:29:31.382+0000] {logging_mixin.py:188} INFO - [2025-03-24T23:29:31.382+0000] {dag.py:3820} INFO - Setting next_dagrun for example_xcom to 2021-01-01T00:00:00+00:00, run_after=2021-01-01T00:00:00+00:00
[2025-03-24T23:29:31.395+0000] {processor.py:183} INFO - Processing /home/airflow/.local/lib/python3.8/site-packages/airflow/example_dags/example_xcom.py took 0.084 seconds
[2025-03-24T23:30:02.090+0000] {processor.py:161} INFO - Started process (PID=654) to work on /home/airflow/.local/lib/python3.8/site-packages/airflow/example_dags/example_xcom.py
[2025-03-24T23:30:02.092+0000] {processor.py:830} INFO - Processing file /home/airflow/.local/lib/python3.8/site-packages/airflow/example_dags/example_xcom.py for tasks to queue
[2025-03-24T23:30:02.094+0000] {logging_mixin.py:188} INFO - [2025-03-24T23:30:02.094+0000] {dagbag.py:538} INFO - Filling up the DagBag from /home/airflow/.local/lib/python3.8/site-packages/airflow/example_dags/example_xcom.py
[2025-03-24T23:30:02.103+0000] {processor.py:840} INFO - DAG(s) 'example_xcom' retrieved from /home/airflow/.local/lib/python3.8/site-packages/airflow/example_dags/example_xcom.py
[2025-03-24T23:30:02.124+0000] {logging_mixin.py:188} INFO - [2025-03-24T23:30:02.123+0000] {dag.py:3033} INFO - Sync 1 DAGs
[2025-03-24T23:30:02.139+0000] {logging_mixin.py:188} INFO - [2025-03-24T23:30:02.139+0000] {dag.py:3820} INFO - Setting next_dagrun for example_xcom to 2021-01-01T00:00:00+00:00, run_after=2021-01-01T00:00:00+00:00
[2025-03-24T23:30:02.152+0000] {processor.py:183} INFO - Processing /home/airflow/.local/lib/python3.8/site-packages/airflow/example_dags/example_xcom.py took 0.066 seconds
[2025-03-24T23:30:32.686+0000] {processor.py:161} INFO - Started process (PID=709) to work on /home/airflow/.local/lib/python3.8/site-packages/airflow/example_dags/example_xcom.py
[2025-03-24T23:30:32.687+0000] {processor.py:830} INFO - Processing file /home/airflow/.local/lib/python3.8/site-packages/airflow/example_dags/example_xcom.py for tasks to queue
[2025-03-24T23:30:32.692+0000] {logging_mixin.py:188} INFO - [2025-03-24T23:30:32.692+0000] {dagbag.py:538} INFO - Filling up the DagBag from /home/airflow/.local/lib/python3.8/site-packages/airflow/example_dags/example_xcom.py
[2025-03-24T23:30:32.699+0000] {processor.py:840} INFO - DAG(s) 'example_xcom' retrieved from /home/airflow/.local/lib/python3.8/site-packages/airflow/example_dags/example_xcom.py
[2025-03-24T23:30:32.713+0000] {logging_mixin.py:188} INFO - [2025-03-24T23:30:32.713+0000] {dag.py:3033} INFO - Sync 1 DAGs
[2025-03-24T23:30:32.727+0000] {logging_mixin.py:188} INFO - [2025-03-24T23:30:32.727+0000] {dag.py:3820} INFO - Setting next_dagrun for example_xcom to 2021-01-01T00:00:00+00:00, run_after=2021-01-01T00:00:00+00:00
[2025-03-24T23:30:32.736+0000] {processor.py:183} INFO - Processing /home/airflow/.local/lib/python3.8/site-packages/airflow/example_dags/example_xcom.py took 0.055 seconds
[2025-03-24T23:31:03.215+0000] {processor.py:161} INFO - Started process (PID=764) to work on /home/airflow/.local/lib/python3.8/site-packages/airflow/example_dags/example_xcom.py
[2025-03-24T23:31:03.217+0000] {processor.py:830} INFO - Processing file /home/airflow/.local/lib/python3.8/site-packages/airflow/example_dags/example_xcom.py for tasks to queue
[2025-03-24T23:31:03.220+0000] {logging_mixin.py:188} INFO - [2025-03-24T23:31:03.220+0000] {dagbag.py:538} INFO - Filling up the DagBag from /home/airflow/.local/lib/python3.8/site-packages/airflow/example_dags/example_xcom.py
[2025-03-24T23:31:03.229+0000] {processor.py:840} INFO - DAG(s) 'example_xcom' retrieved from /home/airflow/.local/lib/python3.8/site-packages/airflow/example_dags/example_xcom.py
[2025-03-24T23:31:03.256+0000] {logging_mixin.py:188} INFO - [2025-03-24T23:31:03.256+0000] {dag.py:3033} INFO - Sync 1 DAGs
[2025-03-24T23:31:03.278+0000] {logging_mixin.py:188} INFO - [2025-03-24T23:31:03.278+0000] {dag.py:3820} INFO - Setting next_dagrun for example_xcom to 2021-01-01T00:00:00+00:00, run_after=2021-01-01T00:00:00+00:00
[2025-03-24T23:31:03.290+0000] {processor.py:183} INFO - Processing /home/airflow/.local/lib/python3.8/site-packages/airflow/example_dags/example_xcom.py took 0.080 seconds
[2025-03-24T23:31:33.376+0000] {processor.py:161} INFO - Started process (PID=819) to work on /home/airflow/.local/lib/python3.8/site-packages/airflow/example_dags/example_xcom.py
[2025-03-24T23:31:33.379+0000] {processor.py:830} INFO - Processing file /home/airflow/.local/lib/python3.8/site-packages/airflow/example_dags/example_xcom.py for tasks to queue
[2025-03-24T23:31:33.381+0000] {logging_mixin.py:188} INFO - [2025-03-24T23:31:33.381+0000] {dagbag.py:538} INFO - Filling up the DagBag from /home/airflow/.local/lib/python3.8/site-packages/airflow/example_dags/example_xcom.py
[2025-03-24T23:31:33.387+0000] {processor.py:840} INFO - DAG(s) 'example_xcom' retrieved from /home/airflow/.local/lib/python3.8/site-packages/airflow/example_dags/example_xcom.py
[2025-03-24T23:31:33.401+0000] {logging_mixin.py:188} INFO - [2025-03-24T23:31:33.401+0000] {dag.py:3033} INFO - Sync 1 DAGs
[2025-03-24T23:31:33.415+0000] {logging_mixin.py:188} INFO - [2025-03-24T23:31:33.414+0000] {dag.py:3820} INFO - Setting next_dagrun for example_xcom to 2021-01-01T00:00:00+00:00, run_after=2021-01-01T00:00:00+00:00
[2025-03-24T23:31:33.424+0000] {processor.py:183} INFO - Processing /home/airflow/.local/lib/python3.8/site-packages/airflow/example_dags/example_xcom.py took 0.051 seconds
[2025-03-24T23:32:03.864+0000] {processor.py:161} INFO - Started process (PID=874) to work on /home/airflow/.local/lib/python3.8/site-packages/airflow/example_dags/example_xcom.py
[2025-03-24T23:32:03.866+0000] {processor.py:830} INFO - Processing file /home/airflow/.local/lib/python3.8/site-packages/airflow/example_dags/example_xcom.py for tasks to queue
[2025-03-24T23:32:03.869+0000] {logging_mixin.py:188} INFO - [2025-03-24T23:32:03.868+0000] {dagbag.py:538} INFO - Filling up the DagBag from /home/airflow/.local/lib/python3.8/site-packages/airflow/example_dags/example_xcom.py
[2025-03-24T23:32:03.876+0000] {processor.py:840} INFO - DAG(s) 'example_xcom' retrieved from /home/airflow/.local/lib/python3.8/site-packages/airflow/example_dags/example_xcom.py
[2025-03-24T23:32:03.893+0000] {logging_mixin.py:188} INFO - [2025-03-24T23:32:03.893+0000] {dag.py:3033} INFO - Sync 1 DAGs
[2025-03-24T23:32:03.909+0000] {logging_mixin.py:188} INFO - [2025-03-24T23:32:03.909+0000] {dag.py:3820} INFO - Setting next_dagrun for example_xcom to 2021-01-01T00:00:00+00:00, run_after=2021-01-01T00:00:00+00:00
[2025-03-24T23:32:03.919+0000] {processor.py:183} INFO - Processing /home/airflow/.local/lib/python3.8/site-packages/airflow/example_dags/example_xcom.py took 0.060 seconds
[2025-03-24T23:32:33.950+0000] {processor.py:161} INFO - Started process (PID=929) to work on /home/airflow/.local/lib/python3.8/site-packages/airflow/example_dags/example_xcom.py
[2025-03-24T23:32:33.954+0000] {processor.py:830} INFO - Processing file /home/airflow/.local/lib/python3.8/site-packages/airflow/example_dags/example_xcom.py for tasks to queue
[2025-03-24T23:32:33.955+0000] {logging_mixin.py:188} INFO - [2025-03-24T23:32:33.955+0000] {dagbag.py:538} INFO - Filling up the DagBag from /home/airflow/.local/lib/python3.8/site-packages/airflow/example_dags/example_xcom.py
[2025-03-24T23:32:33.961+0000] {processor.py:840} INFO - DAG(s) 'example_xcom' retrieved from /home/airflow/.local/lib/python3.8/site-packages/airflow/example_dags/example_xcom.py
[2025-03-24T23:32:33.975+0000] {logging_mixin.py:188} INFO - [2025-03-24T23:32:33.975+0000] {dag.py:3033} INFO - Sync 1 DAGs
[2025-03-24T23:32:33.993+0000] {logging_mixin.py:188} INFO - [2025-03-24T23:32:33.993+0000] {dag.py:3820} INFO - Setting next_dagrun for example_xcom to 2021-01-01T00:00:00+00:00, run_after=2021-01-01T00:00:00+00:00
[2025-03-24T23:32:34.005+0000] {processor.py:183} INFO - Processing /home/airflow/.local/lib/python3.8/site-packages/airflow/example_dags/example_xcom.py took 0.057 seconds
[2025-03-24T23:33:04.568+0000] {processor.py:161} INFO - Started process (PID=984) to work on /home/airflow/.local/lib/python3.8/site-packages/airflow/example_dags/example_xcom.py
[2025-03-24T23:33:04.571+0000] {processor.py:830} INFO - Processing file /home/airflow/.local/lib/python3.8/site-packages/airflow/example_dags/example_xcom.py for tasks to queue
[2025-03-24T23:33:04.573+0000] {logging_mixin.py:188} INFO - [2025-03-24T23:33:04.572+0000] {dagbag.py:538} INFO - Filling up the DagBag from /home/airflow/.local/lib/python3.8/site-packages/airflow/example_dags/example_xcom.py
[2025-03-24T23:33:04.578+0000] {processor.py:840} INFO - DAG(s) 'example_xcom' retrieved from /home/airflow/.local/lib/python3.8/site-packages/airflow/example_dags/example_xcom.py
[2025-03-24T23:33:04.596+0000] {logging_mixin.py:188} INFO - [2025-03-24T23:33:04.596+0000] {dag.py:3033} INFO - Sync 1 DAGs
[2025-03-24T23:33:04.614+0000] {logging_mixin.py:188} INFO - [2025-03-24T23:33:04.614+0000] {dag.py:3820} INFO - Setting next_dagrun for example_xcom to 2021-01-01T00:00:00+00:00, run_after=2021-01-01T00:00:00+00:00
[2025-03-24T23:33:04.624+0000] {processor.py:183} INFO - Processing /home/airflow/.local/lib/python3.8/site-packages/airflow/example_dags/example_xcom.py took 0.059 seconds
[2025-03-24T23:33:35.246+0000] {processor.py:161} INFO - Started process (PID=1039) to work on /home/airflow/.local/lib/python3.8/site-packages/airflow/example_dags/example_xcom.py
[2025-03-24T23:33:35.246+0000] {processor.py:830} INFO - Processing file /home/airflow/.local/lib/python3.8/site-packages/airflow/example_dags/example_xcom.py for tasks to queue
[2025-03-24T23:33:35.248+0000] {logging_mixin.py:188} INFO - [2025-03-24T23:33:35.248+0000] {dagbag.py:538} INFO - Filling up the DagBag from /home/airflow/.local/lib/python3.8/site-packages/airflow/example_dags/example_xcom.py
[2025-03-24T23:33:35.255+0000] {processor.py:840} INFO - DAG(s) 'example_xcom' retrieved from /home/airflow/.local/lib/python3.8/site-packages/airflow/example_dags/example_xcom.py
[2025-03-24T23:33:35.269+0000] {logging_mixin.py:188} INFO - [2025-03-24T23:33:35.269+0000] {dag.py:3033} INFO - Sync 1 DAGs
[2025-03-24T23:33:35.280+0000] {logging_mixin.py:188} INFO - [2025-03-24T23:33:35.280+0000] {dag.py:3820} INFO - Setting next_dagrun for example_xcom to 2021-01-01T00:00:00+00:00, run_after=2021-01-01T00:00:00+00:00
[2025-03-24T23:33:35.288+0000] {processor.py:183} INFO - Processing /home/airflow/.local/lib/python3.8/site-packages/airflow/example_dags/example_xcom.py took 0.045 seconds
[2025-03-24T23:34:05.736+0000] {processor.py:161} INFO - Started process (PID=1094) to work on /home/airflow/.local/lib/python3.8/site-packages/airflow/example_dags/example_xcom.py
[2025-03-24T23:34:05.740+0000] {processor.py:830} INFO - Processing file /home/airflow/.local/lib/python3.8/site-packages/airflow/example_dags/example_xcom.py for tasks to queue
[2025-03-24T23:34:05.743+0000] {logging_mixin.py:188} INFO - [2025-03-24T23:34:05.743+0000] {dagbag.py:538} INFO - Filling up the DagBag from /home/airflow/.local/lib/python3.8/site-packages/airflow/example_dags/example_xcom.py
[2025-03-24T23:34:05.752+0000] {processor.py:840} INFO - DAG(s) 'example_xcom' retrieved from /home/airflow/.local/lib/python3.8/site-packages/airflow/example_dags/example_xcom.py
[2025-03-24T23:34:05.772+0000] {logging_mixin.py:188} INFO - [2025-03-24T23:34:05.772+0000] {dag.py:3033} INFO - Sync 1 DAGs
[2025-03-24T23:34:05.787+0000] {logging_mixin.py:188} INFO - [2025-03-24T23:34:05.787+0000] {dag.py:3820} INFO - Setting next_dagrun for example_xcom to 2021-01-01T00:00:00+00:00, run_after=2021-01-01T00:00:00+00:00
[2025-03-24T23:34:05.797+0000] {processor.py:183} INFO - Processing /home/airflow/.local/lib/python3.8/site-packages/airflow/example_dags/example_xcom.py took 0.066 seconds
[2025-03-24T23:34:36.337+0000] {processor.py:161} INFO - Started process (PID=1149) to work on /home/airflow/.local/lib/python3.8/site-packages/airflow/example_dags/example_xcom.py
[2025-03-24T23:34:36.339+0000] {processor.py:830} INFO - Processing file /home/airflow/.local/lib/python3.8/site-packages/airflow/example_dags/example_xcom.py for tasks to queue
[2025-03-24T23:34:36.341+0000] {logging_mixin.py:188} INFO - [2025-03-24T23:34:36.341+0000] {dagbag.py:538} INFO - Filling up the DagBag from /home/airflow/.local/lib/python3.8/site-packages/airflow/example_dags/example_xcom.py
[2025-03-24T23:34:36.349+0000] {processor.py:840} INFO - DAG(s) 'example_xcom' retrieved from /home/airflow/.local/lib/python3.8/site-packages/airflow/example_dags/example_xcom.py
[2025-03-24T23:34:36.363+0000] {logging_mixin.py:188} INFO - [2025-03-24T23:34:36.362+0000] {dag.py:3033} INFO - Sync 1 DAGs
[2025-03-24T23:34:36.375+0000] {logging_mixin.py:188} INFO - [2025-03-24T23:34:36.375+0000] {dag.py:3820} INFO - Setting next_dagrun for example_xcom to 2021-01-01T00:00:00+00:00, run_after=2021-01-01T00:00:00+00:00
[2025-03-24T23:34:36.385+0000] {processor.py:183} INFO - Processing /home/airflow/.local/lib/python3.8/site-packages/airflow/example_dags/example_xcom.py took 0.053 seconds
[2025-03-24T23:35:06.423+0000] {processor.py:161} INFO - Started process (PID=1204) to work on /home/airflow/.local/lib/python3.8/site-packages/airflow/example_dags/example_xcom.py
[2025-03-24T23:35:06.425+0000] {processor.py:830} INFO - Processing file /home/airflow/.local/lib/python3.8/site-packages/airflow/example_dags/example_xcom.py for tasks to queue
[2025-03-24T23:35:06.431+0000] {logging_mixin.py:188} INFO - [2025-03-24T23:35:06.431+0000] {dagbag.py:538} INFO - Filling up the DagBag from /home/airflow/.local/lib/python3.8/site-packages/airflow/example_dags/example_xcom.py
[2025-03-24T23:35:06.438+0000] {processor.py:840} INFO - DAG(s) 'example_xcom' retrieved from /home/airflow/.local/lib/python3.8/site-packages/airflow/example_dags/example_xcom.py
[2025-03-24T23:35:06.455+0000] {logging_mixin.py:188} INFO - [2025-03-24T23:35:06.454+0000] {dag.py:3033} INFO - Sync 1 DAGs
[2025-03-24T23:35:06.472+0000] {logging_mixin.py:188} INFO - [2025-03-24T23:35:06.472+0000] {dag.py:3820} INFO - Setting next_dagrun for example_xcom to 2021-01-01T00:00:00+00:00, run_after=2021-01-01T00:00:00+00:00
[2025-03-24T23:35:06.485+0000] {processor.py:183} INFO - Processing /home/airflow/.local/lib/python3.8/site-packages/airflow/example_dags/example_xcom.py took 0.067 seconds
[2025-03-24T23:35:37.316+0000] {processor.py:161} INFO - Started process (PID=1259) to work on /home/airflow/.local/lib/python3.8/site-packages/airflow/example_dags/example_xcom.py
[2025-03-24T23:35:37.317+0000] {processor.py:830} INFO - Processing file /home/airflow/.local/lib/python3.8/site-packages/airflow/example_dags/example_xcom.py for tasks to queue
[2025-03-24T23:35:37.320+0000] {logging_mixin.py:188} INFO - [2025-03-24T23:35:37.320+0000] {dagbag.py:538} INFO - Filling up the DagBag from /home/airflow/.local/lib/python3.8/site-packages/airflow/example_dags/example_xcom.py
[2025-03-24T23:35:37.328+0000] {processor.py:840} INFO - DAG(s) 'example_xcom' retrieved from /home/airflow/.local/lib/python3.8/site-packages/airflow/example_dags/example_xcom.py
[2025-03-24T23:35:37.353+0000] {logging_mixin.py:188} INFO - [2025-03-24T23:35:37.353+0000] {dag.py:3033} INFO - Sync 1 DAGs
[2025-03-24T23:35:37.373+0000] {logging_mixin.py:188} INFO - [2025-03-24T23:35:37.373+0000] {dag.py:3820} INFO - Setting next_dagrun for example_xcom to 2021-01-01T00:00:00+00:00, run_after=2021-01-01T00:00:00+00:00
[2025-03-24T23:35:37.386+0000] {processor.py:183} INFO - Processing /home/airflow/.local/lib/python3.8/site-packages/airflow/example_dags/example_xcom.py took 0.075 seconds
[2025-03-24T23:36:08.090+0000] {processor.py:161} INFO - Started process (PID=1314) to work on /home/airflow/.local/lib/python3.8/site-packages/airflow/example_dags/example_xcom.py
[2025-03-24T23:36:08.094+0000] {processor.py:830} INFO - Processing file /home/airflow/.local/lib/python3.8/site-packages/airflow/example_dags/example_xcom.py for tasks to queue
[2025-03-24T23:36:08.097+0000] {logging_mixin.py:188} INFO - [2025-03-24T23:36:08.097+0000] {dagbag.py:538} INFO - Filling up the DagBag from /home/airflow/.local/lib/python3.8/site-packages/airflow/example_dags/example_xcom.py
[2025-03-24T23:36:08.103+0000] {processor.py:840} INFO - DAG(s) 'example_xcom' retrieved from /home/airflow/.local/lib/python3.8/site-packages/airflow/example_dags/example_xcom.py
[2025-03-24T23:36:08.115+0000] {logging_mixin.py:188} INFO - [2025-03-24T23:36:08.115+0000] {dag.py:3033} INFO - Sync 1 DAGs
[2025-03-24T23:36:08.126+0000] {logging_mixin.py:188} INFO - [2025-03-24T23:36:08.126+0000] {dag.py:3820} INFO - Setting next_dagrun for example_xcom to 2021-01-01T00:00:00+00:00, run_after=2021-01-01T00:00:00+00:00
[2025-03-24T23:36:08.138+0000] {processor.py:183} INFO - Processing /home/airflow/.local/lib/python3.8/site-packages/airflow/example_dags/example_xcom.py took 0.050 seconds
[2025-03-24T23:36:38.734+0000] {processor.py:161} INFO - Started process (PID=1369) to work on /home/airflow/.local/lib/python3.8/site-packages/airflow/example_dags/example_xcom.py
[2025-03-24T23:36:38.739+0000] {processor.py:830} INFO - Processing file /home/airflow/.local/lib/python3.8/site-packages/airflow/example_dags/example_xcom.py for tasks to queue
[2025-03-24T23:36:38.743+0000] {logging_mixin.py:188} INFO - [2025-03-24T23:36:38.742+0000] {dagbag.py:538} INFO - Filling up the DagBag from /home/airflow/.local/lib/python3.8/site-packages/airflow/example_dags/example_xcom.py
[2025-03-24T23:36:38.754+0000] {processor.py:840} INFO - DAG(s) 'example_xcom' retrieved from /home/airflow/.local/lib/python3.8/site-packages/airflow/example_dags/example_xcom.py
[2025-03-24T23:36:38.770+0000] {logging_mixin.py:188} INFO - [2025-03-24T23:36:38.770+0000] {dag.py:3033} INFO - Sync 1 DAGs
[2025-03-24T23:36:38.788+0000] {logging_mixin.py:188} INFO - [2025-03-24T23:36:38.788+0000] {dag.py:3820} INFO - Setting next_dagrun for example_xcom to 2021-01-01T00:00:00+00:00, run_after=2021-01-01T00:00:00+00:00
[2025-03-24T23:36:38.799+0000] {processor.py:183} INFO - Processing /home/airflow/.local/lib/python3.8/site-packages/airflow/example_dags/example_xcom.py took 0.070 seconds
[2025-03-24T23:37:09.530+0000] {processor.py:161} INFO - Started process (PID=1424) to work on /home/airflow/.local/lib/python3.8/site-packages/airflow/example_dags/example_xcom.py
[2025-03-24T23:37:09.532+0000] {processor.py:830} INFO - Processing file /home/airflow/.local/lib/python3.8/site-packages/airflow/example_dags/example_xcom.py for tasks to queue
[2025-03-24T23:37:09.536+0000] {logging_mixin.py:188} INFO - [2025-03-24T23:37:09.536+0000] {dagbag.py:538} INFO - Filling up the DagBag from /home/airflow/.local/lib/python3.8/site-packages/airflow/example_dags/example_xcom.py
[2025-03-24T23:37:09.547+0000] {processor.py:840} INFO - DAG(s) 'example_xcom' retrieved from /home/airflow/.local/lib/python3.8/site-packages/airflow/example_dags/example_xcom.py
[2025-03-24T23:37:09.569+0000] {logging_mixin.py:188} INFO - [2025-03-24T23:37:09.569+0000] {dag.py:3033} INFO - Sync 1 DAGs
[2025-03-24T23:37:09.586+0000] {logging_mixin.py:188} INFO - [2025-03-24T23:37:09.586+0000] {dag.py:3820} INFO - Setting next_dagrun for example_xcom to 2021-01-01T00:00:00+00:00, run_after=2021-01-01T00:00:00+00:00
[2025-03-24T23:37:09.599+0000] {processor.py:183} INFO - Processing /home/airflow/.local/lib/python3.8/site-packages/airflow/example_dags/example_xcom.py took 0.075 seconds
[2025-03-24T23:37:40.348+0000] {processor.py:161} INFO - Started process (PID=1479) to work on /home/airflow/.local/lib/python3.8/site-packages/airflow/example_dags/example_xcom.py
[2025-03-24T23:37:40.350+0000] {processor.py:830} INFO - Processing file /home/airflow/.local/lib/python3.8/site-packages/airflow/example_dags/example_xcom.py for tasks to queue
[2025-03-24T23:37:40.355+0000] {logging_mixin.py:188} INFO - [2025-03-24T23:37:40.355+0000] {dagbag.py:538} INFO - Filling up the DagBag from /home/airflow/.local/lib/python3.8/site-packages/airflow/example_dags/example_xcom.py
[2025-03-24T23:37:40.369+0000] {processor.py:840} INFO - DAG(s) 'example_xcom' retrieved from /home/airflow/.local/lib/python3.8/site-packages/airflow/example_dags/example_xcom.py
[2025-03-24T23:37:40.393+0000] {logging_mixin.py:188} INFO - [2025-03-24T23:37:40.393+0000] {dag.py:3033} INFO - Sync 1 DAGs
[2025-03-24T23:37:40.419+0000] {logging_mixin.py:188} INFO - [2025-03-24T23:37:40.419+0000] {dag.py:3820} INFO - Setting next_dagrun for example_xcom to 2021-01-01T00:00:00+00:00, run_after=2021-01-01T00:00:00+00:00
[2025-03-24T23:37:40.436+0000] {processor.py:183} INFO - Processing /home/airflow/.local/lib/python3.8/site-packages/airflow/example_dags/example_xcom.py took 0.093 seconds
[2025-03-24T23:38:11.217+0000] {processor.py:161} INFO - Started process (PID=1534) to work on /home/airflow/.local/lib/python3.8/site-packages/airflow/example_dags/example_xcom.py
[2025-03-24T23:38:11.218+0000] {processor.py:830} INFO - Processing file /home/airflow/.local/lib/python3.8/site-packages/airflow/example_dags/example_xcom.py for tasks to queue
[2025-03-24T23:38:11.222+0000] {logging_mixin.py:188} INFO - [2025-03-24T23:38:11.221+0000] {dagbag.py:538} INFO - Filling up the DagBag from /home/airflow/.local/lib/python3.8/site-packages/airflow/example_dags/example_xcom.py
[2025-03-24T23:38:11.230+0000] {processor.py:840} INFO - DAG(s) 'example_xcom' retrieved from /home/airflow/.local/lib/python3.8/site-packages/airflow/example_dags/example_xcom.py
[2025-03-24T23:38:11.251+0000] {logging_mixin.py:188} INFO - [2025-03-24T23:38:11.251+0000] {dag.py:3033} INFO - Sync 1 DAGs
[2025-03-24T23:38:11.271+0000] {logging_mixin.py:188} INFO - [2025-03-24T23:38:11.270+0000] {dag.py:3820} INFO - Setting next_dagrun for example_xcom to 2021-01-01T00:00:00+00:00, run_after=2021-01-01T00:00:00+00:00
[2025-03-24T23:38:11.285+0000] {processor.py:183} INFO - Processing /home/airflow/.local/lib/python3.8/site-packages/airflow/example_dags/example_xcom.py took 0.072 seconds
[2025-03-24T23:38:41.958+0000] {processor.py:161} INFO - Started process (PID=1589) to work on /home/airflow/.local/lib/python3.8/site-packages/airflow/example_dags/example_xcom.py
[2025-03-24T23:38:41.959+0000] {processor.py:830} INFO - Processing file /home/airflow/.local/lib/python3.8/site-packages/airflow/example_dags/example_xcom.py for tasks to queue
[2025-03-24T23:38:41.965+0000] {logging_mixin.py:188} INFO - [2025-03-24T23:38:41.964+0000] {dagbag.py:538} INFO - Filling up the DagBag from /home/airflow/.local/lib/python3.8/site-packages/airflow/example_dags/example_xcom.py
[2025-03-24T23:38:41.971+0000] {processor.py:840} INFO - DAG(s) 'example_xcom' retrieved from /home/airflow/.local/lib/python3.8/site-packages/airflow/example_dags/example_xcom.py
[2025-03-24T23:38:41.983+0000] {logging_mixin.py:188} INFO - [2025-03-24T23:38:41.983+0000] {dag.py:3033} INFO - Sync 1 DAGs
[2025-03-24T23:38:41.995+0000] {logging_mixin.py:188} INFO - [2025-03-24T23:38:41.994+0000] {dag.py:3820} INFO - Setting next_dagrun for example_xcom to 2021-01-01T00:00:00+00:00, run_after=2021-01-01T00:00:00+00:00
[2025-03-24T23:38:42.005+0000] {processor.py:183} INFO - Processing /home/airflow/.local/lib/python3.8/site-packages/airflow/example_dags/example_xcom.py took 0.050 seconds
[2025-03-24T23:39:12.706+0000] {processor.py:161} INFO - Started process (PID=1644) to work on /home/airflow/.local/lib/python3.8/site-packages/airflow/example_dags/example_xcom.py
[2025-03-24T23:39:12.708+0000] {processor.py:830} INFO - Processing file /home/airflow/.local/lib/python3.8/site-packages/airflow/example_dags/example_xcom.py for tasks to queue
[2025-03-24T23:39:12.711+0000] {logging_mixin.py:188} INFO - [2025-03-24T23:39:12.711+0000] {dagbag.py:538} INFO - Filling up the DagBag from /home/airflow/.local/lib/python3.8/site-packages/airflow/example_dags/example_xcom.py
[2025-03-24T23:39:12.723+0000] {processor.py:840} INFO - DAG(s) 'example_xcom' retrieved from /home/airflow/.local/lib/python3.8/site-packages/airflow/example_dags/example_xcom.py
[2025-03-24T23:39:12.744+0000] {logging_mixin.py:188} INFO - [2025-03-24T23:39:12.744+0000] {dag.py:3033} INFO - Sync 1 DAGs
[2025-03-24T23:39:12.762+0000] {logging_mixin.py:188} INFO - [2025-03-24T23:39:12.761+0000] {dag.py:3820} INFO - Setting next_dagrun for example_xcom to 2021-01-01T00:00:00+00:00, run_after=2021-01-01T00:00:00+00:00
[2025-03-24T23:39:12.777+0000] {processor.py:183} INFO - Processing /home/airflow/.local/lib/python3.8/site-packages/airflow/example_dags/example_xcom.py took 0.076 seconds
[2025-03-24T23:39:43.635+0000] {processor.py:161} INFO - Started process (PID=1699) to work on /home/airflow/.local/lib/python3.8/site-packages/airflow/example_dags/example_xcom.py
[2025-03-24T23:39:43.637+0000] {processor.py:830} INFO - Processing file /home/airflow/.local/lib/python3.8/site-packages/airflow/example_dags/example_xcom.py for tasks to queue
[2025-03-24T23:39:43.642+0000] {logging_mixin.py:188} INFO - [2025-03-24T23:39:43.642+0000] {dagbag.py:538} INFO - Filling up the DagBag from /home/airflow/.local/lib/python3.8/site-packages/airflow/example_dags/example_xcom.py
[2025-03-24T23:39:43.650+0000] {processor.py:840} INFO - DAG(s) 'example_xcom' retrieved from /home/airflow/.local/lib/python3.8/site-packages/airflow/example_dags/example_xcom.py
[2025-03-24T23:39:43.665+0000] {logging_mixin.py:188} INFO - [2025-03-24T23:39:43.665+0000] {dag.py:3033} INFO - Sync 1 DAGs
[2025-03-24T23:39:43.681+0000] {logging_mixin.py:188} INFO - [2025-03-24T23:39:43.680+0000] {dag.py:3820} INFO - Setting next_dagrun for example_xcom to 2021-01-01T00:00:00+00:00, run_after=2021-01-01T00:00:00+00:00
[2025-03-24T23:39:43.692+0000] {processor.py:183} INFO - Processing /home/airflow/.local/lib/python3.8/site-packages/airflow/example_dags/example_xcom.py took 0.060 seconds
[2025-03-24T23:40:14.312+0000] {processor.py:161} INFO - Started process (PID=1754) to work on /home/airflow/.local/lib/python3.8/site-packages/airflow/example_dags/example_xcom.py
[2025-03-24T23:40:14.314+0000] {processor.py:830} INFO - Processing file /home/airflow/.local/lib/python3.8/site-packages/airflow/example_dags/example_xcom.py for tasks to queue
[2025-03-24T23:40:14.319+0000] {logging_mixin.py:188} INFO - [2025-03-24T23:40:14.319+0000] {dagbag.py:538} INFO - Filling up the DagBag from /home/airflow/.local/lib/python3.8/site-packages/airflow/example_dags/example_xcom.py
[2025-03-24T23:40:14.326+0000] {processor.py:840} INFO - DAG(s) 'example_xcom' retrieved from /home/airflow/.local/lib/python3.8/site-packages/airflow/example_dags/example_xcom.py
[2025-03-24T23:40:14.343+0000] {logging_mixin.py:188} INFO - [2025-03-24T23:40:14.343+0000] {dag.py:3033} INFO - Sync 1 DAGs
[2025-03-24T23:40:14.360+0000] {logging_mixin.py:188} INFO - [2025-03-24T23:40:14.360+0000] {dag.py:3820} INFO - Setting next_dagrun for example_xcom to 2021-01-01T00:00:00+00:00, run_after=2021-01-01T00:00:00+00:00
[2025-03-24T23:40:14.369+0000] {processor.py:183} INFO - Processing /home/airflow/.local/lib/python3.8/site-packages/airflow/example_dags/example_xcom.py took 0.062 seconds
[2025-03-24T23:40:44.919+0000] {processor.py:161} INFO - Started process (PID=1809) to work on /home/airflow/.local/lib/python3.8/site-packages/airflow/example_dags/example_xcom.py
[2025-03-24T23:40:44.920+0000] {processor.py:830} INFO - Processing file /home/airflow/.local/lib/python3.8/site-packages/airflow/example_dags/example_xcom.py for tasks to queue
[2025-03-24T23:40:44.922+0000] {logging_mixin.py:188} INFO - [2025-03-24T23:40:44.922+0000] {dagbag.py:538} INFO - Filling up the DagBag from /home/airflow/.local/lib/python3.8/site-packages/airflow/example_dags/example_xcom.py
[2025-03-24T23:40:44.929+0000] {processor.py:840} INFO - DAG(s) 'example_xcom' retrieved from /home/airflow/.local/lib/python3.8/site-packages/airflow/example_dags/example_xcom.py
[2025-03-24T23:40:44.944+0000] {logging_mixin.py:188} INFO - [2025-03-24T23:40:44.944+0000] {dag.py:3033} INFO - Sync 1 DAGs
[2025-03-24T23:40:44.958+0000] {logging_mixin.py:188} INFO - [2025-03-24T23:40:44.958+0000] {dag.py:3820} INFO - Setting next_dagrun for example_xcom to 2021-01-01T00:00:00+00:00, run_after=2021-01-01T00:00:00+00:00
[2025-03-24T23:40:44.966+0000] {processor.py:183} INFO - Processing /home/airflow/.local/lib/python3.8/site-packages/airflow/example_dags/example_xcom.py took 0.052 seconds
[2025-03-24T23:41:15.470+0000] {processor.py:161} INFO - Started process (PID=1864) to work on /home/airflow/.local/lib/python3.8/site-packages/airflow/example_dags/example_xcom.py
[2025-03-24T23:41:15.474+0000] {processor.py:830} INFO - Processing file /home/airflow/.local/lib/python3.8/site-packages/airflow/example_dags/example_xcom.py for tasks to queue
[2025-03-24T23:41:15.476+0000] {logging_mixin.py:188} INFO - [2025-03-24T23:41:15.476+0000] {dagbag.py:538} INFO - Filling up the DagBag from /home/airflow/.local/lib/python3.8/site-packages/airflow/example_dags/example_xcom.py
[2025-03-24T23:41:15.486+0000] {processor.py:840} INFO - DAG(s) 'example_xcom' retrieved from /home/airflow/.local/lib/python3.8/site-packages/airflow/example_dags/example_xcom.py
[2025-03-24T23:41:15.502+0000] {logging_mixin.py:188} INFO - [2025-03-24T23:41:15.502+0000] {dag.py:3033} INFO - Sync 1 DAGs
[2025-03-24T23:41:15.515+0000] {logging_mixin.py:188} INFO - [2025-03-24T23:41:15.515+0000] {dag.py:3820} INFO - Setting next_dagrun for example_xcom to 2021-01-01T00:00:00+00:00, run_after=2021-01-01T00:00:00+00:00
[2025-03-24T23:41:15.524+0000] {processor.py:183} INFO - Processing /home/airflow/.local/lib/python3.8/site-packages/airflow/example_dags/example_xcom.py took 0.057 seconds
[2025-03-24T23:41:46.098+0000] {processor.py:161} INFO - Started process (PID=1919) to work on /home/airflow/.local/lib/python3.8/site-packages/airflow/example_dags/example_xcom.py
[2025-03-24T23:41:46.099+0000] {processor.py:830} INFO - Processing file /home/airflow/.local/lib/python3.8/site-packages/airflow/example_dags/example_xcom.py for tasks to queue
[2025-03-24T23:41:46.103+0000] {logging_mixin.py:188} INFO - [2025-03-24T23:41:46.103+0000] {dagbag.py:538} INFO - Filling up the DagBag from /home/airflow/.local/lib/python3.8/site-packages/airflow/example_dags/example_xcom.py
[2025-03-24T23:41:46.113+0000] {processor.py:840} INFO - DAG(s) 'example_xcom' retrieved from /home/airflow/.local/lib/python3.8/site-packages/airflow/example_dags/example_xcom.py
[2025-03-24T23:41:46.130+0000] {logging_mixin.py:188} INFO - [2025-03-24T23:41:46.130+0000] {dag.py:3033} INFO - Sync 1 DAGs
[2025-03-24T23:41:46.147+0000] {logging_mixin.py:188} INFO - [2025-03-24T23:41:46.147+0000] {dag.py:3820} INFO - Setting next_dagrun for example_xcom to 2021-01-01T00:00:00+00:00, run_after=2021-01-01T00:00:00+00:00
[2025-03-24T23:41:46.158+0000] {processor.py:183} INFO - Processing /home/airflow/.local/lib/python3.8/site-packages/airflow/example_dags/example_xcom.py took 0.065 seconds
[2025-03-24T23:42:16.720+0000] {processor.py:161} INFO - Started process (PID=1974) to work on /home/airflow/.local/lib/python3.8/site-packages/airflow/example_dags/example_xcom.py
[2025-03-24T23:42:16.722+0000] {processor.py:830} INFO - Processing file /home/airflow/.local/lib/python3.8/site-packages/airflow/example_dags/example_xcom.py for tasks to queue
[2025-03-24T23:42:16.725+0000] {logging_mixin.py:188} INFO - [2025-03-24T23:42:16.725+0000] {dagbag.py:538} INFO - Filling up the DagBag from /home/airflow/.local/lib/python3.8/site-packages/airflow/example_dags/example_xcom.py
[2025-03-24T23:42:16.732+0000] {processor.py:840} INFO - DAG(s) 'example_xcom' retrieved from /home/airflow/.local/lib/python3.8/site-packages/airflow/example_dags/example_xcom.py
[2025-03-24T23:42:16.744+0000] {logging_mixin.py:188} INFO - [2025-03-24T23:42:16.744+0000] {dag.py:3033} INFO - Sync 1 DAGs
[2025-03-24T23:42:16.757+0000] {logging_mixin.py:188} INFO - [2025-03-24T23:42:16.757+0000] {dag.py:3820} INFO - Setting next_dagrun for example_xcom to 2021-01-01T00:00:00+00:00, run_after=2021-01-01T00:00:00+00:00
[2025-03-24T23:42:16.765+0000] {processor.py:183} INFO - Processing /home/airflow/.local/lib/python3.8/site-packages/airflow/example_dags/example_xcom.py took 0.049 seconds
[2025-03-24T23:42:47.284+0000] {processor.py:161} INFO - Started process (PID=2029) to work on /home/airflow/.local/lib/python3.8/site-packages/airflow/example_dags/example_xcom.py
[2025-03-24T23:42:47.285+0000] {processor.py:830} INFO - Processing file /home/airflow/.local/lib/python3.8/site-packages/airflow/example_dags/example_xcom.py for tasks to queue
[2025-03-24T23:42:47.289+0000] {logging_mixin.py:188} INFO - [2025-03-24T23:42:47.289+0000] {dagbag.py:538} INFO - Filling up the DagBag from /home/airflow/.local/lib/python3.8/site-packages/airflow/example_dags/example_xcom.py
[2025-03-24T23:42:47.296+0000] {processor.py:840} INFO - DAG(s) 'example_xcom' retrieved from /home/airflow/.local/lib/python3.8/site-packages/airflow/example_dags/example_xcom.py
[2025-03-24T23:42:47.313+0000] {logging_mixin.py:188} INFO - [2025-03-24T23:42:47.313+0000] {dag.py:3033} INFO - Sync 1 DAGs
[2025-03-24T23:42:47.330+0000] {logging_mixin.py:188} INFO - [2025-03-24T23:42:47.329+0000] {dag.py:3820} INFO - Setting next_dagrun for example_xcom to 2021-01-01T00:00:00+00:00, run_after=2021-01-01T00:00:00+00:00
[2025-03-24T23:42:47.339+0000] {processor.py:183} INFO - Processing /home/airflow/.local/lib/python3.8/site-packages/airflow/example_dags/example_xcom.py took 0.061 seconds
[2025-03-24T23:43:17.704+0000] {processor.py:161} INFO - Started process (PID=2084) to work on /home/airflow/.local/lib/python3.8/site-packages/airflow/example_dags/example_xcom.py
[2025-03-24T23:43:17.706+0000] {processor.py:830} INFO - Processing file /home/airflow/.local/lib/python3.8/site-packages/airflow/example_dags/example_xcom.py for tasks to queue
[2025-03-24T23:43:17.708+0000] {logging_mixin.py:188} INFO - [2025-03-24T23:43:17.708+0000] {dagbag.py:538} INFO - Filling up the DagBag from /home/airflow/.local/lib/python3.8/site-packages/airflow/example_dags/example_xcom.py
[2025-03-24T23:43:17.714+0000] {processor.py:840} INFO - DAG(s) 'example_xcom' retrieved from /home/airflow/.local/lib/python3.8/site-packages/airflow/example_dags/example_xcom.py
[2025-03-24T23:43:17.729+0000] {logging_mixin.py:188} INFO - [2025-03-24T23:43:17.729+0000] {dag.py:3033} INFO - Sync 1 DAGs
[2025-03-24T23:43:17.741+0000] {logging_mixin.py:188} INFO - [2025-03-24T23:43:17.741+0000] {dag.py:3820} INFO - Setting next_dagrun for example_xcom to 2021-01-01T00:00:00+00:00, run_after=2021-01-01T00:00:00+00:00
[2025-03-24T23:43:17.752+0000] {processor.py:183} INFO - Processing /home/airflow/.local/lib/python3.8/site-packages/airflow/example_dags/example_xcom.py took 0.051 seconds
[2025-03-24T23:43:48.303+0000] {processor.py:161} INFO - Started process (PID=2139) to work on /home/airflow/.local/lib/python3.8/site-packages/airflow/example_dags/example_xcom.py
[2025-03-24T23:43:48.305+0000] {processor.py:830} INFO - Processing file /home/airflow/.local/lib/python3.8/site-packages/airflow/example_dags/example_xcom.py for tasks to queue
[2025-03-24T23:43:48.310+0000] {logging_mixin.py:188} INFO - [2025-03-24T23:43:48.310+0000] {dagbag.py:538} INFO - Filling up the DagBag from /home/airflow/.local/lib/python3.8/site-packages/airflow/example_dags/example_xcom.py
[2025-03-24T23:43:48.323+0000] {processor.py:840} INFO - DAG(s) 'example_xcom' retrieved from /home/airflow/.local/lib/python3.8/site-packages/airflow/example_dags/example_xcom.py
[2025-03-24T23:43:48.346+0000] {logging_mixin.py:188} INFO - [2025-03-24T23:43:48.345+0000] {dag.py:3033} INFO - Sync 1 DAGs
[2025-03-24T23:43:48.372+0000] {logging_mixin.py:188} INFO - [2025-03-24T23:43:48.371+0000] {dag.py:3820} INFO - Setting next_dagrun for example_xcom to 2021-01-01T00:00:00+00:00, run_after=2021-01-01T00:00:00+00:00
[2025-03-24T23:43:48.386+0000] {processor.py:183} INFO - Processing /home/airflow/.local/lib/python3.8/site-packages/airflow/example_dags/example_xcom.py took 0.089 seconds
[2025-03-24T23:44:19.037+0000] {processor.py:161} INFO - Started process (PID=2194) to work on /home/airflow/.local/lib/python3.8/site-packages/airflow/example_dags/example_xcom.py
[2025-03-24T23:44:19.041+0000] {processor.py:830} INFO - Processing file /home/airflow/.local/lib/python3.8/site-packages/airflow/example_dags/example_xcom.py for tasks to queue
[2025-03-24T23:44:19.044+0000] {logging_mixin.py:188} INFO - [2025-03-24T23:44:19.044+0000] {dagbag.py:538} INFO - Filling up the DagBag from /home/airflow/.local/lib/python3.8/site-packages/airflow/example_dags/example_xcom.py
[2025-03-24T23:44:19.051+0000] {processor.py:840} INFO - DAG(s) 'example_xcom' retrieved from /home/airflow/.local/lib/python3.8/site-packages/airflow/example_dags/example_xcom.py
[2025-03-24T23:44:19.068+0000] {logging_mixin.py:188} INFO - [2025-03-24T23:44:19.068+0000] {dag.py:3033} INFO - Sync 1 DAGs
[2025-03-24T23:44:19.082+0000] {logging_mixin.py:188} INFO - [2025-03-24T23:44:19.082+0000] {dag.py:3820} INFO - Setting next_dagrun for example_xcom to 2021-01-01T00:00:00+00:00, run_after=2021-01-01T00:00:00+00:00
[2025-03-24T23:44:19.091+0000] {processor.py:183} INFO - Processing /home/airflow/.local/lib/python3.8/site-packages/airflow/example_dags/example_xcom.py took 0.058 seconds
[2025-03-24T23:44:49.597+0000] {processor.py:161} INFO - Started process (PID=2249) to work on /home/airflow/.local/lib/python3.8/site-packages/airflow/example_dags/example_xcom.py
[2025-03-24T23:44:49.599+0000] {processor.py:830} INFO - Processing file /home/airflow/.local/lib/python3.8/site-packages/airflow/example_dags/example_xcom.py for tasks to queue
[2025-03-24T23:44:49.601+0000] {logging_mixin.py:188} INFO - [2025-03-24T23:44:49.601+0000] {dagbag.py:538} INFO - Filling up the DagBag from /home/airflow/.local/lib/python3.8/site-packages/airflow/example_dags/example_xcom.py
[2025-03-24T23:44:49.607+0000] {processor.py:840} INFO - DAG(s) 'example_xcom' retrieved from /home/airflow/.local/lib/python3.8/site-packages/airflow/example_dags/example_xcom.py
[2025-03-24T23:44:49.621+0000] {logging_mixin.py:188} INFO - [2025-03-24T23:44:49.621+0000] {dag.py:3033} INFO - Sync 1 DAGs
[2025-03-24T23:44:49.632+0000] {logging_mixin.py:188} INFO - [2025-03-24T23:44:49.632+0000] {dag.py:3820} INFO - Setting next_dagrun for example_xcom to 2021-01-01T00:00:00+00:00, run_after=2021-01-01T00:00:00+00:00
[2025-03-24T23:44:49.640+0000] {processor.py:183} INFO - Processing /home/airflow/.local/lib/python3.8/site-packages/airflow/example_dags/example_xcom.py took 0.048 seconds
[2025-03-24T23:45:20.310+0000] {processor.py:161} INFO - Started process (PID=2304) to work on /home/airflow/.local/lib/python3.8/site-packages/airflow/example_dags/example_xcom.py
[2025-03-24T23:45:20.311+0000] {processor.py:830} INFO - Processing file /home/airflow/.local/lib/python3.8/site-packages/airflow/example_dags/example_xcom.py for tasks to queue
[2025-03-24T23:45:20.313+0000] {logging_mixin.py:188} INFO - [2025-03-24T23:45:20.313+0000] {dagbag.py:538} INFO - Filling up the DagBag from /home/airflow/.local/lib/python3.8/site-packages/airflow/example_dags/example_xcom.py
[2025-03-24T23:45:20.319+0000] {processor.py:840} INFO - DAG(s) 'example_xcom' retrieved from /home/airflow/.local/lib/python3.8/site-packages/airflow/example_dags/example_xcom.py
[2025-03-24T23:45:20.333+0000] {logging_mixin.py:188} INFO - [2025-03-24T23:45:20.333+0000] {dag.py:3033} INFO - Sync 1 DAGs
[2025-03-24T23:45:20.345+0000] {logging_mixin.py:188} INFO - [2025-03-24T23:45:20.345+0000] {dag.py:3820} INFO - Setting next_dagrun for example_xcom to 2021-01-01T00:00:00+00:00, run_after=2021-01-01T00:00:00+00:00
[2025-03-24T23:45:20.353+0000] {processor.py:183} INFO - Processing /home/airflow/.local/lib/python3.8/site-packages/airflow/example_dags/example_xcom.py took 0.045 seconds
[2025-03-24T23:45:50.952+0000] {processor.py:161} INFO - Started process (PID=2358) to work on /home/airflow/.local/lib/python3.8/site-packages/airflow/example_dags/example_xcom.py
[2025-03-24T23:45:50.953+0000] {processor.py:830} INFO - Processing file /home/airflow/.local/lib/python3.8/site-packages/airflow/example_dags/example_xcom.py for tasks to queue
[2025-03-24T23:45:50.958+0000] {logging_mixin.py:188} INFO - [2025-03-24T23:45:50.957+0000] {dagbag.py:538} INFO - Filling up the DagBag from /home/airflow/.local/lib/python3.8/site-packages/airflow/example_dags/example_xcom.py
[2025-03-24T23:45:50.964+0000] {processor.py:840} INFO - DAG(s) 'example_xcom' retrieved from /home/airflow/.local/lib/python3.8/site-packages/airflow/example_dags/example_xcom.py
[2025-03-24T23:45:50.979+0000] {logging_mixin.py:188} INFO - [2025-03-24T23:45:50.979+0000] {dag.py:3033} INFO - Sync 1 DAGs
[2025-03-24T23:45:50.994+0000] {logging_mixin.py:188} INFO - [2025-03-24T23:45:50.994+0000] {dag.py:3820} INFO - Setting next_dagrun for example_xcom to 2021-01-01T00:00:00+00:00, run_after=2021-01-01T00:00:00+00:00
[2025-03-24T23:45:51.003+0000] {processor.py:183} INFO - Processing /home/airflow/.local/lib/python3.8/site-packages/airflow/example_dags/example_xcom.py took 0.057 seconds
[2025-03-24T23:46:21.399+0000] {processor.py:161} INFO - Started process (PID=2413) to work on /home/airflow/.local/lib/python3.8/site-packages/airflow/example_dags/example_xcom.py
[2025-03-24T23:46:21.402+0000] {processor.py:830} INFO - Processing file /home/airflow/.local/lib/python3.8/site-packages/airflow/example_dags/example_xcom.py for tasks to queue
[2025-03-24T23:46:21.406+0000] {logging_mixin.py:188} INFO - [2025-03-24T23:46:21.406+0000] {dagbag.py:538} INFO - Filling up the DagBag from /home/airflow/.local/lib/python3.8/site-packages/airflow/example_dags/example_xcom.py
[2025-03-24T23:46:21.411+0000] {processor.py:840} INFO - DAG(s) 'example_xcom' retrieved from /home/airflow/.local/lib/python3.8/site-packages/airflow/example_dags/example_xcom.py
[2025-03-24T23:46:21.424+0000] {logging_mixin.py:188} INFO - [2025-03-24T23:46:21.424+0000] {dag.py:3033} INFO - Sync 1 DAGs
[2025-03-24T23:46:21.435+0000] {logging_mixin.py:188} INFO - [2025-03-24T23:46:21.434+0000] {dag.py:3820} INFO - Setting next_dagrun for example_xcom to 2021-01-01T00:00:00+00:00, run_after=2021-01-01T00:00:00+00:00
[2025-03-24T23:46:21.444+0000] {processor.py:183} INFO - Processing /home/airflow/.local/lib/python3.8/site-packages/airflow/example_dags/example_xcom.py took 0.048 seconds
[2025-03-24T23:46:51.563+0000] {processor.py:161} INFO - Started process (PID=2468) to work on /home/airflow/.local/lib/python3.8/site-packages/airflow/example_dags/example_xcom.py
[2025-03-24T23:46:51.565+0000] {processor.py:830} INFO - Processing file /home/airflow/.local/lib/python3.8/site-packages/airflow/example_dags/example_xcom.py for tasks to queue
[2025-03-24T23:46:51.568+0000] {logging_mixin.py:188} INFO - [2025-03-24T23:46:51.567+0000] {dagbag.py:538} INFO - Filling up the DagBag from /home/airflow/.local/lib/python3.8/site-packages/airflow/example_dags/example_xcom.py
[2025-03-24T23:46:51.575+0000] {processor.py:840} INFO - DAG(s) 'example_xcom' retrieved from /home/airflow/.local/lib/python3.8/site-packages/airflow/example_dags/example_xcom.py
[2025-03-24T23:46:51.592+0000] {logging_mixin.py:188} INFO - [2025-03-24T23:46:51.592+0000] {dag.py:3033} INFO - Sync 1 DAGs
[2025-03-24T23:46:51.606+0000] {logging_mixin.py:188} INFO - [2025-03-24T23:46:51.606+0000] {dag.py:3820} INFO - Setting next_dagrun for example_xcom to 2021-01-01T00:00:00+00:00, run_after=2021-01-01T00:00:00+00:00
[2025-03-24T23:46:51.617+0000] {processor.py:183} INFO - Processing /home/airflow/.local/lib/python3.8/site-packages/airflow/example_dags/example_xcom.py took 0.058 seconds
[2025-03-24T23:47:21.701+0000] {processor.py:161} INFO - Started process (PID=2523) to work on /home/airflow/.local/lib/python3.8/site-packages/airflow/example_dags/example_xcom.py
[2025-03-24T23:47:21.702+0000] {processor.py:830} INFO - Processing file /home/airflow/.local/lib/python3.8/site-packages/airflow/example_dags/example_xcom.py for tasks to queue
[2025-03-24T23:47:21.703+0000] {logging_mixin.py:188} INFO - [2025-03-24T23:47:21.703+0000] {dagbag.py:538} INFO - Filling up the DagBag from /home/airflow/.local/lib/python3.8/site-packages/airflow/example_dags/example_xcom.py
[2025-03-24T23:47:21.707+0000] {processor.py:840} INFO - DAG(s) 'example_xcom' retrieved from /home/airflow/.local/lib/python3.8/site-packages/airflow/example_dags/example_xcom.py
[2025-03-24T23:47:21.718+0000] {logging_mixin.py:188} INFO - [2025-03-24T23:47:21.717+0000] {dag.py:3033} INFO - Sync 1 DAGs
[2025-03-24T23:47:21.727+0000] {logging_mixin.py:188} INFO - [2025-03-24T23:47:21.726+0000] {dag.py:3820} INFO - Setting next_dagrun for example_xcom to 2021-01-01T00:00:00+00:00, run_after=2021-01-01T00:00:00+00:00
[2025-03-24T23:47:21.734+0000] {processor.py:183} INFO - Processing /home/airflow/.local/lib/python3.8/site-packages/airflow/example_dags/example_xcom.py took 0.035 seconds
[2025-03-24T23:47:52.281+0000] {processor.py:161} INFO - Started process (PID=2578) to work on /home/airflow/.local/lib/python3.8/site-packages/airflow/example_dags/example_xcom.py
[2025-03-24T23:47:52.283+0000] {processor.py:830} INFO - Processing file /home/airflow/.local/lib/python3.8/site-packages/airflow/example_dags/example_xcom.py for tasks to queue
[2025-03-24T23:47:52.288+0000] {logging_mixin.py:188} INFO - [2025-03-24T23:47:52.287+0000] {dagbag.py:538} INFO - Filling up the DagBag from /home/airflow/.local/lib/python3.8/site-packages/airflow/example_dags/example_xcom.py
[2025-03-24T23:47:52.295+0000] {processor.py:840} INFO - DAG(s) 'example_xcom' retrieved from /home/airflow/.local/lib/python3.8/site-packages/airflow/example_dags/example_xcom.py
[2025-03-24T23:47:52.311+0000] {logging_mixin.py:188} INFO - [2025-03-24T23:47:52.311+0000] {dag.py:3033} INFO - Sync 1 DAGs
[2025-03-24T23:47:52.424+0000] {logging_mixin.py:188} INFO - [2025-03-24T23:47:52.424+0000] {dag.py:3820} INFO - Setting next_dagrun for example_xcom to 2021-01-01T00:00:00+00:00, run_after=2021-01-01T00:00:00+00:00
[2025-03-24T23:47:52.432+0000] {processor.py:183} INFO - Processing /home/airflow/.local/lib/python3.8/site-packages/airflow/example_dags/example_xcom.py took 0.155 seconds
[2025-03-24T23:48:22.533+0000] {processor.py:161} INFO - Started process (PID=2633) to work on /home/airflow/.local/lib/python3.8/site-packages/airflow/example_dags/example_xcom.py
[2025-03-24T23:48:22.534+0000] {processor.py:830} INFO - Processing file /home/airflow/.local/lib/python3.8/site-packages/airflow/example_dags/example_xcom.py for tasks to queue
[2025-03-24T23:48:22.536+0000] {logging_mixin.py:188} INFO - [2025-03-24T23:48:22.536+0000] {dagbag.py:538} INFO - Filling up the DagBag from /home/airflow/.local/lib/python3.8/site-packages/airflow/example_dags/example_xcom.py
[2025-03-24T23:48:22.542+0000] {processor.py:840} INFO - DAG(s) 'example_xcom' retrieved from /home/airflow/.local/lib/python3.8/site-packages/airflow/example_dags/example_xcom.py
[2025-03-24T23:48:22.559+0000] {logging_mixin.py:188} INFO - [2025-03-24T23:48:22.559+0000] {dag.py:3033} INFO - Sync 1 DAGs
[2025-03-24T23:48:22.572+0000] {logging_mixin.py:188} INFO - [2025-03-24T23:48:22.572+0000] {dag.py:3820} INFO - Setting next_dagrun for example_xcom to 2021-01-01T00:00:00+00:00, run_after=2021-01-01T00:00:00+00:00
[2025-03-24T23:48:22.580+0000] {processor.py:183} INFO - Processing /home/airflow/.local/lib/python3.8/site-packages/airflow/example_dags/example_xcom.py took 0.050 seconds
[2025-03-24T23:48:53.239+0000] {processor.py:161} INFO - Started process (PID=2688) to work on /home/airflow/.local/lib/python3.8/site-packages/airflow/example_dags/example_xcom.py
[2025-03-24T23:48:53.241+0000] {processor.py:830} INFO - Processing file /home/airflow/.local/lib/python3.8/site-packages/airflow/example_dags/example_xcom.py for tasks to queue
[2025-03-24T23:48:53.247+0000] {logging_mixin.py:188} INFO - [2025-03-24T23:48:53.246+0000] {dagbag.py:538} INFO - Filling up the DagBag from /home/airflow/.local/lib/python3.8/site-packages/airflow/example_dags/example_xcom.py
[2025-03-24T23:48:53.254+0000] {processor.py:840} INFO - DAG(s) 'example_xcom' retrieved from /home/airflow/.local/lib/python3.8/site-packages/airflow/example_dags/example_xcom.py
[2025-03-24T23:48:53.271+0000] {logging_mixin.py:188} INFO - [2025-03-24T23:48:53.271+0000] {dag.py:3033} INFO - Sync 1 DAGs
[2025-03-24T23:48:53.287+0000] {logging_mixin.py:188} INFO - [2025-03-24T23:48:53.286+0000] {dag.py:3820} INFO - Setting next_dagrun for example_xcom to 2021-01-01T00:00:00+00:00, run_after=2021-01-01T00:00:00+00:00
[2025-03-24T23:48:53.296+0000] {processor.py:183} INFO - Processing /home/airflow/.local/lib/python3.8/site-packages/airflow/example_dags/example_xcom.py took 0.061 seconds
[2025-03-24T23:49:24.015+0000] {processor.py:161} INFO - Started process (PID=2743) to work on /home/airflow/.local/lib/python3.8/site-packages/airflow/example_dags/example_xcom.py
[2025-03-24T23:49:24.016+0000] {processor.py:830} INFO - Processing file /home/airflow/.local/lib/python3.8/site-packages/airflow/example_dags/example_xcom.py for tasks to queue
[2025-03-24T23:49:24.021+0000] {logging_mixin.py:188} INFO - [2025-03-24T23:49:24.021+0000] {dagbag.py:538} INFO - Filling up the DagBag from /home/airflow/.local/lib/python3.8/site-packages/airflow/example_dags/example_xcom.py
[2025-03-24T23:49:24.027+0000] {processor.py:840} INFO - DAG(s) 'example_xcom' retrieved from /home/airflow/.local/lib/python3.8/site-packages/airflow/example_dags/example_xcom.py
[2025-03-24T23:49:24.039+0000] {logging_mixin.py:188} INFO - [2025-03-24T23:49:24.039+0000] {dag.py:3033} INFO - Sync 1 DAGs
[2025-03-24T23:49:24.140+0000] {logging_mixin.py:188} INFO - [2025-03-24T23:49:24.140+0000] {dag.py:3820} INFO - Setting next_dagrun for example_xcom to 2021-01-01T00:00:00+00:00, run_after=2021-01-01T00:00:00+00:00
[2025-03-24T23:49:24.148+0000] {processor.py:183} INFO - Processing /home/airflow/.local/lib/python3.8/site-packages/airflow/example_dags/example_xcom.py took 0.135 seconds
[2025-03-24T23:49:54.194+0000] {processor.py:161} INFO - Started process (PID=2797) to work on /home/airflow/.local/lib/python3.8/site-packages/airflow/example_dags/example_xcom.py
[2025-03-24T23:49:54.195+0000] {processor.py:830} INFO - Processing file /home/airflow/.local/lib/python3.8/site-packages/airflow/example_dags/example_xcom.py for tasks to queue
[2025-03-24T23:49:54.199+0000] {logging_mixin.py:188} INFO - [2025-03-24T23:49:54.198+0000] {dagbag.py:538} INFO - Filling up the DagBag from /home/airflow/.local/lib/python3.8/site-packages/airflow/example_dags/example_xcom.py
[2025-03-24T23:49:54.209+0000] {processor.py:840} INFO - DAG(s) 'example_xcom' retrieved from /home/airflow/.local/lib/python3.8/site-packages/airflow/example_dags/example_xcom.py
[2025-03-24T23:49:54.226+0000] {logging_mixin.py:188} INFO - [2025-03-24T23:49:54.226+0000] {dag.py:3033} INFO - Sync 1 DAGs
[2025-03-24T23:49:54.241+0000] {logging_mixin.py:188} INFO - [2025-03-24T23:49:54.241+0000] {dag.py:3820} INFO - Setting next_dagrun for example_xcom to 2021-01-01T00:00:00+00:00, run_after=2021-01-01T00:00:00+00:00
[2025-03-24T23:49:54.358+0000] {processor.py:183} INFO - Processing /home/airflow/.local/lib/python3.8/site-packages/airflow/example_dags/example_xcom.py took 0.168 seconds
[2025-03-24T23:50:24.621+0000] {processor.py:161} INFO - Started process (PID=2852) to work on /home/airflow/.local/lib/python3.8/site-packages/airflow/example_dags/example_xcom.py
[2025-03-24T23:50:24.623+0000] {processor.py:830} INFO - Processing file /home/airflow/.local/lib/python3.8/site-packages/airflow/example_dags/example_xcom.py for tasks to queue
[2025-03-24T23:50:24.628+0000] {logging_mixin.py:188} INFO - [2025-03-24T23:50:24.628+0000] {dagbag.py:538} INFO - Filling up the DagBag from /home/airflow/.local/lib/python3.8/site-packages/airflow/example_dags/example_xcom.py
[2025-03-24T23:50:24.635+0000] {processor.py:840} INFO - DAG(s) 'example_xcom' retrieved from /home/airflow/.local/lib/python3.8/site-packages/airflow/example_dags/example_xcom.py
[2025-03-24T23:50:24.655+0000] {logging_mixin.py:188} INFO - [2025-03-24T23:50:24.655+0000] {dag.py:3033} INFO - Sync 1 DAGs
[2025-03-24T23:50:24.668+0000] {logging_mixin.py:188} INFO - [2025-03-24T23:50:24.668+0000] {dag.py:3820} INFO - Setting next_dagrun for example_xcom to 2021-01-01T00:00:00+00:00, run_after=2021-01-01T00:00:00+00:00
[2025-03-24T23:50:24.682+0000] {processor.py:183} INFO - Processing /home/airflow/.local/lib/python3.8/site-packages/airflow/example_dags/example_xcom.py took 0.065 seconds
[2025-03-24T23:50:55.325+0000] {processor.py:161} INFO - Started process (PID=2907) to work on /home/airflow/.local/lib/python3.8/site-packages/airflow/example_dags/example_xcom.py
[2025-03-24T23:50:55.330+0000] {processor.py:830} INFO - Processing file /home/airflow/.local/lib/python3.8/site-packages/airflow/example_dags/example_xcom.py for tasks to queue
[2025-03-24T23:50:55.338+0000] {logging_mixin.py:188} INFO - [2025-03-24T23:50:55.337+0000] {dagbag.py:538} INFO - Filling up the DagBag from /home/airflow/.local/lib/python3.8/site-packages/airflow/example_dags/example_xcom.py
[2025-03-24T23:50:55.471+0000] {processor.py:840} INFO - DAG(s) 'example_xcom' retrieved from /home/airflow/.local/lib/python3.8/site-packages/airflow/example_dags/example_xcom.py
[2025-03-24T23:50:55.486+0000] {logging_mixin.py:188} INFO - [2025-03-24T23:50:55.485+0000] {dag.py:3033} INFO - Sync 1 DAGs
[2025-03-24T23:50:55.500+0000] {logging_mixin.py:188} INFO - [2025-03-24T23:50:55.499+0000] {dag.py:3820} INFO - Setting next_dagrun for example_xcom to 2021-01-01T00:00:00+00:00, run_after=2021-01-01T00:00:00+00:00
[2025-03-24T23:50:55.510+0000] {processor.py:183} INFO - Processing /home/airflow/.local/lib/python3.8/site-packages/airflow/example_dags/example_xcom.py took 0.188 seconds
[2025-03-24T23:51:26.408+0000] {processor.py:161} INFO - Started process (PID=2962) to work on /home/airflow/.local/lib/python3.8/site-packages/airflow/example_dags/example_xcom.py
[2025-03-24T23:51:26.410+0000] {processor.py:830} INFO - Processing file /home/airflow/.local/lib/python3.8/site-packages/airflow/example_dags/example_xcom.py for tasks to queue
[2025-03-24T23:51:26.412+0000] {logging_mixin.py:188} INFO - [2025-03-24T23:51:26.412+0000] {dagbag.py:538} INFO - Filling up the DagBag from /home/airflow/.local/lib/python3.8/site-packages/airflow/example_dags/example_xcom.py
[2025-03-24T23:51:26.421+0000] {processor.py:840} INFO - DAG(s) 'example_xcom' retrieved from /home/airflow/.local/lib/python3.8/site-packages/airflow/example_dags/example_xcom.py
[2025-03-24T23:51:26.440+0000] {logging_mixin.py:188} INFO - [2025-03-24T23:51:26.439+0000] {dag.py:3033} INFO - Sync 1 DAGs
[2025-03-24T23:51:26.456+0000] {logging_mixin.py:188} INFO - [2025-03-24T23:51:26.456+0000] {dag.py:3820} INFO - Setting next_dagrun for example_xcom to 2021-01-01T00:00:00+00:00, run_after=2021-01-01T00:00:00+00:00
[2025-03-24T23:51:26.469+0000] {processor.py:183} INFO - Processing /home/airflow/.local/lib/python3.8/site-packages/airflow/example_dags/example_xcom.py took 0.064 seconds
