[2025-03-24T23:24:26.381+0000] {processor.py:161} INFO - Started process (PID=64) to work on /home/airflow/.local/lib/python3.8/site-packages/airflow/example_dags/example_branch_operator.py
[2025-03-24T23:24:26.383+0000] {processor.py:830} INFO - Processing file /home/airflow/.local/lib/python3.8/site-packages/airflow/example_dags/example_branch_operator.py for tasks to queue
[2025-03-24T23:24:26.385+0000] {logging_mixin.py:188} INFO - [2025-03-24T23:24:26.384+0000] {dagbag.py:538} INFO - Filling up the DagBag from /home/airflow/.local/lib/python3.8/site-packages/airflow/example_dags/example_branch_operator.py
[2025-03-24T23:24:26.414+0000] {processor.py:840} INFO - DAG(s) 'example_branch_operator' retrieved from /home/airflow/.local/lib/python3.8/site-packages/airflow/example_dags/example_branch_operator.py
[2025-03-24T23:24:26.435+0000] {logging_mixin.py:188} INFO - [2025-03-24T23:24:26.435+0000] {dag.py:3033} INFO - Sync 1 DAGs
[2025-03-24T23:24:26.454+0000] {logging_mixin.py:188} INFO - [2025-03-24T23:24:26.453+0000] {dag.py:3820} INFO - Setting next_dagrun for example_branch_operator to 2025-03-23T00:00:00+00:00, run_after=2025-03-24T00:00:00+00:00
[2025-03-24T23:24:26.465+0000] {processor.py:183} INFO - Processing /home/airflow/.local/lib/python3.8/site-packages/airflow/example_dags/example_branch_operator.py took 0.087 seconds
[2025-03-24T23:24:56.645+0000] {processor.py:161} INFO - Started process (PID=119) to work on /home/airflow/.local/lib/python3.8/site-packages/airflow/example_dags/example_branch_operator.py
[2025-03-24T23:24:56.646+0000] {processor.py:830} INFO - Processing file /home/airflow/.local/lib/python3.8/site-packages/airflow/example_dags/example_branch_operator.py for tasks to queue
[2025-03-24T23:24:56.647+0000] {logging_mixin.py:188} INFO - [2025-03-24T23:24:56.647+0000] {dagbag.py:538} INFO - Filling up the DagBag from /home/airflow/.local/lib/python3.8/site-packages/airflow/example_dags/example_branch_operator.py
[2025-03-24T23:24:56.656+0000] {processor.py:840} INFO - DAG(s) 'example_branch_operator' retrieved from /home/airflow/.local/lib/python3.8/site-packages/airflow/example_dags/example_branch_operator.py
[2025-03-24T23:24:56.704+0000] {logging_mixin.py:188} INFO - [2025-03-24T23:24:56.704+0000] {dag.py:3033} INFO - Sync 1 DAGs
[2025-03-24T23:24:56.713+0000] {logging_mixin.py:188} INFO - [2025-03-24T23:24:56.713+0000] {dag.py:3820} INFO - Setting next_dagrun for example_branch_operator to 2025-03-23T00:00:00+00:00, run_after=2025-03-24T00:00:00+00:00
[2025-03-24T23:24:56.722+0000] {processor.py:183} INFO - Processing /home/airflow/.local/lib/python3.8/site-packages/airflow/example_dags/example_branch_operator.py took 0.080 seconds
[2025-03-24T23:25:27.616+0000] {processor.py:161} INFO - Started process (PID=174) to work on /home/airflow/.local/lib/python3.8/site-packages/airflow/example_dags/example_branch_operator.py
[2025-03-24T23:25:27.619+0000] {processor.py:830} INFO - Processing file /home/airflow/.local/lib/python3.8/site-packages/airflow/example_dags/example_branch_operator.py for tasks to queue
[2025-03-24T23:25:27.620+0000] {logging_mixin.py:188} INFO - [2025-03-24T23:25:27.620+0000] {dagbag.py:538} INFO - Filling up the DagBag from /home/airflow/.local/lib/python3.8/site-packages/airflow/example_dags/example_branch_operator.py
[2025-03-24T23:25:27.628+0000] {processor.py:840} INFO - DAG(s) 'example_branch_operator' retrieved from /home/airflow/.local/lib/python3.8/site-packages/airflow/example_dags/example_branch_operator.py
[2025-03-24T23:25:27.640+0000] {logging_mixin.py:188} INFO - [2025-03-24T23:25:27.640+0000] {dag.py:3033} INFO - Sync 1 DAGs
[2025-03-24T23:25:27.650+0000] {logging_mixin.py:188} INFO - [2025-03-24T23:25:27.650+0000] {dag.py:3820} INFO - Setting next_dagrun for example_branch_operator to 2025-03-23T00:00:00+00:00, run_after=2025-03-24T00:00:00+00:00
[2025-03-24T23:25:27.662+0000] {processor.py:183} INFO - Processing /home/airflow/.local/lib/python3.8/site-packages/airflow/example_dags/example_branch_operator.py took 0.048 seconds
[2025-03-24T23:25:58.180+0000] {processor.py:161} INFO - Started process (PID=229) to work on /home/airflow/.local/lib/python3.8/site-packages/airflow/example_dags/example_branch_operator.py
[2025-03-24T23:25:58.182+0000] {processor.py:830} INFO - Processing file /home/airflow/.local/lib/python3.8/site-packages/airflow/example_dags/example_branch_operator.py for tasks to queue
[2025-03-24T23:25:58.183+0000] {logging_mixin.py:188} INFO - [2025-03-24T23:25:58.183+0000] {dagbag.py:538} INFO - Filling up the DagBag from /home/airflow/.local/lib/python3.8/site-packages/airflow/example_dags/example_branch_operator.py
[2025-03-24T23:25:58.191+0000] {processor.py:840} INFO - DAG(s) 'example_branch_operator' retrieved from /home/airflow/.local/lib/python3.8/site-packages/airflow/example_dags/example_branch_operator.py
[2025-03-24T23:25:58.207+0000] {logging_mixin.py:188} INFO - [2025-03-24T23:25:58.207+0000] {dag.py:3033} INFO - Sync 1 DAGs
[2025-03-24T23:25:58.216+0000] {logging_mixin.py:188} INFO - [2025-03-24T23:25:58.216+0000] {dag.py:3820} INFO - Setting next_dagrun for example_branch_operator to 2025-03-23T00:00:00+00:00, run_after=2025-03-24T00:00:00+00:00
[2025-03-24T23:25:58.223+0000] {processor.py:183} INFO - Processing /home/airflow/.local/lib/python3.8/site-packages/airflow/example_dags/example_branch_operator.py took 0.044 seconds
[2025-03-24T23:26:28.895+0000] {processor.py:161} INFO - Started process (PID=290) to work on /home/airflow/.local/lib/python3.8/site-packages/airflow/example_dags/example_branch_operator.py
[2025-03-24T23:26:28.897+0000] {processor.py:830} INFO - Processing file /home/airflow/.local/lib/python3.8/site-packages/airflow/example_dags/example_branch_operator.py for tasks to queue
[2025-03-24T23:26:28.898+0000] {logging_mixin.py:188} INFO - [2025-03-24T23:26:28.898+0000] {dagbag.py:538} INFO - Filling up the DagBag from /home/airflow/.local/lib/python3.8/site-packages/airflow/example_dags/example_branch_operator.py
[2025-03-24T23:26:28.906+0000] {processor.py:840} INFO - DAG(s) 'example_branch_operator' retrieved from /home/airflow/.local/lib/python3.8/site-packages/airflow/example_dags/example_branch_operator.py
[2025-03-24T23:26:28.918+0000] {logging_mixin.py:188} INFO - [2025-03-24T23:26:28.918+0000] {dag.py:3033} INFO - Sync 1 DAGs
[2025-03-24T23:26:28.929+0000] {logging_mixin.py:188} INFO - [2025-03-24T23:26:28.929+0000] {dag.py:3820} INFO - Setting next_dagrun for example_branch_operator to 2025-03-23T00:00:00+00:00, run_after=2025-03-24T00:00:00+00:00
[2025-03-24T23:26:28.944+0000] {processor.py:183} INFO - Processing /home/airflow/.local/lib/python3.8/site-packages/airflow/example_dags/example_branch_operator.py took 0.050 seconds
[2025-03-24T23:26:59.446+0000] {processor.py:161} INFO - Started process (PID=345) to work on /home/airflow/.local/lib/python3.8/site-packages/airflow/example_dags/example_branch_operator.py
[2025-03-24T23:26:59.446+0000] {processor.py:830} INFO - Processing file /home/airflow/.local/lib/python3.8/site-packages/airflow/example_dags/example_branch_operator.py for tasks to queue
[2025-03-24T23:26:59.447+0000] {logging_mixin.py:188} INFO - [2025-03-24T23:26:59.447+0000] {dagbag.py:538} INFO - Filling up the DagBag from /home/airflow/.local/lib/python3.8/site-packages/airflow/example_dags/example_branch_operator.py
[2025-03-24T23:26:59.455+0000] {processor.py:840} INFO - DAG(s) 'example_branch_operator' retrieved from /home/airflow/.local/lib/python3.8/site-packages/airflow/example_dags/example_branch_operator.py
[2025-03-24T23:26:59.469+0000] {logging_mixin.py:188} INFO - [2025-03-24T23:26:59.469+0000] {dag.py:3033} INFO - Sync 1 DAGs
[2025-03-24T23:26:59.478+0000] {logging_mixin.py:188} INFO - [2025-03-24T23:26:59.478+0000] {dag.py:3820} INFO - Setting next_dagrun for example_branch_operator to 2025-03-23T00:00:00+00:00, run_after=2025-03-24T00:00:00+00:00
[2025-03-24T23:26:59.489+0000] {processor.py:183} INFO - Processing /home/airflow/.local/lib/python3.8/site-packages/airflow/example_dags/example_branch_operator.py took 0.045 seconds
[2025-03-24T23:27:30.147+0000] {processor.py:161} INFO - Started process (PID=400) to work on /home/airflow/.local/lib/python3.8/site-packages/airflow/example_dags/example_branch_operator.py
[2025-03-24T23:27:30.149+0000] {processor.py:830} INFO - Processing file /home/airflow/.local/lib/python3.8/site-packages/airflow/example_dags/example_branch_operator.py for tasks to queue
[2025-03-24T23:27:30.150+0000] {logging_mixin.py:188} INFO - [2025-03-24T23:27:30.150+0000] {dagbag.py:538} INFO - Filling up the DagBag from /home/airflow/.local/lib/python3.8/site-packages/airflow/example_dags/example_branch_operator.py
[2025-03-24T23:27:30.158+0000] {processor.py:840} INFO - DAG(s) 'example_branch_operator' retrieved from /home/airflow/.local/lib/python3.8/site-packages/airflow/example_dags/example_branch_operator.py
[2025-03-24T23:27:30.173+0000] {logging_mixin.py:188} INFO - [2025-03-24T23:27:30.173+0000] {dag.py:3033} INFO - Sync 1 DAGs
[2025-03-24T23:27:30.186+0000] {logging_mixin.py:188} INFO - [2025-03-24T23:27:30.186+0000] {dag.py:3820} INFO - Setting next_dagrun for example_branch_operator to 2025-03-23T00:00:00+00:00, run_after=2025-03-24T00:00:00+00:00
[2025-03-24T23:27:30.197+0000] {processor.py:183} INFO - Processing /home/airflow/.local/lib/python3.8/site-packages/airflow/example_dags/example_branch_operator.py took 0.052 seconds
[2025-03-24T23:28:00.846+0000] {processor.py:161} INFO - Started process (PID=455) to work on /home/airflow/.local/lib/python3.8/site-packages/airflow/example_dags/example_branch_operator.py
[2025-03-24T23:28:00.847+0000] {processor.py:830} INFO - Processing file /home/airflow/.local/lib/python3.8/site-packages/airflow/example_dags/example_branch_operator.py for tasks to queue
[2025-03-24T23:28:00.848+0000] {logging_mixin.py:188} INFO - [2025-03-24T23:28:00.848+0000] {dagbag.py:538} INFO - Filling up the DagBag from /home/airflow/.local/lib/python3.8/site-packages/airflow/example_dags/example_branch_operator.py
[2025-03-24T23:28:00.856+0000] {processor.py:840} INFO - DAG(s) 'example_branch_operator' retrieved from /home/airflow/.local/lib/python3.8/site-packages/airflow/example_dags/example_branch_operator.py
[2025-03-24T23:28:00.868+0000] {logging_mixin.py:188} INFO - [2025-03-24T23:28:00.868+0000] {dag.py:3033} INFO - Sync 1 DAGs
[2025-03-24T23:28:00.877+0000] {logging_mixin.py:188} INFO - [2025-03-24T23:28:00.877+0000] {dag.py:3820} INFO - Setting next_dagrun for example_branch_operator to 2025-03-23T00:00:00+00:00, run_after=2025-03-24T00:00:00+00:00
[2025-03-24T23:28:00.885+0000] {processor.py:183} INFO - Processing /home/airflow/.local/lib/python3.8/site-packages/airflow/example_dags/example_branch_operator.py took 0.041 seconds
[2025-03-24T23:28:31.589+0000] {processor.py:161} INFO - Started process (PID=510) to work on /home/airflow/.local/lib/python3.8/site-packages/airflow/example_dags/example_branch_operator.py
[2025-03-24T23:28:31.590+0000] {processor.py:830} INFO - Processing file /home/airflow/.local/lib/python3.8/site-packages/airflow/example_dags/example_branch_operator.py for tasks to queue
[2025-03-24T23:28:31.591+0000] {logging_mixin.py:188} INFO - [2025-03-24T23:28:31.591+0000] {dagbag.py:538} INFO - Filling up the DagBag from /home/airflow/.local/lib/python3.8/site-packages/airflow/example_dags/example_branch_operator.py
[2025-03-24T23:28:31.600+0000] {processor.py:840} INFO - DAG(s) 'example_branch_operator' retrieved from /home/airflow/.local/lib/python3.8/site-packages/airflow/example_dags/example_branch_operator.py
[2025-03-24T23:28:31.615+0000] {logging_mixin.py:188} INFO - [2025-03-24T23:28:31.615+0000] {dag.py:3033} INFO - Sync 1 DAGs
[2025-03-24T23:28:31.625+0000] {logging_mixin.py:188} INFO - [2025-03-24T23:28:31.625+0000] {dag.py:3820} INFO - Setting next_dagrun for example_branch_operator to 2025-03-23T00:00:00+00:00, run_after=2025-03-24T00:00:00+00:00
[2025-03-24T23:28:31.634+0000] {processor.py:183} INFO - Processing /home/airflow/.local/lib/python3.8/site-packages/airflow/example_dags/example_branch_operator.py took 0.046 seconds
[2025-03-24T23:29:02.360+0000] {processor.py:161} INFO - Started process (PID=565) to work on /home/airflow/.local/lib/python3.8/site-packages/airflow/example_dags/example_branch_operator.py
[2025-03-24T23:29:02.361+0000] {processor.py:830} INFO - Processing file /home/airflow/.local/lib/python3.8/site-packages/airflow/example_dags/example_branch_operator.py for tasks to queue
[2025-03-24T23:29:02.362+0000] {logging_mixin.py:188} INFO - [2025-03-24T23:29:02.362+0000] {dagbag.py:538} INFO - Filling up the DagBag from /home/airflow/.local/lib/python3.8/site-packages/airflow/example_dags/example_branch_operator.py
[2025-03-24T23:29:02.370+0000] {processor.py:840} INFO - DAG(s) 'example_branch_operator' retrieved from /home/airflow/.local/lib/python3.8/site-packages/airflow/example_dags/example_branch_operator.py
[2025-03-24T23:29:02.383+0000] {logging_mixin.py:188} INFO - [2025-03-24T23:29:02.383+0000] {dag.py:3033} INFO - Sync 1 DAGs
[2025-03-24T23:29:02.393+0000] {logging_mixin.py:188} INFO - [2025-03-24T23:29:02.393+0000] {dag.py:3820} INFO - Setting next_dagrun for example_branch_operator to 2025-03-23T00:00:00+00:00, run_after=2025-03-24T00:00:00+00:00
[2025-03-24T23:29:02.402+0000] {processor.py:183} INFO - Processing /home/airflow/.local/lib/python3.8/site-packages/airflow/example_dags/example_branch_operator.py took 0.044 seconds
[2025-03-24T23:29:33.056+0000] {processor.py:161} INFO - Started process (PID=620) to work on /home/airflow/.local/lib/python3.8/site-packages/airflow/example_dags/example_branch_operator.py
[2025-03-24T23:29:33.059+0000] {processor.py:830} INFO - Processing file /home/airflow/.local/lib/python3.8/site-packages/airflow/example_dags/example_branch_operator.py for tasks to queue
[2025-03-24T23:29:33.060+0000] {logging_mixin.py:188} INFO - [2025-03-24T23:29:33.060+0000] {dagbag.py:538} INFO - Filling up the DagBag from /home/airflow/.local/lib/python3.8/site-packages/airflow/example_dags/example_branch_operator.py
[2025-03-24T23:29:33.069+0000] {processor.py:840} INFO - DAG(s) 'example_branch_operator' retrieved from /home/airflow/.local/lib/python3.8/site-packages/airflow/example_dags/example_branch_operator.py
[2025-03-24T23:29:33.083+0000] {logging_mixin.py:188} INFO - [2025-03-24T23:29:33.082+0000] {dag.py:3033} INFO - Sync 1 DAGs
[2025-03-24T23:29:33.093+0000] {logging_mixin.py:188} INFO - [2025-03-24T23:29:33.093+0000] {dag.py:3820} INFO - Setting next_dagrun for example_branch_operator to 2025-03-23T00:00:00+00:00, run_after=2025-03-24T00:00:00+00:00
[2025-03-24T23:29:33.101+0000] {processor.py:183} INFO - Processing /home/airflow/.local/lib/python3.8/site-packages/airflow/example_dags/example_branch_operator.py took 0.047 seconds
[2025-03-24T23:30:03.795+0000] {processor.py:161} INFO - Started process (PID=675) to work on /home/airflow/.local/lib/python3.8/site-packages/airflow/example_dags/example_branch_operator.py
[2025-03-24T23:30:03.797+0000] {processor.py:830} INFO - Processing file /home/airflow/.local/lib/python3.8/site-packages/airflow/example_dags/example_branch_operator.py for tasks to queue
[2025-03-24T23:30:03.798+0000] {logging_mixin.py:188} INFO - [2025-03-24T23:30:03.798+0000] {dagbag.py:538} INFO - Filling up the DagBag from /home/airflow/.local/lib/python3.8/site-packages/airflow/example_dags/example_branch_operator.py
[2025-03-24T23:30:03.806+0000] {processor.py:840} INFO - DAG(s) 'example_branch_operator' retrieved from /home/airflow/.local/lib/python3.8/site-packages/airflow/example_dags/example_branch_operator.py
[2025-03-24T23:30:03.818+0000] {logging_mixin.py:188} INFO - [2025-03-24T23:30:03.818+0000] {dag.py:3033} INFO - Sync 1 DAGs
[2025-03-24T23:30:03.827+0000] {logging_mixin.py:188} INFO - [2025-03-24T23:30:03.827+0000] {dag.py:3820} INFO - Setting next_dagrun for example_branch_operator to 2025-03-23T00:00:00+00:00, run_after=2025-03-24T00:00:00+00:00
[2025-03-24T23:30:03.836+0000] {processor.py:183} INFO - Processing /home/airflow/.local/lib/python3.8/site-packages/airflow/example_dags/example_branch_operator.py took 0.043 seconds
[2025-03-24T23:30:34.294+0000] {processor.py:161} INFO - Started process (PID=730) to work on /home/airflow/.local/lib/python3.8/site-packages/airflow/example_dags/example_branch_operator.py
[2025-03-24T23:30:34.294+0000] {processor.py:830} INFO - Processing file /home/airflow/.local/lib/python3.8/site-packages/airflow/example_dags/example_branch_operator.py for tasks to queue
[2025-03-24T23:30:34.295+0000] {logging_mixin.py:188} INFO - [2025-03-24T23:30:34.295+0000] {dagbag.py:538} INFO - Filling up the DagBag from /home/airflow/.local/lib/python3.8/site-packages/airflow/example_dags/example_branch_operator.py
[2025-03-24T23:30:34.304+0000] {processor.py:840} INFO - DAG(s) 'example_branch_operator' retrieved from /home/airflow/.local/lib/python3.8/site-packages/airflow/example_dags/example_branch_operator.py
[2025-03-24T23:30:34.316+0000] {logging_mixin.py:188} INFO - [2025-03-24T23:30:34.316+0000] {dag.py:3033} INFO - Sync 1 DAGs
[2025-03-24T23:30:34.327+0000] {logging_mixin.py:188} INFO - [2025-03-24T23:30:34.327+0000] {dag.py:3820} INFO - Setting next_dagrun for example_branch_operator to 2025-03-23T00:00:00+00:00, run_after=2025-03-24T00:00:00+00:00
[2025-03-24T23:30:34.335+0000] {processor.py:183} INFO - Processing /home/airflow/.local/lib/python3.8/site-packages/airflow/example_dags/example_branch_operator.py took 0.043 seconds
[2025-03-24T23:31:05.217+0000] {processor.py:161} INFO - Started process (PID=785) to work on /home/airflow/.local/lib/python3.8/site-packages/airflow/example_dags/example_branch_operator.py
[2025-03-24T23:31:05.218+0000] {processor.py:830} INFO - Processing file /home/airflow/.local/lib/python3.8/site-packages/airflow/example_dags/example_branch_operator.py for tasks to queue
[2025-03-24T23:31:05.219+0000] {logging_mixin.py:188} INFO - [2025-03-24T23:31:05.219+0000] {dagbag.py:538} INFO - Filling up the DagBag from /home/airflow/.local/lib/python3.8/site-packages/airflow/example_dags/example_branch_operator.py
[2025-03-24T23:31:05.231+0000] {processor.py:840} INFO - DAG(s) 'example_branch_operator' retrieved from /home/airflow/.local/lib/python3.8/site-packages/airflow/example_dags/example_branch_operator.py
[2025-03-24T23:31:05.244+0000] {logging_mixin.py:188} INFO - [2025-03-24T23:31:05.244+0000] {dag.py:3033} INFO - Sync 1 DAGs
[2025-03-24T23:31:05.254+0000] {logging_mixin.py:188} INFO - [2025-03-24T23:31:05.253+0000] {dag.py:3820} INFO - Setting next_dagrun for example_branch_operator to 2025-03-23T00:00:00+00:00, run_after=2025-03-24T00:00:00+00:00
[2025-03-24T23:31:05.261+0000] {processor.py:183} INFO - Processing /home/airflow/.local/lib/python3.8/site-packages/airflow/example_dags/example_branch_operator.py took 0.046 seconds
[2025-03-24T23:31:36.001+0000] {processor.py:161} INFO - Started process (PID=840) to work on /home/airflow/.local/lib/python3.8/site-packages/airflow/example_dags/example_branch_operator.py
[2025-03-24T23:31:36.002+0000] {processor.py:830} INFO - Processing file /home/airflow/.local/lib/python3.8/site-packages/airflow/example_dags/example_branch_operator.py for tasks to queue
[2025-03-24T23:31:36.003+0000] {logging_mixin.py:188} INFO - [2025-03-24T23:31:36.003+0000] {dagbag.py:538} INFO - Filling up the DagBag from /home/airflow/.local/lib/python3.8/site-packages/airflow/example_dags/example_branch_operator.py
[2025-03-24T23:31:36.012+0000] {processor.py:840} INFO - DAG(s) 'example_branch_operator' retrieved from /home/airflow/.local/lib/python3.8/site-packages/airflow/example_dags/example_branch_operator.py
[2025-03-24T23:31:36.026+0000] {logging_mixin.py:188} INFO - [2025-03-24T23:31:36.026+0000] {dag.py:3033} INFO - Sync 1 DAGs
[2025-03-24T23:31:36.037+0000] {logging_mixin.py:188} INFO - [2025-03-24T23:31:36.037+0000] {dag.py:3820} INFO - Setting next_dagrun for example_branch_operator to 2025-03-23T00:00:00+00:00, run_after=2025-03-24T00:00:00+00:00
[2025-03-24T23:31:36.049+0000] {processor.py:183} INFO - Processing /home/airflow/.local/lib/python3.8/site-packages/airflow/example_dags/example_branch_operator.py took 0.050 seconds
[2025-03-24T23:32:06.748+0000] {processor.py:161} INFO - Started process (PID=895) to work on /home/airflow/.local/lib/python3.8/site-packages/airflow/example_dags/example_branch_operator.py
[2025-03-24T23:32:06.749+0000] {processor.py:830} INFO - Processing file /home/airflow/.local/lib/python3.8/site-packages/airflow/example_dags/example_branch_operator.py for tasks to queue
[2025-03-24T23:32:06.751+0000] {logging_mixin.py:188} INFO - [2025-03-24T23:32:06.751+0000] {dagbag.py:538} INFO - Filling up the DagBag from /home/airflow/.local/lib/python3.8/site-packages/airflow/example_dags/example_branch_operator.py
[2025-03-24T23:32:06.760+0000] {processor.py:840} INFO - DAG(s) 'example_branch_operator' retrieved from /home/airflow/.local/lib/python3.8/site-packages/airflow/example_dags/example_branch_operator.py
[2025-03-24T23:32:06.775+0000] {logging_mixin.py:188} INFO - [2025-03-24T23:32:06.775+0000] {dag.py:3033} INFO - Sync 1 DAGs
[2025-03-24T23:32:06.786+0000] {logging_mixin.py:188} INFO - [2025-03-24T23:32:06.786+0000] {dag.py:3820} INFO - Setting next_dagrun for example_branch_operator to 2025-03-23T00:00:00+00:00, run_after=2025-03-24T00:00:00+00:00
[2025-03-24T23:32:06.795+0000] {processor.py:183} INFO - Processing /home/airflow/.local/lib/python3.8/site-packages/airflow/example_dags/example_branch_operator.py took 0.048 seconds
[2025-03-24T23:32:37.734+0000] {processor.py:161} INFO - Started process (PID=950) to work on /home/airflow/.local/lib/python3.8/site-packages/airflow/example_dags/example_branch_operator.py
[2025-03-24T23:32:37.735+0000] {processor.py:830} INFO - Processing file /home/airflow/.local/lib/python3.8/site-packages/airflow/example_dags/example_branch_operator.py for tasks to queue
[2025-03-24T23:32:37.736+0000] {logging_mixin.py:188} INFO - [2025-03-24T23:32:37.736+0000] {dagbag.py:538} INFO - Filling up the DagBag from /home/airflow/.local/lib/python3.8/site-packages/airflow/example_dags/example_branch_operator.py
[2025-03-24T23:32:37.744+0000] {processor.py:840} INFO - DAG(s) 'example_branch_operator' retrieved from /home/airflow/.local/lib/python3.8/site-packages/airflow/example_dags/example_branch_operator.py
[2025-03-24T23:32:37.757+0000] {logging_mixin.py:188} INFO - [2025-03-24T23:32:37.757+0000] {dag.py:3033} INFO - Sync 1 DAGs
[2025-03-24T23:32:37.768+0000] {logging_mixin.py:188} INFO - [2025-03-24T23:32:37.768+0000] {dag.py:3820} INFO - Setting next_dagrun for example_branch_operator to 2025-03-23T00:00:00+00:00, run_after=2025-03-24T00:00:00+00:00
[2025-03-24T23:32:37.776+0000] {processor.py:183} INFO - Processing /home/airflow/.local/lib/python3.8/site-packages/airflow/example_dags/example_branch_operator.py took 0.043 seconds
[2025-03-24T23:33:08.250+0000] {processor.py:161} INFO - Started process (PID=1005) to work on /home/airflow/.local/lib/python3.8/site-packages/airflow/example_dags/example_branch_operator.py
[2025-03-24T23:33:08.251+0000] {processor.py:830} INFO - Processing file /home/airflow/.local/lib/python3.8/site-packages/airflow/example_dags/example_branch_operator.py for tasks to queue
[2025-03-24T23:33:08.252+0000] {logging_mixin.py:188} INFO - [2025-03-24T23:33:08.252+0000] {dagbag.py:538} INFO - Filling up the DagBag from /home/airflow/.local/lib/python3.8/site-packages/airflow/example_dags/example_branch_operator.py
[2025-03-24T23:33:08.261+0000] {processor.py:840} INFO - DAG(s) 'example_branch_operator' retrieved from /home/airflow/.local/lib/python3.8/site-packages/airflow/example_dags/example_branch_operator.py
[2025-03-24T23:33:08.274+0000] {logging_mixin.py:188} INFO - [2025-03-24T23:33:08.274+0000] {dag.py:3033} INFO - Sync 1 DAGs
[2025-03-24T23:33:08.285+0000] {logging_mixin.py:188} INFO - [2025-03-24T23:33:08.285+0000] {dag.py:3820} INFO - Setting next_dagrun for example_branch_operator to 2025-03-23T00:00:00+00:00, run_after=2025-03-24T00:00:00+00:00
[2025-03-24T23:33:08.295+0000] {processor.py:183} INFO - Processing /home/airflow/.local/lib/python3.8/site-packages/airflow/example_dags/example_branch_operator.py took 0.046 seconds
[2025-03-24T23:33:38.866+0000] {processor.py:161} INFO - Started process (PID=1060) to work on /home/airflow/.local/lib/python3.8/site-packages/airflow/example_dags/example_branch_operator.py
[2025-03-24T23:33:38.868+0000] {processor.py:830} INFO - Processing file /home/airflow/.local/lib/python3.8/site-packages/airflow/example_dags/example_branch_operator.py for tasks to queue
[2025-03-24T23:33:38.870+0000] {logging_mixin.py:188} INFO - [2025-03-24T23:33:38.869+0000] {dagbag.py:538} INFO - Filling up the DagBag from /home/airflow/.local/lib/python3.8/site-packages/airflow/example_dags/example_branch_operator.py
[2025-03-24T23:33:38.878+0000] {processor.py:840} INFO - DAG(s) 'example_branch_operator' retrieved from /home/airflow/.local/lib/python3.8/site-packages/airflow/example_dags/example_branch_operator.py
[2025-03-24T23:33:38.890+0000] {logging_mixin.py:188} INFO - [2025-03-24T23:33:38.890+0000] {dag.py:3033} INFO - Sync 1 DAGs
[2025-03-24T23:33:38.902+0000] {logging_mixin.py:188} INFO - [2025-03-24T23:33:38.902+0000] {dag.py:3820} INFO - Setting next_dagrun for example_branch_operator to 2025-03-23T00:00:00+00:00, run_after=2025-03-24T00:00:00+00:00
[2025-03-24T23:33:38.911+0000] {processor.py:183} INFO - Processing /home/airflow/.local/lib/python3.8/site-packages/airflow/example_dags/example_branch_operator.py took 0.047 seconds
[2025-03-24T23:34:09.405+0000] {processor.py:161} INFO - Started process (PID=1115) to work on /home/airflow/.local/lib/python3.8/site-packages/airflow/example_dags/example_branch_operator.py
[2025-03-24T23:34:09.406+0000] {processor.py:830} INFO - Processing file /home/airflow/.local/lib/python3.8/site-packages/airflow/example_dags/example_branch_operator.py for tasks to queue
[2025-03-24T23:34:09.407+0000] {logging_mixin.py:188} INFO - [2025-03-24T23:34:09.407+0000] {dagbag.py:538} INFO - Filling up the DagBag from /home/airflow/.local/lib/python3.8/site-packages/airflow/example_dags/example_branch_operator.py
[2025-03-24T23:34:09.415+0000] {processor.py:840} INFO - DAG(s) 'example_branch_operator' retrieved from /home/airflow/.local/lib/python3.8/site-packages/airflow/example_dags/example_branch_operator.py
[2025-03-24T23:34:09.427+0000] {logging_mixin.py:188} INFO - [2025-03-24T23:34:09.427+0000] {dag.py:3033} INFO - Sync 1 DAGs
[2025-03-24T23:34:09.436+0000] {logging_mixin.py:188} INFO - [2025-03-24T23:34:09.436+0000] {dag.py:3820} INFO - Setting next_dagrun for example_branch_operator to 2025-03-23T00:00:00+00:00, run_after=2025-03-24T00:00:00+00:00
[2025-03-24T23:34:09.443+0000] {processor.py:183} INFO - Processing /home/airflow/.local/lib/python3.8/site-packages/airflow/example_dags/example_branch_operator.py took 0.040 seconds
[2025-03-24T23:34:40.138+0000] {processor.py:161} INFO - Started process (PID=1170) to work on /home/airflow/.local/lib/python3.8/site-packages/airflow/example_dags/example_branch_operator.py
[2025-03-24T23:34:40.138+0000] {processor.py:830} INFO - Processing file /home/airflow/.local/lib/python3.8/site-packages/airflow/example_dags/example_branch_operator.py for tasks to queue
[2025-03-24T23:34:40.139+0000] {logging_mixin.py:188} INFO - [2025-03-24T23:34:40.139+0000] {dagbag.py:538} INFO - Filling up the DagBag from /home/airflow/.local/lib/python3.8/site-packages/airflow/example_dags/example_branch_operator.py
[2025-03-24T23:34:40.149+0000] {processor.py:840} INFO - DAG(s) 'example_branch_operator' retrieved from /home/airflow/.local/lib/python3.8/site-packages/airflow/example_dags/example_branch_operator.py
[2025-03-24T23:34:40.162+0000] {logging_mixin.py:188} INFO - [2025-03-24T23:34:40.161+0000] {dag.py:3033} INFO - Sync 1 DAGs
[2025-03-24T23:34:40.171+0000] {logging_mixin.py:188} INFO - [2025-03-24T23:34:40.171+0000] {dag.py:3820} INFO - Setting next_dagrun for example_branch_operator to 2025-03-23T00:00:00+00:00, run_after=2025-03-24T00:00:00+00:00
[2025-03-24T23:34:40.181+0000] {processor.py:183} INFO - Processing /home/airflow/.local/lib/python3.8/site-packages/airflow/example_dags/example_branch_operator.py took 0.045 seconds
[2025-03-24T23:35:10.275+0000] {processor.py:161} INFO - Started process (PID=1225) to work on /home/airflow/.local/lib/python3.8/site-packages/airflow/example_dags/example_branch_operator.py
[2025-03-24T23:35:10.277+0000] {processor.py:830} INFO - Processing file /home/airflow/.local/lib/python3.8/site-packages/airflow/example_dags/example_branch_operator.py for tasks to queue
[2025-03-24T23:35:10.278+0000] {logging_mixin.py:188} INFO - [2025-03-24T23:35:10.278+0000] {dagbag.py:538} INFO - Filling up the DagBag from /home/airflow/.local/lib/python3.8/site-packages/airflow/example_dags/example_branch_operator.py
[2025-03-24T23:35:10.287+0000] {processor.py:840} INFO - DAG(s) 'example_branch_operator' retrieved from /home/airflow/.local/lib/python3.8/site-packages/airflow/example_dags/example_branch_operator.py
[2025-03-24T23:35:10.302+0000] {logging_mixin.py:188} INFO - [2025-03-24T23:35:10.302+0000] {dag.py:3033} INFO - Sync 1 DAGs
[2025-03-24T23:35:10.318+0000] {logging_mixin.py:188} INFO - [2025-03-24T23:35:10.318+0000] {dag.py:3820} INFO - Setting next_dagrun for example_branch_operator to 2025-03-23T00:00:00+00:00, run_after=2025-03-24T00:00:00+00:00
[2025-03-24T23:35:10.328+0000] {processor.py:183} INFO - Processing /home/airflow/.local/lib/python3.8/site-packages/airflow/example_dags/example_branch_operator.py took 0.055 seconds
[2025-03-24T23:35:41.096+0000] {processor.py:161} INFO - Started process (PID=1280) to work on /home/airflow/.local/lib/python3.8/site-packages/airflow/example_dags/example_branch_operator.py
[2025-03-24T23:35:41.096+0000] {processor.py:830} INFO - Processing file /home/airflow/.local/lib/python3.8/site-packages/airflow/example_dags/example_branch_operator.py for tasks to queue
[2025-03-24T23:35:41.097+0000] {logging_mixin.py:188} INFO - [2025-03-24T23:35:41.097+0000] {dagbag.py:538} INFO - Filling up the DagBag from /home/airflow/.local/lib/python3.8/site-packages/airflow/example_dags/example_branch_operator.py
[2025-03-24T23:35:41.105+0000] {processor.py:840} INFO - DAG(s) 'example_branch_operator' retrieved from /home/airflow/.local/lib/python3.8/site-packages/airflow/example_dags/example_branch_operator.py
[2025-03-24T23:35:41.120+0000] {logging_mixin.py:188} INFO - [2025-03-24T23:35:41.120+0000] {dag.py:3033} INFO - Sync 1 DAGs
[2025-03-24T23:35:41.131+0000] {logging_mixin.py:188} INFO - [2025-03-24T23:35:41.131+0000] {dag.py:3820} INFO - Setting next_dagrun for example_branch_operator to 2025-03-23T00:00:00+00:00, run_after=2025-03-24T00:00:00+00:00
[2025-03-24T23:35:41.141+0000] {processor.py:183} INFO - Processing /home/airflow/.local/lib/python3.8/site-packages/airflow/example_dags/example_branch_operator.py took 0.047 seconds
[2025-03-24T23:36:11.781+0000] {processor.py:161} INFO - Started process (PID=1335) to work on /home/airflow/.local/lib/python3.8/site-packages/airflow/example_dags/example_branch_operator.py
[2025-03-24T23:36:11.782+0000] {processor.py:830} INFO - Processing file /home/airflow/.local/lib/python3.8/site-packages/airflow/example_dags/example_branch_operator.py for tasks to queue
[2025-03-24T23:36:11.783+0000] {logging_mixin.py:188} INFO - [2025-03-24T23:36:11.783+0000] {dagbag.py:538} INFO - Filling up the DagBag from /home/airflow/.local/lib/python3.8/site-packages/airflow/example_dags/example_branch_operator.py
[2025-03-24T23:36:11.791+0000] {processor.py:840} INFO - DAG(s) 'example_branch_operator' retrieved from /home/airflow/.local/lib/python3.8/site-packages/airflow/example_dags/example_branch_operator.py
[2025-03-24T23:36:11.803+0000] {logging_mixin.py:188} INFO - [2025-03-24T23:36:11.803+0000] {dag.py:3033} INFO - Sync 1 DAGs
[2025-03-24T23:36:11.811+0000] {logging_mixin.py:188} INFO - [2025-03-24T23:36:11.811+0000] {dag.py:3820} INFO - Setting next_dagrun for example_branch_operator to 2025-03-23T00:00:00+00:00, run_after=2025-03-24T00:00:00+00:00
[2025-03-24T23:36:11.820+0000] {processor.py:183} INFO - Processing /home/airflow/.local/lib/python3.8/site-packages/airflow/example_dags/example_branch_operator.py took 0.040 seconds
[2025-03-24T23:36:42.570+0000] {processor.py:161} INFO - Started process (PID=1390) to work on /home/airflow/.local/lib/python3.8/site-packages/airflow/example_dags/example_branch_operator.py
[2025-03-24T23:36:42.571+0000] {processor.py:830} INFO - Processing file /home/airflow/.local/lib/python3.8/site-packages/airflow/example_dags/example_branch_operator.py for tasks to queue
[2025-03-24T23:36:42.573+0000] {logging_mixin.py:188} INFO - [2025-03-24T23:36:42.572+0000] {dagbag.py:538} INFO - Filling up the DagBag from /home/airflow/.local/lib/python3.8/site-packages/airflow/example_dags/example_branch_operator.py
[2025-03-24T23:36:42.581+0000] {processor.py:840} INFO - DAG(s) 'example_branch_operator' retrieved from /home/airflow/.local/lib/python3.8/site-packages/airflow/example_dags/example_branch_operator.py
[2025-03-24T23:36:42.594+0000] {logging_mixin.py:188} INFO - [2025-03-24T23:36:42.594+0000] {dag.py:3033} INFO - Sync 1 DAGs
[2025-03-24T23:36:42.606+0000] {logging_mixin.py:188} INFO - [2025-03-24T23:36:42.606+0000] {dag.py:3820} INFO - Setting next_dagrun for example_branch_operator to 2025-03-23T00:00:00+00:00, run_after=2025-03-24T00:00:00+00:00
[2025-03-24T23:36:42.638+0000] {processor.py:183} INFO - Processing /home/airflow/.local/lib/python3.8/site-packages/airflow/example_dags/example_branch_operator.py took 0.072 seconds
[2025-03-24T23:37:13.396+0000] {processor.py:161} INFO - Started process (PID=1445) to work on /home/airflow/.local/lib/python3.8/site-packages/airflow/example_dags/example_branch_operator.py
[2025-03-24T23:37:13.397+0000] {processor.py:830} INFO - Processing file /home/airflow/.local/lib/python3.8/site-packages/airflow/example_dags/example_branch_operator.py for tasks to queue
[2025-03-24T23:37:13.398+0000] {logging_mixin.py:188} INFO - [2025-03-24T23:37:13.398+0000] {dagbag.py:538} INFO - Filling up the DagBag from /home/airflow/.local/lib/python3.8/site-packages/airflow/example_dags/example_branch_operator.py
[2025-03-24T23:37:13.407+0000] {processor.py:840} INFO - DAG(s) 'example_branch_operator' retrieved from /home/airflow/.local/lib/python3.8/site-packages/airflow/example_dags/example_branch_operator.py
[2025-03-24T23:37:13.420+0000] {logging_mixin.py:188} INFO - [2025-03-24T23:37:13.420+0000] {dag.py:3033} INFO - Sync 1 DAGs
[2025-03-24T23:37:13.431+0000] {logging_mixin.py:188} INFO - [2025-03-24T23:37:13.431+0000] {dag.py:3820} INFO - Setting next_dagrun for example_branch_operator to 2025-03-23T00:00:00+00:00, run_after=2025-03-24T00:00:00+00:00
[2025-03-24T23:37:13.439+0000] {processor.py:183} INFO - Processing /home/airflow/.local/lib/python3.8/site-packages/airflow/example_dags/example_branch_operator.py took 0.045 seconds
[2025-03-24T23:37:44.174+0000] {processor.py:161} INFO - Started process (PID=1500) to work on /home/airflow/.local/lib/python3.8/site-packages/airflow/example_dags/example_branch_operator.py
[2025-03-24T23:37:44.175+0000] {processor.py:830} INFO - Processing file /home/airflow/.local/lib/python3.8/site-packages/airflow/example_dags/example_branch_operator.py for tasks to queue
[2025-03-24T23:37:44.176+0000] {logging_mixin.py:188} INFO - [2025-03-24T23:37:44.176+0000] {dagbag.py:538} INFO - Filling up the DagBag from /home/airflow/.local/lib/python3.8/site-packages/airflow/example_dags/example_branch_operator.py
[2025-03-24T23:37:44.185+0000] {processor.py:840} INFO - DAG(s) 'example_branch_operator' retrieved from /home/airflow/.local/lib/python3.8/site-packages/airflow/example_dags/example_branch_operator.py
[2025-03-24T23:37:44.198+0000] {logging_mixin.py:188} INFO - [2025-03-24T23:37:44.198+0000] {dag.py:3033} INFO - Sync 1 DAGs
[2025-03-24T23:37:44.208+0000] {logging_mixin.py:188} INFO - [2025-03-24T23:37:44.208+0000] {dag.py:3820} INFO - Setting next_dagrun for example_branch_operator to 2025-03-23T00:00:00+00:00, run_after=2025-03-24T00:00:00+00:00
[2025-03-24T23:37:44.220+0000] {processor.py:183} INFO - Processing /home/airflow/.local/lib/python3.8/site-packages/airflow/example_dags/example_branch_operator.py took 0.048 seconds
[2025-03-24T23:38:14.933+0000] {processor.py:161} INFO - Started process (PID=1555) to work on /home/airflow/.local/lib/python3.8/site-packages/airflow/example_dags/example_branch_operator.py
[2025-03-24T23:38:14.933+0000] {processor.py:830} INFO - Processing file /home/airflow/.local/lib/python3.8/site-packages/airflow/example_dags/example_branch_operator.py for tasks to queue
[2025-03-24T23:38:14.934+0000] {logging_mixin.py:188} INFO - [2025-03-24T23:38:14.934+0000] {dagbag.py:538} INFO - Filling up the DagBag from /home/airflow/.local/lib/python3.8/site-packages/airflow/example_dags/example_branch_operator.py
[2025-03-24T23:38:14.942+0000] {processor.py:840} INFO - DAG(s) 'example_branch_operator' retrieved from /home/airflow/.local/lib/python3.8/site-packages/airflow/example_dags/example_branch_operator.py
[2025-03-24T23:38:14.954+0000] {logging_mixin.py:188} INFO - [2025-03-24T23:38:14.954+0000] {dag.py:3033} INFO - Sync 1 DAGs
[2025-03-24T23:38:14.963+0000] {logging_mixin.py:188} INFO - [2025-03-24T23:38:14.963+0000] {dag.py:3820} INFO - Setting next_dagrun for example_branch_operator to 2025-03-23T00:00:00+00:00, run_after=2025-03-24T00:00:00+00:00
[2025-03-24T23:38:14.969+0000] {processor.py:183} INFO - Processing /home/airflow/.local/lib/python3.8/site-packages/airflow/example_dags/example_branch_operator.py took 0.038 seconds
[2025-03-24T23:38:45.658+0000] {processor.py:161} INFO - Started process (PID=1610) to work on /home/airflow/.local/lib/python3.8/site-packages/airflow/example_dags/example_branch_operator.py
[2025-03-24T23:38:45.659+0000] {processor.py:830} INFO - Processing file /home/airflow/.local/lib/python3.8/site-packages/airflow/example_dags/example_branch_operator.py for tasks to queue
[2025-03-24T23:38:45.660+0000] {logging_mixin.py:188} INFO - [2025-03-24T23:38:45.660+0000] {dagbag.py:538} INFO - Filling up the DagBag from /home/airflow/.local/lib/python3.8/site-packages/airflow/example_dags/example_branch_operator.py
[2025-03-24T23:38:45.668+0000] {processor.py:840} INFO - DAG(s) 'example_branch_operator' retrieved from /home/airflow/.local/lib/python3.8/site-packages/airflow/example_dags/example_branch_operator.py
[2025-03-24T23:38:45.679+0000] {logging_mixin.py:188} INFO - [2025-03-24T23:38:45.679+0000] {dag.py:3033} INFO - Sync 1 DAGs
[2025-03-24T23:38:45.688+0000] {logging_mixin.py:188} INFO - [2025-03-24T23:38:45.687+0000] {dag.py:3820} INFO - Setting next_dagrun for example_branch_operator to 2025-03-23T00:00:00+00:00, run_after=2025-03-24T00:00:00+00:00
[2025-03-24T23:38:45.695+0000] {processor.py:183} INFO - Processing /home/airflow/.local/lib/python3.8/site-packages/airflow/example_dags/example_branch_operator.py took 0.038 seconds
[2025-03-24T23:39:16.463+0000] {processor.py:161} INFO - Started process (PID=1665) to work on /home/airflow/.local/lib/python3.8/site-packages/airflow/example_dags/example_branch_operator.py
[2025-03-24T23:39:16.464+0000] {processor.py:830} INFO - Processing file /home/airflow/.local/lib/python3.8/site-packages/airflow/example_dags/example_branch_operator.py for tasks to queue
[2025-03-24T23:39:16.466+0000] {logging_mixin.py:188} INFO - [2025-03-24T23:39:16.465+0000] {dagbag.py:538} INFO - Filling up the DagBag from /home/airflow/.local/lib/python3.8/site-packages/airflow/example_dags/example_branch_operator.py
[2025-03-24T23:39:16.476+0000] {processor.py:840} INFO - DAG(s) 'example_branch_operator' retrieved from /home/airflow/.local/lib/python3.8/site-packages/airflow/example_dags/example_branch_operator.py
[2025-03-24T23:39:16.493+0000] {logging_mixin.py:188} INFO - [2025-03-24T23:39:16.492+0000] {dag.py:3033} INFO - Sync 1 DAGs
[2025-03-24T23:39:16.506+0000] {logging_mixin.py:188} INFO - [2025-03-24T23:39:16.505+0000] {dag.py:3820} INFO - Setting next_dagrun for example_branch_operator to 2025-03-23T00:00:00+00:00, run_after=2025-03-24T00:00:00+00:00
[2025-03-24T23:39:16.519+0000] {processor.py:183} INFO - Processing /home/airflow/.local/lib/python3.8/site-packages/airflow/example_dags/example_branch_operator.py took 0.059 seconds
[2025-03-24T23:39:47.347+0000] {processor.py:161} INFO - Started process (PID=1720) to work on /home/airflow/.local/lib/python3.8/site-packages/airflow/example_dags/example_branch_operator.py
[2025-03-24T23:39:47.349+0000] {processor.py:830} INFO - Processing file /home/airflow/.local/lib/python3.8/site-packages/airflow/example_dags/example_branch_operator.py for tasks to queue
[2025-03-24T23:39:47.350+0000] {logging_mixin.py:188} INFO - [2025-03-24T23:39:47.350+0000] {dagbag.py:538} INFO - Filling up the DagBag from /home/airflow/.local/lib/python3.8/site-packages/airflow/example_dags/example_branch_operator.py
[2025-03-24T23:39:47.360+0000] {processor.py:840} INFO - DAG(s) 'example_branch_operator' retrieved from /home/airflow/.local/lib/python3.8/site-packages/airflow/example_dags/example_branch_operator.py
[2025-03-24T23:39:47.412+0000] {logging_mixin.py:188} INFO - [2025-03-24T23:39:47.412+0000] {dag.py:3033} INFO - Sync 1 DAGs
[2025-03-24T23:39:47.427+0000] {logging_mixin.py:188} INFO - [2025-03-24T23:39:47.427+0000] {dag.py:3820} INFO - Setting next_dagrun for example_branch_operator to 2025-03-23T00:00:00+00:00, run_after=2025-03-24T00:00:00+00:00
[2025-03-24T23:39:47.438+0000] {processor.py:183} INFO - Processing /home/airflow/.local/lib/python3.8/site-packages/airflow/example_dags/example_branch_operator.py took 0.093 seconds
[2025-03-24T23:40:17.987+0000] {processor.py:161} INFO - Started process (PID=1775) to work on /home/airflow/.local/lib/python3.8/site-packages/airflow/example_dags/example_branch_operator.py
[2025-03-24T23:40:17.988+0000] {processor.py:830} INFO - Processing file /home/airflow/.local/lib/python3.8/site-packages/airflow/example_dags/example_branch_operator.py for tasks to queue
[2025-03-24T23:40:17.988+0000] {logging_mixin.py:188} INFO - [2025-03-24T23:40:17.988+0000] {dagbag.py:538} INFO - Filling up the DagBag from /home/airflow/.local/lib/python3.8/site-packages/airflow/example_dags/example_branch_operator.py
[2025-03-24T23:40:17.996+0000] {processor.py:840} INFO - DAG(s) 'example_branch_operator' retrieved from /home/airflow/.local/lib/python3.8/site-packages/airflow/example_dags/example_branch_operator.py
[2025-03-24T23:40:18.007+0000] {logging_mixin.py:188} INFO - [2025-03-24T23:40:18.007+0000] {dag.py:3033} INFO - Sync 1 DAGs
[2025-03-24T23:40:18.015+0000] {logging_mixin.py:188} INFO - [2025-03-24T23:40:18.015+0000] {dag.py:3820} INFO - Setting next_dagrun for example_branch_operator to 2025-03-23T00:00:00+00:00, run_after=2025-03-24T00:00:00+00:00
[2025-03-24T23:40:18.022+0000] {processor.py:183} INFO - Processing /home/airflow/.local/lib/python3.8/site-packages/airflow/example_dags/example_branch_operator.py took 0.037 seconds
[2025-03-24T23:40:48.553+0000] {processor.py:161} INFO - Started process (PID=1830) to work on /home/airflow/.local/lib/python3.8/site-packages/airflow/example_dags/example_branch_operator.py
[2025-03-24T23:40:48.555+0000] {processor.py:830} INFO - Processing file /home/airflow/.local/lib/python3.8/site-packages/airflow/example_dags/example_branch_operator.py for tasks to queue
[2025-03-24T23:40:48.556+0000] {logging_mixin.py:188} INFO - [2025-03-24T23:40:48.556+0000] {dagbag.py:538} INFO - Filling up the DagBag from /home/airflow/.local/lib/python3.8/site-packages/airflow/example_dags/example_branch_operator.py
[2025-03-24T23:40:48.563+0000] {processor.py:840} INFO - DAG(s) 'example_branch_operator' retrieved from /home/airflow/.local/lib/python3.8/site-packages/airflow/example_dags/example_branch_operator.py
[2025-03-24T23:40:48.576+0000] {logging_mixin.py:188} INFO - [2025-03-24T23:40:48.576+0000] {dag.py:3033} INFO - Sync 1 DAGs
[2025-03-24T23:40:48.585+0000] {logging_mixin.py:188} INFO - [2025-03-24T23:40:48.585+0000] {dag.py:3820} INFO - Setting next_dagrun for example_branch_operator to 2025-03-23T00:00:00+00:00, run_after=2025-03-24T00:00:00+00:00
[2025-03-24T23:40:48.595+0000] {processor.py:183} INFO - Processing /home/airflow/.local/lib/python3.8/site-packages/airflow/example_dags/example_branch_operator.py took 0.043 seconds
[2025-03-24T23:41:19.133+0000] {processor.py:161} INFO - Started process (PID=1885) to work on /home/airflow/.local/lib/python3.8/site-packages/airflow/example_dags/example_branch_operator.py
[2025-03-24T23:41:19.134+0000] {processor.py:830} INFO - Processing file /home/airflow/.local/lib/python3.8/site-packages/airflow/example_dags/example_branch_operator.py for tasks to queue
[2025-03-24T23:41:19.136+0000] {logging_mixin.py:188} INFO - [2025-03-24T23:41:19.136+0000] {dagbag.py:538} INFO - Filling up the DagBag from /home/airflow/.local/lib/python3.8/site-packages/airflow/example_dags/example_branch_operator.py
[2025-03-24T23:41:19.145+0000] {processor.py:840} INFO - DAG(s) 'example_branch_operator' retrieved from /home/airflow/.local/lib/python3.8/site-packages/airflow/example_dags/example_branch_operator.py
[2025-03-24T23:41:19.159+0000] {logging_mixin.py:188} INFO - [2025-03-24T23:41:19.159+0000] {dag.py:3033} INFO - Sync 1 DAGs
[2025-03-24T23:41:19.171+0000] {logging_mixin.py:188} INFO - [2025-03-24T23:41:19.171+0000] {dag.py:3820} INFO - Setting next_dagrun for example_branch_operator to 2025-03-23T00:00:00+00:00, run_after=2025-03-24T00:00:00+00:00
[2025-03-24T23:41:19.180+0000] {processor.py:183} INFO - Processing /home/airflow/.local/lib/python3.8/site-packages/airflow/example_dags/example_branch_operator.py took 0.049 seconds
[2025-03-24T23:41:49.767+0000] {processor.py:161} INFO - Started process (PID=1940) to work on /home/airflow/.local/lib/python3.8/site-packages/airflow/example_dags/example_branch_operator.py
[2025-03-24T23:41:49.769+0000] {processor.py:830} INFO - Processing file /home/airflow/.local/lib/python3.8/site-packages/airflow/example_dags/example_branch_operator.py for tasks to queue
[2025-03-24T23:41:49.770+0000] {logging_mixin.py:188} INFO - [2025-03-24T23:41:49.770+0000] {dagbag.py:538} INFO - Filling up the DagBag from /home/airflow/.local/lib/python3.8/site-packages/airflow/example_dags/example_branch_operator.py
[2025-03-24T23:41:49.778+0000] {processor.py:840} INFO - DAG(s) 'example_branch_operator' retrieved from /home/airflow/.local/lib/python3.8/site-packages/airflow/example_dags/example_branch_operator.py
[2025-03-24T23:41:49.789+0000] {logging_mixin.py:188} INFO - [2025-03-24T23:41:49.789+0000] {dag.py:3033} INFO - Sync 1 DAGs
[2025-03-24T23:41:49.798+0000] {logging_mixin.py:188} INFO - [2025-03-24T23:41:49.798+0000] {dag.py:3820} INFO - Setting next_dagrun for example_branch_operator to 2025-03-23T00:00:00+00:00, run_after=2025-03-24T00:00:00+00:00
[2025-03-24T23:41:49.805+0000] {processor.py:183} INFO - Processing /home/airflow/.local/lib/python3.8/site-packages/airflow/example_dags/example_branch_operator.py took 0.040 seconds
[2025-03-24T23:42:20.387+0000] {processor.py:161} INFO - Started process (PID=1995) to work on /home/airflow/.local/lib/python3.8/site-packages/airflow/example_dags/example_branch_operator.py
[2025-03-24T23:42:20.388+0000] {processor.py:830} INFO - Processing file /home/airflow/.local/lib/python3.8/site-packages/airflow/example_dags/example_branch_operator.py for tasks to queue
[2025-03-24T23:42:20.389+0000] {logging_mixin.py:188} INFO - [2025-03-24T23:42:20.389+0000] {dagbag.py:538} INFO - Filling up the DagBag from /home/airflow/.local/lib/python3.8/site-packages/airflow/example_dags/example_branch_operator.py
[2025-03-24T23:42:20.399+0000] {processor.py:840} INFO - DAG(s) 'example_branch_operator' retrieved from /home/airflow/.local/lib/python3.8/site-packages/airflow/example_dags/example_branch_operator.py
[2025-03-24T23:42:20.411+0000] {logging_mixin.py:188} INFO - [2025-03-24T23:42:20.411+0000] {dag.py:3033} INFO - Sync 1 DAGs
[2025-03-24T23:42:20.420+0000] {logging_mixin.py:188} INFO - [2025-03-24T23:42:20.420+0000] {dag.py:3820} INFO - Setting next_dagrun for example_branch_operator to 2025-03-23T00:00:00+00:00, run_after=2025-03-24T00:00:00+00:00
[2025-03-24T23:42:20.429+0000] {processor.py:183} INFO - Processing /home/airflow/.local/lib/python3.8/site-packages/airflow/example_dags/example_branch_operator.py took 0.044 seconds
[2025-03-24T23:42:50.857+0000] {processor.py:161} INFO - Started process (PID=2050) to work on /home/airflow/.local/lib/python3.8/site-packages/airflow/example_dags/example_branch_operator.py
[2025-03-24T23:42:50.858+0000] {processor.py:830} INFO - Processing file /home/airflow/.local/lib/python3.8/site-packages/airflow/example_dags/example_branch_operator.py for tasks to queue
[2025-03-24T23:42:50.860+0000] {logging_mixin.py:188} INFO - [2025-03-24T23:42:50.860+0000] {dagbag.py:538} INFO - Filling up the DagBag from /home/airflow/.local/lib/python3.8/site-packages/airflow/example_dags/example_branch_operator.py
[2025-03-24T23:42:50.869+0000] {processor.py:840} INFO - DAG(s) 'example_branch_operator' retrieved from /home/airflow/.local/lib/python3.8/site-packages/airflow/example_dags/example_branch_operator.py
[2025-03-24T23:42:50.885+0000] {logging_mixin.py:188} INFO - [2025-03-24T23:42:50.885+0000] {dag.py:3033} INFO - Sync 1 DAGs
[2025-03-24T23:42:50.896+0000] {logging_mixin.py:188} INFO - [2025-03-24T23:42:50.896+0000] {dag.py:3820} INFO - Setting next_dagrun for example_branch_operator to 2025-03-23T00:00:00+00:00, run_after=2025-03-24T00:00:00+00:00
[2025-03-24T23:42:50.906+0000] {processor.py:183} INFO - Processing /home/airflow/.local/lib/python3.8/site-packages/airflow/example_dags/example_branch_operator.py took 0.051 seconds
[2025-03-24T23:43:21.383+0000] {processor.py:161} INFO - Started process (PID=2105) to work on /home/airflow/.local/lib/python3.8/site-packages/airflow/example_dags/example_branch_operator.py
[2025-03-24T23:43:21.384+0000] {processor.py:830} INFO - Processing file /home/airflow/.local/lib/python3.8/site-packages/airflow/example_dags/example_branch_operator.py for tasks to queue
[2025-03-24T23:43:21.386+0000] {logging_mixin.py:188} INFO - [2025-03-24T23:43:21.385+0000] {dagbag.py:538} INFO - Filling up the DagBag from /home/airflow/.local/lib/python3.8/site-packages/airflow/example_dags/example_branch_operator.py
[2025-03-24T23:43:21.395+0000] {processor.py:840} INFO - DAG(s) 'example_branch_operator' retrieved from /home/airflow/.local/lib/python3.8/site-packages/airflow/example_dags/example_branch_operator.py
[2025-03-24T23:43:21.407+0000] {logging_mixin.py:188} INFO - [2025-03-24T23:43:21.407+0000] {dag.py:3033} INFO - Sync 1 DAGs
[2025-03-24T23:43:21.416+0000] {logging_mixin.py:188} INFO - [2025-03-24T23:43:21.416+0000] {dag.py:3820} INFO - Setting next_dagrun for example_branch_operator to 2025-03-23T00:00:00+00:00, run_after=2025-03-24T00:00:00+00:00
[2025-03-24T23:43:21.423+0000] {processor.py:183} INFO - Processing /home/airflow/.local/lib/python3.8/site-packages/airflow/example_dags/example_branch_operator.py took 0.042 seconds
[2025-03-24T23:43:52.056+0000] {processor.py:161} INFO - Started process (PID=2160) to work on /home/airflow/.local/lib/python3.8/site-packages/airflow/example_dags/example_branch_operator.py
[2025-03-24T23:43:52.057+0000] {processor.py:830} INFO - Processing file /home/airflow/.local/lib/python3.8/site-packages/airflow/example_dags/example_branch_operator.py for tasks to queue
[2025-03-24T23:43:52.058+0000] {logging_mixin.py:188} INFO - [2025-03-24T23:43:52.058+0000] {dagbag.py:538} INFO - Filling up the DagBag from /home/airflow/.local/lib/python3.8/site-packages/airflow/example_dags/example_branch_operator.py
[2025-03-24T23:43:52.068+0000] {processor.py:840} INFO - DAG(s) 'example_branch_operator' retrieved from /home/airflow/.local/lib/python3.8/site-packages/airflow/example_dags/example_branch_operator.py
[2025-03-24T23:43:52.081+0000] {logging_mixin.py:188} INFO - [2025-03-24T23:43:52.081+0000] {dag.py:3033} INFO - Sync 1 DAGs
[2025-03-24T23:43:52.091+0000] {logging_mixin.py:188} INFO - [2025-03-24T23:43:52.091+0000] {dag.py:3820} INFO - Setting next_dagrun for example_branch_operator to 2025-03-23T00:00:00+00:00, run_after=2025-03-24T00:00:00+00:00
[2025-03-24T23:43:52.100+0000] {processor.py:183} INFO - Processing /home/airflow/.local/lib/python3.8/site-packages/airflow/example_dags/example_branch_operator.py took 0.046 seconds
[2025-03-24T23:44:22.704+0000] {processor.py:161} INFO - Started process (PID=2215) to work on /home/airflow/.local/lib/python3.8/site-packages/airflow/example_dags/example_branch_operator.py
[2025-03-24T23:44:22.705+0000] {processor.py:830} INFO - Processing file /home/airflow/.local/lib/python3.8/site-packages/airflow/example_dags/example_branch_operator.py for tasks to queue
[2025-03-24T23:44:22.706+0000] {logging_mixin.py:188} INFO - [2025-03-24T23:44:22.706+0000] {dagbag.py:538} INFO - Filling up the DagBag from /home/airflow/.local/lib/python3.8/site-packages/airflow/example_dags/example_branch_operator.py
[2025-03-24T23:44:22.714+0000] {processor.py:840} INFO - DAG(s) 'example_branch_operator' retrieved from /home/airflow/.local/lib/python3.8/site-packages/airflow/example_dags/example_branch_operator.py
[2025-03-24T23:44:22.726+0000] {logging_mixin.py:188} INFO - [2025-03-24T23:44:22.726+0000] {dag.py:3033} INFO - Sync 1 DAGs
[2025-03-24T23:44:22.739+0000] {logging_mixin.py:188} INFO - [2025-03-24T23:44:22.739+0000] {dag.py:3820} INFO - Setting next_dagrun for example_branch_operator to 2025-03-23T00:00:00+00:00, run_after=2025-03-24T00:00:00+00:00
[2025-03-24T23:44:22.749+0000] {processor.py:183} INFO - Processing /home/airflow/.local/lib/python3.8/site-packages/airflow/example_dags/example_branch_operator.py took 0.046 seconds
[2025-03-24T23:44:53.383+0000] {processor.py:161} INFO - Started process (PID=2270) to work on /home/airflow/.local/lib/python3.8/site-packages/airflow/example_dags/example_branch_operator.py
[2025-03-24T23:44:53.384+0000] {processor.py:830} INFO - Processing file /home/airflow/.local/lib/python3.8/site-packages/airflow/example_dags/example_branch_operator.py for tasks to queue
[2025-03-24T23:44:53.385+0000] {logging_mixin.py:188} INFO - [2025-03-24T23:44:53.385+0000] {dagbag.py:538} INFO - Filling up the DagBag from /home/airflow/.local/lib/python3.8/site-packages/airflow/example_dags/example_branch_operator.py
[2025-03-24T23:44:53.392+0000] {processor.py:840} INFO - DAG(s) 'example_branch_operator' retrieved from /home/airflow/.local/lib/python3.8/site-packages/airflow/example_dags/example_branch_operator.py
[2025-03-24T23:44:53.403+0000] {logging_mixin.py:188} INFO - [2025-03-24T23:44:53.403+0000] {dag.py:3033} INFO - Sync 1 DAGs
[2025-03-24T23:44:53.410+0000] {logging_mixin.py:188} INFO - [2025-03-24T23:44:53.410+0000] {dag.py:3820} INFO - Setting next_dagrun for example_branch_operator to 2025-03-23T00:00:00+00:00, run_after=2025-03-24T00:00:00+00:00
[2025-03-24T23:44:53.417+0000] {processor.py:183} INFO - Processing /home/airflow/.local/lib/python3.8/site-packages/airflow/example_dags/example_branch_operator.py took 0.035 seconds
[2025-03-24T23:45:23.840+0000] {processor.py:161} INFO - Started process (PID=2325) to work on /home/airflow/.local/lib/python3.8/site-packages/airflow/example_dags/example_branch_operator.py
[2025-03-24T23:45:23.840+0000] {processor.py:830} INFO - Processing file /home/airflow/.local/lib/python3.8/site-packages/airflow/example_dags/example_branch_operator.py for tasks to queue
[2025-03-24T23:45:23.841+0000] {logging_mixin.py:188} INFO - [2025-03-24T23:45:23.841+0000] {dagbag.py:538} INFO - Filling up the DagBag from /home/airflow/.local/lib/python3.8/site-packages/airflow/example_dags/example_branch_operator.py
[2025-03-24T23:45:23.848+0000] {processor.py:840} INFO - DAG(s) 'example_branch_operator' retrieved from /home/airflow/.local/lib/python3.8/site-packages/airflow/example_dags/example_branch_operator.py
[2025-03-24T23:45:23.860+0000] {logging_mixin.py:188} INFO - [2025-03-24T23:45:23.860+0000] {dag.py:3033} INFO - Sync 1 DAGs
[2025-03-24T23:45:23.869+0000] {logging_mixin.py:188} INFO - [2025-03-24T23:45:23.869+0000] {dag.py:3820} INFO - Setting next_dagrun for example_branch_operator to 2025-03-23T00:00:00+00:00, run_after=2025-03-24T00:00:00+00:00
[2025-03-24T23:45:23.944+0000] {processor.py:183} INFO - Processing /home/airflow/.local/lib/python3.8/site-packages/airflow/example_dags/example_branch_operator.py took 0.105 seconds
[2025-03-24T23:45:54.514+0000] {processor.py:161} INFO - Started process (PID=2379) to work on /home/airflow/.local/lib/python3.8/site-packages/airflow/example_dags/example_branch_operator.py
[2025-03-24T23:45:54.515+0000] {processor.py:830} INFO - Processing file /home/airflow/.local/lib/python3.8/site-packages/airflow/example_dags/example_branch_operator.py for tasks to queue
[2025-03-24T23:45:54.516+0000] {logging_mixin.py:188} INFO - [2025-03-24T23:45:54.516+0000] {dagbag.py:538} INFO - Filling up the DagBag from /home/airflow/.local/lib/python3.8/site-packages/airflow/example_dags/example_branch_operator.py
[2025-03-24T23:45:54.524+0000] {processor.py:840} INFO - DAG(s) 'example_branch_operator' retrieved from /home/airflow/.local/lib/python3.8/site-packages/airflow/example_dags/example_branch_operator.py
[2025-03-24T23:45:54.536+0000] {logging_mixin.py:188} INFO - [2025-03-24T23:45:54.536+0000] {dag.py:3033} INFO - Sync 1 DAGs
[2025-03-24T23:45:54.545+0000] {logging_mixin.py:188} INFO - [2025-03-24T23:45:54.545+0000] {dag.py:3820} INFO - Setting next_dagrun for example_branch_operator to 2025-03-23T00:00:00+00:00, run_after=2025-03-24T00:00:00+00:00
[2025-03-24T23:45:54.552+0000] {processor.py:183} INFO - Processing /home/airflow/.local/lib/python3.8/site-packages/airflow/example_dags/example_branch_operator.py took 0.040 seconds
[2025-03-24T23:46:25.435+0000] {processor.py:161} INFO - Started process (PID=2434) to work on /home/airflow/.local/lib/python3.8/site-packages/airflow/example_dags/example_branch_operator.py
[2025-03-24T23:46:25.435+0000] {processor.py:830} INFO - Processing file /home/airflow/.local/lib/python3.8/site-packages/airflow/example_dags/example_branch_operator.py for tasks to queue
[2025-03-24T23:46:25.436+0000] {logging_mixin.py:188} INFO - [2025-03-24T23:46:25.436+0000] {dagbag.py:538} INFO - Filling up the DagBag from /home/airflow/.local/lib/python3.8/site-packages/airflow/example_dags/example_branch_operator.py
[2025-03-24T23:46:25.444+0000] {processor.py:840} INFO - DAG(s) 'example_branch_operator' retrieved from /home/airflow/.local/lib/python3.8/site-packages/airflow/example_dags/example_branch_operator.py
[2025-03-24T23:46:25.457+0000] {logging_mixin.py:188} INFO - [2025-03-24T23:46:25.457+0000] {dag.py:3033} INFO - Sync 1 DAGs
[2025-03-24T23:46:25.466+0000] {logging_mixin.py:188} INFO - [2025-03-24T23:46:25.466+0000] {dag.py:3820} INFO - Setting next_dagrun for example_branch_operator to 2025-03-23T00:00:00+00:00, run_after=2025-03-24T00:00:00+00:00
[2025-03-24T23:46:25.476+0000] {processor.py:183} INFO - Processing /home/airflow/.local/lib/python3.8/site-packages/airflow/example_dags/example_branch_operator.py took 0.043 seconds
[2025-03-24T23:46:56.230+0000] {processor.py:161} INFO - Started process (PID=2489) to work on /home/airflow/.local/lib/python3.8/site-packages/airflow/example_dags/example_branch_operator.py
[2025-03-24T23:46:56.232+0000] {processor.py:830} INFO - Processing file /home/airflow/.local/lib/python3.8/site-packages/airflow/example_dags/example_branch_operator.py for tasks to queue
[2025-03-24T23:46:56.233+0000] {logging_mixin.py:188} INFO - [2025-03-24T23:46:56.233+0000] {dagbag.py:538} INFO - Filling up the DagBag from /home/airflow/.local/lib/python3.8/site-packages/airflow/example_dags/example_branch_operator.py
[2025-03-24T23:46:56.243+0000] {processor.py:840} INFO - DAG(s) 'example_branch_operator' retrieved from /home/airflow/.local/lib/python3.8/site-packages/airflow/example_dags/example_branch_operator.py
[2025-03-24T23:46:56.256+0000] {logging_mixin.py:188} INFO - [2025-03-24T23:46:56.256+0000] {dag.py:3033} INFO - Sync 1 DAGs
[2025-03-24T23:46:56.267+0000] {logging_mixin.py:188} INFO - [2025-03-24T23:46:56.267+0000] {dag.py:3820} INFO - Setting next_dagrun for example_branch_operator to 2025-03-23T00:00:00+00:00, run_after=2025-03-24T00:00:00+00:00
[2025-03-24T23:46:56.365+0000] {processor.py:183} INFO - Processing /home/airflow/.local/lib/python3.8/site-packages/airflow/example_dags/example_branch_operator.py took 0.136 seconds
[2025-03-24T23:47:27.375+0000] {processor.py:161} INFO - Started process (PID=2545) to work on /home/airflow/.local/lib/python3.8/site-packages/airflow/example_dags/example_branch_operator.py
[2025-03-24T23:47:27.377+0000] {processor.py:830} INFO - Processing file /home/airflow/.local/lib/python3.8/site-packages/airflow/example_dags/example_branch_operator.py for tasks to queue
[2025-03-24T23:47:27.378+0000] {logging_mixin.py:188} INFO - [2025-03-24T23:47:27.378+0000] {dagbag.py:538} INFO - Filling up the DagBag from /home/airflow/.local/lib/python3.8/site-packages/airflow/example_dags/example_branch_operator.py
[2025-03-24T23:47:27.393+0000] {processor.py:840} INFO - DAG(s) 'example_branch_operator' retrieved from /home/airflow/.local/lib/python3.8/site-packages/airflow/example_dags/example_branch_operator.py
[2025-03-24T23:47:27.411+0000] {logging_mixin.py:188} INFO - [2025-03-24T23:47:27.411+0000] {dag.py:3033} INFO - Sync 1 DAGs
[2025-03-24T23:47:27.424+0000] {logging_mixin.py:188} INFO - [2025-03-24T23:47:27.424+0000] {dag.py:3820} INFO - Setting next_dagrun for example_branch_operator to 2025-03-23T00:00:00+00:00, run_after=2025-03-24T00:00:00+00:00
[2025-03-24T23:47:27.434+0000] {processor.py:183} INFO - Processing /home/airflow/.local/lib/python3.8/site-packages/airflow/example_dags/example_branch_operator.py took 0.062 seconds
[2025-03-24T23:47:57.519+0000] {processor.py:161} INFO - Started process (PID=2600) to work on /home/airflow/.local/lib/python3.8/site-packages/airflow/example_dags/example_branch_operator.py
[2025-03-24T23:47:57.521+0000] {processor.py:830} INFO - Processing file /home/airflow/.local/lib/python3.8/site-packages/airflow/example_dags/example_branch_operator.py for tasks to queue
[2025-03-24T23:47:57.522+0000] {logging_mixin.py:188} INFO - [2025-03-24T23:47:57.522+0000] {dagbag.py:538} INFO - Filling up the DagBag from /home/airflow/.local/lib/python3.8/site-packages/airflow/example_dags/example_branch_operator.py
[2025-03-24T23:47:57.536+0000] {processor.py:840} INFO - DAG(s) 'example_branch_operator' retrieved from /home/airflow/.local/lib/python3.8/site-packages/airflow/example_dags/example_branch_operator.py
[2025-03-24T23:47:57.556+0000] {logging_mixin.py:188} INFO - [2025-03-24T23:47:57.556+0000] {dag.py:3033} INFO - Sync 1 DAGs
[2025-03-24T23:47:57.571+0000] {logging_mixin.py:188} INFO - [2025-03-24T23:47:57.571+0000] {dag.py:3820} INFO - Setting next_dagrun for example_branch_operator to 2025-03-23T00:00:00+00:00, run_after=2025-03-24T00:00:00+00:00
[2025-03-24T23:47:57.582+0000] {processor.py:183} INFO - Processing /home/airflow/.local/lib/python3.8/site-packages/airflow/example_dags/example_branch_operator.py took 0.066 seconds
[2025-03-24T23:48:27.635+0000] {processor.py:161} INFO - Started process (PID=2655) to work on /home/airflow/.local/lib/python3.8/site-packages/airflow/example_dags/example_branch_operator.py
[2025-03-24T23:48:27.635+0000] {processor.py:830} INFO - Processing file /home/airflow/.local/lib/python3.8/site-packages/airflow/example_dags/example_branch_operator.py for tasks to queue
[2025-03-24T23:48:27.636+0000] {logging_mixin.py:188} INFO - [2025-03-24T23:48:27.636+0000] {dagbag.py:538} INFO - Filling up the DagBag from /home/airflow/.local/lib/python3.8/site-packages/airflow/example_dags/example_branch_operator.py
[2025-03-24T23:48:27.644+0000] {processor.py:840} INFO - DAG(s) 'example_branch_operator' retrieved from /home/airflow/.local/lib/python3.8/site-packages/airflow/example_dags/example_branch_operator.py
[2025-03-24T23:48:27.655+0000] {logging_mixin.py:188} INFO - [2025-03-24T23:48:27.655+0000] {dag.py:3033} INFO - Sync 1 DAGs
[2025-03-24T23:48:27.738+0000] {logging_mixin.py:188} INFO - [2025-03-24T23:48:27.738+0000] {dag.py:3820} INFO - Setting next_dagrun for example_branch_operator to 2025-03-23T00:00:00+00:00, run_after=2025-03-24T00:00:00+00:00
[2025-03-24T23:48:27.748+0000] {processor.py:183} INFO - Processing /home/airflow/.local/lib/python3.8/site-packages/airflow/example_dags/example_branch_operator.py took 0.115 seconds
[2025-03-24T23:48:58.012+0000] {processor.py:161} INFO - Started process (PID=2709) to work on /home/airflow/.local/lib/python3.8/site-packages/airflow/example_dags/example_branch_operator.py
[2025-03-24T23:48:58.012+0000] {processor.py:830} INFO - Processing file /home/airflow/.local/lib/python3.8/site-packages/airflow/example_dags/example_branch_operator.py for tasks to queue
[2025-03-24T23:48:58.014+0000] {logging_mixin.py:188} INFO - [2025-03-24T23:48:58.013+0000] {dagbag.py:538} INFO - Filling up the DagBag from /home/airflow/.local/lib/python3.8/site-packages/airflow/example_dags/example_branch_operator.py
[2025-03-24T23:48:58.022+0000] {processor.py:840} INFO - DAG(s) 'example_branch_operator' retrieved from /home/airflow/.local/lib/python3.8/site-packages/airflow/example_dags/example_branch_operator.py
[2025-03-24T23:48:58.035+0000] {logging_mixin.py:188} INFO - [2025-03-24T23:48:58.035+0000] {dag.py:3033} INFO - Sync 1 DAGs
[2025-03-24T23:48:58.044+0000] {logging_mixin.py:188} INFO - [2025-03-24T23:48:58.043+0000] {dag.py:3820} INFO - Setting next_dagrun for example_branch_operator to 2025-03-23T00:00:00+00:00, run_after=2025-03-24T00:00:00+00:00
[2025-03-24T23:48:58.051+0000] {processor.py:183} INFO - Processing /home/airflow/.local/lib/python3.8/site-packages/airflow/example_dags/example_branch_operator.py took 0.041 seconds
[2025-03-24T23:49:28.222+0000] {processor.py:161} INFO - Started process (PID=2764) to work on /home/airflow/.local/lib/python3.8/site-packages/airflow/example_dags/example_branch_operator.py
[2025-03-24T23:49:28.223+0000] {processor.py:830} INFO - Processing file /home/airflow/.local/lib/python3.8/site-packages/airflow/example_dags/example_branch_operator.py for tasks to queue
[2025-03-24T23:49:28.224+0000] {logging_mixin.py:188} INFO - [2025-03-24T23:49:28.224+0000] {dagbag.py:538} INFO - Filling up the DagBag from /home/airflow/.local/lib/python3.8/site-packages/airflow/example_dags/example_branch_operator.py
[2025-03-24T23:49:28.232+0000] {processor.py:840} INFO - DAG(s) 'example_branch_operator' retrieved from /home/airflow/.local/lib/python3.8/site-packages/airflow/example_dags/example_branch_operator.py
[2025-03-24T23:49:28.246+0000] {logging_mixin.py:188} INFO - [2025-03-24T23:49:28.246+0000] {dag.py:3033} INFO - Sync 1 DAGs
[2025-03-24T23:49:28.256+0000] {logging_mixin.py:188} INFO - [2025-03-24T23:49:28.256+0000] {dag.py:3820} INFO - Setting next_dagrun for example_branch_operator to 2025-03-23T00:00:00+00:00, run_after=2025-03-24T00:00:00+00:00
[2025-03-24T23:49:28.268+0000] {processor.py:183} INFO - Processing /home/airflow/.local/lib/python3.8/site-packages/airflow/example_dags/example_branch_operator.py took 0.047 seconds
[2025-03-24T23:49:58.800+0000] {processor.py:161} INFO - Started process (PID=2818) to work on /home/airflow/.local/lib/python3.8/site-packages/airflow/example_dags/example_branch_operator.py
[2025-03-24T23:49:58.801+0000] {processor.py:830} INFO - Processing file /home/airflow/.local/lib/python3.8/site-packages/airflow/example_dags/example_branch_operator.py for tasks to queue
[2025-03-24T23:49:58.802+0000] {logging_mixin.py:188} INFO - [2025-03-24T23:49:58.802+0000] {dagbag.py:538} INFO - Filling up the DagBag from /home/airflow/.local/lib/python3.8/site-packages/airflow/example_dags/example_branch_operator.py
[2025-03-24T23:49:58.819+0000] {processor.py:840} INFO - DAG(s) 'example_branch_operator' retrieved from /home/airflow/.local/lib/python3.8/site-packages/airflow/example_dags/example_branch_operator.py
[2025-03-24T23:49:58.937+0000] {logging_mixin.py:188} INFO - [2025-03-24T23:49:58.937+0000] {dag.py:3033} INFO - Sync 1 DAGs
[2025-03-24T23:49:58.951+0000] {logging_mixin.py:188} INFO - [2025-03-24T23:49:58.951+0000] {dag.py:3820} INFO - Setting next_dagrun for example_branch_operator to 2025-03-23T00:00:00+00:00, run_after=2025-03-24T00:00:00+00:00
[2025-03-24T23:49:58.960+0000] {processor.py:183} INFO - Processing /home/airflow/.local/lib/python3.8/site-packages/airflow/example_dags/example_branch_operator.py took 0.161 seconds
[2025-03-24T23:50:29.611+0000] {processor.py:161} INFO - Started process (PID=2873) to work on /home/airflow/.local/lib/python3.8/site-packages/airflow/example_dags/example_branch_operator.py
[2025-03-24T23:50:29.612+0000] {processor.py:830} INFO - Processing file /home/airflow/.local/lib/python3.8/site-packages/airflow/example_dags/example_branch_operator.py for tasks to queue
[2025-03-24T23:50:29.613+0000] {logging_mixin.py:188} INFO - [2025-03-24T23:50:29.613+0000] {dagbag.py:538} INFO - Filling up the DagBag from /home/airflow/.local/lib/python3.8/site-packages/airflow/example_dags/example_branch_operator.py
[2025-03-24T23:50:29.621+0000] {processor.py:840} INFO - DAG(s) 'example_branch_operator' retrieved from /home/airflow/.local/lib/python3.8/site-packages/airflow/example_dags/example_branch_operator.py
[2025-03-24T23:50:29.633+0000] {logging_mixin.py:188} INFO - [2025-03-24T23:50:29.633+0000] {dag.py:3033} INFO - Sync 1 DAGs
[2025-03-24T23:50:29.714+0000] {logging_mixin.py:188} INFO - [2025-03-24T23:50:29.714+0000] {dag.py:3820} INFO - Setting next_dagrun for example_branch_operator to 2025-03-23T00:00:00+00:00, run_after=2025-03-24T00:00:00+00:00
[2025-03-24T23:50:29.725+0000] {processor.py:183} INFO - Processing /home/airflow/.local/lib/python3.8/site-packages/airflow/example_dags/example_branch_operator.py took 0.115 seconds
[2025-03-24T23:51:00.455+0000] {processor.py:161} INFO - Started process (PID=2928) to work on /home/airflow/.local/lib/python3.8/site-packages/airflow/example_dags/example_branch_operator.py
[2025-03-24T23:51:00.456+0000] {processor.py:830} INFO - Processing file /home/airflow/.local/lib/python3.8/site-packages/airflow/example_dags/example_branch_operator.py for tasks to queue
[2025-03-24T23:51:00.458+0000] {logging_mixin.py:188} INFO - [2025-03-24T23:51:00.458+0000] {dagbag.py:538} INFO - Filling up the DagBag from /home/airflow/.local/lib/python3.8/site-packages/airflow/example_dags/example_branch_operator.py
[2025-03-24T23:51:00.467+0000] {processor.py:840} INFO - DAG(s) 'example_branch_operator' retrieved from /home/airflow/.local/lib/python3.8/site-packages/airflow/example_dags/example_branch_operator.py
[2025-03-24T23:51:00.483+0000] {logging_mixin.py:188} INFO - [2025-03-24T23:51:00.483+0000] {dag.py:3033} INFO - Sync 1 DAGs
[2025-03-24T23:51:00.495+0000] {logging_mixin.py:188} INFO - [2025-03-24T23:51:00.495+0000] {dag.py:3820} INFO - Setting next_dagrun for example_branch_operator to 2025-03-23T00:00:00+00:00, run_after=2025-03-24T00:00:00+00:00
[2025-03-24T23:51:00.511+0000] {processor.py:183} INFO - Processing /home/airflow/.local/lib/python3.8/site-packages/airflow/example_dags/example_branch_operator.py took 0.058 seconds
[2025-03-24T23:51:31.197+0000] {processor.py:161} INFO - Started process (PID=2983) to work on /home/airflow/.local/lib/python3.8/site-packages/airflow/example_dags/example_branch_operator.py
[2025-03-24T23:51:31.199+0000] {processor.py:830} INFO - Processing file /home/airflow/.local/lib/python3.8/site-packages/airflow/example_dags/example_branch_operator.py for tasks to queue
[2025-03-24T23:51:31.200+0000] {logging_mixin.py:188} INFO - [2025-03-24T23:51:31.200+0000] {dagbag.py:538} INFO - Filling up the DagBag from /home/airflow/.local/lib/python3.8/site-packages/airflow/example_dags/example_branch_operator.py
[2025-03-24T23:51:31.214+0000] {processor.py:840} INFO - DAG(s) 'example_branch_operator' retrieved from /home/airflow/.local/lib/python3.8/site-packages/airflow/example_dags/example_branch_operator.py
[2025-03-24T23:51:31.230+0000] {logging_mixin.py:188} INFO - [2025-03-24T23:51:31.230+0000] {dag.py:3033} INFO - Sync 1 DAGs
[2025-03-24T23:51:31.243+0000] {logging_mixin.py:188} INFO - [2025-03-24T23:51:31.243+0000] {dag.py:3820} INFO - Setting next_dagrun for example_branch_operator to 2025-03-23T00:00:00+00:00, run_after=2025-03-24T00:00:00+00:00
[2025-03-24T23:51:31.256+0000] {processor.py:183} INFO - Processing /home/airflow/.local/lib/python3.8/site-packages/airflow/example_dags/example_branch_operator.py took 0.062 seconds
