[2025-03-24T23:24:26.793+0000] {processor.py:161} INFO - Started process (PID=72) to work on /home/airflow/.local/lib/python3.8/site-packages/airflow/example_dags/example_branch_day_of_week_operator.py
[2025-03-24T23:24:26.794+0000] {processor.py:830} INFO - Processing file /home/airflow/.local/lib/python3.8/site-packages/airflow/example_dags/example_branch_day_of_week_operator.py for tasks to queue
[2025-03-24T23:24:26.797+0000] {logging_mixin.py:188} INFO - [2025-03-24T23:24:26.797+0000] {dagbag.py:538} INFO - Filling up the DagBag from /home/airflow/.local/lib/python3.8/site-packages/airflow/example_dags/example_branch_day_of_week_operator.py
[2025-03-24T23:24:26.805+0000] {processor.py:840} INFO - DAG(s) 'example_weekday_branch_operator' retrieved from /home/airflow/.local/lib/python3.8/site-packages/airflow/example_dags/example_branch_day_of_week_operator.py
[2025-03-24T23:24:26.815+0000] {logging_mixin.py:188} INFO - [2025-03-24T23:24:26.815+0000] {dag.py:3033} INFO - Sync 1 DAGs
[2025-03-24T23:24:26.841+0000] {logging_mixin.py:188} INFO - [2025-03-24T23:24:26.841+0000] {dag.py:3820} INFO - Setting next_dagrun for example_weekday_branch_operator to 2025-03-23T00:00:00+00:00, run_after=2025-03-24T00:00:00+00:00
[2025-03-24T23:24:26.854+0000] {processor.py:183} INFO - Processing /home/airflow/.local/lib/python3.8/site-packages/airflow/example_dags/example_branch_day_of_week_operator.py took 0.063 seconds
[2025-03-24T23:24:57.023+0000] {processor.py:161} INFO - Started process (PID=127) to work on /home/airflow/.local/lib/python3.8/site-packages/airflow/example_dags/example_branch_day_of_week_operator.py
[2025-03-24T23:24:57.024+0000] {processor.py:830} INFO - Processing file /home/airflow/.local/lib/python3.8/site-packages/airflow/example_dags/example_branch_day_of_week_operator.py for tasks to queue
[2025-03-24T23:24:57.024+0000] {logging_mixin.py:188} INFO - [2025-03-24T23:24:57.024+0000] {dagbag.py:538} INFO - Filling up the DagBag from /home/airflow/.local/lib/python3.8/site-packages/airflow/example_dags/example_branch_day_of_week_operator.py
[2025-03-24T23:24:57.028+0000] {processor.py:840} INFO - DAG(s) 'example_weekday_branch_operator' retrieved from /home/airflow/.local/lib/python3.8/site-packages/airflow/example_dags/example_branch_day_of_week_operator.py
[2025-03-24T23:24:57.072+0000] {logging_mixin.py:188} INFO - [2025-03-24T23:24:57.072+0000] {dag.py:3033} INFO - Sync 1 DAGs
[2025-03-24T23:24:57.082+0000] {logging_mixin.py:188} INFO - [2025-03-24T23:24:57.082+0000] {dag.py:3820} INFO - Setting next_dagrun for example_weekday_branch_operator to 2025-03-23T00:00:00+00:00, run_after=2025-03-24T00:00:00+00:00
[2025-03-24T23:24:57.092+0000] {processor.py:183} INFO - Processing /home/airflow/.local/lib/python3.8/site-packages/airflow/example_dags/example_branch_day_of_week_operator.py took 0.070 seconds
[2025-03-24T23:25:27.936+0000] {processor.py:161} INFO - Started process (PID=182) to work on /home/airflow/.local/lib/python3.8/site-packages/airflow/example_dags/example_branch_day_of_week_operator.py
[2025-03-24T23:25:27.937+0000] {processor.py:830} INFO - Processing file /home/airflow/.local/lib/python3.8/site-packages/airflow/example_dags/example_branch_day_of_week_operator.py for tasks to queue
[2025-03-24T23:25:27.938+0000] {logging_mixin.py:188} INFO - [2025-03-24T23:25:27.938+0000] {dagbag.py:538} INFO - Filling up the DagBag from /home/airflow/.local/lib/python3.8/site-packages/airflow/example_dags/example_branch_day_of_week_operator.py
[2025-03-24T23:25:27.941+0000] {processor.py:840} INFO - DAG(s) 'example_weekday_branch_operator' retrieved from /home/airflow/.local/lib/python3.8/site-packages/airflow/example_dags/example_branch_day_of_week_operator.py
[2025-03-24T23:25:27.951+0000] {logging_mixin.py:188} INFO - [2025-03-24T23:25:27.951+0000] {dag.py:3033} INFO - Sync 1 DAGs
[2025-03-24T23:25:27.962+0000] {logging_mixin.py:188} INFO - [2025-03-24T23:25:27.962+0000] {dag.py:3820} INFO - Setting next_dagrun for example_weekday_branch_operator to 2025-03-23T00:00:00+00:00, run_after=2025-03-24T00:00:00+00:00
[2025-03-24T23:25:27.973+0000] {processor.py:183} INFO - Processing /home/airflow/.local/lib/python3.8/site-packages/airflow/example_dags/example_branch_day_of_week_operator.py took 0.038 seconds
[2025-03-24T23:25:58.438+0000] {processor.py:161} INFO - Started process (PID=237) to work on /home/airflow/.local/lib/python3.8/site-packages/airflow/example_dags/example_branch_day_of_week_operator.py
[2025-03-24T23:25:58.439+0000] {processor.py:830} INFO - Processing file /home/airflow/.local/lib/python3.8/site-packages/airflow/example_dags/example_branch_day_of_week_operator.py for tasks to queue
[2025-03-24T23:25:58.440+0000] {logging_mixin.py:188} INFO - [2025-03-24T23:25:58.439+0000] {dagbag.py:538} INFO - Filling up the DagBag from /home/airflow/.local/lib/python3.8/site-packages/airflow/example_dags/example_branch_day_of_week_operator.py
[2025-03-24T23:25:58.443+0000] {processor.py:840} INFO - DAG(s) 'example_weekday_branch_operator' retrieved from /home/airflow/.local/lib/python3.8/site-packages/airflow/example_dags/example_branch_day_of_week_operator.py
[2025-03-24T23:25:58.451+0000] {logging_mixin.py:188} INFO - [2025-03-24T23:25:58.451+0000] {dag.py:3033} INFO - Sync 1 DAGs
[2025-03-24T23:25:58.458+0000] {logging_mixin.py:188} INFO - [2025-03-24T23:25:58.458+0000] {dag.py:3820} INFO - Setting next_dagrun for example_weekday_branch_operator to 2025-03-23T00:00:00+00:00, run_after=2025-03-24T00:00:00+00:00
[2025-03-24T23:25:58.464+0000] {processor.py:183} INFO - Processing /home/airflow/.local/lib/python3.8/site-packages/airflow/example_dags/example_branch_day_of_week_operator.py took 0.027 seconds
[2025-03-24T23:26:29.188+0000] {processor.py:161} INFO - Started process (PID=298) to work on /home/airflow/.local/lib/python3.8/site-packages/airflow/example_dags/example_branch_day_of_week_operator.py
[2025-03-24T23:26:29.189+0000] {processor.py:830} INFO - Processing file /home/airflow/.local/lib/python3.8/site-packages/airflow/example_dags/example_branch_day_of_week_operator.py for tasks to queue
[2025-03-24T23:26:29.190+0000] {logging_mixin.py:188} INFO - [2025-03-24T23:26:29.190+0000] {dagbag.py:538} INFO - Filling up the DagBag from /home/airflow/.local/lib/python3.8/site-packages/airflow/example_dags/example_branch_day_of_week_operator.py
[2025-03-24T23:26:29.194+0000] {processor.py:840} INFO - DAG(s) 'example_weekday_branch_operator' retrieved from /home/airflow/.local/lib/python3.8/site-packages/airflow/example_dags/example_branch_day_of_week_operator.py
[2025-03-24T23:26:29.205+0000] {logging_mixin.py:188} INFO - [2025-03-24T23:26:29.205+0000] {dag.py:3033} INFO - Sync 1 DAGs
[2025-03-24T23:26:29.215+0000] {logging_mixin.py:188} INFO - [2025-03-24T23:26:29.215+0000] {dag.py:3820} INFO - Setting next_dagrun for example_weekday_branch_operator to 2025-03-23T00:00:00+00:00, run_after=2025-03-24T00:00:00+00:00
[2025-03-24T23:26:29.224+0000] {processor.py:183} INFO - Processing /home/airflow/.local/lib/python3.8/site-packages/airflow/example_dags/example_branch_day_of_week_operator.py took 0.038 seconds
[2025-03-24T23:26:59.739+0000] {processor.py:161} INFO - Started process (PID=353) to work on /home/airflow/.local/lib/python3.8/site-packages/airflow/example_dags/example_branch_day_of_week_operator.py
[2025-03-24T23:26:59.739+0000] {processor.py:830} INFO - Processing file /home/airflow/.local/lib/python3.8/site-packages/airflow/example_dags/example_branch_day_of_week_operator.py for tasks to queue
[2025-03-24T23:26:59.740+0000] {logging_mixin.py:188} INFO - [2025-03-24T23:26:59.740+0000] {dagbag.py:538} INFO - Filling up the DagBag from /home/airflow/.local/lib/python3.8/site-packages/airflow/example_dags/example_branch_day_of_week_operator.py
[2025-03-24T23:26:59.743+0000] {processor.py:840} INFO - DAG(s) 'example_weekday_branch_operator' retrieved from /home/airflow/.local/lib/python3.8/site-packages/airflow/example_dags/example_branch_day_of_week_operator.py
[2025-03-24T23:26:59.751+0000] {logging_mixin.py:188} INFO - [2025-03-24T23:26:59.751+0000] {dag.py:3033} INFO - Sync 1 DAGs
[2025-03-24T23:26:59.759+0000] {logging_mixin.py:188} INFO - [2025-03-24T23:26:59.759+0000] {dag.py:3820} INFO - Setting next_dagrun for example_weekday_branch_operator to 2025-03-23T00:00:00+00:00, run_after=2025-03-24T00:00:00+00:00
[2025-03-24T23:26:59.765+0000] {processor.py:183} INFO - Processing /home/airflow/.local/lib/python3.8/site-packages/airflow/example_dags/example_branch_day_of_week_operator.py took 0.028 seconds
[2025-03-24T23:27:30.381+0000] {processor.py:161} INFO - Started process (PID=408) to work on /home/airflow/.local/lib/python3.8/site-packages/airflow/example_dags/example_branch_day_of_week_operator.py
[2025-03-24T23:27:30.381+0000] {processor.py:830} INFO - Processing file /home/airflow/.local/lib/python3.8/site-packages/airflow/example_dags/example_branch_day_of_week_operator.py for tasks to queue
[2025-03-24T23:27:30.382+0000] {logging_mixin.py:188} INFO - [2025-03-24T23:27:30.382+0000] {dagbag.py:538} INFO - Filling up the DagBag from /home/airflow/.local/lib/python3.8/site-packages/airflow/example_dags/example_branch_day_of_week_operator.py
[2025-03-24T23:27:30.386+0000] {processor.py:840} INFO - DAG(s) 'example_weekday_branch_operator' retrieved from /home/airflow/.local/lib/python3.8/site-packages/airflow/example_dags/example_branch_day_of_week_operator.py
[2025-03-24T23:27:30.398+0000] {logging_mixin.py:188} INFO - [2025-03-24T23:27:30.398+0000] {dag.py:3033} INFO - Sync 1 DAGs
[2025-03-24T23:27:30.408+0000] {logging_mixin.py:188} INFO - [2025-03-24T23:27:30.408+0000] {dag.py:3820} INFO - Setting next_dagrun for example_weekday_branch_operator to 2025-03-23T00:00:00+00:00, run_after=2025-03-24T00:00:00+00:00
[2025-03-24T23:27:30.416+0000] {processor.py:183} INFO - Processing /home/airflow/.local/lib/python3.8/site-packages/airflow/example_dags/example_branch_day_of_week_operator.py took 0.037 seconds
[2025-03-24T23:28:01.095+0000] {processor.py:161} INFO - Started process (PID=463) to work on /home/airflow/.local/lib/python3.8/site-packages/airflow/example_dags/example_branch_day_of_week_operator.py
[2025-03-24T23:28:01.096+0000] {processor.py:830} INFO - Processing file /home/airflow/.local/lib/python3.8/site-packages/airflow/example_dags/example_branch_day_of_week_operator.py for tasks to queue
[2025-03-24T23:28:01.097+0000] {logging_mixin.py:188} INFO - [2025-03-24T23:28:01.096+0000] {dagbag.py:538} INFO - Filling up the DagBag from /home/airflow/.local/lib/python3.8/site-packages/airflow/example_dags/example_branch_day_of_week_operator.py
[2025-03-24T23:28:01.100+0000] {processor.py:840} INFO - DAG(s) 'example_weekday_branch_operator' retrieved from /home/airflow/.local/lib/python3.8/site-packages/airflow/example_dags/example_branch_day_of_week_operator.py
[2025-03-24T23:28:01.108+0000] {logging_mixin.py:188} INFO - [2025-03-24T23:28:01.108+0000] {dag.py:3033} INFO - Sync 1 DAGs
[2025-03-24T23:28:01.116+0000] {logging_mixin.py:188} INFO - [2025-03-24T23:28:01.116+0000] {dag.py:3820} INFO - Setting next_dagrun for example_weekday_branch_operator to 2025-03-23T00:00:00+00:00, run_after=2025-03-24T00:00:00+00:00
[2025-03-24T23:28:01.123+0000] {processor.py:183} INFO - Processing /home/airflow/.local/lib/python3.8/site-packages/airflow/example_dags/example_branch_day_of_week_operator.py took 0.030 seconds
[2025-03-24T23:28:31.856+0000] {processor.py:161} INFO - Started process (PID=518) to work on /home/airflow/.local/lib/python3.8/site-packages/airflow/example_dags/example_branch_day_of_week_operator.py
[2025-03-24T23:28:31.857+0000] {processor.py:830} INFO - Processing file /home/airflow/.local/lib/python3.8/site-packages/airflow/example_dags/example_branch_day_of_week_operator.py for tasks to queue
[2025-03-24T23:28:31.858+0000] {logging_mixin.py:188} INFO - [2025-03-24T23:28:31.858+0000] {dagbag.py:538} INFO - Filling up the DagBag from /home/airflow/.local/lib/python3.8/site-packages/airflow/example_dags/example_branch_day_of_week_operator.py
[2025-03-24T23:28:31.861+0000] {processor.py:840} INFO - DAG(s) 'example_weekday_branch_operator' retrieved from /home/airflow/.local/lib/python3.8/site-packages/airflow/example_dags/example_branch_day_of_week_operator.py
[2025-03-24T23:28:31.870+0000] {logging_mixin.py:188} INFO - [2025-03-24T23:28:31.870+0000] {dag.py:3033} INFO - Sync 1 DAGs
[2025-03-24T23:28:31.883+0000] {logging_mixin.py:188} INFO - [2025-03-24T23:28:31.883+0000] {dag.py:3820} INFO - Setting next_dagrun for example_weekday_branch_operator to 2025-03-23T00:00:00+00:00, run_after=2025-03-24T00:00:00+00:00
[2025-03-24T23:28:31.892+0000] {processor.py:183} INFO - Processing /home/airflow/.local/lib/python3.8/site-packages/airflow/example_dags/example_branch_day_of_week_operator.py took 0.038 seconds
[2025-03-24T23:29:02.613+0000] {processor.py:161} INFO - Started process (PID=573) to work on /home/airflow/.local/lib/python3.8/site-packages/airflow/example_dags/example_branch_day_of_week_operator.py
[2025-03-24T23:29:02.613+0000] {processor.py:830} INFO - Processing file /home/airflow/.local/lib/python3.8/site-packages/airflow/example_dags/example_branch_day_of_week_operator.py for tasks to queue
[2025-03-24T23:29:02.614+0000] {logging_mixin.py:188} INFO - [2025-03-24T23:29:02.614+0000] {dagbag.py:538} INFO - Filling up the DagBag from /home/airflow/.local/lib/python3.8/site-packages/airflow/example_dags/example_branch_day_of_week_operator.py
[2025-03-24T23:29:02.618+0000] {processor.py:840} INFO - DAG(s) 'example_weekday_branch_operator' retrieved from /home/airflow/.local/lib/python3.8/site-packages/airflow/example_dags/example_branch_day_of_week_operator.py
[2025-03-24T23:29:02.627+0000] {logging_mixin.py:188} INFO - [2025-03-24T23:29:02.627+0000] {dag.py:3033} INFO - Sync 1 DAGs
[2025-03-24T23:29:02.636+0000] {logging_mixin.py:188} INFO - [2025-03-24T23:29:02.636+0000] {dag.py:3820} INFO - Setting next_dagrun for example_weekday_branch_operator to 2025-03-23T00:00:00+00:00, run_after=2025-03-24T00:00:00+00:00
[2025-03-24T23:29:02.646+0000] {processor.py:183} INFO - Processing /home/airflow/.local/lib/python3.8/site-packages/airflow/example_dags/example_branch_day_of_week_operator.py took 0.035 seconds
[2025-03-24T23:29:33.375+0000] {processor.py:161} INFO - Started process (PID=628) to work on /home/airflow/.local/lib/python3.8/site-packages/airflow/example_dags/example_branch_day_of_week_operator.py
[2025-03-24T23:29:33.376+0000] {processor.py:830} INFO - Processing file /home/airflow/.local/lib/python3.8/site-packages/airflow/example_dags/example_branch_day_of_week_operator.py for tasks to queue
[2025-03-24T23:29:33.377+0000] {logging_mixin.py:188} INFO - [2025-03-24T23:29:33.377+0000] {dagbag.py:538} INFO - Filling up the DagBag from /home/airflow/.local/lib/python3.8/site-packages/airflow/example_dags/example_branch_day_of_week_operator.py
[2025-03-24T23:29:33.381+0000] {processor.py:840} INFO - DAG(s) 'example_weekday_branch_operator' retrieved from /home/airflow/.local/lib/python3.8/site-packages/airflow/example_dags/example_branch_day_of_week_operator.py
[2025-03-24T23:29:33.390+0000] {logging_mixin.py:188} INFO - [2025-03-24T23:29:33.390+0000] {dag.py:3033} INFO - Sync 1 DAGs
[2025-03-24T23:29:33.400+0000] {logging_mixin.py:188} INFO - [2025-03-24T23:29:33.400+0000] {dag.py:3820} INFO - Setting next_dagrun for example_weekday_branch_operator to 2025-03-23T00:00:00+00:00, run_after=2025-03-24T00:00:00+00:00
[2025-03-24T23:29:33.407+0000] {processor.py:183} INFO - Processing /home/airflow/.local/lib/python3.8/site-packages/airflow/example_dags/example_branch_day_of_week_operator.py took 0.034 seconds
[2025-03-24T23:30:04.026+0000] {processor.py:161} INFO - Started process (PID=683) to work on /home/airflow/.local/lib/python3.8/site-packages/airflow/example_dags/example_branch_day_of_week_operator.py
[2025-03-24T23:30:04.026+0000] {processor.py:830} INFO - Processing file /home/airflow/.local/lib/python3.8/site-packages/airflow/example_dags/example_branch_day_of_week_operator.py for tasks to queue
[2025-03-24T23:30:04.027+0000] {logging_mixin.py:188} INFO - [2025-03-24T23:30:04.027+0000] {dagbag.py:538} INFO - Filling up the DagBag from /home/airflow/.local/lib/python3.8/site-packages/airflow/example_dags/example_branch_day_of_week_operator.py
[2025-03-24T23:30:04.030+0000] {processor.py:840} INFO - DAG(s) 'example_weekday_branch_operator' retrieved from /home/airflow/.local/lib/python3.8/site-packages/airflow/example_dags/example_branch_day_of_week_operator.py
[2025-03-24T23:30:04.040+0000] {logging_mixin.py:188} INFO - [2025-03-24T23:30:04.040+0000] {dag.py:3033} INFO - Sync 1 DAGs
[2025-03-24T23:30:04.049+0000] {logging_mixin.py:188} INFO - [2025-03-24T23:30:04.049+0000] {dag.py:3820} INFO - Setting next_dagrun for example_weekday_branch_operator to 2025-03-23T00:00:00+00:00, run_after=2025-03-24T00:00:00+00:00
[2025-03-24T23:30:04.057+0000] {processor.py:183} INFO - Processing /home/airflow/.local/lib/python3.8/site-packages/airflow/example_dags/example_branch_day_of_week_operator.py took 0.032 seconds
[2025-03-24T23:30:34.558+0000] {processor.py:161} INFO - Started process (PID=738) to work on /home/airflow/.local/lib/python3.8/site-packages/airflow/example_dags/example_branch_day_of_week_operator.py
[2025-03-24T23:30:34.561+0000] {processor.py:830} INFO - Processing file /home/airflow/.local/lib/python3.8/site-packages/airflow/example_dags/example_branch_day_of_week_operator.py for tasks to queue
[2025-03-24T23:30:34.565+0000] {logging_mixin.py:188} INFO - [2025-03-24T23:30:34.564+0000] {dagbag.py:538} INFO - Filling up the DagBag from /home/airflow/.local/lib/python3.8/site-packages/airflow/example_dags/example_branch_day_of_week_operator.py
[2025-03-24T23:30:34.568+0000] {processor.py:840} INFO - DAG(s) 'example_weekday_branch_operator' retrieved from /home/airflow/.local/lib/python3.8/site-packages/airflow/example_dags/example_branch_day_of_week_operator.py
[2025-03-24T23:30:34.577+0000] {logging_mixin.py:188} INFO - [2025-03-24T23:30:34.577+0000] {dag.py:3033} INFO - Sync 1 DAGs
[2025-03-24T23:30:34.587+0000] {logging_mixin.py:188} INFO - [2025-03-24T23:30:34.587+0000] {dag.py:3820} INFO - Setting next_dagrun for example_weekday_branch_operator to 2025-03-23T00:00:00+00:00, run_after=2025-03-24T00:00:00+00:00
[2025-03-24T23:30:34.595+0000] {processor.py:183} INFO - Processing /home/airflow/.local/lib/python3.8/site-packages/airflow/example_dags/example_branch_day_of_week_operator.py took 0.039 seconds
[2025-03-24T23:31:05.428+0000] {processor.py:161} INFO - Started process (PID=793) to work on /home/airflow/.local/lib/python3.8/site-packages/airflow/example_dags/example_branch_day_of_week_operator.py
[2025-03-24T23:31:05.429+0000] {processor.py:830} INFO - Processing file /home/airflow/.local/lib/python3.8/site-packages/airflow/example_dags/example_branch_day_of_week_operator.py for tasks to queue
[2025-03-24T23:31:05.433+0000] {logging_mixin.py:188} INFO - [2025-03-24T23:31:05.433+0000] {dagbag.py:538} INFO - Filling up the DagBag from /home/airflow/.local/lib/python3.8/site-packages/airflow/example_dags/example_branch_day_of_week_operator.py
[2025-03-24T23:31:05.436+0000] {processor.py:840} INFO - DAG(s) 'example_weekday_branch_operator' retrieved from /home/airflow/.local/lib/python3.8/site-packages/airflow/example_dags/example_branch_day_of_week_operator.py
[2025-03-24T23:31:05.445+0000] {logging_mixin.py:188} INFO - [2025-03-24T23:31:05.445+0000] {dag.py:3033} INFO - Sync 1 DAGs
[2025-03-24T23:31:05.455+0000] {logging_mixin.py:188} INFO - [2025-03-24T23:31:05.455+0000] {dag.py:3820} INFO - Setting next_dagrun for example_weekday_branch_operator to 2025-03-23T00:00:00+00:00, run_after=2025-03-24T00:00:00+00:00
[2025-03-24T23:31:05.462+0000] {processor.py:183} INFO - Processing /home/airflow/.local/lib/python3.8/site-packages/airflow/example_dags/example_branch_day_of_week_operator.py took 0.035 seconds
[2025-03-24T23:31:36.205+0000] {processor.py:161} INFO - Started process (PID=848) to work on /home/airflow/.local/lib/python3.8/site-packages/airflow/example_dags/example_branch_day_of_week_operator.py
[2025-03-24T23:31:36.206+0000] {processor.py:830} INFO - Processing file /home/airflow/.local/lib/python3.8/site-packages/airflow/example_dags/example_branch_day_of_week_operator.py for tasks to queue
[2025-03-24T23:31:36.209+0000] {logging_mixin.py:188} INFO - [2025-03-24T23:31:36.209+0000] {dagbag.py:538} INFO - Filling up the DagBag from /home/airflow/.local/lib/python3.8/site-packages/airflow/example_dags/example_branch_day_of_week_operator.py
[2025-03-24T23:31:36.213+0000] {processor.py:840} INFO - DAG(s) 'example_weekday_branch_operator' retrieved from /home/airflow/.local/lib/python3.8/site-packages/airflow/example_dags/example_branch_day_of_week_operator.py
[2025-03-24T23:31:36.222+0000] {logging_mixin.py:188} INFO - [2025-03-24T23:31:36.222+0000] {dag.py:3033} INFO - Sync 1 DAGs
[2025-03-24T23:31:36.231+0000] {logging_mixin.py:188} INFO - [2025-03-24T23:31:36.231+0000] {dag.py:3820} INFO - Setting next_dagrun for example_weekday_branch_operator to 2025-03-23T00:00:00+00:00, run_after=2025-03-24T00:00:00+00:00
[2025-03-24T23:31:36.237+0000] {processor.py:183} INFO - Processing /home/airflow/.local/lib/python3.8/site-packages/airflow/example_dags/example_branch_day_of_week_operator.py took 0.033 seconds
[2025-03-24T23:32:07.021+0000] {processor.py:161} INFO - Started process (PID=903) to work on /home/airflow/.local/lib/python3.8/site-packages/airflow/example_dags/example_branch_day_of_week_operator.py
[2025-03-24T23:32:07.023+0000] {processor.py:830} INFO - Processing file /home/airflow/.local/lib/python3.8/site-packages/airflow/example_dags/example_branch_day_of_week_operator.py for tasks to queue
[2025-03-24T23:32:07.024+0000] {logging_mixin.py:188} INFO - [2025-03-24T23:32:07.024+0000] {dagbag.py:538} INFO - Filling up the DagBag from /home/airflow/.local/lib/python3.8/site-packages/airflow/example_dags/example_branch_day_of_week_operator.py
[2025-03-24T23:32:07.028+0000] {processor.py:840} INFO - DAG(s) 'example_weekday_branch_operator' retrieved from /home/airflow/.local/lib/python3.8/site-packages/airflow/example_dags/example_branch_day_of_week_operator.py
[2025-03-24T23:32:07.038+0000] {logging_mixin.py:188} INFO - [2025-03-24T23:32:07.038+0000] {dag.py:3033} INFO - Sync 1 DAGs
[2025-03-24T23:32:07.052+0000] {logging_mixin.py:188} INFO - [2025-03-24T23:32:07.051+0000] {dag.py:3820} INFO - Setting next_dagrun for example_weekday_branch_operator to 2025-03-23T00:00:00+00:00, run_after=2025-03-24T00:00:00+00:00
[2025-03-24T23:32:07.061+0000] {processor.py:183} INFO - Processing /home/airflow/.local/lib/python3.8/site-packages/airflow/example_dags/example_branch_day_of_week_operator.py took 0.041 seconds
[2025-03-24T23:32:37.957+0000] {processor.py:161} INFO - Started process (PID=958) to work on /home/airflow/.local/lib/python3.8/site-packages/airflow/example_dags/example_branch_day_of_week_operator.py
[2025-03-24T23:32:37.958+0000] {processor.py:830} INFO - Processing file /home/airflow/.local/lib/python3.8/site-packages/airflow/example_dags/example_branch_day_of_week_operator.py for tasks to queue
[2025-03-24T23:32:37.959+0000] {logging_mixin.py:188} INFO - [2025-03-24T23:32:37.959+0000] {dagbag.py:538} INFO - Filling up the DagBag from /home/airflow/.local/lib/python3.8/site-packages/airflow/example_dags/example_branch_day_of_week_operator.py
[2025-03-24T23:32:37.963+0000] {processor.py:840} INFO - DAG(s) 'example_weekday_branch_operator' retrieved from /home/airflow/.local/lib/python3.8/site-packages/airflow/example_dags/example_branch_day_of_week_operator.py
[2025-03-24T23:32:37.973+0000] {logging_mixin.py:188} INFO - [2025-03-24T23:32:37.973+0000] {dag.py:3033} INFO - Sync 1 DAGs
[2025-03-24T23:32:37.984+0000] {logging_mixin.py:188} INFO - [2025-03-24T23:32:37.983+0000] {dag.py:3820} INFO - Setting next_dagrun for example_weekday_branch_operator to 2025-03-23T00:00:00+00:00, run_after=2025-03-24T00:00:00+00:00
[2025-03-24T23:32:37.993+0000] {processor.py:183} INFO - Processing /home/airflow/.local/lib/python3.8/site-packages/airflow/example_dags/example_branch_day_of_week_operator.py took 0.037 seconds
[2025-03-24T23:33:08.615+0000] {processor.py:161} INFO - Started process (PID=1013) to work on /home/airflow/.local/lib/python3.8/site-packages/airflow/example_dags/example_branch_day_of_week_operator.py
[2025-03-24T23:33:08.615+0000] {processor.py:830} INFO - Processing file /home/airflow/.local/lib/python3.8/site-packages/airflow/example_dags/example_branch_day_of_week_operator.py for tasks to queue
[2025-03-24T23:33:08.616+0000] {logging_mixin.py:188} INFO - [2025-03-24T23:33:08.616+0000] {dagbag.py:538} INFO - Filling up the DagBag from /home/airflow/.local/lib/python3.8/site-packages/airflow/example_dags/example_branch_day_of_week_operator.py
[2025-03-24T23:33:08.619+0000] {processor.py:840} INFO - DAG(s) 'example_weekday_branch_operator' retrieved from /home/airflow/.local/lib/python3.8/site-packages/airflow/example_dags/example_branch_day_of_week_operator.py
[2025-03-24T23:33:08.629+0000] {logging_mixin.py:188} INFO - [2025-03-24T23:33:08.629+0000] {dag.py:3033} INFO - Sync 1 DAGs
[2025-03-24T23:33:08.639+0000] {logging_mixin.py:188} INFO - [2025-03-24T23:33:08.639+0000] {dag.py:3820} INFO - Setting next_dagrun for example_weekday_branch_operator to 2025-03-23T00:00:00+00:00, run_after=2025-03-24T00:00:00+00:00
[2025-03-24T23:33:08.647+0000] {processor.py:183} INFO - Processing /home/airflow/.local/lib/python3.8/site-packages/airflow/example_dags/example_branch_day_of_week_operator.py took 0.034 seconds
[2025-03-24T23:33:39.081+0000] {processor.py:161} INFO - Started process (PID=1068) to work on /home/airflow/.local/lib/python3.8/site-packages/airflow/example_dags/example_branch_day_of_week_operator.py
[2025-03-24T23:33:39.081+0000] {processor.py:830} INFO - Processing file /home/airflow/.local/lib/python3.8/site-packages/airflow/example_dags/example_branch_day_of_week_operator.py for tasks to queue
[2025-03-24T23:33:39.082+0000] {logging_mixin.py:188} INFO - [2025-03-24T23:33:39.082+0000] {dagbag.py:538} INFO - Filling up the DagBag from /home/airflow/.local/lib/python3.8/site-packages/airflow/example_dags/example_branch_day_of_week_operator.py
[2025-03-24T23:33:39.087+0000] {processor.py:840} INFO - DAG(s) 'example_weekday_branch_operator' retrieved from /home/airflow/.local/lib/python3.8/site-packages/airflow/example_dags/example_branch_day_of_week_operator.py
[2025-03-24T23:33:39.097+0000] {logging_mixin.py:188} INFO - [2025-03-24T23:33:39.097+0000] {dag.py:3033} INFO - Sync 1 DAGs
[2025-03-24T23:33:39.107+0000] {logging_mixin.py:188} INFO - [2025-03-24T23:33:39.107+0000] {dag.py:3820} INFO - Setting next_dagrun for example_weekday_branch_operator to 2025-03-23T00:00:00+00:00, run_after=2025-03-24T00:00:00+00:00
[2025-03-24T23:33:39.114+0000] {processor.py:183} INFO - Processing /home/airflow/.local/lib/python3.8/site-packages/airflow/example_dags/example_branch_day_of_week_operator.py took 0.035 seconds
[2025-03-24T23:34:09.630+0000] {processor.py:161} INFO - Started process (PID=1123) to work on /home/airflow/.local/lib/python3.8/site-packages/airflow/example_dags/example_branch_day_of_week_operator.py
[2025-03-24T23:34:09.630+0000] {processor.py:830} INFO - Processing file /home/airflow/.local/lib/python3.8/site-packages/airflow/example_dags/example_branch_day_of_week_operator.py for tasks to queue
[2025-03-24T23:34:09.631+0000] {logging_mixin.py:188} INFO - [2025-03-24T23:34:09.631+0000] {dagbag.py:538} INFO - Filling up the DagBag from /home/airflow/.local/lib/python3.8/site-packages/airflow/example_dags/example_branch_day_of_week_operator.py
[2025-03-24T23:34:09.635+0000] {processor.py:840} INFO - DAG(s) 'example_weekday_branch_operator' retrieved from /home/airflow/.local/lib/python3.8/site-packages/airflow/example_dags/example_branch_day_of_week_operator.py
[2025-03-24T23:34:09.645+0000] {logging_mixin.py:188} INFO - [2025-03-24T23:34:09.645+0000] {dag.py:3033} INFO - Sync 1 DAGs
[2025-03-24T23:34:09.656+0000] {logging_mixin.py:188} INFO - [2025-03-24T23:34:09.656+0000] {dag.py:3820} INFO - Setting next_dagrun for example_weekday_branch_operator to 2025-03-23T00:00:00+00:00, run_after=2025-03-24T00:00:00+00:00
[2025-03-24T23:34:09.663+0000] {processor.py:183} INFO - Processing /home/airflow/.local/lib/python3.8/site-packages/airflow/example_dags/example_branch_day_of_week_operator.py took 0.034 seconds
[2025-03-24T23:34:40.419+0000] {processor.py:161} INFO - Started process (PID=1178) to work on /home/airflow/.local/lib/python3.8/site-packages/airflow/example_dags/example_branch_day_of_week_operator.py
[2025-03-24T23:34:40.419+0000] {processor.py:830} INFO - Processing file /home/airflow/.local/lib/python3.8/site-packages/airflow/example_dags/example_branch_day_of_week_operator.py for tasks to queue
[2025-03-24T23:34:40.420+0000] {logging_mixin.py:188} INFO - [2025-03-24T23:34:40.420+0000] {dagbag.py:538} INFO - Filling up the DagBag from /home/airflow/.local/lib/python3.8/site-packages/airflow/example_dags/example_branch_day_of_week_operator.py
[2025-03-24T23:34:40.423+0000] {processor.py:840} INFO - DAG(s) 'example_weekday_branch_operator' retrieved from /home/airflow/.local/lib/python3.8/site-packages/airflow/example_dags/example_branch_day_of_week_operator.py
[2025-03-24T23:34:40.436+0000] {logging_mixin.py:188} INFO - [2025-03-24T23:34:40.435+0000] {dag.py:3033} INFO - Sync 1 DAGs
[2025-03-24T23:34:40.449+0000] {logging_mixin.py:188} INFO - [2025-03-24T23:34:40.448+0000] {dag.py:3820} INFO - Setting next_dagrun for example_weekday_branch_operator to 2025-03-23T00:00:00+00:00, run_after=2025-03-24T00:00:00+00:00
[2025-03-24T23:34:40.461+0000] {processor.py:183} INFO - Processing /home/airflow/.local/lib/python3.8/site-packages/airflow/example_dags/example_branch_day_of_week_operator.py took 0.044 seconds
[2025-03-24T23:35:10.599+0000] {processor.py:161} INFO - Started process (PID=1233) to work on /home/airflow/.local/lib/python3.8/site-packages/airflow/example_dags/example_branch_day_of_week_operator.py
[2025-03-24T23:35:10.600+0000] {processor.py:830} INFO - Processing file /home/airflow/.local/lib/python3.8/site-packages/airflow/example_dags/example_branch_day_of_week_operator.py for tasks to queue
[2025-03-24T23:35:10.600+0000] {logging_mixin.py:188} INFO - [2025-03-24T23:35:10.600+0000] {dagbag.py:538} INFO - Filling up the DagBag from /home/airflow/.local/lib/python3.8/site-packages/airflow/example_dags/example_branch_day_of_week_operator.py
[2025-03-24T23:35:10.604+0000] {processor.py:840} INFO - DAG(s) 'example_weekday_branch_operator' retrieved from /home/airflow/.local/lib/python3.8/site-packages/airflow/example_dags/example_branch_day_of_week_operator.py
[2025-03-24T23:35:10.613+0000] {logging_mixin.py:188} INFO - [2025-03-24T23:35:10.613+0000] {dag.py:3033} INFO - Sync 1 DAGs
[2025-03-24T23:35:10.624+0000] {logging_mixin.py:188} INFO - [2025-03-24T23:35:10.623+0000] {dag.py:3820} INFO - Setting next_dagrun for example_weekday_branch_operator to 2025-03-23T00:00:00+00:00, run_after=2025-03-24T00:00:00+00:00
[2025-03-24T23:35:10.630+0000] {processor.py:183} INFO - Processing /home/airflow/.local/lib/python3.8/site-packages/airflow/example_dags/example_branch_day_of_week_operator.py took 0.033 seconds
[2025-03-24T23:35:41.442+0000] {processor.py:161} INFO - Started process (PID=1288) to work on /home/airflow/.local/lib/python3.8/site-packages/airflow/example_dags/example_branch_day_of_week_operator.py
[2025-03-24T23:35:41.442+0000] {processor.py:830} INFO - Processing file /home/airflow/.local/lib/python3.8/site-packages/airflow/example_dags/example_branch_day_of_week_operator.py for tasks to queue
[2025-03-24T23:35:41.443+0000] {logging_mixin.py:188} INFO - [2025-03-24T23:35:41.443+0000] {dagbag.py:538} INFO - Filling up the DagBag from /home/airflow/.local/lib/python3.8/site-packages/airflow/example_dags/example_branch_day_of_week_operator.py
[2025-03-24T23:35:41.446+0000] {processor.py:840} INFO - DAG(s) 'example_weekday_branch_operator' retrieved from /home/airflow/.local/lib/python3.8/site-packages/airflow/example_dags/example_branch_day_of_week_operator.py
[2025-03-24T23:35:41.456+0000] {logging_mixin.py:188} INFO - [2025-03-24T23:35:41.456+0000] {dag.py:3033} INFO - Sync 1 DAGs
[2025-03-24T23:35:41.466+0000] {logging_mixin.py:188} INFO - [2025-03-24T23:35:41.466+0000] {dag.py:3820} INFO - Setting next_dagrun for example_weekday_branch_operator to 2025-03-23T00:00:00+00:00, run_after=2025-03-24T00:00:00+00:00
[2025-03-24T23:35:41.475+0000] {processor.py:183} INFO - Processing /home/airflow/.local/lib/python3.8/site-packages/airflow/example_dags/example_branch_day_of_week_operator.py took 0.035 seconds
[2025-03-24T23:36:12.094+0000] {processor.py:161} INFO - Started process (PID=1343) to work on /home/airflow/.local/lib/python3.8/site-packages/airflow/example_dags/example_branch_day_of_week_operator.py
[2025-03-24T23:36:12.094+0000] {processor.py:830} INFO - Processing file /home/airflow/.local/lib/python3.8/site-packages/airflow/example_dags/example_branch_day_of_week_operator.py for tasks to queue
[2025-03-24T23:36:12.095+0000] {logging_mixin.py:188} INFO - [2025-03-24T23:36:12.095+0000] {dagbag.py:538} INFO - Filling up the DagBag from /home/airflow/.local/lib/python3.8/site-packages/airflow/example_dags/example_branch_day_of_week_operator.py
[2025-03-24T23:36:12.099+0000] {processor.py:840} INFO - DAG(s) 'example_weekday_branch_operator' retrieved from /home/airflow/.local/lib/python3.8/site-packages/airflow/example_dags/example_branch_day_of_week_operator.py
[2025-03-24T23:36:12.108+0000] {logging_mixin.py:188} INFO - [2025-03-24T23:36:12.107+0000] {dag.py:3033} INFO - Sync 1 DAGs
[2025-03-24T23:36:12.117+0000] {logging_mixin.py:188} INFO - [2025-03-24T23:36:12.117+0000] {dag.py:3820} INFO - Setting next_dagrun for example_weekday_branch_operator to 2025-03-23T00:00:00+00:00, run_after=2025-03-24T00:00:00+00:00
[2025-03-24T23:36:12.126+0000] {processor.py:183} INFO - Processing /home/airflow/.local/lib/python3.8/site-packages/airflow/example_dags/example_branch_day_of_week_operator.py took 0.033 seconds
[2025-03-24T23:36:42.831+0000] {processor.py:161} INFO - Started process (PID=1398) to work on /home/airflow/.local/lib/python3.8/site-packages/airflow/example_dags/example_branch_day_of_week_operator.py
[2025-03-24T23:36:42.832+0000] {processor.py:830} INFO - Processing file /home/airflow/.local/lib/python3.8/site-packages/airflow/example_dags/example_branch_day_of_week_operator.py for tasks to queue
[2025-03-24T23:36:42.833+0000] {logging_mixin.py:188} INFO - [2025-03-24T23:36:42.833+0000] {dagbag.py:538} INFO - Filling up the DagBag from /home/airflow/.local/lib/python3.8/site-packages/airflow/example_dags/example_branch_day_of_week_operator.py
[2025-03-24T23:36:42.837+0000] {processor.py:840} INFO - DAG(s) 'example_weekday_branch_operator' retrieved from /home/airflow/.local/lib/python3.8/site-packages/airflow/example_dags/example_branch_day_of_week_operator.py
[2025-03-24T23:36:42.847+0000] {logging_mixin.py:188} INFO - [2025-03-24T23:36:42.847+0000] {dag.py:3033} INFO - Sync 1 DAGs
[2025-03-24T23:36:42.858+0000] {logging_mixin.py:188} INFO - [2025-03-24T23:36:42.858+0000] {dag.py:3820} INFO - Setting next_dagrun for example_weekday_branch_operator to 2025-03-23T00:00:00+00:00, run_after=2025-03-24T00:00:00+00:00
[2025-03-24T23:36:42.867+0000] {processor.py:183} INFO - Processing /home/airflow/.local/lib/python3.8/site-packages/airflow/example_dags/example_branch_day_of_week_operator.py took 0.037 seconds
[2025-03-24T23:37:13.688+0000] {processor.py:161} INFO - Started process (PID=1453) to work on /home/airflow/.local/lib/python3.8/site-packages/airflow/example_dags/example_branch_day_of_week_operator.py
[2025-03-24T23:37:13.691+0000] {processor.py:830} INFO - Processing file /home/airflow/.local/lib/python3.8/site-packages/airflow/example_dags/example_branch_day_of_week_operator.py for tasks to queue
[2025-03-24T23:37:13.692+0000] {logging_mixin.py:188} INFO - [2025-03-24T23:37:13.692+0000] {dagbag.py:538} INFO - Filling up the DagBag from /home/airflow/.local/lib/python3.8/site-packages/airflow/example_dags/example_branch_day_of_week_operator.py
[2025-03-24T23:37:13.695+0000] {processor.py:840} INFO - DAG(s) 'example_weekday_branch_operator' retrieved from /home/airflow/.local/lib/python3.8/site-packages/airflow/example_dags/example_branch_day_of_week_operator.py
[2025-03-24T23:37:13.705+0000] {logging_mixin.py:188} INFO - [2025-03-24T23:37:13.705+0000] {dag.py:3033} INFO - Sync 1 DAGs
[2025-03-24T23:37:13.715+0000] {logging_mixin.py:188} INFO - [2025-03-24T23:37:13.715+0000] {dag.py:3820} INFO - Setting next_dagrun for example_weekday_branch_operator to 2025-03-23T00:00:00+00:00, run_after=2025-03-24T00:00:00+00:00
[2025-03-24T23:37:13.722+0000] {processor.py:183} INFO - Processing /home/airflow/.local/lib/python3.8/site-packages/airflow/example_dags/example_branch_day_of_week_operator.py took 0.035 seconds
[2025-03-24T23:37:44.554+0000] {processor.py:161} INFO - Started process (PID=1508) to work on /home/airflow/.local/lib/python3.8/site-packages/airflow/example_dags/example_branch_day_of_week_operator.py
[2025-03-24T23:37:44.555+0000] {processor.py:830} INFO - Processing file /home/airflow/.local/lib/python3.8/site-packages/airflow/example_dags/example_branch_day_of_week_operator.py for tasks to queue
[2025-03-24T23:37:44.556+0000] {logging_mixin.py:188} INFO - [2025-03-24T23:37:44.556+0000] {dagbag.py:538} INFO - Filling up the DagBag from /home/airflow/.local/lib/python3.8/site-packages/airflow/example_dags/example_branch_day_of_week_operator.py
[2025-03-24T23:37:44.560+0000] {processor.py:840} INFO - DAG(s) 'example_weekday_branch_operator' retrieved from /home/airflow/.local/lib/python3.8/site-packages/airflow/example_dags/example_branch_day_of_week_operator.py
[2025-03-24T23:37:44.571+0000] {logging_mixin.py:188} INFO - [2025-03-24T23:37:44.571+0000] {dag.py:3033} INFO - Sync 1 DAGs
[2025-03-24T23:37:44.581+0000] {logging_mixin.py:188} INFO - [2025-03-24T23:37:44.581+0000] {dag.py:3820} INFO - Setting next_dagrun for example_weekday_branch_operator to 2025-03-23T00:00:00+00:00, run_after=2025-03-24T00:00:00+00:00
[2025-03-24T23:37:44.591+0000] {processor.py:183} INFO - Processing /home/airflow/.local/lib/python3.8/site-packages/airflow/example_dags/example_branch_day_of_week_operator.py took 0.039 seconds
[2025-03-24T23:38:15.251+0000] {processor.py:161} INFO - Started process (PID=1563) to work on /home/airflow/.local/lib/python3.8/site-packages/airflow/example_dags/example_branch_day_of_week_operator.py
[2025-03-24T23:38:15.252+0000] {processor.py:830} INFO - Processing file /home/airflow/.local/lib/python3.8/site-packages/airflow/example_dags/example_branch_day_of_week_operator.py for tasks to queue
[2025-03-24T23:38:15.255+0000] {logging_mixin.py:188} INFO - [2025-03-24T23:38:15.255+0000] {dagbag.py:538} INFO - Filling up the DagBag from /home/airflow/.local/lib/python3.8/site-packages/airflow/example_dags/example_branch_day_of_week_operator.py
[2025-03-24T23:38:15.260+0000] {processor.py:840} INFO - DAG(s) 'example_weekday_branch_operator' retrieved from /home/airflow/.local/lib/python3.8/site-packages/airflow/example_dags/example_branch_day_of_week_operator.py
[2025-03-24T23:38:15.269+0000] {logging_mixin.py:188} INFO - [2025-03-24T23:38:15.269+0000] {dag.py:3033} INFO - Sync 1 DAGs
[2025-03-24T23:38:15.279+0000] {logging_mixin.py:188} INFO - [2025-03-24T23:38:15.279+0000] {dag.py:3820} INFO - Setting next_dagrun for example_weekday_branch_operator to 2025-03-23T00:00:00+00:00, run_after=2025-03-24T00:00:00+00:00
[2025-03-24T23:38:15.289+0000] {processor.py:183} INFO - Processing /home/airflow/.local/lib/python3.8/site-packages/airflow/example_dags/example_branch_day_of_week_operator.py took 0.039 seconds
[2025-03-24T23:38:45.973+0000] {processor.py:161} INFO - Started process (PID=1618) to work on /home/airflow/.local/lib/python3.8/site-packages/airflow/example_dags/example_branch_day_of_week_operator.py
[2025-03-24T23:38:45.974+0000] {processor.py:830} INFO - Processing file /home/airflow/.local/lib/python3.8/site-packages/airflow/example_dags/example_branch_day_of_week_operator.py for tasks to queue
[2025-03-24T23:38:45.975+0000] {logging_mixin.py:188} INFO - [2025-03-24T23:38:45.975+0000] {dagbag.py:538} INFO - Filling up the DagBag from /home/airflow/.local/lib/python3.8/site-packages/airflow/example_dags/example_branch_day_of_week_operator.py
[2025-03-24T23:38:45.978+0000] {processor.py:840} INFO - DAG(s) 'example_weekday_branch_operator' retrieved from /home/airflow/.local/lib/python3.8/site-packages/airflow/example_dags/example_branch_day_of_week_operator.py
[2025-03-24T23:38:45.989+0000] {logging_mixin.py:188} INFO - [2025-03-24T23:38:45.989+0000] {dag.py:3033} INFO - Sync 1 DAGs
[2025-03-24T23:38:46.002+0000] {logging_mixin.py:188} INFO - [2025-03-24T23:38:46.002+0000] {dag.py:3820} INFO - Setting next_dagrun for example_weekday_branch_operator to 2025-03-23T00:00:00+00:00, run_after=2025-03-24T00:00:00+00:00
[2025-03-24T23:38:46.011+0000] {processor.py:183} INFO - Processing /home/airflow/.local/lib/python3.8/site-packages/airflow/example_dags/example_branch_day_of_week_operator.py took 0.039 seconds
[2025-03-24T23:39:16.864+0000] {processor.py:161} INFO - Started process (PID=1673) to work on /home/airflow/.local/lib/python3.8/site-packages/airflow/example_dags/example_branch_day_of_week_operator.py
[2025-03-24T23:39:16.865+0000] {processor.py:830} INFO - Processing file /home/airflow/.local/lib/python3.8/site-packages/airflow/example_dags/example_branch_day_of_week_operator.py for tasks to queue
[2025-03-24T23:39:16.866+0000] {logging_mixin.py:188} INFO - [2025-03-24T23:39:16.866+0000] {dagbag.py:538} INFO - Filling up the DagBag from /home/airflow/.local/lib/python3.8/site-packages/airflow/example_dags/example_branch_day_of_week_operator.py
[2025-03-24T23:39:16.871+0000] {processor.py:840} INFO - DAG(s) 'example_weekday_branch_operator' retrieved from /home/airflow/.local/lib/python3.8/site-packages/airflow/example_dags/example_branch_day_of_week_operator.py
[2025-03-24T23:39:16.888+0000] {logging_mixin.py:188} INFO - [2025-03-24T23:39:16.888+0000] {dag.py:3033} INFO - Sync 1 DAGs
[2025-03-24T23:39:16.901+0000] {logging_mixin.py:188} INFO - [2025-03-24T23:39:16.901+0000] {dag.py:3820} INFO - Setting next_dagrun for example_weekday_branch_operator to 2025-03-23T00:00:00+00:00, run_after=2025-03-24T00:00:00+00:00
[2025-03-24T23:39:16.911+0000] {processor.py:183} INFO - Processing /home/airflow/.local/lib/python3.8/site-packages/airflow/example_dags/example_branch_day_of_week_operator.py took 0.049 seconds
[2025-03-24T23:39:47.692+0000] {processor.py:161} INFO - Started process (PID=1728) to work on /home/airflow/.local/lib/python3.8/site-packages/airflow/example_dags/example_branch_day_of_week_operator.py
[2025-03-24T23:39:47.694+0000] {processor.py:830} INFO - Processing file /home/airflow/.local/lib/python3.8/site-packages/airflow/example_dags/example_branch_day_of_week_operator.py for tasks to queue
[2025-03-24T23:39:47.695+0000] {logging_mixin.py:188} INFO - [2025-03-24T23:39:47.695+0000] {dagbag.py:538} INFO - Filling up the DagBag from /home/airflow/.local/lib/python3.8/site-packages/airflow/example_dags/example_branch_day_of_week_operator.py
[2025-03-24T23:39:47.698+0000] {processor.py:840} INFO - DAG(s) 'example_weekday_branch_operator' retrieved from /home/airflow/.local/lib/python3.8/site-packages/airflow/example_dags/example_branch_day_of_week_operator.py
[2025-03-24T23:39:47.708+0000] {logging_mixin.py:188} INFO - [2025-03-24T23:39:47.708+0000] {dag.py:3033} INFO - Sync 1 DAGs
[2025-03-24T23:39:47.718+0000] {logging_mixin.py:188} INFO - [2025-03-24T23:39:47.718+0000] {dag.py:3820} INFO - Setting next_dagrun for example_weekday_branch_operator to 2025-03-23T00:00:00+00:00, run_after=2025-03-24T00:00:00+00:00
[2025-03-24T23:39:47.724+0000] {processor.py:183} INFO - Processing /home/airflow/.local/lib/python3.8/site-packages/airflow/example_dags/example_branch_day_of_week_operator.py took 0.034 seconds
[2025-03-24T23:40:18.242+0000] {processor.py:161} INFO - Started process (PID=1783) to work on /home/airflow/.local/lib/python3.8/site-packages/airflow/example_dags/example_branch_day_of_week_operator.py
[2025-03-24T23:40:18.243+0000] {processor.py:830} INFO - Processing file /home/airflow/.local/lib/python3.8/site-packages/airflow/example_dags/example_branch_day_of_week_operator.py for tasks to queue
[2025-03-24T23:40:18.244+0000] {logging_mixin.py:188} INFO - [2025-03-24T23:40:18.244+0000] {dagbag.py:538} INFO - Filling up the DagBag from /home/airflow/.local/lib/python3.8/site-packages/airflow/example_dags/example_branch_day_of_week_operator.py
[2025-03-24T23:40:18.249+0000] {processor.py:840} INFO - DAG(s) 'example_weekday_branch_operator' retrieved from /home/airflow/.local/lib/python3.8/site-packages/airflow/example_dags/example_branch_day_of_week_operator.py
[2025-03-24T23:40:18.259+0000] {logging_mixin.py:188} INFO - [2025-03-24T23:40:18.259+0000] {dag.py:3033} INFO - Sync 1 DAGs
[2025-03-24T23:40:18.270+0000] {logging_mixin.py:188} INFO - [2025-03-24T23:40:18.270+0000] {dag.py:3820} INFO - Setting next_dagrun for example_weekday_branch_operator to 2025-03-23T00:00:00+00:00, run_after=2025-03-24T00:00:00+00:00
[2025-03-24T23:40:18.277+0000] {processor.py:183} INFO - Processing /home/airflow/.local/lib/python3.8/site-packages/airflow/example_dags/example_branch_day_of_week_operator.py took 0.037 seconds
[2025-03-24T23:40:48.791+0000] {processor.py:161} INFO - Started process (PID=1838) to work on /home/airflow/.local/lib/python3.8/site-packages/airflow/example_dags/example_branch_day_of_week_operator.py
[2025-03-24T23:40:48.792+0000] {processor.py:830} INFO - Processing file /home/airflow/.local/lib/python3.8/site-packages/airflow/example_dags/example_branch_day_of_week_operator.py for tasks to queue
[2025-03-24T23:40:48.792+0000] {logging_mixin.py:188} INFO - [2025-03-24T23:40:48.792+0000] {dagbag.py:538} INFO - Filling up the DagBag from /home/airflow/.local/lib/python3.8/site-packages/airflow/example_dags/example_branch_day_of_week_operator.py
[2025-03-24T23:40:48.796+0000] {processor.py:840} INFO - DAG(s) 'example_weekday_branch_operator' retrieved from /home/airflow/.local/lib/python3.8/site-packages/airflow/example_dags/example_branch_day_of_week_operator.py
[2025-03-24T23:40:48.804+0000] {logging_mixin.py:188} INFO - [2025-03-24T23:40:48.804+0000] {dag.py:3033} INFO - Sync 1 DAGs
[2025-03-24T23:40:48.813+0000] {logging_mixin.py:188} INFO - [2025-03-24T23:40:48.813+0000] {dag.py:3820} INFO - Setting next_dagrun for example_weekday_branch_operator to 2025-03-23T00:00:00+00:00, run_after=2025-03-24T00:00:00+00:00
[2025-03-24T23:40:48.821+0000] {processor.py:183} INFO - Processing /home/airflow/.local/lib/python3.8/site-packages/airflow/example_dags/example_branch_day_of_week_operator.py took 0.032 seconds
[2025-03-24T23:41:19.459+0000] {processor.py:161} INFO - Started process (PID=1893) to work on /home/airflow/.local/lib/python3.8/site-packages/airflow/example_dags/example_branch_day_of_week_operator.py
[2025-03-24T23:41:19.462+0000] {processor.py:830} INFO - Processing file /home/airflow/.local/lib/python3.8/site-packages/airflow/example_dags/example_branch_day_of_week_operator.py for tasks to queue
[2025-03-24T23:41:19.466+0000] {logging_mixin.py:188} INFO - [2025-03-24T23:41:19.466+0000] {dagbag.py:538} INFO - Filling up the DagBag from /home/airflow/.local/lib/python3.8/site-packages/airflow/example_dags/example_branch_day_of_week_operator.py
[2025-03-24T23:41:19.470+0000] {processor.py:840} INFO - DAG(s) 'example_weekday_branch_operator' retrieved from /home/airflow/.local/lib/python3.8/site-packages/airflow/example_dags/example_branch_day_of_week_operator.py
[2025-03-24T23:41:19.480+0000] {logging_mixin.py:188} INFO - [2025-03-24T23:41:19.480+0000] {dag.py:3033} INFO - Sync 1 DAGs
[2025-03-24T23:41:19.489+0000] {logging_mixin.py:188} INFO - [2025-03-24T23:41:19.489+0000] {dag.py:3820} INFO - Setting next_dagrun for example_weekday_branch_operator to 2025-03-23T00:00:00+00:00, run_after=2025-03-24T00:00:00+00:00
[2025-03-24T23:41:19.497+0000] {processor.py:183} INFO - Processing /home/airflow/.local/lib/python3.8/site-packages/airflow/example_dags/example_branch_day_of_week_operator.py took 0.040 seconds
[2025-03-24T23:41:50.089+0000] {processor.py:161} INFO - Started process (PID=1948) to work on /home/airflow/.local/lib/python3.8/site-packages/airflow/example_dags/example_branch_day_of_week_operator.py
[2025-03-24T23:41:50.090+0000] {processor.py:830} INFO - Processing file /home/airflow/.local/lib/python3.8/site-packages/airflow/example_dags/example_branch_day_of_week_operator.py for tasks to queue
[2025-03-24T23:41:50.091+0000] {logging_mixin.py:188} INFO - [2025-03-24T23:41:50.091+0000] {dagbag.py:538} INFO - Filling up the DagBag from /home/airflow/.local/lib/python3.8/site-packages/airflow/example_dags/example_branch_day_of_week_operator.py
[2025-03-24T23:41:50.094+0000] {processor.py:840} INFO - DAG(s) 'example_weekday_branch_operator' retrieved from /home/airflow/.local/lib/python3.8/site-packages/airflow/example_dags/example_branch_day_of_week_operator.py
[2025-03-24T23:41:50.105+0000] {logging_mixin.py:188} INFO - [2025-03-24T23:41:50.104+0000] {dag.py:3033} INFO - Sync 1 DAGs
[2025-03-24T23:41:50.113+0000] {logging_mixin.py:188} INFO - [2025-03-24T23:41:50.113+0000] {dag.py:3820} INFO - Setting next_dagrun for example_weekday_branch_operator to 2025-03-23T00:00:00+00:00, run_after=2025-03-24T00:00:00+00:00
[2025-03-24T23:41:50.121+0000] {processor.py:183} INFO - Processing /home/airflow/.local/lib/python3.8/site-packages/airflow/example_dags/example_branch_day_of_week_operator.py took 0.033 seconds
[2025-03-24T23:42:20.638+0000] {processor.py:161} INFO - Started process (PID=2003) to work on /home/airflow/.local/lib/python3.8/site-packages/airflow/example_dags/example_branch_day_of_week_operator.py
[2025-03-24T23:42:20.638+0000] {processor.py:830} INFO - Processing file /home/airflow/.local/lib/python3.8/site-packages/airflow/example_dags/example_branch_day_of_week_operator.py for tasks to queue
[2025-03-24T23:42:20.641+0000] {logging_mixin.py:188} INFO - [2025-03-24T23:42:20.641+0000] {dagbag.py:538} INFO - Filling up the DagBag from /home/airflow/.local/lib/python3.8/site-packages/airflow/example_dags/example_branch_day_of_week_operator.py
[2025-03-24T23:42:20.644+0000] {processor.py:840} INFO - DAG(s) 'example_weekday_branch_operator' retrieved from /home/airflow/.local/lib/python3.8/site-packages/airflow/example_dags/example_branch_day_of_week_operator.py
[2025-03-24T23:42:20.653+0000] {logging_mixin.py:188} INFO - [2025-03-24T23:42:20.653+0000] {dag.py:3033} INFO - Sync 1 DAGs
[2025-03-24T23:42:20.663+0000] {logging_mixin.py:188} INFO - [2025-03-24T23:42:20.663+0000] {dag.py:3820} INFO - Setting next_dagrun for example_weekday_branch_operator to 2025-03-23T00:00:00+00:00, run_after=2025-03-24T00:00:00+00:00
[2025-03-24T23:42:20.670+0000] {processor.py:183} INFO - Processing /home/airflow/.local/lib/python3.8/site-packages/airflow/example_dags/example_branch_day_of_week_operator.py took 0.033 seconds
[2025-03-24T23:42:51.106+0000] {processor.py:161} INFO - Started process (PID=2058) to work on /home/airflow/.local/lib/python3.8/site-packages/airflow/example_dags/example_branch_day_of_week_operator.py
[2025-03-24T23:42:51.106+0000] {processor.py:830} INFO - Processing file /home/airflow/.local/lib/python3.8/site-packages/airflow/example_dags/example_branch_day_of_week_operator.py for tasks to queue
[2025-03-24T23:42:51.110+0000] {logging_mixin.py:188} INFO - [2025-03-24T23:42:51.110+0000] {dagbag.py:538} INFO - Filling up the DagBag from /home/airflow/.local/lib/python3.8/site-packages/airflow/example_dags/example_branch_day_of_week_operator.py
[2025-03-24T23:42:51.113+0000] {processor.py:840} INFO - DAG(s) 'example_weekday_branch_operator' retrieved from /home/airflow/.local/lib/python3.8/site-packages/airflow/example_dags/example_branch_day_of_week_operator.py
[2025-03-24T23:42:51.122+0000] {logging_mixin.py:188} INFO - [2025-03-24T23:42:51.122+0000] {dag.py:3033} INFO - Sync 1 DAGs
[2025-03-24T23:42:51.131+0000] {logging_mixin.py:188} INFO - [2025-03-24T23:42:51.131+0000] {dag.py:3820} INFO - Setting next_dagrun for example_weekday_branch_operator to 2025-03-23T00:00:00+00:00, run_after=2025-03-24T00:00:00+00:00
[2025-03-24T23:42:51.138+0000] {processor.py:183} INFO - Processing /home/airflow/.local/lib/python3.8/site-packages/airflow/example_dags/example_branch_day_of_week_operator.py took 0.034 seconds
[2025-03-24T23:43:21.675+0000] {processor.py:161} INFO - Started process (PID=2113) to work on /home/airflow/.local/lib/python3.8/site-packages/airflow/example_dags/example_branch_day_of_week_operator.py
[2025-03-24T23:43:21.677+0000] {processor.py:830} INFO - Processing file /home/airflow/.local/lib/python3.8/site-packages/airflow/example_dags/example_branch_day_of_week_operator.py for tasks to queue
[2025-03-24T23:43:21.678+0000] {logging_mixin.py:188} INFO - [2025-03-24T23:43:21.678+0000] {dagbag.py:538} INFO - Filling up the DagBag from /home/airflow/.local/lib/python3.8/site-packages/airflow/example_dags/example_branch_day_of_week_operator.py
[2025-03-24T23:43:21.682+0000] {processor.py:840} INFO - DAG(s) 'example_weekday_branch_operator' retrieved from /home/airflow/.local/lib/python3.8/site-packages/airflow/example_dags/example_branch_day_of_week_operator.py
[2025-03-24T23:43:21.690+0000] {logging_mixin.py:188} INFO - [2025-03-24T23:43:21.690+0000] {dag.py:3033} INFO - Sync 1 DAGs
[2025-03-24T23:43:21.699+0000] {logging_mixin.py:188} INFO - [2025-03-24T23:43:21.699+0000] {dag.py:3820} INFO - Setting next_dagrun for example_weekday_branch_operator to 2025-03-23T00:00:00+00:00, run_after=2025-03-24T00:00:00+00:00
[2025-03-24T23:43:21.705+0000] {processor.py:183} INFO - Processing /home/airflow/.local/lib/python3.8/site-packages/airflow/example_dags/example_branch_day_of_week_operator.py took 0.032 seconds
[2025-03-24T23:43:52.330+0000] {processor.py:161} INFO - Started process (PID=2168) to work on /home/airflow/.local/lib/python3.8/site-packages/airflow/example_dags/example_branch_day_of_week_operator.py
[2025-03-24T23:43:52.330+0000] {processor.py:830} INFO - Processing file /home/airflow/.local/lib/python3.8/site-packages/airflow/example_dags/example_branch_day_of_week_operator.py for tasks to queue
[2025-03-24T23:43:52.331+0000] {logging_mixin.py:188} INFO - [2025-03-24T23:43:52.331+0000] {dagbag.py:538} INFO - Filling up the DagBag from /home/airflow/.local/lib/python3.8/site-packages/airflow/example_dags/example_branch_day_of_week_operator.py
[2025-03-24T23:43:52.335+0000] {processor.py:840} INFO - DAG(s) 'example_weekday_branch_operator' retrieved from /home/airflow/.local/lib/python3.8/site-packages/airflow/example_dags/example_branch_day_of_week_operator.py
[2025-03-24T23:43:52.346+0000] {logging_mixin.py:188} INFO - [2025-03-24T23:43:52.346+0000] {dag.py:3033} INFO - Sync 1 DAGs
[2025-03-24T23:43:52.356+0000] {logging_mixin.py:188} INFO - [2025-03-24T23:43:52.356+0000] {dag.py:3820} INFO - Setting next_dagrun for example_weekday_branch_operator to 2025-03-23T00:00:00+00:00, run_after=2025-03-24T00:00:00+00:00
[2025-03-24T23:43:52.364+0000] {processor.py:183} INFO - Processing /home/airflow/.local/lib/python3.8/site-packages/airflow/example_dags/example_branch_day_of_week_operator.py took 0.036 seconds
[2025-03-24T23:44:22.985+0000] {processor.py:161} INFO - Started process (PID=2223) to work on /home/airflow/.local/lib/python3.8/site-packages/airflow/example_dags/example_branch_day_of_week_operator.py
[2025-03-24T23:44:22.988+0000] {processor.py:830} INFO - Processing file /home/airflow/.local/lib/python3.8/site-packages/airflow/example_dags/example_branch_day_of_week_operator.py for tasks to queue
[2025-03-24T23:44:22.989+0000] {logging_mixin.py:188} INFO - [2025-03-24T23:44:22.989+0000] {dagbag.py:538} INFO - Filling up the DagBag from /home/airflow/.local/lib/python3.8/site-packages/airflow/example_dags/example_branch_day_of_week_operator.py
[2025-03-24T23:44:22.992+0000] {processor.py:840} INFO - DAG(s) 'example_weekday_branch_operator' retrieved from /home/airflow/.local/lib/python3.8/site-packages/airflow/example_dags/example_branch_day_of_week_operator.py
[2025-03-24T23:44:23.002+0000] {logging_mixin.py:188} INFO - [2025-03-24T23:44:23.002+0000] {dag.py:3033} INFO - Sync 1 DAGs
[2025-03-24T23:44:23.011+0000] {logging_mixin.py:188} INFO - [2025-03-24T23:44:23.011+0000] {dag.py:3820} INFO - Setting next_dagrun for example_weekday_branch_operator to 2025-03-23T00:00:00+00:00, run_after=2025-03-24T00:00:00+00:00
[2025-03-24T23:44:23.019+0000] {processor.py:183} INFO - Processing /home/airflow/.local/lib/python3.8/site-packages/airflow/example_dags/example_branch_day_of_week_operator.py took 0.036 seconds
[2025-03-24T23:44:53.668+0000] {processor.py:161} INFO - Started process (PID=2278) to work on /home/airflow/.local/lib/python3.8/site-packages/airflow/example_dags/example_branch_day_of_week_operator.py
[2025-03-24T23:44:53.670+0000] {processor.py:830} INFO - Processing file /home/airflow/.local/lib/python3.8/site-packages/airflow/example_dags/example_branch_day_of_week_operator.py for tasks to queue
[2025-03-24T23:44:53.674+0000] {logging_mixin.py:188} INFO - [2025-03-24T23:44:53.674+0000] {dagbag.py:538} INFO - Filling up the DagBag from /home/airflow/.local/lib/python3.8/site-packages/airflow/example_dags/example_branch_day_of_week_operator.py
[2025-03-24T23:44:53.678+0000] {processor.py:840} INFO - DAG(s) 'example_weekday_branch_operator' retrieved from /home/airflow/.local/lib/python3.8/site-packages/airflow/example_dags/example_branch_day_of_week_operator.py
[2025-03-24T23:44:53.688+0000] {logging_mixin.py:188} INFO - [2025-03-24T23:44:53.688+0000] {dag.py:3033} INFO - Sync 1 DAGs
[2025-03-24T23:44:53.699+0000] {logging_mixin.py:188} INFO - [2025-03-24T23:44:53.699+0000] {dag.py:3820} INFO - Setting next_dagrun for example_weekday_branch_operator to 2025-03-23T00:00:00+00:00, run_after=2025-03-24T00:00:00+00:00
[2025-03-24T23:44:53.706+0000] {processor.py:183} INFO - Processing /home/airflow/.local/lib/python3.8/site-packages/airflow/example_dags/example_branch_day_of_week_operator.py took 0.040 seconds
[2025-03-24T23:45:24.110+0000] {processor.py:161} INFO - Started process (PID=2333) to work on /home/airflow/.local/lib/python3.8/site-packages/airflow/example_dags/example_branch_day_of_week_operator.py
[2025-03-24T23:45:24.110+0000] {processor.py:830} INFO - Processing file /home/airflow/.local/lib/python3.8/site-packages/airflow/example_dags/example_branch_day_of_week_operator.py for tasks to queue
[2025-03-24T23:45:24.111+0000] {logging_mixin.py:188} INFO - [2025-03-24T23:45:24.111+0000] {dagbag.py:538} INFO - Filling up the DagBag from /home/airflow/.local/lib/python3.8/site-packages/airflow/example_dags/example_branch_day_of_week_operator.py
[2025-03-24T23:45:24.114+0000] {processor.py:840} INFO - DAG(s) 'example_weekday_branch_operator' retrieved from /home/airflow/.local/lib/python3.8/site-packages/airflow/example_dags/example_branch_day_of_week_operator.py
[2025-03-24T23:45:24.126+0000] {logging_mixin.py:188} INFO - [2025-03-24T23:45:24.126+0000] {dag.py:3033} INFO - Sync 1 DAGs
[2025-03-24T23:45:24.134+0000] {logging_mixin.py:188} INFO - [2025-03-24T23:45:24.134+0000] {dag.py:3820} INFO - Setting next_dagrun for example_weekday_branch_operator to 2025-03-23T00:00:00+00:00, run_after=2025-03-24T00:00:00+00:00
[2025-03-24T23:45:24.141+0000] {processor.py:183} INFO - Processing /home/airflow/.local/lib/python3.8/site-packages/airflow/example_dags/example_branch_day_of_week_operator.py took 0.033 seconds
[2025-03-24T23:45:54.764+0000] {processor.py:161} INFO - Started process (PID=2387) to work on /home/airflow/.local/lib/python3.8/site-packages/airflow/example_dags/example_branch_day_of_week_operator.py
[2025-03-24T23:45:54.767+0000] {processor.py:830} INFO - Processing file /home/airflow/.local/lib/python3.8/site-packages/airflow/example_dags/example_branch_day_of_week_operator.py for tasks to queue
[2025-03-24T23:45:54.771+0000] {logging_mixin.py:188} INFO - [2025-03-24T23:45:54.771+0000] {dagbag.py:538} INFO - Filling up the DagBag from /home/airflow/.local/lib/python3.8/site-packages/airflow/example_dags/example_branch_day_of_week_operator.py
[2025-03-24T23:45:54.774+0000] {processor.py:840} INFO - DAG(s) 'example_weekday_branch_operator' retrieved from /home/airflow/.local/lib/python3.8/site-packages/airflow/example_dags/example_branch_day_of_week_operator.py
[2025-03-24T23:45:54.784+0000] {logging_mixin.py:188} INFO - [2025-03-24T23:45:54.784+0000] {dag.py:3033} INFO - Sync 1 DAGs
[2025-03-24T23:45:54.793+0000] {logging_mixin.py:188} INFO - [2025-03-24T23:45:54.793+0000] {dag.py:3820} INFO - Setting next_dagrun for example_weekday_branch_operator to 2025-03-23T00:00:00+00:00, run_after=2025-03-24T00:00:00+00:00
[2025-03-24T23:45:54.802+0000] {processor.py:183} INFO - Processing /home/airflow/.local/lib/python3.8/site-packages/airflow/example_dags/example_branch_day_of_week_operator.py took 0.039 seconds
[2025-03-24T23:46:25.664+0000] {processor.py:161} INFO - Started process (PID=2442) to work on /home/airflow/.local/lib/python3.8/site-packages/airflow/example_dags/example_branch_day_of_week_operator.py
[2025-03-24T23:46:25.666+0000] {processor.py:830} INFO - Processing file /home/airflow/.local/lib/python3.8/site-packages/airflow/example_dags/example_branch_day_of_week_operator.py for tasks to queue
[2025-03-24T23:46:25.667+0000] {logging_mixin.py:188} INFO - [2025-03-24T23:46:25.667+0000] {dagbag.py:538} INFO - Filling up the DagBag from /home/airflow/.local/lib/python3.8/site-packages/airflow/example_dags/example_branch_day_of_week_operator.py
[2025-03-24T23:46:25.670+0000] {processor.py:840} INFO - DAG(s) 'example_weekday_branch_operator' retrieved from /home/airflow/.local/lib/python3.8/site-packages/airflow/example_dags/example_branch_day_of_week_operator.py
[2025-03-24T23:46:25.681+0000] {logging_mixin.py:188} INFO - [2025-03-24T23:46:25.681+0000] {dag.py:3033} INFO - Sync 1 DAGs
[2025-03-24T23:46:25.690+0000] {logging_mixin.py:188} INFO - [2025-03-24T23:46:25.690+0000] {dag.py:3820} INFO - Setting next_dagrun for example_weekday_branch_operator to 2025-03-23T00:00:00+00:00, run_after=2025-03-24T00:00:00+00:00
[2025-03-24T23:46:25.697+0000] {processor.py:183} INFO - Processing /home/airflow/.local/lib/python3.8/site-packages/airflow/example_dags/example_branch_day_of_week_operator.py took 0.034 seconds
[2025-03-24T23:46:56.555+0000] {processor.py:161} INFO - Started process (PID=2497) to work on /home/airflow/.local/lib/python3.8/site-packages/airflow/example_dags/example_branch_day_of_week_operator.py
[2025-03-24T23:46:56.555+0000] {processor.py:830} INFO - Processing file /home/airflow/.local/lib/python3.8/site-packages/airflow/example_dags/example_branch_day_of_week_operator.py for tasks to queue
[2025-03-24T23:46:56.556+0000] {logging_mixin.py:188} INFO - [2025-03-24T23:46:56.556+0000] {dagbag.py:538} INFO - Filling up the DagBag from /home/airflow/.local/lib/python3.8/site-packages/airflow/example_dags/example_branch_day_of_week_operator.py
[2025-03-24T23:46:56.561+0000] {processor.py:840} INFO - DAG(s) 'example_weekday_branch_operator' retrieved from /home/airflow/.local/lib/python3.8/site-packages/airflow/example_dags/example_branch_day_of_week_operator.py
[2025-03-24T23:46:56.570+0000] {logging_mixin.py:188} INFO - [2025-03-24T23:46:56.570+0000] {dag.py:3033} INFO - Sync 1 DAGs
[2025-03-24T23:46:56.578+0000] {logging_mixin.py:188} INFO - [2025-03-24T23:46:56.578+0000] {dag.py:3820} INFO - Setting next_dagrun for example_weekday_branch_operator to 2025-03-23T00:00:00+00:00, run_after=2025-03-24T00:00:00+00:00
[2025-03-24T23:46:56.585+0000] {processor.py:183} INFO - Processing /home/airflow/.local/lib/python3.8/site-packages/airflow/example_dags/example_branch_day_of_week_operator.py took 0.031 seconds
[2025-03-24T23:47:27.678+0000] {processor.py:161} INFO - Started process (PID=2552) to work on /home/airflow/.local/lib/python3.8/site-packages/airflow/example_dags/example_branch_day_of_week_operator.py
[2025-03-24T23:47:27.678+0000] {processor.py:830} INFO - Processing file /home/airflow/.local/lib/python3.8/site-packages/airflow/example_dags/example_branch_day_of_week_operator.py for tasks to queue
[2025-03-24T23:47:27.679+0000] {logging_mixin.py:188} INFO - [2025-03-24T23:47:27.679+0000] {dagbag.py:538} INFO - Filling up the DagBag from /home/airflow/.local/lib/python3.8/site-packages/airflow/example_dags/example_branch_day_of_week_operator.py
[2025-03-24T23:47:27.683+0000] {processor.py:840} INFO - DAG(s) 'example_weekday_branch_operator' retrieved from /home/airflow/.local/lib/python3.8/site-packages/airflow/example_dags/example_branch_day_of_week_operator.py
[2025-03-24T23:47:27.692+0000] {logging_mixin.py:188} INFO - [2025-03-24T23:47:27.692+0000] {dag.py:3033} INFO - Sync 1 DAGs
[2025-03-24T23:47:27.702+0000] {logging_mixin.py:188} INFO - [2025-03-24T23:47:27.701+0000] {dag.py:3820} INFO - Setting next_dagrun for example_weekday_branch_operator to 2025-03-23T00:00:00+00:00, run_after=2025-03-24T00:00:00+00:00
[2025-03-24T23:47:27.709+0000] {processor.py:183} INFO - Processing /home/airflow/.local/lib/python3.8/site-packages/airflow/example_dags/example_branch_day_of_week_operator.py took 0.033 seconds
[2025-03-24T23:47:57.830+0000] {processor.py:161} INFO - Started process (PID=2607) to work on /home/airflow/.local/lib/python3.8/site-packages/airflow/example_dags/example_branch_day_of_week_operator.py
[2025-03-24T23:47:57.831+0000] {processor.py:830} INFO - Processing file /home/airflow/.local/lib/python3.8/site-packages/airflow/example_dags/example_branch_day_of_week_operator.py for tasks to queue
[2025-03-24T23:47:57.832+0000] {logging_mixin.py:188} INFO - [2025-03-24T23:47:57.832+0000] {dagbag.py:538} INFO - Filling up the DagBag from /home/airflow/.local/lib/python3.8/site-packages/airflow/example_dags/example_branch_day_of_week_operator.py
[2025-03-24T23:47:57.836+0000] {processor.py:840} INFO - DAG(s) 'example_weekday_branch_operator' retrieved from /home/airflow/.local/lib/python3.8/site-packages/airflow/example_dags/example_branch_day_of_week_operator.py
[2025-03-24T23:47:57.846+0000] {logging_mixin.py:188} INFO - [2025-03-24T23:47:57.846+0000] {dag.py:3033} INFO - Sync 1 DAGs
[2025-03-24T23:47:57.856+0000] {logging_mixin.py:188} INFO - [2025-03-24T23:47:57.856+0000] {dag.py:3820} INFO - Setting next_dagrun for example_weekday_branch_operator to 2025-03-23T00:00:00+00:00, run_after=2025-03-24T00:00:00+00:00
[2025-03-24T23:47:57.863+0000] {processor.py:183} INFO - Processing /home/airflow/.local/lib/python3.8/site-packages/airflow/example_dags/example_branch_day_of_week_operator.py took 0.034 seconds
[2025-03-24T23:48:28.072+0000] {processor.py:161} INFO - Started process (PID=2662) to work on /home/airflow/.local/lib/python3.8/site-packages/airflow/example_dags/example_branch_day_of_week_operator.py
[2025-03-24T23:48:28.074+0000] {processor.py:830} INFO - Processing file /home/airflow/.local/lib/python3.8/site-packages/airflow/example_dags/example_branch_day_of_week_operator.py for tasks to queue
[2025-03-24T23:48:28.075+0000] {logging_mixin.py:188} INFO - [2025-03-24T23:48:28.075+0000] {dagbag.py:538} INFO - Filling up the DagBag from /home/airflow/.local/lib/python3.8/site-packages/airflow/example_dags/example_branch_day_of_week_operator.py
[2025-03-24T23:48:28.079+0000] {processor.py:840} INFO - DAG(s) 'example_weekday_branch_operator' retrieved from /home/airflow/.local/lib/python3.8/site-packages/airflow/example_dags/example_branch_day_of_week_operator.py
[2025-03-24T23:48:28.090+0000] {logging_mixin.py:188} INFO - [2025-03-24T23:48:28.089+0000] {dag.py:3033} INFO - Sync 1 DAGs
[2025-03-24T23:48:28.176+0000] {logging_mixin.py:188} INFO - [2025-03-24T23:48:28.176+0000] {dag.py:3820} INFO - Setting next_dagrun for example_weekday_branch_operator to 2025-03-23T00:00:00+00:00, run_after=2025-03-24T00:00:00+00:00
[2025-03-24T23:48:28.186+0000] {processor.py:183} INFO - Processing /home/airflow/.local/lib/python3.8/site-packages/airflow/example_dags/example_branch_day_of_week_operator.py took 0.116 seconds
[2025-03-24T23:48:58.227+0000] {processor.py:161} INFO - Started process (PID=2717) to work on /home/airflow/.local/lib/python3.8/site-packages/airflow/example_dags/example_branch_day_of_week_operator.py
[2025-03-24T23:48:58.228+0000] {processor.py:830} INFO - Processing file /home/airflow/.local/lib/python3.8/site-packages/airflow/example_dags/example_branch_day_of_week_operator.py for tasks to queue
[2025-03-24T23:48:58.229+0000] {logging_mixin.py:188} INFO - [2025-03-24T23:48:58.229+0000] {dagbag.py:538} INFO - Filling up the DagBag from /home/airflow/.local/lib/python3.8/site-packages/airflow/example_dags/example_branch_day_of_week_operator.py
[2025-03-24T23:48:58.234+0000] {processor.py:840} INFO - DAG(s) 'example_weekday_branch_operator' retrieved from /home/airflow/.local/lib/python3.8/site-packages/airflow/example_dags/example_branch_day_of_week_operator.py
[2025-03-24T23:48:58.247+0000] {logging_mixin.py:188} INFO - [2025-03-24T23:48:58.247+0000] {dag.py:3033} INFO - Sync 1 DAGs
[2025-03-24T23:48:58.260+0000] {logging_mixin.py:188} INFO - [2025-03-24T23:48:58.260+0000] {dag.py:3820} INFO - Setting next_dagrun for example_weekday_branch_operator to 2025-03-23T00:00:00+00:00, run_after=2025-03-24T00:00:00+00:00
[2025-03-24T23:48:58.270+0000] {processor.py:183} INFO - Processing /home/airflow/.local/lib/python3.8/site-packages/airflow/example_dags/example_branch_day_of_week_operator.py took 0.045 seconds
[2025-03-24T23:49:28.437+0000] {processor.py:161} INFO - Started process (PID=2772) to work on /home/airflow/.local/lib/python3.8/site-packages/airflow/example_dags/example_branch_day_of_week_operator.py
[2025-03-24T23:49:28.438+0000] {processor.py:830} INFO - Processing file /home/airflow/.local/lib/python3.8/site-packages/airflow/example_dags/example_branch_day_of_week_operator.py for tasks to queue
[2025-03-24T23:49:28.439+0000] {logging_mixin.py:188} INFO - [2025-03-24T23:49:28.439+0000] {dagbag.py:538} INFO - Filling up the DagBag from /home/airflow/.local/lib/python3.8/site-packages/airflow/example_dags/example_branch_day_of_week_operator.py
[2025-03-24T23:49:28.442+0000] {processor.py:840} INFO - DAG(s) 'example_weekday_branch_operator' retrieved from /home/airflow/.local/lib/python3.8/site-packages/airflow/example_dags/example_branch_day_of_week_operator.py
[2025-03-24T23:49:28.452+0000] {logging_mixin.py:188} INFO - [2025-03-24T23:49:28.452+0000] {dag.py:3033} INFO - Sync 1 DAGs
[2025-03-24T23:49:28.461+0000] {logging_mixin.py:188} INFO - [2025-03-24T23:49:28.461+0000] {dag.py:3820} INFO - Setting next_dagrun for example_weekday_branch_operator to 2025-03-23T00:00:00+00:00, run_after=2025-03-24T00:00:00+00:00
[2025-03-24T23:49:28.469+0000] {processor.py:183} INFO - Processing /home/airflow/.local/lib/python3.8/site-packages/airflow/example_dags/example_branch_day_of_week_operator.py took 0.033 seconds
[2025-03-24T23:49:59.384+0000] {processor.py:161} INFO - Started process (PID=2826) to work on /home/airflow/.local/lib/python3.8/site-packages/airflow/example_dags/example_branch_day_of_week_operator.py
[2025-03-24T23:49:59.385+0000] {processor.py:830} INFO - Processing file /home/airflow/.local/lib/python3.8/site-packages/airflow/example_dags/example_branch_day_of_week_operator.py for tasks to queue
[2025-03-24T23:49:59.387+0000] {logging_mixin.py:188} INFO - [2025-03-24T23:49:59.386+0000] {dagbag.py:538} INFO - Filling up the DagBag from /home/airflow/.local/lib/python3.8/site-packages/airflow/example_dags/example_branch_day_of_week_operator.py
[2025-03-24T23:49:59.390+0000] {processor.py:840} INFO - DAG(s) 'example_weekday_branch_operator' retrieved from /home/airflow/.local/lib/python3.8/site-packages/airflow/example_dags/example_branch_day_of_week_operator.py
[2025-03-24T23:49:59.399+0000] {logging_mixin.py:188} INFO - [2025-03-24T23:49:59.399+0000] {dag.py:3033} INFO - Sync 1 DAGs
[2025-03-24T23:49:59.476+0000] {logging_mixin.py:188} INFO - [2025-03-24T23:49:59.476+0000] {dag.py:3820} INFO - Setting next_dagrun for example_weekday_branch_operator to 2025-03-23T00:00:00+00:00, run_after=2025-03-24T00:00:00+00:00
[2025-03-24T23:49:59.488+0000] {processor.py:183} INFO - Processing /home/airflow/.local/lib/python3.8/site-packages/airflow/example_dags/example_branch_day_of_week_operator.py took 0.106 seconds
[2025-03-24T23:50:30.138+0000] {processor.py:161} INFO - Started process (PID=2881) to work on /home/airflow/.local/lib/python3.8/site-packages/airflow/example_dags/example_branch_day_of_week_operator.py
[2025-03-24T23:50:30.139+0000] {processor.py:830} INFO - Processing file /home/airflow/.local/lib/python3.8/site-packages/airflow/example_dags/example_branch_day_of_week_operator.py for tasks to queue
[2025-03-24T23:50:30.140+0000] {logging_mixin.py:188} INFO - [2025-03-24T23:50:30.140+0000] {dagbag.py:538} INFO - Filling up the DagBag from /home/airflow/.local/lib/python3.8/site-packages/airflow/example_dags/example_branch_day_of_week_operator.py
[2025-03-24T23:50:30.144+0000] {processor.py:840} INFO - DAG(s) 'example_weekday_branch_operator' retrieved from /home/airflow/.local/lib/python3.8/site-packages/airflow/example_dags/example_branch_day_of_week_operator.py
[2025-03-24T23:50:30.153+0000] {logging_mixin.py:188} INFO - [2025-03-24T23:50:30.153+0000] {dag.py:3033} INFO - Sync 1 DAGs
[2025-03-24T23:50:30.230+0000] {logging_mixin.py:188} INFO - [2025-03-24T23:50:30.230+0000] {dag.py:3820} INFO - Setting next_dagrun for example_weekday_branch_operator to 2025-03-23T00:00:00+00:00, run_after=2025-03-24T00:00:00+00:00
[2025-03-24T23:50:30.237+0000] {processor.py:183} INFO - Processing /home/airflow/.local/lib/python3.8/site-packages/airflow/example_dags/example_branch_day_of_week_operator.py took 0.100 seconds
[2025-03-24T23:51:00.690+0000] {processor.py:161} INFO - Started process (PID=2936) to work on /home/airflow/.local/lib/python3.8/site-packages/airflow/example_dags/example_branch_day_of_week_operator.py
[2025-03-24T23:51:00.693+0000] {processor.py:830} INFO - Processing file /home/airflow/.local/lib/python3.8/site-packages/airflow/example_dags/example_branch_day_of_week_operator.py for tasks to queue
[2025-03-24T23:51:00.694+0000] {logging_mixin.py:188} INFO - [2025-03-24T23:51:00.694+0000] {dagbag.py:538} INFO - Filling up the DagBag from /home/airflow/.local/lib/python3.8/site-packages/airflow/example_dags/example_branch_day_of_week_operator.py
[2025-03-24T23:51:00.697+0000] {processor.py:840} INFO - DAG(s) 'example_weekday_branch_operator' retrieved from /home/airflow/.local/lib/python3.8/site-packages/airflow/example_dags/example_branch_day_of_week_operator.py
[2025-03-24T23:51:00.709+0000] {logging_mixin.py:188} INFO - [2025-03-24T23:51:00.708+0000] {dag.py:3033} INFO - Sync 1 DAGs
[2025-03-24T23:51:00.719+0000] {logging_mixin.py:188} INFO - [2025-03-24T23:51:00.719+0000] {dag.py:3820} INFO - Setting next_dagrun for example_weekday_branch_operator to 2025-03-23T00:00:00+00:00, run_after=2025-03-24T00:00:00+00:00
[2025-03-24T23:51:00.729+0000] {processor.py:183} INFO - Processing /home/airflow/.local/lib/python3.8/site-packages/airflow/example_dags/example_branch_day_of_week_operator.py took 0.040 seconds
[2025-03-24T23:51:31.508+0000] {processor.py:161} INFO - Started process (PID=2991) to work on /home/airflow/.local/lib/python3.8/site-packages/airflow/example_dags/example_branch_day_of_week_operator.py
[2025-03-24T23:51:31.509+0000] {processor.py:830} INFO - Processing file /home/airflow/.local/lib/python3.8/site-packages/airflow/example_dags/example_branch_day_of_week_operator.py for tasks to queue
[2025-03-24T23:51:31.511+0000] {logging_mixin.py:188} INFO - [2025-03-24T23:51:31.511+0000] {dagbag.py:538} INFO - Filling up the DagBag from /home/airflow/.local/lib/python3.8/site-packages/airflow/example_dags/example_branch_day_of_week_operator.py
[2025-03-24T23:51:31.515+0000] {processor.py:840} INFO - DAG(s) 'example_weekday_branch_operator' retrieved from /home/airflow/.local/lib/python3.8/site-packages/airflow/example_dags/example_branch_day_of_week_operator.py
[2025-03-24T23:51:31.530+0000] {logging_mixin.py:188} INFO - [2025-03-24T23:51:31.530+0000] {dag.py:3033} INFO - Sync 1 DAGs
[2025-03-24T23:51:31.540+0000] {logging_mixin.py:188} INFO - [2025-03-24T23:51:31.540+0000] {dag.py:3820} INFO - Setting next_dagrun for example_weekday_branch_operator to 2025-03-23T00:00:00+00:00, run_after=2025-03-24T00:00:00+00:00
[2025-03-24T23:51:31.550+0000] {processor.py:183} INFO - Processing /home/airflow/.local/lib/python3.8/site-packages/airflow/example_dags/example_branch_day_of_week_operator.py took 0.043 seconds
