[2025-03-24T23:24:25.736+0000] {processor.py:161} INFO - Started process (PID=48) to work on /home/airflow/.local/lib/python3.8/site-packages/airflow/example_dags/example_setup_teardown_taskflow.py
[2025-03-24T23:24:25.737+0000] {processor.py:830} INFO - Processing file /home/airflow/.local/lib/python3.8/site-packages/airflow/example_dags/example_setup_teardown_taskflow.py for tasks to queue
[2025-03-24T23:24:25.738+0000] {logging_mixin.py:188} INFO - [2025-03-24T23:24:25.738+0000] {dagbag.py:538} INFO - Filling up the DagBag from /home/airflow/.local/lib/python3.8/site-packages/airflow/example_dags/example_setup_teardown_taskflow.py
[2025-03-24T23:24:25.745+0000] {processor.py:840} INFO - DAG(s) 'example_setup_teardown_taskflow' retrieved from /home/airflow/.local/lib/python3.8/site-packages/airflow/example_dags/example_setup_teardown_taskflow.py
[2025-03-24T23:24:25.763+0000] {logging_mixin.py:188} INFO - [2025-03-24T23:24:25.763+0000] {dag.py:3033} INFO - Sync 1 DAGs
[2025-03-24T23:24:25.781+0000] {logging_mixin.py:188} INFO - [2025-03-24T23:24:25.781+0000] {dag.py:3820} INFO - Setting next_dagrun for example_setup_teardown_taskflow to 2025-03-23T00:00:00+00:00, run_after=2025-03-24T00:00:00+00:00
[2025-03-24T23:24:25.794+0000] {processor.py:183} INFO - Processing /home/airflow/.local/lib/python3.8/site-packages/airflow/example_dags/example_setup_teardown_taskflow.py took 0.060 seconds
[2025-03-24T23:24:55.919+0000] {processor.py:161} INFO - Started process (PID=103) to work on /home/airflow/.local/lib/python3.8/site-packages/airflow/example_dags/example_setup_teardown_taskflow.py
[2025-03-24T23:24:55.920+0000] {processor.py:830} INFO - Processing file /home/airflow/.local/lib/python3.8/site-packages/airflow/example_dags/example_setup_teardown_taskflow.py for tasks to queue
[2025-03-24T23:24:55.920+0000] {logging_mixin.py:188} INFO - [2025-03-24T23:24:55.920+0000] {dagbag.py:538} INFO - Filling up the DagBag from /home/airflow/.local/lib/python3.8/site-packages/airflow/example_dags/example_setup_teardown_taskflow.py
[2025-03-24T23:24:55.924+0000] {processor.py:840} INFO - DAG(s) 'example_setup_teardown_taskflow' retrieved from /home/airflow/.local/lib/python3.8/site-packages/airflow/example_dags/example_setup_teardown_taskflow.py
[2025-03-24T23:24:55.959+0000] {logging_mixin.py:188} INFO - [2025-03-24T23:24:55.959+0000] {dag.py:3033} INFO - Sync 1 DAGs
[2025-03-24T23:24:55.966+0000] {logging_mixin.py:188} INFO - [2025-03-24T23:24:55.966+0000] {dag.py:3820} INFO - Setting next_dagrun for example_setup_teardown_taskflow to 2025-03-23T00:00:00+00:00, run_after=2025-03-24T00:00:00+00:00
[2025-03-24T23:24:55.973+0000] {processor.py:183} INFO - Processing /home/airflow/.local/lib/python3.8/site-packages/airflow/example_dags/example_setup_teardown_taskflow.py took 0.056 seconds
[2025-03-24T23:25:26.099+0000] {processor.py:161} INFO - Started process (PID=158) to work on /home/airflow/.local/lib/python3.8/site-packages/airflow/example_dags/example_setup_teardown_taskflow.py
[2025-03-24T23:25:26.101+0000] {processor.py:830} INFO - Processing file /home/airflow/.local/lib/python3.8/site-packages/airflow/example_dags/example_setup_teardown_taskflow.py for tasks to queue
[2025-03-24T23:25:26.103+0000] {logging_mixin.py:188} INFO - [2025-03-24T23:25:26.103+0000] {dagbag.py:538} INFO - Filling up the DagBag from /home/airflow/.local/lib/python3.8/site-packages/airflow/example_dags/example_setup_teardown_taskflow.py
[2025-03-24T23:25:26.108+0000] {processor.py:840} INFO - DAG(s) 'example_setup_teardown_taskflow' retrieved from /home/airflow/.local/lib/python3.8/site-packages/airflow/example_dags/example_setup_teardown_taskflow.py
[2025-03-24T23:25:26.118+0000] {logging_mixin.py:188} INFO - [2025-03-24T23:25:26.118+0000] {dag.py:3033} INFO - Sync 1 DAGs
[2025-03-24T23:25:26.129+0000] {logging_mixin.py:188} INFO - [2025-03-24T23:25:26.129+0000] {dag.py:3820} INFO - Setting next_dagrun for example_setup_teardown_taskflow to 2025-03-23T00:00:00+00:00, run_after=2025-03-24T00:00:00+00:00
[2025-03-24T23:25:26.137+0000] {processor.py:183} INFO - Processing /home/airflow/.local/lib/python3.8/site-packages/airflow/example_dags/example_setup_teardown_taskflow.py took 0.040 seconds
[2025-03-24T23:25:56.729+0000] {processor.py:161} INFO - Started process (PID=213) to work on /home/airflow/.local/lib/python3.8/site-packages/airflow/example_dags/example_setup_teardown_taskflow.py
[2025-03-24T23:25:56.732+0000] {processor.py:830} INFO - Processing file /home/airflow/.local/lib/python3.8/site-packages/airflow/example_dags/example_setup_teardown_taskflow.py for tasks to queue
[2025-03-24T23:25:56.733+0000] {logging_mixin.py:188} INFO - [2025-03-24T23:25:56.733+0000] {dagbag.py:538} INFO - Filling up the DagBag from /home/airflow/.local/lib/python3.8/site-packages/airflow/example_dags/example_setup_teardown_taskflow.py
[2025-03-24T23:25:56.737+0000] {processor.py:840} INFO - DAG(s) 'example_setup_teardown_taskflow' retrieved from /home/airflow/.local/lib/python3.8/site-packages/airflow/example_dags/example_setup_teardown_taskflow.py
[2025-03-24T23:25:56.749+0000] {logging_mixin.py:188} INFO - [2025-03-24T23:25:56.748+0000] {dag.py:3033} INFO - Sync 1 DAGs
[2025-03-24T23:25:56.758+0000] {logging_mixin.py:188} INFO - [2025-03-24T23:25:56.758+0000] {dag.py:3820} INFO - Setting next_dagrun for example_setup_teardown_taskflow to 2025-03-23T00:00:00+00:00, run_after=2025-03-24T00:00:00+00:00
[2025-03-24T23:25:56.767+0000] {processor.py:183} INFO - Processing /home/airflow/.local/lib/python3.8/site-packages/airflow/example_dags/example_setup_teardown_taskflow.py took 0.040 seconds
[2025-03-24T23:26:27.380+0000] {processor.py:161} INFO - Started process (PID=268) to work on /home/airflow/.local/lib/python3.8/site-packages/airflow/example_dags/example_setup_teardown_taskflow.py
[2025-03-24T23:26:27.380+0000] {processor.py:830} INFO - Processing file /home/airflow/.local/lib/python3.8/site-packages/airflow/example_dags/example_setup_teardown_taskflow.py for tasks to queue
[2025-03-24T23:26:27.381+0000] {logging_mixin.py:188} INFO - [2025-03-24T23:26:27.381+0000] {dagbag.py:538} INFO - Filling up the DagBag from /home/airflow/.local/lib/python3.8/site-packages/airflow/example_dags/example_setup_teardown_taskflow.py
[2025-03-24T23:26:27.386+0000] {processor.py:840} INFO - DAG(s) 'example_setup_teardown_taskflow' retrieved from /home/airflow/.local/lib/python3.8/site-packages/airflow/example_dags/example_setup_teardown_taskflow.py
[2025-03-24T23:26:27.398+0000] {logging_mixin.py:188} INFO - [2025-03-24T23:26:27.398+0000] {dag.py:3033} INFO - Sync 1 DAGs
[2025-03-24T23:26:27.409+0000] {logging_mixin.py:188} INFO - [2025-03-24T23:26:27.409+0000] {dag.py:3820} INFO - Setting next_dagrun for example_setup_teardown_taskflow to 2025-03-23T00:00:00+00:00, run_after=2025-03-24T00:00:00+00:00
[2025-03-24T23:26:27.424+0000] {processor.py:183} INFO - Processing /home/airflow/.local/lib/python3.8/site-packages/airflow/example_dags/example_setup_teardown_taskflow.py took 0.046 seconds
[2025-03-24T23:26:58.046+0000] {processor.py:161} INFO - Started process (PID=323) to work on /home/airflow/.local/lib/python3.8/site-packages/airflow/example_dags/example_setup_teardown_taskflow.py
[2025-03-24T23:26:58.049+0000] {processor.py:830} INFO - Processing file /home/airflow/.local/lib/python3.8/site-packages/airflow/example_dags/example_setup_teardown_taskflow.py for tasks to queue
[2025-03-24T23:26:58.050+0000] {logging_mixin.py:188} INFO - [2025-03-24T23:26:58.050+0000] {dagbag.py:538} INFO - Filling up the DagBag from /home/airflow/.local/lib/python3.8/site-packages/airflow/example_dags/example_setup_teardown_taskflow.py
[2025-03-24T23:26:58.053+0000] {processor.py:840} INFO - DAG(s) 'example_setup_teardown_taskflow' retrieved from /home/airflow/.local/lib/python3.8/site-packages/airflow/example_dags/example_setup_teardown_taskflow.py
[2025-03-24T23:26:58.062+0000] {logging_mixin.py:188} INFO - [2025-03-24T23:26:58.062+0000] {dag.py:3033} INFO - Sync 1 DAGs
[2025-03-24T23:26:58.071+0000] {logging_mixin.py:188} INFO - [2025-03-24T23:26:58.071+0000] {dag.py:3820} INFO - Setting next_dagrun for example_setup_teardown_taskflow to 2025-03-23T00:00:00+00:00, run_after=2025-03-24T00:00:00+00:00
[2025-03-24T23:26:58.079+0000] {processor.py:183} INFO - Processing /home/airflow/.local/lib/python3.8/site-packages/airflow/example_dags/example_setup_teardown_taskflow.py took 0.035 seconds
[2025-03-24T23:27:28.703+0000] {processor.py:161} INFO - Started process (PID=384) to work on /home/airflow/.local/lib/python3.8/site-packages/airflow/example_dags/example_setup_teardown_taskflow.py
[2025-03-24T23:27:28.703+0000] {processor.py:830} INFO - Processing file /home/airflow/.local/lib/python3.8/site-packages/airflow/example_dags/example_setup_teardown_taskflow.py for tasks to queue
[2025-03-24T23:27:28.704+0000] {logging_mixin.py:188} INFO - [2025-03-24T23:27:28.704+0000] {dagbag.py:538} INFO - Filling up the DagBag from /home/airflow/.local/lib/python3.8/site-packages/airflow/example_dags/example_setup_teardown_taskflow.py
[2025-03-24T23:27:28.712+0000] {processor.py:840} INFO - DAG(s) 'example_setup_teardown_taskflow' retrieved from /home/airflow/.local/lib/python3.8/site-packages/airflow/example_dags/example_setup_teardown_taskflow.py
[2025-03-24T23:27:28.727+0000] {logging_mixin.py:188} INFO - [2025-03-24T23:27:28.727+0000] {dag.py:3033} INFO - Sync 1 DAGs
[2025-03-24T23:27:28.736+0000] {logging_mixin.py:188} INFO - [2025-03-24T23:27:28.736+0000] {dag.py:3820} INFO - Setting next_dagrun for example_setup_teardown_taskflow to 2025-03-23T00:00:00+00:00, run_after=2025-03-24T00:00:00+00:00
[2025-03-24T23:27:28.745+0000] {processor.py:183} INFO - Processing /home/airflow/.local/lib/python3.8/site-packages/airflow/example_dags/example_setup_teardown_taskflow.py took 0.045 seconds
[2025-03-24T23:27:59.314+0000] {processor.py:161} INFO - Started process (PID=439) to work on /home/airflow/.local/lib/python3.8/site-packages/airflow/example_dags/example_setup_teardown_taskflow.py
[2025-03-24T23:27:59.318+0000] {processor.py:830} INFO - Processing file /home/airflow/.local/lib/python3.8/site-packages/airflow/example_dags/example_setup_teardown_taskflow.py for tasks to queue
[2025-03-24T23:27:59.325+0000] {logging_mixin.py:188} INFO - [2025-03-24T23:27:59.324+0000] {dagbag.py:538} INFO - Filling up the DagBag from /home/airflow/.local/lib/python3.8/site-packages/airflow/example_dags/example_setup_teardown_taskflow.py
[2025-03-24T23:27:59.344+0000] {processor.py:840} INFO - DAG(s) 'example_setup_teardown_taskflow' retrieved from /home/airflow/.local/lib/python3.8/site-packages/airflow/example_dags/example_setup_teardown_taskflow.py
[2025-03-24T23:27:59.376+0000] {logging_mixin.py:188} INFO - [2025-03-24T23:27:59.376+0000] {dag.py:3033} INFO - Sync 1 DAGs
[2025-03-24T23:27:59.387+0000] {logging_mixin.py:188} INFO - [2025-03-24T23:27:59.387+0000] {dag.py:3820} INFO - Setting next_dagrun for example_setup_teardown_taskflow to 2025-03-23T00:00:00+00:00, run_after=2025-03-24T00:00:00+00:00
[2025-03-24T23:27:59.398+0000] {processor.py:183} INFO - Processing /home/airflow/.local/lib/python3.8/site-packages/airflow/example_dags/example_setup_teardown_taskflow.py took 0.086 seconds
[2025-03-24T23:28:30.086+0000] {processor.py:161} INFO - Started process (PID=494) to work on /home/airflow/.local/lib/python3.8/site-packages/airflow/example_dags/example_setup_teardown_taskflow.py
[2025-03-24T23:28:30.087+0000] {processor.py:830} INFO - Processing file /home/airflow/.local/lib/python3.8/site-packages/airflow/example_dags/example_setup_teardown_taskflow.py for tasks to queue
[2025-03-24T23:28:30.088+0000] {logging_mixin.py:188} INFO - [2025-03-24T23:28:30.088+0000] {dagbag.py:538} INFO - Filling up the DagBag from /home/airflow/.local/lib/python3.8/site-packages/airflow/example_dags/example_setup_teardown_taskflow.py
[2025-03-24T23:28:30.093+0000] {processor.py:840} INFO - DAG(s) 'example_setup_teardown_taskflow' retrieved from /home/airflow/.local/lib/python3.8/site-packages/airflow/example_dags/example_setup_teardown_taskflow.py
[2025-03-24T23:28:30.105+0000] {logging_mixin.py:188} INFO - [2025-03-24T23:28:30.105+0000] {dag.py:3033} INFO - Sync 1 DAGs
[2025-03-24T23:28:30.116+0000] {logging_mixin.py:188} INFO - [2025-03-24T23:28:30.115+0000] {dag.py:3820} INFO - Setting next_dagrun for example_setup_teardown_taskflow to 2025-03-23T00:00:00+00:00, run_after=2025-03-24T00:00:00+00:00
[2025-03-24T23:28:30.123+0000] {processor.py:183} INFO - Processing /home/airflow/.local/lib/python3.8/site-packages/airflow/example_dags/example_setup_teardown_taskflow.py took 0.039 seconds
[2025-03-24T23:29:00.862+0000] {processor.py:161} INFO - Started process (PID=549) to work on /home/airflow/.local/lib/python3.8/site-packages/airflow/example_dags/example_setup_teardown_taskflow.py
[2025-03-24T23:29:00.863+0000] {processor.py:830} INFO - Processing file /home/airflow/.local/lib/python3.8/site-packages/airflow/example_dags/example_setup_teardown_taskflow.py for tasks to queue
[2025-03-24T23:29:00.864+0000] {logging_mixin.py:188} INFO - [2025-03-24T23:29:00.864+0000] {dagbag.py:538} INFO - Filling up the DagBag from /home/airflow/.local/lib/python3.8/site-packages/airflow/example_dags/example_setup_teardown_taskflow.py
[2025-03-24T23:29:00.869+0000] {processor.py:840} INFO - DAG(s) 'example_setup_teardown_taskflow' retrieved from /home/airflow/.local/lib/python3.8/site-packages/airflow/example_dags/example_setup_teardown_taskflow.py
[2025-03-24T23:29:00.882+0000] {logging_mixin.py:188} INFO - [2025-03-24T23:29:00.882+0000] {dag.py:3033} INFO - Sync 1 DAGs
[2025-03-24T23:29:00.895+0000] {logging_mixin.py:188} INFO - [2025-03-24T23:29:00.895+0000] {dag.py:3820} INFO - Setting next_dagrun for example_setup_teardown_taskflow to 2025-03-23T00:00:00+00:00, run_after=2025-03-24T00:00:00+00:00
[2025-03-24T23:29:00.906+0000] {processor.py:183} INFO - Processing /home/airflow/.local/lib/python3.8/site-packages/airflow/example_dags/example_setup_teardown_taskflow.py took 0.046 seconds
[2025-03-24T23:29:31.563+0000] {processor.py:161} INFO - Started process (PID=604) to work on /home/airflow/.local/lib/python3.8/site-packages/airflow/example_dags/example_setup_teardown_taskflow.py
[2025-03-24T23:29:31.565+0000] {processor.py:830} INFO - Processing file /home/airflow/.local/lib/python3.8/site-packages/airflow/example_dags/example_setup_teardown_taskflow.py for tasks to queue
[2025-03-24T23:29:31.568+0000] {logging_mixin.py:188} INFO - [2025-03-24T23:29:31.568+0000] {dagbag.py:538} INFO - Filling up the DagBag from /home/airflow/.local/lib/python3.8/site-packages/airflow/example_dags/example_setup_teardown_taskflow.py
[2025-03-24T23:29:31.574+0000] {processor.py:840} INFO - DAG(s) 'example_setup_teardown_taskflow' retrieved from /home/airflow/.local/lib/python3.8/site-packages/airflow/example_dags/example_setup_teardown_taskflow.py
[2025-03-24T23:29:31.586+0000] {logging_mixin.py:188} INFO - [2025-03-24T23:29:31.586+0000] {dag.py:3033} INFO - Sync 1 DAGs
[2025-03-24T23:29:31.596+0000] {logging_mixin.py:188} INFO - [2025-03-24T23:29:31.596+0000] {dag.py:3820} INFO - Setting next_dagrun for example_setup_teardown_taskflow to 2025-03-23T00:00:00+00:00, run_after=2025-03-24T00:00:00+00:00
[2025-03-24T23:29:31.605+0000] {processor.py:183} INFO - Processing /home/airflow/.local/lib/python3.8/site-packages/airflow/example_dags/example_setup_teardown_taskflow.py took 0.046 seconds
[2025-03-24T23:30:02.288+0000] {processor.py:161} INFO - Started process (PID=659) to work on /home/airflow/.local/lib/python3.8/site-packages/airflow/example_dags/example_setup_teardown_taskflow.py
[2025-03-24T23:30:02.289+0000] {processor.py:830} INFO - Processing file /home/airflow/.local/lib/python3.8/site-packages/airflow/example_dags/example_setup_teardown_taskflow.py for tasks to queue
[2025-03-24T23:30:02.290+0000] {logging_mixin.py:188} INFO - [2025-03-24T23:30:02.290+0000] {dagbag.py:538} INFO - Filling up the DagBag from /home/airflow/.local/lib/python3.8/site-packages/airflow/example_dags/example_setup_teardown_taskflow.py
[2025-03-24T23:30:02.295+0000] {processor.py:840} INFO - DAG(s) 'example_setup_teardown_taskflow' retrieved from /home/airflow/.local/lib/python3.8/site-packages/airflow/example_dags/example_setup_teardown_taskflow.py
[2025-03-24T23:30:02.308+0000] {logging_mixin.py:188} INFO - [2025-03-24T23:30:02.308+0000] {dag.py:3033} INFO - Sync 1 DAGs
[2025-03-24T23:30:02.324+0000] {logging_mixin.py:188} INFO - [2025-03-24T23:30:02.324+0000] {dag.py:3820} INFO - Setting next_dagrun for example_setup_teardown_taskflow to 2025-03-23T00:00:00+00:00, run_after=2025-03-24T00:00:00+00:00
[2025-03-24T23:30:02.335+0000] {processor.py:183} INFO - Processing /home/airflow/.local/lib/python3.8/site-packages/airflow/example_dags/example_setup_teardown_taskflow.py took 0.049 seconds
[2025-03-24T23:30:32.861+0000] {processor.py:161} INFO - Started process (PID=714) to work on /home/airflow/.local/lib/python3.8/site-packages/airflow/example_dags/example_setup_teardown_taskflow.py
[2025-03-24T23:30:32.862+0000] {processor.py:830} INFO - Processing file /home/airflow/.local/lib/python3.8/site-packages/airflow/example_dags/example_setup_teardown_taskflow.py for tasks to queue
[2025-03-24T23:30:32.863+0000] {logging_mixin.py:188} INFO - [2025-03-24T23:30:32.862+0000] {dagbag.py:538} INFO - Filling up the DagBag from /home/airflow/.local/lib/python3.8/site-packages/airflow/example_dags/example_setup_teardown_taskflow.py
[2025-03-24T23:30:32.867+0000] {processor.py:840} INFO - DAG(s) 'example_setup_teardown_taskflow' retrieved from /home/airflow/.local/lib/python3.8/site-packages/airflow/example_dags/example_setup_teardown_taskflow.py
[2025-03-24T23:30:32.876+0000] {logging_mixin.py:188} INFO - [2025-03-24T23:30:32.876+0000] {dag.py:3033} INFO - Sync 1 DAGs
[2025-03-24T23:30:32.884+0000] {logging_mixin.py:188} INFO - [2025-03-24T23:30:32.884+0000] {dag.py:3820} INFO - Setting next_dagrun for example_setup_teardown_taskflow to 2025-03-23T00:00:00+00:00, run_after=2025-03-24T00:00:00+00:00
[2025-03-24T23:30:32.892+0000] {processor.py:183} INFO - Processing /home/airflow/.local/lib/python3.8/site-packages/airflow/example_dags/example_setup_teardown_taskflow.py took 0.032 seconds
[2025-03-24T23:31:03.550+0000] {processor.py:161} INFO - Started process (PID=769) to work on /home/airflow/.local/lib/python3.8/site-packages/airflow/example_dags/example_setup_teardown_taskflow.py
[2025-03-24T23:31:03.552+0000] {processor.py:830} INFO - Processing file /home/airflow/.local/lib/python3.8/site-packages/airflow/example_dags/example_setup_teardown_taskflow.py for tasks to queue
[2025-03-24T23:31:03.554+0000] {logging_mixin.py:188} INFO - [2025-03-24T23:31:03.554+0000] {dagbag.py:538} INFO - Filling up the DagBag from /home/airflow/.local/lib/python3.8/site-packages/airflow/example_dags/example_setup_teardown_taskflow.py
[2025-03-24T23:31:03.562+0000] {processor.py:840} INFO - DAG(s) 'example_setup_teardown_taskflow' retrieved from /home/airflow/.local/lib/python3.8/site-packages/airflow/example_dags/example_setup_teardown_taskflow.py
[2025-03-24T23:31:03.585+0000] {logging_mixin.py:188} INFO - [2025-03-24T23:31:03.585+0000] {dag.py:3033} INFO - Sync 1 DAGs
[2025-03-24T23:31:03.600+0000] {logging_mixin.py:188} INFO - [2025-03-24T23:31:03.600+0000] {dag.py:3820} INFO - Setting next_dagrun for example_setup_teardown_taskflow to 2025-03-23T00:00:00+00:00, run_after=2025-03-24T00:00:00+00:00
[2025-03-24T23:31:03.616+0000] {processor.py:183} INFO - Processing /home/airflow/.local/lib/python3.8/site-packages/airflow/example_dags/example_setup_teardown_taskflow.py took 0.071 seconds
[2025-03-24T23:31:34.531+0000] {processor.py:161} INFO - Started process (PID=824) to work on /home/airflow/.local/lib/python3.8/site-packages/airflow/example_dags/example_setup_teardown_taskflow.py
[2025-03-24T23:31:34.535+0000] {processor.py:830} INFO - Processing file /home/airflow/.local/lib/python3.8/site-packages/airflow/example_dags/example_setup_teardown_taskflow.py for tasks to queue
[2025-03-24T23:31:34.536+0000] {logging_mixin.py:188} INFO - [2025-03-24T23:31:34.536+0000] {dagbag.py:538} INFO - Filling up the DagBag from /home/airflow/.local/lib/python3.8/site-packages/airflow/example_dags/example_setup_teardown_taskflow.py
[2025-03-24T23:31:34.541+0000] {processor.py:840} INFO - DAG(s) 'example_setup_teardown_taskflow' retrieved from /home/airflow/.local/lib/python3.8/site-packages/airflow/example_dags/example_setup_teardown_taskflow.py
[2025-03-24T23:31:34.554+0000] {logging_mixin.py:188} INFO - [2025-03-24T23:31:34.554+0000] {dag.py:3033} INFO - Sync 1 DAGs
[2025-03-24T23:31:34.567+0000] {logging_mixin.py:188} INFO - [2025-03-24T23:31:34.567+0000] {dag.py:3820} INFO - Setting next_dagrun for example_setup_teardown_taskflow to 2025-03-23T00:00:00+00:00, run_after=2025-03-24T00:00:00+00:00
[2025-03-24T23:31:34.576+0000] {processor.py:183} INFO - Processing /home/airflow/.local/lib/python3.8/site-packages/airflow/example_dags/example_setup_teardown_taskflow.py took 0.047 seconds
[2025-03-24T23:32:05.047+0000] {processor.py:161} INFO - Started process (PID=879) to work on /home/airflow/.local/lib/python3.8/site-packages/airflow/example_dags/example_setup_teardown_taskflow.py
[2025-03-24T23:32:05.051+0000] {processor.py:830} INFO - Processing file /home/airflow/.local/lib/python3.8/site-packages/airflow/example_dags/example_setup_teardown_taskflow.py for tasks to queue
[2025-03-24T23:32:05.053+0000] {logging_mixin.py:188} INFO - [2025-03-24T23:32:05.053+0000] {dagbag.py:538} INFO - Filling up the DagBag from /home/airflow/.local/lib/python3.8/site-packages/airflow/example_dags/example_setup_teardown_taskflow.py
[2025-03-24T23:32:05.062+0000] {processor.py:840} INFO - DAG(s) 'example_setup_teardown_taskflow' retrieved from /home/airflow/.local/lib/python3.8/site-packages/airflow/example_dags/example_setup_teardown_taskflow.py
[2025-03-24T23:32:05.077+0000] {logging_mixin.py:188} INFO - [2025-03-24T23:32:05.077+0000] {dag.py:3033} INFO - Sync 1 DAGs
[2025-03-24T23:32:05.092+0000] {logging_mixin.py:188} INFO - [2025-03-24T23:32:05.092+0000] {dag.py:3820} INFO - Setting next_dagrun for example_setup_teardown_taskflow to 2025-03-23T00:00:00+00:00, run_after=2025-03-24T00:00:00+00:00
[2025-03-24T23:32:05.102+0000] {processor.py:183} INFO - Processing /home/airflow/.local/lib/python3.8/site-packages/airflow/example_dags/example_setup_teardown_taskflow.py took 0.060 seconds
[2025-03-24T23:32:35.153+0000] {processor.py:161} INFO - Started process (PID=934) to work on /home/airflow/.local/lib/python3.8/site-packages/airflow/example_dags/example_setup_teardown_taskflow.py
[2025-03-24T23:32:35.153+0000] {processor.py:830} INFO - Processing file /home/airflow/.local/lib/python3.8/site-packages/airflow/example_dags/example_setup_teardown_taskflow.py for tasks to queue
[2025-03-24T23:32:35.155+0000] {logging_mixin.py:188} INFO - [2025-03-24T23:32:35.154+0000] {dagbag.py:538} INFO - Filling up the DagBag from /home/airflow/.local/lib/python3.8/site-packages/airflow/example_dags/example_setup_teardown_taskflow.py
[2025-03-24T23:32:35.159+0000] {processor.py:840} INFO - DAG(s) 'example_setup_teardown_taskflow' retrieved from /home/airflow/.local/lib/python3.8/site-packages/airflow/example_dags/example_setup_teardown_taskflow.py
[2025-03-24T23:32:35.174+0000] {logging_mixin.py:188} INFO - [2025-03-24T23:32:35.174+0000] {dag.py:3033} INFO - Sync 1 DAGs
[2025-03-24T23:32:35.187+0000] {logging_mixin.py:188} INFO - [2025-03-24T23:32:35.186+0000] {dag.py:3820} INFO - Setting next_dagrun for example_setup_teardown_taskflow to 2025-03-23T00:00:00+00:00, run_after=2025-03-24T00:00:00+00:00
[2025-03-24T23:32:35.195+0000] {processor.py:183} INFO - Processing /home/airflow/.local/lib/python3.8/site-packages/airflow/example_dags/example_setup_teardown_taskflow.py took 0.044 seconds
[2025-03-24T23:33:05.747+0000] {processor.py:161} INFO - Started process (PID=989) to work on /home/airflow/.local/lib/python3.8/site-packages/airflow/example_dags/example_setup_teardown_taskflow.py
[2025-03-24T23:33:05.749+0000] {processor.py:830} INFO - Processing file /home/airflow/.local/lib/python3.8/site-packages/airflow/example_dags/example_setup_teardown_taskflow.py for tasks to queue
[2025-03-24T23:33:05.753+0000] {logging_mixin.py:188} INFO - [2025-03-24T23:33:05.753+0000] {dagbag.py:538} INFO - Filling up the DagBag from /home/airflow/.local/lib/python3.8/site-packages/airflow/example_dags/example_setup_teardown_taskflow.py
[2025-03-24T23:33:05.759+0000] {processor.py:840} INFO - DAG(s) 'example_setup_teardown_taskflow' retrieved from /home/airflow/.local/lib/python3.8/site-packages/airflow/example_dags/example_setup_teardown_taskflow.py
[2025-03-24T23:33:05.773+0000] {logging_mixin.py:188} INFO - [2025-03-24T23:33:05.773+0000] {dag.py:3033} INFO - Sync 1 DAGs
[2025-03-24T23:33:05.785+0000] {logging_mixin.py:188} INFO - [2025-03-24T23:33:05.785+0000] {dag.py:3820} INFO - Setting next_dagrun for example_setup_teardown_taskflow to 2025-03-23T00:00:00+00:00, run_after=2025-03-24T00:00:00+00:00
[2025-03-24T23:33:05.795+0000] {processor.py:183} INFO - Processing /home/airflow/.local/lib/python3.8/site-packages/airflow/example_dags/example_setup_teardown_taskflow.py took 0.050 seconds
[2025-03-24T23:33:36.397+0000] {processor.py:161} INFO - Started process (PID=1044) to work on /home/airflow/.local/lib/python3.8/site-packages/airflow/example_dags/example_setup_teardown_taskflow.py
[2025-03-24T23:33:36.397+0000] {processor.py:830} INFO - Processing file /home/airflow/.local/lib/python3.8/site-packages/airflow/example_dags/example_setup_teardown_taskflow.py for tasks to queue
[2025-03-24T23:33:36.401+0000] {logging_mixin.py:188} INFO - [2025-03-24T23:33:36.401+0000] {dagbag.py:538} INFO - Filling up the DagBag from /home/airflow/.local/lib/python3.8/site-packages/airflow/example_dags/example_setup_teardown_taskflow.py
[2025-03-24T23:33:36.405+0000] {processor.py:840} INFO - DAG(s) 'example_setup_teardown_taskflow' retrieved from /home/airflow/.local/lib/python3.8/site-packages/airflow/example_dags/example_setup_teardown_taskflow.py
[2025-03-24T23:33:36.415+0000] {logging_mixin.py:188} INFO - [2025-03-24T23:33:36.415+0000] {dag.py:3033} INFO - Sync 1 DAGs
[2025-03-24T23:33:36.424+0000] {logging_mixin.py:188} INFO - [2025-03-24T23:33:36.424+0000] {dag.py:3820} INFO - Setting next_dagrun for example_setup_teardown_taskflow to 2025-03-23T00:00:00+00:00, run_after=2025-03-24T00:00:00+00:00
[2025-03-24T23:33:36.432+0000] {processor.py:183} INFO - Processing /home/airflow/.local/lib/python3.8/site-packages/airflow/example_dags/example_setup_teardown_taskflow.py took 0.037 seconds
[2025-03-24T23:34:06.924+0000] {processor.py:161} INFO - Started process (PID=1099) to work on /home/airflow/.local/lib/python3.8/site-packages/airflow/example_dags/example_setup_teardown_taskflow.py
[2025-03-24T23:34:06.925+0000] {processor.py:830} INFO - Processing file /home/airflow/.local/lib/python3.8/site-packages/airflow/example_dags/example_setup_teardown_taskflow.py for tasks to queue
[2025-03-24T23:34:06.927+0000] {logging_mixin.py:188} INFO - [2025-03-24T23:34:06.927+0000] {dagbag.py:538} INFO - Filling up the DagBag from /home/airflow/.local/lib/python3.8/site-packages/airflow/example_dags/example_setup_teardown_taskflow.py
[2025-03-24T23:34:06.933+0000] {processor.py:840} INFO - DAG(s) 'example_setup_teardown_taskflow' retrieved from /home/airflow/.local/lib/python3.8/site-packages/airflow/example_dags/example_setup_teardown_taskflow.py
[2025-03-24T23:34:06.947+0000] {logging_mixin.py:188} INFO - [2025-03-24T23:34:06.947+0000] {dag.py:3033} INFO - Sync 1 DAGs
[2025-03-24T23:34:06.961+0000] {logging_mixin.py:188} INFO - [2025-03-24T23:34:06.961+0000] {dag.py:3820} INFO - Setting next_dagrun for example_setup_teardown_taskflow to 2025-03-23T00:00:00+00:00, run_after=2025-03-24T00:00:00+00:00
[2025-03-24T23:34:06.971+0000] {processor.py:183} INFO - Processing /home/airflow/.local/lib/python3.8/site-packages/airflow/example_dags/example_setup_teardown_taskflow.py took 0.050 seconds
[2025-03-24T23:34:37.505+0000] {processor.py:161} INFO - Started process (PID=1154) to work on /home/airflow/.local/lib/python3.8/site-packages/airflow/example_dags/example_setup_teardown_taskflow.py
[2025-03-24T23:34:37.506+0000] {processor.py:830} INFO - Processing file /home/airflow/.local/lib/python3.8/site-packages/airflow/example_dags/example_setup_teardown_taskflow.py for tasks to queue
[2025-03-24T23:34:37.508+0000] {logging_mixin.py:188} INFO - [2025-03-24T23:34:37.508+0000] {dagbag.py:538} INFO - Filling up the DagBag from /home/airflow/.local/lib/python3.8/site-packages/airflow/example_dags/example_setup_teardown_taskflow.py
[2025-03-24T23:34:37.514+0000] {processor.py:840} INFO - DAG(s) 'example_setup_teardown_taskflow' retrieved from /home/airflow/.local/lib/python3.8/site-packages/airflow/example_dags/example_setup_teardown_taskflow.py
[2025-03-24T23:34:37.528+0000] {logging_mixin.py:188} INFO - [2025-03-24T23:34:37.527+0000] {dag.py:3033} INFO - Sync 1 DAGs
[2025-03-24T23:34:37.542+0000] {logging_mixin.py:188} INFO - [2025-03-24T23:34:37.541+0000] {dag.py:3820} INFO - Setting next_dagrun for example_setup_teardown_taskflow to 2025-03-23T00:00:00+00:00, run_after=2025-03-24T00:00:00+00:00
[2025-03-24T23:34:37.551+0000] {processor.py:183} INFO - Processing /home/airflow/.local/lib/python3.8/site-packages/airflow/example_dags/example_setup_teardown_taskflow.py took 0.049 seconds
[2025-03-24T23:35:07.632+0000] {processor.py:161} INFO - Started process (PID=1209) to work on /home/airflow/.local/lib/python3.8/site-packages/airflow/example_dags/example_setup_teardown_taskflow.py
[2025-03-24T23:35:07.637+0000] {processor.py:830} INFO - Processing file /home/airflow/.local/lib/python3.8/site-packages/airflow/example_dags/example_setup_teardown_taskflow.py for tasks to queue
[2025-03-24T23:35:07.639+0000] {logging_mixin.py:188} INFO - [2025-03-24T23:35:07.639+0000] {dagbag.py:538} INFO - Filling up the DagBag from /home/airflow/.local/lib/python3.8/site-packages/airflow/example_dags/example_setup_teardown_taskflow.py
[2025-03-24T23:35:07.646+0000] {processor.py:840} INFO - DAG(s) 'example_setup_teardown_taskflow' retrieved from /home/airflow/.local/lib/python3.8/site-packages/airflow/example_dags/example_setup_teardown_taskflow.py
[2025-03-24T23:35:07.662+0000] {logging_mixin.py:188} INFO - [2025-03-24T23:35:07.661+0000] {dag.py:3033} INFO - Sync 1 DAGs
[2025-03-24T23:35:07.675+0000] {logging_mixin.py:188} INFO - [2025-03-24T23:35:07.675+0000] {dag.py:3820} INFO - Setting next_dagrun for example_setup_teardown_taskflow to 2025-03-23T00:00:00+00:00, run_after=2025-03-24T00:00:00+00:00
[2025-03-24T23:35:07.685+0000] {processor.py:183} INFO - Processing /home/airflow/.local/lib/python3.8/site-packages/airflow/example_dags/example_setup_teardown_taskflow.py took 0.056 seconds
[2025-03-24T23:35:38.529+0000] {processor.py:161} INFO - Started process (PID=1264) to work on /home/airflow/.local/lib/python3.8/site-packages/airflow/example_dags/example_setup_teardown_taskflow.py
[2025-03-24T23:35:38.530+0000] {processor.py:830} INFO - Processing file /home/airflow/.local/lib/python3.8/site-packages/airflow/example_dags/example_setup_teardown_taskflow.py for tasks to queue
[2025-03-24T23:35:38.532+0000] {logging_mixin.py:188} INFO - [2025-03-24T23:35:38.531+0000] {dagbag.py:538} INFO - Filling up the DagBag from /home/airflow/.local/lib/python3.8/site-packages/airflow/example_dags/example_setup_teardown_taskflow.py
[2025-03-24T23:35:38.538+0000] {processor.py:840} INFO - DAG(s) 'example_setup_teardown_taskflow' retrieved from /home/airflow/.local/lib/python3.8/site-packages/airflow/example_dags/example_setup_teardown_taskflow.py
[2025-03-24T23:35:38.553+0000] {logging_mixin.py:188} INFO - [2025-03-24T23:35:38.552+0000] {dag.py:3033} INFO - Sync 1 DAGs
[2025-03-24T23:35:38.564+0000] {logging_mixin.py:188} INFO - [2025-03-24T23:35:38.564+0000] {dag.py:3820} INFO - Setting next_dagrun for example_setup_teardown_taskflow to 2025-03-23T00:00:00+00:00, run_after=2025-03-24T00:00:00+00:00
[2025-03-24T23:35:38.576+0000] {processor.py:183} INFO - Processing /home/airflow/.local/lib/python3.8/site-packages/airflow/example_dags/example_setup_teardown_taskflow.py took 0.050 seconds
[2025-03-24T23:36:09.288+0000] {processor.py:161} INFO - Started process (PID=1319) to work on /home/airflow/.local/lib/python3.8/site-packages/airflow/example_dags/example_setup_teardown_taskflow.py
[2025-03-24T23:36:09.289+0000] {processor.py:830} INFO - Processing file /home/airflow/.local/lib/python3.8/site-packages/airflow/example_dags/example_setup_teardown_taskflow.py for tasks to queue
[2025-03-24T23:36:09.291+0000] {logging_mixin.py:188} INFO - [2025-03-24T23:36:09.291+0000] {dagbag.py:538} INFO - Filling up the DagBag from /home/airflow/.local/lib/python3.8/site-packages/airflow/example_dags/example_setup_teardown_taskflow.py
[2025-03-24T23:36:09.296+0000] {processor.py:840} INFO - DAG(s) 'example_setup_teardown_taskflow' retrieved from /home/airflow/.local/lib/python3.8/site-packages/airflow/example_dags/example_setup_teardown_taskflow.py
[2025-03-24T23:36:09.309+0000] {logging_mixin.py:188} INFO - [2025-03-24T23:36:09.309+0000] {dag.py:3033} INFO - Sync 1 DAGs
[2025-03-24T23:36:09.321+0000] {logging_mixin.py:188} INFO - [2025-03-24T23:36:09.321+0000] {dag.py:3820} INFO - Setting next_dagrun for example_setup_teardown_taskflow to 2025-03-23T00:00:00+00:00, run_after=2025-03-24T00:00:00+00:00
[2025-03-24T23:36:09.329+0000] {processor.py:183} INFO - Processing /home/airflow/.local/lib/python3.8/site-packages/airflow/example_dags/example_setup_teardown_taskflow.py took 0.043 seconds
[2025-03-24T23:36:39.941+0000] {processor.py:161} INFO - Started process (PID=1374) to work on /home/airflow/.local/lib/python3.8/site-packages/airflow/example_dags/example_setup_teardown_taskflow.py
[2025-03-24T23:36:39.942+0000] {processor.py:830} INFO - Processing file /home/airflow/.local/lib/python3.8/site-packages/airflow/example_dags/example_setup_teardown_taskflow.py for tasks to queue
[2025-03-24T23:36:39.944+0000] {logging_mixin.py:188} INFO - [2025-03-24T23:36:39.943+0000] {dagbag.py:538} INFO - Filling up the DagBag from /home/airflow/.local/lib/python3.8/site-packages/airflow/example_dags/example_setup_teardown_taskflow.py
[2025-03-24T23:36:39.949+0000] {processor.py:840} INFO - DAG(s) 'example_setup_teardown_taskflow' retrieved from /home/airflow/.local/lib/python3.8/site-packages/airflow/example_dags/example_setup_teardown_taskflow.py
[2025-03-24T23:36:39.964+0000] {logging_mixin.py:188} INFO - [2025-03-24T23:36:39.963+0000] {dag.py:3033} INFO - Sync 1 DAGs
[2025-03-24T23:36:39.975+0000] {logging_mixin.py:188} INFO - [2025-03-24T23:36:39.974+0000] {dag.py:3820} INFO - Setting next_dagrun for example_setup_teardown_taskflow to 2025-03-23T00:00:00+00:00, run_after=2025-03-24T00:00:00+00:00
[2025-03-24T23:36:39.987+0000] {processor.py:183} INFO - Processing /home/airflow/.local/lib/python3.8/site-packages/airflow/example_dags/example_setup_teardown_taskflow.py took 0.049 seconds
[2025-03-24T23:37:10.750+0000] {processor.py:161} INFO - Started process (PID=1429) to work on /home/airflow/.local/lib/python3.8/site-packages/airflow/example_dags/example_setup_teardown_taskflow.py
[2025-03-24T23:37:10.752+0000] {processor.py:830} INFO - Processing file /home/airflow/.local/lib/python3.8/site-packages/airflow/example_dags/example_setup_teardown_taskflow.py for tasks to queue
[2025-03-24T23:37:10.753+0000] {logging_mixin.py:188} INFO - [2025-03-24T23:37:10.753+0000] {dagbag.py:538} INFO - Filling up the DagBag from /home/airflow/.local/lib/python3.8/site-packages/airflow/example_dags/example_setup_teardown_taskflow.py
[2025-03-24T23:37:10.760+0000] {processor.py:840} INFO - DAG(s) 'example_setup_teardown_taskflow' retrieved from /home/airflow/.local/lib/python3.8/site-packages/airflow/example_dags/example_setup_teardown_taskflow.py
[2025-03-24T23:37:10.779+0000] {logging_mixin.py:188} INFO - [2025-03-24T23:37:10.779+0000] {dag.py:3033} INFO - Sync 1 DAGs
[2025-03-24T23:37:10.795+0000] {logging_mixin.py:188} INFO - [2025-03-24T23:37:10.794+0000] {dag.py:3820} INFO - Setting next_dagrun for example_setup_teardown_taskflow to 2025-03-23T00:00:00+00:00, run_after=2025-03-24T00:00:00+00:00
[2025-03-24T23:37:10.807+0000] {processor.py:183} INFO - Processing /home/airflow/.local/lib/python3.8/site-packages/airflow/example_dags/example_setup_teardown_taskflow.py took 0.060 seconds
[2025-03-24T23:37:41.609+0000] {processor.py:161} INFO - Started process (PID=1484) to work on /home/airflow/.local/lib/python3.8/site-packages/airflow/example_dags/example_setup_teardown_taskflow.py
[2025-03-24T23:37:41.615+0000] {processor.py:830} INFO - Processing file /home/airflow/.local/lib/python3.8/site-packages/airflow/example_dags/example_setup_teardown_taskflow.py for tasks to queue
[2025-03-24T23:37:41.617+0000] {logging_mixin.py:188} INFO - [2025-03-24T23:37:41.616+0000] {dagbag.py:538} INFO - Filling up the DagBag from /home/airflow/.local/lib/python3.8/site-packages/airflow/example_dags/example_setup_teardown_taskflow.py
[2025-03-24T23:37:41.622+0000] {processor.py:840} INFO - DAG(s) 'example_setup_teardown_taskflow' retrieved from /home/airflow/.local/lib/python3.8/site-packages/airflow/example_dags/example_setup_teardown_taskflow.py
[2025-03-24T23:37:41.639+0000] {logging_mixin.py:188} INFO - [2025-03-24T23:37:41.639+0000] {dag.py:3033} INFO - Sync 1 DAGs
[2025-03-24T23:37:41.652+0000] {logging_mixin.py:188} INFO - [2025-03-24T23:37:41.652+0000] {dag.py:3820} INFO - Setting next_dagrun for example_setup_teardown_taskflow to 2025-03-23T00:00:00+00:00, run_after=2025-03-24T00:00:00+00:00
[2025-03-24T23:37:41.661+0000] {processor.py:183} INFO - Processing /home/airflow/.local/lib/python3.8/site-packages/airflow/example_dags/example_setup_teardown_taskflow.py took 0.055 seconds
[2025-03-24T23:38:12.400+0000] {processor.py:161} INFO - Started process (PID=1539) to work on /home/airflow/.local/lib/python3.8/site-packages/airflow/example_dags/example_setup_teardown_taskflow.py
[2025-03-24T23:38:12.401+0000] {processor.py:830} INFO - Processing file /home/airflow/.local/lib/python3.8/site-packages/airflow/example_dags/example_setup_teardown_taskflow.py for tasks to queue
[2025-03-24T23:38:12.402+0000] {logging_mixin.py:188} INFO - [2025-03-24T23:38:12.402+0000] {dagbag.py:538} INFO - Filling up the DagBag from /home/airflow/.local/lib/python3.8/site-packages/airflow/example_dags/example_setup_teardown_taskflow.py
[2025-03-24T23:38:12.408+0000] {processor.py:840} INFO - DAG(s) 'example_setup_teardown_taskflow' retrieved from /home/airflow/.local/lib/python3.8/site-packages/airflow/example_dags/example_setup_teardown_taskflow.py
[2025-03-24T23:38:12.421+0000] {logging_mixin.py:188} INFO - [2025-03-24T23:38:12.421+0000] {dag.py:3033} INFO - Sync 1 DAGs
[2025-03-24T23:38:12.432+0000] {logging_mixin.py:188} INFO - [2025-03-24T23:38:12.432+0000] {dag.py:3820} INFO - Setting next_dagrun for example_setup_teardown_taskflow to 2025-03-23T00:00:00+00:00, run_after=2025-03-24T00:00:00+00:00
[2025-03-24T23:38:12.442+0000] {processor.py:183} INFO - Processing /home/airflow/.local/lib/python3.8/site-packages/airflow/example_dags/example_setup_teardown_taskflow.py took 0.044 seconds
[2025-03-24T23:38:43.140+0000] {processor.py:161} INFO - Started process (PID=1594) to work on /home/airflow/.local/lib/python3.8/site-packages/airflow/example_dags/example_setup_teardown_taskflow.py
[2025-03-24T23:38:43.141+0000] {processor.py:830} INFO - Processing file /home/airflow/.local/lib/python3.8/site-packages/airflow/example_dags/example_setup_teardown_taskflow.py for tasks to queue
[2025-03-24T23:38:43.143+0000] {logging_mixin.py:188} INFO - [2025-03-24T23:38:43.142+0000] {dagbag.py:538} INFO - Filling up the DagBag from /home/airflow/.local/lib/python3.8/site-packages/airflow/example_dags/example_setup_teardown_taskflow.py
[2025-03-24T23:38:43.148+0000] {processor.py:840} INFO - DAG(s) 'example_setup_teardown_taskflow' retrieved from /home/airflow/.local/lib/python3.8/site-packages/airflow/example_dags/example_setup_teardown_taskflow.py
[2025-03-24T23:38:43.165+0000] {logging_mixin.py:188} INFO - [2025-03-24T23:38:43.165+0000] {dag.py:3033} INFO - Sync 1 DAGs
[2025-03-24T23:38:43.176+0000] {logging_mixin.py:188} INFO - [2025-03-24T23:38:43.176+0000] {dag.py:3820} INFO - Setting next_dagrun for example_setup_teardown_taskflow to 2025-03-23T00:00:00+00:00, run_after=2025-03-24T00:00:00+00:00
[2025-03-24T23:38:43.185+0000] {processor.py:183} INFO - Processing /home/airflow/.local/lib/python3.8/site-packages/airflow/example_dags/example_setup_teardown_taskflow.py took 0.048 seconds
[2025-03-24T23:39:13.925+0000] {processor.py:161} INFO - Started process (PID=1649) to work on /home/airflow/.local/lib/python3.8/site-packages/airflow/example_dags/example_setup_teardown_taskflow.py
[2025-03-24T23:39:13.927+0000] {processor.py:830} INFO - Processing file /home/airflow/.local/lib/python3.8/site-packages/airflow/example_dags/example_setup_teardown_taskflow.py for tasks to queue
[2025-03-24T23:39:13.929+0000] {logging_mixin.py:188} INFO - [2025-03-24T23:39:13.929+0000] {dagbag.py:538} INFO - Filling up the DagBag from /home/airflow/.local/lib/python3.8/site-packages/airflow/example_dags/example_setup_teardown_taskflow.py
[2025-03-24T23:39:13.935+0000] {processor.py:840} INFO - DAG(s) 'example_setup_teardown_taskflow' retrieved from /home/airflow/.local/lib/python3.8/site-packages/airflow/example_dags/example_setup_teardown_taskflow.py
[2025-03-24T23:39:13.953+0000] {logging_mixin.py:188} INFO - [2025-03-24T23:39:13.953+0000] {dag.py:3033} INFO - Sync 1 DAGs
[2025-03-24T23:39:13.967+0000] {logging_mixin.py:188} INFO - [2025-03-24T23:39:13.967+0000] {dag.py:3820} INFO - Setting next_dagrun for example_setup_teardown_taskflow to 2025-03-23T00:00:00+00:00, run_after=2025-03-24T00:00:00+00:00
[2025-03-24T23:39:13.985+0000] {processor.py:183} INFO - Processing /home/airflow/.local/lib/python3.8/site-packages/airflow/example_dags/example_setup_teardown_taskflow.py took 0.063 seconds
[2025-03-24T23:39:44.833+0000] {processor.py:161} INFO - Started process (PID=1704) to work on /home/airflow/.local/lib/python3.8/site-packages/airflow/example_dags/example_setup_teardown_taskflow.py
[2025-03-24T23:39:44.834+0000] {processor.py:830} INFO - Processing file /home/airflow/.local/lib/python3.8/site-packages/airflow/example_dags/example_setup_teardown_taskflow.py for tasks to queue
[2025-03-24T23:39:44.836+0000] {logging_mixin.py:188} INFO - [2025-03-24T23:39:44.835+0000] {dagbag.py:538} INFO - Filling up the DagBag from /home/airflow/.local/lib/python3.8/site-packages/airflow/example_dags/example_setup_teardown_taskflow.py
[2025-03-24T23:39:44.846+0000] {processor.py:840} INFO - DAG(s) 'example_setup_teardown_taskflow' retrieved from /home/airflow/.local/lib/python3.8/site-packages/airflow/example_dags/example_setup_teardown_taskflow.py
[2025-03-24T23:39:44.865+0000] {logging_mixin.py:188} INFO - [2025-03-24T23:39:44.865+0000] {dag.py:3033} INFO - Sync 1 DAGs
[2025-03-24T23:39:44.880+0000] {logging_mixin.py:188} INFO - [2025-03-24T23:39:44.880+0000] {dag.py:3820} INFO - Setting next_dagrun for example_setup_teardown_taskflow to 2025-03-23T00:00:00+00:00, run_after=2025-03-24T00:00:00+00:00
[2025-03-24T23:39:44.893+0000] {processor.py:183} INFO - Processing /home/airflow/.local/lib/python3.8/site-packages/airflow/example_dags/example_setup_teardown_taskflow.py took 0.066 seconds
[2025-03-24T23:40:15.484+0000] {processor.py:161} INFO - Started process (PID=1759) to work on /home/airflow/.local/lib/python3.8/site-packages/airflow/example_dags/example_setup_teardown_taskflow.py
[2025-03-24T23:40:15.485+0000] {processor.py:830} INFO - Processing file /home/airflow/.local/lib/python3.8/site-packages/airflow/example_dags/example_setup_teardown_taskflow.py for tasks to queue
[2025-03-24T23:40:15.489+0000] {logging_mixin.py:188} INFO - [2025-03-24T23:40:15.489+0000] {dagbag.py:538} INFO - Filling up the DagBag from /home/airflow/.local/lib/python3.8/site-packages/airflow/example_dags/example_setup_teardown_taskflow.py
[2025-03-24T23:40:15.494+0000] {processor.py:840} INFO - DAG(s) 'example_setup_teardown_taskflow' retrieved from /home/airflow/.local/lib/python3.8/site-packages/airflow/example_dags/example_setup_teardown_taskflow.py
[2025-03-24T23:40:15.509+0000] {logging_mixin.py:188} INFO - [2025-03-24T23:40:15.509+0000] {dag.py:3033} INFO - Sync 1 DAGs
[2025-03-24T23:40:15.521+0000] {logging_mixin.py:188} INFO - [2025-03-24T23:40:15.521+0000] {dag.py:3820} INFO - Setting next_dagrun for example_setup_teardown_taskflow to 2025-03-23T00:00:00+00:00, run_after=2025-03-24T00:00:00+00:00
[2025-03-24T23:40:15.531+0000] {processor.py:183} INFO - Processing /home/airflow/.local/lib/python3.8/site-packages/airflow/example_dags/example_setup_teardown_taskflow.py took 0.050 seconds
[2025-03-24T23:40:46.097+0000] {processor.py:161} INFO - Started process (PID=1814) to work on /home/airflow/.local/lib/python3.8/site-packages/airflow/example_dags/example_setup_teardown_taskflow.py
[2025-03-24T23:40:46.098+0000] {processor.py:830} INFO - Processing file /home/airflow/.local/lib/python3.8/site-packages/airflow/example_dags/example_setup_teardown_taskflow.py for tasks to queue
[2025-03-24T23:40:46.103+0000] {logging_mixin.py:188} INFO - [2025-03-24T23:40:46.103+0000] {dagbag.py:538} INFO - Filling up the DagBag from /home/airflow/.local/lib/python3.8/site-packages/airflow/example_dags/example_setup_teardown_taskflow.py
[2025-03-24T23:40:46.110+0000] {processor.py:840} INFO - DAG(s) 'example_setup_teardown_taskflow' retrieved from /home/airflow/.local/lib/python3.8/site-packages/airflow/example_dags/example_setup_teardown_taskflow.py
[2025-03-24T23:40:46.125+0000] {logging_mixin.py:188} INFO - [2025-03-24T23:40:46.125+0000] {dag.py:3033} INFO - Sync 1 DAGs
[2025-03-24T23:40:46.140+0000] {logging_mixin.py:188} INFO - [2025-03-24T23:40:46.140+0000] {dag.py:3820} INFO - Setting next_dagrun for example_setup_teardown_taskflow to 2025-03-23T00:00:00+00:00, run_after=2025-03-24T00:00:00+00:00
[2025-03-24T23:40:46.150+0000] {processor.py:183} INFO - Processing /home/airflow/.local/lib/python3.8/site-packages/airflow/example_dags/example_setup_teardown_taskflow.py took 0.055 seconds
[2025-03-24T23:41:16.644+0000] {processor.py:161} INFO - Started process (PID=1869) to work on /home/airflow/.local/lib/python3.8/site-packages/airflow/example_dags/example_setup_teardown_taskflow.py
[2025-03-24T23:41:16.644+0000] {processor.py:830} INFO - Processing file /home/airflow/.local/lib/python3.8/site-packages/airflow/example_dags/example_setup_teardown_taskflow.py for tasks to queue
[2025-03-24T23:41:16.648+0000] {logging_mixin.py:188} INFO - [2025-03-24T23:41:16.648+0000] {dagbag.py:538} INFO - Filling up the DagBag from /home/airflow/.local/lib/python3.8/site-packages/airflow/example_dags/example_setup_teardown_taskflow.py
[2025-03-24T23:41:16.654+0000] {processor.py:840} INFO - DAG(s) 'example_setup_teardown_taskflow' retrieved from /home/airflow/.local/lib/python3.8/site-packages/airflow/example_dags/example_setup_teardown_taskflow.py
[2025-03-24T23:41:16.665+0000] {logging_mixin.py:188} INFO - [2025-03-24T23:41:16.665+0000] {dag.py:3033} INFO - Sync 1 DAGs
[2025-03-24T23:41:16.675+0000] {logging_mixin.py:188} INFO - [2025-03-24T23:41:16.675+0000] {dag.py:3820} INFO - Setting next_dagrun for example_setup_teardown_taskflow to 2025-03-23T00:00:00+00:00, run_after=2025-03-24T00:00:00+00:00
[2025-03-24T23:41:16.683+0000] {processor.py:183} INFO - Processing /home/airflow/.local/lib/python3.8/site-packages/airflow/example_dags/example_setup_teardown_taskflow.py took 0.041 seconds
[2025-03-24T23:41:47.286+0000] {processor.py:161} INFO - Started process (PID=1924) to work on /home/airflow/.local/lib/python3.8/site-packages/airflow/example_dags/example_setup_teardown_taskflow.py
[2025-03-24T23:41:47.287+0000] {processor.py:830} INFO - Processing file /home/airflow/.local/lib/python3.8/site-packages/airflow/example_dags/example_setup_teardown_taskflow.py for tasks to queue
[2025-03-24T23:41:47.289+0000] {logging_mixin.py:188} INFO - [2025-03-24T23:41:47.288+0000] {dagbag.py:538} INFO - Filling up the DagBag from /home/airflow/.local/lib/python3.8/site-packages/airflow/example_dags/example_setup_teardown_taskflow.py
[2025-03-24T23:41:47.294+0000] {processor.py:840} INFO - DAG(s) 'example_setup_teardown_taskflow' retrieved from /home/airflow/.local/lib/python3.8/site-packages/airflow/example_dags/example_setup_teardown_taskflow.py
[2025-03-24T23:41:47.306+0000] {logging_mixin.py:188} INFO - [2025-03-24T23:41:47.306+0000] {dag.py:3033} INFO - Sync 1 DAGs
[2025-03-24T23:41:47.319+0000] {logging_mixin.py:188} INFO - [2025-03-24T23:41:47.319+0000] {dag.py:3820} INFO - Setting next_dagrun for example_setup_teardown_taskflow to 2025-03-23T00:00:00+00:00, run_after=2025-03-24T00:00:00+00:00
[2025-03-24T23:41:47.330+0000] {processor.py:183} INFO - Processing /home/airflow/.local/lib/python3.8/site-packages/airflow/example_dags/example_setup_teardown_taskflow.py took 0.046 seconds
[2025-03-24T23:42:17.886+0000] {processor.py:161} INFO - Started process (PID=1979) to work on /home/airflow/.local/lib/python3.8/site-packages/airflow/example_dags/example_setup_teardown_taskflow.py
[2025-03-24T23:42:17.887+0000] {processor.py:830} INFO - Processing file /home/airflow/.local/lib/python3.8/site-packages/airflow/example_dags/example_setup_teardown_taskflow.py for tasks to queue
[2025-03-24T23:42:17.888+0000] {logging_mixin.py:188} INFO - [2025-03-24T23:42:17.888+0000] {dagbag.py:538} INFO - Filling up the DagBag from /home/airflow/.local/lib/python3.8/site-packages/airflow/example_dags/example_setup_teardown_taskflow.py
[2025-03-24T23:42:17.897+0000] {processor.py:840} INFO - DAG(s) 'example_setup_teardown_taskflow' retrieved from /home/airflow/.local/lib/python3.8/site-packages/airflow/example_dags/example_setup_teardown_taskflow.py
[2025-03-24T23:42:17.914+0000] {logging_mixin.py:188} INFO - [2025-03-24T23:42:17.914+0000] {dag.py:3033} INFO - Sync 1 DAGs
[2025-03-24T23:42:17.926+0000] {logging_mixin.py:188} INFO - [2025-03-24T23:42:17.926+0000] {dag.py:3820} INFO - Setting next_dagrun for example_setup_teardown_taskflow to 2025-03-23T00:00:00+00:00, run_after=2025-03-24T00:00:00+00:00
[2025-03-24T23:42:17.936+0000] {processor.py:183} INFO - Processing /home/airflow/.local/lib/python3.8/site-packages/airflow/example_dags/example_setup_teardown_taskflow.py took 0.053 seconds
[2025-03-24T23:42:48.448+0000] {processor.py:161} INFO - Started process (PID=2034) to work on /home/airflow/.local/lib/python3.8/site-packages/airflow/example_dags/example_setup_teardown_taskflow.py
[2025-03-24T23:42:48.452+0000] {processor.py:830} INFO - Processing file /home/airflow/.local/lib/python3.8/site-packages/airflow/example_dags/example_setup_teardown_taskflow.py for tasks to queue
[2025-03-24T23:42:48.453+0000] {logging_mixin.py:188} INFO - [2025-03-24T23:42:48.453+0000] {dagbag.py:538} INFO - Filling up the DagBag from /home/airflow/.local/lib/python3.8/site-packages/airflow/example_dags/example_setup_teardown_taskflow.py
[2025-03-24T23:42:48.457+0000] {processor.py:840} INFO - DAG(s) 'example_setup_teardown_taskflow' retrieved from /home/airflow/.local/lib/python3.8/site-packages/airflow/example_dags/example_setup_teardown_taskflow.py
[2025-03-24T23:42:48.467+0000] {logging_mixin.py:188} INFO - [2025-03-24T23:42:48.466+0000] {dag.py:3033} INFO - Sync 1 DAGs
[2025-03-24T23:42:48.477+0000] {logging_mixin.py:188} INFO - [2025-03-24T23:42:48.477+0000] {dag.py:3820} INFO - Setting next_dagrun for example_setup_teardown_taskflow to 2025-03-23T00:00:00+00:00, run_after=2025-03-24T00:00:00+00:00
[2025-03-24T23:42:48.487+0000] {processor.py:183} INFO - Processing /home/airflow/.local/lib/python3.8/site-packages/airflow/example_dags/example_setup_teardown_taskflow.py took 0.040 seconds
[2025-03-24T23:43:18.871+0000] {processor.py:161} INFO - Started process (PID=2089) to work on /home/airflow/.local/lib/python3.8/site-packages/airflow/example_dags/example_setup_teardown_taskflow.py
[2025-03-24T23:43:18.874+0000] {processor.py:830} INFO - Processing file /home/airflow/.local/lib/python3.8/site-packages/airflow/example_dags/example_setup_teardown_taskflow.py for tasks to queue
[2025-03-24T23:43:18.876+0000] {logging_mixin.py:188} INFO - [2025-03-24T23:43:18.876+0000] {dagbag.py:538} INFO - Filling up the DagBag from /home/airflow/.local/lib/python3.8/site-packages/airflow/example_dags/example_setup_teardown_taskflow.py
[2025-03-24T23:43:18.881+0000] {processor.py:840} INFO - DAG(s) 'example_setup_teardown_taskflow' retrieved from /home/airflow/.local/lib/python3.8/site-packages/airflow/example_dags/example_setup_teardown_taskflow.py
[2025-03-24T23:43:18.896+0000] {logging_mixin.py:188} INFO - [2025-03-24T23:43:18.896+0000] {dag.py:3033} INFO - Sync 1 DAGs
[2025-03-24T23:43:18.908+0000] {logging_mixin.py:188} INFO - [2025-03-24T23:43:18.908+0000] {dag.py:3820} INFO - Setting next_dagrun for example_setup_teardown_taskflow to 2025-03-23T00:00:00+00:00, run_after=2025-03-24T00:00:00+00:00
[2025-03-24T23:43:18.920+0000] {processor.py:183} INFO - Processing /home/airflow/.local/lib/python3.8/site-packages/airflow/example_dags/example_setup_teardown_taskflow.py took 0.052 seconds
[2025-03-24T23:43:49.528+0000] {processor.py:161} INFO - Started process (PID=2144) to work on /home/airflow/.local/lib/python3.8/site-packages/airflow/example_dags/example_setup_teardown_taskflow.py
[2025-03-24T23:43:49.529+0000] {processor.py:830} INFO - Processing file /home/airflow/.local/lib/python3.8/site-packages/airflow/example_dags/example_setup_teardown_taskflow.py for tasks to queue
[2025-03-24T23:43:49.533+0000] {logging_mixin.py:188} INFO - [2025-03-24T23:43:49.533+0000] {dagbag.py:538} INFO - Filling up the DagBag from /home/airflow/.local/lib/python3.8/site-packages/airflow/example_dags/example_setup_teardown_taskflow.py
[2025-03-24T23:43:49.539+0000] {processor.py:840} INFO - DAG(s) 'example_setup_teardown_taskflow' retrieved from /home/airflow/.local/lib/python3.8/site-packages/airflow/example_dags/example_setup_teardown_taskflow.py
[2025-03-24T23:43:49.549+0000] {logging_mixin.py:188} INFO - [2025-03-24T23:43:49.549+0000] {dag.py:3033} INFO - Sync 1 DAGs
[2025-03-24T23:43:49.561+0000] {logging_mixin.py:188} INFO - [2025-03-24T23:43:49.561+0000] {dag.py:3820} INFO - Setting next_dagrun for example_setup_teardown_taskflow to 2025-03-23T00:00:00+00:00, run_after=2025-03-24T00:00:00+00:00
[2025-03-24T23:43:49.570+0000] {processor.py:183} INFO - Processing /home/airflow/.local/lib/python3.8/site-packages/airflow/example_dags/example_setup_teardown_taskflow.py took 0.044 seconds
[2025-03-24T23:44:20.228+0000] {processor.py:161} INFO - Started process (PID=2199) to work on /home/airflow/.local/lib/python3.8/site-packages/airflow/example_dags/example_setup_teardown_taskflow.py
[2025-03-24T23:44:20.229+0000] {processor.py:830} INFO - Processing file /home/airflow/.local/lib/python3.8/site-packages/airflow/example_dags/example_setup_teardown_taskflow.py for tasks to queue
[2025-03-24T23:44:20.231+0000] {logging_mixin.py:188} INFO - [2025-03-24T23:44:20.230+0000] {dagbag.py:538} INFO - Filling up the DagBag from /home/airflow/.local/lib/python3.8/site-packages/airflow/example_dags/example_setup_teardown_taskflow.py
[2025-03-24T23:44:20.237+0000] {processor.py:840} INFO - DAG(s) 'example_setup_teardown_taskflow' retrieved from /home/airflow/.local/lib/python3.8/site-packages/airflow/example_dags/example_setup_teardown_taskflow.py
[2025-03-24T23:44:20.256+0000] {logging_mixin.py:188} INFO - [2025-03-24T23:44:20.256+0000] {dag.py:3033} INFO - Sync 1 DAGs
[2025-03-24T23:44:20.282+0000] {logging_mixin.py:188} INFO - [2025-03-24T23:44:20.282+0000] {dag.py:3820} INFO - Setting next_dagrun for example_setup_teardown_taskflow to 2025-03-23T00:00:00+00:00, run_after=2025-03-24T00:00:00+00:00
[2025-03-24T23:44:20.297+0000] {processor.py:183} INFO - Processing /home/airflow/.local/lib/python3.8/site-packages/airflow/example_dags/example_setup_teardown_taskflow.py took 0.074 seconds
[2025-03-24T23:44:50.834+0000] {processor.py:161} INFO - Started process (PID=2254) to work on /home/airflow/.local/lib/python3.8/site-packages/airflow/example_dags/example_setup_teardown_taskflow.py
[2025-03-24T23:44:50.835+0000] {processor.py:830} INFO - Processing file /home/airflow/.local/lib/python3.8/site-packages/airflow/example_dags/example_setup_teardown_taskflow.py for tasks to queue
[2025-03-24T23:44:50.837+0000] {logging_mixin.py:188} INFO - [2025-03-24T23:44:50.837+0000] {dagbag.py:538} INFO - Filling up the DagBag from /home/airflow/.local/lib/python3.8/site-packages/airflow/example_dags/example_setup_teardown_taskflow.py
[2025-03-24T23:44:50.845+0000] {processor.py:840} INFO - DAG(s) 'example_setup_teardown_taskflow' retrieved from /home/airflow/.local/lib/python3.8/site-packages/airflow/example_dags/example_setup_teardown_taskflow.py
[2025-03-24T23:44:50.860+0000] {logging_mixin.py:188} INFO - [2025-03-24T23:44:50.860+0000] {dag.py:3033} INFO - Sync 1 DAGs
[2025-03-24T23:44:50.872+0000] {logging_mixin.py:188} INFO - [2025-03-24T23:44:50.872+0000] {dag.py:3820} INFO - Setting next_dagrun for example_setup_teardown_taskflow to 2025-03-23T00:00:00+00:00, run_after=2025-03-24T00:00:00+00:00
[2025-03-24T23:44:50.980+0000] {processor.py:183} INFO - Processing /home/airflow/.local/lib/python3.8/site-packages/airflow/example_dags/example_setup_teardown_taskflow.py took 0.150 seconds
[2025-03-24T23:45:21.462+0000] {processor.py:161} INFO - Started process (PID=2309) to work on /home/airflow/.local/lib/python3.8/site-packages/airflow/example_dags/example_setup_teardown_taskflow.py
[2025-03-24T23:45:21.465+0000] {processor.py:830} INFO - Processing file /home/airflow/.local/lib/python3.8/site-packages/airflow/example_dags/example_setup_teardown_taskflow.py for tasks to queue
[2025-03-24T23:45:21.467+0000] {logging_mixin.py:188} INFO - [2025-03-24T23:45:21.466+0000] {dagbag.py:538} INFO - Filling up the DagBag from /home/airflow/.local/lib/python3.8/site-packages/airflow/example_dags/example_setup_teardown_taskflow.py
[2025-03-24T23:45:21.471+0000] {processor.py:840} INFO - DAG(s) 'example_setup_teardown_taskflow' retrieved from /home/airflow/.local/lib/python3.8/site-packages/airflow/example_dags/example_setup_teardown_taskflow.py
[2025-03-24T23:45:21.482+0000] {logging_mixin.py:188} INFO - [2025-03-24T23:45:21.482+0000] {dag.py:3033} INFO - Sync 1 DAGs
[2025-03-24T23:45:21.493+0000] {logging_mixin.py:188} INFO - [2025-03-24T23:45:21.493+0000] {dag.py:3820} INFO - Setting next_dagrun for example_setup_teardown_taskflow to 2025-03-23T00:00:00+00:00, run_after=2025-03-24T00:00:00+00:00
[2025-03-24T23:45:21.501+0000] {processor.py:183} INFO - Processing /home/airflow/.local/lib/python3.8/site-packages/airflow/example_dags/example_setup_teardown_taskflow.py took 0.041 seconds
[2025-03-24T23:45:52.106+0000] {processor.py:161} INFO - Started process (PID=2363) to work on /home/airflow/.local/lib/python3.8/site-packages/airflow/example_dags/example_setup_teardown_taskflow.py
[2025-03-24T23:45:52.109+0000] {processor.py:830} INFO - Processing file /home/airflow/.local/lib/python3.8/site-packages/airflow/example_dags/example_setup_teardown_taskflow.py for tasks to queue
[2025-03-24T23:45:52.110+0000] {logging_mixin.py:188} INFO - [2025-03-24T23:45:52.110+0000] {dagbag.py:538} INFO - Filling up the DagBag from /home/airflow/.local/lib/python3.8/site-packages/airflow/example_dags/example_setup_teardown_taskflow.py
[2025-03-24T23:45:52.116+0000] {processor.py:840} INFO - DAG(s) 'example_setup_teardown_taskflow' retrieved from /home/airflow/.local/lib/python3.8/site-packages/airflow/example_dags/example_setup_teardown_taskflow.py
[2025-03-24T23:45:52.130+0000] {logging_mixin.py:188} INFO - [2025-03-24T23:45:52.129+0000] {dag.py:3033} INFO - Sync 1 DAGs
[2025-03-24T23:45:52.140+0000] {logging_mixin.py:188} INFO - [2025-03-24T23:45:52.140+0000] {dag.py:3820} INFO - Setting next_dagrun for example_setup_teardown_taskflow to 2025-03-23T00:00:00+00:00, run_after=2025-03-24T00:00:00+00:00
[2025-03-24T23:45:52.147+0000] {processor.py:183} INFO - Processing /home/airflow/.local/lib/python3.8/site-packages/airflow/example_dags/example_setup_teardown_taskflow.py took 0.043 seconds
[2025-03-24T23:46:22.623+0000] {processor.py:161} INFO - Started process (PID=2418) to work on /home/airflow/.local/lib/python3.8/site-packages/airflow/example_dags/example_setup_teardown_taskflow.py
[2025-03-24T23:46:22.625+0000] {processor.py:830} INFO - Processing file /home/airflow/.local/lib/python3.8/site-packages/airflow/example_dags/example_setup_teardown_taskflow.py for tasks to queue
[2025-03-24T23:46:22.626+0000] {logging_mixin.py:188} INFO - [2025-03-24T23:46:22.626+0000] {dagbag.py:538} INFO - Filling up the DagBag from /home/airflow/.local/lib/python3.8/site-packages/airflow/example_dags/example_setup_teardown_taskflow.py
[2025-03-24T23:46:22.632+0000] {processor.py:840} INFO - DAG(s) 'example_setup_teardown_taskflow' retrieved from /home/airflow/.local/lib/python3.8/site-packages/airflow/example_dags/example_setup_teardown_taskflow.py
[2025-03-24T23:46:22.647+0000] {logging_mixin.py:188} INFO - [2025-03-24T23:46:22.647+0000] {dag.py:3033} INFO - Sync 1 DAGs
[2025-03-24T23:46:22.659+0000] {logging_mixin.py:188} INFO - [2025-03-24T23:46:22.659+0000] {dag.py:3820} INFO - Setting next_dagrun for example_setup_teardown_taskflow to 2025-03-23T00:00:00+00:00, run_after=2025-03-24T00:00:00+00:00
[2025-03-24T23:46:22.831+0000] {processor.py:183} INFO - Processing /home/airflow/.local/lib/python3.8/site-packages/airflow/example_dags/example_setup_teardown_taskflow.py took 0.210 seconds
[2025-03-24T23:46:53.707+0000] {processor.py:161} INFO - Started process (PID=2473) to work on /home/airflow/.local/lib/python3.8/site-packages/airflow/example_dags/example_setup_teardown_taskflow.py
[2025-03-24T23:46:53.708+0000] {processor.py:830} INFO - Processing file /home/airflow/.local/lib/python3.8/site-packages/airflow/example_dags/example_setup_teardown_taskflow.py for tasks to queue
[2025-03-24T23:46:53.710+0000] {logging_mixin.py:188} INFO - [2025-03-24T23:46:53.710+0000] {dagbag.py:538} INFO - Filling up the DagBag from /home/airflow/.local/lib/python3.8/site-packages/airflow/example_dags/example_setup_teardown_taskflow.py
[2025-03-24T23:46:53.717+0000] {processor.py:840} INFO - DAG(s) 'example_setup_teardown_taskflow' retrieved from /home/airflow/.local/lib/python3.8/site-packages/airflow/example_dags/example_setup_teardown_taskflow.py
[2025-03-24T23:46:53.733+0000] {logging_mixin.py:188} INFO - [2025-03-24T23:46:53.732+0000] {dag.py:3033} INFO - Sync 1 DAGs
[2025-03-24T23:46:53.744+0000] {logging_mixin.py:188} INFO - [2025-03-24T23:46:53.744+0000] {dag.py:3820} INFO - Setting next_dagrun for example_setup_teardown_taskflow to 2025-03-23T00:00:00+00:00, run_after=2025-03-24T00:00:00+00:00
[2025-03-24T23:46:53.754+0000] {processor.py:183} INFO - Processing /home/airflow/.local/lib/python3.8/site-packages/airflow/example_dags/example_setup_teardown_taskflow.py took 0.050 seconds
[2025-03-24T23:47:23.844+0000] {processor.py:161} INFO - Started process (PID=2528) to work on /home/airflow/.local/lib/python3.8/site-packages/airflow/example_dags/example_setup_teardown_taskflow.py
[2025-03-24T23:47:23.845+0000] {processor.py:830} INFO - Processing file /home/airflow/.local/lib/python3.8/site-packages/airflow/example_dags/example_setup_teardown_taskflow.py for tasks to queue
[2025-03-24T23:47:23.847+0000] {logging_mixin.py:188} INFO - [2025-03-24T23:47:23.847+0000] {dagbag.py:538} INFO - Filling up the DagBag from /home/airflow/.local/lib/python3.8/site-packages/airflow/example_dags/example_setup_teardown_taskflow.py
[2025-03-24T23:47:23.855+0000] {processor.py:840} INFO - DAG(s) 'example_setup_teardown_taskflow' retrieved from /home/airflow/.local/lib/python3.8/site-packages/airflow/example_dags/example_setup_teardown_taskflow.py
[2025-03-24T23:47:23.871+0000] {logging_mixin.py:188} INFO - [2025-03-24T23:47:23.870+0000] {dag.py:3033} INFO - Sync 1 DAGs
[2025-03-24T23:47:23.883+0000] {logging_mixin.py:188} INFO - [2025-03-24T23:47:23.882+0000] {dag.py:3820} INFO - Setting next_dagrun for example_setup_teardown_taskflow to 2025-03-23T00:00:00+00:00, run_after=2025-03-24T00:00:00+00:00
[2025-03-24T23:47:23.892+0000] {processor.py:183} INFO - Processing /home/airflow/.local/lib/python3.8/site-packages/airflow/example_dags/example_setup_teardown_taskflow.py took 0.050 seconds
[2025-03-24T23:47:54.584+0000] {processor.py:161} INFO - Started process (PID=2583) to work on /home/airflow/.local/lib/python3.8/site-packages/airflow/example_dags/example_setup_teardown_taskflow.py
[2025-03-24T23:47:54.586+0000] {processor.py:830} INFO - Processing file /home/airflow/.local/lib/python3.8/site-packages/airflow/example_dags/example_setup_teardown_taskflow.py for tasks to queue
[2025-03-24T23:47:54.588+0000] {logging_mixin.py:188} INFO - [2025-03-24T23:47:54.588+0000] {dagbag.py:538} INFO - Filling up the DagBag from /home/airflow/.local/lib/python3.8/site-packages/airflow/example_dags/example_setup_teardown_taskflow.py
[2025-03-24T23:47:54.597+0000] {processor.py:840} INFO - DAG(s) 'example_setup_teardown_taskflow' retrieved from /home/airflow/.local/lib/python3.8/site-packages/airflow/example_dags/example_setup_teardown_taskflow.py
[2025-03-24T23:47:54.619+0000] {logging_mixin.py:188} INFO - [2025-03-24T23:47:54.619+0000] {dag.py:3033} INFO - Sync 1 DAGs
[2025-03-24T23:47:54.763+0000] {logging_mixin.py:188} INFO - [2025-03-24T23:47:54.762+0000] {dag.py:3820} INFO - Setting next_dagrun for example_setup_teardown_taskflow to 2025-03-23T00:00:00+00:00, run_after=2025-03-24T00:00:00+00:00
[2025-03-24T23:47:54.770+0000] {processor.py:183} INFO - Processing /home/airflow/.local/lib/python3.8/site-packages/airflow/example_dags/example_setup_teardown_taskflow.py took 0.190 seconds
[2025-03-24T23:48:25.705+0000] {processor.py:161} INFO - Started process (PID=2638) to work on /home/airflow/.local/lib/python3.8/site-packages/airflow/example_dags/example_setup_teardown_taskflow.py
[2025-03-24T23:48:25.707+0000] {processor.py:830} INFO - Processing file /home/airflow/.local/lib/python3.8/site-packages/airflow/example_dags/example_setup_teardown_taskflow.py for tasks to queue
[2025-03-24T23:48:25.709+0000] {logging_mixin.py:188} INFO - [2025-03-24T23:48:25.708+0000] {dagbag.py:538} INFO - Filling up the DagBag from /home/airflow/.local/lib/python3.8/site-packages/airflow/example_dags/example_setup_teardown_taskflow.py
[2025-03-24T23:48:25.716+0000] {processor.py:840} INFO - DAG(s) 'example_setup_teardown_taskflow' retrieved from /home/airflow/.local/lib/python3.8/site-packages/airflow/example_dags/example_setup_teardown_taskflow.py
[2025-03-24T23:48:25.730+0000] {logging_mixin.py:188} INFO - [2025-03-24T23:48:25.730+0000] {dag.py:3033} INFO - Sync 1 DAGs
[2025-03-24T23:48:25.744+0000] {logging_mixin.py:188} INFO - [2025-03-24T23:48:25.744+0000] {dag.py:3820} INFO - Setting next_dagrun for example_setup_teardown_taskflow to 2025-03-23T00:00:00+00:00, run_after=2025-03-24T00:00:00+00:00
[2025-03-24T23:48:25.755+0000] {processor.py:183} INFO - Processing /home/airflow/.local/lib/python3.8/site-packages/airflow/example_dags/example_setup_teardown_taskflow.py took 0.052 seconds
[2025-03-24T23:48:56.446+0000] {processor.py:161} INFO - Started process (PID=2693) to work on /home/airflow/.local/lib/python3.8/site-packages/airflow/example_dags/example_setup_teardown_taskflow.py
[2025-03-24T23:48:56.448+0000] {processor.py:830} INFO - Processing file /home/airflow/.local/lib/python3.8/site-packages/airflow/example_dags/example_setup_teardown_taskflow.py for tasks to queue
[2025-03-24T23:48:56.451+0000] {logging_mixin.py:188} INFO - [2025-03-24T23:48:56.451+0000] {dagbag.py:538} INFO - Filling up the DagBag from /home/airflow/.local/lib/python3.8/site-packages/airflow/example_dags/example_setup_teardown_taskflow.py
[2025-03-24T23:48:56.463+0000] {processor.py:840} INFO - DAG(s) 'example_setup_teardown_taskflow' retrieved from /home/airflow/.local/lib/python3.8/site-packages/airflow/example_dags/example_setup_teardown_taskflow.py
[2025-03-24T23:48:56.480+0000] {logging_mixin.py:188} INFO - [2025-03-24T23:48:56.480+0000] {dag.py:3033} INFO - Sync 1 DAGs
[2025-03-24T23:48:56.497+0000] {logging_mixin.py:188} INFO - [2025-03-24T23:48:56.497+0000] {dag.py:3820} INFO - Setting next_dagrun for example_setup_teardown_taskflow to 2025-03-23T00:00:00+00:00, run_after=2025-03-24T00:00:00+00:00
[2025-03-24T23:48:56.508+0000] {processor.py:183} INFO - Processing /home/airflow/.local/lib/python3.8/site-packages/airflow/example_dags/example_setup_teardown_taskflow.py took 0.067 seconds
[2025-03-24T23:49:27.323+0000] {processor.py:161} INFO - Started process (PID=2748) to work on /home/airflow/.local/lib/python3.8/site-packages/airflow/example_dags/example_setup_teardown_taskflow.py
[2025-03-24T23:49:27.327+0000] {processor.py:830} INFO - Processing file /home/airflow/.local/lib/python3.8/site-packages/airflow/example_dags/example_setup_teardown_taskflow.py for tasks to queue
[2025-03-24T23:49:27.330+0000] {logging_mixin.py:188} INFO - [2025-03-24T23:49:27.330+0000] {dagbag.py:538} INFO - Filling up the DagBag from /home/airflow/.local/lib/python3.8/site-packages/airflow/example_dags/example_setup_teardown_taskflow.py
[2025-03-24T23:49:27.339+0000] {processor.py:840} INFO - DAG(s) 'example_setup_teardown_taskflow' retrieved from /home/airflow/.local/lib/python3.8/site-packages/airflow/example_dags/example_setup_teardown_taskflow.py
[2025-03-24T23:49:27.360+0000] {logging_mixin.py:188} INFO - [2025-03-24T23:49:27.360+0000] {dag.py:3033} INFO - Sync 1 DAGs
[2025-03-24T23:49:27.502+0000] {logging_mixin.py:188} INFO - [2025-03-24T23:49:27.502+0000] {dag.py:3820} INFO - Setting next_dagrun for example_setup_teardown_taskflow to 2025-03-23T00:00:00+00:00, run_after=2025-03-24T00:00:00+00:00
[2025-03-24T23:49:27.513+0000] {processor.py:183} INFO - Processing /home/airflow/.local/lib/python3.8/site-packages/airflow/example_dags/example_setup_teardown_taskflow.py took 0.192 seconds
[2025-03-24T23:49:57.649+0000] {processor.py:161} INFO - Started process (PID=2802) to work on /home/airflow/.local/lib/python3.8/site-packages/airflow/example_dags/example_setup_teardown_taskflow.py
[2025-03-24T23:49:57.651+0000] {processor.py:830} INFO - Processing file /home/airflow/.local/lib/python3.8/site-packages/airflow/example_dags/example_setup_teardown_taskflow.py for tasks to queue
[2025-03-24T23:49:57.653+0000] {logging_mixin.py:188} INFO - [2025-03-24T23:49:57.653+0000] {dagbag.py:538} INFO - Filling up the DagBag from /home/airflow/.local/lib/python3.8/site-packages/airflow/example_dags/example_setup_teardown_taskflow.py
[2025-03-24T23:49:57.662+0000] {processor.py:840} INFO - DAG(s) 'example_setup_teardown_taskflow' retrieved from /home/airflow/.local/lib/python3.8/site-packages/airflow/example_dags/example_setup_teardown_taskflow.py
[2025-03-24T23:49:57.683+0000] {logging_mixin.py:188} INFO - [2025-03-24T23:49:57.683+0000] {dag.py:3033} INFO - Sync 1 DAGs
[2025-03-24T23:49:57.700+0000] {logging_mixin.py:188} INFO - [2025-03-24T23:49:57.700+0000] {dag.py:3820} INFO - Setting next_dagrun for example_setup_teardown_taskflow to 2025-03-23T00:00:00+00:00, run_after=2025-03-24T00:00:00+00:00
[2025-03-24T23:49:57.832+0000] {processor.py:183} INFO - Processing /home/airflow/.local/lib/python3.8/site-packages/airflow/example_dags/example_setup_teardown_taskflow.py took 0.186 seconds
[2025-03-24T23:50:28.839+0000] {processor.py:161} INFO - Started process (PID=2857) to work on /home/airflow/.local/lib/python3.8/site-packages/airflow/example_dags/example_setup_teardown_taskflow.py
[2025-03-24T23:50:28.844+0000] {processor.py:830} INFO - Processing file /home/airflow/.local/lib/python3.8/site-packages/airflow/example_dags/example_setup_teardown_taskflow.py for tasks to queue
[2025-03-24T23:50:28.846+0000] {logging_mixin.py:188} INFO - [2025-03-24T23:50:28.846+0000] {dagbag.py:538} INFO - Filling up the DagBag from /home/airflow/.local/lib/python3.8/site-packages/airflow/example_dags/example_setup_teardown_taskflow.py
[2025-03-24T23:50:28.853+0000] {processor.py:840} INFO - DAG(s) 'example_setup_teardown_taskflow' retrieved from /home/airflow/.local/lib/python3.8/site-packages/airflow/example_dags/example_setup_teardown_taskflow.py
[2025-03-24T23:50:28.869+0000] {logging_mixin.py:188} INFO - [2025-03-24T23:50:28.869+0000] {dag.py:3033} INFO - Sync 1 DAGs
[2025-03-24T23:50:28.883+0000] {logging_mixin.py:188} INFO - [2025-03-24T23:50:28.883+0000] {dag.py:3820} INFO - Setting next_dagrun for example_setup_teardown_taskflow to 2025-03-23T00:00:00+00:00, run_after=2025-03-24T00:00:00+00:00
[2025-03-24T23:50:28.903+0000] {processor.py:183} INFO - Processing /home/airflow/.local/lib/python3.8/site-packages/airflow/example_dags/example_setup_teardown_taskflow.py took 0.067 seconds
[2025-03-24T23:50:59.924+0000] {processor.py:161} INFO - Started process (PID=2912) to work on /home/airflow/.local/lib/python3.8/site-packages/airflow/example_dags/example_setup_teardown_taskflow.py
[2025-03-24T23:50:59.927+0000] {processor.py:830} INFO - Processing file /home/airflow/.local/lib/python3.8/site-packages/airflow/example_dags/example_setup_teardown_taskflow.py for tasks to queue
[2025-03-24T23:50:59.931+0000] {logging_mixin.py:188} INFO - [2025-03-24T23:50:59.931+0000] {dagbag.py:538} INFO - Filling up the DagBag from /home/airflow/.local/lib/python3.8/site-packages/airflow/example_dags/example_setup_teardown_taskflow.py
[2025-03-24T23:50:59.937+0000] {processor.py:840} INFO - DAG(s) 'example_setup_teardown_taskflow' retrieved from /home/airflow/.local/lib/python3.8/site-packages/airflow/example_dags/example_setup_teardown_taskflow.py
[2025-03-24T23:50:59.954+0000] {logging_mixin.py:188} INFO - [2025-03-24T23:50:59.954+0000] {dag.py:3033} INFO - Sync 1 DAGs
[2025-03-24T23:50:59.968+0000] {logging_mixin.py:188} INFO - [2025-03-24T23:50:59.968+0000] {dag.py:3820} INFO - Setting next_dagrun for example_setup_teardown_taskflow to 2025-03-23T00:00:00+00:00, run_after=2025-03-24T00:00:00+00:00
[2025-03-24T23:50:59.983+0000] {processor.py:183} INFO - Processing /home/airflow/.local/lib/python3.8/site-packages/airflow/example_dags/example_setup_teardown_taskflow.py took 0.062 seconds
[2025-03-24T23:51:30.617+0000] {processor.py:161} INFO - Started process (PID=2967) to work on /home/airflow/.local/lib/python3.8/site-packages/airflow/example_dags/example_setup_teardown_taskflow.py
[2025-03-24T23:51:30.619+0000] {processor.py:830} INFO - Processing file /home/airflow/.local/lib/python3.8/site-packages/airflow/example_dags/example_setup_teardown_taskflow.py for tasks to queue
[2025-03-24T23:51:30.622+0000] {logging_mixin.py:188} INFO - [2025-03-24T23:51:30.622+0000] {dagbag.py:538} INFO - Filling up the DagBag from /home/airflow/.local/lib/python3.8/site-packages/airflow/example_dags/example_setup_teardown_taskflow.py
[2025-03-24T23:51:30.629+0000] {processor.py:840} INFO - DAG(s) 'example_setup_teardown_taskflow' retrieved from /home/airflow/.local/lib/python3.8/site-packages/airflow/example_dags/example_setup_teardown_taskflow.py
[2025-03-24T23:51:30.650+0000] {logging_mixin.py:188} INFO - [2025-03-24T23:51:30.649+0000] {dag.py:3033} INFO - Sync 1 DAGs
[2025-03-24T23:51:30.664+0000] {logging_mixin.py:188} INFO - [2025-03-24T23:51:30.664+0000] {dag.py:3820} INFO - Setting next_dagrun for example_setup_teardown_taskflow to 2025-03-23T00:00:00+00:00, run_after=2025-03-24T00:00:00+00:00
[2025-03-24T23:51:30.678+0000] {processor.py:183} INFO - Processing /home/airflow/.local/lib/python3.8/site-packages/airflow/example_dags/example_setup_teardown_taskflow.py took 0.064 seconds
