[2025-03-24T23:24:25.876+0000] {processor.py:161} INFO - Started process (PID=52) to work on /home/airflow/.local/lib/python3.8/site-packages/airflow/example_dags/example_branch_labels.py
[2025-03-24T23:24:25.876+0000] {processor.py:830} INFO - Processing file /home/airflow/.local/lib/python3.8/site-packages/airflow/example_dags/example_branch_labels.py for tasks to queue
[2025-03-24T23:24:25.878+0000] {logging_mixin.py:188} INFO - [2025-03-24T23:24:25.878+0000] {dagbag.py:538} INFO - Filling up the DagBag from /home/airflow/.local/lib/python3.8/site-packages/airflow/example_dags/example_branch_labels.py
[2025-03-24T23:24:25.889+0000] {processor.py:840} INFO - DAG(s) 'example_branch_labels' retrieved from /home/airflow/.local/lib/python3.8/site-packages/airflow/example_dags/example_branch_labels.py
[2025-03-24T23:24:25.898+0000] {logging_mixin.py:188} INFO - [2025-03-24T23:24:25.898+0000] {dag.py:3033} INFO - Sync 1 DAGs
[2025-03-24T23:24:25.917+0000] {logging_mixin.py:188} INFO - [2025-03-24T23:24:25.916+0000] {dag.py:3820} INFO - Setting next_dagrun for example_branch_labels to 2025-03-23T00:00:00+00:00, run_after=2025-03-24T00:00:00+00:00
[2025-03-24T23:24:25.928+0000] {processor.py:183} INFO - Processing /home/airflow/.local/lib/python3.8/site-packages/airflow/example_dags/example_branch_labels.py took 0.054 seconds
[2025-03-24T23:24:56.111+0000] {processor.py:161} INFO - Started process (PID=107) to work on /home/airflow/.local/lib/python3.8/site-packages/airflow/example_dags/example_branch_labels.py
[2025-03-24T23:24:56.111+0000] {processor.py:830} INFO - Processing file /home/airflow/.local/lib/python3.8/site-packages/airflow/example_dags/example_branch_labels.py for tasks to queue
[2025-03-24T23:24:56.112+0000] {logging_mixin.py:188} INFO - [2025-03-24T23:24:56.112+0000] {dagbag.py:538} INFO - Filling up the DagBag from /home/airflow/.local/lib/python3.8/site-packages/airflow/example_dags/example_branch_labels.py
[2025-03-24T23:24:56.116+0000] {processor.py:840} INFO - DAG(s) 'example_branch_labels' retrieved from /home/airflow/.local/lib/python3.8/site-packages/airflow/example_dags/example_branch_labels.py
[2025-03-24T23:24:56.158+0000] {logging_mixin.py:188} INFO - [2025-03-24T23:24:56.158+0000] {dag.py:3033} INFO - Sync 1 DAGs
[2025-03-24T23:24:56.168+0000] {logging_mixin.py:188} INFO - [2025-03-24T23:24:56.168+0000] {dag.py:3820} INFO - Setting next_dagrun for example_branch_labels to 2025-03-23T00:00:00+00:00, run_after=2025-03-24T00:00:00+00:00
[2025-03-24T23:24:56.177+0000] {processor.py:183} INFO - Processing /home/airflow/.local/lib/python3.8/site-packages/airflow/example_dags/example_branch_labels.py took 0.067 seconds
[2025-03-24T23:25:26.235+0000] {processor.py:161} INFO - Started process (PID=162) to work on /home/airflow/.local/lib/python3.8/site-packages/airflow/example_dags/example_branch_labels.py
[2025-03-24T23:25:26.237+0000] {processor.py:830} INFO - Processing file /home/airflow/.local/lib/python3.8/site-packages/airflow/example_dags/example_branch_labels.py for tasks to queue
[2025-03-24T23:25:26.238+0000] {logging_mixin.py:188} INFO - [2025-03-24T23:25:26.237+0000] {dagbag.py:538} INFO - Filling up the DagBag from /home/airflow/.local/lib/python3.8/site-packages/airflow/example_dags/example_branch_labels.py
[2025-03-24T23:25:26.241+0000] {processor.py:840} INFO - DAG(s) 'example_branch_labels' retrieved from /home/airflow/.local/lib/python3.8/site-packages/airflow/example_dags/example_branch_labels.py
[2025-03-24T23:25:26.253+0000] {logging_mixin.py:188} INFO - [2025-03-24T23:25:26.253+0000] {dag.py:3033} INFO - Sync 1 DAGs
[2025-03-24T23:25:26.263+0000] {logging_mixin.py:188} INFO - [2025-03-24T23:25:26.263+0000] {dag.py:3820} INFO - Setting next_dagrun for example_branch_labels to 2025-03-23T00:00:00+00:00, run_after=2025-03-24T00:00:00+00:00
[2025-03-24T23:25:26.273+0000] {processor.py:183} INFO - Processing /home/airflow/.local/lib/python3.8/site-packages/airflow/example_dags/example_branch_labels.py took 0.040 seconds
[2025-03-24T23:25:56.818+0000] {processor.py:161} INFO - Started process (PID=217) to work on /home/airflow/.local/lib/python3.8/site-packages/airflow/example_dags/example_branch_labels.py
[2025-03-24T23:25:56.819+0000] {processor.py:830} INFO - Processing file /home/airflow/.local/lib/python3.8/site-packages/airflow/example_dags/example_branch_labels.py for tasks to queue
[2025-03-24T23:25:56.819+0000] {logging_mixin.py:188} INFO - [2025-03-24T23:25:56.819+0000] {dagbag.py:538} INFO - Filling up the DagBag from /home/airflow/.local/lib/python3.8/site-packages/airflow/example_dags/example_branch_labels.py
[2025-03-24T23:25:56.823+0000] {processor.py:840} INFO - DAG(s) 'example_branch_labels' retrieved from /home/airflow/.local/lib/python3.8/site-packages/airflow/example_dags/example_branch_labels.py
[2025-03-24T23:25:56.832+0000] {logging_mixin.py:188} INFO - [2025-03-24T23:25:56.832+0000] {dag.py:3033} INFO - Sync 1 DAGs
[2025-03-24T23:25:56.842+0000] {logging_mixin.py:188} INFO - [2025-03-24T23:25:56.842+0000] {dag.py:3820} INFO - Setting next_dagrun for example_branch_labels to 2025-03-23T00:00:00+00:00, run_after=2025-03-24T00:00:00+00:00
[2025-03-24T23:25:56.851+0000] {processor.py:183} INFO - Processing /home/airflow/.local/lib/python3.8/site-packages/airflow/example_dags/example_branch_labels.py took 0.035 seconds
[2025-03-24T23:26:27.576+0000] {processor.py:161} INFO - Started process (PID=272) to work on /home/airflow/.local/lib/python3.8/site-packages/airflow/example_dags/example_branch_labels.py
[2025-03-24T23:26:27.577+0000] {processor.py:830} INFO - Processing file /home/airflow/.local/lib/python3.8/site-packages/airflow/example_dags/example_branch_labels.py for tasks to queue
[2025-03-24T23:26:27.578+0000] {logging_mixin.py:188} INFO - [2025-03-24T23:26:27.578+0000] {dagbag.py:538} INFO - Filling up the DagBag from /home/airflow/.local/lib/python3.8/site-packages/airflow/example_dags/example_branch_labels.py
[2025-03-24T23:26:27.584+0000] {processor.py:840} INFO - DAG(s) 'example_branch_labels' retrieved from /home/airflow/.local/lib/python3.8/site-packages/airflow/example_dags/example_branch_labels.py
[2025-03-24T23:26:27.595+0000] {logging_mixin.py:188} INFO - [2025-03-24T23:26:27.595+0000] {dag.py:3033} INFO - Sync 1 DAGs
[2025-03-24T23:26:27.607+0000] {logging_mixin.py:188} INFO - [2025-03-24T23:26:27.607+0000] {dag.py:3820} INFO - Setting next_dagrun for example_branch_labels to 2025-03-23T00:00:00+00:00, run_after=2025-03-24T00:00:00+00:00
[2025-03-24T23:26:27.616+0000] {processor.py:183} INFO - Processing /home/airflow/.local/lib/python3.8/site-packages/airflow/example_dags/example_branch_labels.py took 0.041 seconds
[2025-03-24T23:26:58.170+0000] {processor.py:161} INFO - Started process (PID=327) to work on /home/airflow/.local/lib/python3.8/site-packages/airflow/example_dags/example_branch_labels.py
[2025-03-24T23:26:58.170+0000] {processor.py:830} INFO - Processing file /home/airflow/.local/lib/python3.8/site-packages/airflow/example_dags/example_branch_labels.py for tasks to queue
[2025-03-24T23:26:58.171+0000] {logging_mixin.py:188} INFO - [2025-03-24T23:26:58.171+0000] {dagbag.py:538} INFO - Filling up the DagBag from /home/airflow/.local/lib/python3.8/site-packages/airflow/example_dags/example_branch_labels.py
[2025-03-24T23:26:58.174+0000] {processor.py:840} INFO - DAG(s) 'example_branch_labels' retrieved from /home/airflow/.local/lib/python3.8/site-packages/airflow/example_dags/example_branch_labels.py
[2025-03-24T23:26:58.184+0000] {logging_mixin.py:188} INFO - [2025-03-24T23:26:58.184+0000] {dag.py:3033} INFO - Sync 1 DAGs
[2025-03-24T23:26:58.193+0000] {logging_mixin.py:188} INFO - [2025-03-24T23:26:58.193+0000] {dag.py:3820} INFO - Setting next_dagrun for example_branch_labels to 2025-03-23T00:00:00+00:00, run_after=2025-03-24T00:00:00+00:00
[2025-03-24T23:26:58.201+0000] {processor.py:183} INFO - Processing /home/airflow/.local/lib/python3.8/site-packages/airflow/example_dags/example_branch_labels.py took 0.033 seconds
[2025-03-24T23:27:28.806+0000] {processor.py:161} INFO - Started process (PID=388) to work on /home/airflow/.local/lib/python3.8/site-packages/airflow/example_dags/example_branch_labels.py
[2025-03-24T23:27:28.807+0000] {processor.py:830} INFO - Processing file /home/airflow/.local/lib/python3.8/site-packages/airflow/example_dags/example_branch_labels.py for tasks to queue
[2025-03-24T23:27:28.809+0000] {logging_mixin.py:188} INFO - [2025-03-24T23:27:28.809+0000] {dagbag.py:538} INFO - Filling up the DagBag from /home/airflow/.local/lib/python3.8/site-packages/airflow/example_dags/example_branch_labels.py
[2025-03-24T23:27:28.812+0000] {processor.py:840} INFO - DAG(s) 'example_branch_labels' retrieved from /home/airflow/.local/lib/python3.8/site-packages/airflow/example_dags/example_branch_labels.py
[2025-03-24T23:27:28.825+0000] {logging_mixin.py:188} INFO - [2025-03-24T23:27:28.825+0000] {dag.py:3033} INFO - Sync 1 DAGs
[2025-03-24T23:27:28.835+0000] {logging_mixin.py:188} INFO - [2025-03-24T23:27:28.835+0000] {dag.py:3820} INFO - Setting next_dagrun for example_branch_labels to 2025-03-23T00:00:00+00:00, run_after=2025-03-24T00:00:00+00:00
[2025-03-24T23:27:28.846+0000] {processor.py:183} INFO - Processing /home/airflow/.local/lib/python3.8/site-packages/airflow/example_dags/example_branch_labels.py took 0.042 seconds
[2025-03-24T23:27:59.469+0000] {processor.py:161} INFO - Started process (PID=443) to work on /home/airflow/.local/lib/python3.8/site-packages/airflow/example_dags/example_branch_labels.py
[2025-03-24T23:27:59.469+0000] {processor.py:830} INFO - Processing file /home/airflow/.local/lib/python3.8/site-packages/airflow/example_dags/example_branch_labels.py for tasks to queue
[2025-03-24T23:27:59.470+0000] {logging_mixin.py:188} INFO - [2025-03-24T23:27:59.470+0000] {dagbag.py:538} INFO - Filling up the DagBag from /home/airflow/.local/lib/python3.8/site-packages/airflow/example_dags/example_branch_labels.py
[2025-03-24T23:27:59.474+0000] {processor.py:840} INFO - DAG(s) 'example_branch_labels' retrieved from /home/airflow/.local/lib/python3.8/site-packages/airflow/example_dags/example_branch_labels.py
[2025-03-24T23:27:59.484+0000] {logging_mixin.py:188} INFO - [2025-03-24T23:27:59.484+0000] {dag.py:3033} INFO - Sync 1 DAGs
[2025-03-24T23:27:59.494+0000] {logging_mixin.py:188} INFO - [2025-03-24T23:27:59.494+0000] {dag.py:3820} INFO - Setting next_dagrun for example_branch_labels to 2025-03-23T00:00:00+00:00, run_after=2025-03-24T00:00:00+00:00
[2025-03-24T23:27:59.505+0000] {processor.py:183} INFO - Processing /home/airflow/.local/lib/python3.8/site-packages/airflow/example_dags/example_branch_labels.py took 0.038 seconds
[2025-03-24T23:28:30.222+0000] {processor.py:161} INFO - Started process (PID=498) to work on /home/airflow/.local/lib/python3.8/site-packages/airflow/example_dags/example_branch_labels.py
[2025-03-24T23:28:30.224+0000] {processor.py:830} INFO - Processing file /home/airflow/.local/lib/python3.8/site-packages/airflow/example_dags/example_branch_labels.py for tasks to queue
[2025-03-24T23:28:30.225+0000] {logging_mixin.py:188} INFO - [2025-03-24T23:28:30.225+0000] {dagbag.py:538} INFO - Filling up the DagBag from /home/airflow/.local/lib/python3.8/site-packages/airflow/example_dags/example_branch_labels.py
[2025-03-24T23:28:30.228+0000] {processor.py:840} INFO - DAG(s) 'example_branch_labels' retrieved from /home/airflow/.local/lib/python3.8/site-packages/airflow/example_dags/example_branch_labels.py
[2025-03-24T23:28:30.240+0000] {logging_mixin.py:188} INFO - [2025-03-24T23:28:30.239+0000] {dag.py:3033} INFO - Sync 1 DAGs
[2025-03-24T23:28:30.250+0000] {logging_mixin.py:188} INFO - [2025-03-24T23:28:30.250+0000] {dag.py:3820} INFO - Setting next_dagrun for example_branch_labels to 2025-03-23T00:00:00+00:00, run_after=2025-03-24T00:00:00+00:00
[2025-03-24T23:28:30.260+0000] {processor.py:183} INFO - Processing /home/airflow/.local/lib/python3.8/site-packages/airflow/example_dags/example_branch_labels.py took 0.039 seconds
[2025-03-24T23:29:00.954+0000] {processor.py:161} INFO - Started process (PID=553) to work on /home/airflow/.local/lib/python3.8/site-packages/airflow/example_dags/example_branch_labels.py
[2025-03-24T23:29:00.955+0000] {processor.py:830} INFO - Processing file /home/airflow/.local/lib/python3.8/site-packages/airflow/example_dags/example_branch_labels.py for tasks to queue
[2025-03-24T23:29:00.957+0000] {logging_mixin.py:188} INFO - [2025-03-24T23:29:00.957+0000] {dagbag.py:538} INFO - Filling up the DagBag from /home/airflow/.local/lib/python3.8/site-packages/airflow/example_dags/example_branch_labels.py
[2025-03-24T23:29:00.964+0000] {processor.py:840} INFO - DAG(s) 'example_branch_labels' retrieved from /home/airflow/.local/lib/python3.8/site-packages/airflow/example_dags/example_branch_labels.py
[2025-03-24T23:29:00.976+0000] {logging_mixin.py:188} INFO - [2025-03-24T23:29:00.976+0000] {dag.py:3033} INFO - Sync 1 DAGs
[2025-03-24T23:29:00.987+0000] {logging_mixin.py:188} INFO - [2025-03-24T23:29:00.987+0000] {dag.py:3820} INFO - Setting next_dagrun for example_branch_labels to 2025-03-23T00:00:00+00:00, run_after=2025-03-24T00:00:00+00:00
[2025-03-24T23:29:00.998+0000] {processor.py:183} INFO - Processing /home/airflow/.local/lib/python3.8/site-packages/airflow/example_dags/example_branch_labels.py took 0.046 seconds
[2025-03-24T23:29:31.665+0000] {processor.py:161} INFO - Started process (PID=608) to work on /home/airflow/.local/lib/python3.8/site-packages/airflow/example_dags/example_branch_labels.py
[2025-03-24T23:29:31.666+0000] {processor.py:830} INFO - Processing file /home/airflow/.local/lib/python3.8/site-packages/airflow/example_dags/example_branch_labels.py for tasks to queue
[2025-03-24T23:29:31.667+0000] {logging_mixin.py:188} INFO - [2025-03-24T23:29:31.667+0000] {dagbag.py:538} INFO - Filling up the DagBag from /home/airflow/.local/lib/python3.8/site-packages/airflow/example_dags/example_branch_labels.py
[2025-03-24T23:29:31.672+0000] {processor.py:840} INFO - DAG(s) 'example_branch_labels' retrieved from /home/airflow/.local/lib/python3.8/site-packages/airflow/example_dags/example_branch_labels.py
[2025-03-24T23:29:31.683+0000] {logging_mixin.py:188} INFO - [2025-03-24T23:29:31.683+0000] {dag.py:3033} INFO - Sync 1 DAGs
[2025-03-24T23:29:31.694+0000] {logging_mixin.py:188} INFO - [2025-03-24T23:29:31.694+0000] {dag.py:3820} INFO - Setting next_dagrun for example_branch_labels to 2025-03-23T00:00:00+00:00, run_after=2025-03-24T00:00:00+00:00
[2025-03-24T23:29:31.702+0000] {processor.py:183} INFO - Processing /home/airflow/.local/lib/python3.8/site-packages/airflow/example_dags/example_branch_labels.py took 0.039 seconds
[2025-03-24T23:30:02.397+0000] {processor.py:161} INFO - Started process (PID=663) to work on /home/airflow/.local/lib/python3.8/site-packages/airflow/example_dags/example_branch_labels.py
[2025-03-24T23:30:02.397+0000] {processor.py:830} INFO - Processing file /home/airflow/.local/lib/python3.8/site-packages/airflow/example_dags/example_branch_labels.py for tasks to queue
[2025-03-24T23:30:02.398+0000] {logging_mixin.py:188} INFO - [2025-03-24T23:30:02.398+0000] {dagbag.py:538} INFO - Filling up the DagBag from /home/airflow/.local/lib/python3.8/site-packages/airflow/example_dags/example_branch_labels.py
[2025-03-24T23:30:02.403+0000] {processor.py:840} INFO - DAG(s) 'example_branch_labels' retrieved from /home/airflow/.local/lib/python3.8/site-packages/airflow/example_dags/example_branch_labels.py
[2025-03-24T23:30:02.414+0000] {logging_mixin.py:188} INFO - [2025-03-24T23:30:02.414+0000] {dag.py:3033} INFO - Sync 1 DAGs
[2025-03-24T23:30:02.424+0000] {logging_mixin.py:188} INFO - [2025-03-24T23:30:02.424+0000] {dag.py:3820} INFO - Setting next_dagrun for example_branch_labels to 2025-03-23T00:00:00+00:00, run_after=2025-03-24T00:00:00+00:00
[2025-03-24T23:30:02.431+0000] {processor.py:183} INFO - Processing /home/airflow/.local/lib/python3.8/site-packages/airflow/example_dags/example_branch_labels.py took 0.037 seconds
[2025-03-24T23:30:32.932+0000] {processor.py:161} INFO - Started process (PID=718) to work on /home/airflow/.local/lib/python3.8/site-packages/airflow/example_dags/example_branch_labels.py
[2025-03-24T23:30:32.933+0000] {processor.py:830} INFO - Processing file /home/airflow/.local/lib/python3.8/site-packages/airflow/example_dags/example_branch_labels.py for tasks to queue
[2025-03-24T23:30:32.934+0000] {logging_mixin.py:188} INFO - [2025-03-24T23:30:32.934+0000] {dagbag.py:538} INFO - Filling up the DagBag from /home/airflow/.local/lib/python3.8/site-packages/airflow/example_dags/example_branch_labels.py
[2025-03-24T23:30:32.938+0000] {processor.py:840} INFO - DAG(s) 'example_branch_labels' retrieved from /home/airflow/.local/lib/python3.8/site-packages/airflow/example_dags/example_branch_labels.py
[2025-03-24T23:30:32.947+0000] {logging_mixin.py:188} INFO - [2025-03-24T23:30:32.947+0000] {dag.py:3033} INFO - Sync 1 DAGs
[2025-03-24T23:30:32.958+0000] {logging_mixin.py:188} INFO - [2025-03-24T23:30:32.958+0000] {dag.py:3820} INFO - Setting next_dagrun for example_branch_labels to 2025-03-23T00:00:00+00:00, run_after=2025-03-24T00:00:00+00:00
[2025-03-24T23:30:32.965+0000] {processor.py:183} INFO - Processing /home/airflow/.local/lib/python3.8/site-packages/airflow/example_dags/example_branch_labels.py took 0.034 seconds
[2025-03-24T23:31:03.716+0000] {processor.py:161} INFO - Started process (PID=773) to work on /home/airflow/.local/lib/python3.8/site-packages/airflow/example_dags/example_branch_labels.py
[2025-03-24T23:31:03.717+0000] {processor.py:830} INFO - Processing file /home/airflow/.local/lib/python3.8/site-packages/airflow/example_dags/example_branch_labels.py for tasks to queue
[2025-03-24T23:31:03.719+0000] {logging_mixin.py:188} INFO - [2025-03-24T23:31:03.719+0000] {dagbag.py:538} INFO - Filling up the DagBag from /home/airflow/.local/lib/python3.8/site-packages/airflow/example_dags/example_branch_labels.py
[2025-03-24T23:31:03.725+0000] {processor.py:840} INFO - DAG(s) 'example_branch_labels' retrieved from /home/airflow/.local/lib/python3.8/site-packages/airflow/example_dags/example_branch_labels.py
[2025-03-24T23:31:03.745+0000] {logging_mixin.py:188} INFO - [2025-03-24T23:31:03.745+0000] {dag.py:3033} INFO - Sync 1 DAGs
[2025-03-24T23:31:03.763+0000] {logging_mixin.py:188} INFO - [2025-03-24T23:31:03.763+0000] {dag.py:3820} INFO - Setting next_dagrun for example_branch_labels to 2025-03-23T00:00:00+00:00, run_after=2025-03-24T00:00:00+00:00
[2025-03-24T23:31:03.788+0000] {processor.py:183} INFO - Processing /home/airflow/.local/lib/python3.8/site-packages/airflow/example_dags/example_branch_labels.py took 0.075 seconds
[2025-03-24T23:31:34.647+0000] {processor.py:161} INFO - Started process (PID=828) to work on /home/airflow/.local/lib/python3.8/site-packages/airflow/example_dags/example_branch_labels.py
[2025-03-24T23:31:34.647+0000] {processor.py:830} INFO - Processing file /home/airflow/.local/lib/python3.8/site-packages/airflow/example_dags/example_branch_labels.py for tasks to queue
[2025-03-24T23:31:34.648+0000] {logging_mixin.py:188} INFO - [2025-03-24T23:31:34.648+0000] {dagbag.py:538} INFO - Filling up the DagBag from /home/airflow/.local/lib/python3.8/site-packages/airflow/example_dags/example_branch_labels.py
[2025-03-24T23:31:34.652+0000] {processor.py:840} INFO - DAG(s) 'example_branch_labels' retrieved from /home/airflow/.local/lib/python3.8/site-packages/airflow/example_dags/example_branch_labels.py
[2025-03-24T23:31:34.663+0000] {logging_mixin.py:188} INFO - [2025-03-24T23:31:34.663+0000] {dag.py:3033} INFO - Sync 1 DAGs
[2025-03-24T23:31:34.673+0000] {logging_mixin.py:188} INFO - [2025-03-24T23:31:34.673+0000] {dag.py:3820} INFO - Setting next_dagrun for example_branch_labels to 2025-03-23T00:00:00+00:00, run_after=2025-03-24T00:00:00+00:00
[2025-03-24T23:31:34.682+0000] {processor.py:183} INFO - Processing /home/airflow/.local/lib/python3.8/site-packages/airflow/example_dags/example_branch_labels.py took 0.037 seconds
[2025-03-24T23:32:05.209+0000] {processor.py:161} INFO - Started process (PID=883) to work on /home/airflow/.local/lib/python3.8/site-packages/airflow/example_dags/example_branch_labels.py
[2025-03-24T23:32:05.210+0000] {processor.py:830} INFO - Processing file /home/airflow/.local/lib/python3.8/site-packages/airflow/example_dags/example_branch_labels.py for tasks to queue
[2025-03-24T23:32:05.215+0000] {logging_mixin.py:188} INFO - [2025-03-24T23:32:05.215+0000] {dagbag.py:538} INFO - Filling up the DagBag from /home/airflow/.local/lib/python3.8/site-packages/airflow/example_dags/example_branch_labels.py
[2025-03-24T23:32:05.219+0000] {processor.py:840} INFO - DAG(s) 'example_branch_labels' retrieved from /home/airflow/.local/lib/python3.8/site-packages/airflow/example_dags/example_branch_labels.py
[2025-03-24T23:32:05.241+0000] {logging_mixin.py:188} INFO - [2025-03-24T23:32:05.240+0000] {dag.py:3033} INFO - Sync 1 DAGs
[2025-03-24T23:32:05.273+0000] {logging_mixin.py:188} INFO - [2025-03-24T23:32:05.272+0000] {dag.py:3820} INFO - Setting next_dagrun for example_branch_labels to 2025-03-23T00:00:00+00:00, run_after=2025-03-24T00:00:00+00:00
[2025-03-24T23:32:05.294+0000] {processor.py:183} INFO - Processing /home/airflow/.local/lib/python3.8/site-packages/airflow/example_dags/example_branch_labels.py took 0.087 seconds
[2025-03-24T23:32:35.344+0000] {processor.py:161} INFO - Started process (PID=938) to work on /home/airflow/.local/lib/python3.8/site-packages/airflow/example_dags/example_branch_labels.py
[2025-03-24T23:32:35.345+0000] {processor.py:830} INFO - Processing file /home/airflow/.local/lib/python3.8/site-packages/airflow/example_dags/example_branch_labels.py for tasks to queue
[2025-03-24T23:32:35.345+0000] {logging_mixin.py:188} INFO - [2025-03-24T23:32:35.345+0000] {dagbag.py:538} INFO - Filling up the DagBag from /home/airflow/.local/lib/python3.8/site-packages/airflow/example_dags/example_branch_labels.py
[2025-03-24T23:32:35.349+0000] {processor.py:840} INFO - DAG(s) 'example_branch_labels' retrieved from /home/airflow/.local/lib/python3.8/site-packages/airflow/example_dags/example_branch_labels.py
[2025-03-24T23:32:35.357+0000] {logging_mixin.py:188} INFO - [2025-03-24T23:32:35.357+0000] {dag.py:3033} INFO - Sync 1 DAGs
[2025-03-24T23:32:35.367+0000] {logging_mixin.py:188} INFO - [2025-03-24T23:32:35.366+0000] {dag.py:3820} INFO - Setting next_dagrun for example_branch_labels to 2025-03-23T00:00:00+00:00, run_after=2025-03-24T00:00:00+00:00
[2025-03-24T23:32:35.373+0000] {processor.py:183} INFO - Processing /home/airflow/.local/lib/python3.8/site-packages/airflow/example_dags/example_branch_labels.py took 0.031 seconds
[2025-03-24T23:33:05.859+0000] {processor.py:161} INFO - Started process (PID=993) to work on /home/airflow/.local/lib/python3.8/site-packages/airflow/example_dags/example_branch_labels.py
[2025-03-24T23:33:05.860+0000] {processor.py:830} INFO - Processing file /home/airflow/.local/lib/python3.8/site-packages/airflow/example_dags/example_branch_labels.py for tasks to queue
[2025-03-24T23:33:05.861+0000] {logging_mixin.py:188} INFO - [2025-03-24T23:33:05.861+0000] {dagbag.py:538} INFO - Filling up the DagBag from /home/airflow/.local/lib/python3.8/site-packages/airflow/example_dags/example_branch_labels.py
[2025-03-24T23:33:05.865+0000] {processor.py:840} INFO - DAG(s) 'example_branch_labels' retrieved from /home/airflow/.local/lib/python3.8/site-packages/airflow/example_dags/example_branch_labels.py
[2025-03-24T23:33:05.875+0000] {logging_mixin.py:188} INFO - [2025-03-24T23:33:05.875+0000] {dag.py:3033} INFO - Sync 1 DAGs
[2025-03-24T23:33:05.885+0000] {logging_mixin.py:188} INFO - [2025-03-24T23:33:05.885+0000] {dag.py:3820} INFO - Setting next_dagrun for example_branch_labels to 2025-03-23T00:00:00+00:00, run_after=2025-03-24T00:00:00+00:00
[2025-03-24T23:33:05.892+0000] {processor.py:183} INFO - Processing /home/airflow/.local/lib/python3.8/site-packages/airflow/example_dags/example_branch_labels.py took 0.035 seconds
[2025-03-24T23:33:36.484+0000] {processor.py:161} INFO - Started process (PID=1048) to work on /home/airflow/.local/lib/python3.8/site-packages/airflow/example_dags/example_branch_labels.py
[2025-03-24T23:33:36.485+0000] {processor.py:830} INFO - Processing file /home/airflow/.local/lib/python3.8/site-packages/airflow/example_dags/example_branch_labels.py for tasks to queue
[2025-03-24T23:33:36.486+0000] {logging_mixin.py:188} INFO - [2025-03-24T23:33:36.486+0000] {dagbag.py:538} INFO - Filling up the DagBag from /home/airflow/.local/lib/python3.8/site-packages/airflow/example_dags/example_branch_labels.py
[2025-03-24T23:33:36.489+0000] {processor.py:840} INFO - DAG(s) 'example_branch_labels' retrieved from /home/airflow/.local/lib/python3.8/site-packages/airflow/example_dags/example_branch_labels.py
[2025-03-24T23:33:36.498+0000] {logging_mixin.py:188} INFO - [2025-03-24T23:33:36.498+0000] {dag.py:3033} INFO - Sync 1 DAGs
[2025-03-24T23:33:36.509+0000] {logging_mixin.py:188} INFO - [2025-03-24T23:33:36.509+0000] {dag.py:3820} INFO - Setting next_dagrun for example_branch_labels to 2025-03-23T00:00:00+00:00, run_after=2025-03-24T00:00:00+00:00
[2025-03-24T23:33:36.516+0000] {processor.py:183} INFO - Processing /home/airflow/.local/lib/python3.8/site-packages/airflow/example_dags/example_branch_labels.py took 0.034 seconds
[2025-03-24T23:34:07.043+0000] {processor.py:161} INFO - Started process (PID=1103) to work on /home/airflow/.local/lib/python3.8/site-packages/airflow/example_dags/example_branch_labels.py
[2025-03-24T23:34:07.044+0000] {processor.py:830} INFO - Processing file /home/airflow/.local/lib/python3.8/site-packages/airflow/example_dags/example_branch_labels.py for tasks to queue
[2025-03-24T23:34:07.045+0000] {logging_mixin.py:188} INFO - [2025-03-24T23:34:07.045+0000] {dagbag.py:538} INFO - Filling up the DagBag from /home/airflow/.local/lib/python3.8/site-packages/airflow/example_dags/example_branch_labels.py
[2025-03-24T23:34:07.050+0000] {processor.py:840} INFO - DAG(s) 'example_branch_labels' retrieved from /home/airflow/.local/lib/python3.8/site-packages/airflow/example_dags/example_branch_labels.py
[2025-03-24T23:34:07.066+0000] {logging_mixin.py:188} INFO - [2025-03-24T23:34:07.066+0000] {dag.py:3033} INFO - Sync 1 DAGs
[2025-03-24T23:34:07.081+0000] {logging_mixin.py:188} INFO - [2025-03-24T23:34:07.081+0000] {dag.py:3820} INFO - Setting next_dagrun for example_branch_labels to 2025-03-23T00:00:00+00:00, run_after=2025-03-24T00:00:00+00:00
[2025-03-24T23:34:07.093+0000] {processor.py:183} INFO - Processing /home/airflow/.local/lib/python3.8/site-packages/airflow/example_dags/example_branch_labels.py took 0.052 seconds
[2025-03-24T23:34:37.626+0000] {processor.py:161} INFO - Started process (PID=1158) to work on /home/airflow/.local/lib/python3.8/site-packages/airflow/example_dags/example_branch_labels.py
[2025-03-24T23:34:37.626+0000] {processor.py:830} INFO - Processing file /home/airflow/.local/lib/python3.8/site-packages/airflow/example_dags/example_branch_labels.py for tasks to queue
[2025-03-24T23:34:37.628+0000] {logging_mixin.py:188} INFO - [2025-03-24T23:34:37.627+0000] {dagbag.py:538} INFO - Filling up the DagBag from /home/airflow/.local/lib/python3.8/site-packages/airflow/example_dags/example_branch_labels.py
[2025-03-24T23:34:37.637+0000] {processor.py:840} INFO - DAG(s) 'example_branch_labels' retrieved from /home/airflow/.local/lib/python3.8/site-packages/airflow/example_dags/example_branch_labels.py
[2025-03-24T23:34:37.650+0000] {logging_mixin.py:188} INFO - [2025-03-24T23:34:37.650+0000] {dag.py:3033} INFO - Sync 1 DAGs
[2025-03-24T23:34:37.672+0000] {logging_mixin.py:188} INFO - [2025-03-24T23:34:37.672+0000] {dag.py:3820} INFO - Setting next_dagrun for example_branch_labels to 2025-03-23T00:00:00+00:00, run_after=2025-03-24T00:00:00+00:00
[2025-03-24T23:34:37.682+0000] {processor.py:183} INFO - Processing /home/airflow/.local/lib/python3.8/site-packages/airflow/example_dags/example_branch_labels.py took 0.059 seconds
[2025-03-24T23:35:07.832+0000] {processor.py:161} INFO - Started process (PID=1213) to work on /home/airflow/.local/lib/python3.8/site-packages/airflow/example_dags/example_branch_labels.py
[2025-03-24T23:35:07.833+0000] {processor.py:830} INFO - Processing file /home/airflow/.local/lib/python3.8/site-packages/airflow/example_dags/example_branch_labels.py for tasks to queue
[2025-03-24T23:35:07.834+0000] {logging_mixin.py:188} INFO - [2025-03-24T23:35:07.834+0000] {dagbag.py:538} INFO - Filling up the DagBag from /home/airflow/.local/lib/python3.8/site-packages/airflow/example_dags/example_branch_labels.py
[2025-03-24T23:35:07.838+0000] {processor.py:840} INFO - DAG(s) 'example_branch_labels' retrieved from /home/airflow/.local/lib/python3.8/site-packages/airflow/example_dags/example_branch_labels.py
[2025-03-24T23:35:07.849+0000] {logging_mixin.py:188} INFO - [2025-03-24T23:35:07.849+0000] {dag.py:3033} INFO - Sync 1 DAGs
[2025-03-24T23:35:07.859+0000] {logging_mixin.py:188} INFO - [2025-03-24T23:35:07.859+0000] {dag.py:3820} INFO - Setting next_dagrun for example_branch_labels to 2025-03-23T00:00:00+00:00, run_after=2025-03-24T00:00:00+00:00
[2025-03-24T23:35:07.867+0000] {processor.py:183} INFO - Processing /home/airflow/.local/lib/python3.8/site-packages/airflow/example_dags/example_branch_labels.py took 0.037 seconds
[2025-03-24T23:35:38.702+0000] {processor.py:161} INFO - Started process (PID=1268) to work on /home/airflow/.local/lib/python3.8/site-packages/airflow/example_dags/example_branch_labels.py
[2025-03-24T23:35:38.704+0000] {processor.py:830} INFO - Processing file /home/airflow/.local/lib/python3.8/site-packages/airflow/example_dags/example_branch_labels.py for tasks to queue
[2025-03-24T23:35:38.705+0000] {logging_mixin.py:188} INFO - [2025-03-24T23:35:38.705+0000] {dagbag.py:538} INFO - Filling up the DagBag from /home/airflow/.local/lib/python3.8/site-packages/airflow/example_dags/example_branch_labels.py
[2025-03-24T23:35:38.709+0000] {processor.py:840} INFO - DAG(s) 'example_branch_labels' retrieved from /home/airflow/.local/lib/python3.8/site-packages/airflow/example_dags/example_branch_labels.py
[2025-03-24T23:35:38.721+0000] {logging_mixin.py:188} INFO - [2025-03-24T23:35:38.721+0000] {dag.py:3033} INFO - Sync 1 DAGs
[2025-03-24T23:35:38.730+0000] {logging_mixin.py:188} INFO - [2025-03-24T23:35:38.730+0000] {dag.py:3820} INFO - Setting next_dagrun for example_branch_labels to 2025-03-23T00:00:00+00:00, run_after=2025-03-24T00:00:00+00:00
[2025-03-24T23:35:38.739+0000] {processor.py:183} INFO - Processing /home/airflow/.local/lib/python3.8/site-packages/airflow/example_dags/example_branch_labels.py took 0.039 seconds
[2025-03-24T23:36:09.428+0000] {processor.py:161} INFO - Started process (PID=1323) to work on /home/airflow/.local/lib/python3.8/site-packages/airflow/example_dags/example_branch_labels.py
[2025-03-24T23:36:09.428+0000] {processor.py:830} INFO - Processing file /home/airflow/.local/lib/python3.8/site-packages/airflow/example_dags/example_branch_labels.py for tasks to queue
[2025-03-24T23:36:09.429+0000] {logging_mixin.py:188} INFO - [2025-03-24T23:36:09.429+0000] {dagbag.py:538} INFO - Filling up the DagBag from /home/airflow/.local/lib/python3.8/site-packages/airflow/example_dags/example_branch_labels.py
[2025-03-24T23:36:09.432+0000] {processor.py:840} INFO - DAG(s) 'example_branch_labels' retrieved from /home/airflow/.local/lib/python3.8/site-packages/airflow/example_dags/example_branch_labels.py
[2025-03-24T23:36:09.443+0000] {logging_mixin.py:188} INFO - [2025-03-24T23:36:09.443+0000] {dag.py:3033} INFO - Sync 1 DAGs
[2025-03-24T23:36:09.453+0000] {logging_mixin.py:188} INFO - [2025-03-24T23:36:09.453+0000] {dag.py:3820} INFO - Setting next_dagrun for example_branch_labels to 2025-03-23T00:00:00+00:00, run_after=2025-03-24T00:00:00+00:00
[2025-03-24T23:36:09.461+0000] {processor.py:183} INFO - Processing /home/airflow/.local/lib/python3.8/site-packages/airflow/example_dags/example_branch_labels.py took 0.035 seconds
[2025-03-24T23:36:40.079+0000] {processor.py:161} INFO - Started process (PID=1378) to work on /home/airflow/.local/lib/python3.8/site-packages/airflow/example_dags/example_branch_labels.py
[2025-03-24T23:36:40.080+0000] {processor.py:830} INFO - Processing file /home/airflow/.local/lib/python3.8/site-packages/airflow/example_dags/example_branch_labels.py for tasks to queue
[2025-03-24T23:36:40.081+0000] {logging_mixin.py:188} INFO - [2025-03-24T23:36:40.081+0000] {dagbag.py:538} INFO - Filling up the DagBag from /home/airflow/.local/lib/python3.8/site-packages/airflow/example_dags/example_branch_labels.py
[2025-03-24T23:36:40.085+0000] {processor.py:840} INFO - DAG(s) 'example_branch_labels' retrieved from /home/airflow/.local/lib/python3.8/site-packages/airflow/example_dags/example_branch_labels.py
[2025-03-24T23:36:40.098+0000] {logging_mixin.py:188} INFO - [2025-03-24T23:36:40.098+0000] {dag.py:3033} INFO - Sync 1 DAGs
[2025-03-24T23:36:40.111+0000] {logging_mixin.py:188} INFO - [2025-03-24T23:36:40.111+0000] {dag.py:3820} INFO - Setting next_dagrun for example_branch_labels to 2025-03-23T00:00:00+00:00, run_after=2025-03-24T00:00:00+00:00
[2025-03-24T23:36:40.125+0000] {processor.py:183} INFO - Processing /home/airflow/.local/lib/python3.8/site-packages/airflow/example_dags/example_branch_labels.py took 0.048 seconds
[2025-03-24T23:37:10.926+0000] {processor.py:161} INFO - Started process (PID=1433) to work on /home/airflow/.local/lib/python3.8/site-packages/airflow/example_dags/example_branch_labels.py
[2025-03-24T23:37:10.929+0000] {processor.py:830} INFO - Processing file /home/airflow/.local/lib/python3.8/site-packages/airflow/example_dags/example_branch_labels.py for tasks to queue
[2025-03-24T23:37:10.931+0000] {logging_mixin.py:188} INFO - [2025-03-24T23:37:10.931+0000] {dagbag.py:538} INFO - Filling up the DagBag from /home/airflow/.local/lib/python3.8/site-packages/airflow/example_dags/example_branch_labels.py
[2025-03-24T23:37:10.935+0000] {processor.py:840} INFO - DAG(s) 'example_branch_labels' retrieved from /home/airflow/.local/lib/python3.8/site-packages/airflow/example_dags/example_branch_labels.py
[2025-03-24T23:37:10.947+0000] {logging_mixin.py:188} INFO - [2025-03-24T23:37:10.947+0000] {dag.py:3033} INFO - Sync 1 DAGs
[2025-03-24T23:37:10.956+0000] {logging_mixin.py:188} INFO - [2025-03-24T23:37:10.956+0000] {dag.py:3820} INFO - Setting next_dagrun for example_branch_labels to 2025-03-23T00:00:00+00:00, run_after=2025-03-24T00:00:00+00:00
[2025-03-24T23:37:10.965+0000] {processor.py:183} INFO - Processing /home/airflow/.local/lib/python3.8/site-packages/airflow/example_dags/example_branch_labels.py took 0.041 seconds
[2025-03-24T23:37:41.727+0000] {processor.py:161} INFO - Started process (PID=1488) to work on /home/airflow/.local/lib/python3.8/site-packages/airflow/example_dags/example_branch_labels.py
[2025-03-24T23:37:41.728+0000] {processor.py:830} INFO - Processing file /home/airflow/.local/lib/python3.8/site-packages/airflow/example_dags/example_branch_labels.py for tasks to queue
[2025-03-24T23:37:41.730+0000] {logging_mixin.py:188} INFO - [2025-03-24T23:37:41.730+0000] {dagbag.py:538} INFO - Filling up the DagBag from /home/airflow/.local/lib/python3.8/site-packages/airflow/example_dags/example_branch_labels.py
[2025-03-24T23:37:41.735+0000] {processor.py:840} INFO - DAG(s) 'example_branch_labels' retrieved from /home/airflow/.local/lib/python3.8/site-packages/airflow/example_dags/example_branch_labels.py
[2025-03-24T23:37:41.748+0000] {logging_mixin.py:188} INFO - [2025-03-24T23:37:41.747+0000] {dag.py:3033} INFO - Sync 1 DAGs
[2025-03-24T23:37:41.757+0000] {logging_mixin.py:188} INFO - [2025-03-24T23:37:41.757+0000] {dag.py:3820} INFO - Setting next_dagrun for example_branch_labels to 2025-03-23T00:00:00+00:00, run_after=2025-03-24T00:00:00+00:00
[2025-03-24T23:37:41.769+0000] {processor.py:183} INFO - Processing /home/airflow/.local/lib/python3.8/site-packages/airflow/example_dags/example_branch_labels.py took 0.045 seconds
[2025-03-24T23:38:12.503+0000] {processor.py:161} INFO - Started process (PID=1543) to work on /home/airflow/.local/lib/python3.8/site-packages/airflow/example_dags/example_branch_labels.py
[2025-03-24T23:38:12.505+0000] {processor.py:830} INFO - Processing file /home/airflow/.local/lib/python3.8/site-packages/airflow/example_dags/example_branch_labels.py for tasks to queue
[2025-03-24T23:38:12.506+0000] {logging_mixin.py:188} INFO - [2025-03-24T23:38:12.506+0000] {dagbag.py:538} INFO - Filling up the DagBag from /home/airflow/.local/lib/python3.8/site-packages/airflow/example_dags/example_branch_labels.py
[2025-03-24T23:38:12.510+0000] {processor.py:840} INFO - DAG(s) 'example_branch_labels' retrieved from /home/airflow/.local/lib/python3.8/site-packages/airflow/example_dags/example_branch_labels.py
[2025-03-24T23:38:12.521+0000] {logging_mixin.py:188} INFO - [2025-03-24T23:38:12.521+0000] {dag.py:3033} INFO - Sync 1 DAGs
[2025-03-24T23:38:12.533+0000] {logging_mixin.py:188} INFO - [2025-03-24T23:38:12.533+0000] {dag.py:3820} INFO - Setting next_dagrun for example_branch_labels to 2025-03-23T00:00:00+00:00, run_after=2025-03-24T00:00:00+00:00
[2025-03-24T23:38:12.545+0000] {processor.py:183} INFO - Processing /home/airflow/.local/lib/python3.8/site-packages/airflow/example_dags/example_branch_labels.py took 0.043 seconds
[2025-03-24T23:38:43.251+0000] {processor.py:161} INFO - Started process (PID=1598) to work on /home/airflow/.local/lib/python3.8/site-packages/airflow/example_dags/example_branch_labels.py
[2025-03-24T23:38:43.252+0000] {processor.py:830} INFO - Processing file /home/airflow/.local/lib/python3.8/site-packages/airflow/example_dags/example_branch_labels.py for tasks to queue
[2025-03-24T23:38:43.253+0000] {logging_mixin.py:188} INFO - [2025-03-24T23:38:43.252+0000] {dagbag.py:538} INFO - Filling up the DagBag from /home/airflow/.local/lib/python3.8/site-packages/airflow/example_dags/example_branch_labels.py
[2025-03-24T23:38:43.257+0000] {processor.py:840} INFO - DAG(s) 'example_branch_labels' retrieved from /home/airflow/.local/lib/python3.8/site-packages/airflow/example_dags/example_branch_labels.py
[2025-03-24T23:38:43.268+0000] {logging_mixin.py:188} INFO - [2025-03-24T23:38:43.268+0000] {dag.py:3033} INFO - Sync 1 DAGs
[2025-03-24T23:38:43.279+0000] {logging_mixin.py:188} INFO - [2025-03-24T23:38:43.279+0000] {dag.py:3820} INFO - Setting next_dagrun for example_branch_labels to 2025-03-23T00:00:00+00:00, run_after=2025-03-24T00:00:00+00:00
[2025-03-24T23:38:43.289+0000] {processor.py:183} INFO - Processing /home/airflow/.local/lib/python3.8/site-packages/airflow/example_dags/example_branch_labels.py took 0.040 seconds
[2025-03-24T23:39:14.051+0000] {processor.py:161} INFO - Started process (PID=1653) to work on /home/airflow/.local/lib/python3.8/site-packages/airflow/example_dags/example_branch_labels.py
[2025-03-24T23:39:14.052+0000] {processor.py:830} INFO - Processing file /home/airflow/.local/lib/python3.8/site-packages/airflow/example_dags/example_branch_labels.py for tasks to queue
[2025-03-24T23:39:14.053+0000] {logging_mixin.py:188} INFO - [2025-03-24T23:39:14.053+0000] {dagbag.py:538} INFO - Filling up the DagBag from /home/airflow/.local/lib/python3.8/site-packages/airflow/example_dags/example_branch_labels.py
[2025-03-24T23:39:14.058+0000] {processor.py:840} INFO - DAG(s) 'example_branch_labels' retrieved from /home/airflow/.local/lib/python3.8/site-packages/airflow/example_dags/example_branch_labels.py
[2025-03-24T23:39:14.068+0000] {logging_mixin.py:188} INFO - [2025-03-24T23:39:14.068+0000] {dag.py:3033} INFO - Sync 1 DAGs
[2025-03-24T23:39:14.079+0000] {logging_mixin.py:188} INFO - [2025-03-24T23:39:14.079+0000] {dag.py:3820} INFO - Setting next_dagrun for example_branch_labels to 2025-03-23T00:00:00+00:00, run_after=2025-03-24T00:00:00+00:00
[2025-03-24T23:39:14.086+0000] {processor.py:183} INFO - Processing /home/airflow/.local/lib/python3.8/site-packages/airflow/example_dags/example_branch_labels.py took 0.037 seconds
[2025-03-24T23:39:44.966+0000] {processor.py:161} INFO - Started process (PID=1708) to work on /home/airflow/.local/lib/python3.8/site-packages/airflow/example_dags/example_branch_labels.py
[2025-03-24T23:39:44.967+0000] {processor.py:830} INFO - Processing file /home/airflow/.local/lib/python3.8/site-packages/airflow/example_dags/example_branch_labels.py for tasks to queue
[2025-03-24T23:39:44.968+0000] {logging_mixin.py:188} INFO - [2025-03-24T23:39:44.968+0000] {dagbag.py:538} INFO - Filling up the DagBag from /home/airflow/.local/lib/python3.8/site-packages/airflow/example_dags/example_branch_labels.py
[2025-03-24T23:39:44.972+0000] {processor.py:840} INFO - DAG(s) 'example_branch_labels' retrieved from /home/airflow/.local/lib/python3.8/site-packages/airflow/example_dags/example_branch_labels.py
[2025-03-24T23:39:44.982+0000] {logging_mixin.py:188} INFO - [2025-03-24T23:39:44.982+0000] {dag.py:3033} INFO - Sync 1 DAGs
[2025-03-24T23:39:44.993+0000] {logging_mixin.py:188} INFO - [2025-03-24T23:39:44.992+0000] {dag.py:3820} INFO - Setting next_dagrun for example_branch_labels to 2025-03-23T00:00:00+00:00, run_after=2025-03-24T00:00:00+00:00
[2025-03-24T23:39:45.000+0000] {processor.py:183} INFO - Processing /home/airflow/.local/lib/python3.8/site-packages/airflow/example_dags/example_branch_labels.py took 0.036 seconds
[2025-03-24T23:40:15.595+0000] {processor.py:161} INFO - Started process (PID=1763) to work on /home/airflow/.local/lib/python3.8/site-packages/airflow/example_dags/example_branch_labels.py
[2025-03-24T23:40:15.596+0000] {processor.py:830} INFO - Processing file /home/airflow/.local/lib/python3.8/site-packages/airflow/example_dags/example_branch_labels.py for tasks to queue
[2025-03-24T23:40:15.597+0000] {logging_mixin.py:188} INFO - [2025-03-24T23:40:15.597+0000] {dagbag.py:538} INFO - Filling up the DagBag from /home/airflow/.local/lib/python3.8/site-packages/airflow/example_dags/example_branch_labels.py
[2025-03-24T23:40:15.602+0000] {processor.py:840} INFO - DAG(s) 'example_branch_labels' retrieved from /home/airflow/.local/lib/python3.8/site-packages/airflow/example_dags/example_branch_labels.py
[2025-03-24T23:40:15.612+0000] {logging_mixin.py:188} INFO - [2025-03-24T23:40:15.612+0000] {dag.py:3033} INFO - Sync 1 DAGs
[2025-03-24T23:40:15.623+0000] {logging_mixin.py:188} INFO - [2025-03-24T23:40:15.623+0000] {dag.py:3820} INFO - Setting next_dagrun for example_branch_labels to 2025-03-23T00:00:00+00:00, run_after=2025-03-24T00:00:00+00:00
[2025-03-24T23:40:15.631+0000] {processor.py:183} INFO - Processing /home/airflow/.local/lib/python3.8/site-packages/airflow/example_dags/example_branch_labels.py took 0.037 seconds
[2025-03-24T23:40:46.217+0000] {processor.py:161} INFO - Started process (PID=1818) to work on /home/airflow/.local/lib/python3.8/site-packages/airflow/example_dags/example_branch_labels.py
[2025-03-24T23:40:46.217+0000] {processor.py:830} INFO - Processing file /home/airflow/.local/lib/python3.8/site-packages/airflow/example_dags/example_branch_labels.py for tasks to queue
[2025-03-24T23:40:46.218+0000] {logging_mixin.py:188} INFO - [2025-03-24T23:40:46.218+0000] {dagbag.py:538} INFO - Filling up the DagBag from /home/airflow/.local/lib/python3.8/site-packages/airflow/example_dags/example_branch_labels.py
[2025-03-24T23:40:46.222+0000] {processor.py:840} INFO - DAG(s) 'example_branch_labels' retrieved from /home/airflow/.local/lib/python3.8/site-packages/airflow/example_dags/example_branch_labels.py
[2025-03-24T23:40:46.234+0000] {logging_mixin.py:188} INFO - [2025-03-24T23:40:46.234+0000] {dag.py:3033} INFO - Sync 1 DAGs
[2025-03-24T23:40:46.244+0000] {logging_mixin.py:188} INFO - [2025-03-24T23:40:46.244+0000] {dag.py:3820} INFO - Setting next_dagrun for example_branch_labels to 2025-03-23T00:00:00+00:00, run_after=2025-03-24T00:00:00+00:00
[2025-03-24T23:40:46.252+0000] {processor.py:183} INFO - Processing /home/airflow/.local/lib/python3.8/site-packages/airflow/example_dags/example_branch_labels.py took 0.037 seconds
[2025-03-24T23:41:16.751+0000] {processor.py:161} INFO - Started process (PID=1873) to work on /home/airflow/.local/lib/python3.8/site-packages/airflow/example_dags/example_branch_labels.py
[2025-03-24T23:41:16.751+0000] {processor.py:830} INFO - Processing file /home/airflow/.local/lib/python3.8/site-packages/airflow/example_dags/example_branch_labels.py for tasks to queue
[2025-03-24T23:41:16.752+0000] {logging_mixin.py:188} INFO - [2025-03-24T23:41:16.752+0000] {dagbag.py:538} INFO - Filling up the DagBag from /home/airflow/.local/lib/python3.8/site-packages/airflow/example_dags/example_branch_labels.py
[2025-03-24T23:41:16.756+0000] {processor.py:840} INFO - DAG(s) 'example_branch_labels' retrieved from /home/airflow/.local/lib/python3.8/site-packages/airflow/example_dags/example_branch_labels.py
[2025-03-24T23:41:16.768+0000] {logging_mixin.py:188} INFO - [2025-03-24T23:41:16.767+0000] {dag.py:3033} INFO - Sync 1 DAGs
[2025-03-24T23:41:16.782+0000] {logging_mixin.py:188} INFO - [2025-03-24T23:41:16.782+0000] {dag.py:3820} INFO - Setting next_dagrun for example_branch_labels to 2025-03-23T00:00:00+00:00, run_after=2025-03-24T00:00:00+00:00
[2025-03-24T23:41:16.789+0000] {processor.py:183} INFO - Processing /home/airflow/.local/lib/python3.8/site-packages/airflow/example_dags/example_branch_labels.py took 0.041 seconds
[2025-03-24T23:41:47.385+0000] {processor.py:161} INFO - Started process (PID=1928) to work on /home/airflow/.local/lib/python3.8/site-packages/airflow/example_dags/example_branch_labels.py
[2025-03-24T23:41:47.386+0000] {processor.py:830} INFO - Processing file /home/airflow/.local/lib/python3.8/site-packages/airflow/example_dags/example_branch_labels.py for tasks to queue
[2025-03-24T23:41:47.387+0000] {logging_mixin.py:188} INFO - [2025-03-24T23:41:47.387+0000] {dagbag.py:538} INFO - Filling up the DagBag from /home/airflow/.local/lib/python3.8/site-packages/airflow/example_dags/example_branch_labels.py
[2025-03-24T23:41:47.391+0000] {processor.py:840} INFO - DAG(s) 'example_branch_labels' retrieved from /home/airflow/.local/lib/python3.8/site-packages/airflow/example_dags/example_branch_labels.py
[2025-03-24T23:41:47.402+0000] {logging_mixin.py:188} INFO - [2025-03-24T23:41:47.402+0000] {dag.py:3033} INFO - Sync 1 DAGs
[2025-03-24T23:41:47.412+0000] {logging_mixin.py:188} INFO - [2025-03-24T23:41:47.412+0000] {dag.py:3820} INFO - Setting next_dagrun for example_branch_labels to 2025-03-23T00:00:00+00:00, run_after=2025-03-24T00:00:00+00:00
[2025-03-24T23:41:47.419+0000] {processor.py:183} INFO - Processing /home/airflow/.local/lib/python3.8/site-packages/airflow/example_dags/example_branch_labels.py took 0.037 seconds
[2025-03-24T23:42:17.999+0000] {processor.py:161} INFO - Started process (PID=1983) to work on /home/airflow/.local/lib/python3.8/site-packages/airflow/example_dags/example_branch_labels.py
[2025-03-24T23:42:18.000+0000] {processor.py:830} INFO - Processing file /home/airflow/.local/lib/python3.8/site-packages/airflow/example_dags/example_branch_labels.py for tasks to queue
[2025-03-24T23:42:18.001+0000] {logging_mixin.py:188} INFO - [2025-03-24T23:42:18.001+0000] {dagbag.py:538} INFO - Filling up the DagBag from /home/airflow/.local/lib/python3.8/site-packages/airflow/example_dags/example_branch_labels.py
[2025-03-24T23:42:18.005+0000] {processor.py:840} INFO - DAG(s) 'example_branch_labels' retrieved from /home/airflow/.local/lib/python3.8/site-packages/airflow/example_dags/example_branch_labels.py
[2025-03-24T23:42:18.017+0000] {logging_mixin.py:188} INFO - [2025-03-24T23:42:18.017+0000] {dag.py:3033} INFO - Sync 1 DAGs
[2025-03-24T23:42:18.028+0000] {logging_mixin.py:188} INFO - [2025-03-24T23:42:18.028+0000] {dag.py:3820} INFO - Setting next_dagrun for example_branch_labels to 2025-03-23T00:00:00+00:00, run_after=2025-03-24T00:00:00+00:00
[2025-03-24T23:42:18.035+0000] {processor.py:183} INFO - Processing /home/airflow/.local/lib/python3.8/site-packages/airflow/example_dags/example_branch_labels.py took 0.038 seconds
[2025-03-24T23:42:48.543+0000] {processor.py:161} INFO - Started process (PID=2038) to work on /home/airflow/.local/lib/python3.8/site-packages/airflow/example_dags/example_branch_labels.py
[2025-03-24T23:42:48.543+0000] {processor.py:830} INFO - Processing file /home/airflow/.local/lib/python3.8/site-packages/airflow/example_dags/example_branch_labels.py for tasks to queue
[2025-03-24T23:42:48.544+0000] {logging_mixin.py:188} INFO - [2025-03-24T23:42:48.544+0000] {dagbag.py:538} INFO - Filling up the DagBag from /home/airflow/.local/lib/python3.8/site-packages/airflow/example_dags/example_branch_labels.py
[2025-03-24T23:42:48.547+0000] {processor.py:840} INFO - DAG(s) 'example_branch_labels' retrieved from /home/airflow/.local/lib/python3.8/site-packages/airflow/example_dags/example_branch_labels.py
[2025-03-24T23:42:48.557+0000] {logging_mixin.py:188} INFO - [2025-03-24T23:42:48.557+0000] {dag.py:3033} INFO - Sync 1 DAGs
[2025-03-24T23:42:48.567+0000] {logging_mixin.py:188} INFO - [2025-03-24T23:42:48.567+0000] {dag.py:3820} INFO - Setting next_dagrun for example_branch_labels to 2025-03-23T00:00:00+00:00, run_after=2025-03-24T00:00:00+00:00
[2025-03-24T23:42:48.575+0000] {processor.py:183} INFO - Processing /home/airflow/.local/lib/python3.8/site-packages/airflow/example_dags/example_branch_labels.py took 0.034 seconds
[2025-03-24T23:43:18.997+0000] {processor.py:161} INFO - Started process (PID=2093) to work on /home/airflow/.local/lib/python3.8/site-packages/airflow/example_dags/example_branch_labels.py
[2025-03-24T23:43:18.997+0000] {processor.py:830} INFO - Processing file /home/airflow/.local/lib/python3.8/site-packages/airflow/example_dags/example_branch_labels.py for tasks to queue
[2025-03-24T23:43:18.999+0000] {logging_mixin.py:188} INFO - [2025-03-24T23:43:18.998+0000] {dagbag.py:538} INFO - Filling up the DagBag from /home/airflow/.local/lib/python3.8/site-packages/airflow/example_dags/example_branch_labels.py
[2025-03-24T23:43:19.002+0000] {processor.py:840} INFO - DAG(s) 'example_branch_labels' retrieved from /home/airflow/.local/lib/python3.8/site-packages/airflow/example_dags/example_branch_labels.py
[2025-03-24T23:43:19.014+0000] {logging_mixin.py:188} INFO - [2025-03-24T23:43:19.014+0000] {dag.py:3033} INFO - Sync 1 DAGs
[2025-03-24T23:43:19.025+0000] {logging_mixin.py:188} INFO - [2025-03-24T23:43:19.025+0000] {dag.py:3820} INFO - Setting next_dagrun for example_branch_labels to 2025-03-23T00:00:00+00:00, run_after=2025-03-24T00:00:00+00:00
[2025-03-24T23:43:19.033+0000] {processor.py:183} INFO - Processing /home/airflow/.local/lib/python3.8/site-packages/airflow/example_dags/example_branch_labels.py took 0.038 seconds
[2025-03-24T23:43:49.675+0000] {processor.py:161} INFO - Started process (PID=2148) to work on /home/airflow/.local/lib/python3.8/site-packages/airflow/example_dags/example_branch_labels.py
[2025-03-24T23:43:49.676+0000] {processor.py:830} INFO - Processing file /home/airflow/.local/lib/python3.8/site-packages/airflow/example_dags/example_branch_labels.py for tasks to queue
[2025-03-24T23:43:49.677+0000] {logging_mixin.py:188} INFO - [2025-03-24T23:43:49.677+0000] {dagbag.py:538} INFO - Filling up the DagBag from /home/airflow/.local/lib/python3.8/site-packages/airflow/example_dags/example_branch_labels.py
[2025-03-24T23:43:49.681+0000] {processor.py:840} INFO - DAG(s) 'example_branch_labels' retrieved from /home/airflow/.local/lib/python3.8/site-packages/airflow/example_dags/example_branch_labels.py
[2025-03-24T23:43:49.693+0000] {logging_mixin.py:188} INFO - [2025-03-24T23:43:49.693+0000] {dag.py:3033} INFO - Sync 1 DAGs
[2025-03-24T23:43:49.704+0000] {logging_mixin.py:188} INFO - [2025-03-24T23:43:49.704+0000] {dag.py:3820} INFO - Setting next_dagrun for example_branch_labels to 2025-03-23T00:00:00+00:00, run_after=2025-03-24T00:00:00+00:00
[2025-03-24T23:43:49.713+0000] {processor.py:183} INFO - Processing /home/airflow/.local/lib/python3.8/site-packages/airflow/example_dags/example_branch_labels.py took 0.040 seconds
[2025-03-24T23:44:20.362+0000] {processor.py:161} INFO - Started process (PID=2203) to work on /home/airflow/.local/lib/python3.8/site-packages/airflow/example_dags/example_branch_labels.py
[2025-03-24T23:44:20.362+0000] {processor.py:830} INFO - Processing file /home/airflow/.local/lib/python3.8/site-packages/airflow/example_dags/example_branch_labels.py for tasks to queue
[2025-03-24T23:44:20.364+0000] {logging_mixin.py:188} INFO - [2025-03-24T23:44:20.363+0000] {dagbag.py:538} INFO - Filling up the DagBag from /home/airflow/.local/lib/python3.8/site-packages/airflow/example_dags/example_branch_labels.py
[2025-03-24T23:44:20.368+0000] {processor.py:840} INFO - DAG(s) 'example_branch_labels' retrieved from /home/airflow/.local/lib/python3.8/site-packages/airflow/example_dags/example_branch_labels.py
[2025-03-24T23:44:20.380+0000] {logging_mixin.py:188} INFO - [2025-03-24T23:44:20.380+0000] {dag.py:3033} INFO - Sync 1 DAGs
[2025-03-24T23:44:20.391+0000] {logging_mixin.py:188} INFO - [2025-03-24T23:44:20.391+0000] {dag.py:3820} INFO - Setting next_dagrun for example_branch_labels to 2025-03-23T00:00:00+00:00, run_after=2025-03-24T00:00:00+00:00
[2025-03-24T23:44:20.400+0000] {processor.py:183} INFO - Processing /home/airflow/.local/lib/python3.8/site-packages/airflow/example_dags/example_branch_labels.py took 0.040 seconds
[2025-03-24T23:44:51.050+0000] {processor.py:161} INFO - Started process (PID=2258) to work on /home/airflow/.local/lib/python3.8/site-packages/airflow/example_dags/example_branch_labels.py
[2025-03-24T23:44:51.051+0000] {processor.py:830} INFO - Processing file /home/airflow/.local/lib/python3.8/site-packages/airflow/example_dags/example_branch_labels.py for tasks to queue
[2025-03-24T23:44:51.052+0000] {logging_mixin.py:188} INFO - [2025-03-24T23:44:51.051+0000] {dagbag.py:538} INFO - Filling up the DagBag from /home/airflow/.local/lib/python3.8/site-packages/airflow/example_dags/example_branch_labels.py
[2025-03-24T23:44:51.055+0000] {processor.py:840} INFO - DAG(s) 'example_branch_labels' retrieved from /home/airflow/.local/lib/python3.8/site-packages/airflow/example_dags/example_branch_labels.py
[2025-03-24T23:44:51.064+0000] {logging_mixin.py:188} INFO - [2025-03-24T23:44:51.064+0000] {dag.py:3033} INFO - Sync 1 DAGs
[2025-03-24T23:44:51.073+0000] {logging_mixin.py:188} INFO - [2025-03-24T23:44:51.073+0000] {dag.py:3820} INFO - Setting next_dagrun for example_branch_labels to 2025-03-23T00:00:00+00:00, run_after=2025-03-24T00:00:00+00:00
[2025-03-24T23:44:51.079+0000] {processor.py:183} INFO - Processing /home/airflow/.local/lib/python3.8/site-packages/airflow/example_dags/example_branch_labels.py took 0.031 seconds
[2025-03-24T23:45:21.551+0000] {processor.py:161} INFO - Started process (PID=2313) to work on /home/airflow/.local/lib/python3.8/site-packages/airflow/example_dags/example_branch_labels.py
[2025-03-24T23:45:21.551+0000] {processor.py:830} INFO - Processing file /home/airflow/.local/lib/python3.8/site-packages/airflow/example_dags/example_branch_labels.py for tasks to queue
[2025-03-24T23:45:21.552+0000] {logging_mixin.py:188} INFO - [2025-03-24T23:45:21.552+0000] {dagbag.py:538} INFO - Filling up the DagBag from /home/airflow/.local/lib/python3.8/site-packages/airflow/example_dags/example_branch_labels.py
[2025-03-24T23:45:21.555+0000] {processor.py:840} INFO - DAG(s) 'example_branch_labels' retrieved from /home/airflow/.local/lib/python3.8/site-packages/airflow/example_dags/example_branch_labels.py
[2025-03-24T23:45:21.564+0000] {logging_mixin.py:188} INFO - [2025-03-24T23:45:21.564+0000] {dag.py:3033} INFO - Sync 1 DAGs
[2025-03-24T23:45:21.573+0000] {logging_mixin.py:188} INFO - [2025-03-24T23:45:21.573+0000] {dag.py:3820} INFO - Setting next_dagrun for example_branch_labels to 2025-03-23T00:00:00+00:00, run_after=2025-03-24T00:00:00+00:00
[2025-03-24T23:45:21.582+0000] {processor.py:183} INFO - Processing /home/airflow/.local/lib/python3.8/site-packages/airflow/example_dags/example_branch_labels.py took 0.033 seconds
[2025-03-24T23:45:52.207+0000] {processor.py:161} INFO - Started process (PID=2367) to work on /home/airflow/.local/lib/python3.8/site-packages/airflow/example_dags/example_branch_labels.py
[2025-03-24T23:45:52.208+0000] {processor.py:830} INFO - Processing file /home/airflow/.local/lib/python3.8/site-packages/airflow/example_dags/example_branch_labels.py for tasks to queue
[2025-03-24T23:45:52.209+0000] {logging_mixin.py:188} INFO - [2025-03-24T23:45:52.208+0000] {dagbag.py:538} INFO - Filling up the DagBag from /home/airflow/.local/lib/python3.8/site-packages/airflow/example_dags/example_branch_labels.py
[2025-03-24T23:45:52.212+0000] {processor.py:840} INFO - DAG(s) 'example_branch_labels' retrieved from /home/airflow/.local/lib/python3.8/site-packages/airflow/example_dags/example_branch_labels.py
[2025-03-24T23:45:52.223+0000] {logging_mixin.py:188} INFO - [2025-03-24T23:45:52.223+0000] {dag.py:3033} INFO - Sync 1 DAGs
[2025-03-24T23:45:52.232+0000] {logging_mixin.py:188} INFO - [2025-03-24T23:45:52.232+0000] {dag.py:3820} INFO - Setting next_dagrun for example_branch_labels to 2025-03-23T00:00:00+00:00, run_after=2025-03-24T00:00:00+00:00
[2025-03-24T23:45:52.239+0000] {processor.py:183} INFO - Processing /home/airflow/.local/lib/python3.8/site-packages/airflow/example_dags/example_branch_labels.py took 0.033 seconds
[2025-03-24T23:46:22.905+0000] {processor.py:161} INFO - Started process (PID=2422) to work on /home/airflow/.local/lib/python3.8/site-packages/airflow/example_dags/example_branch_labels.py
[2025-03-24T23:46:22.906+0000] {processor.py:830} INFO - Processing file /home/airflow/.local/lib/python3.8/site-packages/airflow/example_dags/example_branch_labels.py for tasks to queue
[2025-03-24T23:46:22.906+0000] {logging_mixin.py:188} INFO - [2025-03-24T23:46:22.906+0000] {dagbag.py:538} INFO - Filling up the DagBag from /home/airflow/.local/lib/python3.8/site-packages/airflow/example_dags/example_branch_labels.py
[2025-03-24T23:46:22.910+0000] {processor.py:840} INFO - DAG(s) 'example_branch_labels' retrieved from /home/airflow/.local/lib/python3.8/site-packages/airflow/example_dags/example_branch_labels.py
[2025-03-24T23:46:22.919+0000] {logging_mixin.py:188} INFO - [2025-03-24T23:46:22.919+0000] {dag.py:3033} INFO - Sync 1 DAGs
[2025-03-24T23:46:22.930+0000] {logging_mixin.py:188} INFO - [2025-03-24T23:46:22.930+0000] {dag.py:3820} INFO - Setting next_dagrun for example_branch_labels to 2025-03-23T00:00:00+00:00, run_after=2025-03-24T00:00:00+00:00
[2025-03-24T23:46:23.008+0000] {processor.py:183} INFO - Processing /home/airflow/.local/lib/python3.8/site-packages/airflow/example_dags/example_branch_labels.py took 0.105 seconds
[2025-03-24T23:46:53.831+0000] {processor.py:161} INFO - Started process (PID=2477) to work on /home/airflow/.local/lib/python3.8/site-packages/airflow/example_dags/example_branch_labels.py
[2025-03-24T23:46:53.832+0000] {processor.py:830} INFO - Processing file /home/airflow/.local/lib/python3.8/site-packages/airflow/example_dags/example_branch_labels.py for tasks to queue
[2025-03-24T23:46:53.833+0000] {logging_mixin.py:188} INFO - [2025-03-24T23:46:53.833+0000] {dagbag.py:538} INFO - Filling up the DagBag from /home/airflow/.local/lib/python3.8/site-packages/airflow/example_dags/example_branch_labels.py
[2025-03-24T23:46:53.837+0000] {processor.py:840} INFO - DAG(s) 'example_branch_labels' retrieved from /home/airflow/.local/lib/python3.8/site-packages/airflow/example_dags/example_branch_labels.py
[2025-03-24T23:46:53.848+0000] {logging_mixin.py:188} INFO - [2025-03-24T23:46:53.848+0000] {dag.py:3033} INFO - Sync 1 DAGs
[2025-03-24T23:46:53.857+0000] {logging_mixin.py:188} INFO - [2025-03-24T23:46:53.857+0000] {dag.py:3820} INFO - Setting next_dagrun for example_branch_labels to 2025-03-23T00:00:00+00:00, run_after=2025-03-24T00:00:00+00:00
[2025-03-24T23:46:53.864+0000] {processor.py:183} INFO - Processing /home/airflow/.local/lib/python3.8/site-packages/airflow/example_dags/example_branch_labels.py took 0.035 seconds
[2025-03-24T23:47:23.984+0000] {processor.py:161} INFO - Started process (PID=2532) to work on /home/airflow/.local/lib/python3.8/site-packages/airflow/example_dags/example_branch_labels.py
[2025-03-24T23:47:23.986+0000] {processor.py:830} INFO - Processing file /home/airflow/.local/lib/python3.8/site-packages/airflow/example_dags/example_branch_labels.py for tasks to queue
[2025-03-24T23:47:23.990+0000] {logging_mixin.py:188} INFO - [2025-03-24T23:47:23.989+0000] {dagbag.py:538} INFO - Filling up the DagBag from /home/airflow/.local/lib/python3.8/site-packages/airflow/example_dags/example_branch_labels.py
[2025-03-24T23:47:23.994+0000] {processor.py:840} INFO - DAG(s) 'example_branch_labels' retrieved from /home/airflow/.local/lib/python3.8/site-packages/airflow/example_dags/example_branch_labels.py
[2025-03-24T23:47:24.007+0000] {logging_mixin.py:188} INFO - [2025-03-24T23:47:24.007+0000] {dag.py:3033} INFO - Sync 1 DAGs
[2025-03-24T23:47:24.020+0000] {logging_mixin.py:188} INFO - [2025-03-24T23:47:24.020+0000] {dag.py:3820} INFO - Setting next_dagrun for example_branch_labels to 2025-03-23T00:00:00+00:00, run_after=2025-03-24T00:00:00+00:00
[2025-03-24T23:47:24.031+0000] {processor.py:183} INFO - Processing /home/airflow/.local/lib/python3.8/site-packages/airflow/example_dags/example_branch_labels.py took 0.049 seconds
[2025-03-24T23:47:54.936+0000] {processor.py:161} INFO - Started process (PID=2587) to work on /home/airflow/.local/lib/python3.8/site-packages/airflow/example_dags/example_branch_labels.py
[2025-03-24T23:47:54.936+0000] {processor.py:830} INFO - Processing file /home/airflow/.local/lib/python3.8/site-packages/airflow/example_dags/example_branch_labels.py for tasks to queue
[2025-03-24T23:47:54.938+0000] {logging_mixin.py:188} INFO - [2025-03-24T23:47:54.938+0000] {dagbag.py:538} INFO - Filling up the DagBag from /home/airflow/.local/lib/python3.8/site-packages/airflow/example_dags/example_branch_labels.py
[2025-03-24T23:47:54.942+0000] {processor.py:840} INFO - DAG(s) 'example_branch_labels' retrieved from /home/airflow/.local/lib/python3.8/site-packages/airflow/example_dags/example_branch_labels.py
[2025-03-24T23:47:54.951+0000] {logging_mixin.py:188} INFO - [2025-03-24T23:47:54.951+0000] {dag.py:3033} INFO - Sync 1 DAGs
[2025-03-24T23:47:55.034+0000] {logging_mixin.py:188} INFO - [2025-03-24T23:47:55.034+0000] {dag.py:3820} INFO - Setting next_dagrun for example_branch_labels to 2025-03-23T00:00:00+00:00, run_after=2025-03-24T00:00:00+00:00
[2025-03-24T23:47:55.041+0000] {processor.py:183} INFO - Processing /home/airflow/.local/lib/python3.8/site-packages/airflow/example_dags/example_branch_labels.py took 0.108 seconds
[2025-03-24T23:48:25.910+0000] {processor.py:161} INFO - Started process (PID=2642) to work on /home/airflow/.local/lib/python3.8/site-packages/airflow/example_dags/example_branch_labels.py
[2025-03-24T23:48:25.910+0000] {processor.py:830} INFO - Processing file /home/airflow/.local/lib/python3.8/site-packages/airflow/example_dags/example_branch_labels.py for tasks to queue
[2025-03-24T23:48:25.911+0000] {logging_mixin.py:188} INFO - [2025-03-24T23:48:25.911+0000] {dagbag.py:538} INFO - Filling up the DagBag from /home/airflow/.local/lib/python3.8/site-packages/airflow/example_dags/example_branch_labels.py
[2025-03-24T23:48:25.915+0000] {processor.py:840} INFO - DAG(s) 'example_branch_labels' retrieved from /home/airflow/.local/lib/python3.8/site-packages/airflow/example_dags/example_branch_labels.py
[2025-03-24T23:48:25.926+0000] {logging_mixin.py:188} INFO - [2025-03-24T23:48:25.926+0000] {dag.py:3033} INFO - Sync 1 DAGs
[2025-03-24T23:48:25.936+0000] {logging_mixin.py:188} INFO - [2025-03-24T23:48:25.936+0000] {dag.py:3820} INFO - Setting next_dagrun for example_branch_labels to 2025-03-23T00:00:00+00:00, run_after=2025-03-24T00:00:00+00:00
[2025-03-24T23:48:25.948+0000] {processor.py:183} INFO - Processing /home/airflow/.local/lib/python3.8/site-packages/airflow/example_dags/example_branch_labels.py took 0.040 seconds
[2025-03-24T23:48:56.627+0000] {processor.py:161} INFO - Started process (PID=2697) to work on /home/airflow/.local/lib/python3.8/site-packages/airflow/example_dags/example_branch_labels.py
[2025-03-24T23:48:56.628+0000] {processor.py:830} INFO - Processing file /home/airflow/.local/lib/python3.8/site-packages/airflow/example_dags/example_branch_labels.py for tasks to queue
[2025-03-24T23:48:56.629+0000] {logging_mixin.py:188} INFO - [2025-03-24T23:48:56.629+0000] {dagbag.py:538} INFO - Filling up the DagBag from /home/airflow/.local/lib/python3.8/site-packages/airflow/example_dags/example_branch_labels.py
[2025-03-24T23:48:56.633+0000] {processor.py:840} INFO - DAG(s) 'example_branch_labels' retrieved from /home/airflow/.local/lib/python3.8/site-packages/airflow/example_dags/example_branch_labels.py
[2025-03-24T23:48:56.646+0000] {logging_mixin.py:188} INFO - [2025-03-24T23:48:56.646+0000] {dag.py:3033} INFO - Sync 1 DAGs
[2025-03-24T23:48:56.659+0000] {logging_mixin.py:188} INFO - [2025-03-24T23:48:56.659+0000] {dag.py:3820} INFO - Setting next_dagrun for example_branch_labels to 2025-03-23T00:00:00+00:00, run_after=2025-03-24T00:00:00+00:00
[2025-03-24T23:48:56.670+0000] {processor.py:183} INFO - Processing /home/airflow/.local/lib/python3.8/site-packages/airflow/example_dags/example_branch_labels.py took 0.045 seconds
[2025-03-24T23:49:27.679+0000] {processor.py:161} INFO - Started process (PID=2752) to work on /home/airflow/.local/lib/python3.8/site-packages/airflow/example_dags/example_branch_labels.py
[2025-03-24T23:49:27.682+0000] {processor.py:830} INFO - Processing file /home/airflow/.local/lib/python3.8/site-packages/airflow/example_dags/example_branch_labels.py for tasks to queue
[2025-03-24T23:49:27.683+0000] {logging_mixin.py:188} INFO - [2025-03-24T23:49:27.683+0000] {dagbag.py:538} INFO - Filling up the DagBag from /home/airflow/.local/lib/python3.8/site-packages/airflow/example_dags/example_branch_labels.py
[2025-03-24T23:49:27.687+0000] {processor.py:840} INFO - DAG(s) 'example_branch_labels' retrieved from /home/airflow/.local/lib/python3.8/site-packages/airflow/example_dags/example_branch_labels.py
[2025-03-24T23:49:27.696+0000] {logging_mixin.py:188} INFO - [2025-03-24T23:49:27.696+0000] {dag.py:3033} INFO - Sync 1 DAGs
[2025-03-24T23:49:27.777+0000] {logging_mixin.py:188} INFO - [2025-03-24T23:49:27.776+0000] {dag.py:3820} INFO - Setting next_dagrun for example_branch_labels to 2025-03-23T00:00:00+00:00, run_after=2025-03-24T00:00:00+00:00
[2025-03-24T23:49:27.783+0000] {processor.py:183} INFO - Processing /home/airflow/.local/lib/python3.8/site-packages/airflow/example_dags/example_branch_labels.py took 0.106 seconds
[2025-03-24T23:49:58.009+0000] {processor.py:161} INFO - Started process (PID=2806) to work on /home/airflow/.local/lib/python3.8/site-packages/airflow/example_dags/example_branch_labels.py
[2025-03-24T23:49:58.010+0000] {processor.py:830} INFO - Processing file /home/airflow/.local/lib/python3.8/site-packages/airflow/example_dags/example_branch_labels.py for tasks to queue
[2025-03-24T23:49:58.011+0000] {logging_mixin.py:188} INFO - [2025-03-24T23:49:58.011+0000] {dagbag.py:538} INFO - Filling up the DagBag from /home/airflow/.local/lib/python3.8/site-packages/airflow/example_dags/example_branch_labels.py
[2025-03-24T23:49:58.016+0000] {processor.py:840} INFO - DAG(s) 'example_branch_labels' retrieved from /home/airflow/.local/lib/python3.8/site-packages/airflow/example_dags/example_branch_labels.py
[2025-03-24T23:49:58.028+0000] {logging_mixin.py:188} INFO - [2025-03-24T23:49:58.027+0000] {dag.py:3033} INFO - Sync 1 DAGs
[2025-03-24T23:49:58.122+0000] {logging_mixin.py:188} INFO - [2025-03-24T23:49:58.122+0000] {dag.py:3820} INFO - Setting next_dagrun for example_branch_labels to 2025-03-23T00:00:00+00:00, run_after=2025-03-24T00:00:00+00:00
[2025-03-24T23:49:58.141+0000] {processor.py:183} INFO - Processing /home/airflow/.local/lib/python3.8/site-packages/airflow/example_dags/example_branch_labels.py took 0.134 seconds
[2025-03-24T23:50:29.051+0000] {processor.py:161} INFO - Started process (PID=2861) to work on /home/airflow/.local/lib/python3.8/site-packages/airflow/example_dags/example_branch_labels.py
[2025-03-24T23:50:29.052+0000] {processor.py:830} INFO - Processing file /home/airflow/.local/lib/python3.8/site-packages/airflow/example_dags/example_branch_labels.py for tasks to queue
[2025-03-24T23:50:29.053+0000] {logging_mixin.py:188} INFO - [2025-03-24T23:50:29.053+0000] {dagbag.py:538} INFO - Filling up the DagBag from /home/airflow/.local/lib/python3.8/site-packages/airflow/example_dags/example_branch_labels.py
[2025-03-24T23:50:29.059+0000] {processor.py:840} INFO - DAG(s) 'example_branch_labels' retrieved from /home/airflow/.local/lib/python3.8/site-packages/airflow/example_dags/example_branch_labels.py
[2025-03-24T23:50:29.077+0000] {logging_mixin.py:188} INFO - [2025-03-24T23:50:29.077+0000] {dag.py:3033} INFO - Sync 1 DAGs
[2025-03-24T23:50:29.089+0000] {logging_mixin.py:188} INFO - [2025-03-24T23:50:29.089+0000] {dag.py:3820} INFO - Setting next_dagrun for example_branch_labels to 2025-03-23T00:00:00+00:00, run_after=2025-03-24T00:00:00+00:00
[2025-03-24T23:50:29.102+0000] {processor.py:183} INFO - Processing /home/airflow/.local/lib/python3.8/site-packages/airflow/example_dags/example_branch_labels.py took 0.053 seconds
[2025-03-24T23:51:00.069+0000] {processor.py:161} INFO - Started process (PID=2916) to work on /home/airflow/.local/lib/python3.8/site-packages/airflow/example_dags/example_branch_labels.py
[2025-03-24T23:51:00.070+0000] {processor.py:830} INFO - Processing file /home/airflow/.local/lib/python3.8/site-packages/airflow/example_dags/example_branch_labels.py for tasks to queue
[2025-03-24T23:51:00.071+0000] {logging_mixin.py:188} INFO - [2025-03-24T23:51:00.071+0000] {dagbag.py:538} INFO - Filling up the DagBag from /home/airflow/.local/lib/python3.8/site-packages/airflow/example_dags/example_branch_labels.py
[2025-03-24T23:51:00.076+0000] {processor.py:840} INFO - DAG(s) 'example_branch_labels' retrieved from /home/airflow/.local/lib/python3.8/site-packages/airflow/example_dags/example_branch_labels.py
[2025-03-24T23:51:00.087+0000] {logging_mixin.py:188} INFO - [2025-03-24T23:51:00.087+0000] {dag.py:3033} INFO - Sync 1 DAGs
[2025-03-24T23:51:00.097+0000] {logging_mixin.py:188} INFO - [2025-03-24T23:51:00.097+0000] {dag.py:3820} INFO - Setting next_dagrun for example_branch_labels to 2025-03-23T00:00:00+00:00, run_after=2025-03-24T00:00:00+00:00
[2025-03-24T23:51:00.109+0000] {processor.py:183} INFO - Processing /home/airflow/.local/lib/python3.8/site-packages/airflow/example_dags/example_branch_labels.py took 0.042 seconds
[2025-03-24T23:51:30.777+0000] {processor.py:161} INFO - Started process (PID=2971) to work on /home/airflow/.local/lib/python3.8/site-packages/airflow/example_dags/example_branch_labels.py
[2025-03-24T23:51:30.778+0000] {processor.py:830} INFO - Processing file /home/airflow/.local/lib/python3.8/site-packages/airflow/example_dags/example_branch_labels.py for tasks to queue
[2025-03-24T23:51:30.779+0000] {logging_mixin.py:188} INFO - [2025-03-24T23:51:30.779+0000] {dagbag.py:538} INFO - Filling up the DagBag from /home/airflow/.local/lib/python3.8/site-packages/airflow/example_dags/example_branch_labels.py
[2025-03-24T23:51:30.785+0000] {processor.py:840} INFO - DAG(s) 'example_branch_labels' retrieved from /home/airflow/.local/lib/python3.8/site-packages/airflow/example_dags/example_branch_labels.py
[2025-03-24T23:51:30.802+0000] {logging_mixin.py:188} INFO - [2025-03-24T23:51:30.802+0000] {dag.py:3033} INFO - Sync 1 DAGs
[2025-03-24T23:51:30.813+0000] {logging_mixin.py:188} INFO - [2025-03-24T23:51:30.813+0000] {dag.py:3820} INFO - Setting next_dagrun for example_branch_labels to 2025-03-23T00:00:00+00:00, run_after=2025-03-24T00:00:00+00:00
[2025-03-24T23:51:30.824+0000] {processor.py:183} INFO - Processing /home/airflow/.local/lib/python3.8/site-packages/airflow/example_dags/example_branch_labels.py took 0.050 seconds
