[2025-03-24T23:24:26.166+0000] {processor.py:161} INFO - Started process (PID=59) to work on /home/airflow/.local/lib/python3.8/site-packages/airflow/example_dags/example_setup_teardown.py
[2025-03-24T23:24:26.167+0000] {processor.py:830} INFO - Processing file /home/airflow/.local/lib/python3.8/site-packages/airflow/example_dags/example_setup_teardown.py for tasks to queue
[2025-03-24T23:24:26.168+0000] {logging_mixin.py:188} INFO - [2025-03-24T23:24:26.168+0000] {dagbag.py:538} INFO - Filling up the DagBag from /home/airflow/.local/lib/python3.8/site-packages/airflow/example_dags/example_setup_teardown.py
[2025-03-24T23:24:26.174+0000] {processor.py:840} INFO - DAG(s) 'example_setup_teardown' retrieved from /home/airflow/.local/lib/python3.8/site-packages/airflow/example_dags/example_setup_teardown.py
[2025-03-24T23:24:26.186+0000] {logging_mixin.py:188} INFO - [2025-03-24T23:24:26.186+0000] {dag.py:3033} INFO - Sync 1 DAGs
[2025-03-24T23:24:26.209+0000] {logging_mixin.py:188} INFO - [2025-03-24T23:24:26.209+0000] {dag.py:3820} INFO - Setting next_dagrun for example_setup_teardown to 2025-03-23T00:00:00+00:00, run_after=2025-03-24T00:00:00+00:00
[2025-03-24T23:24:26.225+0000] {processor.py:183} INFO - Processing /home/airflow/.local/lib/python3.8/site-packages/airflow/example_dags/example_setup_teardown.py took 0.062 seconds
[2025-03-24T23:24:56.420+0000] {processor.py:161} INFO - Started process (PID=114) to work on /home/airflow/.local/lib/python3.8/site-packages/airflow/example_dags/example_setup_teardown.py
[2025-03-24T23:24:56.421+0000] {processor.py:830} INFO - Processing file /home/airflow/.local/lib/python3.8/site-packages/airflow/example_dags/example_setup_teardown.py for tasks to queue
[2025-03-24T23:24:56.422+0000] {logging_mixin.py:188} INFO - [2025-03-24T23:24:56.422+0000] {dagbag.py:538} INFO - Filling up the DagBag from /home/airflow/.local/lib/python3.8/site-packages/airflow/example_dags/example_setup_teardown.py
[2025-03-24T23:24:56.426+0000] {processor.py:840} INFO - DAG(s) 'example_setup_teardown' retrieved from /home/airflow/.local/lib/python3.8/site-packages/airflow/example_dags/example_setup_teardown.py
[2025-03-24T23:24:56.480+0000] {logging_mixin.py:188} INFO - [2025-03-24T23:24:56.480+0000] {dag.py:3033} INFO - Sync 1 DAGs
[2025-03-24T23:24:56.493+0000] {logging_mixin.py:188} INFO - [2025-03-24T23:24:56.493+0000] {dag.py:3820} INFO - Setting next_dagrun for example_setup_teardown to 2025-03-23T00:00:00+00:00, run_after=2025-03-24T00:00:00+00:00
[2025-03-24T23:24:56.504+0000] {processor.py:183} INFO - Processing /home/airflow/.local/lib/python3.8/site-packages/airflow/example_dags/example_setup_teardown.py took 0.086 seconds
[2025-03-24T23:25:27.455+0000] {processor.py:161} INFO - Started process (PID=169) to work on /home/airflow/.local/lib/python3.8/site-packages/airflow/example_dags/example_setup_teardown.py
[2025-03-24T23:25:27.456+0000] {processor.py:830} INFO - Processing file /home/airflow/.local/lib/python3.8/site-packages/airflow/example_dags/example_setup_teardown.py for tasks to queue
[2025-03-24T23:25:27.457+0000] {logging_mixin.py:188} INFO - [2025-03-24T23:25:27.457+0000] {dagbag.py:538} INFO - Filling up the DagBag from /home/airflow/.local/lib/python3.8/site-packages/airflow/example_dags/example_setup_teardown.py
[2025-03-24T23:25:27.462+0000] {processor.py:840} INFO - DAG(s) 'example_setup_teardown' retrieved from /home/airflow/.local/lib/python3.8/site-packages/airflow/example_dags/example_setup_teardown.py
[2025-03-24T23:25:27.475+0000] {logging_mixin.py:188} INFO - [2025-03-24T23:25:27.475+0000] {dag.py:3033} INFO - Sync 1 DAGs
[2025-03-24T23:25:27.486+0000] {logging_mixin.py:188} INFO - [2025-03-24T23:25:27.485+0000] {dag.py:3820} INFO - Setting next_dagrun for example_setup_teardown to 2025-03-23T00:00:00+00:00, run_after=2025-03-24T00:00:00+00:00
[2025-03-24T23:25:27.494+0000] {processor.py:183} INFO - Processing /home/airflow/.local/lib/python3.8/site-packages/airflow/example_dags/example_setup_teardown.py took 0.041 seconds
[2025-03-24T23:25:58.058+0000] {processor.py:161} INFO - Started process (PID=224) to work on /home/airflow/.local/lib/python3.8/site-packages/airflow/example_dags/example_setup_teardown.py
[2025-03-24T23:25:58.058+0000] {processor.py:830} INFO - Processing file /home/airflow/.local/lib/python3.8/site-packages/airflow/example_dags/example_setup_teardown.py for tasks to queue
[2025-03-24T23:25:58.060+0000] {logging_mixin.py:188} INFO - [2025-03-24T23:25:58.059+0000] {dagbag.py:538} INFO - Filling up the DagBag from /home/airflow/.local/lib/python3.8/site-packages/airflow/example_dags/example_setup_teardown.py
[2025-03-24T23:25:58.063+0000] {processor.py:840} INFO - DAG(s) 'example_setup_teardown' retrieved from /home/airflow/.local/lib/python3.8/site-packages/airflow/example_dags/example_setup_teardown.py
[2025-03-24T23:25:58.072+0000] {logging_mixin.py:188} INFO - [2025-03-24T23:25:58.072+0000] {dag.py:3033} INFO - Sync 1 DAGs
[2025-03-24T23:25:58.080+0000] {logging_mixin.py:188} INFO - [2025-03-24T23:25:58.080+0000] {dag.py:3820} INFO - Setting next_dagrun for example_setup_teardown to 2025-03-23T00:00:00+00:00, run_after=2025-03-24T00:00:00+00:00
[2025-03-24T23:25:58.087+0000] {processor.py:183} INFO - Processing /home/airflow/.local/lib/python3.8/site-packages/airflow/example_dags/example_setup_teardown.py took 0.031 seconds
[2025-03-24T23:26:28.769+0000] {processor.py:161} INFO - Started process (PID=285) to work on /home/airflow/.local/lib/python3.8/site-packages/airflow/example_dags/example_setup_teardown.py
[2025-03-24T23:26:28.769+0000] {processor.py:830} INFO - Processing file /home/airflow/.local/lib/python3.8/site-packages/airflow/example_dags/example_setup_teardown.py for tasks to queue
[2025-03-24T23:26:28.770+0000] {logging_mixin.py:188} INFO - [2025-03-24T23:26:28.770+0000] {dagbag.py:538} INFO - Filling up the DagBag from /home/airflow/.local/lib/python3.8/site-packages/airflow/example_dags/example_setup_teardown.py
[2025-03-24T23:26:28.773+0000] {processor.py:840} INFO - DAG(s) 'example_setup_teardown' retrieved from /home/airflow/.local/lib/python3.8/site-packages/airflow/example_dags/example_setup_teardown.py
[2025-03-24T23:26:28.781+0000] {logging_mixin.py:188} INFO - [2025-03-24T23:26:28.781+0000] {dag.py:3033} INFO - Sync 1 DAGs
[2025-03-24T23:26:28.790+0000] {logging_mixin.py:188} INFO - [2025-03-24T23:26:28.790+0000] {dag.py:3820} INFO - Setting next_dagrun for example_setup_teardown to 2025-03-23T00:00:00+00:00, run_after=2025-03-24T00:00:00+00:00
[2025-03-24T23:26:28.797+0000] {processor.py:183} INFO - Processing /home/airflow/.local/lib/python3.8/site-packages/airflow/example_dags/example_setup_teardown.py took 0.029 seconds
[2025-03-24T23:26:59.312+0000] {processor.py:161} INFO - Started process (PID=340) to work on /home/airflow/.local/lib/python3.8/site-packages/airflow/example_dags/example_setup_teardown.py
[2025-03-24T23:26:59.313+0000] {processor.py:830} INFO - Processing file /home/airflow/.local/lib/python3.8/site-packages/airflow/example_dags/example_setup_teardown.py for tasks to queue
[2025-03-24T23:26:59.314+0000] {logging_mixin.py:188} INFO - [2025-03-24T23:26:59.314+0000] {dagbag.py:538} INFO - Filling up the DagBag from /home/airflow/.local/lib/python3.8/site-packages/airflow/example_dags/example_setup_teardown.py
[2025-03-24T23:26:59.317+0000] {processor.py:840} INFO - DAG(s) 'example_setup_teardown' retrieved from /home/airflow/.local/lib/python3.8/site-packages/airflow/example_dags/example_setup_teardown.py
[2025-03-24T23:26:59.328+0000] {logging_mixin.py:188} INFO - [2025-03-24T23:26:59.328+0000] {dag.py:3033} INFO - Sync 1 DAGs
[2025-03-24T23:26:59.338+0000] {logging_mixin.py:188} INFO - [2025-03-24T23:26:59.338+0000] {dag.py:3820} INFO - Setting next_dagrun for example_setup_teardown to 2025-03-23T00:00:00+00:00, run_after=2025-03-24T00:00:00+00:00
[2025-03-24T23:26:59.348+0000] {processor.py:183} INFO - Processing /home/airflow/.local/lib/python3.8/site-packages/airflow/example_dags/example_setup_teardown.py took 0.037 seconds
[2025-03-24T23:27:30.011+0000] {processor.py:161} INFO - Started process (PID=395) to work on /home/airflow/.local/lib/python3.8/site-packages/airflow/example_dags/example_setup_teardown.py
[2025-03-24T23:27:30.011+0000] {processor.py:830} INFO - Processing file /home/airflow/.local/lib/python3.8/site-packages/airflow/example_dags/example_setup_teardown.py for tasks to queue
[2025-03-24T23:27:30.012+0000] {logging_mixin.py:188} INFO - [2025-03-24T23:27:30.012+0000] {dagbag.py:538} INFO - Filling up the DagBag from /home/airflow/.local/lib/python3.8/site-packages/airflow/example_dags/example_setup_teardown.py
[2025-03-24T23:27:30.015+0000] {processor.py:840} INFO - DAG(s) 'example_setup_teardown' retrieved from /home/airflow/.local/lib/python3.8/site-packages/airflow/example_dags/example_setup_teardown.py
[2025-03-24T23:27:30.031+0000] {logging_mixin.py:188} INFO - [2025-03-24T23:27:30.030+0000] {dag.py:3033} INFO - Sync 1 DAGs
[2025-03-24T23:27:30.040+0000] {logging_mixin.py:188} INFO - [2025-03-24T23:27:30.039+0000] {dag.py:3820} INFO - Setting next_dagrun for example_setup_teardown to 2025-03-23T00:00:00+00:00, run_after=2025-03-24T00:00:00+00:00
[2025-03-24T23:27:30.047+0000] {processor.py:183} INFO - Processing /home/airflow/.local/lib/python3.8/site-packages/airflow/example_dags/example_setup_teardown.py took 0.038 seconds
[2025-03-24T23:28:00.700+0000] {processor.py:161} INFO - Started process (PID=450) to work on /home/airflow/.local/lib/python3.8/site-packages/airflow/example_dags/example_setup_teardown.py
[2025-03-24T23:28:00.701+0000] {processor.py:830} INFO - Processing file /home/airflow/.local/lib/python3.8/site-packages/airflow/example_dags/example_setup_teardown.py for tasks to queue
[2025-03-24T23:28:00.702+0000] {logging_mixin.py:188} INFO - [2025-03-24T23:28:00.702+0000] {dagbag.py:538} INFO - Filling up the DagBag from /home/airflow/.local/lib/python3.8/site-packages/airflow/example_dags/example_setup_teardown.py
[2025-03-24T23:28:00.706+0000] {processor.py:840} INFO - DAG(s) 'example_setup_teardown' retrieved from /home/airflow/.local/lib/python3.8/site-packages/airflow/example_dags/example_setup_teardown.py
[2025-03-24T23:28:00.717+0000] {logging_mixin.py:188} INFO - [2025-03-24T23:28:00.717+0000] {dag.py:3033} INFO - Sync 1 DAGs
[2025-03-24T23:28:00.727+0000] {logging_mixin.py:188} INFO - [2025-03-24T23:28:00.726+0000] {dag.py:3820} INFO - Setting next_dagrun for example_setup_teardown to 2025-03-23T00:00:00+00:00, run_after=2025-03-24T00:00:00+00:00
[2025-03-24T23:28:00.734+0000] {processor.py:183} INFO - Processing /home/airflow/.local/lib/python3.8/site-packages/airflow/example_dags/example_setup_teardown.py took 0.036 seconds
[2025-03-24T23:28:31.460+0000] {processor.py:161} INFO - Started process (PID=505) to work on /home/airflow/.local/lib/python3.8/site-packages/airflow/example_dags/example_setup_teardown.py
[2025-03-24T23:28:31.461+0000] {processor.py:830} INFO - Processing file /home/airflow/.local/lib/python3.8/site-packages/airflow/example_dags/example_setup_teardown.py for tasks to queue
[2025-03-24T23:28:31.462+0000] {logging_mixin.py:188} INFO - [2025-03-24T23:28:31.462+0000] {dagbag.py:538} INFO - Filling up the DagBag from /home/airflow/.local/lib/python3.8/site-packages/airflow/example_dags/example_setup_teardown.py
[2025-03-24T23:28:31.467+0000] {processor.py:840} INFO - DAG(s) 'example_setup_teardown' retrieved from /home/airflow/.local/lib/python3.8/site-packages/airflow/example_dags/example_setup_teardown.py
[2025-03-24T23:28:31.481+0000] {logging_mixin.py:188} INFO - [2025-03-24T23:28:31.480+0000] {dag.py:3033} INFO - Sync 1 DAGs
[2025-03-24T23:28:31.493+0000] {logging_mixin.py:188} INFO - [2025-03-24T23:28:31.492+0000] {dag.py:3820} INFO - Setting next_dagrun for example_setup_teardown to 2025-03-23T00:00:00+00:00, run_after=2025-03-24T00:00:00+00:00
[2025-03-24T23:28:31.501+0000] {processor.py:183} INFO - Processing /home/airflow/.local/lib/python3.8/site-packages/airflow/example_dags/example_setup_teardown.py took 0.043 seconds
[2025-03-24T23:29:02.199+0000] {processor.py:161} INFO - Started process (PID=560) to work on /home/airflow/.local/lib/python3.8/site-packages/airflow/example_dags/example_setup_teardown.py
[2025-03-24T23:29:02.200+0000] {processor.py:830} INFO - Processing file /home/airflow/.local/lib/python3.8/site-packages/airflow/example_dags/example_setup_teardown.py for tasks to queue
[2025-03-24T23:29:02.201+0000] {logging_mixin.py:188} INFO - [2025-03-24T23:29:02.201+0000] {dagbag.py:538} INFO - Filling up the DagBag from /home/airflow/.local/lib/python3.8/site-packages/airflow/example_dags/example_setup_teardown.py
[2025-03-24T23:29:02.206+0000] {processor.py:840} INFO - DAG(s) 'example_setup_teardown' retrieved from /home/airflow/.local/lib/python3.8/site-packages/airflow/example_dags/example_setup_teardown.py
[2025-03-24T23:29:02.221+0000] {logging_mixin.py:188} INFO - [2025-03-24T23:29:02.221+0000] {dag.py:3033} INFO - Sync 1 DAGs
[2025-03-24T23:29:02.233+0000] {logging_mixin.py:188} INFO - [2025-03-24T23:29:02.233+0000] {dag.py:3820} INFO - Setting next_dagrun for example_setup_teardown to 2025-03-23T00:00:00+00:00, run_after=2025-03-24T00:00:00+00:00
[2025-03-24T23:29:02.243+0000] {processor.py:183} INFO - Processing /home/airflow/.local/lib/python3.8/site-packages/airflow/example_dags/example_setup_teardown.py took 0.047 seconds
[2025-03-24T23:29:32.900+0000] {processor.py:161} INFO - Started process (PID=615) to work on /home/airflow/.local/lib/python3.8/site-packages/airflow/example_dags/example_setup_teardown.py
[2025-03-24T23:29:32.901+0000] {processor.py:830} INFO - Processing file /home/airflow/.local/lib/python3.8/site-packages/airflow/example_dags/example_setup_teardown.py for tasks to queue
[2025-03-24T23:29:32.902+0000] {logging_mixin.py:188} INFO - [2025-03-24T23:29:32.902+0000] {dagbag.py:538} INFO - Filling up the DagBag from /home/airflow/.local/lib/python3.8/site-packages/airflow/example_dags/example_setup_teardown.py
[2025-03-24T23:29:32.906+0000] {processor.py:840} INFO - DAG(s) 'example_setup_teardown' retrieved from /home/airflow/.local/lib/python3.8/site-packages/airflow/example_dags/example_setup_teardown.py
[2025-03-24T23:29:32.919+0000] {logging_mixin.py:188} INFO - [2025-03-24T23:29:32.919+0000] {dag.py:3033} INFO - Sync 1 DAGs
[2025-03-24T23:29:32.931+0000] {logging_mixin.py:188} INFO - [2025-03-24T23:29:32.931+0000] {dag.py:3820} INFO - Setting next_dagrun for example_setup_teardown to 2025-03-23T00:00:00+00:00, run_after=2025-03-24T00:00:00+00:00
[2025-03-24T23:29:32.940+0000] {processor.py:183} INFO - Processing /home/airflow/.local/lib/python3.8/site-packages/airflow/example_dags/example_setup_teardown.py took 0.043 seconds
[2025-03-24T23:30:03.628+0000] {processor.py:161} INFO - Started process (PID=670) to work on /home/airflow/.local/lib/python3.8/site-packages/airflow/example_dags/example_setup_teardown.py
[2025-03-24T23:30:03.629+0000] {processor.py:830} INFO - Processing file /home/airflow/.local/lib/python3.8/site-packages/airflow/example_dags/example_setup_teardown.py for tasks to queue
[2025-03-24T23:30:03.631+0000] {logging_mixin.py:188} INFO - [2025-03-24T23:30:03.630+0000] {dagbag.py:538} INFO - Filling up the DagBag from /home/airflow/.local/lib/python3.8/site-packages/airflow/example_dags/example_setup_teardown.py
[2025-03-24T23:30:03.636+0000] {processor.py:840} INFO - DAG(s) 'example_setup_teardown' retrieved from /home/airflow/.local/lib/python3.8/site-packages/airflow/example_dags/example_setup_teardown.py
[2025-03-24T23:30:03.651+0000] {logging_mixin.py:188} INFO - [2025-03-24T23:30:03.650+0000] {dag.py:3033} INFO - Sync 1 DAGs
[2025-03-24T23:30:03.664+0000] {logging_mixin.py:188} INFO - [2025-03-24T23:30:03.663+0000] {dag.py:3820} INFO - Setting next_dagrun for example_setup_teardown to 2025-03-23T00:00:00+00:00, run_after=2025-03-24T00:00:00+00:00
[2025-03-24T23:30:03.674+0000] {processor.py:183} INFO - Processing /home/airflow/.local/lib/python3.8/site-packages/airflow/example_dags/example_setup_teardown.py took 0.048 seconds
[2025-03-24T23:30:34.158+0000] {processor.py:161} INFO - Started process (PID=725) to work on /home/airflow/.local/lib/python3.8/site-packages/airflow/example_dags/example_setup_teardown.py
[2025-03-24T23:30:34.159+0000] {processor.py:830} INFO - Processing file /home/airflow/.local/lib/python3.8/site-packages/airflow/example_dags/example_setup_teardown.py for tasks to queue
[2025-03-24T23:30:34.161+0000] {logging_mixin.py:188} INFO - [2025-03-24T23:30:34.161+0000] {dagbag.py:538} INFO - Filling up the DagBag from /home/airflow/.local/lib/python3.8/site-packages/airflow/example_dags/example_setup_teardown.py
[2025-03-24T23:30:34.165+0000] {processor.py:840} INFO - DAG(s) 'example_setup_teardown' retrieved from /home/airflow/.local/lib/python3.8/site-packages/airflow/example_dags/example_setup_teardown.py
[2025-03-24T23:30:34.180+0000] {logging_mixin.py:188} INFO - [2025-03-24T23:30:34.180+0000] {dag.py:3033} INFO - Sync 1 DAGs
[2025-03-24T23:30:34.192+0000] {logging_mixin.py:188} INFO - [2025-03-24T23:30:34.192+0000] {dag.py:3820} INFO - Setting next_dagrun for example_setup_teardown to 2025-03-23T00:00:00+00:00, run_after=2025-03-24T00:00:00+00:00
[2025-03-24T23:30:34.201+0000] {processor.py:183} INFO - Processing /home/airflow/.local/lib/python3.8/site-packages/airflow/example_dags/example_setup_teardown.py took 0.045 seconds
[2025-03-24T23:31:05.067+0000] {processor.py:161} INFO - Started process (PID=780) to work on /home/airflow/.local/lib/python3.8/site-packages/airflow/example_dags/example_setup_teardown.py
[2025-03-24T23:31:05.068+0000] {processor.py:830} INFO - Processing file /home/airflow/.local/lib/python3.8/site-packages/airflow/example_dags/example_setup_teardown.py for tasks to queue
[2025-03-24T23:31:05.069+0000] {logging_mixin.py:188} INFO - [2025-03-24T23:31:05.069+0000] {dagbag.py:538} INFO - Filling up the DagBag from /home/airflow/.local/lib/python3.8/site-packages/airflow/example_dags/example_setup_teardown.py
[2025-03-24T23:31:05.073+0000] {processor.py:840} INFO - DAG(s) 'example_setup_teardown' retrieved from /home/airflow/.local/lib/python3.8/site-packages/airflow/example_dags/example_setup_teardown.py
[2025-03-24T23:31:05.084+0000] {logging_mixin.py:188} INFO - [2025-03-24T23:31:05.084+0000] {dag.py:3033} INFO - Sync 1 DAGs
[2025-03-24T23:31:05.093+0000] {logging_mixin.py:188} INFO - [2025-03-24T23:31:05.093+0000] {dag.py:3820} INFO - Setting next_dagrun for example_setup_teardown to 2025-03-23T00:00:00+00:00, run_after=2025-03-24T00:00:00+00:00
[2025-03-24T23:31:05.101+0000] {processor.py:183} INFO - Processing /home/airflow/.local/lib/python3.8/site-packages/airflow/example_dags/example_setup_teardown.py took 0.036 seconds
[2025-03-24T23:31:35.855+0000] {processor.py:161} INFO - Started process (PID=835) to work on /home/airflow/.local/lib/python3.8/site-packages/airflow/example_dags/example_setup_teardown.py
[2025-03-24T23:31:35.855+0000] {processor.py:830} INFO - Processing file /home/airflow/.local/lib/python3.8/site-packages/airflow/example_dags/example_setup_teardown.py for tasks to queue
[2025-03-24T23:31:35.856+0000] {logging_mixin.py:188} INFO - [2025-03-24T23:31:35.856+0000] {dagbag.py:538} INFO - Filling up the DagBag from /home/airflow/.local/lib/python3.8/site-packages/airflow/example_dags/example_setup_teardown.py
[2025-03-24T23:31:35.861+0000] {processor.py:840} INFO - DAG(s) 'example_setup_teardown' retrieved from /home/airflow/.local/lib/python3.8/site-packages/airflow/example_dags/example_setup_teardown.py
[2025-03-24T23:31:35.873+0000] {logging_mixin.py:188} INFO - [2025-03-24T23:31:35.873+0000] {dag.py:3033} INFO - Sync 1 DAGs
[2025-03-24T23:31:35.884+0000] {logging_mixin.py:188} INFO - [2025-03-24T23:31:35.884+0000] {dag.py:3820} INFO - Setting next_dagrun for example_setup_teardown to 2025-03-23T00:00:00+00:00, run_after=2025-03-24T00:00:00+00:00
[2025-03-24T23:31:35.894+0000] {processor.py:183} INFO - Processing /home/airflow/.local/lib/python3.8/site-packages/airflow/example_dags/example_setup_teardown.py took 0.042 seconds
[2025-03-24T23:32:06.550+0000] {processor.py:161} INFO - Started process (PID=890) to work on /home/airflow/.local/lib/python3.8/site-packages/airflow/example_dags/example_setup_teardown.py
[2025-03-24T23:32:06.554+0000] {processor.py:830} INFO - Processing file /home/airflow/.local/lib/python3.8/site-packages/airflow/example_dags/example_setup_teardown.py for tasks to queue
[2025-03-24T23:32:06.562+0000] {logging_mixin.py:188} INFO - [2025-03-24T23:32:06.561+0000] {dagbag.py:538} INFO - Filling up the DagBag from /home/airflow/.local/lib/python3.8/site-packages/airflow/example_dags/example_setup_teardown.py
[2025-03-24T23:32:06.568+0000] {processor.py:840} INFO - DAG(s) 'example_setup_teardown' retrieved from /home/airflow/.local/lib/python3.8/site-packages/airflow/example_dags/example_setup_teardown.py
[2025-03-24T23:32:06.582+0000] {logging_mixin.py:188} INFO - [2025-03-24T23:32:06.582+0000] {dag.py:3033} INFO - Sync 1 DAGs
[2025-03-24T23:32:06.595+0000] {logging_mixin.py:188} INFO - [2025-03-24T23:32:06.595+0000] {dag.py:3820} INFO - Setting next_dagrun for example_setup_teardown to 2025-03-23T00:00:00+00:00, run_after=2025-03-24T00:00:00+00:00
[2025-03-24T23:32:06.610+0000] {processor.py:183} INFO - Processing /home/airflow/.local/lib/python3.8/site-packages/airflow/example_dags/example_setup_teardown.py took 0.065 seconds
[2025-03-24T23:32:37.575+0000] {processor.py:161} INFO - Started process (PID=945) to work on /home/airflow/.local/lib/python3.8/site-packages/airflow/example_dags/example_setup_teardown.py
[2025-03-24T23:32:37.576+0000] {processor.py:830} INFO - Processing file /home/airflow/.local/lib/python3.8/site-packages/airflow/example_dags/example_setup_teardown.py for tasks to queue
[2025-03-24T23:32:37.578+0000] {logging_mixin.py:188} INFO - [2025-03-24T23:32:37.578+0000] {dagbag.py:538} INFO - Filling up the DagBag from /home/airflow/.local/lib/python3.8/site-packages/airflow/example_dags/example_setup_teardown.py
[2025-03-24T23:32:37.584+0000] {processor.py:840} INFO - DAG(s) 'example_setup_teardown' retrieved from /home/airflow/.local/lib/python3.8/site-packages/airflow/example_dags/example_setup_teardown.py
[2025-03-24T23:32:37.598+0000] {logging_mixin.py:188} INFO - [2025-03-24T23:32:37.598+0000] {dag.py:3033} INFO - Sync 1 DAGs
[2025-03-24T23:32:37.611+0000] {logging_mixin.py:188} INFO - [2025-03-24T23:32:37.611+0000] {dag.py:3820} INFO - Setting next_dagrun for example_setup_teardown to 2025-03-23T00:00:00+00:00, run_after=2025-03-24T00:00:00+00:00
[2025-03-24T23:32:37.619+0000] {processor.py:183} INFO - Processing /home/airflow/.local/lib/python3.8/site-packages/airflow/example_dags/example_setup_teardown.py took 0.048 seconds
[2025-03-24T23:33:08.085+0000] {processor.py:161} INFO - Started process (PID=1000) to work on /home/airflow/.local/lib/python3.8/site-packages/airflow/example_dags/example_setup_teardown.py
[2025-03-24T23:33:08.086+0000] {processor.py:830} INFO - Processing file /home/airflow/.local/lib/python3.8/site-packages/airflow/example_dags/example_setup_teardown.py for tasks to queue
[2025-03-24T23:33:08.087+0000] {logging_mixin.py:188} INFO - [2025-03-24T23:33:08.087+0000] {dagbag.py:538} INFO - Filling up the DagBag from /home/airflow/.local/lib/python3.8/site-packages/airflow/example_dags/example_setup_teardown.py
[2025-03-24T23:33:08.092+0000] {processor.py:840} INFO - DAG(s) 'example_setup_teardown' retrieved from /home/airflow/.local/lib/python3.8/site-packages/airflow/example_dags/example_setup_teardown.py
[2025-03-24T23:33:08.104+0000] {logging_mixin.py:188} INFO - [2025-03-24T23:33:08.104+0000] {dag.py:3033} INFO - Sync 1 DAGs
[2025-03-24T23:33:08.119+0000] {logging_mixin.py:188} INFO - [2025-03-24T23:33:08.119+0000] {dag.py:3820} INFO - Setting next_dagrun for example_setup_teardown to 2025-03-23T00:00:00+00:00, run_after=2025-03-24T00:00:00+00:00
[2025-03-24T23:33:08.134+0000] {processor.py:183} INFO - Processing /home/airflow/.local/lib/python3.8/site-packages/airflow/example_dags/example_setup_teardown.py took 0.051 seconds
[2025-03-24T23:33:38.706+0000] {processor.py:161} INFO - Started process (PID=1055) to work on /home/airflow/.local/lib/python3.8/site-packages/airflow/example_dags/example_setup_teardown.py
[2025-03-24T23:33:38.707+0000] {processor.py:830} INFO - Processing file /home/airflow/.local/lib/python3.8/site-packages/airflow/example_dags/example_setup_teardown.py for tasks to queue
[2025-03-24T23:33:38.708+0000] {logging_mixin.py:188} INFO - [2025-03-24T23:33:38.708+0000] {dagbag.py:538} INFO - Filling up the DagBag from /home/airflow/.local/lib/python3.8/site-packages/airflow/example_dags/example_setup_teardown.py
[2025-03-24T23:33:38.713+0000] {processor.py:840} INFO - DAG(s) 'example_setup_teardown' retrieved from /home/airflow/.local/lib/python3.8/site-packages/airflow/example_dags/example_setup_teardown.py
[2025-03-24T23:33:38.725+0000] {logging_mixin.py:188} INFO - [2025-03-24T23:33:38.724+0000] {dag.py:3033} INFO - Sync 1 DAGs
[2025-03-24T23:33:38.736+0000] {logging_mixin.py:188} INFO - [2025-03-24T23:33:38.736+0000] {dag.py:3820} INFO - Setting next_dagrun for example_setup_teardown to 2025-03-23T00:00:00+00:00, run_after=2025-03-24T00:00:00+00:00
[2025-03-24T23:33:38.745+0000] {processor.py:183} INFO - Processing /home/airflow/.local/lib/python3.8/site-packages/airflow/example_dags/example_setup_teardown.py took 0.041 seconds
[2025-03-24T23:34:09.274+0000] {processor.py:161} INFO - Started process (PID=1110) to work on /home/airflow/.local/lib/python3.8/site-packages/airflow/example_dags/example_setup_teardown.py
[2025-03-24T23:34:09.275+0000] {processor.py:830} INFO - Processing file /home/airflow/.local/lib/python3.8/site-packages/airflow/example_dags/example_setup_teardown.py for tasks to queue
[2025-03-24T23:34:09.276+0000] {logging_mixin.py:188} INFO - [2025-03-24T23:34:09.276+0000] {dagbag.py:538} INFO - Filling up the DagBag from /home/airflow/.local/lib/python3.8/site-packages/airflow/example_dags/example_setup_teardown.py
[2025-03-24T23:34:09.280+0000] {processor.py:840} INFO - DAG(s) 'example_setup_teardown' retrieved from /home/airflow/.local/lib/python3.8/site-packages/airflow/example_dags/example_setup_teardown.py
[2025-03-24T23:34:09.290+0000] {logging_mixin.py:188} INFO - [2025-03-24T23:34:09.290+0000] {dag.py:3033} INFO - Sync 1 DAGs
[2025-03-24T23:34:09.299+0000] {logging_mixin.py:188} INFO - [2025-03-24T23:34:09.299+0000] {dag.py:3820} INFO - Setting next_dagrun for example_setup_teardown to 2025-03-23T00:00:00+00:00, run_after=2025-03-24T00:00:00+00:00
[2025-03-24T23:34:09.307+0000] {processor.py:183} INFO - Processing /home/airflow/.local/lib/python3.8/site-packages/airflow/example_dags/example_setup_teardown.py took 0.034 seconds
[2025-03-24T23:34:39.959+0000] {processor.py:161} INFO - Started process (PID=1165) to work on /home/airflow/.local/lib/python3.8/site-packages/airflow/example_dags/example_setup_teardown.py
[2025-03-24T23:34:39.960+0000] {processor.py:830} INFO - Processing file /home/airflow/.local/lib/python3.8/site-packages/airflow/example_dags/example_setup_teardown.py for tasks to queue
[2025-03-24T23:34:39.962+0000] {logging_mixin.py:188} INFO - [2025-03-24T23:34:39.962+0000] {dagbag.py:538} INFO - Filling up the DagBag from /home/airflow/.local/lib/python3.8/site-packages/airflow/example_dags/example_setup_teardown.py
[2025-03-24T23:34:39.969+0000] {processor.py:840} INFO - DAG(s) 'example_setup_teardown' retrieved from /home/airflow/.local/lib/python3.8/site-packages/airflow/example_dags/example_setup_teardown.py
[2025-03-24T23:34:39.986+0000] {logging_mixin.py:188} INFO - [2025-03-24T23:34:39.986+0000] {dag.py:3033} INFO - Sync 1 DAGs
[2025-03-24T23:34:39.999+0000] {logging_mixin.py:188} INFO - [2025-03-24T23:34:39.999+0000] {dag.py:3820} INFO - Setting next_dagrun for example_setup_teardown to 2025-03-23T00:00:00+00:00, run_after=2025-03-24T00:00:00+00:00
[2025-03-24T23:34:40.008+0000] {processor.py:183} INFO - Processing /home/airflow/.local/lib/python3.8/site-packages/airflow/example_dags/example_setup_teardown.py took 0.052 seconds
[2025-03-24T23:35:10.100+0000] {processor.py:161} INFO - Started process (PID=1220) to work on /home/airflow/.local/lib/python3.8/site-packages/airflow/example_dags/example_setup_teardown.py
[2025-03-24T23:35:10.101+0000] {processor.py:830} INFO - Processing file /home/airflow/.local/lib/python3.8/site-packages/airflow/example_dags/example_setup_teardown.py for tasks to queue
[2025-03-24T23:35:10.103+0000] {logging_mixin.py:188} INFO - [2025-03-24T23:35:10.103+0000] {dagbag.py:538} INFO - Filling up the DagBag from /home/airflow/.local/lib/python3.8/site-packages/airflow/example_dags/example_setup_teardown.py
[2025-03-24T23:35:10.107+0000] {processor.py:840} INFO - DAG(s) 'example_setup_teardown' retrieved from /home/airflow/.local/lib/python3.8/site-packages/airflow/example_dags/example_setup_teardown.py
[2025-03-24T23:35:10.120+0000] {logging_mixin.py:188} INFO - [2025-03-24T23:35:10.119+0000] {dag.py:3033} INFO - Sync 1 DAGs
[2025-03-24T23:35:10.130+0000] {logging_mixin.py:188} INFO - [2025-03-24T23:35:10.130+0000] {dag.py:3820} INFO - Setting next_dagrun for example_setup_teardown to 2025-03-23T00:00:00+00:00, run_after=2025-03-24T00:00:00+00:00
[2025-03-24T23:35:10.140+0000] {processor.py:183} INFO - Processing /home/airflow/.local/lib/python3.8/site-packages/airflow/example_dags/example_setup_teardown.py took 0.042 seconds
[2025-03-24T23:35:40.944+0000] {processor.py:161} INFO - Started process (PID=1275) to work on /home/airflow/.local/lib/python3.8/site-packages/airflow/example_dags/example_setup_teardown.py
[2025-03-24T23:35:40.945+0000] {processor.py:830} INFO - Processing file /home/airflow/.local/lib/python3.8/site-packages/airflow/example_dags/example_setup_teardown.py for tasks to queue
[2025-03-24T23:35:40.946+0000] {logging_mixin.py:188} INFO - [2025-03-24T23:35:40.946+0000] {dagbag.py:538} INFO - Filling up the DagBag from /home/airflow/.local/lib/python3.8/site-packages/airflow/example_dags/example_setup_teardown.py
[2025-03-24T23:35:40.950+0000] {processor.py:840} INFO - DAG(s) 'example_setup_teardown' retrieved from /home/airflow/.local/lib/python3.8/site-packages/airflow/example_dags/example_setup_teardown.py
[2025-03-24T23:35:40.963+0000] {logging_mixin.py:188} INFO - [2025-03-24T23:35:40.963+0000] {dag.py:3033} INFO - Sync 1 DAGs
[2025-03-24T23:35:40.975+0000] {logging_mixin.py:188} INFO - [2025-03-24T23:35:40.975+0000] {dag.py:3820} INFO - Setting next_dagrun for example_setup_teardown to 2025-03-23T00:00:00+00:00, run_after=2025-03-24T00:00:00+00:00
[2025-03-24T23:35:40.984+0000] {processor.py:183} INFO - Processing /home/airflow/.local/lib/python3.8/site-packages/airflow/example_dags/example_setup_teardown.py took 0.043 seconds
[2025-03-24T23:36:11.654+0000] {processor.py:161} INFO - Started process (PID=1330) to work on /home/airflow/.local/lib/python3.8/site-packages/airflow/example_dags/example_setup_teardown.py
[2025-03-24T23:36:11.655+0000] {processor.py:830} INFO - Processing file /home/airflow/.local/lib/python3.8/site-packages/airflow/example_dags/example_setup_teardown.py for tasks to queue
[2025-03-24T23:36:11.656+0000] {logging_mixin.py:188} INFO - [2025-03-24T23:36:11.656+0000] {dagbag.py:538} INFO - Filling up the DagBag from /home/airflow/.local/lib/python3.8/site-packages/airflow/example_dags/example_setup_teardown.py
[2025-03-24T23:36:11.659+0000] {processor.py:840} INFO - DAG(s) 'example_setup_teardown' retrieved from /home/airflow/.local/lib/python3.8/site-packages/airflow/example_dags/example_setup_teardown.py
[2025-03-24T23:36:11.668+0000] {logging_mixin.py:188} INFO - [2025-03-24T23:36:11.668+0000] {dag.py:3033} INFO - Sync 1 DAGs
[2025-03-24T23:36:11.677+0000] {logging_mixin.py:188} INFO - [2025-03-24T23:36:11.676+0000] {dag.py:3820} INFO - Setting next_dagrun for example_setup_teardown to 2025-03-23T00:00:00+00:00, run_after=2025-03-24T00:00:00+00:00
[2025-03-24T23:36:11.683+0000] {processor.py:183} INFO - Processing /home/airflow/.local/lib/python3.8/site-packages/airflow/example_dags/example_setup_teardown.py took 0.030 seconds
[2025-03-24T23:36:42.404+0000] {processor.py:161} INFO - Started process (PID=1385) to work on /home/airflow/.local/lib/python3.8/site-packages/airflow/example_dags/example_setup_teardown.py
[2025-03-24T23:36:42.405+0000] {processor.py:830} INFO - Processing file /home/airflow/.local/lib/python3.8/site-packages/airflow/example_dags/example_setup_teardown.py for tasks to queue
[2025-03-24T23:36:42.407+0000] {logging_mixin.py:188} INFO - [2025-03-24T23:36:42.407+0000] {dagbag.py:538} INFO - Filling up the DagBag from /home/airflow/.local/lib/python3.8/site-packages/airflow/example_dags/example_setup_teardown.py
[2025-03-24T23:36:42.415+0000] {processor.py:840} INFO - DAG(s) 'example_setup_teardown' retrieved from /home/airflow/.local/lib/python3.8/site-packages/airflow/example_dags/example_setup_teardown.py
[2025-03-24T23:36:42.435+0000] {logging_mixin.py:188} INFO - [2025-03-24T23:36:42.435+0000] {dag.py:3033} INFO - Sync 1 DAGs
[2025-03-24T23:36:42.446+0000] {logging_mixin.py:188} INFO - [2025-03-24T23:36:42.446+0000] {dag.py:3820} INFO - Setting next_dagrun for example_setup_teardown to 2025-03-23T00:00:00+00:00, run_after=2025-03-24T00:00:00+00:00
[2025-03-24T23:36:42.455+0000] {processor.py:183} INFO - Processing /home/airflow/.local/lib/python3.8/site-packages/airflow/example_dags/example_setup_teardown.py took 0.054 seconds
[2025-03-24T23:37:13.265+0000] {processor.py:161} INFO - Started process (PID=1440) to work on /home/airflow/.local/lib/python3.8/site-packages/airflow/example_dags/example_setup_teardown.py
[2025-03-24T23:37:13.266+0000] {processor.py:830} INFO - Processing file /home/airflow/.local/lib/python3.8/site-packages/airflow/example_dags/example_setup_teardown.py for tasks to queue
[2025-03-24T23:37:13.267+0000] {logging_mixin.py:188} INFO - [2025-03-24T23:37:13.267+0000] {dagbag.py:538} INFO - Filling up the DagBag from /home/airflow/.local/lib/python3.8/site-packages/airflow/example_dags/example_setup_teardown.py
[2025-03-24T23:37:13.272+0000] {processor.py:840} INFO - DAG(s) 'example_setup_teardown' retrieved from /home/airflow/.local/lib/python3.8/site-packages/airflow/example_dags/example_setup_teardown.py
[2025-03-24T23:37:13.287+0000] {logging_mixin.py:188} INFO - [2025-03-24T23:37:13.287+0000] {dag.py:3033} INFO - Sync 1 DAGs
[2025-03-24T23:37:13.299+0000] {logging_mixin.py:188} INFO - [2025-03-24T23:37:13.299+0000] {dag.py:3820} INFO - Setting next_dagrun for example_setup_teardown to 2025-03-23T00:00:00+00:00, run_after=2025-03-24T00:00:00+00:00
[2025-03-24T23:37:13.310+0000] {processor.py:183} INFO - Processing /home/airflow/.local/lib/python3.8/site-packages/airflow/example_dags/example_setup_teardown.py took 0.047 seconds
[2025-03-24T23:37:44.006+0000] {processor.py:161} INFO - Started process (PID=1495) to work on /home/airflow/.local/lib/python3.8/site-packages/airflow/example_dags/example_setup_teardown.py
[2025-03-24T23:37:44.007+0000] {processor.py:830} INFO - Processing file /home/airflow/.local/lib/python3.8/site-packages/airflow/example_dags/example_setup_teardown.py for tasks to queue
[2025-03-24T23:37:44.008+0000] {logging_mixin.py:188} INFO - [2025-03-24T23:37:44.008+0000] {dagbag.py:538} INFO - Filling up the DagBag from /home/airflow/.local/lib/python3.8/site-packages/airflow/example_dags/example_setup_teardown.py
[2025-03-24T23:37:44.013+0000] {processor.py:840} INFO - DAG(s) 'example_setup_teardown' retrieved from /home/airflow/.local/lib/python3.8/site-packages/airflow/example_dags/example_setup_teardown.py
[2025-03-24T23:37:44.027+0000] {logging_mixin.py:188} INFO - [2025-03-24T23:37:44.026+0000] {dag.py:3033} INFO - Sync 1 DAGs
[2025-03-24T23:37:44.038+0000] {logging_mixin.py:188} INFO - [2025-03-24T23:37:44.038+0000] {dag.py:3820} INFO - Setting next_dagrun for example_setup_teardown to 2025-03-23T00:00:00+00:00, run_after=2025-03-24T00:00:00+00:00
[2025-03-24T23:37:44.047+0000] {processor.py:183} INFO - Processing /home/airflow/.local/lib/python3.8/site-packages/airflow/example_dags/example_setup_teardown.py took 0.044 seconds
[2025-03-24T23:38:14.768+0000] {processor.py:161} INFO - Started process (PID=1550) to work on /home/airflow/.local/lib/python3.8/site-packages/airflow/example_dags/example_setup_teardown.py
[2025-03-24T23:38:14.769+0000] {processor.py:830} INFO - Processing file /home/airflow/.local/lib/python3.8/site-packages/airflow/example_dags/example_setup_teardown.py for tasks to queue
[2025-03-24T23:38:14.770+0000] {logging_mixin.py:188} INFO - [2025-03-24T23:38:14.770+0000] {dagbag.py:538} INFO - Filling up the DagBag from /home/airflow/.local/lib/python3.8/site-packages/airflow/example_dags/example_setup_teardown.py
[2025-03-24T23:38:14.775+0000] {processor.py:840} INFO - DAG(s) 'example_setup_teardown' retrieved from /home/airflow/.local/lib/python3.8/site-packages/airflow/example_dags/example_setup_teardown.py
[2025-03-24T23:38:14.786+0000] {logging_mixin.py:188} INFO - [2025-03-24T23:38:14.786+0000] {dag.py:3033} INFO - Sync 1 DAGs
[2025-03-24T23:38:14.796+0000] {logging_mixin.py:188} INFO - [2025-03-24T23:38:14.796+0000] {dag.py:3820} INFO - Setting next_dagrun for example_setup_teardown to 2025-03-23T00:00:00+00:00, run_after=2025-03-24T00:00:00+00:00
[2025-03-24T23:38:14.803+0000] {processor.py:183} INFO - Processing /home/airflow/.local/lib/python3.8/site-packages/airflow/example_dags/example_setup_teardown.py took 0.038 seconds
[2025-03-24T23:38:45.489+0000] {processor.py:161} INFO - Started process (PID=1605) to work on /home/airflow/.local/lib/python3.8/site-packages/airflow/example_dags/example_setup_teardown.py
[2025-03-24T23:38:45.490+0000] {processor.py:830} INFO - Processing file /home/airflow/.local/lib/python3.8/site-packages/airflow/example_dags/example_setup_teardown.py for tasks to queue
[2025-03-24T23:38:45.492+0000] {logging_mixin.py:188} INFO - [2025-03-24T23:38:45.491+0000] {dagbag.py:538} INFO - Filling up the DagBag from /home/airflow/.local/lib/python3.8/site-packages/airflow/example_dags/example_setup_teardown.py
[2025-03-24T23:38:45.497+0000] {processor.py:840} INFO - DAG(s) 'example_setup_teardown' retrieved from /home/airflow/.local/lib/python3.8/site-packages/airflow/example_dags/example_setup_teardown.py
[2025-03-24T23:38:45.512+0000] {logging_mixin.py:188} INFO - [2025-03-24T23:38:45.512+0000] {dag.py:3033} INFO - Sync 1 DAGs
[2025-03-24T23:38:45.524+0000] {logging_mixin.py:188} INFO - [2025-03-24T23:38:45.524+0000] {dag.py:3820} INFO - Setting next_dagrun for example_setup_teardown to 2025-03-23T00:00:00+00:00, run_after=2025-03-24T00:00:00+00:00
[2025-03-24T23:38:45.541+0000] {processor.py:183} INFO - Processing /home/airflow/.local/lib/python3.8/site-packages/airflow/example_dags/example_setup_teardown.py took 0.054 seconds
[2025-03-24T23:39:16.289+0000] {processor.py:161} INFO - Started process (PID=1660) to work on /home/airflow/.local/lib/python3.8/site-packages/airflow/example_dags/example_setup_teardown.py
[2025-03-24T23:39:16.290+0000] {processor.py:830} INFO - Processing file /home/airflow/.local/lib/python3.8/site-packages/airflow/example_dags/example_setup_teardown.py for tasks to queue
[2025-03-24T23:39:16.291+0000] {logging_mixin.py:188} INFO - [2025-03-24T23:39:16.291+0000] {dagbag.py:538} INFO - Filling up the DagBag from /home/airflow/.local/lib/python3.8/site-packages/airflow/example_dags/example_setup_teardown.py
[2025-03-24T23:39:16.295+0000] {processor.py:840} INFO - DAG(s) 'example_setup_teardown' retrieved from /home/airflow/.local/lib/python3.8/site-packages/airflow/example_dags/example_setup_teardown.py
[2025-03-24T23:39:16.309+0000] {logging_mixin.py:188} INFO - [2025-03-24T23:39:16.309+0000] {dag.py:3033} INFO - Sync 1 DAGs
[2025-03-24T23:39:16.324+0000] {logging_mixin.py:188} INFO - [2025-03-24T23:39:16.324+0000] {dag.py:3820} INFO - Setting next_dagrun for example_setup_teardown to 2025-03-23T00:00:00+00:00, run_after=2025-03-24T00:00:00+00:00
[2025-03-24T23:39:16.337+0000] {processor.py:183} INFO - Processing /home/airflow/.local/lib/python3.8/site-packages/airflow/example_dags/example_setup_teardown.py took 0.051 seconds
[2025-03-24T23:39:47.208+0000] {processor.py:161} INFO - Started process (PID=1715) to work on /home/airflow/.local/lib/python3.8/site-packages/airflow/example_dags/example_setup_teardown.py
[2025-03-24T23:39:47.210+0000] {processor.py:830} INFO - Processing file /home/airflow/.local/lib/python3.8/site-packages/airflow/example_dags/example_setup_teardown.py for tasks to queue
[2025-03-24T23:39:47.212+0000] {logging_mixin.py:188} INFO - [2025-03-24T23:39:47.212+0000] {dagbag.py:538} INFO - Filling up the DagBag from /home/airflow/.local/lib/python3.8/site-packages/airflow/example_dags/example_setup_teardown.py
[2025-03-24T23:39:47.219+0000] {processor.py:840} INFO - DAG(s) 'example_setup_teardown' retrieved from /home/airflow/.local/lib/python3.8/site-packages/airflow/example_dags/example_setup_teardown.py
[2025-03-24T23:39:47.233+0000] {logging_mixin.py:188} INFO - [2025-03-24T23:39:47.233+0000] {dag.py:3033} INFO - Sync 1 DAGs
[2025-03-24T23:39:47.244+0000] {logging_mixin.py:188} INFO - [2025-03-24T23:39:47.244+0000] {dag.py:3820} INFO - Setting next_dagrun for example_setup_teardown to 2025-03-23T00:00:00+00:00, run_after=2025-03-24T00:00:00+00:00
[2025-03-24T23:39:47.253+0000] {processor.py:183} INFO - Processing /home/airflow/.local/lib/python3.8/site-packages/airflow/example_dags/example_setup_teardown.py took 0.047 seconds
[2025-03-24T23:40:17.867+0000] {processor.py:161} INFO - Started process (PID=1770) to work on /home/airflow/.local/lib/python3.8/site-packages/airflow/example_dags/example_setup_teardown.py
[2025-03-24T23:40:17.868+0000] {processor.py:830} INFO - Processing file /home/airflow/.local/lib/python3.8/site-packages/airflow/example_dags/example_setup_teardown.py for tasks to queue
[2025-03-24T23:40:17.869+0000] {logging_mixin.py:188} INFO - [2025-03-24T23:40:17.869+0000] {dagbag.py:538} INFO - Filling up the DagBag from /home/airflow/.local/lib/python3.8/site-packages/airflow/example_dags/example_setup_teardown.py
[2025-03-24T23:40:17.872+0000] {processor.py:840} INFO - DAG(s) 'example_setup_teardown' retrieved from /home/airflow/.local/lib/python3.8/site-packages/airflow/example_dags/example_setup_teardown.py
[2025-03-24T23:40:17.882+0000] {logging_mixin.py:188} INFO - [2025-03-24T23:40:17.882+0000] {dag.py:3033} INFO - Sync 1 DAGs
[2025-03-24T23:40:17.891+0000] {logging_mixin.py:188} INFO - [2025-03-24T23:40:17.891+0000] {dag.py:3820} INFO - Setting next_dagrun for example_setup_teardown to 2025-03-23T00:00:00+00:00, run_after=2025-03-24T00:00:00+00:00
[2025-03-24T23:40:17.898+0000] {processor.py:183} INFO - Processing /home/airflow/.local/lib/python3.8/site-packages/airflow/example_dags/example_setup_teardown.py took 0.032 seconds
[2025-03-24T23:40:48.468+0000] {processor.py:161} INFO - Started process (PID=1825) to work on /home/airflow/.local/lib/python3.8/site-packages/airflow/example_dags/example_setup_teardown.py
[2025-03-24T23:40:48.468+0000] {processor.py:830} INFO - Processing file /home/airflow/.local/lib/python3.8/site-packages/airflow/example_dags/example_setup_teardown.py for tasks to queue
[2025-03-24T23:40:48.469+0000] {logging_mixin.py:188} INFO - [2025-03-24T23:40:48.469+0000] {dagbag.py:538} INFO - Filling up the DagBag from /home/airflow/.local/lib/python3.8/site-packages/airflow/example_dags/example_setup_teardown.py
[2025-03-24T23:40:48.472+0000] {processor.py:840} INFO - DAG(s) 'example_setup_teardown' retrieved from /home/airflow/.local/lib/python3.8/site-packages/airflow/example_dags/example_setup_teardown.py
[2025-03-24T23:40:48.481+0000] {logging_mixin.py:188} INFO - [2025-03-24T23:40:48.481+0000] {dag.py:3033} INFO - Sync 1 DAGs
[2025-03-24T23:40:48.490+0000] {logging_mixin.py:188} INFO - [2025-03-24T23:40:48.490+0000] {dag.py:3820} INFO - Setting next_dagrun for example_setup_teardown to 2025-03-23T00:00:00+00:00, run_after=2025-03-24T00:00:00+00:00
[2025-03-24T23:40:48.497+0000] {processor.py:183} INFO - Processing /home/airflow/.local/lib/python3.8/site-packages/airflow/example_dags/example_setup_teardown.py took 0.031 seconds
[2025-03-24T23:41:19.001+0000] {processor.py:161} INFO - Started process (PID=1880) to work on /home/airflow/.local/lib/python3.8/site-packages/airflow/example_dags/example_setup_teardown.py
[2025-03-24T23:41:19.002+0000] {processor.py:830} INFO - Processing file /home/airflow/.local/lib/python3.8/site-packages/airflow/example_dags/example_setup_teardown.py for tasks to queue
[2025-03-24T23:41:19.004+0000] {logging_mixin.py:188} INFO - [2025-03-24T23:41:19.003+0000] {dagbag.py:538} INFO - Filling up the DagBag from /home/airflow/.local/lib/python3.8/site-packages/airflow/example_dags/example_setup_teardown.py
[2025-03-24T23:41:19.010+0000] {processor.py:840} INFO - DAG(s) 'example_setup_teardown' retrieved from /home/airflow/.local/lib/python3.8/site-packages/airflow/example_dags/example_setup_teardown.py
[2025-03-24T23:41:19.026+0000] {logging_mixin.py:188} INFO - [2025-03-24T23:41:19.026+0000] {dag.py:3033} INFO - Sync 1 DAGs
[2025-03-24T23:41:19.039+0000] {logging_mixin.py:188} INFO - [2025-03-24T23:41:19.039+0000] {dag.py:3820} INFO - Setting next_dagrun for example_setup_teardown to 2025-03-23T00:00:00+00:00, run_after=2025-03-24T00:00:00+00:00
[2025-03-24T23:41:19.049+0000] {processor.py:183} INFO - Processing /home/airflow/.local/lib/python3.8/site-packages/airflow/example_dags/example_setup_teardown.py took 0.053 seconds
[2025-03-24T23:41:49.606+0000] {processor.py:161} INFO - Started process (PID=1935) to work on /home/airflow/.local/lib/python3.8/site-packages/airflow/example_dags/example_setup_teardown.py
[2025-03-24T23:41:49.607+0000] {processor.py:830} INFO - Processing file /home/airflow/.local/lib/python3.8/site-packages/airflow/example_dags/example_setup_teardown.py for tasks to queue
[2025-03-24T23:41:49.608+0000] {logging_mixin.py:188} INFO - [2025-03-24T23:41:49.608+0000] {dagbag.py:538} INFO - Filling up the DagBag from /home/airflow/.local/lib/python3.8/site-packages/airflow/example_dags/example_setup_teardown.py
[2025-03-24T23:41:49.612+0000] {processor.py:840} INFO - DAG(s) 'example_setup_teardown' retrieved from /home/airflow/.local/lib/python3.8/site-packages/airflow/example_dags/example_setup_teardown.py
[2025-03-24T23:41:49.623+0000] {logging_mixin.py:188} INFO - [2025-03-24T23:41:49.623+0000] {dag.py:3033} INFO - Sync 1 DAGs
[2025-03-24T23:41:49.633+0000] {logging_mixin.py:188} INFO - [2025-03-24T23:41:49.633+0000] {dag.py:3820} INFO - Setting next_dagrun for example_setup_teardown to 2025-03-23T00:00:00+00:00, run_after=2025-03-24T00:00:00+00:00
[2025-03-24T23:41:49.645+0000] {processor.py:183} INFO - Processing /home/airflow/.local/lib/python3.8/site-packages/airflow/example_dags/example_setup_teardown.py took 0.041 seconds
[2025-03-24T23:42:20.232+0000] {processor.py:161} INFO - Started process (PID=1990) to work on /home/airflow/.local/lib/python3.8/site-packages/airflow/example_dags/example_setup_teardown.py
[2025-03-24T23:42:20.233+0000] {processor.py:830} INFO - Processing file /home/airflow/.local/lib/python3.8/site-packages/airflow/example_dags/example_setup_teardown.py for tasks to queue
[2025-03-24T23:42:20.234+0000] {logging_mixin.py:188} INFO - [2025-03-24T23:42:20.234+0000] {dagbag.py:538} INFO - Filling up the DagBag from /home/airflow/.local/lib/python3.8/site-packages/airflow/example_dags/example_setup_teardown.py
[2025-03-24T23:42:20.239+0000] {processor.py:840} INFO - DAG(s) 'example_setup_teardown' retrieved from /home/airflow/.local/lib/python3.8/site-packages/airflow/example_dags/example_setup_teardown.py
[2025-03-24T23:42:20.251+0000] {logging_mixin.py:188} INFO - [2025-03-24T23:42:20.250+0000] {dag.py:3033} INFO - Sync 1 DAGs
[2025-03-24T23:42:20.260+0000] {logging_mixin.py:188} INFO - [2025-03-24T23:42:20.260+0000] {dag.py:3820} INFO - Setting next_dagrun for example_setup_teardown to 2025-03-23T00:00:00+00:00, run_after=2025-03-24T00:00:00+00:00
[2025-03-24T23:42:20.267+0000] {processor.py:183} INFO - Processing /home/airflow/.local/lib/python3.8/site-packages/airflow/example_dags/example_setup_teardown.py took 0.038 seconds
[2025-03-24T23:42:50.740+0000] {processor.py:161} INFO - Started process (PID=2045) to work on /home/airflow/.local/lib/python3.8/site-packages/airflow/example_dags/example_setup_teardown.py
[2025-03-24T23:42:50.740+0000] {processor.py:830} INFO - Processing file /home/airflow/.local/lib/python3.8/site-packages/airflow/example_dags/example_setup_teardown.py for tasks to queue
[2025-03-24T23:42:50.741+0000] {logging_mixin.py:188} INFO - [2025-03-24T23:42:50.741+0000] {dagbag.py:538} INFO - Filling up the DagBag from /home/airflow/.local/lib/python3.8/site-packages/airflow/example_dags/example_setup_teardown.py
[2025-03-24T23:42:50.744+0000] {processor.py:840} INFO - DAG(s) 'example_setup_teardown' retrieved from /home/airflow/.local/lib/python3.8/site-packages/airflow/example_dags/example_setup_teardown.py
[2025-03-24T23:42:50.753+0000] {logging_mixin.py:188} INFO - [2025-03-24T23:42:50.753+0000] {dag.py:3033} INFO - Sync 1 DAGs
[2025-03-24T23:42:50.761+0000] {logging_mixin.py:188} INFO - [2025-03-24T23:42:50.761+0000] {dag.py:3820} INFO - Setting next_dagrun for example_setup_teardown to 2025-03-23T00:00:00+00:00, run_after=2025-03-24T00:00:00+00:00
[2025-03-24T23:42:50.767+0000] {processor.py:183} INFO - Processing /home/airflow/.local/lib/python3.8/site-packages/airflow/example_dags/example_setup_teardown.py took 0.029 seconds
[2025-03-24T23:43:21.231+0000] {processor.py:161} INFO - Started process (PID=2100) to work on /home/airflow/.local/lib/python3.8/site-packages/airflow/example_dags/example_setup_teardown.py
[2025-03-24T23:43:21.232+0000] {processor.py:830} INFO - Processing file /home/airflow/.local/lib/python3.8/site-packages/airflow/example_dags/example_setup_teardown.py for tasks to queue
[2025-03-24T23:43:21.233+0000] {logging_mixin.py:188} INFO - [2025-03-24T23:43:21.233+0000] {dagbag.py:538} INFO - Filling up the DagBag from /home/airflow/.local/lib/python3.8/site-packages/airflow/example_dags/example_setup_teardown.py
[2025-03-24T23:43:21.238+0000] {processor.py:840} INFO - DAG(s) 'example_setup_teardown' retrieved from /home/airflow/.local/lib/python3.8/site-packages/airflow/example_dags/example_setup_teardown.py
[2025-03-24T23:43:21.250+0000] {logging_mixin.py:188} INFO - [2025-03-24T23:43:21.250+0000] {dag.py:3033} INFO - Sync 1 DAGs
[2025-03-24T23:43:21.261+0000] {logging_mixin.py:188} INFO - [2025-03-24T23:43:21.261+0000] {dag.py:3820} INFO - Setting next_dagrun for example_setup_teardown to 2025-03-23T00:00:00+00:00, run_after=2025-03-24T00:00:00+00:00
[2025-03-24T23:43:21.269+0000] {processor.py:183} INFO - Processing /home/airflow/.local/lib/python3.8/site-packages/airflow/example_dags/example_setup_teardown.py took 0.040 seconds
[2025-03-24T23:43:51.917+0000] {processor.py:161} INFO - Started process (PID=2155) to work on /home/airflow/.local/lib/python3.8/site-packages/airflow/example_dags/example_setup_teardown.py
[2025-03-24T23:43:51.917+0000] {processor.py:830} INFO - Processing file /home/airflow/.local/lib/python3.8/site-packages/airflow/example_dags/example_setup_teardown.py for tasks to queue
[2025-03-24T23:43:51.918+0000] {logging_mixin.py:188} INFO - [2025-03-24T23:43:51.918+0000] {dagbag.py:538} INFO - Filling up the DagBag from /home/airflow/.local/lib/python3.8/site-packages/airflow/example_dags/example_setup_teardown.py
[2025-03-24T23:43:51.922+0000] {processor.py:840} INFO - DAG(s) 'example_setup_teardown' retrieved from /home/airflow/.local/lib/python3.8/site-packages/airflow/example_dags/example_setup_teardown.py
[2025-03-24T23:43:51.932+0000] {logging_mixin.py:188} INFO - [2025-03-24T23:43:51.932+0000] {dag.py:3033} INFO - Sync 1 DAGs
[2025-03-24T23:43:51.942+0000] {logging_mixin.py:188} INFO - [2025-03-24T23:43:51.942+0000] {dag.py:3820} INFO - Setting next_dagrun for example_setup_teardown to 2025-03-23T00:00:00+00:00, run_after=2025-03-24T00:00:00+00:00
[2025-03-24T23:43:51.950+0000] {processor.py:183} INFO - Processing /home/airflow/.local/lib/python3.8/site-packages/airflow/example_dags/example_setup_teardown.py took 0.035 seconds
[2025-03-24T23:44:22.600+0000] {processor.py:161} INFO - Started process (PID=2210) to work on /home/airflow/.local/lib/python3.8/site-packages/airflow/example_dags/example_setup_teardown.py
[2025-03-24T23:44:22.602+0000] {processor.py:830} INFO - Processing file /home/airflow/.local/lib/python3.8/site-packages/airflow/example_dags/example_setup_teardown.py for tasks to queue
[2025-03-24T23:44:22.603+0000] {logging_mixin.py:188} INFO - [2025-03-24T23:44:22.603+0000] {dagbag.py:538} INFO - Filling up the DagBag from /home/airflow/.local/lib/python3.8/site-packages/airflow/example_dags/example_setup_teardown.py
[2025-03-24T23:44:22.607+0000] {processor.py:840} INFO - DAG(s) 'example_setup_teardown' retrieved from /home/airflow/.local/lib/python3.8/site-packages/airflow/example_dags/example_setup_teardown.py
[2025-03-24T23:44:22.620+0000] {logging_mixin.py:188} INFO - [2025-03-24T23:44:22.620+0000] {dag.py:3033} INFO - Sync 1 DAGs
[2025-03-24T23:44:22.631+0000] {logging_mixin.py:188} INFO - [2025-03-24T23:44:22.630+0000] {dag.py:3820} INFO - Setting next_dagrun for example_setup_teardown to 2025-03-23T00:00:00+00:00, run_after=2025-03-24T00:00:00+00:00
[2025-03-24T23:44:22.638+0000] {processor.py:183} INFO - Processing /home/airflow/.local/lib/python3.8/site-packages/airflow/example_dags/example_setup_teardown.py took 0.040 seconds
[2025-03-24T23:44:53.266+0000] {processor.py:161} INFO - Started process (PID=2265) to work on /home/airflow/.local/lib/python3.8/site-packages/airflow/example_dags/example_setup_teardown.py
[2025-03-24T23:44:53.267+0000] {processor.py:830} INFO - Processing file /home/airflow/.local/lib/python3.8/site-packages/airflow/example_dags/example_setup_teardown.py for tasks to queue
[2025-03-24T23:44:53.268+0000] {logging_mixin.py:188} INFO - [2025-03-24T23:44:53.268+0000] {dagbag.py:538} INFO - Filling up the DagBag from /home/airflow/.local/lib/python3.8/site-packages/airflow/example_dags/example_setup_teardown.py
[2025-03-24T23:44:53.275+0000] {processor.py:840} INFO - DAG(s) 'example_setup_teardown' retrieved from /home/airflow/.local/lib/python3.8/site-packages/airflow/example_dags/example_setup_teardown.py
[2025-03-24T23:44:53.284+0000] {logging_mixin.py:188} INFO - [2025-03-24T23:44:53.284+0000] {dag.py:3033} INFO - Sync 1 DAGs
[2025-03-24T23:44:53.294+0000] {logging_mixin.py:188} INFO - [2025-03-24T23:44:53.294+0000] {dag.py:3820} INFO - Setting next_dagrun for example_setup_teardown to 2025-03-23T00:00:00+00:00, run_after=2025-03-24T00:00:00+00:00
[2025-03-24T23:44:53.301+0000] {processor.py:183} INFO - Processing /home/airflow/.local/lib/python3.8/site-packages/airflow/example_dags/example_setup_teardown.py took 0.037 seconds
[2025-03-24T23:45:23.731+0000] {processor.py:161} INFO - Started process (PID=2320) to work on /home/airflow/.local/lib/python3.8/site-packages/airflow/example_dags/example_setup_teardown.py
[2025-03-24T23:45:23.731+0000] {processor.py:830} INFO - Processing file /home/airflow/.local/lib/python3.8/site-packages/airflow/example_dags/example_setup_teardown.py for tasks to queue
[2025-03-24T23:45:23.732+0000] {logging_mixin.py:188} INFO - [2025-03-24T23:45:23.732+0000] {dagbag.py:538} INFO - Filling up the DagBag from /home/airflow/.local/lib/python3.8/site-packages/airflow/example_dags/example_setup_teardown.py
[2025-03-24T23:45:23.735+0000] {processor.py:840} INFO - DAG(s) 'example_setup_teardown' retrieved from /home/airflow/.local/lib/python3.8/site-packages/airflow/example_dags/example_setup_teardown.py
[2025-03-24T23:45:23.744+0000] {logging_mixin.py:188} INFO - [2025-03-24T23:45:23.744+0000] {dag.py:3033} INFO - Sync 1 DAGs
[2025-03-24T23:45:23.752+0000] {logging_mixin.py:188} INFO - [2025-03-24T23:45:23.751+0000] {dag.py:3820} INFO - Setting next_dagrun for example_setup_teardown to 2025-03-23T00:00:00+00:00, run_after=2025-03-24T00:00:00+00:00
[2025-03-24T23:45:23.758+0000] {processor.py:183} INFO - Processing /home/airflow/.local/lib/python3.8/site-packages/airflow/example_dags/example_setup_teardown.py took 0.028 seconds
[2025-03-24T23:45:54.392+0000] {processor.py:161} INFO - Started process (PID=2374) to work on /home/airflow/.local/lib/python3.8/site-packages/airflow/example_dags/example_setup_teardown.py
[2025-03-24T23:45:54.392+0000] {processor.py:830} INFO - Processing file /home/airflow/.local/lib/python3.8/site-packages/airflow/example_dags/example_setup_teardown.py for tasks to queue
[2025-03-24T23:45:54.393+0000] {logging_mixin.py:188} INFO - [2025-03-24T23:45:54.393+0000] {dagbag.py:538} INFO - Filling up the DagBag from /home/airflow/.local/lib/python3.8/site-packages/airflow/example_dags/example_setup_teardown.py
[2025-03-24T23:45:54.397+0000] {processor.py:840} INFO - DAG(s) 'example_setup_teardown' retrieved from /home/airflow/.local/lib/python3.8/site-packages/airflow/example_dags/example_setup_teardown.py
[2025-03-24T23:45:54.406+0000] {logging_mixin.py:188} INFO - [2025-03-24T23:45:54.406+0000] {dag.py:3033} INFO - Sync 1 DAGs
[2025-03-24T23:45:54.415+0000] {logging_mixin.py:188} INFO - [2025-03-24T23:45:54.415+0000] {dag.py:3820} INFO - Setting next_dagrun for example_setup_teardown to 2025-03-23T00:00:00+00:00, run_after=2025-03-24T00:00:00+00:00
[2025-03-24T23:45:54.422+0000] {processor.py:183} INFO - Processing /home/airflow/.local/lib/python3.8/site-packages/airflow/example_dags/example_setup_teardown.py took 0.033 seconds
[2025-03-24T23:46:25.288+0000] {processor.py:161} INFO - Started process (PID=2429) to work on /home/airflow/.local/lib/python3.8/site-packages/airflow/example_dags/example_setup_teardown.py
[2025-03-24T23:46:25.289+0000] {processor.py:830} INFO - Processing file /home/airflow/.local/lib/python3.8/site-packages/airflow/example_dags/example_setup_teardown.py for tasks to queue
[2025-03-24T23:46:25.291+0000] {logging_mixin.py:188} INFO - [2025-03-24T23:46:25.290+0000] {dagbag.py:538} INFO - Filling up the DagBag from /home/airflow/.local/lib/python3.8/site-packages/airflow/example_dags/example_setup_teardown.py
[2025-03-24T23:46:25.294+0000] {processor.py:840} INFO - DAG(s) 'example_setup_teardown' retrieved from /home/airflow/.local/lib/python3.8/site-packages/airflow/example_dags/example_setup_teardown.py
[2025-03-24T23:46:25.307+0000] {logging_mixin.py:188} INFO - [2025-03-24T23:46:25.307+0000] {dag.py:3033} INFO - Sync 1 DAGs
[2025-03-24T23:46:25.318+0000] {logging_mixin.py:188} INFO - [2025-03-24T23:46:25.318+0000] {dag.py:3820} INFO - Setting next_dagrun for example_setup_teardown to 2025-03-23T00:00:00+00:00, run_after=2025-03-24T00:00:00+00:00
[2025-03-24T23:46:25.326+0000] {processor.py:183} INFO - Processing /home/airflow/.local/lib/python3.8/site-packages/airflow/example_dags/example_setup_teardown.py took 0.041 seconds
[2025-03-24T23:46:56.074+0000] {processor.py:161} INFO - Started process (PID=2484) to work on /home/airflow/.local/lib/python3.8/site-packages/airflow/example_dags/example_setup_teardown.py
[2025-03-24T23:46:56.076+0000] {processor.py:830} INFO - Processing file /home/airflow/.local/lib/python3.8/site-packages/airflow/example_dags/example_setup_teardown.py for tasks to queue
[2025-03-24T23:46:56.077+0000] {logging_mixin.py:188} INFO - [2025-03-24T23:46:56.077+0000] {dagbag.py:538} INFO - Filling up the DagBag from /home/airflow/.local/lib/python3.8/site-packages/airflow/example_dags/example_setup_teardown.py
[2025-03-24T23:46:56.081+0000] {processor.py:840} INFO - DAG(s) 'example_setup_teardown' retrieved from /home/airflow/.local/lib/python3.8/site-packages/airflow/example_dags/example_setup_teardown.py
[2025-03-24T23:46:56.094+0000] {logging_mixin.py:188} INFO - [2025-03-24T23:46:56.094+0000] {dag.py:3033} INFO - Sync 1 DAGs
[2025-03-24T23:46:56.106+0000] {logging_mixin.py:188} INFO - [2025-03-24T23:46:56.106+0000] {dag.py:3820} INFO - Setting next_dagrun for example_setup_teardown to 2025-03-23T00:00:00+00:00, run_after=2025-03-24T00:00:00+00:00
[2025-03-24T23:46:56.116+0000] {processor.py:183} INFO - Processing /home/airflow/.local/lib/python3.8/site-packages/airflow/example_dags/example_setup_teardown.py took 0.044 seconds
[2025-03-24T23:47:26.213+0000] {processor.py:161} INFO - Started process (PID=2539) to work on /home/airflow/.local/lib/python3.8/site-packages/airflow/example_dags/example_setup_teardown.py
[2025-03-24T23:47:26.214+0000] {processor.py:830} INFO - Processing file /home/airflow/.local/lib/python3.8/site-packages/airflow/example_dags/example_setup_teardown.py for tasks to queue
[2025-03-24T23:47:26.214+0000] {logging_mixin.py:188} INFO - [2025-03-24T23:47:26.214+0000] {dagbag.py:538} INFO - Filling up the DagBag from /home/airflow/.local/lib/python3.8/site-packages/airflow/example_dags/example_setup_teardown.py
[2025-03-24T23:47:26.218+0000] {processor.py:840} INFO - DAG(s) 'example_setup_teardown' retrieved from /home/airflow/.local/lib/python3.8/site-packages/airflow/example_dags/example_setup_teardown.py
[2025-03-24T23:47:26.228+0000] {logging_mixin.py:188} INFO - [2025-03-24T23:47:26.227+0000] {dag.py:3033} INFO - Sync 1 DAGs
[2025-03-24T23:47:26.236+0000] {logging_mixin.py:188} INFO - [2025-03-24T23:47:26.236+0000] {dag.py:3820} INFO - Setting next_dagrun for example_setup_teardown to 2025-03-23T00:00:00+00:00, run_after=2025-03-24T00:00:00+00:00
[2025-03-24T23:47:26.244+0000] {processor.py:183} INFO - Processing /home/airflow/.local/lib/python3.8/site-packages/airflow/example_dags/example_setup_teardown.py took 0.033 seconds
[2025-03-24T23:47:56.365+0000] {processor.py:161} INFO - Started process (PID=2594) to work on /home/airflow/.local/lib/python3.8/site-packages/airflow/example_dags/example_setup_teardown.py
[2025-03-24T23:47:56.366+0000] {processor.py:830} INFO - Processing file /home/airflow/.local/lib/python3.8/site-packages/airflow/example_dags/example_setup_teardown.py for tasks to queue
[2025-03-24T23:47:56.367+0000] {logging_mixin.py:188} INFO - [2025-03-24T23:47:56.366+0000] {dagbag.py:538} INFO - Filling up the DagBag from /home/airflow/.local/lib/python3.8/site-packages/airflow/example_dags/example_setup_teardown.py
[2025-03-24T23:47:56.370+0000] {processor.py:840} INFO - DAG(s) 'example_setup_teardown' retrieved from /home/airflow/.local/lib/python3.8/site-packages/airflow/example_dags/example_setup_teardown.py
[2025-03-24T23:47:56.380+0000] {logging_mixin.py:188} INFO - [2025-03-24T23:47:56.380+0000] {dag.py:3033} INFO - Sync 1 DAGs
[2025-03-24T23:47:56.389+0000] {logging_mixin.py:188} INFO - [2025-03-24T23:47:56.389+0000] {dag.py:3820} INFO - Setting next_dagrun for example_setup_teardown to 2025-03-23T00:00:00+00:00, run_after=2025-03-24T00:00:00+00:00
[2025-03-24T23:47:56.397+0000] {processor.py:183} INFO - Processing /home/airflow/.local/lib/python3.8/site-packages/airflow/example_dags/example_setup_teardown.py took 0.034 seconds
[2025-03-24T23:48:27.232+0000] {processor.py:161} INFO - Started process (PID=2649) to work on /home/airflow/.local/lib/python3.8/site-packages/airflow/example_dags/example_setup_teardown.py
[2025-03-24T23:48:27.232+0000] {processor.py:830} INFO - Processing file /home/airflow/.local/lib/python3.8/site-packages/airflow/example_dags/example_setup_teardown.py for tasks to queue
[2025-03-24T23:48:27.233+0000] {logging_mixin.py:188} INFO - [2025-03-24T23:48:27.233+0000] {dagbag.py:538} INFO - Filling up the DagBag from /home/airflow/.local/lib/python3.8/site-packages/airflow/example_dags/example_setup_teardown.py
[2025-03-24T23:48:27.237+0000] {processor.py:840} INFO - DAG(s) 'example_setup_teardown' retrieved from /home/airflow/.local/lib/python3.8/site-packages/airflow/example_dags/example_setup_teardown.py
[2025-03-24T23:48:27.249+0000] {logging_mixin.py:188} INFO - [2025-03-24T23:48:27.249+0000] {dag.py:3033} INFO - Sync 1 DAGs
[2025-03-24T23:48:27.260+0000] {logging_mixin.py:188} INFO - [2025-03-24T23:48:27.259+0000] {dag.py:3820} INFO - Setting next_dagrun for example_setup_teardown to 2025-03-23T00:00:00+00:00, run_after=2025-03-24T00:00:00+00:00
[2025-03-24T23:48:27.356+0000] {processor.py:183} INFO - Processing /home/airflow/.local/lib/python3.8/site-packages/airflow/example_dags/example_setup_teardown.py took 0.126 seconds
[2025-03-24T23:48:57.848+0000] {processor.py:161} INFO - Started process (PID=2704) to work on /home/airflow/.local/lib/python3.8/site-packages/airflow/example_dags/example_setup_teardown.py
[2025-03-24T23:48:57.849+0000] {processor.py:830} INFO - Processing file /home/airflow/.local/lib/python3.8/site-packages/airflow/example_dags/example_setup_teardown.py for tasks to queue
[2025-03-24T23:48:57.851+0000] {logging_mixin.py:188} INFO - [2025-03-24T23:48:57.851+0000] {dagbag.py:538} INFO - Filling up the DagBag from /home/airflow/.local/lib/python3.8/site-packages/airflow/example_dags/example_setup_teardown.py
[2025-03-24T23:48:57.855+0000] {processor.py:840} INFO - DAG(s) 'example_setup_teardown' retrieved from /home/airflow/.local/lib/python3.8/site-packages/airflow/example_dags/example_setup_teardown.py
[2025-03-24T23:48:57.868+0000] {logging_mixin.py:188} INFO - [2025-03-24T23:48:57.868+0000] {dag.py:3033} INFO - Sync 1 DAGs
[2025-03-24T23:48:57.880+0000] {logging_mixin.py:188} INFO - [2025-03-24T23:48:57.879+0000] {dag.py:3820} INFO - Setting next_dagrun for example_setup_teardown to 2025-03-23T00:00:00+00:00, run_after=2025-03-24T00:00:00+00:00
[2025-03-24T23:48:57.889+0000] {processor.py:183} INFO - Processing /home/airflow/.local/lib/python3.8/site-packages/airflow/example_dags/example_setup_teardown.py took 0.043 seconds
[2025-03-24T23:49:28.097+0000] {processor.py:161} INFO - Started process (PID=2759) to work on /home/airflow/.local/lib/python3.8/site-packages/airflow/example_dags/example_setup_teardown.py
[2025-03-24T23:49:28.098+0000] {processor.py:830} INFO - Processing file /home/airflow/.local/lib/python3.8/site-packages/airflow/example_dags/example_setup_teardown.py for tasks to queue
[2025-03-24T23:49:28.099+0000] {logging_mixin.py:188} INFO - [2025-03-24T23:49:28.099+0000] {dagbag.py:538} INFO - Filling up the DagBag from /home/airflow/.local/lib/python3.8/site-packages/airflow/example_dags/example_setup_teardown.py
[2025-03-24T23:49:28.102+0000] {processor.py:840} INFO - DAG(s) 'example_setup_teardown' retrieved from /home/airflow/.local/lib/python3.8/site-packages/airflow/example_dags/example_setup_teardown.py
[2025-03-24T23:49:28.114+0000] {logging_mixin.py:188} INFO - [2025-03-24T23:49:28.114+0000] {dag.py:3033} INFO - Sync 1 DAGs
[2025-03-24T23:49:28.126+0000] {logging_mixin.py:188} INFO - [2025-03-24T23:49:28.125+0000] {dag.py:3820} INFO - Setting next_dagrun for example_setup_teardown to 2025-03-23T00:00:00+00:00, run_after=2025-03-24T00:00:00+00:00
[2025-03-24T23:49:28.132+0000] {processor.py:183} INFO - Processing /home/airflow/.local/lib/python3.8/site-packages/airflow/example_dags/example_setup_teardown.py took 0.037 seconds
[2025-03-24T23:49:58.495+0000] {processor.py:161} INFO - Started process (PID=2813) to work on /home/airflow/.local/lib/python3.8/site-packages/airflow/example_dags/example_setup_teardown.py
[2025-03-24T23:49:58.495+0000] {processor.py:830} INFO - Processing file /home/airflow/.local/lib/python3.8/site-packages/airflow/example_dags/example_setup_teardown.py for tasks to queue
[2025-03-24T23:49:58.496+0000] {logging_mixin.py:188} INFO - [2025-03-24T23:49:58.496+0000] {dagbag.py:538} INFO - Filling up the DagBag from /home/airflow/.local/lib/python3.8/site-packages/airflow/example_dags/example_setup_teardown.py
[2025-03-24T23:49:58.499+0000] {processor.py:840} INFO - DAG(s) 'example_setup_teardown' retrieved from /home/airflow/.local/lib/python3.8/site-packages/airflow/example_dags/example_setup_teardown.py
[2025-03-24T23:49:58.510+0000] {logging_mixin.py:188} INFO - [2025-03-24T23:49:58.509+0000] {dag.py:3033} INFO - Sync 1 DAGs
[2025-03-24T23:49:58.594+0000] {logging_mixin.py:188} INFO - [2025-03-24T23:49:58.594+0000] {dag.py:3820} INFO - Setting next_dagrun for example_setup_teardown to 2025-03-23T00:00:00+00:00, run_after=2025-03-24T00:00:00+00:00
[2025-03-24T23:49:58.613+0000] {processor.py:183} INFO - Processing /home/airflow/.local/lib/python3.8/site-packages/airflow/example_dags/example_setup_teardown.py took 0.120 seconds
[2025-03-24T23:50:29.350+0000] {processor.py:161} INFO - Started process (PID=2868) to work on /home/airflow/.local/lib/python3.8/site-packages/airflow/example_dags/example_setup_teardown.py
[2025-03-24T23:50:29.350+0000] {processor.py:830} INFO - Processing file /home/airflow/.local/lib/python3.8/site-packages/airflow/example_dags/example_setup_teardown.py for tasks to queue
[2025-03-24T23:50:29.351+0000] {logging_mixin.py:188} INFO - [2025-03-24T23:50:29.351+0000] {dagbag.py:538} INFO - Filling up the DagBag from /home/airflow/.local/lib/python3.8/site-packages/airflow/example_dags/example_setup_teardown.py
[2025-03-24T23:50:29.355+0000] {processor.py:840} INFO - DAG(s) 'example_setup_teardown' retrieved from /home/airflow/.local/lib/python3.8/site-packages/airflow/example_dags/example_setup_teardown.py
[2025-03-24T23:50:29.364+0000] {logging_mixin.py:188} INFO - [2025-03-24T23:50:29.364+0000] {dag.py:3033} INFO - Sync 1 DAGs
[2025-03-24T23:50:29.376+0000] {logging_mixin.py:188} INFO - [2025-03-24T23:50:29.376+0000] {dag.py:3820} INFO - Setting next_dagrun for example_setup_teardown to 2025-03-23T00:00:00+00:00, run_after=2025-03-24T00:00:00+00:00
[2025-03-24T23:50:29.460+0000] {processor.py:183} INFO - Processing /home/airflow/.local/lib/python3.8/site-packages/airflow/example_dags/example_setup_teardown.py took 0.111 seconds
[2025-03-24T23:51:00.320+0000] {processor.py:161} INFO - Started process (PID=2923) to work on /home/airflow/.local/lib/python3.8/site-packages/airflow/example_dags/example_setup_teardown.py
[2025-03-24T23:51:00.321+0000] {processor.py:830} INFO - Processing file /home/airflow/.local/lib/python3.8/site-packages/airflow/example_dags/example_setup_teardown.py for tasks to queue
[2025-03-24T23:51:00.321+0000] {logging_mixin.py:188} INFO - [2025-03-24T23:51:00.321+0000] {dagbag.py:538} INFO - Filling up the DagBag from /home/airflow/.local/lib/python3.8/site-packages/airflow/example_dags/example_setup_teardown.py
[2025-03-24T23:51:00.325+0000] {processor.py:840} INFO - DAG(s) 'example_setup_teardown' retrieved from /home/airflow/.local/lib/python3.8/site-packages/airflow/example_dags/example_setup_teardown.py
[2025-03-24T23:51:00.334+0000] {logging_mixin.py:188} INFO - [2025-03-24T23:51:00.334+0000] {dag.py:3033} INFO - Sync 1 DAGs
[2025-03-24T23:51:00.344+0000] {logging_mixin.py:188} INFO - [2025-03-24T23:51:00.344+0000] {dag.py:3820} INFO - Setting next_dagrun for example_setup_teardown to 2025-03-23T00:00:00+00:00, run_after=2025-03-24T00:00:00+00:00
[2025-03-24T23:51:00.353+0000] {processor.py:183} INFO - Processing /home/airflow/.local/lib/python3.8/site-packages/airflow/example_dags/example_setup_teardown.py took 0.035 seconds
[2025-03-24T23:51:31.027+0000] {processor.py:161} INFO - Started process (PID=2978) to work on /home/airflow/.local/lib/python3.8/site-packages/airflow/example_dags/example_setup_teardown.py
[2025-03-24T23:51:31.028+0000] {processor.py:830} INFO - Processing file /home/airflow/.local/lib/python3.8/site-packages/airflow/example_dags/example_setup_teardown.py for tasks to queue
[2025-03-24T23:51:31.029+0000] {logging_mixin.py:188} INFO - [2025-03-24T23:51:31.029+0000] {dagbag.py:538} INFO - Filling up the DagBag from /home/airflow/.local/lib/python3.8/site-packages/airflow/example_dags/example_setup_teardown.py
[2025-03-24T23:51:31.032+0000] {processor.py:840} INFO - DAG(s) 'example_setup_teardown' retrieved from /home/airflow/.local/lib/python3.8/site-packages/airflow/example_dags/example_setup_teardown.py
[2025-03-24T23:51:31.042+0000] {logging_mixin.py:188} INFO - [2025-03-24T23:51:31.042+0000] {dag.py:3033} INFO - Sync 1 DAGs
[2025-03-24T23:51:31.051+0000] {logging_mixin.py:188} INFO - [2025-03-24T23:51:31.051+0000] {dag.py:3820} INFO - Setting next_dagrun for example_setup_teardown to 2025-03-23T00:00:00+00:00, run_after=2025-03-24T00:00:00+00:00
[2025-03-24T23:51:31.058+0000] {processor.py:183} INFO - Processing /home/airflow/.local/lib/python3.8/site-packages/airflow/example_dags/example_setup_teardown.py took 0.032 seconds
