[2025-03-24T23:24:26.922+0000] {processor.py:161} INFO - Started process (PID=75) to work on /home/airflow/.local/lib/python3.8/site-packages/airflow/example_dags/example_branch_operator_decorator.py
[2025-03-24T23:24:26.923+0000] {processor.py:830} INFO - Processing file /home/airflow/.local/lib/python3.8/site-packages/airflow/example_dags/example_branch_operator_decorator.py for tasks to queue
[2025-03-24T23:24:26.927+0000] {logging_mixin.py:188} INFO - [2025-03-24T23:24:26.927+0000] {dagbag.py:538} INFO - Filling up the DagBag from /home/airflow/.local/lib/python3.8/site-packages/airflow/example_dags/example_branch_operator_decorator.py
[2025-03-24T23:24:26.942+0000] {processor.py:840} INFO - DAG(s) 'example_branch_python_operator_decorator' retrieved from /home/airflow/.local/lib/python3.8/site-packages/airflow/example_dags/example_branch_operator_decorator.py
[2025-03-24T23:24:26.949+0000] {logging_mixin.py:188} INFO - [2025-03-24T23:24:26.949+0000] {dag.py:3033} INFO - Sync 1 DAGs
[2025-03-24T23:24:26.964+0000] {logging_mixin.py:188} INFO - [2025-03-24T23:24:26.964+0000] {dag.py:3820} INFO - Setting next_dagrun for example_branch_python_operator_decorator to 2025-03-23T00:00:00+00:00, run_after=2025-03-24T00:00:00+00:00
[2025-03-24T23:24:26.975+0000] {processor.py:183} INFO - Processing /home/airflow/.local/lib/python3.8/site-packages/airflow/example_dags/example_branch_operator_decorator.py took 0.055 seconds
[2025-03-24T23:24:57.136+0000] {processor.py:161} INFO - Started process (PID=130) to work on /home/airflow/.local/lib/python3.8/site-packages/airflow/example_dags/example_branch_operator_decorator.py
[2025-03-24T23:24:57.137+0000] {processor.py:830} INFO - Processing file /home/airflow/.local/lib/python3.8/site-packages/airflow/example_dags/example_branch_operator_decorator.py for tasks to queue
[2025-03-24T23:24:57.138+0000] {logging_mixin.py:188} INFO - [2025-03-24T23:24:57.138+0000] {dagbag.py:538} INFO - Filling up the DagBag from /home/airflow/.local/lib/python3.8/site-packages/airflow/example_dags/example_branch_operator_decorator.py
[2025-03-24T23:24:57.145+0000] {processor.py:840} INFO - DAG(s) 'example_branch_python_operator_decorator' retrieved from /home/airflow/.local/lib/python3.8/site-packages/airflow/example_dags/example_branch_operator_decorator.py
[2025-03-24T23:24:57.189+0000] {logging_mixin.py:188} INFO - [2025-03-24T23:24:57.189+0000] {dag.py:3033} INFO - Sync 1 DAGs
[2025-03-24T23:24:57.199+0000] {logging_mixin.py:188} INFO - [2025-03-24T23:24:57.199+0000] {dag.py:3820} INFO - Setting next_dagrun for example_branch_python_operator_decorator to 2025-03-23T00:00:00+00:00, run_after=2025-03-24T00:00:00+00:00
[2025-03-24T23:24:57.207+0000] {processor.py:183} INFO - Processing /home/airflow/.local/lib/python3.8/site-packages/airflow/example_dags/example_branch_operator_decorator.py took 0.072 seconds
[2025-03-24T23:25:28.029+0000] {processor.py:161} INFO - Started process (PID=185) to work on /home/airflow/.local/lib/python3.8/site-packages/airflow/example_dags/example_branch_operator_decorator.py
[2025-03-24T23:25:28.029+0000] {processor.py:830} INFO - Processing file /home/airflow/.local/lib/python3.8/site-packages/airflow/example_dags/example_branch_operator_decorator.py for tasks to queue
[2025-03-24T23:25:28.030+0000] {logging_mixin.py:188} INFO - [2025-03-24T23:25:28.030+0000] {dagbag.py:538} INFO - Filling up the DagBag from /home/airflow/.local/lib/python3.8/site-packages/airflow/example_dags/example_branch_operator_decorator.py
[2025-03-24T23:25:28.038+0000] {processor.py:840} INFO - DAG(s) 'example_branch_python_operator_decorator' retrieved from /home/airflow/.local/lib/python3.8/site-packages/airflow/example_dags/example_branch_operator_decorator.py
[2025-03-24T23:25:28.051+0000] {logging_mixin.py:188} INFO - [2025-03-24T23:25:28.051+0000] {dag.py:3033} INFO - Sync 1 DAGs
[2025-03-24T23:25:28.062+0000] {logging_mixin.py:188} INFO - [2025-03-24T23:25:28.062+0000] {dag.py:3820} INFO - Setting next_dagrun for example_branch_python_operator_decorator to 2025-03-23T00:00:00+00:00, run_after=2025-03-24T00:00:00+00:00
[2025-03-24T23:25:28.071+0000] {processor.py:183} INFO - Processing /home/airflow/.local/lib/python3.8/site-packages/airflow/example_dags/example_branch_operator_decorator.py took 0.044 seconds
[2025-03-24T23:25:58.511+0000] {processor.py:161} INFO - Started process (PID=240) to work on /home/airflow/.local/lib/python3.8/site-packages/airflow/example_dags/example_branch_operator_decorator.py
[2025-03-24T23:25:58.513+0000] {processor.py:830} INFO - Processing file /home/airflow/.local/lib/python3.8/site-packages/airflow/example_dags/example_branch_operator_decorator.py for tasks to queue
[2025-03-24T23:25:58.515+0000] {logging_mixin.py:188} INFO - [2025-03-24T23:25:58.515+0000] {dagbag.py:538} INFO - Filling up the DagBag from /home/airflow/.local/lib/python3.8/site-packages/airflow/example_dags/example_branch_operator_decorator.py
[2025-03-24T23:25:58.524+0000] {processor.py:840} INFO - DAG(s) 'example_branch_python_operator_decorator' retrieved from /home/airflow/.local/lib/python3.8/site-packages/airflow/example_dags/example_branch_operator_decorator.py
[2025-03-24T23:25:58.536+0000] {logging_mixin.py:188} INFO - [2025-03-24T23:25:58.536+0000] {dag.py:3033} INFO - Sync 1 DAGs
[2025-03-24T23:25:58.545+0000] {logging_mixin.py:188} INFO - [2025-03-24T23:25:58.545+0000] {dag.py:3820} INFO - Setting next_dagrun for example_branch_python_operator_decorator to 2025-03-23T00:00:00+00:00, run_after=2025-03-24T00:00:00+00:00
[2025-03-24T23:25:58.554+0000] {processor.py:183} INFO - Processing /home/airflow/.local/lib/python3.8/site-packages/airflow/example_dags/example_branch_operator_decorator.py took 0.045 seconds
[2025-03-24T23:26:29.275+0000] {processor.py:161} INFO - Started process (PID=301) to work on /home/airflow/.local/lib/python3.8/site-packages/airflow/example_dags/example_branch_operator_decorator.py
[2025-03-24T23:26:29.278+0000] {processor.py:830} INFO - Processing file /home/airflow/.local/lib/python3.8/site-packages/airflow/example_dags/example_branch_operator_decorator.py for tasks to queue
[2025-03-24T23:26:29.279+0000] {logging_mixin.py:188} INFO - [2025-03-24T23:26:29.279+0000] {dagbag.py:538} INFO - Filling up the DagBag from /home/airflow/.local/lib/python3.8/site-packages/airflow/example_dags/example_branch_operator_decorator.py
[2025-03-24T23:26:29.289+0000] {processor.py:840} INFO - DAG(s) 'example_branch_python_operator_decorator' retrieved from /home/airflow/.local/lib/python3.8/site-packages/airflow/example_dags/example_branch_operator_decorator.py
[2025-03-24T23:26:29.303+0000] {logging_mixin.py:188} INFO - [2025-03-24T23:26:29.303+0000] {dag.py:3033} INFO - Sync 1 DAGs
[2025-03-24T23:26:29.315+0000] {logging_mixin.py:188} INFO - [2025-03-24T23:26:29.315+0000] {dag.py:3820} INFO - Setting next_dagrun for example_branch_python_operator_decorator to 2025-03-23T00:00:00+00:00, run_after=2025-03-24T00:00:00+00:00
[2025-03-24T23:26:29.325+0000] {processor.py:183} INFO - Processing /home/airflow/.local/lib/python3.8/site-packages/airflow/example_dags/example_branch_operator_decorator.py took 0.052 seconds
[2025-03-24T23:26:59.810+0000] {processor.py:161} INFO - Started process (PID=356) to work on /home/airflow/.local/lib/python3.8/site-packages/airflow/example_dags/example_branch_operator_decorator.py
[2025-03-24T23:26:59.811+0000] {processor.py:830} INFO - Processing file /home/airflow/.local/lib/python3.8/site-packages/airflow/example_dags/example_branch_operator_decorator.py for tasks to queue
[2025-03-24T23:26:59.812+0000] {logging_mixin.py:188} INFO - [2025-03-24T23:26:59.812+0000] {dagbag.py:538} INFO - Filling up the DagBag from /home/airflow/.local/lib/python3.8/site-packages/airflow/example_dags/example_branch_operator_decorator.py
[2025-03-24T23:26:59.819+0000] {processor.py:840} INFO - DAG(s) 'example_branch_python_operator_decorator' retrieved from /home/airflow/.local/lib/python3.8/site-packages/airflow/example_dags/example_branch_operator_decorator.py
[2025-03-24T23:26:59.831+0000] {logging_mixin.py:188} INFO - [2025-03-24T23:26:59.831+0000] {dag.py:3033} INFO - Sync 1 DAGs
[2025-03-24T23:26:59.840+0000] {logging_mixin.py:188} INFO - [2025-03-24T23:26:59.840+0000] {dag.py:3820} INFO - Setting next_dagrun for example_branch_python_operator_decorator to 2025-03-23T00:00:00+00:00, run_after=2025-03-24T00:00:00+00:00
[2025-03-24T23:26:59.852+0000] {processor.py:183} INFO - Processing /home/airflow/.local/lib/python3.8/site-packages/airflow/example_dags/example_branch_operator_decorator.py took 0.044 seconds
[2025-03-24T23:27:30.463+0000] {processor.py:161} INFO - Started process (PID=411) to work on /home/airflow/.local/lib/python3.8/site-packages/airflow/example_dags/example_branch_operator_decorator.py
[2025-03-24T23:27:30.464+0000] {processor.py:830} INFO - Processing file /home/airflow/.local/lib/python3.8/site-packages/airflow/example_dags/example_branch_operator_decorator.py for tasks to queue
[2025-03-24T23:27:30.465+0000] {logging_mixin.py:188} INFO - [2025-03-24T23:27:30.465+0000] {dagbag.py:538} INFO - Filling up the DagBag from /home/airflow/.local/lib/python3.8/site-packages/airflow/example_dags/example_branch_operator_decorator.py
[2025-03-24T23:27:30.474+0000] {processor.py:840} INFO - DAG(s) 'example_branch_python_operator_decorator' retrieved from /home/airflow/.local/lib/python3.8/site-packages/airflow/example_dags/example_branch_operator_decorator.py
[2025-03-24T23:27:30.488+0000] {logging_mixin.py:188} INFO - [2025-03-24T23:27:30.488+0000] {dag.py:3033} INFO - Sync 1 DAGs
[2025-03-24T23:27:30.499+0000] {logging_mixin.py:188} INFO - [2025-03-24T23:27:30.499+0000] {dag.py:3820} INFO - Setting next_dagrun for example_branch_python_operator_decorator to 2025-03-23T00:00:00+00:00, run_after=2025-03-24T00:00:00+00:00
[2025-03-24T23:27:30.509+0000] {processor.py:183} INFO - Processing /home/airflow/.local/lib/python3.8/site-packages/airflow/example_dags/example_branch_operator_decorator.py took 0.049 seconds
[2025-03-24T23:28:01.176+0000] {processor.py:161} INFO - Started process (PID=466) to work on /home/airflow/.local/lib/python3.8/site-packages/airflow/example_dags/example_branch_operator_decorator.py
[2025-03-24T23:28:01.177+0000] {processor.py:830} INFO - Processing file /home/airflow/.local/lib/python3.8/site-packages/airflow/example_dags/example_branch_operator_decorator.py for tasks to queue
[2025-03-24T23:28:01.178+0000] {logging_mixin.py:188} INFO - [2025-03-24T23:28:01.178+0000] {dagbag.py:538} INFO - Filling up the DagBag from /home/airflow/.local/lib/python3.8/site-packages/airflow/example_dags/example_branch_operator_decorator.py
[2025-03-24T23:28:01.185+0000] {processor.py:840} INFO - DAG(s) 'example_branch_python_operator_decorator' retrieved from /home/airflow/.local/lib/python3.8/site-packages/airflow/example_dags/example_branch_operator_decorator.py
[2025-03-24T23:28:01.198+0000] {logging_mixin.py:188} INFO - [2025-03-24T23:28:01.198+0000] {dag.py:3033} INFO - Sync 1 DAGs
[2025-03-24T23:28:01.208+0000] {logging_mixin.py:188} INFO - [2025-03-24T23:28:01.208+0000] {dag.py:3820} INFO - Setting next_dagrun for example_branch_python_operator_decorator to 2025-03-23T00:00:00+00:00, run_after=2025-03-24T00:00:00+00:00
[2025-03-24T23:28:01.218+0000] {processor.py:183} INFO - Processing /home/airflow/.local/lib/python3.8/site-packages/airflow/example_dags/example_branch_operator_decorator.py took 0.043 seconds
[2025-03-24T23:28:31.946+0000] {processor.py:161} INFO - Started process (PID=521) to work on /home/airflow/.local/lib/python3.8/site-packages/airflow/example_dags/example_branch_operator_decorator.py
[2025-03-24T23:28:31.946+0000] {processor.py:830} INFO - Processing file /home/airflow/.local/lib/python3.8/site-packages/airflow/example_dags/example_branch_operator_decorator.py for tasks to queue
[2025-03-24T23:28:31.947+0000] {logging_mixin.py:188} INFO - [2025-03-24T23:28:31.947+0000] {dagbag.py:538} INFO - Filling up the DagBag from /home/airflow/.local/lib/python3.8/site-packages/airflow/example_dags/example_branch_operator_decorator.py
[2025-03-24T23:28:31.958+0000] {processor.py:840} INFO - DAG(s) 'example_branch_python_operator_decorator' retrieved from /home/airflow/.local/lib/python3.8/site-packages/airflow/example_dags/example_branch_operator_decorator.py
[2025-03-24T23:28:31.971+0000] {logging_mixin.py:188} INFO - [2025-03-24T23:28:31.971+0000] {dag.py:3033} INFO - Sync 1 DAGs
[2025-03-24T23:28:31.981+0000] {logging_mixin.py:188} INFO - [2025-03-24T23:28:31.981+0000] {dag.py:3820} INFO - Setting next_dagrun for example_branch_python_operator_decorator to 2025-03-23T00:00:00+00:00, run_after=2025-03-24T00:00:00+00:00
[2025-03-24T23:28:31.989+0000] {processor.py:183} INFO - Processing /home/airflow/.local/lib/python3.8/site-packages/airflow/example_dags/example_branch_operator_decorator.py took 0.045 seconds
[2025-03-24T23:29:02.691+0000] {processor.py:161} INFO - Started process (PID=576) to work on /home/airflow/.local/lib/python3.8/site-packages/airflow/example_dags/example_branch_operator_decorator.py
[2025-03-24T23:29:02.692+0000] {processor.py:830} INFO - Processing file /home/airflow/.local/lib/python3.8/site-packages/airflow/example_dags/example_branch_operator_decorator.py for tasks to queue
[2025-03-24T23:29:02.693+0000] {logging_mixin.py:188} INFO - [2025-03-24T23:29:02.693+0000] {dagbag.py:538} INFO - Filling up the DagBag from /home/airflow/.local/lib/python3.8/site-packages/airflow/example_dags/example_branch_operator_decorator.py
[2025-03-24T23:29:02.700+0000] {processor.py:840} INFO - DAG(s) 'example_branch_python_operator_decorator' retrieved from /home/airflow/.local/lib/python3.8/site-packages/airflow/example_dags/example_branch_operator_decorator.py
[2025-03-24T23:29:02.711+0000] {logging_mixin.py:188} INFO - [2025-03-24T23:29:02.711+0000] {dag.py:3033} INFO - Sync 1 DAGs
[2025-03-24T23:29:02.723+0000] {logging_mixin.py:188} INFO - [2025-03-24T23:29:02.723+0000] {dag.py:3820} INFO - Setting next_dagrun for example_branch_python_operator_decorator to 2025-03-23T00:00:00+00:00, run_after=2025-03-24T00:00:00+00:00
[2025-03-24T23:29:02.734+0000] {processor.py:183} INFO - Processing /home/airflow/.local/lib/python3.8/site-packages/airflow/example_dags/example_branch_operator_decorator.py took 0.044 seconds
[2025-03-24T23:29:33.419+0000] {processor.py:161} INFO - Started process (PID=631) to work on /home/airflow/.local/lib/python3.8/site-packages/airflow/example_dags/example_branch_operator_decorator.py
[2025-03-24T23:29:33.421+0000] {processor.py:830} INFO - Processing file /home/airflow/.local/lib/python3.8/site-packages/airflow/example_dags/example_branch_operator_decorator.py for tasks to queue
[2025-03-24T23:29:33.422+0000] {logging_mixin.py:188} INFO - [2025-03-24T23:29:33.422+0000] {dagbag.py:538} INFO - Filling up the DagBag from /home/airflow/.local/lib/python3.8/site-packages/airflow/example_dags/example_branch_operator_decorator.py
[2025-03-24T23:29:33.429+0000] {processor.py:840} INFO - DAG(s) 'example_branch_python_operator_decorator' retrieved from /home/airflow/.local/lib/python3.8/site-packages/airflow/example_dags/example_branch_operator_decorator.py
[2025-03-24T23:29:33.443+0000] {logging_mixin.py:188} INFO - [2025-03-24T23:29:33.443+0000] {dag.py:3033} INFO - Sync 1 DAGs
[2025-03-24T23:29:33.452+0000] {logging_mixin.py:188} INFO - [2025-03-24T23:29:33.452+0000] {dag.py:3820} INFO - Setting next_dagrun for example_branch_python_operator_decorator to 2025-03-23T00:00:00+00:00, run_after=2025-03-24T00:00:00+00:00
[2025-03-24T23:29:33.460+0000] {processor.py:183} INFO - Processing /home/airflow/.local/lib/python3.8/site-packages/airflow/example_dags/example_branch_operator_decorator.py took 0.042 seconds
[2025-03-24T23:30:04.070+0000] {processor.py:161} INFO - Started process (PID=686) to work on /home/airflow/.local/lib/python3.8/site-packages/airflow/example_dags/example_branch_operator_decorator.py
[2025-03-24T23:30:04.072+0000] {processor.py:830} INFO - Processing file /home/airflow/.local/lib/python3.8/site-packages/airflow/example_dags/example_branch_operator_decorator.py for tasks to queue
[2025-03-24T23:30:04.073+0000] {logging_mixin.py:188} INFO - [2025-03-24T23:30:04.073+0000] {dagbag.py:538} INFO - Filling up the DagBag from /home/airflow/.local/lib/python3.8/site-packages/airflow/example_dags/example_branch_operator_decorator.py
[2025-03-24T23:30:04.080+0000] {processor.py:840} INFO - DAG(s) 'example_branch_python_operator_decorator' retrieved from /home/airflow/.local/lib/python3.8/site-packages/airflow/example_dags/example_branch_operator_decorator.py
[2025-03-24T23:30:04.101+0000] {logging_mixin.py:188} INFO - [2025-03-24T23:30:04.101+0000] {dag.py:3033} INFO - Sync 1 DAGs
[2025-03-24T23:30:04.112+0000] {logging_mixin.py:188} INFO - [2025-03-24T23:30:04.112+0000] {dag.py:3820} INFO - Setting next_dagrun for example_branch_python_operator_decorator to 2025-03-23T00:00:00+00:00, run_after=2025-03-24T00:00:00+00:00
[2025-03-24T23:30:04.121+0000] {processor.py:183} INFO - Processing /home/airflow/.local/lib/python3.8/site-packages/airflow/example_dags/example_branch_operator_decorator.py took 0.053 seconds
[2025-03-24T23:30:34.619+0000] {processor.py:161} INFO - Started process (PID=741) to work on /home/airflow/.local/lib/python3.8/site-packages/airflow/example_dags/example_branch_operator_decorator.py
[2025-03-24T23:30:34.619+0000] {processor.py:830} INFO - Processing file /home/airflow/.local/lib/python3.8/site-packages/airflow/example_dags/example_branch_operator_decorator.py for tasks to queue
[2025-03-24T23:30:34.620+0000] {logging_mixin.py:188} INFO - [2025-03-24T23:30:34.620+0000] {dagbag.py:538} INFO - Filling up the DagBag from /home/airflow/.local/lib/python3.8/site-packages/airflow/example_dags/example_branch_operator_decorator.py
[2025-03-24T23:30:34.627+0000] {processor.py:840} INFO - DAG(s) 'example_branch_python_operator_decorator' retrieved from /home/airflow/.local/lib/python3.8/site-packages/airflow/example_dags/example_branch_operator_decorator.py
[2025-03-24T23:30:34.638+0000] {logging_mixin.py:188} INFO - [2025-03-24T23:30:34.638+0000] {dag.py:3033} INFO - Sync 1 DAGs
[2025-03-24T23:30:34.646+0000] {logging_mixin.py:188} INFO - [2025-03-24T23:30:34.646+0000] {dag.py:3820} INFO - Setting next_dagrun for example_branch_python_operator_decorator to 2025-03-23T00:00:00+00:00, run_after=2025-03-24T00:00:00+00:00
[2025-03-24T23:30:34.654+0000] {processor.py:183} INFO - Processing /home/airflow/.local/lib/python3.8/site-packages/airflow/example_dags/example_branch_operator_decorator.py took 0.037 seconds
[2025-03-24T23:31:05.493+0000] {processor.py:161} INFO - Started process (PID=796) to work on /home/airflow/.local/lib/python3.8/site-packages/airflow/example_dags/example_branch_operator_decorator.py
[2025-03-24T23:31:05.494+0000] {processor.py:830} INFO - Processing file /home/airflow/.local/lib/python3.8/site-packages/airflow/example_dags/example_branch_operator_decorator.py for tasks to queue
[2025-03-24T23:31:05.495+0000] {logging_mixin.py:188} INFO - [2025-03-24T23:31:05.495+0000] {dagbag.py:538} INFO - Filling up the DagBag from /home/airflow/.local/lib/python3.8/site-packages/airflow/example_dags/example_branch_operator_decorator.py
[2025-03-24T23:31:05.502+0000] {processor.py:840} INFO - DAG(s) 'example_branch_python_operator_decorator' retrieved from /home/airflow/.local/lib/python3.8/site-packages/airflow/example_dags/example_branch_operator_decorator.py
[2025-03-24T23:31:05.513+0000] {logging_mixin.py:188} INFO - [2025-03-24T23:31:05.513+0000] {dag.py:3033} INFO - Sync 1 DAGs
[2025-03-24T23:31:05.522+0000] {logging_mixin.py:188} INFO - [2025-03-24T23:31:05.522+0000] {dag.py:3820} INFO - Setting next_dagrun for example_branch_python_operator_decorator to 2025-03-23T00:00:00+00:00, run_after=2025-03-24T00:00:00+00:00
[2025-03-24T23:31:05.529+0000] {processor.py:183} INFO - Processing /home/airflow/.local/lib/python3.8/site-packages/airflow/example_dags/example_branch_operator_decorator.py took 0.037 seconds
[2025-03-24T23:31:36.269+0000] {processor.py:161} INFO - Started process (PID=851) to work on /home/airflow/.local/lib/python3.8/site-packages/airflow/example_dags/example_branch_operator_decorator.py
[2025-03-24T23:31:36.270+0000] {processor.py:830} INFO - Processing file /home/airflow/.local/lib/python3.8/site-packages/airflow/example_dags/example_branch_operator_decorator.py for tasks to queue
[2025-03-24T23:31:36.271+0000] {logging_mixin.py:188} INFO - [2025-03-24T23:31:36.271+0000] {dagbag.py:538} INFO - Filling up the DagBag from /home/airflow/.local/lib/python3.8/site-packages/airflow/example_dags/example_branch_operator_decorator.py
[2025-03-24T23:31:36.277+0000] {processor.py:840} INFO - DAG(s) 'example_branch_python_operator_decorator' retrieved from /home/airflow/.local/lib/python3.8/site-packages/airflow/example_dags/example_branch_operator_decorator.py
[2025-03-24T23:31:36.289+0000] {logging_mixin.py:188} INFO - [2025-03-24T23:31:36.288+0000] {dag.py:3033} INFO - Sync 1 DAGs
[2025-03-24T23:31:36.298+0000] {logging_mixin.py:188} INFO - [2025-03-24T23:31:36.298+0000] {dag.py:3820} INFO - Setting next_dagrun for example_branch_python_operator_decorator to 2025-03-23T00:00:00+00:00, run_after=2025-03-24T00:00:00+00:00
[2025-03-24T23:31:36.305+0000] {processor.py:183} INFO - Processing /home/airflow/.local/lib/python3.8/site-packages/airflow/example_dags/example_branch_operator_decorator.py took 0.037 seconds
[2025-03-24T23:32:07.096+0000] {processor.py:161} INFO - Started process (PID=906) to work on /home/airflow/.local/lib/python3.8/site-packages/airflow/example_dags/example_branch_operator_decorator.py
[2025-03-24T23:32:07.097+0000] {processor.py:830} INFO - Processing file /home/airflow/.local/lib/python3.8/site-packages/airflow/example_dags/example_branch_operator_decorator.py for tasks to queue
[2025-03-24T23:32:07.098+0000] {logging_mixin.py:188} INFO - [2025-03-24T23:32:07.097+0000] {dagbag.py:538} INFO - Filling up the DagBag from /home/airflow/.local/lib/python3.8/site-packages/airflow/example_dags/example_branch_operator_decorator.py
[2025-03-24T23:32:07.104+0000] {processor.py:840} INFO - DAG(s) 'example_branch_python_operator_decorator' retrieved from /home/airflow/.local/lib/python3.8/site-packages/airflow/example_dags/example_branch_operator_decorator.py
[2025-03-24T23:32:07.117+0000] {logging_mixin.py:188} INFO - [2025-03-24T23:32:07.117+0000] {dag.py:3033} INFO - Sync 1 DAGs
[2025-03-24T23:32:07.127+0000] {logging_mixin.py:188} INFO - [2025-03-24T23:32:07.127+0000] {dag.py:3820} INFO - Setting next_dagrun for example_branch_python_operator_decorator to 2025-03-23T00:00:00+00:00, run_after=2025-03-24T00:00:00+00:00
[2025-03-24T23:32:07.133+0000] {processor.py:183} INFO - Processing /home/airflow/.local/lib/python3.8/site-packages/airflow/example_dags/example_branch_operator_decorator.py took 0.038 seconds
[2025-03-24T23:32:38.031+0000] {processor.py:161} INFO - Started process (PID=961) to work on /home/airflow/.local/lib/python3.8/site-packages/airflow/example_dags/example_branch_operator_decorator.py
[2025-03-24T23:32:38.031+0000] {processor.py:830} INFO - Processing file /home/airflow/.local/lib/python3.8/site-packages/airflow/example_dags/example_branch_operator_decorator.py for tasks to queue
[2025-03-24T23:32:38.032+0000] {logging_mixin.py:188} INFO - [2025-03-24T23:32:38.032+0000] {dagbag.py:538} INFO - Filling up the DagBag from /home/airflow/.local/lib/python3.8/site-packages/airflow/example_dags/example_branch_operator_decorator.py
[2025-03-24T23:32:38.039+0000] {processor.py:840} INFO - DAG(s) 'example_branch_python_operator_decorator' retrieved from /home/airflow/.local/lib/python3.8/site-packages/airflow/example_dags/example_branch_operator_decorator.py
[2025-03-24T23:32:38.050+0000] {logging_mixin.py:188} INFO - [2025-03-24T23:32:38.050+0000] {dag.py:3033} INFO - Sync 1 DAGs
[2025-03-24T23:32:38.059+0000] {logging_mixin.py:188} INFO - [2025-03-24T23:32:38.059+0000] {dag.py:3820} INFO - Setting next_dagrun for example_branch_python_operator_decorator to 2025-03-23T00:00:00+00:00, run_after=2025-03-24T00:00:00+00:00
[2025-03-24T23:32:38.068+0000] {processor.py:183} INFO - Processing /home/airflow/.local/lib/python3.8/site-packages/airflow/example_dags/example_branch_operator_decorator.py took 0.038 seconds
[2025-03-24T23:33:08.699+0000] {processor.py:161} INFO - Started process (PID=1016) to work on /home/airflow/.local/lib/python3.8/site-packages/airflow/example_dags/example_branch_operator_decorator.py
[2025-03-24T23:33:08.699+0000] {processor.py:830} INFO - Processing file /home/airflow/.local/lib/python3.8/site-packages/airflow/example_dags/example_branch_operator_decorator.py for tasks to queue
[2025-03-24T23:33:08.700+0000] {logging_mixin.py:188} INFO - [2025-03-24T23:33:08.700+0000] {dagbag.py:538} INFO - Filling up the DagBag from /home/airflow/.local/lib/python3.8/site-packages/airflow/example_dags/example_branch_operator_decorator.py
[2025-03-24T23:33:08.708+0000] {processor.py:840} INFO - DAG(s) 'example_branch_python_operator_decorator' retrieved from /home/airflow/.local/lib/python3.8/site-packages/airflow/example_dags/example_branch_operator_decorator.py
[2025-03-24T23:33:08.719+0000] {logging_mixin.py:188} INFO - [2025-03-24T23:33:08.719+0000] {dag.py:3033} INFO - Sync 1 DAGs
[2025-03-24T23:33:08.727+0000] {logging_mixin.py:188} INFO - [2025-03-24T23:33:08.726+0000] {dag.py:3820} INFO - Setting next_dagrun for example_branch_python_operator_decorator to 2025-03-23T00:00:00+00:00, run_after=2025-03-24T00:00:00+00:00
[2025-03-24T23:33:08.733+0000] {processor.py:183} INFO - Processing /home/airflow/.local/lib/python3.8/site-packages/airflow/example_dags/example_branch_operator_decorator.py took 0.036 seconds
[2025-03-24T23:33:39.162+0000] {processor.py:161} INFO - Started process (PID=1071) to work on /home/airflow/.local/lib/python3.8/site-packages/airflow/example_dags/example_branch_operator_decorator.py
[2025-03-24T23:33:39.163+0000] {processor.py:830} INFO - Processing file /home/airflow/.local/lib/python3.8/site-packages/airflow/example_dags/example_branch_operator_decorator.py for tasks to queue
[2025-03-24T23:33:39.164+0000] {logging_mixin.py:188} INFO - [2025-03-24T23:33:39.163+0000] {dagbag.py:538} INFO - Filling up the DagBag from /home/airflow/.local/lib/python3.8/site-packages/airflow/example_dags/example_branch_operator_decorator.py
[2025-03-24T23:33:39.171+0000] {processor.py:840} INFO - DAG(s) 'example_branch_python_operator_decorator' retrieved from /home/airflow/.local/lib/python3.8/site-packages/airflow/example_dags/example_branch_operator_decorator.py
[2025-03-24T23:33:39.183+0000] {logging_mixin.py:188} INFO - [2025-03-24T23:33:39.183+0000] {dag.py:3033} INFO - Sync 1 DAGs
[2025-03-24T23:33:39.195+0000] {logging_mixin.py:188} INFO - [2025-03-24T23:33:39.194+0000] {dag.py:3820} INFO - Setting next_dagrun for example_branch_python_operator_decorator to 2025-03-23T00:00:00+00:00, run_after=2025-03-24T00:00:00+00:00
[2025-03-24T23:33:39.202+0000] {processor.py:183} INFO - Processing /home/airflow/.local/lib/python3.8/site-packages/airflow/example_dags/example_branch_operator_decorator.py took 0.041 seconds
[2025-03-24T23:34:09.676+0000] {processor.py:161} INFO - Started process (PID=1126) to work on /home/airflow/.local/lib/python3.8/site-packages/airflow/example_dags/example_branch_operator_decorator.py
[2025-03-24T23:34:09.677+0000] {processor.py:830} INFO - Processing file /home/airflow/.local/lib/python3.8/site-packages/airflow/example_dags/example_branch_operator_decorator.py for tasks to queue
[2025-03-24T23:34:09.678+0000] {logging_mixin.py:188} INFO - [2025-03-24T23:34:09.678+0000] {dagbag.py:538} INFO - Filling up the DagBag from /home/airflow/.local/lib/python3.8/site-packages/airflow/example_dags/example_branch_operator_decorator.py
[2025-03-24T23:34:09.686+0000] {processor.py:840} INFO - DAG(s) 'example_branch_python_operator_decorator' retrieved from /home/airflow/.local/lib/python3.8/site-packages/airflow/example_dags/example_branch_operator_decorator.py
[2025-03-24T23:34:09.699+0000] {logging_mixin.py:188} INFO - [2025-03-24T23:34:09.699+0000] {dag.py:3033} INFO - Sync 1 DAGs
[2025-03-24T23:34:09.709+0000] {logging_mixin.py:188} INFO - [2025-03-24T23:34:09.709+0000] {dag.py:3820} INFO - Setting next_dagrun for example_branch_python_operator_decorator to 2025-03-23T00:00:00+00:00, run_after=2025-03-24T00:00:00+00:00
[2025-03-24T23:34:09.717+0000] {processor.py:183} INFO - Processing /home/airflow/.local/lib/python3.8/site-packages/airflow/example_dags/example_branch_operator_decorator.py took 0.043 seconds
[2025-03-24T23:34:40.520+0000] {processor.py:161} INFO - Started process (PID=1181) to work on /home/airflow/.local/lib/python3.8/site-packages/airflow/example_dags/example_branch_operator_decorator.py
[2025-03-24T23:34:40.521+0000] {processor.py:830} INFO - Processing file /home/airflow/.local/lib/python3.8/site-packages/airflow/example_dags/example_branch_operator_decorator.py for tasks to queue
[2025-03-24T23:34:40.523+0000] {logging_mixin.py:188} INFO - [2025-03-24T23:34:40.523+0000] {dagbag.py:538} INFO - Filling up the DagBag from /home/airflow/.local/lib/python3.8/site-packages/airflow/example_dags/example_branch_operator_decorator.py
[2025-03-24T23:34:40.533+0000] {processor.py:840} INFO - DAG(s) 'example_branch_python_operator_decorator' retrieved from /home/airflow/.local/lib/python3.8/site-packages/airflow/example_dags/example_branch_operator_decorator.py
[2025-03-24T23:34:40.549+0000] {logging_mixin.py:188} INFO - [2025-03-24T23:34:40.549+0000] {dag.py:3033} INFO - Sync 1 DAGs
[2025-03-24T23:34:40.561+0000] {logging_mixin.py:188} INFO - [2025-03-24T23:34:40.560+0000] {dag.py:3820} INFO - Setting next_dagrun for example_branch_python_operator_decorator to 2025-03-23T00:00:00+00:00, run_after=2025-03-24T00:00:00+00:00
[2025-03-24T23:34:40.575+0000] {processor.py:183} INFO - Processing /home/airflow/.local/lib/python3.8/site-packages/airflow/example_dags/example_branch_operator_decorator.py took 0.056 seconds
[2025-03-24T23:35:10.680+0000] {processor.py:161} INFO - Started process (PID=1236) to work on /home/airflow/.local/lib/python3.8/site-packages/airflow/example_dags/example_branch_operator_decorator.py
[2025-03-24T23:35:10.680+0000] {processor.py:830} INFO - Processing file /home/airflow/.local/lib/python3.8/site-packages/airflow/example_dags/example_branch_operator_decorator.py for tasks to queue
[2025-03-24T23:35:10.682+0000] {logging_mixin.py:188} INFO - [2025-03-24T23:35:10.682+0000] {dagbag.py:538} INFO - Filling up the DagBag from /home/airflow/.local/lib/python3.8/site-packages/airflow/example_dags/example_branch_operator_decorator.py
[2025-03-24T23:35:10.690+0000] {processor.py:840} INFO - DAG(s) 'example_branch_python_operator_decorator' retrieved from /home/airflow/.local/lib/python3.8/site-packages/airflow/example_dags/example_branch_operator_decorator.py
[2025-03-24T23:35:10.704+0000] {logging_mixin.py:188} INFO - [2025-03-24T23:35:10.704+0000] {dag.py:3033} INFO - Sync 1 DAGs
[2025-03-24T23:35:10.719+0000] {logging_mixin.py:188} INFO - [2025-03-24T23:35:10.719+0000] {dag.py:3820} INFO - Setting next_dagrun for example_branch_python_operator_decorator to 2025-03-23T00:00:00+00:00, run_after=2025-03-24T00:00:00+00:00
[2025-03-24T23:35:10.729+0000] {processor.py:183} INFO - Processing /home/airflow/.local/lib/python3.8/site-packages/airflow/example_dags/example_branch_operator_decorator.py took 0.051 seconds
[2025-03-24T23:35:41.527+0000] {processor.py:161} INFO - Started process (PID=1291) to work on /home/airflow/.local/lib/python3.8/site-packages/airflow/example_dags/example_branch_operator_decorator.py
[2025-03-24T23:35:41.527+0000] {processor.py:830} INFO - Processing file /home/airflow/.local/lib/python3.8/site-packages/airflow/example_dags/example_branch_operator_decorator.py for tasks to queue
[2025-03-24T23:35:41.528+0000] {logging_mixin.py:188} INFO - [2025-03-24T23:35:41.528+0000] {dagbag.py:538} INFO - Filling up the DagBag from /home/airflow/.local/lib/python3.8/site-packages/airflow/example_dags/example_branch_operator_decorator.py
[2025-03-24T23:35:41.536+0000] {processor.py:840} INFO - DAG(s) 'example_branch_python_operator_decorator' retrieved from /home/airflow/.local/lib/python3.8/site-packages/airflow/example_dags/example_branch_operator_decorator.py
[2025-03-24T23:35:41.549+0000] {logging_mixin.py:188} INFO - [2025-03-24T23:35:41.549+0000] {dag.py:3033} INFO - Sync 1 DAGs
[2025-03-24T23:35:41.559+0000] {logging_mixin.py:188} INFO - [2025-03-24T23:35:41.559+0000] {dag.py:3820} INFO - Setting next_dagrun for example_branch_python_operator_decorator to 2025-03-23T00:00:00+00:00, run_after=2025-03-24T00:00:00+00:00
[2025-03-24T23:35:41.567+0000] {processor.py:183} INFO - Processing /home/airflow/.local/lib/python3.8/site-packages/airflow/example_dags/example_branch_operator_decorator.py took 0.041 seconds
[2025-03-24T23:36:12.180+0000] {processor.py:161} INFO - Started process (PID=1347) to work on /home/airflow/.local/lib/python3.8/site-packages/airflow/example_dags/example_branch_operator_decorator.py
[2025-03-24T23:36:12.181+0000] {processor.py:830} INFO - Processing file /home/airflow/.local/lib/python3.8/site-packages/airflow/example_dags/example_branch_operator_decorator.py for tasks to queue
[2025-03-24T23:36:12.181+0000] {logging_mixin.py:188} INFO - [2025-03-24T23:36:12.181+0000] {dagbag.py:538} INFO - Filling up the DagBag from /home/airflow/.local/lib/python3.8/site-packages/airflow/example_dags/example_branch_operator_decorator.py
[2025-03-24T23:36:12.188+0000] {processor.py:840} INFO - DAG(s) 'example_branch_python_operator_decorator' retrieved from /home/airflow/.local/lib/python3.8/site-packages/airflow/example_dags/example_branch_operator_decorator.py
[2025-03-24T23:36:12.201+0000] {logging_mixin.py:188} INFO - [2025-03-24T23:36:12.201+0000] {dag.py:3033} INFO - Sync 1 DAGs
[2025-03-24T23:36:12.209+0000] {logging_mixin.py:188} INFO - [2025-03-24T23:36:12.209+0000] {dag.py:3820} INFO - Setting next_dagrun for example_branch_python_operator_decorator to 2025-03-23T00:00:00+00:00, run_after=2025-03-24T00:00:00+00:00
[2025-03-24T23:36:12.219+0000] {processor.py:183} INFO - Processing /home/airflow/.local/lib/python3.8/site-packages/airflow/example_dags/example_branch_operator_decorator.py took 0.040 seconds
[2025-03-24T23:36:42.890+0000] {processor.py:161} INFO - Started process (PID=1401) to work on /home/airflow/.local/lib/python3.8/site-packages/airflow/example_dags/example_branch_operator_decorator.py
[2025-03-24T23:36:42.892+0000] {processor.py:830} INFO - Processing file /home/airflow/.local/lib/python3.8/site-packages/airflow/example_dags/example_branch_operator_decorator.py for tasks to queue
[2025-03-24T23:36:42.893+0000] {logging_mixin.py:188} INFO - [2025-03-24T23:36:42.892+0000] {dagbag.py:538} INFO - Filling up the DagBag from /home/airflow/.local/lib/python3.8/site-packages/airflow/example_dags/example_branch_operator_decorator.py
[2025-03-24T23:36:42.900+0000] {processor.py:840} INFO - DAG(s) 'example_branch_python_operator_decorator' retrieved from /home/airflow/.local/lib/python3.8/site-packages/airflow/example_dags/example_branch_operator_decorator.py
[2025-03-24T23:36:42.911+0000] {logging_mixin.py:188} INFO - [2025-03-24T23:36:42.911+0000] {dag.py:3033} INFO - Sync 1 DAGs
[2025-03-24T23:36:42.924+0000] {logging_mixin.py:188} INFO - [2025-03-24T23:36:42.924+0000] {dag.py:3820} INFO - Setting next_dagrun for example_branch_python_operator_decorator to 2025-03-23T00:00:00+00:00, run_after=2025-03-24T00:00:00+00:00
[2025-03-24T23:36:42.932+0000] {processor.py:183} INFO - Processing /home/airflow/.local/lib/python3.8/site-packages/airflow/example_dags/example_branch_operator_decorator.py took 0.043 seconds
[2025-03-24T23:37:13.765+0000] {processor.py:161} INFO - Started process (PID=1456) to work on /home/airflow/.local/lib/python3.8/site-packages/airflow/example_dags/example_branch_operator_decorator.py
[2025-03-24T23:37:13.768+0000] {processor.py:830} INFO - Processing file /home/airflow/.local/lib/python3.8/site-packages/airflow/example_dags/example_branch_operator_decorator.py for tasks to queue
[2025-03-24T23:37:13.769+0000] {logging_mixin.py:188} INFO - [2025-03-24T23:37:13.769+0000] {dagbag.py:538} INFO - Filling up the DagBag from /home/airflow/.local/lib/python3.8/site-packages/airflow/example_dags/example_branch_operator_decorator.py
[2025-03-24T23:37:13.777+0000] {processor.py:840} INFO - DAG(s) 'example_branch_python_operator_decorator' retrieved from /home/airflow/.local/lib/python3.8/site-packages/airflow/example_dags/example_branch_operator_decorator.py
[2025-03-24T23:37:13.789+0000] {logging_mixin.py:188} INFO - [2025-03-24T23:37:13.789+0000] {dag.py:3033} INFO - Sync 1 DAGs
[2025-03-24T23:37:13.802+0000] {logging_mixin.py:188} INFO - [2025-03-24T23:37:13.802+0000] {dag.py:3820} INFO - Setting next_dagrun for example_branch_python_operator_decorator to 2025-03-23T00:00:00+00:00, run_after=2025-03-24T00:00:00+00:00
[2025-03-24T23:37:13.813+0000] {processor.py:183} INFO - Processing /home/airflow/.local/lib/python3.8/site-packages/airflow/example_dags/example_branch_operator_decorator.py took 0.050 seconds
[2025-03-24T23:37:44.640+0000] {processor.py:161} INFO - Started process (PID=1511) to work on /home/airflow/.local/lib/python3.8/site-packages/airflow/example_dags/example_branch_operator_decorator.py
[2025-03-24T23:37:44.641+0000] {processor.py:830} INFO - Processing file /home/airflow/.local/lib/python3.8/site-packages/airflow/example_dags/example_branch_operator_decorator.py for tasks to queue
[2025-03-24T23:37:44.641+0000] {logging_mixin.py:188} INFO - [2025-03-24T23:37:44.641+0000] {dagbag.py:538} INFO - Filling up the DagBag from /home/airflow/.local/lib/python3.8/site-packages/airflow/example_dags/example_branch_operator_decorator.py
[2025-03-24T23:37:44.649+0000] {processor.py:840} INFO - DAG(s) 'example_branch_python_operator_decorator' retrieved from /home/airflow/.local/lib/python3.8/site-packages/airflow/example_dags/example_branch_operator_decorator.py
[2025-03-24T23:37:44.660+0000] {logging_mixin.py:188} INFO - [2025-03-24T23:37:44.660+0000] {dag.py:3033} INFO - Sync 1 DAGs
[2025-03-24T23:37:44.670+0000] {logging_mixin.py:188} INFO - [2025-03-24T23:37:44.670+0000] {dag.py:3820} INFO - Setting next_dagrun for example_branch_python_operator_decorator to 2025-03-23T00:00:00+00:00, run_after=2025-03-24T00:00:00+00:00
[2025-03-24T23:37:44.679+0000] {processor.py:183} INFO - Processing /home/airflow/.local/lib/python3.8/site-packages/airflow/example_dags/example_branch_operator_decorator.py took 0.040 seconds
[2025-03-24T23:38:15.371+0000] {processor.py:161} INFO - Started process (PID=1567) to work on /home/airflow/.local/lib/python3.8/site-packages/airflow/example_dags/example_branch_operator_decorator.py
[2025-03-24T23:38:15.371+0000] {processor.py:830} INFO - Processing file /home/airflow/.local/lib/python3.8/site-packages/airflow/example_dags/example_branch_operator_decorator.py for tasks to queue
[2025-03-24T23:38:15.372+0000] {logging_mixin.py:188} INFO - [2025-03-24T23:38:15.372+0000] {dagbag.py:538} INFO - Filling up the DagBag from /home/airflow/.local/lib/python3.8/site-packages/airflow/example_dags/example_branch_operator_decorator.py
[2025-03-24T23:38:15.379+0000] {processor.py:840} INFO - DAG(s) 'example_branch_python_operator_decorator' retrieved from /home/airflow/.local/lib/python3.8/site-packages/airflow/example_dags/example_branch_operator_decorator.py
[2025-03-24T23:38:15.393+0000] {logging_mixin.py:188} INFO - [2025-03-24T23:38:15.393+0000] {dag.py:3033} INFO - Sync 1 DAGs
[2025-03-24T23:38:15.405+0000] {logging_mixin.py:188} INFO - [2025-03-24T23:38:15.404+0000] {dag.py:3820} INFO - Setting next_dagrun for example_branch_python_operator_decorator to 2025-03-23T00:00:00+00:00, run_after=2025-03-24T00:00:00+00:00
[2025-03-24T23:38:15.415+0000] {processor.py:183} INFO - Processing /home/airflow/.local/lib/python3.8/site-packages/airflow/example_dags/example_branch_operator_decorator.py took 0.046 seconds
[2025-03-24T23:38:46.091+0000] {processor.py:161} INFO - Started process (PID=1622) to work on /home/airflow/.local/lib/python3.8/site-packages/airflow/example_dags/example_branch_operator_decorator.py
[2025-03-24T23:38:46.092+0000] {processor.py:830} INFO - Processing file /home/airflow/.local/lib/python3.8/site-packages/airflow/example_dags/example_branch_operator_decorator.py for tasks to queue
[2025-03-24T23:38:46.093+0000] {logging_mixin.py:188} INFO - [2025-03-24T23:38:46.093+0000] {dagbag.py:538} INFO - Filling up the DagBag from /home/airflow/.local/lib/python3.8/site-packages/airflow/example_dags/example_branch_operator_decorator.py
[2025-03-24T23:38:46.100+0000] {processor.py:840} INFO - DAG(s) 'example_branch_python_operator_decorator' retrieved from /home/airflow/.local/lib/python3.8/site-packages/airflow/example_dags/example_branch_operator_decorator.py
[2025-03-24T23:38:46.113+0000] {logging_mixin.py:188} INFO - [2025-03-24T23:38:46.113+0000] {dag.py:3033} INFO - Sync 1 DAGs
[2025-03-24T23:38:46.123+0000] {logging_mixin.py:188} INFO - [2025-03-24T23:38:46.123+0000] {dag.py:3820} INFO - Setting next_dagrun for example_branch_python_operator_decorator to 2025-03-23T00:00:00+00:00, run_after=2025-03-24T00:00:00+00:00
[2025-03-24T23:38:46.133+0000] {processor.py:183} INFO - Processing /home/airflow/.local/lib/python3.8/site-packages/airflow/example_dags/example_branch_operator_decorator.py took 0.043 seconds
[2025-03-24T23:39:16.955+0000] {processor.py:161} INFO - Started process (PID=1676) to work on /home/airflow/.local/lib/python3.8/site-packages/airflow/example_dags/example_branch_operator_decorator.py
[2025-03-24T23:39:16.956+0000] {processor.py:830} INFO - Processing file /home/airflow/.local/lib/python3.8/site-packages/airflow/example_dags/example_branch_operator_decorator.py for tasks to queue
[2025-03-24T23:39:16.957+0000] {logging_mixin.py:188} INFO - [2025-03-24T23:39:16.957+0000] {dagbag.py:538} INFO - Filling up the DagBag from /home/airflow/.local/lib/python3.8/site-packages/airflow/example_dags/example_branch_operator_decorator.py
[2025-03-24T23:39:16.966+0000] {processor.py:840} INFO - DAG(s) 'example_branch_python_operator_decorator' retrieved from /home/airflow/.local/lib/python3.8/site-packages/airflow/example_dags/example_branch_operator_decorator.py
[2025-03-24T23:39:16.982+0000] {logging_mixin.py:188} INFO - [2025-03-24T23:39:16.982+0000] {dag.py:3033} INFO - Sync 1 DAGs
[2025-03-24T23:39:16.997+0000] {logging_mixin.py:188} INFO - [2025-03-24T23:39:16.997+0000] {dag.py:3820} INFO - Setting next_dagrun for example_branch_python_operator_decorator to 2025-03-23T00:00:00+00:00, run_after=2025-03-24T00:00:00+00:00
[2025-03-24T23:39:17.011+0000] {processor.py:183} INFO - Processing /home/airflow/.local/lib/python3.8/site-packages/airflow/example_dags/example_branch_operator_decorator.py took 0.058 seconds
[2025-03-24T23:39:47.763+0000] {processor.py:161} INFO - Started process (PID=1731) to work on /home/airflow/.local/lib/python3.8/site-packages/airflow/example_dags/example_branch_operator_decorator.py
[2025-03-24T23:39:47.764+0000] {processor.py:830} INFO - Processing file /home/airflow/.local/lib/python3.8/site-packages/airflow/example_dags/example_branch_operator_decorator.py for tasks to queue
[2025-03-24T23:39:47.765+0000] {logging_mixin.py:188} INFO - [2025-03-24T23:39:47.765+0000] {dagbag.py:538} INFO - Filling up the DagBag from /home/airflow/.local/lib/python3.8/site-packages/airflow/example_dags/example_branch_operator_decorator.py
[2025-03-24T23:39:47.773+0000] {processor.py:840} INFO - DAG(s) 'example_branch_python_operator_decorator' retrieved from /home/airflow/.local/lib/python3.8/site-packages/airflow/example_dags/example_branch_operator_decorator.py
[2025-03-24T23:39:47.785+0000] {logging_mixin.py:188} INFO - [2025-03-24T23:39:47.785+0000] {dag.py:3033} INFO - Sync 1 DAGs
[2025-03-24T23:39:47.794+0000] {logging_mixin.py:188} INFO - [2025-03-24T23:39:47.794+0000] {dag.py:3820} INFO - Setting next_dagrun for example_branch_python_operator_decorator to 2025-03-23T00:00:00+00:00, run_after=2025-03-24T00:00:00+00:00
[2025-03-24T23:39:47.801+0000] {processor.py:183} INFO - Processing /home/airflow/.local/lib/python3.8/site-packages/airflow/example_dags/example_branch_operator_decorator.py took 0.040 seconds
[2025-03-24T23:40:18.335+0000] {processor.py:161} INFO - Started process (PID=1786) to work on /home/airflow/.local/lib/python3.8/site-packages/airflow/example_dags/example_branch_operator_decorator.py
[2025-03-24T23:40:18.335+0000] {processor.py:830} INFO - Processing file /home/airflow/.local/lib/python3.8/site-packages/airflow/example_dags/example_branch_operator_decorator.py for tasks to queue
[2025-03-24T23:40:18.336+0000] {logging_mixin.py:188} INFO - [2025-03-24T23:40:18.336+0000] {dagbag.py:538} INFO - Filling up the DagBag from /home/airflow/.local/lib/python3.8/site-packages/airflow/example_dags/example_branch_operator_decorator.py
[2025-03-24T23:40:18.344+0000] {processor.py:840} INFO - DAG(s) 'example_branch_python_operator_decorator' retrieved from /home/airflow/.local/lib/python3.8/site-packages/airflow/example_dags/example_branch_operator_decorator.py
[2025-03-24T23:40:18.356+0000] {logging_mixin.py:188} INFO - [2025-03-24T23:40:18.356+0000] {dag.py:3033} INFO - Sync 1 DAGs
[2025-03-24T23:40:18.364+0000] {logging_mixin.py:188} INFO - [2025-03-24T23:40:18.364+0000] {dag.py:3820} INFO - Setting next_dagrun for example_branch_python_operator_decorator to 2025-03-23T00:00:00+00:00, run_after=2025-03-24T00:00:00+00:00
[2025-03-24T23:40:18.374+0000] {processor.py:183} INFO - Processing /home/airflow/.local/lib/python3.8/site-packages/airflow/example_dags/example_branch_operator_decorator.py took 0.041 seconds
[2025-03-24T23:40:48.900+0000] {processor.py:161} INFO - Started process (PID=1841) to work on /home/airflow/.local/lib/python3.8/site-packages/airflow/example_dags/example_branch_operator_decorator.py
[2025-03-24T23:40:48.900+0000] {processor.py:830} INFO - Processing file /home/airflow/.local/lib/python3.8/site-packages/airflow/example_dags/example_branch_operator_decorator.py for tasks to queue
[2025-03-24T23:40:48.901+0000] {logging_mixin.py:188} INFO - [2025-03-24T23:40:48.901+0000] {dagbag.py:538} INFO - Filling up the DagBag from /home/airflow/.local/lib/python3.8/site-packages/airflow/example_dags/example_branch_operator_decorator.py
[2025-03-24T23:40:48.908+0000] {processor.py:840} INFO - DAG(s) 'example_branch_python_operator_decorator' retrieved from /home/airflow/.local/lib/python3.8/site-packages/airflow/example_dags/example_branch_operator_decorator.py
[2025-03-24T23:40:48.918+0000] {logging_mixin.py:188} INFO - [2025-03-24T23:40:48.918+0000] {dag.py:3033} INFO - Sync 1 DAGs
[2025-03-24T23:40:48.926+0000] {logging_mixin.py:188} INFO - [2025-03-24T23:40:48.926+0000] {dag.py:3820} INFO - Setting next_dagrun for example_branch_python_operator_decorator to 2025-03-23T00:00:00+00:00, run_after=2025-03-24T00:00:00+00:00
[2025-03-24T23:40:48.933+0000] {processor.py:183} INFO - Processing /home/airflow/.local/lib/python3.8/site-packages/airflow/example_dags/example_branch_operator_decorator.py took 0.035 seconds
[2025-03-24T23:41:19.524+0000] {processor.py:161} INFO - Started process (PID=1896) to work on /home/airflow/.local/lib/python3.8/site-packages/airflow/example_dags/example_branch_operator_decorator.py
[2025-03-24T23:41:19.525+0000] {processor.py:830} INFO - Processing file /home/airflow/.local/lib/python3.8/site-packages/airflow/example_dags/example_branch_operator_decorator.py for tasks to queue
[2025-03-24T23:41:19.526+0000] {logging_mixin.py:188} INFO - [2025-03-24T23:41:19.525+0000] {dagbag.py:538} INFO - Filling up the DagBag from /home/airflow/.local/lib/python3.8/site-packages/airflow/example_dags/example_branch_operator_decorator.py
[2025-03-24T23:41:19.532+0000] {processor.py:840} INFO - DAG(s) 'example_branch_python_operator_decorator' retrieved from /home/airflow/.local/lib/python3.8/site-packages/airflow/example_dags/example_branch_operator_decorator.py
[2025-03-24T23:41:19.543+0000] {logging_mixin.py:188} INFO - [2025-03-24T23:41:19.543+0000] {dag.py:3033} INFO - Sync 1 DAGs
[2025-03-24T23:41:19.551+0000] {logging_mixin.py:188} INFO - [2025-03-24T23:41:19.551+0000] {dag.py:3820} INFO - Setting next_dagrun for example_branch_python_operator_decorator to 2025-03-23T00:00:00+00:00, run_after=2025-03-24T00:00:00+00:00
[2025-03-24T23:41:19.559+0000] {processor.py:183} INFO - Processing /home/airflow/.local/lib/python3.8/site-packages/airflow/example_dags/example_branch_operator_decorator.py took 0.036 seconds
[2025-03-24T23:41:50.147+0000] {processor.py:161} INFO - Started process (PID=1951) to work on /home/airflow/.local/lib/python3.8/site-packages/airflow/example_dags/example_branch_operator_decorator.py
[2025-03-24T23:41:50.149+0000] {processor.py:830} INFO - Processing file /home/airflow/.local/lib/python3.8/site-packages/airflow/example_dags/example_branch_operator_decorator.py for tasks to queue
[2025-03-24T23:41:50.150+0000] {logging_mixin.py:188} INFO - [2025-03-24T23:41:50.150+0000] {dagbag.py:538} INFO - Filling up the DagBag from /home/airflow/.local/lib/python3.8/site-packages/airflow/example_dags/example_branch_operator_decorator.py
[2025-03-24T23:41:50.157+0000] {processor.py:840} INFO - DAG(s) 'example_branch_python_operator_decorator' retrieved from /home/airflow/.local/lib/python3.8/site-packages/airflow/example_dags/example_branch_operator_decorator.py
[2025-03-24T23:41:50.168+0000] {logging_mixin.py:188} INFO - [2025-03-24T23:41:50.168+0000] {dag.py:3033} INFO - Sync 1 DAGs
[2025-03-24T23:41:50.178+0000] {logging_mixin.py:188} INFO - [2025-03-24T23:41:50.178+0000] {dag.py:3820} INFO - Setting next_dagrun for example_branch_python_operator_decorator to 2025-03-23T00:00:00+00:00, run_after=2025-03-24T00:00:00+00:00
[2025-03-24T23:41:50.185+0000] {processor.py:183} INFO - Processing /home/airflow/.local/lib/python3.8/site-packages/airflow/example_dags/example_branch_operator_decorator.py took 0.039 seconds
[2025-03-24T23:42:20.710+0000] {processor.py:161} INFO - Started process (PID=2006) to work on /home/airflow/.local/lib/python3.8/site-packages/airflow/example_dags/example_branch_operator_decorator.py
[2025-03-24T23:42:20.712+0000] {processor.py:830} INFO - Processing file /home/airflow/.local/lib/python3.8/site-packages/airflow/example_dags/example_branch_operator_decorator.py for tasks to queue
[2025-03-24T23:42:20.713+0000] {logging_mixin.py:188} INFO - [2025-03-24T23:42:20.712+0000] {dagbag.py:538} INFO - Filling up the DagBag from /home/airflow/.local/lib/python3.8/site-packages/airflow/example_dags/example_branch_operator_decorator.py
[2025-03-24T23:42:20.720+0000] {processor.py:840} INFO - DAG(s) 'example_branch_python_operator_decorator' retrieved from /home/airflow/.local/lib/python3.8/site-packages/airflow/example_dags/example_branch_operator_decorator.py
[2025-03-24T23:42:20.730+0000] {logging_mixin.py:188} INFO - [2025-03-24T23:42:20.730+0000] {dag.py:3033} INFO - Sync 1 DAGs
[2025-03-24T23:42:20.739+0000] {logging_mixin.py:188} INFO - [2025-03-24T23:42:20.739+0000] {dag.py:3820} INFO - Setting next_dagrun for example_branch_python_operator_decorator to 2025-03-23T00:00:00+00:00, run_after=2025-03-24T00:00:00+00:00
[2025-03-24T23:42:20.747+0000] {processor.py:183} INFO - Processing /home/airflow/.local/lib/python3.8/site-packages/airflow/example_dags/example_branch_operator_decorator.py took 0.039 seconds
[2025-03-24T23:42:51.171+0000] {processor.py:161} INFO - Started process (PID=2061) to work on /home/airflow/.local/lib/python3.8/site-packages/airflow/example_dags/example_branch_operator_decorator.py
[2025-03-24T23:42:51.171+0000] {processor.py:830} INFO - Processing file /home/airflow/.local/lib/python3.8/site-packages/airflow/example_dags/example_branch_operator_decorator.py for tasks to queue
[2025-03-24T23:42:51.172+0000] {logging_mixin.py:188} INFO - [2025-03-24T23:42:51.172+0000] {dagbag.py:538} INFO - Filling up the DagBag from /home/airflow/.local/lib/python3.8/site-packages/airflow/example_dags/example_branch_operator_decorator.py
[2025-03-24T23:42:51.179+0000] {processor.py:840} INFO - DAG(s) 'example_branch_python_operator_decorator' retrieved from /home/airflow/.local/lib/python3.8/site-packages/airflow/example_dags/example_branch_operator_decorator.py
[2025-03-24T23:42:51.190+0000] {logging_mixin.py:188} INFO - [2025-03-24T23:42:51.190+0000] {dag.py:3033} INFO - Sync 1 DAGs
[2025-03-24T23:42:51.201+0000] {logging_mixin.py:188} INFO - [2025-03-24T23:42:51.201+0000] {dag.py:3820} INFO - Setting next_dagrun for example_branch_python_operator_decorator to 2025-03-23T00:00:00+00:00, run_after=2025-03-24T00:00:00+00:00
[2025-03-24T23:42:51.210+0000] {processor.py:183} INFO - Processing /home/airflow/.local/lib/python3.8/site-packages/airflow/example_dags/example_branch_operator_decorator.py took 0.040 seconds
[2025-03-24T23:43:21.724+0000] {processor.py:161} INFO - Started process (PID=2116) to work on /home/airflow/.local/lib/python3.8/site-packages/airflow/example_dags/example_branch_operator_decorator.py
[2025-03-24T23:43:21.725+0000] {processor.py:830} INFO - Processing file /home/airflow/.local/lib/python3.8/site-packages/airflow/example_dags/example_branch_operator_decorator.py for tasks to queue
[2025-03-24T23:43:21.726+0000] {logging_mixin.py:188} INFO - [2025-03-24T23:43:21.726+0000] {dagbag.py:538} INFO - Filling up the DagBag from /home/airflow/.local/lib/python3.8/site-packages/airflow/example_dags/example_branch_operator_decorator.py
[2025-03-24T23:43:21.734+0000] {processor.py:840} INFO - DAG(s) 'example_branch_python_operator_decorator' retrieved from /home/airflow/.local/lib/python3.8/site-packages/airflow/example_dags/example_branch_operator_decorator.py
[2025-03-24T23:43:21.744+0000] {logging_mixin.py:188} INFO - [2025-03-24T23:43:21.744+0000] {dag.py:3033} INFO - Sync 1 DAGs
[2025-03-24T23:43:21.754+0000] {logging_mixin.py:188} INFO - [2025-03-24T23:43:21.754+0000] {dag.py:3820} INFO - Setting next_dagrun for example_branch_python_operator_decorator to 2025-03-23T00:00:00+00:00, run_after=2025-03-24T00:00:00+00:00
[2025-03-24T23:43:21.762+0000] {processor.py:183} INFO - Processing /home/airflow/.local/lib/python3.8/site-packages/airflow/example_dags/example_branch_operator_decorator.py took 0.039 seconds
[2025-03-24T23:43:52.396+0000] {processor.py:161} INFO - Started process (PID=2171) to work on /home/airflow/.local/lib/python3.8/site-packages/airflow/example_dags/example_branch_operator_decorator.py
[2025-03-24T23:43:52.397+0000] {processor.py:830} INFO - Processing file /home/airflow/.local/lib/python3.8/site-packages/airflow/example_dags/example_branch_operator_decorator.py for tasks to queue
[2025-03-24T23:43:52.398+0000] {logging_mixin.py:188} INFO - [2025-03-24T23:43:52.398+0000] {dagbag.py:538} INFO - Filling up the DagBag from /home/airflow/.local/lib/python3.8/site-packages/airflow/example_dags/example_branch_operator_decorator.py
[2025-03-24T23:43:52.405+0000] {processor.py:840} INFO - DAG(s) 'example_branch_python_operator_decorator' retrieved from /home/airflow/.local/lib/python3.8/site-packages/airflow/example_dags/example_branch_operator_decorator.py
[2025-03-24T23:43:52.416+0000] {logging_mixin.py:188} INFO - [2025-03-24T23:43:52.416+0000] {dag.py:3033} INFO - Sync 1 DAGs
[2025-03-24T23:43:52.425+0000] {logging_mixin.py:188} INFO - [2025-03-24T23:43:52.425+0000] {dag.py:3820} INFO - Setting next_dagrun for example_branch_python_operator_decorator to 2025-03-23T00:00:00+00:00, run_after=2025-03-24T00:00:00+00:00
[2025-03-24T23:43:52.433+0000] {processor.py:183} INFO - Processing /home/airflow/.local/lib/python3.8/site-packages/airflow/example_dags/example_branch_operator_decorator.py took 0.038 seconds
[2025-03-24T23:44:23.056+0000] {processor.py:161} INFO - Started process (PID=2226) to work on /home/airflow/.local/lib/python3.8/site-packages/airflow/example_dags/example_branch_operator_decorator.py
[2025-03-24T23:44:23.057+0000] {processor.py:830} INFO - Processing file /home/airflow/.local/lib/python3.8/site-packages/airflow/example_dags/example_branch_operator_decorator.py for tasks to queue
[2025-03-24T23:44:23.058+0000] {logging_mixin.py:188} INFO - [2025-03-24T23:44:23.057+0000] {dagbag.py:538} INFO - Filling up the DagBag from /home/airflow/.local/lib/python3.8/site-packages/airflow/example_dags/example_branch_operator_decorator.py
[2025-03-24T23:44:23.065+0000] {processor.py:840} INFO - DAG(s) 'example_branch_python_operator_decorator' retrieved from /home/airflow/.local/lib/python3.8/site-packages/airflow/example_dags/example_branch_operator_decorator.py
[2025-03-24T23:44:23.077+0000] {logging_mixin.py:188} INFO - [2025-03-24T23:44:23.077+0000] {dag.py:3033} INFO - Sync 1 DAGs
[2025-03-24T23:44:23.087+0000] {logging_mixin.py:188} INFO - [2025-03-24T23:44:23.087+0000] {dag.py:3820} INFO - Setting next_dagrun for example_branch_python_operator_decorator to 2025-03-23T00:00:00+00:00, run_after=2025-03-24T00:00:00+00:00
[2025-03-24T23:44:23.094+0000] {processor.py:183} INFO - Processing /home/airflow/.local/lib/python3.8/site-packages/airflow/example_dags/example_branch_operator_decorator.py took 0.039 seconds
[2025-03-24T23:44:53.734+0000] {processor.py:161} INFO - Started process (PID=2281) to work on /home/airflow/.local/lib/python3.8/site-packages/airflow/example_dags/example_branch_operator_decorator.py
[2025-03-24T23:44:53.735+0000] {processor.py:830} INFO - Processing file /home/airflow/.local/lib/python3.8/site-packages/airflow/example_dags/example_branch_operator_decorator.py for tasks to queue
[2025-03-24T23:44:53.736+0000] {logging_mixin.py:188} INFO - [2025-03-24T23:44:53.735+0000] {dagbag.py:538} INFO - Filling up the DagBag from /home/airflow/.local/lib/python3.8/site-packages/airflow/example_dags/example_branch_operator_decorator.py
[2025-03-24T23:44:53.743+0000] {processor.py:840} INFO - DAG(s) 'example_branch_python_operator_decorator' retrieved from /home/airflow/.local/lib/python3.8/site-packages/airflow/example_dags/example_branch_operator_decorator.py
[2025-03-24T23:44:53.755+0000] {logging_mixin.py:188} INFO - [2025-03-24T23:44:53.754+0000] {dag.py:3033} INFO - Sync 1 DAGs
[2025-03-24T23:44:53.766+0000] {logging_mixin.py:188} INFO - [2025-03-24T23:44:53.766+0000] {dag.py:3820} INFO - Setting next_dagrun for example_branch_python_operator_decorator to 2025-03-23T00:00:00+00:00, run_after=2025-03-24T00:00:00+00:00
[2025-03-24T23:44:53.773+0000] {processor.py:183} INFO - Processing /home/airflow/.local/lib/python3.8/site-packages/airflow/example_dags/example_branch_operator_decorator.py took 0.040 seconds
[2025-03-24T23:45:24.166+0000] {processor.py:161} INFO - Started process (PID=2336) to work on /home/airflow/.local/lib/python3.8/site-packages/airflow/example_dags/example_branch_operator_decorator.py
[2025-03-24T23:45:24.170+0000] {processor.py:830} INFO - Processing file /home/airflow/.local/lib/python3.8/site-packages/airflow/example_dags/example_branch_operator_decorator.py for tasks to queue
[2025-03-24T23:45:24.171+0000] {logging_mixin.py:188} INFO - [2025-03-24T23:45:24.170+0000] {dagbag.py:538} INFO - Filling up the DagBag from /home/airflow/.local/lib/python3.8/site-packages/airflow/example_dags/example_branch_operator_decorator.py
[2025-03-24T23:45:24.178+0000] {processor.py:840} INFO - DAG(s) 'example_branch_python_operator_decorator' retrieved from /home/airflow/.local/lib/python3.8/site-packages/airflow/example_dags/example_branch_operator_decorator.py
[2025-03-24T23:45:24.189+0000] {logging_mixin.py:188} INFO - [2025-03-24T23:45:24.189+0000] {dag.py:3033} INFO - Sync 1 DAGs
[2025-03-24T23:45:24.199+0000] {logging_mixin.py:188} INFO - [2025-03-24T23:45:24.198+0000] {dag.py:3820} INFO - Setting next_dagrun for example_branch_python_operator_decorator to 2025-03-23T00:00:00+00:00, run_after=2025-03-24T00:00:00+00:00
[2025-03-24T23:45:24.278+0000] {processor.py:183} INFO - Processing /home/airflow/.local/lib/python3.8/site-packages/airflow/example_dags/example_branch_operator_decorator.py took 0.114 seconds
[2025-03-24T23:45:54.827+0000] {processor.py:161} INFO - Started process (PID=2390) to work on /home/airflow/.local/lib/python3.8/site-packages/airflow/example_dags/example_branch_operator_decorator.py
[2025-03-24T23:45:54.827+0000] {processor.py:830} INFO - Processing file /home/airflow/.local/lib/python3.8/site-packages/airflow/example_dags/example_branch_operator_decorator.py for tasks to queue
[2025-03-24T23:45:54.828+0000] {logging_mixin.py:188} INFO - [2025-03-24T23:45:54.828+0000] {dagbag.py:538} INFO - Filling up the DagBag from /home/airflow/.local/lib/python3.8/site-packages/airflow/example_dags/example_branch_operator_decorator.py
[2025-03-24T23:45:54.836+0000] {processor.py:840} INFO - DAG(s) 'example_branch_python_operator_decorator' retrieved from /home/airflow/.local/lib/python3.8/site-packages/airflow/example_dags/example_branch_operator_decorator.py
[2025-03-24T23:45:54.847+0000] {logging_mixin.py:188} INFO - [2025-03-24T23:45:54.847+0000] {dag.py:3033} INFO - Sync 1 DAGs
[2025-03-24T23:45:54.856+0000] {logging_mixin.py:188} INFO - [2025-03-24T23:45:54.856+0000] {dag.py:3820} INFO - Setting next_dagrun for example_branch_python_operator_decorator to 2025-03-23T00:00:00+00:00, run_after=2025-03-24T00:00:00+00:00
[2025-03-24T23:45:54.865+0000] {processor.py:183} INFO - Processing /home/airflow/.local/lib/python3.8/site-packages/airflow/example_dags/example_branch_operator_decorator.py took 0.040 seconds
[2025-03-24T23:46:25.731+0000] {processor.py:161} INFO - Started process (PID=2445) to work on /home/airflow/.local/lib/python3.8/site-packages/airflow/example_dags/example_branch_operator_decorator.py
[2025-03-24T23:46:25.732+0000] {processor.py:830} INFO - Processing file /home/airflow/.local/lib/python3.8/site-packages/airflow/example_dags/example_branch_operator_decorator.py for tasks to queue
[2025-03-24T23:46:25.733+0000] {logging_mixin.py:188} INFO - [2025-03-24T23:46:25.733+0000] {dagbag.py:538} INFO - Filling up the DagBag from /home/airflow/.local/lib/python3.8/site-packages/airflow/example_dags/example_branch_operator_decorator.py
[2025-03-24T23:46:25.740+0000] {processor.py:840} INFO - DAG(s) 'example_branch_python_operator_decorator' retrieved from /home/airflow/.local/lib/python3.8/site-packages/airflow/example_dags/example_branch_operator_decorator.py
[2025-03-24T23:46:25.751+0000] {logging_mixin.py:188} INFO - [2025-03-24T23:46:25.751+0000] {dag.py:3033} INFO - Sync 1 DAGs
[2025-03-24T23:46:25.760+0000] {logging_mixin.py:188} INFO - [2025-03-24T23:46:25.760+0000] {dag.py:3820} INFO - Setting next_dagrun for example_branch_python_operator_decorator to 2025-03-23T00:00:00+00:00, run_after=2025-03-24T00:00:00+00:00
[2025-03-24T23:46:25.767+0000] {processor.py:183} INFO - Processing /home/airflow/.local/lib/python3.8/site-packages/airflow/example_dags/example_branch_operator_decorator.py took 0.037 seconds
[2025-03-24T23:46:56.639+0000] {processor.py:161} INFO - Started process (PID=2500) to work on /home/airflow/.local/lib/python3.8/site-packages/airflow/example_dags/example_branch_operator_decorator.py
[2025-03-24T23:46:56.640+0000] {processor.py:830} INFO - Processing file /home/airflow/.local/lib/python3.8/site-packages/airflow/example_dags/example_branch_operator_decorator.py for tasks to queue
[2025-03-24T23:46:56.641+0000] {logging_mixin.py:188} INFO - [2025-03-24T23:46:56.641+0000] {dagbag.py:538} INFO - Filling up the DagBag from /home/airflow/.local/lib/python3.8/site-packages/airflow/example_dags/example_branch_operator_decorator.py
[2025-03-24T23:46:56.648+0000] {processor.py:840} INFO - DAG(s) 'example_branch_python_operator_decorator' retrieved from /home/airflow/.local/lib/python3.8/site-packages/airflow/example_dags/example_branch_operator_decorator.py
[2025-03-24T23:46:56.658+0000] {logging_mixin.py:188} INFO - [2025-03-24T23:46:56.658+0000] {dag.py:3033} INFO - Sync 1 DAGs
[2025-03-24T23:46:56.666+0000] {logging_mixin.py:188} INFO - [2025-03-24T23:46:56.666+0000] {dag.py:3820} INFO - Setting next_dagrun for example_branch_python_operator_decorator to 2025-03-23T00:00:00+00:00, run_after=2025-03-24T00:00:00+00:00
[2025-03-24T23:46:56.746+0000] {processor.py:183} INFO - Processing /home/airflow/.local/lib/python3.8/site-packages/airflow/example_dags/example_branch_operator_decorator.py took 0.108 seconds
[2025-03-24T23:47:27.733+0000] {processor.py:161} INFO - Started process (PID=2555) to work on /home/airflow/.local/lib/python3.8/site-packages/airflow/example_dags/example_branch_operator_decorator.py
[2025-03-24T23:47:27.734+0000] {processor.py:830} INFO - Processing file /home/airflow/.local/lib/python3.8/site-packages/airflow/example_dags/example_branch_operator_decorator.py for tasks to queue
[2025-03-24T23:47:27.735+0000] {logging_mixin.py:188} INFO - [2025-03-24T23:47:27.735+0000] {dagbag.py:538} INFO - Filling up the DagBag from /home/airflow/.local/lib/python3.8/site-packages/airflow/example_dags/example_branch_operator_decorator.py
[2025-03-24T23:47:27.742+0000] {processor.py:840} INFO - DAG(s) 'example_branch_python_operator_decorator' retrieved from /home/airflow/.local/lib/python3.8/site-packages/airflow/example_dags/example_branch_operator_decorator.py
[2025-03-24T23:47:27.752+0000] {logging_mixin.py:188} INFO - [2025-03-24T23:47:27.752+0000] {dag.py:3033} INFO - Sync 1 DAGs
[2025-03-24T23:47:27.762+0000] {logging_mixin.py:188} INFO - [2025-03-24T23:47:27.762+0000] {dag.py:3820} INFO - Setting next_dagrun for example_branch_python_operator_decorator to 2025-03-23T00:00:00+00:00, run_after=2025-03-24T00:00:00+00:00
[2025-03-24T23:47:27.770+0000] {processor.py:183} INFO - Processing /home/airflow/.local/lib/python3.8/site-packages/airflow/example_dags/example_branch_operator_decorator.py took 0.039 seconds
[2025-03-24T23:47:57.905+0000] {processor.py:161} INFO - Started process (PID=2610) to work on /home/airflow/.local/lib/python3.8/site-packages/airflow/example_dags/example_branch_operator_decorator.py
[2025-03-24T23:47:57.906+0000] {processor.py:830} INFO - Processing file /home/airflow/.local/lib/python3.8/site-packages/airflow/example_dags/example_branch_operator_decorator.py for tasks to queue
[2025-03-24T23:47:57.909+0000] {logging_mixin.py:188} INFO - [2025-03-24T23:47:57.909+0000] {dagbag.py:538} INFO - Filling up the DagBag from /home/airflow/.local/lib/python3.8/site-packages/airflow/example_dags/example_branch_operator_decorator.py
[2025-03-24T23:47:57.917+0000] {processor.py:840} INFO - DAG(s) 'example_branch_python_operator_decorator' retrieved from /home/airflow/.local/lib/python3.8/site-packages/airflow/example_dags/example_branch_operator_decorator.py
[2025-03-24T23:47:57.928+0000] {logging_mixin.py:188} INFO - [2025-03-24T23:47:57.928+0000] {dag.py:3033} INFO - Sync 1 DAGs
[2025-03-24T23:47:57.937+0000] {logging_mixin.py:188} INFO - [2025-03-24T23:47:57.936+0000] {dag.py:3820} INFO - Setting next_dagrun for example_branch_python_operator_decorator to 2025-03-23T00:00:00+00:00, run_after=2025-03-24T00:00:00+00:00
[2025-03-24T23:47:57.943+0000] {processor.py:183} INFO - Processing /home/airflow/.local/lib/python3.8/site-packages/airflow/example_dags/example_branch_operator_decorator.py took 0.040 seconds
[2025-03-24T23:48:28.262+0000] {processor.py:161} INFO - Started process (PID=2665) to work on /home/airflow/.local/lib/python3.8/site-packages/airflow/example_dags/example_branch_operator_decorator.py
[2025-03-24T23:48:28.263+0000] {processor.py:830} INFO - Processing file /home/airflow/.local/lib/python3.8/site-packages/airflow/example_dags/example_branch_operator_decorator.py for tasks to queue
[2025-03-24T23:48:28.264+0000] {logging_mixin.py:188} INFO - [2025-03-24T23:48:28.264+0000] {dagbag.py:538} INFO - Filling up the DagBag from /home/airflow/.local/lib/python3.8/site-packages/airflow/example_dags/example_branch_operator_decorator.py
[2025-03-24T23:48:28.272+0000] {processor.py:840} INFO - DAG(s) 'example_branch_python_operator_decorator' retrieved from /home/airflow/.local/lib/python3.8/site-packages/airflow/example_dags/example_branch_operator_decorator.py
[2025-03-24T23:48:28.285+0000] {logging_mixin.py:188} INFO - [2025-03-24T23:48:28.285+0000] {dag.py:3033} INFO - Sync 1 DAGs
[2025-03-24T23:48:28.367+0000] {logging_mixin.py:188} INFO - [2025-03-24T23:48:28.367+0000] {dag.py:3820} INFO - Setting next_dagrun for example_branch_python_operator_decorator to 2025-03-23T00:00:00+00:00, run_after=2025-03-24T00:00:00+00:00
[2025-03-24T23:48:28.374+0000] {processor.py:183} INFO - Processing /home/airflow/.local/lib/python3.8/site-packages/airflow/example_dags/example_branch_operator_decorator.py took 0.113 seconds
[2025-03-24T23:48:58.405+0000] {processor.py:161} INFO - Started process (PID=2720) to work on /home/airflow/.local/lib/python3.8/site-packages/airflow/example_dags/example_branch_operator_decorator.py
[2025-03-24T23:48:58.405+0000] {processor.py:830} INFO - Processing file /home/airflow/.local/lib/python3.8/site-packages/airflow/example_dags/example_branch_operator_decorator.py for tasks to queue
[2025-03-24T23:48:58.406+0000] {logging_mixin.py:188} INFO - [2025-03-24T23:48:58.406+0000] {dagbag.py:538} INFO - Filling up the DagBag from /home/airflow/.local/lib/python3.8/site-packages/airflow/example_dags/example_branch_operator_decorator.py
[2025-03-24T23:48:58.412+0000] {processor.py:840} INFO - DAG(s) 'example_branch_python_operator_decorator' retrieved from /home/airflow/.local/lib/python3.8/site-packages/airflow/example_dags/example_branch_operator_decorator.py
[2025-03-24T23:48:58.423+0000] {logging_mixin.py:188} INFO - [2025-03-24T23:48:58.423+0000] {dag.py:3033} INFO - Sync 1 DAGs
[2025-03-24T23:48:58.431+0000] {logging_mixin.py:188} INFO - [2025-03-24T23:48:58.431+0000] {dag.py:3820} INFO - Setting next_dagrun for example_branch_python_operator_decorator to 2025-03-23T00:00:00+00:00, run_after=2025-03-24T00:00:00+00:00
[2025-03-24T23:48:58.438+0000] {processor.py:183} INFO - Processing /home/airflow/.local/lib/python3.8/site-packages/airflow/example_dags/example_branch_operator_decorator.py took 0.034 seconds
[2025-03-24T23:49:28.571+0000] {processor.py:161} INFO - Started process (PID=2775) to work on /home/airflow/.local/lib/python3.8/site-packages/airflow/example_dags/example_branch_operator_decorator.py
[2025-03-24T23:49:28.572+0000] {processor.py:830} INFO - Processing file /home/airflow/.local/lib/python3.8/site-packages/airflow/example_dags/example_branch_operator_decorator.py for tasks to queue
[2025-03-24T23:49:28.573+0000] {logging_mixin.py:188} INFO - [2025-03-24T23:49:28.572+0000] {dagbag.py:538} INFO - Filling up the DagBag from /home/airflow/.local/lib/python3.8/site-packages/airflow/example_dags/example_branch_operator_decorator.py
[2025-03-24T23:49:28.581+0000] {processor.py:840} INFO - DAG(s) 'example_branch_python_operator_decorator' retrieved from /home/airflow/.local/lib/python3.8/site-packages/airflow/example_dags/example_branch_operator_decorator.py
[2025-03-24T23:49:28.595+0000] {logging_mixin.py:188} INFO - [2025-03-24T23:49:28.595+0000] {dag.py:3033} INFO - Sync 1 DAGs
[2025-03-24T23:49:28.605+0000] {logging_mixin.py:188} INFO - [2025-03-24T23:49:28.605+0000] {dag.py:3820} INFO - Setting next_dagrun for example_branch_python_operator_decorator to 2025-03-23T00:00:00+00:00, run_after=2025-03-24T00:00:00+00:00
[2025-03-24T23:49:28.617+0000] {processor.py:183} INFO - Processing /home/airflow/.local/lib/python3.8/site-packages/airflow/example_dags/example_branch_operator_decorator.py took 0.047 seconds
[2025-03-24T23:49:59.610+0000] {processor.py:161} INFO - Started process (PID=2829) to work on /home/airflow/.local/lib/python3.8/site-packages/airflow/example_dags/example_branch_operator_decorator.py
[2025-03-24T23:49:59.611+0000] {processor.py:830} INFO - Processing file /home/airflow/.local/lib/python3.8/site-packages/airflow/example_dags/example_branch_operator_decorator.py for tasks to queue
[2025-03-24T23:49:59.612+0000] {logging_mixin.py:188} INFO - [2025-03-24T23:49:59.611+0000] {dagbag.py:538} INFO - Filling up the DagBag from /home/airflow/.local/lib/python3.8/site-packages/airflow/example_dags/example_branch_operator_decorator.py
[2025-03-24T23:49:59.619+0000] {processor.py:840} INFO - DAG(s) 'example_branch_python_operator_decorator' retrieved from /home/airflow/.local/lib/python3.8/site-packages/airflow/example_dags/example_branch_operator_decorator.py
[2025-03-24T23:49:59.699+0000] {logging_mixin.py:188} INFO - [2025-03-24T23:49:59.699+0000] {dag.py:3033} INFO - Sync 1 DAGs
[2025-03-24T23:49:59.711+0000] {logging_mixin.py:188} INFO - [2025-03-24T23:49:59.711+0000] {dag.py:3820} INFO - Setting next_dagrun for example_branch_python_operator_decorator to 2025-03-23T00:00:00+00:00, run_after=2025-03-24T00:00:00+00:00
[2025-03-24T23:49:59.727+0000] {processor.py:183} INFO - Processing /home/airflow/.local/lib/python3.8/site-packages/airflow/example_dags/example_branch_operator_decorator.py took 0.119 seconds
[2025-03-24T23:50:30.353+0000] {processor.py:161} INFO - Started process (PID=2884) to work on /home/airflow/.local/lib/python3.8/site-packages/airflow/example_dags/example_branch_operator_decorator.py
[2025-03-24T23:50:30.354+0000] {processor.py:830} INFO - Processing file /home/airflow/.local/lib/python3.8/site-packages/airflow/example_dags/example_branch_operator_decorator.py for tasks to queue
[2025-03-24T23:50:30.354+0000] {logging_mixin.py:188} INFO - [2025-03-24T23:50:30.354+0000] {dagbag.py:538} INFO - Filling up the DagBag from /home/airflow/.local/lib/python3.8/site-packages/airflow/example_dags/example_branch_operator_decorator.py
[2025-03-24T23:50:30.361+0000] {processor.py:840} INFO - DAG(s) 'example_branch_python_operator_decorator' retrieved from /home/airflow/.local/lib/python3.8/site-packages/airflow/example_dags/example_branch_operator_decorator.py
[2025-03-24T23:50:30.447+0000] {logging_mixin.py:188} INFO - [2025-03-24T23:50:30.447+0000] {dag.py:3033} INFO - Sync 1 DAGs
[2025-03-24T23:50:30.458+0000] {logging_mixin.py:188} INFO - [2025-03-24T23:50:30.458+0000] {dag.py:3820} INFO - Setting next_dagrun for example_branch_python_operator_decorator to 2025-03-23T00:00:00+00:00, run_after=2025-03-24T00:00:00+00:00
[2025-03-24T23:50:30.469+0000] {processor.py:183} INFO - Processing /home/airflow/.local/lib/python3.8/site-packages/airflow/example_dags/example_branch_operator_decorator.py took 0.117 seconds
[2025-03-24T23:51:00.780+0000] {processor.py:161} INFO - Started process (PID=2939) to work on /home/airflow/.local/lib/python3.8/site-packages/airflow/example_dags/example_branch_operator_decorator.py
[2025-03-24T23:51:00.780+0000] {processor.py:830} INFO - Processing file /home/airflow/.local/lib/python3.8/site-packages/airflow/example_dags/example_branch_operator_decorator.py for tasks to queue
[2025-03-24T23:51:00.781+0000] {logging_mixin.py:188} INFO - [2025-03-24T23:51:00.781+0000] {dagbag.py:538} INFO - Filling up the DagBag from /home/airflow/.local/lib/python3.8/site-packages/airflow/example_dags/example_branch_operator_decorator.py
[2025-03-24T23:51:00.789+0000] {processor.py:840} INFO - DAG(s) 'example_branch_python_operator_decorator' retrieved from /home/airflow/.local/lib/python3.8/site-packages/airflow/example_dags/example_branch_operator_decorator.py
[2025-03-24T23:51:00.800+0000] {logging_mixin.py:188} INFO - [2025-03-24T23:51:00.800+0000] {dag.py:3033} INFO - Sync 1 DAGs
[2025-03-24T23:51:00.811+0000] {logging_mixin.py:188} INFO - [2025-03-24T23:51:00.811+0000] {dag.py:3820} INFO - Setting next_dagrun for example_branch_python_operator_decorator to 2025-03-23T00:00:00+00:00, run_after=2025-03-24T00:00:00+00:00
[2025-03-24T23:51:00.824+0000] {processor.py:183} INFO - Processing /home/airflow/.local/lib/python3.8/site-packages/airflow/example_dags/example_branch_operator_decorator.py took 0.046 seconds
[2025-03-24T23:51:31.607+0000] {processor.py:161} INFO - Started process (PID=3000) to work on /home/airflow/.local/lib/python3.8/site-packages/airflow/example_dags/example_branch_operator_decorator.py
[2025-03-24T23:51:31.608+0000] {processor.py:830} INFO - Processing file /home/airflow/.local/lib/python3.8/site-packages/airflow/example_dags/example_branch_operator_decorator.py for tasks to queue
[2025-03-24T23:51:31.609+0000] {logging_mixin.py:188} INFO - [2025-03-24T23:51:31.609+0000] {dagbag.py:538} INFO - Filling up the DagBag from /home/airflow/.local/lib/python3.8/site-packages/airflow/example_dags/example_branch_operator_decorator.py
[2025-03-24T23:51:31.617+0000] {processor.py:840} INFO - DAG(s) 'example_branch_python_operator_decorator' retrieved from /home/airflow/.local/lib/python3.8/site-packages/airflow/example_dags/example_branch_operator_decorator.py
[2025-03-24T23:51:31.632+0000] {logging_mixin.py:188} INFO - [2025-03-24T23:51:31.632+0000] {dag.py:3033} INFO - Sync 1 DAGs
[2025-03-24T23:51:31.643+0000] {logging_mixin.py:188} INFO - [2025-03-24T23:51:31.643+0000] {dag.py:3820} INFO - Setting next_dagrun for example_branch_python_operator_decorator to 2025-03-23T00:00:00+00:00, run_after=2025-03-24T00:00:00+00:00
[2025-03-24T23:51:31.658+0000] {processor.py:183} INFO - Processing /home/airflow/.local/lib/python3.8/site-packages/airflow/example_dags/example_branch_operator_decorator.py took 0.053 seconds
