[2025-03-24T23:24:26.933+0000] {processor.py:161} INFO - Started process (PID=76) to work on /home/airflow/.local/lib/python3.8/site-packages/airflow/example_dags/example_trigger_target_dag.py
[2025-03-24T23:24:26.933+0000] {processor.py:830} INFO - Processing file /home/airflow/.local/lib/python3.8/site-packages/airflow/example_dags/example_trigger_target_dag.py for tasks to queue
[2025-03-24T23:24:26.935+0000] {logging_mixin.py:188} INFO - [2025-03-24T23:24:26.935+0000] {dagbag.py:538} INFO - Filling up the DagBag from /home/airflow/.local/lib/python3.8/site-packages/airflow/example_dags/example_trigger_target_dag.py
[2025-03-24T23:24:26.940+0000] {processor.py:840} INFO - DAG(s) 'example_trigger_target_dag' retrieved from /home/airflow/.local/lib/python3.8/site-packages/airflow/example_dags/example_trigger_target_dag.py
[2025-03-24T23:24:26.950+0000] {logging_mixin.py:188} INFO - [2025-03-24T23:24:26.949+0000] {dag.py:3033} INFO - Sync 1 DAGs
[2025-03-24T23:24:26.963+0000] {logging_mixin.py:188} INFO - [2025-03-24T23:24:26.963+0000] {dag.py:3820} INFO - Setting next_dagrun for example_trigger_target_dag to None, run_after=None
[2025-03-24T23:24:26.975+0000] {processor.py:183} INFO - Processing /home/airflow/.local/lib/python3.8/site-packages/airflow/example_dags/example_trigger_target_dag.py took 0.045 seconds
[2025-03-24T23:24:57.185+0000] {processor.py:161} INFO - Started process (PID=131) to work on /home/airflow/.local/lib/python3.8/site-packages/airflow/example_dags/example_trigger_target_dag.py
[2025-03-24T23:24:57.186+0000] {processor.py:830} INFO - Processing file /home/airflow/.local/lib/python3.8/site-packages/airflow/example_dags/example_trigger_target_dag.py for tasks to queue
[2025-03-24T23:24:57.187+0000] {logging_mixin.py:188} INFO - [2025-03-24T23:24:57.187+0000] {dagbag.py:538} INFO - Filling up the DagBag from /home/airflow/.local/lib/python3.8/site-packages/airflow/example_dags/example_trigger_target_dag.py
[2025-03-24T23:24:57.189+0000] {processor.py:840} INFO - DAG(s) 'example_trigger_target_dag' retrieved from /home/airflow/.local/lib/python3.8/site-packages/airflow/example_dags/example_trigger_target_dag.py
[2025-03-24T23:24:57.232+0000] {logging_mixin.py:188} INFO - [2025-03-24T23:24:57.232+0000] {dag.py:3033} INFO - Sync 1 DAGs
[2025-03-24T23:24:57.236+0000] {logging_mixin.py:188} INFO - [2025-03-24T23:24:57.236+0000] {dag.py:3820} INFO - Setting next_dagrun for example_trigger_target_dag to None, run_after=None
[2025-03-24T23:24:57.243+0000] {processor.py:183} INFO - Processing /home/airflow/.local/lib/python3.8/site-packages/airflow/example_dags/example_trigger_target_dag.py took 0.060 seconds
[2025-03-24T23:25:28.030+0000] {processor.py:161} INFO - Started process (PID=186) to work on /home/airflow/.local/lib/python3.8/site-packages/airflow/example_dags/example_trigger_target_dag.py
[2025-03-24T23:25:28.034+0000] {processor.py:830} INFO - Processing file /home/airflow/.local/lib/python3.8/site-packages/airflow/example_dags/example_trigger_target_dag.py for tasks to queue
[2025-03-24T23:25:28.035+0000] {logging_mixin.py:188} INFO - [2025-03-24T23:25:28.035+0000] {dagbag.py:538} INFO - Filling up the DagBag from /home/airflow/.local/lib/python3.8/site-packages/airflow/example_dags/example_trigger_target_dag.py
[2025-03-24T23:25:28.038+0000] {processor.py:840} INFO - DAG(s) 'example_trigger_target_dag' retrieved from /home/airflow/.local/lib/python3.8/site-packages/airflow/example_dags/example_trigger_target_dag.py
[2025-03-24T23:25:28.049+0000] {logging_mixin.py:188} INFO - [2025-03-24T23:25:28.049+0000] {dag.py:3033} INFO - Sync 1 DAGs
[2025-03-24T23:25:28.055+0000] {logging_mixin.py:188} INFO - [2025-03-24T23:25:28.055+0000] {dag.py:3820} INFO - Setting next_dagrun for example_trigger_target_dag to None, run_after=None
[2025-03-24T23:25:28.064+0000] {processor.py:183} INFO - Processing /home/airflow/.local/lib/python3.8/site-packages/airflow/example_dags/example_trigger_target_dag.py took 0.036 seconds
[2025-03-24T23:25:58.538+0000] {processor.py:161} INFO - Started process (PID=247) to work on /home/airflow/.local/lib/python3.8/site-packages/airflow/example_dags/example_trigger_target_dag.py
[2025-03-24T23:25:58.539+0000] {processor.py:830} INFO - Processing file /home/airflow/.local/lib/python3.8/site-packages/airflow/example_dags/example_trigger_target_dag.py for tasks to queue
[2025-03-24T23:25:58.540+0000] {logging_mixin.py:188} INFO - [2025-03-24T23:25:58.540+0000] {dagbag.py:538} INFO - Filling up the DagBag from /home/airflow/.local/lib/python3.8/site-packages/airflow/example_dags/example_trigger_target_dag.py
[2025-03-24T23:25:58.542+0000] {processor.py:840} INFO - DAG(s) 'example_trigger_target_dag' retrieved from /home/airflow/.local/lib/python3.8/site-packages/airflow/example_dags/example_trigger_target_dag.py
[2025-03-24T23:25:58.555+0000] {logging_mixin.py:188} INFO - [2025-03-24T23:25:58.555+0000] {dag.py:3033} INFO - Sync 1 DAGs
[2025-03-24T23:25:58.561+0000] {logging_mixin.py:188} INFO - [2025-03-24T23:25:58.561+0000] {dag.py:3820} INFO - Setting next_dagrun for example_trigger_target_dag to None, run_after=None
[2025-03-24T23:25:58.568+0000] {processor.py:183} INFO - Processing /home/airflow/.local/lib/python3.8/site-packages/airflow/example_dags/example_trigger_target_dag.py took 0.032 seconds
[2025-03-24T23:26:29.303+0000] {processor.py:161} INFO - Started process (PID=302) to work on /home/airflow/.local/lib/python3.8/site-packages/airflow/example_dags/example_trigger_target_dag.py
[2025-03-24T23:26:29.303+0000] {processor.py:830} INFO - Processing file /home/airflow/.local/lib/python3.8/site-packages/airflow/example_dags/example_trigger_target_dag.py for tasks to queue
[2025-03-24T23:26:29.307+0000] {logging_mixin.py:188} INFO - [2025-03-24T23:26:29.307+0000] {dagbag.py:538} INFO - Filling up the DagBag from /home/airflow/.local/lib/python3.8/site-packages/airflow/example_dags/example_trigger_target_dag.py
[2025-03-24T23:26:29.310+0000] {processor.py:840} INFO - DAG(s) 'example_trigger_target_dag' retrieved from /home/airflow/.local/lib/python3.8/site-packages/airflow/example_dags/example_trigger_target_dag.py
[2025-03-24T23:26:29.321+0000] {logging_mixin.py:188} INFO - [2025-03-24T23:26:29.321+0000] {dag.py:3033} INFO - Sync 1 DAGs
[2025-03-24T23:26:29.328+0000] {logging_mixin.py:188} INFO - [2025-03-24T23:26:29.328+0000] {dag.py:3820} INFO - Setting next_dagrun for example_trigger_target_dag to None, run_after=None
[2025-03-24T23:26:29.337+0000] {processor.py:183} INFO - Processing /home/airflow/.local/lib/python3.8/site-packages/airflow/example_dags/example_trigger_target_dag.py took 0.037 seconds
[2025-03-24T23:26:59.825+0000] {processor.py:161} INFO - Started process (PID=357) to work on /home/airflow/.local/lib/python3.8/site-packages/airflow/example_dags/example_trigger_target_dag.py
[2025-03-24T23:26:59.828+0000] {processor.py:830} INFO - Processing file /home/airflow/.local/lib/python3.8/site-packages/airflow/example_dags/example_trigger_target_dag.py for tasks to queue
[2025-03-24T23:26:59.829+0000] {logging_mixin.py:188} INFO - [2025-03-24T23:26:59.829+0000] {dagbag.py:538} INFO - Filling up the DagBag from /home/airflow/.local/lib/python3.8/site-packages/airflow/example_dags/example_trigger_target_dag.py
[2025-03-24T23:26:59.832+0000] {processor.py:840} INFO - DAG(s) 'example_trigger_target_dag' retrieved from /home/airflow/.local/lib/python3.8/site-packages/airflow/example_dags/example_trigger_target_dag.py
[2025-03-24T23:26:59.840+0000] {logging_mixin.py:188} INFO - [2025-03-24T23:26:59.840+0000] {dag.py:3033} INFO - Sync 1 DAGs
[2025-03-24T23:26:59.844+0000] {logging_mixin.py:188} INFO - [2025-03-24T23:26:59.844+0000] {dag.py:3820} INFO - Setting next_dagrun for example_trigger_target_dag to None, run_after=None
[2025-03-24T23:26:59.854+0000] {processor.py:183} INFO - Processing /home/airflow/.local/lib/python3.8/site-packages/airflow/example_dags/example_trigger_target_dag.py took 0.030 seconds
[2025-03-24T23:27:30.486+0000] {processor.py:161} INFO - Started process (PID=412) to work on /home/airflow/.local/lib/python3.8/site-packages/airflow/example_dags/example_trigger_target_dag.py
[2025-03-24T23:27:30.487+0000] {processor.py:830} INFO - Processing file /home/airflow/.local/lib/python3.8/site-packages/airflow/example_dags/example_trigger_target_dag.py for tasks to queue
[2025-03-24T23:27:30.488+0000] {logging_mixin.py:188} INFO - [2025-03-24T23:27:30.488+0000] {dagbag.py:538} INFO - Filling up the DagBag from /home/airflow/.local/lib/python3.8/site-packages/airflow/example_dags/example_trigger_target_dag.py
[2025-03-24T23:27:30.492+0000] {processor.py:840} INFO - DAG(s) 'example_trigger_target_dag' retrieved from /home/airflow/.local/lib/python3.8/site-packages/airflow/example_dags/example_trigger_target_dag.py
[2025-03-24T23:27:30.504+0000] {logging_mixin.py:188} INFO - [2025-03-24T23:27:30.503+0000] {dag.py:3033} INFO - Sync 1 DAGs
[2025-03-24T23:27:30.509+0000] {logging_mixin.py:188} INFO - [2025-03-24T23:27:30.509+0000] {dag.py:3820} INFO - Setting next_dagrun for example_trigger_target_dag to None, run_after=None
[2025-03-24T23:27:30.518+0000] {processor.py:183} INFO - Processing /home/airflow/.local/lib/python3.8/site-packages/airflow/example_dags/example_trigger_target_dag.py took 0.033 seconds
[2025-03-24T23:28:01.187+0000] {processor.py:161} INFO - Started process (PID=467) to work on /home/airflow/.local/lib/python3.8/site-packages/airflow/example_dags/example_trigger_target_dag.py
[2025-03-24T23:28:01.187+0000] {processor.py:830} INFO - Processing file /home/airflow/.local/lib/python3.8/site-packages/airflow/example_dags/example_trigger_target_dag.py for tasks to queue
[2025-03-24T23:28:01.188+0000] {logging_mixin.py:188} INFO - [2025-03-24T23:28:01.188+0000] {dagbag.py:538} INFO - Filling up the DagBag from /home/airflow/.local/lib/python3.8/site-packages/airflow/example_dags/example_trigger_target_dag.py
[2025-03-24T23:28:01.191+0000] {processor.py:840} INFO - DAG(s) 'example_trigger_target_dag' retrieved from /home/airflow/.local/lib/python3.8/site-packages/airflow/example_dags/example_trigger_target_dag.py
[2025-03-24T23:28:01.199+0000] {logging_mixin.py:188} INFO - [2025-03-24T23:28:01.199+0000] {dag.py:3033} INFO - Sync 1 DAGs
[2025-03-24T23:28:01.204+0000] {logging_mixin.py:188} INFO - [2025-03-24T23:28:01.204+0000] {dag.py:3820} INFO - Setting next_dagrun for example_trigger_target_dag to None, run_after=None
[2025-03-24T23:28:01.215+0000] {processor.py:183} INFO - Processing /home/airflow/.local/lib/python3.8/site-packages/airflow/example_dags/example_trigger_target_dag.py took 0.029 seconds
[2025-03-24T23:28:31.948+0000] {processor.py:161} INFO - Started process (PID=522) to work on /home/airflow/.local/lib/python3.8/site-packages/airflow/example_dags/example_trigger_target_dag.py
[2025-03-24T23:28:31.951+0000] {processor.py:830} INFO - Processing file /home/airflow/.local/lib/python3.8/site-packages/airflow/example_dags/example_trigger_target_dag.py for tasks to queue
[2025-03-24T23:28:31.953+0000] {logging_mixin.py:188} INFO - [2025-03-24T23:28:31.953+0000] {dagbag.py:538} INFO - Filling up the DagBag from /home/airflow/.local/lib/python3.8/site-packages/airflow/example_dags/example_trigger_target_dag.py
[2025-03-24T23:28:31.956+0000] {processor.py:840} INFO - DAG(s) 'example_trigger_target_dag' retrieved from /home/airflow/.local/lib/python3.8/site-packages/airflow/example_dags/example_trigger_target_dag.py
[2025-03-24T23:28:31.967+0000] {logging_mixin.py:188} INFO - [2025-03-24T23:28:31.967+0000] {dag.py:3033} INFO - Sync 1 DAGs
[2025-03-24T23:28:31.972+0000] {logging_mixin.py:188} INFO - [2025-03-24T23:28:31.972+0000] {dag.py:3820} INFO - Setting next_dagrun for example_trigger_target_dag to None, run_after=None
[2025-03-24T23:28:31.983+0000] {processor.py:183} INFO - Processing /home/airflow/.local/lib/python3.8/site-packages/airflow/example_dags/example_trigger_target_dag.py took 0.037 seconds
[2025-03-24T23:29:02.708+0000] {processor.py:161} INFO - Started process (PID=577) to work on /home/airflow/.local/lib/python3.8/site-packages/airflow/example_dags/example_trigger_target_dag.py
[2025-03-24T23:29:02.708+0000] {processor.py:830} INFO - Processing file /home/airflow/.local/lib/python3.8/site-packages/airflow/example_dags/example_trigger_target_dag.py for tasks to queue
[2025-03-24T23:29:02.710+0000] {logging_mixin.py:188} INFO - [2025-03-24T23:29:02.710+0000] {dagbag.py:538} INFO - Filling up the DagBag from /home/airflow/.local/lib/python3.8/site-packages/airflow/example_dags/example_trigger_target_dag.py
[2025-03-24T23:29:02.713+0000] {processor.py:840} INFO - DAG(s) 'example_trigger_target_dag' retrieved from /home/airflow/.local/lib/python3.8/site-packages/airflow/example_dags/example_trigger_target_dag.py
[2025-03-24T23:29:02.721+0000] {logging_mixin.py:188} INFO - [2025-03-24T23:29:02.721+0000] {dag.py:3033} INFO - Sync 1 DAGs
[2025-03-24T23:29:02.726+0000] {logging_mixin.py:188} INFO - [2025-03-24T23:29:02.726+0000] {dag.py:3820} INFO - Setting next_dagrun for example_trigger_target_dag to None, run_after=None
[2025-03-24T23:29:02.737+0000] {processor.py:183} INFO - Processing /home/airflow/.local/lib/python3.8/site-packages/airflow/example_dags/example_trigger_target_dag.py took 0.030 seconds
[2025-03-24T23:29:33.470+0000] {processor.py:161} INFO - Started process (PID=632) to work on /home/airflow/.local/lib/python3.8/site-packages/airflow/example_dags/example_trigger_target_dag.py
[2025-03-24T23:29:33.471+0000] {processor.py:830} INFO - Processing file /home/airflow/.local/lib/python3.8/site-packages/airflow/example_dags/example_trigger_target_dag.py for tasks to queue
[2025-03-24T23:29:33.472+0000] {logging_mixin.py:188} INFO - [2025-03-24T23:29:33.472+0000] {dagbag.py:538} INFO - Filling up the DagBag from /home/airflow/.local/lib/python3.8/site-packages/airflow/example_dags/example_trigger_target_dag.py
[2025-03-24T23:29:33.474+0000] {processor.py:840} INFO - DAG(s) 'example_trigger_target_dag' retrieved from /home/airflow/.local/lib/python3.8/site-packages/airflow/example_dags/example_trigger_target_dag.py
[2025-03-24T23:29:33.484+0000] {logging_mixin.py:188} INFO - [2025-03-24T23:29:33.484+0000] {dag.py:3033} INFO - Sync 1 DAGs
[2025-03-24T23:29:33.489+0000] {logging_mixin.py:188} INFO - [2025-03-24T23:29:33.489+0000] {dag.py:3820} INFO - Setting next_dagrun for example_trigger_target_dag to None, run_after=None
[2025-03-24T23:29:33.497+0000] {processor.py:183} INFO - Processing /home/airflow/.local/lib/python3.8/site-packages/airflow/example_dags/example_trigger_target_dag.py took 0.028 seconds
[2025-03-24T23:30:04.119+0000] {processor.py:161} INFO - Started process (PID=687) to work on /home/airflow/.local/lib/python3.8/site-packages/airflow/example_dags/example_trigger_target_dag.py
[2025-03-24T23:30:04.120+0000] {processor.py:830} INFO - Processing file /home/airflow/.local/lib/python3.8/site-packages/airflow/example_dags/example_trigger_target_dag.py for tasks to queue
[2025-03-24T23:30:04.121+0000] {logging_mixin.py:188} INFO - [2025-03-24T23:30:04.121+0000] {dagbag.py:538} INFO - Filling up the DagBag from /home/airflow/.local/lib/python3.8/site-packages/airflow/example_dags/example_trigger_target_dag.py
[2025-03-24T23:30:04.123+0000] {processor.py:840} INFO - DAG(s) 'example_trigger_target_dag' retrieved from /home/airflow/.local/lib/python3.8/site-packages/airflow/example_dags/example_trigger_target_dag.py
[2025-03-24T23:30:04.132+0000] {logging_mixin.py:188} INFO - [2025-03-24T23:30:04.132+0000] {dag.py:3033} INFO - Sync 1 DAGs
[2025-03-24T23:30:04.139+0000] {logging_mixin.py:188} INFO - [2025-03-24T23:30:04.138+0000] {dag.py:3820} INFO - Setting next_dagrun for example_trigger_target_dag to None, run_after=None
[2025-03-24T23:30:04.146+0000] {processor.py:183} INFO - Processing /home/airflow/.local/lib/python3.8/site-packages/airflow/example_dags/example_trigger_target_dag.py took 0.029 seconds
[2025-03-24T23:30:34.657+0000] {processor.py:161} INFO - Started process (PID=742) to work on /home/airflow/.local/lib/python3.8/site-packages/airflow/example_dags/example_trigger_target_dag.py
[2025-03-24T23:30:34.658+0000] {processor.py:830} INFO - Processing file /home/airflow/.local/lib/python3.8/site-packages/airflow/example_dags/example_trigger_target_dag.py for tasks to queue
[2025-03-24T23:30:34.661+0000] {logging_mixin.py:188} INFO - [2025-03-24T23:30:34.661+0000] {dagbag.py:538} INFO - Filling up the DagBag from /home/airflow/.local/lib/python3.8/site-packages/airflow/example_dags/example_trigger_target_dag.py
[2025-03-24T23:30:34.664+0000] {processor.py:840} INFO - DAG(s) 'example_trigger_target_dag' retrieved from /home/airflow/.local/lib/python3.8/site-packages/airflow/example_dags/example_trigger_target_dag.py
[2025-03-24T23:30:34.672+0000] {logging_mixin.py:188} INFO - [2025-03-24T23:30:34.672+0000] {dag.py:3033} INFO - Sync 1 DAGs
[2025-03-24T23:30:34.677+0000] {logging_mixin.py:188} INFO - [2025-03-24T23:30:34.677+0000] {dag.py:3820} INFO - Setting next_dagrun for example_trigger_target_dag to None, run_after=None
[2025-03-24T23:30:34.684+0000] {processor.py:183} INFO - Processing /home/airflow/.local/lib/python3.8/site-packages/airflow/example_dags/example_trigger_target_dag.py took 0.028 seconds
[2025-03-24T23:31:05.527+0000] {processor.py:161} INFO - Started process (PID=797) to work on /home/airflow/.local/lib/python3.8/site-packages/airflow/example_dags/example_trigger_target_dag.py
[2025-03-24T23:31:05.527+0000] {processor.py:830} INFO - Processing file /home/airflow/.local/lib/python3.8/site-packages/airflow/example_dags/example_trigger_target_dag.py for tasks to queue
[2025-03-24T23:31:05.528+0000] {logging_mixin.py:188} INFO - [2025-03-24T23:31:05.528+0000] {dagbag.py:538} INFO - Filling up the DagBag from /home/airflow/.local/lib/python3.8/site-packages/airflow/example_dags/example_trigger_target_dag.py
[2025-03-24T23:31:05.531+0000] {processor.py:840} INFO - DAG(s) 'example_trigger_target_dag' retrieved from /home/airflow/.local/lib/python3.8/site-packages/airflow/example_dags/example_trigger_target_dag.py
[2025-03-24T23:31:05.540+0000] {logging_mixin.py:188} INFO - [2025-03-24T23:31:05.540+0000] {dag.py:3033} INFO - Sync 1 DAGs
[2025-03-24T23:31:05.545+0000] {logging_mixin.py:188} INFO - [2025-03-24T23:31:05.545+0000] {dag.py:3820} INFO - Setting next_dagrun for example_trigger_target_dag to None, run_after=None
[2025-03-24T23:31:05.552+0000] {processor.py:183} INFO - Processing /home/airflow/.local/lib/python3.8/site-packages/airflow/example_dags/example_trigger_target_dag.py took 0.027 seconds
[2025-03-24T23:31:36.301+0000] {processor.py:161} INFO - Started process (PID=852) to work on /home/airflow/.local/lib/python3.8/site-packages/airflow/example_dags/example_trigger_target_dag.py
[2025-03-24T23:31:36.302+0000] {processor.py:830} INFO - Processing file /home/airflow/.local/lib/python3.8/site-packages/airflow/example_dags/example_trigger_target_dag.py for tasks to queue
[2025-03-24T23:31:36.303+0000] {logging_mixin.py:188} INFO - [2025-03-24T23:31:36.303+0000] {dagbag.py:538} INFO - Filling up the DagBag from /home/airflow/.local/lib/python3.8/site-packages/airflow/example_dags/example_trigger_target_dag.py
[2025-03-24T23:31:36.306+0000] {processor.py:840} INFO - DAG(s) 'example_trigger_target_dag' retrieved from /home/airflow/.local/lib/python3.8/site-packages/airflow/example_dags/example_trigger_target_dag.py
[2025-03-24T23:31:36.314+0000] {logging_mixin.py:188} INFO - [2025-03-24T23:31:36.314+0000] {dag.py:3033} INFO - Sync 1 DAGs
[2025-03-24T23:31:36.319+0000] {logging_mixin.py:188} INFO - [2025-03-24T23:31:36.319+0000] {dag.py:3820} INFO - Setting next_dagrun for example_trigger_target_dag to None, run_after=None
[2025-03-24T23:31:36.326+0000] {processor.py:183} INFO - Processing /home/airflow/.local/lib/python3.8/site-packages/airflow/example_dags/example_trigger_target_dag.py took 0.026 seconds
[2025-03-24T23:32:07.130+0000] {processor.py:161} INFO - Started process (PID=907) to work on /home/airflow/.local/lib/python3.8/site-packages/airflow/example_dags/example_trigger_target_dag.py
[2025-03-24T23:32:07.130+0000] {processor.py:830} INFO - Processing file /home/airflow/.local/lib/python3.8/site-packages/airflow/example_dags/example_trigger_target_dag.py for tasks to queue
[2025-03-24T23:32:07.131+0000] {logging_mixin.py:188} INFO - [2025-03-24T23:32:07.131+0000] {dagbag.py:538} INFO - Filling up the DagBag from /home/airflow/.local/lib/python3.8/site-packages/airflow/example_dags/example_trigger_target_dag.py
[2025-03-24T23:32:07.134+0000] {processor.py:840} INFO - DAG(s) 'example_trigger_target_dag' retrieved from /home/airflow/.local/lib/python3.8/site-packages/airflow/example_dags/example_trigger_target_dag.py
[2025-03-24T23:32:07.144+0000] {logging_mixin.py:188} INFO - [2025-03-24T23:32:07.144+0000] {dag.py:3033} INFO - Sync 1 DAGs
[2025-03-24T23:32:07.151+0000] {logging_mixin.py:188} INFO - [2025-03-24T23:32:07.151+0000] {dag.py:3820} INFO - Setting next_dagrun for example_trigger_target_dag to None, run_after=None
[2025-03-24T23:32:07.167+0000] {processor.py:183} INFO - Processing /home/airflow/.local/lib/python3.8/site-packages/airflow/example_dags/example_trigger_target_dag.py took 0.039 seconds
[2025-03-24T23:32:38.067+0000] {processor.py:161} INFO - Started process (PID=962) to work on /home/airflow/.local/lib/python3.8/site-packages/airflow/example_dags/example_trigger_target_dag.py
[2025-03-24T23:32:38.068+0000] {processor.py:830} INFO - Processing file /home/airflow/.local/lib/python3.8/site-packages/airflow/example_dags/example_trigger_target_dag.py for tasks to queue
[2025-03-24T23:32:38.069+0000] {logging_mixin.py:188} INFO - [2025-03-24T23:32:38.069+0000] {dagbag.py:538} INFO - Filling up the DagBag from /home/airflow/.local/lib/python3.8/site-packages/airflow/example_dags/example_trigger_target_dag.py
[2025-03-24T23:32:38.072+0000] {processor.py:840} INFO - DAG(s) 'example_trigger_target_dag' retrieved from /home/airflow/.local/lib/python3.8/site-packages/airflow/example_dags/example_trigger_target_dag.py
[2025-03-24T23:32:38.079+0000] {logging_mixin.py:188} INFO - [2025-03-24T23:32:38.079+0000] {dag.py:3033} INFO - Sync 1 DAGs
[2025-03-24T23:32:38.084+0000] {logging_mixin.py:188} INFO - [2025-03-24T23:32:38.084+0000] {dag.py:3820} INFO - Setting next_dagrun for example_trigger_target_dag to None, run_after=None
[2025-03-24T23:32:38.092+0000] {processor.py:183} INFO - Processing /home/airflow/.local/lib/python3.8/site-packages/airflow/example_dags/example_trigger_target_dag.py took 0.026 seconds
[2025-03-24T23:33:08.701+0000] {processor.py:161} INFO - Started process (PID=1017) to work on /home/airflow/.local/lib/python3.8/site-packages/airflow/example_dags/example_trigger_target_dag.py
[2025-03-24T23:33:08.704+0000] {processor.py:830} INFO - Processing file /home/airflow/.local/lib/python3.8/site-packages/airflow/example_dags/example_trigger_target_dag.py for tasks to queue
[2025-03-24T23:33:08.705+0000] {logging_mixin.py:188} INFO - [2025-03-24T23:33:08.705+0000] {dagbag.py:538} INFO - Filling up the DagBag from /home/airflow/.local/lib/python3.8/site-packages/airflow/example_dags/example_trigger_target_dag.py
[2025-03-24T23:33:08.708+0000] {processor.py:840} INFO - DAG(s) 'example_trigger_target_dag' retrieved from /home/airflow/.local/lib/python3.8/site-packages/airflow/example_dags/example_trigger_target_dag.py
[2025-03-24T23:33:08.716+0000] {logging_mixin.py:188} INFO - [2025-03-24T23:33:08.716+0000] {dag.py:3033} INFO - Sync 1 DAGs
[2025-03-24T23:33:08.723+0000] {logging_mixin.py:188} INFO - [2025-03-24T23:33:08.723+0000] {dag.py:3820} INFO - Setting next_dagrun for example_trigger_target_dag to None, run_after=None
[2025-03-24T23:33:08.731+0000] {processor.py:183} INFO - Processing /home/airflow/.local/lib/python3.8/site-packages/airflow/example_dags/example_trigger_target_dag.py took 0.032 seconds
[2025-03-24T23:33:39.191+0000] {processor.py:161} INFO - Started process (PID=1072) to work on /home/airflow/.local/lib/python3.8/site-packages/airflow/example_dags/example_trigger_target_dag.py
[2025-03-24T23:33:39.191+0000] {processor.py:830} INFO - Processing file /home/airflow/.local/lib/python3.8/site-packages/airflow/example_dags/example_trigger_target_dag.py for tasks to queue
[2025-03-24T23:33:39.192+0000] {logging_mixin.py:188} INFO - [2025-03-24T23:33:39.192+0000] {dagbag.py:538} INFO - Filling up the DagBag from /home/airflow/.local/lib/python3.8/site-packages/airflow/example_dags/example_trigger_target_dag.py
[2025-03-24T23:33:39.195+0000] {processor.py:840} INFO - DAG(s) 'example_trigger_target_dag' retrieved from /home/airflow/.local/lib/python3.8/site-packages/airflow/example_dags/example_trigger_target_dag.py
[2025-03-24T23:33:39.205+0000] {logging_mixin.py:188} INFO - [2025-03-24T23:33:39.205+0000] {dag.py:3033} INFO - Sync 1 DAGs
[2025-03-24T23:33:39.210+0000] {logging_mixin.py:188} INFO - [2025-03-24T23:33:39.210+0000] {dag.py:3820} INFO - Setting next_dagrun for example_trigger_target_dag to None, run_after=None
[2025-03-24T23:33:39.218+0000] {processor.py:183} INFO - Processing /home/airflow/.local/lib/python3.8/site-packages/airflow/example_dags/example_trigger_target_dag.py took 0.029 seconds
[2025-03-24T23:34:09.725+0000] {processor.py:161} INFO - Started process (PID=1127) to work on /home/airflow/.local/lib/python3.8/site-packages/airflow/example_dags/example_trigger_target_dag.py
[2025-03-24T23:34:09.726+0000] {processor.py:830} INFO - Processing file /home/airflow/.local/lib/python3.8/site-packages/airflow/example_dags/example_trigger_target_dag.py for tasks to queue
[2025-03-24T23:34:09.726+0000] {logging_mixin.py:188} INFO - [2025-03-24T23:34:09.726+0000] {dagbag.py:538} INFO - Filling up the DagBag from /home/airflow/.local/lib/python3.8/site-packages/airflow/example_dags/example_trigger_target_dag.py
[2025-03-24T23:34:09.729+0000] {processor.py:840} INFO - DAG(s) 'example_trigger_target_dag' retrieved from /home/airflow/.local/lib/python3.8/site-packages/airflow/example_dags/example_trigger_target_dag.py
[2025-03-24T23:34:09.738+0000] {logging_mixin.py:188} INFO - [2025-03-24T23:34:09.738+0000] {dag.py:3033} INFO - Sync 1 DAGs
[2025-03-24T23:34:09.743+0000] {logging_mixin.py:188} INFO - [2025-03-24T23:34:09.743+0000] {dag.py:3820} INFO - Setting next_dagrun for example_trigger_target_dag to None, run_after=None
[2025-03-24T23:34:09.750+0000] {processor.py:183} INFO - Processing /home/airflow/.local/lib/python3.8/site-packages/airflow/example_dags/example_trigger_target_dag.py took 0.027 seconds
[2025-03-24T23:34:40.566+0000] {processor.py:161} INFO - Started process (PID=1182) to work on /home/airflow/.local/lib/python3.8/site-packages/airflow/example_dags/example_trigger_target_dag.py
[2025-03-24T23:34:40.567+0000] {processor.py:830} INFO - Processing file /home/airflow/.local/lib/python3.8/site-packages/airflow/example_dags/example_trigger_target_dag.py for tasks to queue
[2025-03-24T23:34:40.569+0000] {logging_mixin.py:188} INFO - [2025-03-24T23:34:40.568+0000] {dagbag.py:538} INFO - Filling up the DagBag from /home/airflow/.local/lib/python3.8/site-packages/airflow/example_dags/example_trigger_target_dag.py
[2025-03-24T23:34:40.572+0000] {processor.py:840} INFO - DAG(s) 'example_trigger_target_dag' retrieved from /home/airflow/.local/lib/python3.8/site-packages/airflow/example_dags/example_trigger_target_dag.py
[2025-03-24T23:34:40.583+0000] {logging_mixin.py:188} INFO - [2025-03-24T23:34:40.583+0000] {dag.py:3033} INFO - Sync 1 DAGs
[2025-03-24T23:34:40.589+0000] {logging_mixin.py:188} INFO - [2025-03-24T23:34:40.589+0000] {dag.py:3820} INFO - Setting next_dagrun for example_trigger_target_dag to None, run_after=None
[2025-03-24T23:34:40.603+0000] {processor.py:183} INFO - Processing /home/airflow/.local/lib/python3.8/site-packages/airflow/example_dags/example_trigger_target_dag.py took 0.039 seconds
[2025-03-24T23:35:10.700+0000] {processor.py:161} INFO - Started process (PID=1237) to work on /home/airflow/.local/lib/python3.8/site-packages/airflow/example_dags/example_trigger_target_dag.py
[2025-03-24T23:35:10.701+0000] {processor.py:830} INFO - Processing file /home/airflow/.local/lib/python3.8/site-packages/airflow/example_dags/example_trigger_target_dag.py for tasks to queue
[2025-03-24T23:35:10.704+0000] {logging_mixin.py:188} INFO - [2025-03-24T23:35:10.703+0000] {dagbag.py:538} INFO - Filling up the DagBag from /home/airflow/.local/lib/python3.8/site-packages/airflow/example_dags/example_trigger_target_dag.py
[2025-03-24T23:35:10.707+0000] {processor.py:840} INFO - DAG(s) 'example_trigger_target_dag' retrieved from /home/airflow/.local/lib/python3.8/site-packages/airflow/example_dags/example_trigger_target_dag.py
[2025-03-24T23:35:10.717+0000] {logging_mixin.py:188} INFO - [2025-03-24T23:35:10.717+0000] {dag.py:3033} INFO - Sync 1 DAGs
[2025-03-24T23:35:10.723+0000] {logging_mixin.py:188} INFO - [2025-03-24T23:35:10.723+0000] {dag.py:3820} INFO - Setting next_dagrun for example_trigger_target_dag to None, run_after=None
[2025-03-24T23:35:10.734+0000] {processor.py:183} INFO - Processing /home/airflow/.local/lib/python3.8/site-packages/airflow/example_dags/example_trigger_target_dag.py took 0.036 seconds
[2025-03-24T23:35:41.529+0000] {processor.py:161} INFO - Started process (PID=1292) to work on /home/airflow/.local/lib/python3.8/site-packages/airflow/example_dags/example_trigger_target_dag.py
[2025-03-24T23:35:41.532+0000] {processor.py:830} INFO - Processing file /home/airflow/.local/lib/python3.8/site-packages/airflow/example_dags/example_trigger_target_dag.py for tasks to queue
[2025-03-24T23:35:41.533+0000] {logging_mixin.py:188} INFO - [2025-03-24T23:35:41.533+0000] {dagbag.py:538} INFO - Filling up the DagBag from /home/airflow/.local/lib/python3.8/site-packages/airflow/example_dags/example_trigger_target_dag.py
[2025-03-24T23:35:41.537+0000] {processor.py:840} INFO - DAG(s) 'example_trigger_target_dag' retrieved from /home/airflow/.local/lib/python3.8/site-packages/airflow/example_dags/example_trigger_target_dag.py
[2025-03-24T23:35:41.546+0000] {logging_mixin.py:188} INFO - [2025-03-24T23:35:41.546+0000] {dag.py:3033} INFO - Sync 1 DAGs
[2025-03-24T23:35:41.553+0000] {logging_mixin.py:188} INFO - [2025-03-24T23:35:41.553+0000] {dag.py:3820} INFO - Setting next_dagrun for example_trigger_target_dag to None, run_after=None
[2025-03-24T23:35:41.563+0000] {processor.py:183} INFO - Processing /home/airflow/.local/lib/python3.8/site-packages/airflow/example_dags/example_trigger_target_dag.py took 0.035 seconds
[2025-03-24T23:36:12.144+0000] {processor.py:161} INFO - Started process (PID=1346) to work on /home/airflow/.local/lib/python3.8/site-packages/airflow/example_dags/example_trigger_target_dag.py
[2025-03-24T23:36:12.145+0000] {processor.py:830} INFO - Processing file /home/airflow/.local/lib/python3.8/site-packages/airflow/example_dags/example_trigger_target_dag.py for tasks to queue
[2025-03-24T23:36:12.146+0000] {logging_mixin.py:188} INFO - [2025-03-24T23:36:12.146+0000] {dagbag.py:538} INFO - Filling up the DagBag from /home/airflow/.local/lib/python3.8/site-packages/airflow/example_dags/example_trigger_target_dag.py
[2025-03-24T23:36:12.148+0000] {processor.py:840} INFO - DAG(s) 'example_trigger_target_dag' retrieved from /home/airflow/.local/lib/python3.8/site-packages/airflow/example_dags/example_trigger_target_dag.py
[2025-03-24T23:36:12.156+0000] {logging_mixin.py:188} INFO - [2025-03-24T23:36:12.156+0000] {dag.py:3033} INFO - Sync 1 DAGs
[2025-03-24T23:36:12.161+0000] {logging_mixin.py:188} INFO - [2025-03-24T23:36:12.161+0000] {dag.py:3820} INFO - Setting next_dagrun for example_trigger_target_dag to None, run_after=None
[2025-03-24T23:36:12.171+0000] {processor.py:183} INFO - Processing /home/airflow/.local/lib/python3.8/site-packages/airflow/example_dags/example_trigger_target_dag.py took 0.029 seconds
[2025-03-24T23:36:42.933+0000] {processor.py:161} INFO - Started process (PID=1402) to work on /home/airflow/.local/lib/python3.8/site-packages/airflow/example_dags/example_trigger_target_dag.py
[2025-03-24T23:36:42.934+0000] {processor.py:830} INFO - Processing file /home/airflow/.local/lib/python3.8/site-packages/airflow/example_dags/example_trigger_target_dag.py for tasks to queue
[2025-03-24T23:36:42.934+0000] {logging_mixin.py:188} INFO - [2025-03-24T23:36:42.934+0000] {dagbag.py:538} INFO - Filling up the DagBag from /home/airflow/.local/lib/python3.8/site-packages/airflow/example_dags/example_trigger_target_dag.py
[2025-03-24T23:36:42.937+0000] {processor.py:840} INFO - DAG(s) 'example_trigger_target_dag' retrieved from /home/airflow/.local/lib/python3.8/site-packages/airflow/example_dags/example_trigger_target_dag.py
[2025-03-24T23:36:42.945+0000] {logging_mixin.py:188} INFO - [2025-03-24T23:36:42.945+0000] {dag.py:3033} INFO - Sync 1 DAGs
[2025-03-24T23:36:42.951+0000] {logging_mixin.py:188} INFO - [2025-03-24T23:36:42.951+0000] {dag.py:3820} INFO - Setting next_dagrun for example_trigger_target_dag to None, run_after=None
[2025-03-24T23:36:42.962+0000] {processor.py:183} INFO - Processing /home/airflow/.local/lib/python3.8/site-packages/airflow/example_dags/example_trigger_target_dag.py took 0.031 seconds
[2025-03-24T23:37:13.791+0000] {processor.py:161} INFO - Started process (PID=1457) to work on /home/airflow/.local/lib/python3.8/site-packages/airflow/example_dags/example_trigger_target_dag.py
[2025-03-24T23:37:13.793+0000] {processor.py:830} INFO - Processing file /home/airflow/.local/lib/python3.8/site-packages/airflow/example_dags/example_trigger_target_dag.py for tasks to queue
[2025-03-24T23:37:13.794+0000] {logging_mixin.py:188} INFO - [2025-03-24T23:37:13.794+0000] {dagbag.py:538} INFO - Filling up the DagBag from /home/airflow/.local/lib/python3.8/site-packages/airflow/example_dags/example_trigger_target_dag.py
[2025-03-24T23:37:13.797+0000] {processor.py:840} INFO - DAG(s) 'example_trigger_target_dag' retrieved from /home/airflow/.local/lib/python3.8/site-packages/airflow/example_dags/example_trigger_target_dag.py
[2025-03-24T23:37:13.805+0000] {logging_mixin.py:188} INFO - [2025-03-24T23:37:13.805+0000] {dag.py:3033} INFO - Sync 1 DAGs
[2025-03-24T23:37:13.810+0000] {logging_mixin.py:188} INFO - [2025-03-24T23:37:13.810+0000] {dag.py:3820} INFO - Setting next_dagrun for example_trigger_target_dag to None, run_after=None
[2025-03-24T23:37:13.818+0000] {processor.py:183} INFO - Processing /home/airflow/.local/lib/python3.8/site-packages/airflow/example_dags/example_trigger_target_dag.py took 0.028 seconds
[2025-03-24T23:37:44.642+0000] {processor.py:161} INFO - Started process (PID=1512) to work on /home/airflow/.local/lib/python3.8/site-packages/airflow/example_dags/example_trigger_target_dag.py
[2025-03-24T23:37:44.646+0000] {processor.py:830} INFO - Processing file /home/airflow/.local/lib/python3.8/site-packages/airflow/example_dags/example_trigger_target_dag.py for tasks to queue
[2025-03-24T23:37:44.648+0000] {logging_mixin.py:188} INFO - [2025-03-24T23:37:44.648+0000] {dagbag.py:538} INFO - Filling up the DagBag from /home/airflow/.local/lib/python3.8/site-packages/airflow/example_dags/example_trigger_target_dag.py
[2025-03-24T23:37:44.651+0000] {processor.py:840} INFO - DAG(s) 'example_trigger_target_dag' retrieved from /home/airflow/.local/lib/python3.8/site-packages/airflow/example_dags/example_trigger_target_dag.py
[2025-03-24T23:37:44.660+0000] {logging_mixin.py:188} INFO - [2025-03-24T23:37:44.660+0000] {dag.py:3033} INFO - Sync 1 DAGs
[2025-03-24T23:37:44.665+0000] {logging_mixin.py:188} INFO - [2025-03-24T23:37:44.665+0000] {dag.py:3820} INFO - Setting next_dagrun for example_trigger_target_dag to None, run_after=None
[2025-03-24T23:37:44.673+0000] {processor.py:183} INFO - Processing /home/airflow/.local/lib/python3.8/site-packages/airflow/example_dags/example_trigger_target_dag.py took 0.033 seconds
[2025-03-24T23:38:15.327+0000] {processor.py:161} INFO - Started process (PID=1566) to work on /home/airflow/.local/lib/python3.8/site-packages/airflow/example_dags/example_trigger_target_dag.py
[2025-03-24T23:38:15.330+0000] {processor.py:830} INFO - Processing file /home/airflow/.local/lib/python3.8/site-packages/airflow/example_dags/example_trigger_target_dag.py for tasks to queue
[2025-03-24T23:38:15.331+0000] {logging_mixin.py:188} INFO - [2025-03-24T23:38:15.331+0000] {dagbag.py:538} INFO - Filling up the DagBag from /home/airflow/.local/lib/python3.8/site-packages/airflow/example_dags/example_trigger_target_dag.py
[2025-03-24T23:38:15.334+0000] {processor.py:840} INFO - DAG(s) 'example_trigger_target_dag' retrieved from /home/airflow/.local/lib/python3.8/site-packages/airflow/example_dags/example_trigger_target_dag.py
[2025-03-24T23:38:15.344+0000] {logging_mixin.py:188} INFO - [2025-03-24T23:38:15.343+0000] {dag.py:3033} INFO - Sync 1 DAGs
[2025-03-24T23:38:15.352+0000] {logging_mixin.py:188} INFO - [2025-03-24T23:38:15.352+0000] {dag.py:3820} INFO - Setting next_dagrun for example_trigger_target_dag to None, run_after=None
[2025-03-24T23:38:15.361+0000] {processor.py:183} INFO - Processing /home/airflow/.local/lib/python3.8/site-packages/airflow/example_dags/example_trigger_target_dag.py took 0.035 seconds
[2025-03-24T23:38:46.061+0000] {processor.py:161} INFO - Started process (PID=1621) to work on /home/airflow/.local/lib/python3.8/site-packages/airflow/example_dags/example_trigger_target_dag.py
[2025-03-24T23:38:46.061+0000] {processor.py:830} INFO - Processing file /home/airflow/.local/lib/python3.8/site-packages/airflow/example_dags/example_trigger_target_dag.py for tasks to queue
[2025-03-24T23:38:46.062+0000] {logging_mixin.py:188} INFO - [2025-03-24T23:38:46.062+0000] {dagbag.py:538} INFO - Filling up the DagBag from /home/airflow/.local/lib/python3.8/site-packages/airflow/example_dags/example_trigger_target_dag.py
[2025-03-24T23:38:46.064+0000] {processor.py:840} INFO - DAG(s) 'example_trigger_target_dag' retrieved from /home/airflow/.local/lib/python3.8/site-packages/airflow/example_dags/example_trigger_target_dag.py
[2025-03-24T23:38:46.072+0000] {logging_mixin.py:188} INFO - [2025-03-24T23:38:46.072+0000] {dag.py:3033} INFO - Sync 1 DAGs
[2025-03-24T23:38:46.077+0000] {logging_mixin.py:188} INFO - [2025-03-24T23:38:46.077+0000] {dag.py:3820} INFO - Setting next_dagrun for example_trigger_target_dag to None, run_after=None
[2025-03-24T23:38:46.083+0000] {processor.py:183} INFO - Processing /home/airflow/.local/lib/python3.8/site-packages/airflow/example_dags/example_trigger_target_dag.py took 0.023 seconds
[2025-03-24T23:39:17.000+0000] {processor.py:161} INFO - Started process (PID=1677) to work on /home/airflow/.local/lib/python3.8/site-packages/airflow/example_dags/example_trigger_target_dag.py
[2025-03-24T23:39:17.001+0000] {processor.py:830} INFO - Processing file /home/airflow/.local/lib/python3.8/site-packages/airflow/example_dags/example_trigger_target_dag.py for tasks to queue
[2025-03-24T23:39:17.002+0000] {logging_mixin.py:188} INFO - [2025-03-24T23:39:17.002+0000] {dagbag.py:538} INFO - Filling up the DagBag from /home/airflow/.local/lib/python3.8/site-packages/airflow/example_dags/example_trigger_target_dag.py
[2025-03-24T23:39:17.006+0000] {processor.py:840} INFO - DAG(s) 'example_trigger_target_dag' retrieved from /home/airflow/.local/lib/python3.8/site-packages/airflow/example_dags/example_trigger_target_dag.py
[2025-03-24T23:39:17.019+0000] {logging_mixin.py:188} INFO - [2025-03-24T23:39:17.018+0000] {dag.py:3033} INFO - Sync 1 DAGs
[2025-03-24T23:39:17.025+0000] {logging_mixin.py:188} INFO - [2025-03-24T23:39:17.024+0000] {dag.py:3820} INFO - Setting next_dagrun for example_trigger_target_dag to None, run_after=None
[2025-03-24T23:39:17.033+0000] {processor.py:183} INFO - Processing /home/airflow/.local/lib/python3.8/site-packages/airflow/example_dags/example_trigger_target_dag.py took 0.035 seconds
[2025-03-24T23:39:47.787+0000] {processor.py:161} INFO - Started process (PID=1732) to work on /home/airflow/.local/lib/python3.8/site-packages/airflow/example_dags/example_trigger_target_dag.py
[2025-03-24T23:39:47.789+0000] {processor.py:830} INFO - Processing file /home/airflow/.local/lib/python3.8/site-packages/airflow/example_dags/example_trigger_target_dag.py for tasks to queue
[2025-03-24T23:39:47.790+0000] {logging_mixin.py:188} INFO - [2025-03-24T23:39:47.790+0000] {dagbag.py:538} INFO - Filling up the DagBag from /home/airflow/.local/lib/python3.8/site-packages/airflow/example_dags/example_trigger_target_dag.py
[2025-03-24T23:39:47.792+0000] {processor.py:840} INFO - DAG(s) 'example_trigger_target_dag' retrieved from /home/airflow/.local/lib/python3.8/site-packages/airflow/example_dags/example_trigger_target_dag.py
[2025-03-24T23:39:47.800+0000] {logging_mixin.py:188} INFO - [2025-03-24T23:39:47.800+0000] {dag.py:3033} INFO - Sync 1 DAGs
[2025-03-24T23:39:47.805+0000] {logging_mixin.py:188} INFO - [2025-03-24T23:39:47.805+0000] {dag.py:3820} INFO - Setting next_dagrun for example_trigger_target_dag to None, run_after=None
[2025-03-24T23:39:47.813+0000] {processor.py:183} INFO - Processing /home/airflow/.local/lib/python3.8/site-packages/airflow/example_dags/example_trigger_target_dag.py took 0.027 seconds
[2025-03-24T23:40:18.338+0000] {processor.py:161} INFO - Started process (PID=1787) to work on /home/airflow/.local/lib/python3.8/site-packages/airflow/example_dags/example_trigger_target_dag.py
[2025-03-24T23:40:18.340+0000] {processor.py:830} INFO - Processing file /home/airflow/.local/lib/python3.8/site-packages/airflow/example_dags/example_trigger_target_dag.py for tasks to queue
[2025-03-24T23:40:18.340+0000] {logging_mixin.py:188} INFO - [2025-03-24T23:40:18.340+0000] {dagbag.py:538} INFO - Filling up the DagBag from /home/airflow/.local/lib/python3.8/site-packages/airflow/example_dags/example_trigger_target_dag.py
[2025-03-24T23:40:18.343+0000] {processor.py:840} INFO - DAG(s) 'example_trigger_target_dag' retrieved from /home/airflow/.local/lib/python3.8/site-packages/airflow/example_dags/example_trigger_target_dag.py
[2025-03-24T23:40:18.353+0000] {logging_mixin.py:188} INFO - [2025-03-24T23:40:18.353+0000] {dag.py:3033} INFO - Sync 1 DAGs
[2025-03-24T23:40:18.358+0000] {logging_mixin.py:188} INFO - [2025-03-24T23:40:18.358+0000] {dag.py:3820} INFO - Setting next_dagrun for example_trigger_target_dag to None, run_after=None
[2025-03-24T23:40:18.366+0000] {processor.py:183} INFO - Processing /home/airflow/.local/lib/python3.8/site-packages/airflow/example_dags/example_trigger_target_dag.py took 0.030 seconds
[2025-03-24T23:40:48.900+0000] {processor.py:161} INFO - Started process (PID=1842) to work on /home/airflow/.local/lib/python3.8/site-packages/airflow/example_dags/example_trigger_target_dag.py
[2025-03-24T23:40:48.901+0000] {processor.py:830} INFO - Processing file /home/airflow/.local/lib/python3.8/site-packages/airflow/example_dags/example_trigger_target_dag.py for tasks to queue
[2025-03-24T23:40:48.905+0000] {logging_mixin.py:188} INFO - [2025-03-24T23:40:48.905+0000] {dagbag.py:538} INFO - Filling up the DagBag from /home/airflow/.local/lib/python3.8/site-packages/airflow/example_dags/example_trigger_target_dag.py
[2025-03-24T23:40:48.907+0000] {processor.py:840} INFO - DAG(s) 'example_trigger_target_dag' retrieved from /home/airflow/.local/lib/python3.8/site-packages/airflow/example_dags/example_trigger_target_dag.py
[2025-03-24T23:40:48.915+0000] {logging_mixin.py:188} INFO - [2025-03-24T23:40:48.915+0000] {dag.py:3033} INFO - Sync 1 DAGs
[2025-03-24T23:40:48.923+0000] {logging_mixin.py:188} INFO - [2025-03-24T23:40:48.922+0000] {dag.py:3820} INFO - Setting next_dagrun for example_trigger_target_dag to None, run_after=None
[2025-03-24T23:40:48.930+0000] {processor.py:183} INFO - Processing /home/airflow/.local/lib/python3.8/site-packages/airflow/example_dags/example_trigger_target_dag.py took 0.031 seconds
[2025-03-24T23:41:19.559+0000] {processor.py:161} INFO - Started process (PID=1897) to work on /home/airflow/.local/lib/python3.8/site-packages/airflow/example_dags/example_trigger_target_dag.py
[2025-03-24T23:41:19.561+0000] {processor.py:830} INFO - Processing file /home/airflow/.local/lib/python3.8/site-packages/airflow/example_dags/example_trigger_target_dag.py for tasks to queue
[2025-03-24T23:41:19.562+0000] {logging_mixin.py:188} INFO - [2025-03-24T23:41:19.562+0000] {dagbag.py:538} INFO - Filling up the DagBag from /home/airflow/.local/lib/python3.8/site-packages/airflow/example_dags/example_trigger_target_dag.py
[2025-03-24T23:41:19.566+0000] {processor.py:840} INFO - DAG(s) 'example_trigger_target_dag' retrieved from /home/airflow/.local/lib/python3.8/site-packages/airflow/example_dags/example_trigger_target_dag.py
[2025-03-24T23:41:19.575+0000] {logging_mixin.py:188} INFO - [2025-03-24T23:41:19.575+0000] {dag.py:3033} INFO - Sync 1 DAGs
[2025-03-24T23:41:19.579+0000] {logging_mixin.py:188} INFO - [2025-03-24T23:41:19.579+0000] {dag.py:3820} INFO - Setting next_dagrun for example_trigger_target_dag to None, run_after=None
[2025-03-24T23:41:19.586+0000] {processor.py:183} INFO - Processing /home/airflow/.local/lib/python3.8/site-packages/airflow/example_dags/example_trigger_target_dag.py took 0.028 seconds
[2025-03-24T23:41:50.181+0000] {processor.py:161} INFO - Started process (PID=1952) to work on /home/airflow/.local/lib/python3.8/site-packages/airflow/example_dags/example_trigger_target_dag.py
[2025-03-24T23:41:50.181+0000] {processor.py:830} INFO - Processing file /home/airflow/.local/lib/python3.8/site-packages/airflow/example_dags/example_trigger_target_dag.py for tasks to queue
[2025-03-24T23:41:50.182+0000] {logging_mixin.py:188} INFO - [2025-03-24T23:41:50.182+0000] {dagbag.py:538} INFO - Filling up the DagBag from /home/airflow/.local/lib/python3.8/site-packages/airflow/example_dags/example_trigger_target_dag.py
[2025-03-24T23:41:50.185+0000] {processor.py:840} INFO - DAG(s) 'example_trigger_target_dag' retrieved from /home/airflow/.local/lib/python3.8/site-packages/airflow/example_dags/example_trigger_target_dag.py
[2025-03-24T23:41:50.195+0000] {logging_mixin.py:188} INFO - [2025-03-24T23:41:50.195+0000] {dag.py:3033} INFO - Sync 1 DAGs
[2025-03-24T23:41:50.201+0000] {logging_mixin.py:188} INFO - [2025-03-24T23:41:50.201+0000] {dag.py:3820} INFO - Setting next_dagrun for example_trigger_target_dag to None, run_after=None
[2025-03-24T23:41:50.207+0000] {processor.py:183} INFO - Processing /home/airflow/.local/lib/python3.8/site-packages/airflow/example_dags/example_trigger_target_dag.py took 0.028 seconds
[2025-03-24T23:42:20.736+0000] {processor.py:161} INFO - Started process (PID=2007) to work on /home/airflow/.local/lib/python3.8/site-packages/airflow/example_dags/example_trigger_target_dag.py
[2025-03-24T23:42:20.736+0000] {processor.py:830} INFO - Processing file /home/airflow/.local/lib/python3.8/site-packages/airflow/example_dags/example_trigger_target_dag.py for tasks to queue
[2025-03-24T23:42:20.737+0000] {logging_mixin.py:188} INFO - [2025-03-24T23:42:20.737+0000] {dagbag.py:538} INFO - Filling up the DagBag from /home/airflow/.local/lib/python3.8/site-packages/airflow/example_dags/example_trigger_target_dag.py
[2025-03-24T23:42:20.741+0000] {processor.py:840} INFO - DAG(s) 'example_trigger_target_dag' retrieved from /home/airflow/.local/lib/python3.8/site-packages/airflow/example_dags/example_trigger_target_dag.py
[2025-03-24T23:42:20.749+0000] {logging_mixin.py:188} INFO - [2025-03-24T23:42:20.749+0000] {dag.py:3033} INFO - Sync 1 DAGs
[2025-03-24T23:42:20.755+0000] {logging_mixin.py:188} INFO - [2025-03-24T23:42:20.755+0000] {dag.py:3820} INFO - Setting next_dagrun for example_trigger_target_dag to None, run_after=None
[2025-03-24T23:42:20.761+0000] {processor.py:183} INFO - Processing /home/airflow/.local/lib/python3.8/site-packages/airflow/example_dags/example_trigger_target_dag.py took 0.027 seconds
[2025-03-24T23:42:51.205+0000] {processor.py:161} INFO - Started process (PID=2062) to work on /home/airflow/.local/lib/python3.8/site-packages/airflow/example_dags/example_trigger_target_dag.py
[2025-03-24T23:42:51.205+0000] {processor.py:830} INFO - Processing file /home/airflow/.local/lib/python3.8/site-packages/airflow/example_dags/example_trigger_target_dag.py for tasks to queue
[2025-03-24T23:42:51.206+0000] {logging_mixin.py:188} INFO - [2025-03-24T23:42:51.206+0000] {dagbag.py:538} INFO - Filling up the DagBag from /home/airflow/.local/lib/python3.8/site-packages/airflow/example_dags/example_trigger_target_dag.py
[2025-03-24T23:42:51.209+0000] {processor.py:840} INFO - DAG(s) 'example_trigger_target_dag' retrieved from /home/airflow/.local/lib/python3.8/site-packages/airflow/example_dags/example_trigger_target_dag.py
[2025-03-24T23:42:51.218+0000] {logging_mixin.py:188} INFO - [2025-03-24T23:42:51.218+0000] {dag.py:3033} INFO - Sync 1 DAGs
[2025-03-24T23:42:51.224+0000] {logging_mixin.py:188} INFO - [2025-03-24T23:42:51.224+0000] {dag.py:3820} INFO - Setting next_dagrun for example_trigger_target_dag to None, run_after=None
[2025-03-24T23:42:51.236+0000] {processor.py:183} INFO - Processing /home/airflow/.local/lib/python3.8/site-packages/airflow/example_dags/example_trigger_target_dag.py took 0.033 seconds
[2025-03-24T23:43:21.762+0000] {processor.py:161} INFO - Started process (PID=2117) to work on /home/airflow/.local/lib/python3.8/site-packages/airflow/example_dags/example_trigger_target_dag.py
[2025-03-24T23:43:21.764+0000] {processor.py:830} INFO - Processing file /home/airflow/.local/lib/python3.8/site-packages/airflow/example_dags/example_trigger_target_dag.py for tasks to queue
[2025-03-24T23:43:21.765+0000] {logging_mixin.py:188} INFO - [2025-03-24T23:43:21.765+0000] {dagbag.py:538} INFO - Filling up the DagBag from /home/airflow/.local/lib/python3.8/site-packages/airflow/example_dags/example_trigger_target_dag.py
[2025-03-24T23:43:21.768+0000] {processor.py:840} INFO - DAG(s) 'example_trigger_target_dag' retrieved from /home/airflow/.local/lib/python3.8/site-packages/airflow/example_dags/example_trigger_target_dag.py
[2025-03-24T23:43:21.776+0000] {logging_mixin.py:188} INFO - [2025-03-24T23:43:21.776+0000] {dag.py:3033} INFO - Sync 1 DAGs
[2025-03-24T23:43:21.781+0000] {logging_mixin.py:188} INFO - [2025-03-24T23:43:21.781+0000] {dag.py:3820} INFO - Setting next_dagrun for example_trigger_target_dag to None, run_after=None
[2025-03-24T23:43:21.788+0000] {processor.py:183} INFO - Processing /home/airflow/.local/lib/python3.8/site-packages/airflow/example_dags/example_trigger_target_dag.py took 0.027 seconds
[2025-03-24T23:43:52.429+0000] {processor.py:161} INFO - Started process (PID=2172) to work on /home/airflow/.local/lib/python3.8/site-packages/airflow/example_dags/example_trigger_target_dag.py
[2025-03-24T23:43:52.429+0000] {processor.py:830} INFO - Processing file /home/airflow/.local/lib/python3.8/site-packages/airflow/example_dags/example_trigger_target_dag.py for tasks to queue
[2025-03-24T23:43:52.431+0000] {logging_mixin.py:188} INFO - [2025-03-24T23:43:52.431+0000] {dagbag.py:538} INFO - Filling up the DagBag from /home/airflow/.local/lib/python3.8/site-packages/airflow/example_dags/example_trigger_target_dag.py
[2025-03-24T23:43:52.433+0000] {processor.py:840} INFO - DAG(s) 'example_trigger_target_dag' retrieved from /home/airflow/.local/lib/python3.8/site-packages/airflow/example_dags/example_trigger_target_dag.py
[2025-03-24T23:43:52.442+0000] {logging_mixin.py:188} INFO - [2025-03-24T23:43:52.442+0000] {dag.py:3033} INFO - Sync 1 DAGs
[2025-03-24T23:43:52.448+0000] {logging_mixin.py:188} INFO - [2025-03-24T23:43:52.448+0000] {dag.py:3820} INFO - Setting next_dagrun for example_trigger_target_dag to None, run_after=None
[2025-03-24T23:43:52.455+0000] {processor.py:183} INFO - Processing /home/airflow/.local/lib/python3.8/site-packages/airflow/example_dags/example_trigger_target_dag.py took 0.028 seconds
[2025-03-24T23:44:23.079+0000] {processor.py:161} INFO - Started process (PID=2227) to work on /home/airflow/.local/lib/python3.8/site-packages/airflow/example_dags/example_trigger_target_dag.py
[2025-03-24T23:44:23.081+0000] {processor.py:830} INFO - Processing file /home/airflow/.local/lib/python3.8/site-packages/airflow/example_dags/example_trigger_target_dag.py for tasks to queue
[2025-03-24T23:44:23.082+0000] {logging_mixin.py:188} INFO - [2025-03-24T23:44:23.081+0000] {dagbag.py:538} INFO - Filling up the DagBag from /home/airflow/.local/lib/python3.8/site-packages/airflow/example_dags/example_trigger_target_dag.py
[2025-03-24T23:44:23.085+0000] {processor.py:840} INFO - DAG(s) 'example_trigger_target_dag' retrieved from /home/airflow/.local/lib/python3.8/site-packages/airflow/example_dags/example_trigger_target_dag.py
[2025-03-24T23:44:23.093+0000] {logging_mixin.py:188} INFO - [2025-03-24T23:44:23.093+0000] {dag.py:3033} INFO - Sync 1 DAGs
[2025-03-24T23:44:23.099+0000] {logging_mixin.py:188} INFO - [2025-03-24T23:44:23.099+0000] {dag.py:3820} INFO - Setting next_dagrun for example_trigger_target_dag to None, run_after=None
[2025-03-24T23:44:23.107+0000] {processor.py:183} INFO - Processing /home/airflow/.local/lib/python3.8/site-packages/airflow/example_dags/example_trigger_target_dag.py took 0.029 seconds
[2025-03-24T23:44:53.767+0000] {processor.py:161} INFO - Started process (PID=2282) to work on /home/airflow/.local/lib/python3.8/site-packages/airflow/example_dags/example_trigger_target_dag.py
[2025-03-24T23:44:53.767+0000] {processor.py:830} INFO - Processing file /home/airflow/.local/lib/python3.8/site-packages/airflow/example_dags/example_trigger_target_dag.py for tasks to queue
[2025-03-24T23:44:53.768+0000] {logging_mixin.py:188} INFO - [2025-03-24T23:44:53.768+0000] {dagbag.py:538} INFO - Filling up the DagBag from /home/airflow/.local/lib/python3.8/site-packages/airflow/example_dags/example_trigger_target_dag.py
[2025-03-24T23:44:53.771+0000] {processor.py:840} INFO - DAG(s) 'example_trigger_target_dag' retrieved from /home/airflow/.local/lib/python3.8/site-packages/airflow/example_dags/example_trigger_target_dag.py
[2025-03-24T23:44:53.780+0000] {logging_mixin.py:188} INFO - [2025-03-24T23:44:53.780+0000] {dag.py:3033} INFO - Sync 1 DAGs
[2025-03-24T23:44:53.785+0000] {logging_mixin.py:188} INFO - [2025-03-24T23:44:53.785+0000] {dag.py:3820} INFO - Setting next_dagrun for example_trigger_target_dag to None, run_after=None
[2025-03-24T23:44:53.794+0000] {processor.py:183} INFO - Processing /home/airflow/.local/lib/python3.8/site-packages/airflow/example_dags/example_trigger_target_dag.py took 0.029 seconds
[2025-03-24T23:45:24.200+0000] {processor.py:161} INFO - Started process (PID=2337) to work on /home/airflow/.local/lib/python3.8/site-packages/airflow/example_dags/example_trigger_target_dag.py
[2025-03-24T23:45:24.204+0000] {processor.py:830} INFO - Processing file /home/airflow/.local/lib/python3.8/site-packages/airflow/example_dags/example_trigger_target_dag.py for tasks to queue
[2025-03-24T23:45:24.205+0000] {logging_mixin.py:188} INFO - [2025-03-24T23:45:24.205+0000] {dagbag.py:538} INFO - Filling up the DagBag from /home/airflow/.local/lib/python3.8/site-packages/airflow/example_dags/example_trigger_target_dag.py
[2025-03-24T23:45:24.208+0000] {processor.py:840} INFO - DAG(s) 'example_trigger_target_dag' retrieved from /home/airflow/.local/lib/python3.8/site-packages/airflow/example_dags/example_trigger_target_dag.py
[2025-03-24T23:45:24.222+0000] {logging_mixin.py:188} INFO - [2025-03-24T23:45:24.222+0000] {dag.py:3033} INFO - Sync 1 DAGs
[2025-03-24T23:45:24.227+0000] {logging_mixin.py:188} INFO - [2025-03-24T23:45:24.227+0000] {dag.py:3820} INFO - Setting next_dagrun for example_trigger_target_dag to None, run_after=None
[2025-03-24T23:45:24.239+0000] {processor.py:183} INFO - Processing /home/airflow/.local/lib/python3.8/site-packages/airflow/example_dags/example_trigger_target_dag.py took 0.040 seconds
[2025-03-24T23:45:54.865+0000] {processor.py:161} INFO - Started process (PID=2391) to work on /home/airflow/.local/lib/python3.8/site-packages/airflow/example_dags/example_trigger_target_dag.py
[2025-03-24T23:45:54.867+0000] {processor.py:830} INFO - Processing file /home/airflow/.local/lib/python3.8/site-packages/airflow/example_dags/example_trigger_target_dag.py for tasks to queue
[2025-03-24T23:45:54.868+0000] {logging_mixin.py:188} INFO - [2025-03-24T23:45:54.868+0000] {dagbag.py:538} INFO - Filling up the DagBag from /home/airflow/.local/lib/python3.8/site-packages/airflow/example_dags/example_trigger_target_dag.py
[2025-03-24T23:45:54.871+0000] {processor.py:840} INFO - DAG(s) 'example_trigger_target_dag' retrieved from /home/airflow/.local/lib/python3.8/site-packages/airflow/example_dags/example_trigger_target_dag.py
[2025-03-24T23:45:54.879+0000] {logging_mixin.py:188} INFO - [2025-03-24T23:45:54.879+0000] {dag.py:3033} INFO - Sync 1 DAGs
[2025-03-24T23:45:54.884+0000] {logging_mixin.py:188} INFO - [2025-03-24T23:45:54.884+0000] {dag.py:3820} INFO - Setting next_dagrun for example_trigger_target_dag to None, run_after=None
[2025-03-24T23:45:54.891+0000] {processor.py:183} INFO - Processing /home/airflow/.local/lib/python3.8/site-packages/airflow/example_dags/example_trigger_target_dag.py took 0.027 seconds
[2025-03-24T23:46:25.765+0000] {processor.py:161} INFO - Started process (PID=2446) to work on /home/airflow/.local/lib/python3.8/site-packages/airflow/example_dags/example_trigger_target_dag.py
[2025-03-24T23:46:25.765+0000] {processor.py:830} INFO - Processing file /home/airflow/.local/lib/python3.8/site-packages/airflow/example_dags/example_trigger_target_dag.py for tasks to queue
[2025-03-24T23:46:25.767+0000] {logging_mixin.py:188} INFO - [2025-03-24T23:46:25.766+0000] {dagbag.py:538} INFO - Filling up the DagBag from /home/airflow/.local/lib/python3.8/site-packages/airflow/example_dags/example_trigger_target_dag.py
[2025-03-24T23:46:25.769+0000] {processor.py:840} INFO - DAG(s) 'example_trigger_target_dag' retrieved from /home/airflow/.local/lib/python3.8/site-packages/airflow/example_dags/example_trigger_target_dag.py
[2025-03-24T23:46:25.778+0000] {logging_mixin.py:188} INFO - [2025-03-24T23:46:25.778+0000] {dag.py:3033} INFO - Sync 1 DAGs
[2025-03-24T23:46:25.783+0000] {logging_mixin.py:188} INFO - [2025-03-24T23:46:25.783+0000] {dag.py:3820} INFO - Setting next_dagrun for example_trigger_target_dag to None, run_after=None
[2025-03-24T23:46:25.790+0000] {processor.py:183} INFO - Processing /home/airflow/.local/lib/python3.8/site-packages/airflow/example_dags/example_trigger_target_dag.py took 0.027 seconds
[2025-03-24T23:46:56.640+0000] {processor.py:161} INFO - Started process (PID=2501) to work on /home/airflow/.local/lib/python3.8/site-packages/airflow/example_dags/example_trigger_target_dag.py
[2025-03-24T23:46:56.641+0000] {processor.py:830} INFO - Processing file /home/airflow/.local/lib/python3.8/site-packages/airflow/example_dags/example_trigger_target_dag.py for tasks to queue
[2025-03-24T23:46:56.644+0000] {logging_mixin.py:188} INFO - [2025-03-24T23:46:56.644+0000] {dagbag.py:538} INFO - Filling up the DagBag from /home/airflow/.local/lib/python3.8/site-packages/airflow/example_dags/example_trigger_target_dag.py
[2025-03-24T23:46:56.647+0000] {processor.py:840} INFO - DAG(s) 'example_trigger_target_dag' retrieved from /home/airflow/.local/lib/python3.8/site-packages/airflow/example_dags/example_trigger_target_dag.py
[2025-03-24T23:46:56.655+0000] {logging_mixin.py:188} INFO - [2025-03-24T23:46:56.655+0000] {dag.py:3033} INFO - Sync 1 DAGs
[2025-03-24T23:46:56.662+0000] {logging_mixin.py:188} INFO - [2025-03-24T23:46:56.662+0000] {dag.py:3820} INFO - Setting next_dagrun for example_trigger_target_dag to None, run_after=None
[2025-03-24T23:46:56.670+0000] {processor.py:183} INFO - Processing /home/airflow/.local/lib/python3.8/site-packages/airflow/example_dags/example_trigger_target_dag.py took 0.031 seconds
[2025-03-24T23:47:27.770+0000] {processor.py:161} INFO - Started process (PID=2556) to work on /home/airflow/.local/lib/python3.8/site-packages/airflow/example_dags/example_trigger_target_dag.py
[2025-03-24T23:47:27.773+0000] {processor.py:830} INFO - Processing file /home/airflow/.local/lib/python3.8/site-packages/airflow/example_dags/example_trigger_target_dag.py for tasks to queue
[2025-03-24T23:47:27.774+0000] {logging_mixin.py:188} INFO - [2025-03-24T23:47:27.774+0000] {dagbag.py:538} INFO - Filling up the DagBag from /home/airflow/.local/lib/python3.8/site-packages/airflow/example_dags/example_trigger_target_dag.py
[2025-03-24T23:47:27.776+0000] {processor.py:840} INFO - DAG(s) 'example_trigger_target_dag' retrieved from /home/airflow/.local/lib/python3.8/site-packages/airflow/example_dags/example_trigger_target_dag.py
[2025-03-24T23:47:27.785+0000] {logging_mixin.py:188} INFO - [2025-03-24T23:47:27.785+0000] {dag.py:3033} INFO - Sync 1 DAGs
[2025-03-24T23:47:27.789+0000] {logging_mixin.py:188} INFO - [2025-03-24T23:47:27.789+0000] {dag.py:3820} INFO - Setting next_dagrun for example_trigger_target_dag to None, run_after=None
[2025-03-24T23:47:27.796+0000] {processor.py:183} INFO - Processing /home/airflow/.local/lib/python3.8/site-packages/airflow/example_dags/example_trigger_target_dag.py took 0.027 seconds
[2025-03-24T23:47:57.951+0000] {processor.py:161} INFO - Started process (PID=2611) to work on /home/airflow/.local/lib/python3.8/site-packages/airflow/example_dags/example_trigger_target_dag.py
[2025-03-24T23:47:57.952+0000] {processor.py:830} INFO - Processing file /home/airflow/.local/lib/python3.8/site-packages/airflow/example_dags/example_trigger_target_dag.py for tasks to queue
[2025-03-24T23:47:57.953+0000] {logging_mixin.py:188} INFO - [2025-03-24T23:47:57.952+0000] {dagbag.py:538} INFO - Filling up the DagBag from /home/airflow/.local/lib/python3.8/site-packages/airflow/example_dags/example_trigger_target_dag.py
[2025-03-24T23:47:57.955+0000] {processor.py:840} INFO - DAG(s) 'example_trigger_target_dag' retrieved from /home/airflow/.local/lib/python3.8/site-packages/airflow/example_dags/example_trigger_target_dag.py
[2025-03-24T23:47:57.965+0000] {logging_mixin.py:188} INFO - [2025-03-24T23:47:57.964+0000] {dag.py:3033} INFO - Sync 1 DAGs
[2025-03-24T23:47:57.969+0000] {logging_mixin.py:188} INFO - [2025-03-24T23:47:57.969+0000] {dag.py:3820} INFO - Setting next_dagrun for example_trigger_target_dag to None, run_after=None
[2025-03-24T23:47:57.976+0000] {processor.py:183} INFO - Processing /home/airflow/.local/lib/python3.8/site-packages/airflow/example_dags/example_trigger_target_dag.py took 0.026 seconds
[2025-03-24T23:48:28.328+0000] {processor.py:161} INFO - Started process (PID=2666) to work on /home/airflow/.local/lib/python3.8/site-packages/airflow/example_dags/example_trigger_target_dag.py
[2025-03-24T23:48:28.329+0000] {processor.py:830} INFO - Processing file /home/airflow/.local/lib/python3.8/site-packages/airflow/example_dags/example_trigger_target_dag.py for tasks to queue
[2025-03-24T23:48:28.330+0000] {logging_mixin.py:188} INFO - [2025-03-24T23:48:28.330+0000] {dagbag.py:538} INFO - Filling up the DagBag from /home/airflow/.local/lib/python3.8/site-packages/airflow/example_dags/example_trigger_target_dag.py
[2025-03-24T23:48:28.333+0000] {processor.py:840} INFO - DAG(s) 'example_trigger_target_dag' retrieved from /home/airflow/.local/lib/python3.8/site-packages/airflow/example_dags/example_trigger_target_dag.py
[2025-03-24T23:48:28.342+0000] {logging_mixin.py:188} INFO - [2025-03-24T23:48:28.342+0000] {dag.py:3033} INFO - Sync 1 DAGs
[2025-03-24T23:48:28.416+0000] {logging_mixin.py:188} INFO - [2025-03-24T23:48:28.416+0000] {dag.py:3820} INFO - Setting next_dagrun for example_trigger_target_dag to None, run_after=None
[2025-03-24T23:48:28.427+0000] {processor.py:183} INFO - Processing /home/airflow/.local/lib/python3.8/site-packages/airflow/example_dags/example_trigger_target_dag.py took 0.100 seconds
[2025-03-24T23:48:58.446+0000] {processor.py:161} INFO - Started process (PID=2721) to work on /home/airflow/.local/lib/python3.8/site-packages/airflow/example_dags/example_trigger_target_dag.py
[2025-03-24T23:48:58.446+0000] {processor.py:830} INFO - Processing file /home/airflow/.local/lib/python3.8/site-packages/airflow/example_dags/example_trigger_target_dag.py for tasks to queue
[2025-03-24T23:48:58.447+0000] {logging_mixin.py:188} INFO - [2025-03-24T23:48:58.447+0000] {dagbag.py:538} INFO - Filling up the DagBag from /home/airflow/.local/lib/python3.8/site-packages/airflow/example_dags/example_trigger_target_dag.py
[2025-03-24T23:48:58.450+0000] {processor.py:840} INFO - DAG(s) 'example_trigger_target_dag' retrieved from /home/airflow/.local/lib/python3.8/site-packages/airflow/example_dags/example_trigger_target_dag.py
[2025-03-24T23:48:58.457+0000] {logging_mixin.py:188} INFO - [2025-03-24T23:48:58.457+0000] {dag.py:3033} INFO - Sync 1 DAGs
[2025-03-24T23:48:58.462+0000] {logging_mixin.py:188} INFO - [2025-03-24T23:48:58.462+0000] {dag.py:3820} INFO - Setting next_dagrun for example_trigger_target_dag to None, run_after=None
[2025-03-24T23:48:58.468+0000] {processor.py:183} INFO - Processing /home/airflow/.local/lib/python3.8/site-packages/airflow/example_dags/example_trigger_target_dag.py took 0.023 seconds
[2025-03-24T23:49:28.579+0000] {processor.py:161} INFO - Started process (PID=2776) to work on /home/airflow/.local/lib/python3.8/site-packages/airflow/example_dags/example_trigger_target_dag.py
[2025-03-24T23:49:28.579+0000] {processor.py:830} INFO - Processing file /home/airflow/.local/lib/python3.8/site-packages/airflow/example_dags/example_trigger_target_dag.py for tasks to queue
[2025-03-24T23:49:28.581+0000] {logging_mixin.py:188} INFO - [2025-03-24T23:49:28.581+0000] {dagbag.py:538} INFO - Filling up the DagBag from /home/airflow/.local/lib/python3.8/site-packages/airflow/example_dags/example_trigger_target_dag.py
[2025-03-24T23:49:28.583+0000] {processor.py:840} INFO - DAG(s) 'example_trigger_target_dag' retrieved from /home/airflow/.local/lib/python3.8/site-packages/airflow/example_dags/example_trigger_target_dag.py
[2025-03-24T23:49:28.596+0000] {logging_mixin.py:188} INFO - [2025-03-24T23:49:28.595+0000] {dag.py:3033} INFO - Sync 1 DAGs
[2025-03-24T23:49:28.603+0000] {logging_mixin.py:188} INFO - [2025-03-24T23:49:28.603+0000] {dag.py:3820} INFO - Setting next_dagrun for example_trigger_target_dag to None, run_after=None
[2025-03-24T23:49:28.615+0000] {processor.py:183} INFO - Processing /home/airflow/.local/lib/python3.8/site-packages/airflow/example_dags/example_trigger_target_dag.py took 0.038 seconds
[2025-03-24T23:49:59.641+0000] {processor.py:161} INFO - Started process (PID=2830) to work on /home/airflow/.local/lib/python3.8/site-packages/airflow/example_dags/example_trigger_target_dag.py
[2025-03-24T23:49:59.642+0000] {processor.py:830} INFO - Processing file /home/airflow/.local/lib/python3.8/site-packages/airflow/example_dags/example_trigger_target_dag.py for tasks to queue
[2025-03-24T23:49:59.643+0000] {logging_mixin.py:188} INFO - [2025-03-24T23:49:59.642+0000] {dagbag.py:538} INFO - Filling up the DagBag from /home/airflow/.local/lib/python3.8/site-packages/airflow/example_dags/example_trigger_target_dag.py
[2025-03-24T23:49:59.645+0000] {processor.py:840} INFO - DAG(s) 'example_trigger_target_dag' retrieved from /home/airflow/.local/lib/python3.8/site-packages/airflow/example_dags/example_trigger_target_dag.py
[2025-03-24T23:49:59.724+0000] {logging_mixin.py:188} INFO - [2025-03-24T23:49:59.724+0000] {dag.py:3033} INFO - Sync 1 DAGs
[2025-03-24T23:49:59.728+0000] {logging_mixin.py:188} INFO - [2025-03-24T23:49:59.728+0000] {dag.py:3820} INFO - Setting next_dagrun for example_trigger_target_dag to None, run_after=None
[2025-03-24T23:49:59.737+0000] {processor.py:183} INFO - Processing /home/airflow/.local/lib/python3.8/site-packages/airflow/example_dags/example_trigger_target_dag.py took 0.097 seconds
[2025-03-24T23:50:30.384+0000] {processor.py:161} INFO - Started process (PID=2885) to work on /home/airflow/.local/lib/python3.8/site-packages/airflow/example_dags/example_trigger_target_dag.py
[2025-03-24T23:50:30.384+0000] {processor.py:830} INFO - Processing file /home/airflow/.local/lib/python3.8/site-packages/airflow/example_dags/example_trigger_target_dag.py for tasks to queue
[2025-03-24T23:50:30.385+0000] {logging_mixin.py:188} INFO - [2025-03-24T23:50:30.385+0000] {dagbag.py:538} INFO - Filling up the DagBag from /home/airflow/.local/lib/python3.8/site-packages/airflow/example_dags/example_trigger_target_dag.py
[2025-03-24T23:50:30.388+0000] {processor.py:840} INFO - DAG(s) 'example_trigger_target_dag' retrieved from /home/airflow/.local/lib/python3.8/site-packages/airflow/example_dags/example_trigger_target_dag.py
[2025-03-24T23:50:30.396+0000] {logging_mixin.py:188} INFO - [2025-03-24T23:50:30.396+0000] {dag.py:3033} INFO - Sync 1 DAGs
[2025-03-24T23:50:30.471+0000] {logging_mixin.py:188} INFO - [2025-03-24T23:50:30.471+0000] {dag.py:3820} INFO - Setting next_dagrun for example_trigger_target_dag to None, run_after=None
[2025-03-24T23:50:30.479+0000] {processor.py:183} INFO - Processing /home/airflow/.local/lib/python3.8/site-packages/airflow/example_dags/example_trigger_target_dag.py took 0.097 seconds
[2025-03-24T23:51:00.798+0000] {processor.py:161} INFO - Started process (PID=2940) to work on /home/airflow/.local/lib/python3.8/site-packages/airflow/example_dags/example_trigger_target_dag.py
[2025-03-24T23:51:00.800+0000] {processor.py:830} INFO - Processing file /home/airflow/.local/lib/python3.8/site-packages/airflow/example_dags/example_trigger_target_dag.py for tasks to queue
[2025-03-24T23:51:00.800+0000] {logging_mixin.py:188} INFO - [2025-03-24T23:51:00.800+0000] {dagbag.py:538} INFO - Filling up the DagBag from /home/airflow/.local/lib/python3.8/site-packages/airflow/example_dags/example_trigger_target_dag.py
[2025-03-24T23:51:00.804+0000] {processor.py:840} INFO - DAG(s) 'example_trigger_target_dag' retrieved from /home/airflow/.local/lib/python3.8/site-packages/airflow/example_dags/example_trigger_target_dag.py
[2025-03-24T23:51:00.819+0000] {logging_mixin.py:188} INFO - [2025-03-24T23:51:00.819+0000] {dag.py:3033} INFO - Sync 1 DAGs
[2025-03-24T23:51:00.826+0000] {logging_mixin.py:188} INFO - [2025-03-24T23:51:00.826+0000] {dag.py:3820} INFO - Setting next_dagrun for example_trigger_target_dag to None, run_after=None
[2025-03-24T23:51:00.833+0000] {processor.py:183} INFO - Processing /home/airflow/.local/lib/python3.8/site-packages/airflow/example_dags/example_trigger_target_dag.py took 0.037 seconds
[2025-03-24T23:51:31.632+0000] {processor.py:161} INFO - Started process (PID=3001) to work on /home/airflow/.local/lib/python3.8/site-packages/airflow/example_dags/example_trigger_target_dag.py
[2025-03-24T23:51:31.633+0000] {processor.py:830} INFO - Processing file /home/airflow/.local/lib/python3.8/site-packages/airflow/example_dags/example_trigger_target_dag.py for tasks to queue
[2025-03-24T23:51:31.635+0000] {logging_mixin.py:188} INFO - [2025-03-24T23:51:31.635+0000] {dagbag.py:538} INFO - Filling up the DagBag from /home/airflow/.local/lib/python3.8/site-packages/airflow/example_dags/example_trigger_target_dag.py
[2025-03-24T23:51:31.639+0000] {processor.py:840} INFO - DAG(s) 'example_trigger_target_dag' retrieved from /home/airflow/.local/lib/python3.8/site-packages/airflow/example_dags/example_trigger_target_dag.py
[2025-03-24T23:51:31.650+0000] {logging_mixin.py:188} INFO - [2025-03-24T23:51:31.650+0000] {dag.py:3033} INFO - Sync 1 DAGs
[2025-03-24T23:51:31.655+0000] {logging_mixin.py:188} INFO - [2025-03-24T23:51:31.655+0000] {dag.py:3820} INFO - Setting next_dagrun for example_trigger_target_dag to None, run_after=None
[2025-03-24T23:51:31.665+0000] {processor.py:183} INFO - Processing /home/airflow/.local/lib/python3.8/site-packages/airflow/example_dags/example_trigger_target_dag.py took 0.034 seconds
