[2025-03-24T23:24:26.419+0000] {processor.py:161} INFO - Started process (PID=65) to work on /home/airflow/.local/lib/python3.8/site-packages/airflow/example_dags/example_sla_dag.py
[2025-03-24T23:24:26.420+0000] {processor.py:830} INFO - Processing file /home/airflow/.local/lib/python3.8/site-packages/airflow/example_dags/example_sla_dag.py for tasks to queue
[2025-03-24T23:24:26.423+0000] {logging_mixin.py:188} INFO - [2025-03-24T23:24:26.423+0000] {dagbag.py:538} INFO - Filling up the DagBag from /home/airflow/.local/lib/python3.8/site-packages/airflow/example_dags/example_sla_dag.py
[2025-03-24T23:24:26.434+0000] {processor.py:840} INFO - DAG(s) 'example_sla_dag' retrieved from /home/airflow/.local/lib/python3.8/site-packages/airflow/example_dags/example_sla_dag.py
[2025-03-24T23:24:26.450+0000] {logging_mixin.py:188} INFO - [2025-03-24T23:24:26.450+0000] {dag.py:3033} INFO - Sync 1 DAGs
[2025-03-24T23:24:26.464+0000] {logging_mixin.py:188} INFO - [2025-03-24T23:24:26.464+0000] {dag.py:3820} INFO - Setting next_dagrun for example_sla_dag to 2025-03-24T23:22:00+00:00, run_after=2025-03-24T23:24:00+00:00
[2025-03-24T23:24:26.473+0000] {processor.py:183} INFO - Processing /home/airflow/.local/lib/python3.8/site-packages/airflow/example_dags/example_sla_dag.py took 0.058 seconds
[2025-03-24T23:24:56.695+0000] {processor.py:161} INFO - Started process (PID=120) to work on /home/airflow/.local/lib/python3.8/site-packages/airflow/example_dags/example_sla_dag.py
[2025-03-24T23:24:56.696+0000] {processor.py:830} INFO - Processing file /home/airflow/.local/lib/python3.8/site-packages/airflow/example_dags/example_sla_dag.py for tasks to queue
[2025-03-24T23:24:56.697+0000] {logging_mixin.py:188} INFO - [2025-03-24T23:24:56.697+0000] {dagbag.py:538} INFO - Filling up the DagBag from /home/airflow/.local/lib/python3.8/site-packages/airflow/example_dags/example_sla_dag.py
[2025-03-24T23:24:56.701+0000] {processor.py:840} INFO - DAG(s) 'example_sla_dag' retrieved from /home/airflow/.local/lib/python3.8/site-packages/airflow/example_dags/example_sla_dag.py
[2025-03-24T23:24:56.756+0000] {logging_mixin.py:188} INFO - [2025-03-24T23:24:56.755+0000] {dag.py:3033} INFO - Sync 1 DAGs
[2025-03-24T23:24:56.773+0000] {logging_mixin.py:188} INFO - [2025-03-24T23:24:56.773+0000] {dag.py:3820} INFO - Setting next_dagrun for example_sla_dag to 2025-03-24T23:22:00+00:00, run_after=2025-03-24T23:24:00+00:00
[2025-03-24T23:24:56.783+0000] {processor.py:183} INFO - Processing /home/airflow/.local/lib/python3.8/site-packages/airflow/example_dags/example_sla_dag.py took 0.090 seconds
[2025-03-24T23:25:27.632+0000] {processor.py:161} INFO - Started process (PID=175) to work on /home/airflow/.local/lib/python3.8/site-packages/airflow/example_dags/example_sla_dag.py
[2025-03-24T23:25:27.633+0000] {processor.py:830} INFO - Processing file /home/airflow/.local/lib/python3.8/site-packages/airflow/example_dags/example_sla_dag.py for tasks to queue
[2025-03-24T23:25:27.634+0000] {logging_mixin.py:188} INFO - [2025-03-24T23:25:27.634+0000] {dagbag.py:538} INFO - Filling up the DagBag from /home/airflow/.local/lib/python3.8/site-packages/airflow/example_dags/example_sla_dag.py
[2025-03-24T23:25:27.638+0000] {processor.py:840} INFO - DAG(s) 'example_sla_dag' retrieved from /home/airflow/.local/lib/python3.8/site-packages/airflow/example_dags/example_sla_dag.py
[2025-03-24T23:25:27.648+0000] {logging_mixin.py:188} INFO - [2025-03-24T23:25:27.648+0000] {dag.py:3033} INFO - Sync 1 DAGs
[2025-03-24T23:25:27.659+0000] {logging_mixin.py:188} INFO - [2025-03-24T23:25:27.659+0000] {dag.py:3820} INFO - Setting next_dagrun for example_sla_dag to 2025-03-24T23:22:00+00:00, run_after=2025-03-24T23:24:00+00:00
[2025-03-24T23:25:27.673+0000] {processor.py:183} INFO - Processing /home/airflow/.local/lib/python3.8/site-packages/airflow/example_dags/example_sla_dag.py took 0.043 seconds
[2025-03-24T23:25:58.219+0000] {processor.py:161} INFO - Started process (PID=230) to work on /home/airflow/.local/lib/python3.8/site-packages/airflow/example_dags/example_sla_dag.py
[2025-03-24T23:25:58.220+0000] {processor.py:830} INFO - Processing file /home/airflow/.local/lib/python3.8/site-packages/airflow/example_dags/example_sla_dag.py for tasks to queue
[2025-03-24T23:25:58.221+0000] {logging_mixin.py:188} INFO - [2025-03-24T23:25:58.221+0000] {dagbag.py:538} INFO - Filling up the DagBag from /home/airflow/.local/lib/python3.8/site-packages/airflow/example_dags/example_sla_dag.py
[2025-03-24T23:25:58.224+0000] {processor.py:840} INFO - DAG(s) 'example_sla_dag' retrieved from /home/airflow/.local/lib/python3.8/site-packages/airflow/example_dags/example_sla_dag.py
[2025-03-24T23:25:58.232+0000] {logging_mixin.py:188} INFO - [2025-03-24T23:25:58.232+0000] {dag.py:3033} INFO - Sync 1 DAGs
[2025-03-24T23:25:58.243+0000] {logging_mixin.py:188} INFO - [2025-03-24T23:25:58.243+0000] {dag.py:3820} INFO - Setting next_dagrun for example_sla_dag to 2025-03-24T23:22:00+00:00, run_after=2025-03-24T23:24:00+00:00
[2025-03-24T23:25:58.250+0000] {processor.py:183} INFO - Processing /home/airflow/.local/lib/python3.8/site-packages/airflow/example_dags/example_sla_dag.py took 0.032 seconds
[2025-03-24T23:26:28.904+0000] {processor.py:161} INFO - Started process (PID=291) to work on /home/airflow/.local/lib/python3.8/site-packages/airflow/example_dags/example_sla_dag.py
[2025-03-24T23:26:28.905+0000] {processor.py:830} INFO - Processing file /home/airflow/.local/lib/python3.8/site-packages/airflow/example_dags/example_sla_dag.py for tasks to queue
[2025-03-24T23:26:28.908+0000] {logging_mixin.py:188} INFO - [2025-03-24T23:26:28.907+0000] {dagbag.py:538} INFO - Filling up the DagBag from /home/airflow/.local/lib/python3.8/site-packages/airflow/example_dags/example_sla_dag.py
[2025-03-24T23:26:28.911+0000] {processor.py:840} INFO - DAG(s) 'example_sla_dag' retrieved from /home/airflow/.local/lib/python3.8/site-packages/airflow/example_dags/example_sla_dag.py
[2025-03-24T23:26:28.920+0000] {logging_mixin.py:188} INFO - [2025-03-24T23:26:28.920+0000] {dag.py:3033} INFO - Sync 1 DAGs
[2025-03-24T23:26:28.930+0000] {logging_mixin.py:188} INFO - [2025-03-24T23:26:28.930+0000] {dag.py:3820} INFO - Setting next_dagrun for example_sla_dag to 2025-03-24T23:24:00+00:00, run_after=2025-03-24T23:26:00+00:00
[2025-03-24T23:26:28.943+0000] {processor.py:183} INFO - Processing /home/airflow/.local/lib/python3.8/site-packages/airflow/example_dags/example_sla_dag.py took 0.041 seconds
[2025-03-24T23:26:59.448+0000] {processor.py:161} INFO - Started process (PID=346) to work on /home/airflow/.local/lib/python3.8/site-packages/airflow/example_dags/example_sla_dag.py
[2025-03-24T23:26:59.452+0000] {processor.py:830} INFO - Processing file /home/airflow/.local/lib/python3.8/site-packages/airflow/example_dags/example_sla_dag.py for tasks to queue
[2025-03-24T23:26:59.453+0000] {logging_mixin.py:188} INFO - [2025-03-24T23:26:59.453+0000] {dagbag.py:538} INFO - Filling up the DagBag from /home/airflow/.local/lib/python3.8/site-packages/airflow/example_dags/example_sla_dag.py
[2025-03-24T23:26:59.456+0000] {processor.py:840} INFO - DAG(s) 'example_sla_dag' retrieved from /home/airflow/.local/lib/python3.8/site-packages/airflow/example_dags/example_sla_dag.py
[2025-03-24T23:26:59.465+0000] {logging_mixin.py:188} INFO - [2025-03-24T23:26:59.465+0000] {dag.py:3033} INFO - Sync 1 DAGs
[2025-03-24T23:26:59.475+0000] {logging_mixin.py:188} INFO - [2025-03-24T23:26:59.475+0000] {dag.py:3820} INFO - Setting next_dagrun for example_sla_dag to 2025-03-24T23:24:00+00:00, run_after=2025-03-24T23:26:00+00:00
[2025-03-24T23:26:59.486+0000] {processor.py:183} INFO - Processing /home/airflow/.local/lib/python3.8/site-packages/airflow/example_dags/example_sla_dag.py took 0.040 seconds
[2025-03-24T23:27:30.167+0000] {processor.py:161} INFO - Started process (PID=401) to work on /home/airflow/.local/lib/python3.8/site-packages/airflow/example_dags/example_sla_dag.py
[2025-03-24T23:27:30.168+0000] {processor.py:830} INFO - Processing file /home/airflow/.local/lib/python3.8/site-packages/airflow/example_dags/example_sla_dag.py for tasks to queue
[2025-03-24T23:27:30.171+0000] {logging_mixin.py:188} INFO - [2025-03-24T23:27:30.171+0000] {dagbag.py:538} INFO - Filling up the DagBag from /home/airflow/.local/lib/python3.8/site-packages/airflow/example_dags/example_sla_dag.py
[2025-03-24T23:27:30.177+0000] {processor.py:840} INFO - DAG(s) 'example_sla_dag' retrieved from /home/airflow/.local/lib/python3.8/site-packages/airflow/example_dags/example_sla_dag.py
[2025-03-24T23:27:30.188+0000] {logging_mixin.py:188} INFO - [2025-03-24T23:27:30.188+0000] {dag.py:3033} INFO - Sync 1 DAGs
[2025-03-24T23:27:30.201+0000] {logging_mixin.py:188} INFO - [2025-03-24T23:27:30.201+0000] {dag.py:3820} INFO - Setting next_dagrun for example_sla_dag to 2025-03-24T23:24:00+00:00, run_after=2025-03-24T23:26:00+00:00
[2025-03-24T23:27:30.208+0000] {processor.py:183} INFO - Processing /home/airflow/.local/lib/python3.8/site-packages/airflow/example_dags/example_sla_dag.py took 0.043 seconds
[2025-03-24T23:28:00.860+0000] {processor.py:161} INFO - Started process (PID=456) to work on /home/airflow/.local/lib/python3.8/site-packages/airflow/example_dags/example_sla_dag.py
[2025-03-24T23:28:00.861+0000] {processor.py:830} INFO - Processing file /home/airflow/.local/lib/python3.8/site-packages/airflow/example_dags/example_sla_dag.py for tasks to queue
[2025-03-24T23:28:00.862+0000] {logging_mixin.py:188} INFO - [2025-03-24T23:28:00.862+0000] {dagbag.py:538} INFO - Filling up the DagBag from /home/airflow/.local/lib/python3.8/site-packages/airflow/example_dags/example_sla_dag.py
[2025-03-24T23:28:00.865+0000] {processor.py:840} INFO - DAG(s) 'example_sla_dag' retrieved from /home/airflow/.local/lib/python3.8/site-packages/airflow/example_dags/example_sla_dag.py
[2025-03-24T23:28:00.874+0000] {logging_mixin.py:188} INFO - [2025-03-24T23:28:00.874+0000] {dag.py:3033} INFO - Sync 1 DAGs
[2025-03-24T23:28:00.884+0000] {logging_mixin.py:188} INFO - [2025-03-24T23:28:00.884+0000] {dag.py:3820} INFO - Setting next_dagrun for example_sla_dag to 2025-03-24T23:26:00+00:00, run_after=2025-03-24T23:28:00+00:00
[2025-03-24T23:28:00.893+0000] {processor.py:183} INFO - Processing /home/airflow/.local/lib/python3.8/site-packages/airflow/example_dags/example_sla_dag.py took 0.035 seconds
[2025-03-24T23:28:31.633+0000] {processor.py:161} INFO - Started process (PID=511) to work on /home/airflow/.local/lib/python3.8/site-packages/airflow/example_dags/example_sla_dag.py
[2025-03-24T23:28:31.634+0000] {processor.py:830} INFO - Processing file /home/airflow/.local/lib/python3.8/site-packages/airflow/example_dags/example_sla_dag.py for tasks to queue
[2025-03-24T23:28:31.635+0000] {logging_mixin.py:188} INFO - [2025-03-24T23:28:31.635+0000] {dagbag.py:538} INFO - Filling up the DagBag from /home/airflow/.local/lib/python3.8/site-packages/airflow/example_dags/example_sla_dag.py
[2025-03-24T23:28:31.640+0000] {processor.py:840} INFO - DAG(s) 'example_sla_dag' retrieved from /home/airflow/.local/lib/python3.8/site-packages/airflow/example_dags/example_sla_dag.py
[2025-03-24T23:28:31.650+0000] {logging_mixin.py:188} INFO - [2025-03-24T23:28:31.650+0000] {dag.py:3033} INFO - Sync 1 DAGs
[2025-03-24T23:28:31.662+0000] {logging_mixin.py:188} INFO - [2025-03-24T23:28:31.662+0000] {dag.py:3820} INFO - Setting next_dagrun for example_sla_dag to 2025-03-24T23:26:00+00:00, run_after=2025-03-24T23:28:00+00:00
[2025-03-24T23:28:31.674+0000] {processor.py:183} INFO - Processing /home/airflow/.local/lib/python3.8/site-packages/airflow/example_dags/example_sla_dag.py took 0.043 seconds
[2025-03-24T23:29:02.368+0000] {processor.py:161} INFO - Started process (PID=566) to work on /home/airflow/.local/lib/python3.8/site-packages/airflow/example_dags/example_sla_dag.py
[2025-03-24T23:29:02.369+0000] {processor.py:830} INFO - Processing file /home/airflow/.local/lib/python3.8/site-packages/airflow/example_dags/example_sla_dag.py for tasks to queue
[2025-03-24T23:29:02.370+0000] {logging_mixin.py:188} INFO - [2025-03-24T23:29:02.370+0000] {dagbag.py:538} INFO - Filling up the DagBag from /home/airflow/.local/lib/python3.8/site-packages/airflow/example_dags/example_sla_dag.py
[2025-03-24T23:29:02.376+0000] {processor.py:840} INFO - DAG(s) 'example_sla_dag' retrieved from /home/airflow/.local/lib/python3.8/site-packages/airflow/example_dags/example_sla_dag.py
[2025-03-24T23:29:02.386+0000] {logging_mixin.py:188} INFO - [2025-03-24T23:29:02.386+0000] {dag.py:3033} INFO - Sync 1 DAGs
[2025-03-24T23:29:02.397+0000] {logging_mixin.py:188} INFO - [2025-03-24T23:29:02.397+0000] {dag.py:3820} INFO - Setting next_dagrun for example_sla_dag to 2025-03-24T23:26:00+00:00, run_after=2025-03-24T23:28:00+00:00
[2025-03-24T23:29:02.404+0000] {processor.py:183} INFO - Processing /home/airflow/.local/lib/python3.8/site-packages/airflow/example_dags/example_sla_dag.py took 0.038 seconds
[2025-03-24T23:29:33.071+0000] {processor.py:161} INFO - Started process (PID=621) to work on /home/airflow/.local/lib/python3.8/site-packages/airflow/example_dags/example_sla_dag.py
[2025-03-24T23:29:33.072+0000] {processor.py:830} INFO - Processing file /home/airflow/.local/lib/python3.8/site-packages/airflow/example_dags/example_sla_dag.py for tasks to queue
[2025-03-24T23:29:33.073+0000] {logging_mixin.py:188} INFO - [2025-03-24T23:29:33.073+0000] {dagbag.py:538} INFO - Filling up the DagBag from /home/airflow/.local/lib/python3.8/site-packages/airflow/example_dags/example_sla_dag.py
[2025-03-24T23:29:33.079+0000] {processor.py:840} INFO - DAG(s) 'example_sla_dag' retrieved from /home/airflow/.local/lib/python3.8/site-packages/airflow/example_dags/example_sla_dag.py
[2025-03-24T23:29:33.089+0000] {logging_mixin.py:188} INFO - [2025-03-24T23:29:33.089+0000] {dag.py:3033} INFO - Sync 1 DAGs
[2025-03-24T23:29:33.101+0000] {logging_mixin.py:188} INFO - [2025-03-24T23:29:33.101+0000] {dag.py:3820} INFO - Setting next_dagrun for example_sla_dag to 2025-03-24T23:26:00+00:00, run_after=2025-03-24T23:28:00+00:00
[2025-03-24T23:29:33.115+0000] {processor.py:183} INFO - Processing /home/airflow/.local/lib/python3.8/site-packages/airflow/example_dags/example_sla_dag.py took 0.046 seconds
[2025-03-24T23:30:03.796+0000] {processor.py:161} INFO - Started process (PID=676) to work on /home/airflow/.local/lib/python3.8/site-packages/airflow/example_dags/example_sla_dag.py
[2025-03-24T23:30:03.797+0000] {processor.py:830} INFO - Processing file /home/airflow/.local/lib/python3.8/site-packages/airflow/example_dags/example_sla_dag.py for tasks to queue
[2025-03-24T23:30:03.798+0000] {logging_mixin.py:188} INFO - [2025-03-24T23:30:03.798+0000] {dagbag.py:538} INFO - Filling up the DagBag from /home/airflow/.local/lib/python3.8/site-packages/airflow/example_dags/example_sla_dag.py
[2025-03-24T23:30:03.802+0000] {processor.py:840} INFO - DAG(s) 'example_sla_dag' retrieved from /home/airflow/.local/lib/python3.8/site-packages/airflow/example_dags/example_sla_dag.py
[2025-03-24T23:30:03.816+0000] {logging_mixin.py:188} INFO - [2025-03-24T23:30:03.816+0000] {dag.py:3033} INFO - Sync 1 DAGs
[2025-03-24T23:30:03.828+0000] {logging_mixin.py:188} INFO - [2025-03-24T23:30:03.828+0000] {dag.py:3820} INFO - Setting next_dagrun for example_sla_dag to 2025-03-24T23:28:00+00:00, run_after=2025-03-24T23:30:00+00:00
[2025-03-24T23:30:03.836+0000] {processor.py:183} INFO - Processing /home/airflow/.local/lib/python3.8/site-packages/airflow/example_dags/example_sla_dag.py took 0.042 seconds
[2025-03-24T23:30:34.331+0000] {processor.py:161} INFO - Started process (PID=731) to work on /home/airflow/.local/lib/python3.8/site-packages/airflow/example_dags/example_sla_dag.py
[2025-03-24T23:30:34.331+0000] {processor.py:830} INFO - Processing file /home/airflow/.local/lib/python3.8/site-packages/airflow/example_dags/example_sla_dag.py for tasks to queue
[2025-03-24T23:30:34.332+0000] {logging_mixin.py:188} INFO - [2025-03-24T23:30:34.332+0000] {dagbag.py:538} INFO - Filling up the DagBag from /home/airflow/.local/lib/python3.8/site-packages/airflow/example_dags/example_sla_dag.py
[2025-03-24T23:30:34.337+0000] {processor.py:840} INFO - DAG(s) 'example_sla_dag' retrieved from /home/airflow/.local/lib/python3.8/site-packages/airflow/example_dags/example_sla_dag.py
[2025-03-24T23:30:34.348+0000] {logging_mixin.py:188} INFO - [2025-03-24T23:30:34.348+0000] {dag.py:3033} INFO - Sync 1 DAGs
[2025-03-24T23:30:34.359+0000] {logging_mixin.py:188} INFO - [2025-03-24T23:30:34.359+0000] {dag.py:3820} INFO - Setting next_dagrun for example_sla_dag to 2025-03-24T23:28:00+00:00, run_after=2025-03-24T23:30:00+00:00
[2025-03-24T23:30:34.366+0000] {processor.py:183} INFO - Processing /home/airflow/.local/lib/python3.8/site-packages/airflow/example_dags/example_sla_dag.py took 0.037 seconds
[2025-03-24T23:31:05.237+0000] {processor.py:161} INFO - Started process (PID=786) to work on /home/airflow/.local/lib/python3.8/site-packages/airflow/example_dags/example_sla_dag.py
[2025-03-24T23:31:05.237+0000] {processor.py:830} INFO - Processing file /home/airflow/.local/lib/python3.8/site-packages/airflow/example_dags/example_sla_dag.py for tasks to queue
[2025-03-24T23:31:05.240+0000] {logging_mixin.py:188} INFO - [2025-03-24T23:31:05.240+0000] {dagbag.py:538} INFO - Filling up the DagBag from /home/airflow/.local/lib/python3.8/site-packages/airflow/example_dags/example_sla_dag.py
[2025-03-24T23:31:05.245+0000] {processor.py:840} INFO - DAG(s) 'example_sla_dag' retrieved from /home/airflow/.local/lib/python3.8/site-packages/airflow/example_dags/example_sla_dag.py
[2025-03-24T23:31:05.257+0000] {logging_mixin.py:188} INFO - [2025-03-24T23:31:05.257+0000] {dag.py:3033} INFO - Sync 1 DAGs
[2025-03-24T23:31:05.269+0000] {logging_mixin.py:188} INFO - [2025-03-24T23:31:05.268+0000] {dag.py:3820} INFO - Setting next_dagrun for example_sla_dag to 2025-03-24T23:28:00+00:00, run_after=2025-03-24T23:30:00+00:00
[2025-03-24T23:31:05.276+0000] {processor.py:183} INFO - Processing /home/airflow/.local/lib/python3.8/site-packages/airflow/example_dags/example_sla_dag.py took 0.041 seconds
[2025-03-24T23:31:36.022+0000] {processor.py:161} INFO - Started process (PID=841) to work on /home/airflow/.local/lib/python3.8/site-packages/airflow/example_dags/example_sla_dag.py
[2025-03-24T23:31:36.023+0000] {processor.py:830} INFO - Processing file /home/airflow/.local/lib/python3.8/site-packages/airflow/example_dags/example_sla_dag.py for tasks to queue
[2025-03-24T23:31:36.024+0000] {logging_mixin.py:188} INFO - [2025-03-24T23:31:36.024+0000] {dagbag.py:538} INFO - Filling up the DagBag from /home/airflow/.local/lib/python3.8/site-packages/airflow/example_dags/example_sla_dag.py
[2025-03-24T23:31:36.028+0000] {processor.py:840} INFO - DAG(s) 'example_sla_dag' retrieved from /home/airflow/.local/lib/python3.8/site-packages/airflow/example_dags/example_sla_dag.py
[2025-03-24T23:31:36.037+0000] {logging_mixin.py:188} INFO - [2025-03-24T23:31:36.037+0000] {dag.py:3033} INFO - Sync 1 DAGs
[2025-03-24T23:31:36.047+0000] {logging_mixin.py:188} INFO - [2025-03-24T23:31:36.047+0000] {dag.py:3820} INFO - Setting next_dagrun for example_sla_dag to 2025-03-24T23:28:00+00:00, run_after=2025-03-24T23:30:00+00:00
[2025-03-24T23:31:36.056+0000] {processor.py:183} INFO - Processing /home/airflow/.local/lib/python3.8/site-packages/airflow/example_dags/example_sla_dag.py took 0.036 seconds
[2025-03-24T23:32:06.775+0000] {processor.py:161} INFO - Started process (PID=896) to work on /home/airflow/.local/lib/python3.8/site-packages/airflow/example_dags/example_sla_dag.py
[2025-03-24T23:32:06.775+0000] {processor.py:830} INFO - Processing file /home/airflow/.local/lib/python3.8/site-packages/airflow/example_dags/example_sla_dag.py for tasks to queue
[2025-03-24T23:32:06.780+0000] {logging_mixin.py:188} INFO - [2025-03-24T23:32:06.780+0000] {dagbag.py:538} INFO - Filling up the DagBag from /home/airflow/.local/lib/python3.8/site-packages/airflow/example_dags/example_sla_dag.py
[2025-03-24T23:32:06.784+0000] {processor.py:840} INFO - DAG(s) 'example_sla_dag' retrieved from /home/airflow/.local/lib/python3.8/site-packages/airflow/example_dags/example_sla_dag.py
[2025-03-24T23:32:06.793+0000] {logging_mixin.py:188} INFO - [2025-03-24T23:32:06.793+0000] {dag.py:3033} INFO - Sync 1 DAGs
[2025-03-24T23:32:06.805+0000] {logging_mixin.py:188} INFO - [2025-03-24T23:32:06.805+0000] {dag.py:3820} INFO - Setting next_dagrun for example_sla_dag to 2025-03-24T23:30:00+00:00, run_after=2025-03-24T23:32:00+00:00
[2025-03-24T23:32:06.814+0000] {processor.py:183} INFO - Processing /home/airflow/.local/lib/python3.8/site-packages/airflow/example_dags/example_sla_dag.py took 0.041 seconds
[2025-03-24T23:32:37.764+0000] {processor.py:161} INFO - Started process (PID=951) to work on /home/airflow/.local/lib/python3.8/site-packages/airflow/example_dags/example_sla_dag.py
[2025-03-24T23:32:37.765+0000] {processor.py:830} INFO - Processing file /home/airflow/.local/lib/python3.8/site-packages/airflow/example_dags/example_sla_dag.py for tasks to queue
[2025-03-24T23:32:37.767+0000] {logging_mixin.py:188} INFO - [2025-03-24T23:32:37.767+0000] {dagbag.py:538} INFO - Filling up the DagBag from /home/airflow/.local/lib/python3.8/site-packages/airflow/example_dags/example_sla_dag.py
[2025-03-24T23:32:37.772+0000] {processor.py:840} INFO - DAG(s) 'example_sla_dag' retrieved from /home/airflow/.local/lib/python3.8/site-packages/airflow/example_dags/example_sla_dag.py
[2025-03-24T23:32:37.783+0000] {logging_mixin.py:188} INFO - [2025-03-24T23:32:37.782+0000] {dag.py:3033} INFO - Sync 1 DAGs
[2025-03-24T23:32:37.795+0000] {logging_mixin.py:188} INFO - [2025-03-24T23:32:37.795+0000] {dag.py:3820} INFO - Setting next_dagrun for example_sla_dag to 2025-03-24T23:30:00+00:00, run_after=2025-03-24T23:32:00+00:00
[2025-03-24T23:32:37.804+0000] {processor.py:183} INFO - Processing /home/airflow/.local/lib/python3.8/site-packages/airflow/example_dags/example_sla_dag.py took 0.042 seconds
[2025-03-24T23:33:08.305+0000] {processor.py:161} INFO - Started process (PID=1006) to work on /home/airflow/.local/lib/python3.8/site-packages/airflow/example_dags/example_sla_dag.py
[2025-03-24T23:33:08.306+0000] {processor.py:830} INFO - Processing file /home/airflow/.local/lib/python3.8/site-packages/airflow/example_dags/example_sla_dag.py for tasks to queue
[2025-03-24T23:33:08.307+0000] {logging_mixin.py:188} INFO - [2025-03-24T23:33:08.307+0000] {dagbag.py:538} INFO - Filling up the DagBag from /home/airflow/.local/lib/python3.8/site-packages/airflow/example_dags/example_sla_dag.py
[2025-03-24T23:33:08.311+0000] {processor.py:840} INFO - DAG(s) 'example_sla_dag' retrieved from /home/airflow/.local/lib/python3.8/site-packages/airflow/example_dags/example_sla_dag.py
[2025-03-24T23:33:08.338+0000] {logging_mixin.py:188} INFO - [2025-03-24T23:33:08.338+0000] {dag.py:3033} INFO - Sync 1 DAGs
[2025-03-24T23:33:08.354+0000] {logging_mixin.py:188} INFO - [2025-03-24T23:33:08.354+0000] {dag.py:3820} INFO - Setting next_dagrun for example_sla_dag to 2025-03-24T23:30:00+00:00, run_after=2025-03-24T23:32:00+00:00
[2025-03-24T23:33:08.365+0000] {processor.py:183} INFO - Processing /home/airflow/.local/lib/python3.8/site-packages/airflow/example_dags/example_sla_dag.py took 0.062 seconds
[2025-03-24T23:33:38.867+0000] {processor.py:161} INFO - Started process (PID=1061) to work on /home/airflow/.local/lib/python3.8/site-packages/airflow/example_dags/example_sla_dag.py
[2025-03-24T23:33:38.868+0000] {processor.py:830} INFO - Processing file /home/airflow/.local/lib/python3.8/site-packages/airflow/example_dags/example_sla_dag.py for tasks to queue
[2025-03-24T23:33:38.870+0000] {logging_mixin.py:188} INFO - [2025-03-24T23:33:38.869+0000] {dagbag.py:538} INFO - Filling up the DagBag from /home/airflow/.local/lib/python3.8/site-packages/airflow/example_dags/example_sla_dag.py
[2025-03-24T23:33:38.873+0000] {processor.py:840} INFO - DAG(s) 'example_sla_dag' retrieved from /home/airflow/.local/lib/python3.8/site-packages/airflow/example_dags/example_sla_dag.py
[2025-03-24T23:33:38.884+0000] {logging_mixin.py:188} INFO - [2025-03-24T23:33:38.884+0000] {dag.py:3033} INFO - Sync 1 DAGs
[2025-03-24T23:33:38.895+0000] {logging_mixin.py:188} INFO - [2025-03-24T23:33:38.894+0000] {dag.py:3820} INFO - Setting next_dagrun for example_sla_dag to 2025-03-24T23:30:00+00:00, run_after=2025-03-24T23:32:00+00:00
[2025-03-24T23:33:38.903+0000] {processor.py:183} INFO - Processing /home/airflow/.local/lib/python3.8/site-packages/airflow/example_dags/example_sla_dag.py took 0.038 seconds
[2025-03-24T23:34:09.416+0000] {processor.py:161} INFO - Started process (PID=1116) to work on /home/airflow/.local/lib/python3.8/site-packages/airflow/example_dags/example_sla_dag.py
[2025-03-24T23:34:09.417+0000] {processor.py:830} INFO - Processing file /home/airflow/.local/lib/python3.8/site-packages/airflow/example_dags/example_sla_dag.py for tasks to queue
[2025-03-24T23:34:09.418+0000] {logging_mixin.py:188} INFO - [2025-03-24T23:34:09.418+0000] {dagbag.py:538} INFO - Filling up the DagBag from /home/airflow/.local/lib/python3.8/site-packages/airflow/example_dags/example_sla_dag.py
[2025-03-24T23:34:09.422+0000] {processor.py:840} INFO - DAG(s) 'example_sla_dag' retrieved from /home/airflow/.local/lib/python3.8/site-packages/airflow/example_dags/example_sla_dag.py
[2025-03-24T23:34:09.431+0000] {logging_mixin.py:188} INFO - [2025-03-24T23:34:09.431+0000] {dag.py:3033} INFO - Sync 1 DAGs
[2025-03-24T23:34:09.440+0000] {logging_mixin.py:188} INFO - [2025-03-24T23:34:09.440+0000] {dag.py:3820} INFO - Setting next_dagrun for example_sla_dag to 2025-03-24T23:32:00+00:00, run_after=2025-03-24T23:34:00+00:00
[2025-03-24T23:34:09.447+0000] {processor.py:183} INFO - Processing /home/airflow/.local/lib/python3.8/site-packages/airflow/example_dags/example_sla_dag.py took 0.033 seconds
[2025-03-24T23:34:40.161+0000] {processor.py:161} INFO - Started process (PID=1171) to work on /home/airflow/.local/lib/python3.8/site-packages/airflow/example_dags/example_sla_dag.py
[2025-03-24T23:34:40.162+0000] {processor.py:830} INFO - Processing file /home/airflow/.local/lib/python3.8/site-packages/airflow/example_dags/example_sla_dag.py for tasks to queue
[2025-03-24T23:34:40.166+0000] {logging_mixin.py:188} INFO - [2025-03-24T23:34:40.165+0000] {dagbag.py:538} INFO - Filling up the DagBag from /home/airflow/.local/lib/python3.8/site-packages/airflow/example_dags/example_sla_dag.py
[2025-03-24T23:34:40.170+0000] {processor.py:840} INFO - DAG(s) 'example_sla_dag' retrieved from /home/airflow/.local/lib/python3.8/site-packages/airflow/example_dags/example_sla_dag.py
[2025-03-24T23:34:40.181+0000] {logging_mixin.py:188} INFO - [2025-03-24T23:34:40.181+0000] {dag.py:3033} INFO - Sync 1 DAGs
[2025-03-24T23:34:40.192+0000] {logging_mixin.py:188} INFO - [2025-03-24T23:34:40.192+0000] {dag.py:3820} INFO - Setting next_dagrun for example_sla_dag to 2025-03-24T23:32:00+00:00, run_after=2025-03-24T23:34:00+00:00
[2025-03-24T23:34:40.201+0000] {processor.py:183} INFO - Processing /home/airflow/.local/lib/python3.8/site-packages/airflow/example_dags/example_sla_dag.py took 0.042 seconds
[2025-03-24T23:35:10.289+0000] {processor.py:161} INFO - Started process (PID=1226) to work on /home/airflow/.local/lib/python3.8/site-packages/airflow/example_dags/example_sla_dag.py
[2025-03-24T23:35:10.290+0000] {processor.py:830} INFO - Processing file /home/airflow/.local/lib/python3.8/site-packages/airflow/example_dags/example_sla_dag.py for tasks to queue
[2025-03-24T23:35:10.291+0000] {logging_mixin.py:188} INFO - [2025-03-24T23:35:10.291+0000] {dagbag.py:538} INFO - Filling up the DagBag from /home/airflow/.local/lib/python3.8/site-packages/airflow/example_dags/example_sla_dag.py
[2025-03-24T23:35:10.296+0000] {processor.py:840} INFO - DAG(s) 'example_sla_dag' retrieved from /home/airflow/.local/lib/python3.8/site-packages/airflow/example_dags/example_sla_dag.py
[2025-03-24T23:35:10.305+0000] {logging_mixin.py:188} INFO - [2025-03-24T23:35:10.305+0000] {dag.py:3033} INFO - Sync 1 DAGs
[2025-03-24T23:35:10.319+0000] {logging_mixin.py:188} INFO - [2025-03-24T23:35:10.319+0000] {dag.py:3820} INFO - Setting next_dagrun for example_sla_dag to 2025-03-24T23:32:00+00:00, run_after=2025-03-24T23:34:00+00:00
[2025-03-24T23:35:10.328+0000] {processor.py:183} INFO - Processing /home/airflow/.local/lib/python3.8/site-packages/airflow/example_dags/example_sla_dag.py took 0.041 seconds
[2025-03-24T23:35:41.098+0000] {processor.py:161} INFO - Started process (PID=1281) to work on /home/airflow/.local/lib/python3.8/site-packages/airflow/example_dags/example_sla_dag.py
[2025-03-24T23:35:41.102+0000] {processor.py:830} INFO - Processing file /home/airflow/.local/lib/python3.8/site-packages/airflow/example_dags/example_sla_dag.py for tasks to queue
[2025-03-24T23:35:41.103+0000] {logging_mixin.py:188} INFO - [2025-03-24T23:35:41.103+0000] {dagbag.py:538} INFO - Filling up the DagBag from /home/airflow/.local/lib/python3.8/site-packages/airflow/example_dags/example_sla_dag.py
[2025-03-24T23:35:41.107+0000] {processor.py:840} INFO - DAG(s) 'example_sla_dag' retrieved from /home/airflow/.local/lib/python3.8/site-packages/airflow/example_dags/example_sla_dag.py
[2025-03-24T23:35:41.117+0000] {logging_mixin.py:188} INFO - [2025-03-24T23:35:41.117+0000] {dag.py:3033} INFO - Sync 1 DAGs
[2025-03-24T23:35:41.128+0000] {logging_mixin.py:188} INFO - [2025-03-24T23:35:41.128+0000] {dag.py:3820} INFO - Setting next_dagrun for example_sla_dag to 2025-03-24T23:32:00+00:00, run_after=2025-03-24T23:34:00+00:00
[2025-03-24T23:35:41.138+0000] {processor.py:183} INFO - Processing /home/airflow/.local/lib/python3.8/site-packages/airflow/example_dags/example_sla_dag.py took 0.042 seconds
[2025-03-24T23:36:11.789+0000] {processor.py:161} INFO - Started process (PID=1336) to work on /home/airflow/.local/lib/python3.8/site-packages/airflow/example_dags/example_sla_dag.py
[2025-03-24T23:36:11.790+0000] {processor.py:830} INFO - Processing file /home/airflow/.local/lib/python3.8/site-packages/airflow/example_dags/example_sla_dag.py for tasks to queue
[2025-03-24T23:36:11.792+0000] {logging_mixin.py:188} INFO - [2025-03-24T23:36:11.792+0000] {dagbag.py:538} INFO - Filling up the DagBag from /home/airflow/.local/lib/python3.8/site-packages/airflow/example_dags/example_sla_dag.py
[2025-03-24T23:36:11.796+0000] {processor.py:840} INFO - DAG(s) 'example_sla_dag' retrieved from /home/airflow/.local/lib/python3.8/site-packages/airflow/example_dags/example_sla_dag.py
[2025-03-24T23:36:11.805+0000] {logging_mixin.py:188} INFO - [2025-03-24T23:36:11.805+0000] {dag.py:3033} INFO - Sync 1 DAGs
[2025-03-24T23:36:11.814+0000] {logging_mixin.py:188} INFO - [2025-03-24T23:36:11.814+0000] {dag.py:3820} INFO - Setting next_dagrun for example_sla_dag to 2025-03-24T23:34:00+00:00, run_after=2025-03-24T23:36:00+00:00
[2025-03-24T23:36:11.823+0000] {processor.py:183} INFO - Processing /home/airflow/.local/lib/python3.8/site-packages/airflow/example_dags/example_sla_dag.py took 0.035 seconds
[2025-03-24T23:36:42.589+0000] {processor.py:161} INFO - Started process (PID=1391) to work on /home/airflow/.local/lib/python3.8/site-packages/airflow/example_dags/example_sla_dag.py
[2025-03-24T23:36:42.590+0000] {processor.py:830} INFO - Processing file /home/airflow/.local/lib/python3.8/site-packages/airflow/example_dags/example_sla_dag.py for tasks to queue
[2025-03-24T23:36:42.591+0000] {logging_mixin.py:188} INFO - [2025-03-24T23:36:42.591+0000] {dagbag.py:538} INFO - Filling up the DagBag from /home/airflow/.local/lib/python3.8/site-packages/airflow/example_dags/example_sla_dag.py
[2025-03-24T23:36:42.596+0000] {processor.py:840} INFO - DAG(s) 'example_sla_dag' retrieved from /home/airflow/.local/lib/python3.8/site-packages/airflow/example_dags/example_sla_dag.py
[2025-03-24T23:36:42.621+0000] {logging_mixin.py:188} INFO - [2025-03-24T23:36:42.620+0000] {dag.py:3033} INFO - Sync 1 DAGs
[2025-03-24T23:36:42.649+0000] {logging_mixin.py:188} INFO - [2025-03-24T23:36:42.649+0000] {dag.py:3820} INFO - Setting next_dagrun for example_sla_dag to 2025-03-24T23:34:00+00:00, run_after=2025-03-24T23:36:00+00:00
[2025-03-24T23:36:42.659+0000] {processor.py:183} INFO - Processing /home/airflow/.local/lib/python3.8/site-packages/airflow/example_dags/example_sla_dag.py took 0.072 seconds
[2025-03-24T23:37:13.438+0000] {processor.py:161} INFO - Started process (PID=1446) to work on /home/airflow/.local/lib/python3.8/site-packages/airflow/example_dags/example_sla_dag.py
[2025-03-24T23:37:13.439+0000] {processor.py:830} INFO - Processing file /home/airflow/.local/lib/python3.8/site-packages/airflow/example_dags/example_sla_dag.py for tasks to queue
[2025-03-24T23:37:13.441+0000] {logging_mixin.py:188} INFO - [2025-03-24T23:37:13.440+0000] {dagbag.py:538} INFO - Filling up the DagBag from /home/airflow/.local/lib/python3.8/site-packages/airflow/example_dags/example_sla_dag.py
[2025-03-24T23:37:13.446+0000] {processor.py:840} INFO - DAG(s) 'example_sla_dag' retrieved from /home/airflow/.local/lib/python3.8/site-packages/airflow/example_dags/example_sla_dag.py
[2025-03-24T23:37:13.456+0000] {logging_mixin.py:188} INFO - [2025-03-24T23:37:13.456+0000] {dag.py:3033} INFO - Sync 1 DAGs
[2025-03-24T23:37:13.466+0000] {logging_mixin.py:188} INFO - [2025-03-24T23:37:13.466+0000] {dag.py:3820} INFO - Setting next_dagrun for example_sla_dag to 2025-03-24T23:34:00+00:00, run_after=2025-03-24T23:36:00+00:00
[2025-03-24T23:37:13.473+0000] {processor.py:183} INFO - Processing /home/airflow/.local/lib/python3.8/site-packages/airflow/example_dags/example_sla_dag.py took 0.037 seconds
[2025-03-24T23:37:44.190+0000] {processor.py:161} INFO - Started process (PID=1501) to work on /home/airflow/.local/lib/python3.8/site-packages/airflow/example_dags/example_sla_dag.py
[2025-03-24T23:37:44.191+0000] {processor.py:830} INFO - Processing file /home/airflow/.local/lib/python3.8/site-packages/airflow/example_dags/example_sla_dag.py for tasks to queue
[2025-03-24T23:37:44.192+0000] {logging_mixin.py:188} INFO - [2025-03-24T23:37:44.192+0000] {dagbag.py:538} INFO - Filling up the DagBag from /home/airflow/.local/lib/python3.8/site-packages/airflow/example_dags/example_sla_dag.py
[2025-03-24T23:37:44.196+0000] {processor.py:840} INFO - DAG(s) 'example_sla_dag' retrieved from /home/airflow/.local/lib/python3.8/site-packages/airflow/example_dags/example_sla_dag.py
[2025-03-24T23:37:44.206+0000] {logging_mixin.py:188} INFO - [2025-03-24T23:37:44.206+0000] {dag.py:3033} INFO - Sync 1 DAGs
[2025-03-24T23:37:44.216+0000] {logging_mixin.py:188} INFO - [2025-03-24T23:37:44.216+0000] {dag.py:3820} INFO - Setting next_dagrun for example_sla_dag to 2025-03-24T23:34:00+00:00, run_after=2025-03-24T23:36:00+00:00
[2025-03-24T23:37:44.224+0000] {processor.py:183} INFO - Processing /home/airflow/.local/lib/python3.8/site-packages/airflow/example_dags/example_sla_dag.py took 0.036 seconds
[2025-03-24T23:38:14.978+0000] {processor.py:161} INFO - Started process (PID=1556) to work on /home/airflow/.local/lib/python3.8/site-packages/airflow/example_dags/example_sla_dag.py
[2025-03-24T23:38:14.981+0000] {processor.py:830} INFO - Processing file /home/airflow/.local/lib/python3.8/site-packages/airflow/example_dags/example_sla_dag.py for tasks to queue
[2025-03-24T23:38:14.982+0000] {logging_mixin.py:188} INFO - [2025-03-24T23:38:14.982+0000] {dagbag.py:538} INFO - Filling up the DagBag from /home/airflow/.local/lib/python3.8/site-packages/airflow/example_dags/example_sla_dag.py
[2025-03-24T23:38:14.988+0000] {processor.py:840} INFO - DAG(s) 'example_sla_dag' retrieved from /home/airflow/.local/lib/python3.8/site-packages/airflow/example_dags/example_sla_dag.py
[2025-03-24T23:38:15.002+0000] {logging_mixin.py:188} INFO - [2025-03-24T23:38:15.002+0000] {dag.py:3033} INFO - Sync 1 DAGs
[2025-03-24T23:38:15.036+0000] {logging_mixin.py:188} INFO - [2025-03-24T23:38:15.035+0000] {dag.py:3820} INFO - Setting next_dagrun for example_sla_dag to 2025-03-24T23:36:00+00:00, run_after=2025-03-24T23:38:00+00:00
[2025-03-24T23:38:15.049+0000] {processor.py:183} INFO - Processing /home/airflow/.local/lib/python3.8/site-packages/airflow/example_dags/example_sla_dag.py took 0.072 seconds
[2025-03-24T23:38:45.704+0000] {processor.py:161} INFO - Started process (PID=1611) to work on /home/airflow/.local/lib/python3.8/site-packages/airflow/example_dags/example_sla_dag.py
[2025-03-24T23:38:45.704+0000] {processor.py:830} INFO - Processing file /home/airflow/.local/lib/python3.8/site-packages/airflow/example_dags/example_sla_dag.py for tasks to queue
[2025-03-24T23:38:45.705+0000] {logging_mixin.py:188} INFO - [2025-03-24T23:38:45.705+0000] {dagbag.py:538} INFO - Filling up the DagBag from /home/airflow/.local/lib/python3.8/site-packages/airflow/example_dags/example_sla_dag.py
[2025-03-24T23:38:45.710+0000] {processor.py:840} INFO - DAG(s) 'example_sla_dag' retrieved from /home/airflow/.local/lib/python3.8/site-packages/airflow/example_dags/example_sla_dag.py
[2025-03-24T23:38:45.720+0000] {logging_mixin.py:188} INFO - [2025-03-24T23:38:45.720+0000] {dag.py:3033} INFO - Sync 1 DAGs
[2025-03-24T23:38:45.731+0000] {logging_mixin.py:188} INFO - [2025-03-24T23:38:45.731+0000] {dag.py:3820} INFO - Setting next_dagrun for example_sla_dag to 2025-03-24T23:36:00+00:00, run_after=2025-03-24T23:38:00+00:00
[2025-03-24T23:38:45.742+0000] {processor.py:183} INFO - Processing /home/airflow/.local/lib/python3.8/site-packages/airflow/example_dags/example_sla_dag.py took 0.040 seconds
[2025-03-24T23:39:16.475+0000] {processor.py:161} INFO - Started process (PID=1666) to work on /home/airflow/.local/lib/python3.8/site-packages/airflow/example_dags/example_sla_dag.py
[2025-03-24T23:39:16.476+0000] {processor.py:830} INFO - Processing file /home/airflow/.local/lib/python3.8/site-packages/airflow/example_dags/example_sla_dag.py for tasks to queue
[2025-03-24T23:39:16.477+0000] {logging_mixin.py:188} INFO - [2025-03-24T23:39:16.477+0000] {dagbag.py:538} INFO - Filling up the DagBag from /home/airflow/.local/lib/python3.8/site-packages/airflow/example_dags/example_sla_dag.py
[2025-03-24T23:39:16.482+0000] {processor.py:840} INFO - DAG(s) 'example_sla_dag' retrieved from /home/airflow/.local/lib/python3.8/site-packages/airflow/example_dags/example_sla_dag.py
[2025-03-24T23:39:16.493+0000] {logging_mixin.py:188} INFO - [2025-03-24T23:39:16.493+0000] {dag.py:3033} INFO - Sync 1 DAGs
[2025-03-24T23:39:16.505+0000] {logging_mixin.py:188} INFO - [2025-03-24T23:39:16.505+0000] {dag.py:3820} INFO - Setting next_dagrun for example_sla_dag to 2025-03-24T23:36:00+00:00, run_after=2025-03-24T23:38:00+00:00
[2025-03-24T23:39:16.516+0000] {processor.py:183} INFO - Processing /home/airflow/.local/lib/python3.8/site-packages/airflow/example_dags/example_sla_dag.py took 0.044 seconds
[2025-03-24T23:39:47.432+0000] {processor.py:161} INFO - Started process (PID=1721) to work on /home/airflow/.local/lib/python3.8/site-packages/airflow/example_dags/example_sla_dag.py
[2025-03-24T23:39:47.433+0000] {processor.py:830} INFO - Processing file /home/airflow/.local/lib/python3.8/site-packages/airflow/example_dags/example_sla_dag.py for tasks to queue
[2025-03-24T23:39:47.434+0000] {logging_mixin.py:188} INFO - [2025-03-24T23:39:47.434+0000] {dagbag.py:538} INFO - Filling up the DagBag from /home/airflow/.local/lib/python3.8/site-packages/airflow/example_dags/example_sla_dag.py
[2025-03-24T23:39:47.439+0000] {processor.py:840} INFO - DAG(s) 'example_sla_dag' retrieved from /home/airflow/.local/lib/python3.8/site-packages/airflow/example_dags/example_sla_dag.py
[2025-03-24T23:39:47.452+0000] {logging_mixin.py:188} INFO - [2025-03-24T23:39:47.451+0000] {dag.py:3033} INFO - Sync 1 DAGs
[2025-03-24T23:39:47.463+0000] {logging_mixin.py:188} INFO - [2025-03-24T23:39:47.463+0000] {dag.py:3820} INFO - Setting next_dagrun for example_sla_dag to 2025-03-24T23:36:00+00:00, run_after=2025-03-24T23:38:00+00:00
[2025-03-24T23:39:47.474+0000] {processor.py:183} INFO - Processing /home/airflow/.local/lib/python3.8/site-packages/airflow/example_dags/example_sla_dag.py took 0.044 seconds
[2025-03-24T23:40:17.988+0000] {processor.py:161} INFO - Started process (PID=1776) to work on /home/airflow/.local/lib/python3.8/site-packages/airflow/example_dags/example_sla_dag.py
[2025-03-24T23:40:17.993+0000] {processor.py:830} INFO - Processing file /home/airflow/.local/lib/python3.8/site-packages/airflow/example_dags/example_sla_dag.py for tasks to queue
[2025-03-24T23:40:17.994+0000] {logging_mixin.py:188} INFO - [2025-03-24T23:40:17.993+0000] {dagbag.py:538} INFO - Filling up the DagBag from /home/airflow/.local/lib/python3.8/site-packages/airflow/example_dags/example_sla_dag.py
[2025-03-24T23:40:17.997+0000] {processor.py:840} INFO - DAG(s) 'example_sla_dag' retrieved from /home/airflow/.local/lib/python3.8/site-packages/airflow/example_dags/example_sla_dag.py
[2025-03-24T23:40:18.005+0000] {logging_mixin.py:188} INFO - [2025-03-24T23:40:18.005+0000] {dag.py:3033} INFO - Sync 1 DAGs
[2025-03-24T23:40:18.015+0000] {logging_mixin.py:188} INFO - [2025-03-24T23:40:18.015+0000] {dag.py:3820} INFO - Setting next_dagrun for example_sla_dag to 2025-03-24T23:38:00+00:00, run_after=2025-03-24T23:40:00+00:00
[2025-03-24T23:40:18.022+0000] {processor.py:183} INFO - Processing /home/airflow/.local/lib/python3.8/site-packages/airflow/example_dags/example_sla_dag.py took 0.035 seconds
[2025-03-24T23:40:48.590+0000] {processor.py:161} INFO - Started process (PID=1831) to work on /home/airflow/.local/lib/python3.8/site-packages/airflow/example_dags/example_sla_dag.py
[2025-03-24T23:40:48.591+0000] {processor.py:830} INFO - Processing file /home/airflow/.local/lib/python3.8/site-packages/airflow/example_dags/example_sla_dag.py for tasks to queue
[2025-03-24T23:40:48.592+0000] {logging_mixin.py:188} INFO - [2025-03-24T23:40:48.591+0000] {dagbag.py:538} INFO - Filling up the DagBag from /home/airflow/.local/lib/python3.8/site-packages/airflow/example_dags/example_sla_dag.py
[2025-03-24T23:40:48.595+0000] {processor.py:840} INFO - DAG(s) 'example_sla_dag' retrieved from /home/airflow/.local/lib/python3.8/site-packages/airflow/example_dags/example_sla_dag.py
[2025-03-24T23:40:48.605+0000] {logging_mixin.py:188} INFO - [2025-03-24T23:40:48.605+0000] {dag.py:3033} INFO - Sync 1 DAGs
[2025-03-24T23:40:48.615+0000] {logging_mixin.py:188} INFO - [2025-03-24T23:40:48.615+0000] {dag.py:3820} INFO - Setting next_dagrun for example_sla_dag to 2025-03-24T23:38:00+00:00, run_after=2025-03-24T23:40:00+00:00
[2025-03-24T23:40:48.621+0000] {processor.py:183} INFO - Processing /home/airflow/.local/lib/python3.8/site-packages/airflow/example_dags/example_sla_dag.py took 0.033 seconds
[2025-03-24T23:41:19.177+0000] {processor.py:161} INFO - Started process (PID=1886) to work on /home/airflow/.local/lib/python3.8/site-packages/airflow/example_dags/example_sla_dag.py
[2025-03-24T23:41:19.178+0000] {processor.py:830} INFO - Processing file /home/airflow/.local/lib/python3.8/site-packages/airflow/example_dags/example_sla_dag.py for tasks to queue
[2025-03-24T23:41:19.180+0000] {logging_mixin.py:188} INFO - [2025-03-24T23:41:19.180+0000] {dagbag.py:538} INFO - Filling up the DagBag from /home/airflow/.local/lib/python3.8/site-packages/airflow/example_dags/example_sla_dag.py
[2025-03-24T23:41:19.185+0000] {processor.py:840} INFO - DAG(s) 'example_sla_dag' retrieved from /home/airflow/.local/lib/python3.8/site-packages/airflow/example_dags/example_sla_dag.py
[2025-03-24T23:41:19.196+0000] {logging_mixin.py:188} INFO - [2025-03-24T23:41:19.196+0000] {dag.py:3033} INFO - Sync 1 DAGs
[2025-03-24T23:41:19.209+0000] {logging_mixin.py:188} INFO - [2025-03-24T23:41:19.209+0000] {dag.py:3820} INFO - Setting next_dagrun for example_sla_dag to 2025-03-24T23:38:00+00:00, run_after=2025-03-24T23:40:00+00:00
[2025-03-24T23:41:19.217+0000] {processor.py:183} INFO - Processing /home/airflow/.local/lib/python3.8/site-packages/airflow/example_dags/example_sla_dag.py took 0.041 seconds
[2025-03-24T23:41:49.768+0000] {processor.py:161} INFO - Started process (PID=1941) to work on /home/airflow/.local/lib/python3.8/site-packages/airflow/example_dags/example_sla_dag.py
[2025-03-24T23:41:49.769+0000] {processor.py:830} INFO - Processing file /home/airflow/.local/lib/python3.8/site-packages/airflow/example_dags/example_sla_dag.py for tasks to queue
[2025-03-24T23:41:49.770+0000] {logging_mixin.py:188} INFO - [2025-03-24T23:41:49.770+0000] {dagbag.py:538} INFO - Filling up the DagBag from /home/airflow/.local/lib/python3.8/site-packages/airflow/example_dags/example_sla_dag.py
[2025-03-24T23:41:49.778+0000] {processor.py:840} INFO - DAG(s) 'example_sla_dag' retrieved from /home/airflow/.local/lib/python3.8/site-packages/airflow/example_dags/example_sla_dag.py
[2025-03-24T23:41:49.787+0000] {logging_mixin.py:188} INFO - [2025-03-24T23:41:49.787+0000] {dag.py:3033} INFO - Sync 1 DAGs
[2025-03-24T23:41:49.799+0000] {logging_mixin.py:188} INFO - [2025-03-24T23:41:49.798+0000] {dag.py:3820} INFO - Setting next_dagrun for example_sla_dag to 2025-03-24T23:38:00+00:00, run_after=2025-03-24T23:40:00+00:00
[2025-03-24T23:41:49.805+0000] {processor.py:183} INFO - Processing /home/airflow/.local/lib/python3.8/site-packages/airflow/example_dags/example_sla_dag.py took 0.039 seconds
[2025-03-24T23:42:20.403+0000] {processor.py:161} INFO - Started process (PID=1996) to work on /home/airflow/.local/lib/python3.8/site-packages/airflow/example_dags/example_sla_dag.py
[2025-03-24T23:42:20.404+0000] {processor.py:830} INFO - Processing file /home/airflow/.local/lib/python3.8/site-packages/airflow/example_dags/example_sla_dag.py for tasks to queue
[2025-03-24T23:42:20.408+0000] {logging_mixin.py:188} INFO - [2025-03-24T23:42:20.408+0000] {dagbag.py:538} INFO - Filling up the DagBag from /home/airflow/.local/lib/python3.8/site-packages/airflow/example_dags/example_sla_dag.py
[2025-03-24T23:42:20.412+0000] {processor.py:840} INFO - DAG(s) 'example_sla_dag' retrieved from /home/airflow/.local/lib/python3.8/site-packages/airflow/example_dags/example_sla_dag.py
[2025-03-24T23:42:20.424+0000] {logging_mixin.py:188} INFO - [2025-03-24T23:42:20.424+0000] {dag.py:3033} INFO - Sync 1 DAGs
[2025-03-24T23:42:20.435+0000] {logging_mixin.py:188} INFO - [2025-03-24T23:42:20.435+0000] {dag.py:3820} INFO - Setting next_dagrun for example_sla_dag to 2025-03-24T23:40:00+00:00, run_after=2025-03-24T23:42:00+00:00
[2025-03-24T23:42:20.443+0000] {processor.py:183} INFO - Processing /home/airflow/.local/lib/python3.8/site-packages/airflow/example_dags/example_sla_dag.py took 0.042 seconds
[2025-03-24T23:42:50.880+0000] {processor.py:161} INFO - Started process (PID=2051) to work on /home/airflow/.local/lib/python3.8/site-packages/airflow/example_dags/example_sla_dag.py
[2025-03-24T23:42:50.881+0000] {processor.py:830} INFO - Processing file /home/airflow/.local/lib/python3.8/site-packages/airflow/example_dags/example_sla_dag.py for tasks to queue
[2025-03-24T23:42:50.882+0000] {logging_mixin.py:188} INFO - [2025-03-24T23:42:50.882+0000] {dagbag.py:538} INFO - Filling up the DagBag from /home/airflow/.local/lib/python3.8/site-packages/airflow/example_dags/example_sla_dag.py
[2025-03-24T23:42:50.886+0000] {processor.py:840} INFO - DAG(s) 'example_sla_dag' retrieved from /home/airflow/.local/lib/python3.8/site-packages/airflow/example_dags/example_sla_dag.py
[2025-03-24T23:42:50.895+0000] {logging_mixin.py:188} INFO - [2025-03-24T23:42:50.895+0000] {dag.py:3033} INFO - Sync 1 DAGs
[2025-03-24T23:42:50.906+0000] {logging_mixin.py:188} INFO - [2025-03-24T23:42:50.905+0000] {dag.py:3820} INFO - Setting next_dagrun for example_sla_dag to 2025-03-24T23:40:00+00:00, run_after=2025-03-24T23:42:00+00:00
[2025-03-24T23:42:50.915+0000] {processor.py:183} INFO - Processing /home/airflow/.local/lib/python3.8/site-packages/airflow/example_dags/example_sla_dag.py took 0.037 seconds
[2025-03-24T23:43:21.384+0000] {processor.py:161} INFO - Started process (PID=2106) to work on /home/airflow/.local/lib/python3.8/site-packages/airflow/example_dags/example_sla_dag.py
[2025-03-24T23:43:21.385+0000] {processor.py:830} INFO - Processing file /home/airflow/.local/lib/python3.8/site-packages/airflow/example_dags/example_sla_dag.py for tasks to queue
[2025-03-24T23:43:21.389+0000] {logging_mixin.py:188} INFO - [2025-03-24T23:43:21.389+0000] {dagbag.py:538} INFO - Filling up the DagBag from /home/airflow/.local/lib/python3.8/site-packages/airflow/example_dags/example_sla_dag.py
[2025-03-24T23:43:21.394+0000] {processor.py:840} INFO - DAG(s) 'example_sla_dag' retrieved from /home/airflow/.local/lib/python3.8/site-packages/airflow/example_dags/example_sla_dag.py
[2025-03-24T23:43:21.404+0000] {logging_mixin.py:188} INFO - [2025-03-24T23:43:21.404+0000] {dag.py:3033} INFO - Sync 1 DAGs
[2025-03-24T23:43:21.416+0000] {logging_mixin.py:188} INFO - [2025-03-24T23:43:21.416+0000] {dag.py:3820} INFO - Setting next_dagrun for example_sla_dag to 2025-03-24T23:40:00+00:00, run_after=2025-03-24T23:42:00+00:00
[2025-03-24T23:43:21.424+0000] {processor.py:183} INFO - Processing /home/airflow/.local/lib/python3.8/site-packages/airflow/example_dags/example_sla_dag.py took 0.041 seconds
[2025-03-24T23:43:52.075+0000] {processor.py:161} INFO - Started process (PID=2161) to work on /home/airflow/.local/lib/python3.8/site-packages/airflow/example_dags/example_sla_dag.py
[2025-03-24T23:43:52.077+0000] {processor.py:830} INFO - Processing file /home/airflow/.local/lib/python3.8/site-packages/airflow/example_dags/example_sla_dag.py for tasks to queue
[2025-03-24T23:43:52.079+0000] {logging_mixin.py:188} INFO - [2025-03-24T23:43:52.079+0000] {dagbag.py:538} INFO - Filling up the DagBag from /home/airflow/.local/lib/python3.8/site-packages/airflow/example_dags/example_sla_dag.py
[2025-03-24T23:43:52.083+0000] {processor.py:840} INFO - DAG(s) 'example_sla_dag' retrieved from /home/airflow/.local/lib/python3.8/site-packages/airflow/example_dags/example_sla_dag.py
[2025-03-24T23:43:52.094+0000] {logging_mixin.py:188} INFO - [2025-03-24T23:43:52.094+0000] {dag.py:3033} INFO - Sync 1 DAGs
[2025-03-24T23:43:52.106+0000] {logging_mixin.py:188} INFO - [2025-03-24T23:43:52.106+0000] {dag.py:3820} INFO - Setting next_dagrun for example_sla_dag to 2025-03-24T23:40:00+00:00, run_after=2025-03-24T23:42:00+00:00
[2025-03-24T23:43:52.116+0000] {processor.py:183} INFO - Processing /home/airflow/.local/lib/python3.8/site-packages/airflow/example_dags/example_sla_dag.py took 0.043 seconds
[2025-03-24T23:44:22.749+0000] {processor.py:161} INFO - Started process (PID=2216) to work on /home/airflow/.local/lib/python3.8/site-packages/airflow/example_dags/example_sla_dag.py
[2025-03-24T23:44:22.752+0000] {processor.py:830} INFO - Processing file /home/airflow/.local/lib/python3.8/site-packages/airflow/example_dags/example_sla_dag.py for tasks to queue
[2025-03-24T23:44:22.754+0000] {logging_mixin.py:188} INFO - [2025-03-24T23:44:22.754+0000] {dagbag.py:538} INFO - Filling up the DagBag from /home/airflow/.local/lib/python3.8/site-packages/airflow/example_dags/example_sla_dag.py
[2025-03-24T23:44:22.758+0000] {processor.py:840} INFO - DAG(s) 'example_sla_dag' retrieved from /home/airflow/.local/lib/python3.8/site-packages/airflow/example_dags/example_sla_dag.py
[2025-03-24T23:44:22.768+0000] {logging_mixin.py:188} INFO - [2025-03-24T23:44:22.768+0000] {dag.py:3033} INFO - Sync 1 DAGs
[2025-03-24T23:44:22.779+0000] {logging_mixin.py:188} INFO - [2025-03-24T23:44:22.779+0000] {dag.py:3820} INFO - Setting next_dagrun for example_sla_dag to 2025-03-24T23:42:00+00:00, run_after=2025-03-24T23:44:00+00:00
[2025-03-24T23:44:22.787+0000] {processor.py:183} INFO - Processing /home/airflow/.local/lib/python3.8/site-packages/airflow/example_dags/example_sla_dag.py took 0.040 seconds
[2025-03-24T23:44:53.385+0000] {processor.py:161} INFO - Started process (PID=2271) to work on /home/airflow/.local/lib/python3.8/site-packages/airflow/example_dags/example_sla_dag.py
[2025-03-24T23:44:53.388+0000] {processor.py:830} INFO - Processing file /home/airflow/.local/lib/python3.8/site-packages/airflow/example_dags/example_sla_dag.py for tasks to queue
[2025-03-24T23:44:53.389+0000] {logging_mixin.py:188} INFO - [2025-03-24T23:44:53.389+0000] {dagbag.py:538} INFO - Filling up the DagBag from /home/airflow/.local/lib/python3.8/site-packages/airflow/example_dags/example_sla_dag.py
[2025-03-24T23:44:53.392+0000] {processor.py:840} INFO - DAG(s) 'example_sla_dag' retrieved from /home/airflow/.local/lib/python3.8/site-packages/airflow/example_dags/example_sla_dag.py
[2025-03-24T23:44:53.400+0000] {logging_mixin.py:188} INFO - [2025-03-24T23:44:53.400+0000] {dag.py:3033} INFO - Sync 1 DAGs
[2025-03-24T23:44:53.409+0000] {logging_mixin.py:188} INFO - [2025-03-24T23:44:53.409+0000] {dag.py:3820} INFO - Setting next_dagrun for example_sla_dag to 2025-03-24T23:42:00+00:00, run_after=2025-03-24T23:44:00+00:00
[2025-03-24T23:44:53.416+0000] {processor.py:183} INFO - Processing /home/airflow/.local/lib/python3.8/site-packages/airflow/example_dags/example_sla_dag.py took 0.032 seconds
[2025-03-24T23:45:23.867+0000] {processor.py:161} INFO - Started process (PID=2326) to work on /home/airflow/.local/lib/python3.8/site-packages/airflow/example_dags/example_sla_dag.py
[2025-03-24T23:45:23.867+0000] {processor.py:830} INFO - Processing file /home/airflow/.local/lib/python3.8/site-packages/airflow/example_dags/example_sla_dag.py for tasks to queue
[2025-03-24T23:45:23.868+0000] {logging_mixin.py:188} INFO - [2025-03-24T23:45:23.868+0000] {dagbag.py:538} INFO - Filling up the DagBag from /home/airflow/.local/lib/python3.8/site-packages/airflow/example_dags/example_sla_dag.py
[2025-03-24T23:45:23.872+0000] {processor.py:840} INFO - DAG(s) 'example_sla_dag' retrieved from /home/airflow/.local/lib/python3.8/site-packages/airflow/example_dags/example_sla_dag.py
[2025-03-24T23:45:23.881+0000] {logging_mixin.py:188} INFO - [2025-03-24T23:45:23.881+0000] {dag.py:3033} INFO - Sync 1 DAGs
[2025-03-24T23:45:23.892+0000] {logging_mixin.py:188} INFO - [2025-03-24T23:45:23.892+0000] {dag.py:3820} INFO - Setting next_dagrun for example_sla_dag to 2025-03-24T23:42:00+00:00, run_after=2025-03-24T23:44:00+00:00
[2025-03-24T23:45:23.898+0000] {processor.py:183} INFO - Processing /home/airflow/.local/lib/python3.8/site-packages/airflow/example_dags/example_sla_dag.py took 0.033 seconds
[2025-03-24T23:45:54.523+0000] {processor.py:161} INFO - Started process (PID=2380) to work on /home/airflow/.local/lib/python3.8/site-packages/airflow/example_dags/example_sla_dag.py
[2025-03-24T23:45:54.523+0000] {processor.py:830} INFO - Processing file /home/airflow/.local/lib/python3.8/site-packages/airflow/example_dags/example_sla_dag.py for tasks to queue
[2025-03-24T23:45:54.524+0000] {logging_mixin.py:188} INFO - [2025-03-24T23:45:54.524+0000] {dagbag.py:538} INFO - Filling up the DagBag from /home/airflow/.local/lib/python3.8/site-packages/airflow/example_dags/example_sla_dag.py
[2025-03-24T23:45:54.528+0000] {processor.py:840} INFO - DAG(s) 'example_sla_dag' retrieved from /home/airflow/.local/lib/python3.8/site-packages/airflow/example_dags/example_sla_dag.py
[2025-03-24T23:45:54.537+0000] {logging_mixin.py:188} INFO - [2025-03-24T23:45:54.536+0000] {dag.py:3033} INFO - Sync 1 DAGs
[2025-03-24T23:45:54.549+0000] {logging_mixin.py:188} INFO - [2025-03-24T23:45:54.549+0000] {dag.py:3820} INFO - Setting next_dagrun for example_sla_dag to 2025-03-24T23:42:00+00:00, run_after=2025-03-24T23:44:00+00:00
[2025-03-24T23:45:54.557+0000] {processor.py:183} INFO - Processing /home/airflow/.local/lib/python3.8/site-packages/airflow/example_dags/example_sla_dag.py took 0.036 seconds
[2025-03-24T23:46:25.437+0000] {processor.py:161} INFO - Started process (PID=2435) to work on /home/airflow/.local/lib/python3.8/site-packages/airflow/example_dags/example_sla_dag.py
[2025-03-24T23:46:25.440+0000] {processor.py:830} INFO - Processing file /home/airflow/.local/lib/python3.8/site-packages/airflow/example_dags/example_sla_dag.py for tasks to queue
[2025-03-24T23:46:25.442+0000] {logging_mixin.py:188} INFO - [2025-03-24T23:46:25.441+0000] {dagbag.py:538} INFO - Filling up the DagBag from /home/airflow/.local/lib/python3.8/site-packages/airflow/example_dags/example_sla_dag.py
[2025-03-24T23:46:25.445+0000] {processor.py:840} INFO - DAG(s) 'example_sla_dag' retrieved from /home/airflow/.local/lib/python3.8/site-packages/airflow/example_dags/example_sla_dag.py
[2025-03-24T23:46:25.454+0000] {logging_mixin.py:188} INFO - [2025-03-24T23:46:25.454+0000] {dag.py:3033} INFO - Sync 1 DAGs
[2025-03-24T23:46:25.465+0000] {logging_mixin.py:188} INFO - [2025-03-24T23:46:25.465+0000] {dag.py:3820} INFO - Setting next_dagrun for example_sla_dag to 2025-03-24T23:44:00+00:00, run_after=2025-03-24T23:46:00+00:00
[2025-03-24T23:46:25.473+0000] {processor.py:183} INFO - Processing /home/airflow/.local/lib/python3.8/site-packages/airflow/example_dags/example_sla_dag.py took 0.038 seconds
[2025-03-24T23:46:56.238+0000] {processor.py:161} INFO - Started process (PID=2490) to work on /home/airflow/.local/lib/python3.8/site-packages/airflow/example_dags/example_sla_dag.py
[2025-03-24T23:46:56.239+0000] {processor.py:830} INFO - Processing file /home/airflow/.local/lib/python3.8/site-packages/airflow/example_dags/example_sla_dag.py for tasks to queue
[2025-03-24T23:46:56.240+0000] {logging_mixin.py:188} INFO - [2025-03-24T23:46:56.240+0000] {dagbag.py:538} INFO - Filling up the DagBag from /home/airflow/.local/lib/python3.8/site-packages/airflow/example_dags/example_sla_dag.py
[2025-03-24T23:46:56.244+0000] {processor.py:840} INFO - DAG(s) 'example_sla_dag' retrieved from /home/airflow/.local/lib/python3.8/site-packages/airflow/example_dags/example_sla_dag.py
[2025-03-24T23:46:56.254+0000] {logging_mixin.py:188} INFO - [2025-03-24T23:46:56.254+0000] {dag.py:3033} INFO - Sync 1 DAGs
[2025-03-24T23:46:56.268+0000] {logging_mixin.py:188} INFO - [2025-03-24T23:46:56.267+0000] {dag.py:3820} INFO - Setting next_dagrun for example_sla_dag to 2025-03-24T23:44:00+00:00, run_after=2025-03-24T23:46:00+00:00
[2025-03-24T23:46:56.276+0000] {processor.py:183} INFO - Processing /home/airflow/.local/lib/python3.8/site-packages/airflow/example_dags/example_sla_dag.py took 0.040 seconds
[2025-03-24T23:47:26.320+0000] {processor.py:161} INFO - Started process (PID=2544) to work on /home/airflow/.local/lib/python3.8/site-packages/airflow/example_dags/example_sla_dag.py
[2025-03-24T23:47:26.324+0000] {processor.py:830} INFO - Processing file /home/airflow/.local/lib/python3.8/site-packages/airflow/example_dags/example_sla_dag.py for tasks to queue
[2025-03-24T23:47:26.325+0000] {logging_mixin.py:188} INFO - [2025-03-24T23:47:26.325+0000] {dagbag.py:538} INFO - Filling up the DagBag from /home/airflow/.local/lib/python3.8/site-packages/airflow/example_dags/example_sla_dag.py
[2025-03-24T23:47:26.329+0000] {processor.py:840} INFO - DAG(s) 'example_sla_dag' retrieved from /home/airflow/.local/lib/python3.8/site-packages/airflow/example_dags/example_sla_dag.py
[2025-03-24T23:47:26.341+0000] {logging_mixin.py:188} INFO - [2025-03-24T23:47:26.341+0000] {dag.py:3033} INFO - Sync 1 DAGs
[2025-03-24T23:47:26.351+0000] {logging_mixin.py:188} INFO - [2025-03-24T23:47:26.351+0000] {dag.py:3820} INFO - Setting next_dagrun for example_sla_dag to 2025-03-24T23:44:00+00:00, run_after=2025-03-24T23:46:00+00:00
[2025-03-24T23:47:26.357+0000] {processor.py:183} INFO - Processing /home/airflow/.local/lib/python3.8/site-packages/airflow/example_dags/example_sla_dag.py took 0.039 seconds
[2025-03-24T23:47:56.483+0000] {processor.py:161} INFO - Started process (PID=2599) to work on /home/airflow/.local/lib/python3.8/site-packages/airflow/example_dags/example_sla_dag.py
[2025-03-24T23:47:56.484+0000] {processor.py:830} INFO - Processing file /home/airflow/.local/lib/python3.8/site-packages/airflow/example_dags/example_sla_dag.py for tasks to queue
[2025-03-24T23:47:56.485+0000] {logging_mixin.py:188} INFO - [2025-03-24T23:47:56.484+0000] {dagbag.py:538} INFO - Filling up the DagBag from /home/airflow/.local/lib/python3.8/site-packages/airflow/example_dags/example_sla_dag.py
[2025-03-24T23:47:56.488+0000] {processor.py:840} INFO - DAG(s) 'example_sla_dag' retrieved from /home/airflow/.local/lib/python3.8/site-packages/airflow/example_dags/example_sla_dag.py
[2025-03-24T23:47:56.497+0000] {logging_mixin.py:188} INFO - [2025-03-24T23:47:56.497+0000] {dag.py:3033} INFO - Sync 1 DAGs
[2025-03-24T23:47:56.507+0000] {logging_mixin.py:188} INFO - [2025-03-24T23:47:56.507+0000] {dag.py:3820} INFO - Setting next_dagrun for example_sla_dag to 2025-03-24T23:44:00+00:00, run_after=2025-03-24T23:46:00+00:00
[2025-03-24T23:47:56.513+0000] {processor.py:183} INFO - Processing /home/airflow/.local/lib/python3.8/site-packages/airflow/example_dags/example_sla_dag.py took 0.032 seconds
[2025-03-24T23:48:27.540+0000] {processor.py:161} INFO - Started process (PID=2654) to work on /home/airflow/.local/lib/python3.8/site-packages/airflow/example_dags/example_sla_dag.py
[2025-03-24T23:48:27.541+0000] {processor.py:830} INFO - Processing file /home/airflow/.local/lib/python3.8/site-packages/airflow/example_dags/example_sla_dag.py for tasks to queue
[2025-03-24T23:48:27.542+0000] {logging_mixin.py:188} INFO - [2025-03-24T23:48:27.542+0000] {dagbag.py:538} INFO - Filling up the DagBag from /home/airflow/.local/lib/python3.8/site-packages/airflow/example_dags/example_sla_dag.py
[2025-03-24T23:48:27.546+0000] {processor.py:840} INFO - DAG(s) 'example_sla_dag' retrieved from /home/airflow/.local/lib/python3.8/site-packages/airflow/example_dags/example_sla_dag.py
[2025-03-24T23:48:27.556+0000] {logging_mixin.py:188} INFO - [2025-03-24T23:48:27.556+0000] {dag.py:3033} INFO - Sync 1 DAGs
[2025-03-24T23:48:27.641+0000] {logging_mixin.py:188} INFO - [2025-03-24T23:48:27.641+0000] {dag.py:3820} INFO - Setting next_dagrun for example_sla_dag to 2025-03-24T23:46:00+00:00, run_after=2025-03-24T23:48:00+00:00
[2025-03-24T23:48:27.648+0000] {processor.py:183} INFO - Processing /home/airflow/.local/lib/python3.8/site-packages/airflow/example_dags/example_sla_dag.py took 0.110 seconds
[2025-03-24T23:48:58.016+0000] {processor.py:161} INFO - Started process (PID=2710) to work on /home/airflow/.local/lib/python3.8/site-packages/airflow/example_dags/example_sla_dag.py
[2025-03-24T23:48:58.017+0000] {processor.py:830} INFO - Processing file /home/airflow/.local/lib/python3.8/site-packages/airflow/example_dags/example_sla_dag.py for tasks to queue
[2025-03-24T23:48:58.018+0000] {logging_mixin.py:188} INFO - [2025-03-24T23:48:58.018+0000] {dagbag.py:538} INFO - Filling up the DagBag from /home/airflow/.local/lib/python3.8/site-packages/airflow/example_dags/example_sla_dag.py
[2025-03-24T23:48:58.022+0000] {processor.py:840} INFO - DAG(s) 'example_sla_dag' retrieved from /home/airflow/.local/lib/python3.8/site-packages/airflow/example_dags/example_sla_dag.py
[2025-03-24T23:48:58.032+0000] {logging_mixin.py:188} INFO - [2025-03-24T23:48:58.032+0000] {dag.py:3033} INFO - Sync 1 DAGs
[2025-03-24T23:48:58.044+0000] {logging_mixin.py:188} INFO - [2025-03-24T23:48:58.044+0000] {dag.py:3820} INFO - Setting next_dagrun for example_sla_dag to 2025-03-24T23:46:00+00:00, run_after=2025-03-24T23:48:00+00:00
[2025-03-24T23:48:58.051+0000] {processor.py:183} INFO - Processing /home/airflow/.local/lib/python3.8/site-packages/airflow/example_dags/example_sla_dag.py took 0.037 seconds
[2025-03-24T23:49:28.257+0000] {processor.py:161} INFO - Started process (PID=2765) to work on /home/airflow/.local/lib/python3.8/site-packages/airflow/example_dags/example_sla_dag.py
[2025-03-24T23:49:28.258+0000] {processor.py:830} INFO - Processing file /home/airflow/.local/lib/python3.8/site-packages/airflow/example_dags/example_sla_dag.py for tasks to queue
[2025-03-24T23:49:28.259+0000] {logging_mixin.py:188} INFO - [2025-03-24T23:49:28.259+0000] {dagbag.py:538} INFO - Filling up the DagBag from /home/airflow/.local/lib/python3.8/site-packages/airflow/example_dags/example_sla_dag.py
[2025-03-24T23:49:28.264+0000] {processor.py:840} INFO - DAG(s) 'example_sla_dag' retrieved from /home/airflow/.local/lib/python3.8/site-packages/airflow/example_dags/example_sla_dag.py
[2025-03-24T23:49:28.275+0000] {logging_mixin.py:188} INFO - [2025-03-24T23:49:28.275+0000] {dag.py:3033} INFO - Sync 1 DAGs
[2025-03-24T23:49:28.286+0000] {logging_mixin.py:188} INFO - [2025-03-24T23:49:28.286+0000] {dag.py:3820} INFO - Setting next_dagrun for example_sla_dag to 2025-03-24T23:46:00+00:00, run_after=2025-03-24T23:48:00+00:00
[2025-03-24T23:49:28.293+0000] {processor.py:183} INFO - Processing /home/airflow/.local/lib/python3.8/site-packages/airflow/example_dags/example_sla_dag.py took 0.037 seconds
[2025-03-24T23:49:58.920+0000] {processor.py:161} INFO - Started process (PID=2819) to work on /home/airflow/.local/lib/python3.8/site-packages/airflow/example_dags/example_sla_dag.py
[2025-03-24T23:49:58.921+0000] {processor.py:830} INFO - Processing file /home/airflow/.local/lib/python3.8/site-packages/airflow/example_dags/example_sla_dag.py for tasks to queue
[2025-03-24T23:49:58.922+0000] {logging_mixin.py:188} INFO - [2025-03-24T23:49:58.922+0000] {dagbag.py:538} INFO - Filling up the DagBag from /home/airflow/.local/lib/python3.8/site-packages/airflow/example_dags/example_sla_dag.py
[2025-03-24T23:49:58.927+0000] {processor.py:840} INFO - DAG(s) 'example_sla_dag' retrieved from /home/airflow/.local/lib/python3.8/site-packages/airflow/example_dags/example_sla_dag.py
[2025-03-24T23:49:58.936+0000] {logging_mixin.py:188} INFO - [2025-03-24T23:49:58.936+0000] {dag.py:3033} INFO - Sync 1 DAGs
[2025-03-24T23:49:59.030+0000] {logging_mixin.py:188} INFO - [2025-03-24T23:49:59.030+0000] {dag.py:3820} INFO - Setting next_dagrun for example_sla_dag to 2025-03-24T23:46:00+00:00, run_after=2025-03-24T23:48:00+00:00
[2025-03-24T23:49:59.041+0000] {processor.py:183} INFO - Processing /home/airflow/.local/lib/python3.8/site-packages/airflow/example_dags/example_sla_dag.py took 0.123 seconds
[2025-03-24T23:50:29.682+0000] {processor.py:161} INFO - Started process (PID=2874) to work on /home/airflow/.local/lib/python3.8/site-packages/airflow/example_dags/example_sla_dag.py
[2025-03-24T23:50:29.682+0000] {processor.py:830} INFO - Processing file /home/airflow/.local/lib/python3.8/site-packages/airflow/example_dags/example_sla_dag.py for tasks to queue
[2025-03-24T23:50:29.683+0000] {logging_mixin.py:188} INFO - [2025-03-24T23:50:29.683+0000] {dagbag.py:538} INFO - Filling up the DagBag from /home/airflow/.local/lib/python3.8/site-packages/airflow/example_dags/example_sla_dag.py
[2025-03-24T23:50:29.687+0000] {processor.py:840} INFO - DAG(s) 'example_sla_dag' retrieved from /home/airflow/.local/lib/python3.8/site-packages/airflow/example_dags/example_sla_dag.py
[2025-03-24T23:50:29.696+0000] {logging_mixin.py:188} INFO - [2025-03-24T23:50:29.696+0000] {dag.py:3033} INFO - Sync 1 DAGs
[2025-03-24T23:50:29.775+0000] {logging_mixin.py:188} INFO - [2025-03-24T23:50:29.775+0000] {dag.py:3820} INFO - Setting next_dagrun for example_sla_dag to 2025-03-24T23:48:00+00:00, run_after=2025-03-24T23:50:00+00:00
[2025-03-24T23:50:29.786+0000] {processor.py:183} INFO - Processing /home/airflow/.local/lib/python3.8/site-packages/airflow/example_dags/example_sla_dag.py took 0.106 seconds
[2025-03-24T23:51:00.482+0000] {processor.py:161} INFO - Started process (PID=2929) to work on /home/airflow/.local/lib/python3.8/site-packages/airflow/example_dags/example_sla_dag.py
[2025-03-24T23:51:00.482+0000] {processor.py:830} INFO - Processing file /home/airflow/.local/lib/python3.8/site-packages/airflow/example_dags/example_sla_dag.py for tasks to queue
[2025-03-24T23:51:00.487+0000] {logging_mixin.py:188} INFO - [2025-03-24T23:51:00.487+0000] {dagbag.py:538} INFO - Filling up the DagBag from /home/airflow/.local/lib/python3.8/site-packages/airflow/example_dags/example_sla_dag.py
[2025-03-24T23:51:00.490+0000] {processor.py:840} INFO - DAG(s) 'example_sla_dag' retrieved from /home/airflow/.local/lib/python3.8/site-packages/airflow/example_dags/example_sla_dag.py
[2025-03-24T23:51:00.503+0000] {logging_mixin.py:188} INFO - [2025-03-24T23:51:00.503+0000] {dag.py:3033} INFO - Sync 1 DAGs
[2025-03-24T23:51:00.515+0000] {logging_mixin.py:188} INFO - [2025-03-24T23:51:00.515+0000] {dag.py:3820} INFO - Setting next_dagrun for example_sla_dag to 2025-03-24T23:48:00+00:00, run_after=2025-03-24T23:50:00+00:00
[2025-03-24T23:51:00.524+0000] {processor.py:183} INFO - Processing /home/airflow/.local/lib/python3.8/site-packages/airflow/example_dags/example_sla_dag.py took 0.044 seconds
[2025-03-24T23:51:31.217+0000] {processor.py:161} INFO - Started process (PID=2984) to work on /home/airflow/.local/lib/python3.8/site-packages/airflow/example_dags/example_sla_dag.py
[2025-03-24T23:51:31.218+0000] {processor.py:830} INFO - Processing file /home/airflow/.local/lib/python3.8/site-packages/airflow/example_dags/example_sla_dag.py for tasks to queue
[2025-03-24T23:51:31.220+0000] {logging_mixin.py:188} INFO - [2025-03-24T23:51:31.220+0000] {dagbag.py:538} INFO - Filling up the DagBag from /home/airflow/.local/lib/python3.8/site-packages/airflow/example_dags/example_sla_dag.py
[2025-03-24T23:51:31.225+0000] {processor.py:840} INFO - DAG(s) 'example_sla_dag' retrieved from /home/airflow/.local/lib/python3.8/site-packages/airflow/example_dags/example_sla_dag.py
[2025-03-24T23:51:31.236+0000] {logging_mixin.py:188} INFO - [2025-03-24T23:51:31.236+0000] {dag.py:3033} INFO - Sync 1 DAGs
[2025-03-24T23:51:31.249+0000] {logging_mixin.py:188} INFO - [2025-03-24T23:51:31.249+0000] {dag.py:3820} INFO - Setting next_dagrun for example_sla_dag to 2025-03-24T23:48:00+00:00, run_after=2025-03-24T23:50:00+00:00
[2025-03-24T23:51:31.261+0000] {processor.py:183} INFO - Processing /home/airflow/.local/lib/python3.8/site-packages/airflow/example_dags/example_sla_dag.py took 0.046 seconds
