[2025-03-24T23:24:27.070+0000] {processor.py:161} INFO - Started process (PID=81) to work on /home/airflow/.local/lib/python3.8/site-packages/airflow/example_dags/example_time_delta_sensor_async.py
[2025-03-24T23:24:27.070+0000] {processor.py:830} INFO - Processing file /home/airflow/.local/lib/python3.8/site-packages/airflow/example_dags/example_time_delta_sensor_async.py for tasks to queue
[2025-03-24T23:24:27.072+0000] {logging_mixin.py:188} INFO - [2025-03-24T23:24:27.072+0000] {dagbag.py:538} INFO - Filling up the DagBag from /home/airflow/.local/lib/python3.8/site-packages/airflow/example_dags/example_time_delta_sensor_async.py
[2025-03-24T23:24:27.076+0000] {processor.py:840} INFO - DAG(s) 'example_time_delta_sensor_async' retrieved from /home/airflow/.local/lib/python3.8/site-packages/airflow/example_dags/example_time_delta_sensor_async.py
[2025-03-24T23:24:27.081+0000] {logging_mixin.py:188} INFO - [2025-03-24T23:24:27.081+0000] {dag.py:3033} INFO - Sync 1 DAGs
[2025-03-24T23:24:27.088+0000] {logging_mixin.py:188} INFO - [2025-03-24T23:24:27.088+0000] {dag.py:3820} INFO - Setting next_dagrun for example_time_delta_sensor_async to None, run_after=None
[2025-03-24T23:24:27.099+0000] {processor.py:183} INFO - Processing /home/airflow/.local/lib/python3.8/site-packages/airflow/example_dags/example_time_delta_sensor_async.py took 0.031 seconds
[2025-03-24T23:24:57.357+0000] {processor.py:161} INFO - Started process (PID=136) to work on /home/airflow/.local/lib/python3.8/site-packages/airflow/example_dags/example_time_delta_sensor_async.py
[2025-03-24T23:24:57.358+0000] {processor.py:830} INFO - Processing file /home/airflow/.local/lib/python3.8/site-packages/airflow/example_dags/example_time_delta_sensor_async.py for tasks to queue
[2025-03-24T23:24:57.358+0000] {logging_mixin.py:188} INFO - [2025-03-24T23:24:57.358+0000] {dagbag.py:538} INFO - Filling up the DagBag from /home/airflow/.local/lib/python3.8/site-packages/airflow/example_dags/example_time_delta_sensor_async.py
[2025-03-24T23:24:57.361+0000] {processor.py:840} INFO - DAG(s) 'example_time_delta_sensor_async' retrieved from /home/airflow/.local/lib/python3.8/site-packages/airflow/example_dags/example_time_delta_sensor_async.py
[2025-03-24T23:24:57.403+0000] {logging_mixin.py:188} INFO - [2025-03-24T23:24:57.403+0000] {dag.py:3033} INFO - Sync 1 DAGs
[2025-03-24T23:24:57.408+0000] {logging_mixin.py:188} INFO - [2025-03-24T23:24:57.408+0000] {dag.py:3820} INFO - Setting next_dagrun for example_time_delta_sensor_async to None, run_after=None
[2025-03-24T23:24:57.420+0000] {processor.py:183} INFO - Processing /home/airflow/.local/lib/python3.8/site-packages/airflow/example_dags/example_time_delta_sensor_async.py took 0.064 seconds
[2025-03-24T23:25:28.157+0000] {processor.py:161} INFO - Started process (PID=191) to work on /home/airflow/.local/lib/python3.8/site-packages/airflow/example_dags/example_time_delta_sensor_async.py
[2025-03-24T23:25:28.159+0000] {processor.py:830} INFO - Processing file /home/airflow/.local/lib/python3.8/site-packages/airflow/example_dags/example_time_delta_sensor_async.py for tasks to queue
[2025-03-24T23:25:28.160+0000] {logging_mixin.py:188} INFO - [2025-03-24T23:25:28.160+0000] {dagbag.py:538} INFO - Filling up the DagBag from /home/airflow/.local/lib/python3.8/site-packages/airflow/example_dags/example_time_delta_sensor_async.py
[2025-03-24T23:25:28.162+0000] {processor.py:840} INFO - DAG(s) 'example_time_delta_sensor_async' retrieved from /home/airflow/.local/lib/python3.8/site-packages/airflow/example_dags/example_time_delta_sensor_async.py
[2025-03-24T23:25:28.170+0000] {logging_mixin.py:188} INFO - [2025-03-24T23:25:28.170+0000] {dag.py:3033} INFO - Sync 1 DAGs
[2025-03-24T23:25:28.175+0000] {logging_mixin.py:188} INFO - [2025-03-24T23:25:28.175+0000] {dag.py:3820} INFO - Setting next_dagrun for example_time_delta_sensor_async to None, run_after=None
[2025-03-24T23:25:28.184+0000] {processor.py:183} INFO - Processing /home/airflow/.local/lib/python3.8/site-packages/airflow/example_dags/example_time_delta_sensor_async.py took 0.029 seconds
[2025-03-24T23:25:58.642+0000] {processor.py:161} INFO - Started process (PID=252) to work on /home/airflow/.local/lib/python3.8/site-packages/airflow/example_dags/example_time_delta_sensor_async.py
[2025-03-24T23:25:58.645+0000] {processor.py:830} INFO - Processing file /home/airflow/.local/lib/python3.8/site-packages/airflow/example_dags/example_time_delta_sensor_async.py for tasks to queue
[2025-03-24T23:25:58.647+0000] {logging_mixin.py:188} INFO - [2025-03-24T23:25:58.647+0000] {dagbag.py:538} INFO - Filling up the DagBag from /home/airflow/.local/lib/python3.8/site-packages/airflow/example_dags/example_time_delta_sensor_async.py
[2025-03-24T23:25:58.650+0000] {processor.py:840} INFO - DAG(s) 'example_time_delta_sensor_async' retrieved from /home/airflow/.local/lib/python3.8/site-packages/airflow/example_dags/example_time_delta_sensor_async.py
[2025-03-24T23:25:58.658+0000] {logging_mixin.py:188} INFO - [2025-03-24T23:25:58.658+0000] {dag.py:3033} INFO - Sync 1 DAGs
[2025-03-24T23:25:58.665+0000] {logging_mixin.py:188} INFO - [2025-03-24T23:25:58.665+0000] {dag.py:3820} INFO - Setting next_dagrun for example_time_delta_sensor_async to None, run_after=None
[2025-03-24T23:25:58.674+0000] {processor.py:183} INFO - Processing /home/airflow/.local/lib/python3.8/site-packages/airflow/example_dags/example_time_delta_sensor_async.py took 0.033 seconds
[2025-03-24T23:26:29.425+0000] {processor.py:161} INFO - Started process (PID=307) to work on /home/airflow/.local/lib/python3.8/site-packages/airflow/example_dags/example_time_delta_sensor_async.py
[2025-03-24T23:26:29.426+0000] {processor.py:830} INFO - Processing file /home/airflow/.local/lib/python3.8/site-packages/airflow/example_dags/example_time_delta_sensor_async.py for tasks to queue
[2025-03-24T23:26:29.427+0000] {logging_mixin.py:188} INFO - [2025-03-24T23:26:29.427+0000] {dagbag.py:538} INFO - Filling up the DagBag from /home/airflow/.local/lib/python3.8/site-packages/airflow/example_dags/example_time_delta_sensor_async.py
[2025-03-24T23:26:29.429+0000] {processor.py:840} INFO - DAG(s) 'example_time_delta_sensor_async' retrieved from /home/airflow/.local/lib/python3.8/site-packages/airflow/example_dags/example_time_delta_sensor_async.py
[2025-03-24T23:26:29.440+0000] {logging_mixin.py:188} INFO - [2025-03-24T23:26:29.440+0000] {dag.py:3033} INFO - Sync 1 DAGs
[2025-03-24T23:26:29.446+0000] {logging_mixin.py:188} INFO - [2025-03-24T23:26:29.446+0000] {dag.py:3820} INFO - Setting next_dagrun for example_time_delta_sensor_async to None, run_after=None
[2025-03-24T23:26:29.453+0000] {processor.py:183} INFO - Processing /home/airflow/.local/lib/python3.8/site-packages/airflow/example_dags/example_time_delta_sensor_async.py took 0.030 seconds
[2025-03-24T23:26:59.942+0000] {processor.py:161} INFO - Started process (PID=362) to work on /home/airflow/.local/lib/python3.8/site-packages/airflow/example_dags/example_time_delta_sensor_async.py
[2025-03-24T23:26:59.943+0000] {processor.py:830} INFO - Processing file /home/airflow/.local/lib/python3.8/site-packages/airflow/example_dags/example_time_delta_sensor_async.py for tasks to queue
[2025-03-24T23:26:59.944+0000] {logging_mixin.py:188} INFO - [2025-03-24T23:26:59.944+0000] {dagbag.py:538} INFO - Filling up the DagBag from /home/airflow/.local/lib/python3.8/site-packages/airflow/example_dags/example_time_delta_sensor_async.py
[2025-03-24T23:26:59.947+0000] {processor.py:840} INFO - DAG(s) 'example_time_delta_sensor_async' retrieved from /home/airflow/.local/lib/python3.8/site-packages/airflow/example_dags/example_time_delta_sensor_async.py
[2025-03-24T23:26:59.955+0000] {logging_mixin.py:188} INFO - [2025-03-24T23:26:59.955+0000] {dag.py:3033} INFO - Sync 1 DAGs
[2025-03-24T23:26:59.960+0000] {logging_mixin.py:188} INFO - [2025-03-24T23:26:59.959+0000] {dag.py:3820} INFO - Setting next_dagrun for example_time_delta_sensor_async to None, run_after=None
[2025-03-24T23:26:59.968+0000] {processor.py:183} INFO - Processing /home/airflow/.local/lib/python3.8/site-packages/airflow/example_dags/example_time_delta_sensor_async.py took 0.028 seconds
[2025-03-24T23:27:30.611+0000] {processor.py:161} INFO - Started process (PID=417) to work on /home/airflow/.local/lib/python3.8/site-packages/airflow/example_dags/example_time_delta_sensor_async.py
[2025-03-24T23:27:30.612+0000] {processor.py:830} INFO - Processing file /home/airflow/.local/lib/python3.8/site-packages/airflow/example_dags/example_time_delta_sensor_async.py for tasks to queue
[2025-03-24T23:27:30.613+0000] {logging_mixin.py:188} INFO - [2025-03-24T23:27:30.613+0000] {dagbag.py:538} INFO - Filling up the DagBag from /home/airflow/.local/lib/python3.8/site-packages/airflow/example_dags/example_time_delta_sensor_async.py
[2025-03-24T23:27:30.616+0000] {processor.py:840} INFO - DAG(s) 'example_time_delta_sensor_async' retrieved from /home/airflow/.local/lib/python3.8/site-packages/airflow/example_dags/example_time_delta_sensor_async.py
[2025-03-24T23:27:30.625+0000] {logging_mixin.py:188} INFO - [2025-03-24T23:27:30.625+0000] {dag.py:3033} INFO - Sync 1 DAGs
[2025-03-24T23:27:30.631+0000] {logging_mixin.py:188} INFO - [2025-03-24T23:27:30.630+0000] {dag.py:3820} INFO - Setting next_dagrun for example_time_delta_sensor_async to None, run_after=None
[2025-03-24T23:27:30.642+0000] {processor.py:183} INFO - Processing /home/airflow/.local/lib/python3.8/site-packages/airflow/example_dags/example_time_delta_sensor_async.py took 0.033 seconds
[2025-03-24T23:28:01.315+0000] {processor.py:161} INFO - Started process (PID=472) to work on /home/airflow/.local/lib/python3.8/site-packages/airflow/example_dags/example_time_delta_sensor_async.py
[2025-03-24T23:28:01.316+0000] {processor.py:830} INFO - Processing file /home/airflow/.local/lib/python3.8/site-packages/airflow/example_dags/example_time_delta_sensor_async.py for tasks to queue
[2025-03-24T23:28:01.317+0000] {logging_mixin.py:188} INFO - [2025-03-24T23:28:01.317+0000] {dagbag.py:538} INFO - Filling up the DagBag from /home/airflow/.local/lib/python3.8/site-packages/airflow/example_dags/example_time_delta_sensor_async.py
[2025-03-24T23:28:01.319+0000] {processor.py:840} INFO - DAG(s) 'example_time_delta_sensor_async' retrieved from /home/airflow/.local/lib/python3.8/site-packages/airflow/example_dags/example_time_delta_sensor_async.py
[2025-03-24T23:28:01.329+0000] {logging_mixin.py:188} INFO - [2025-03-24T23:28:01.329+0000] {dag.py:3033} INFO - Sync 1 DAGs
[2025-03-24T23:28:01.334+0000] {logging_mixin.py:188} INFO - [2025-03-24T23:28:01.334+0000] {dag.py:3820} INFO - Setting next_dagrun for example_time_delta_sensor_async to None, run_after=None
[2025-03-24T23:28:01.346+0000] {processor.py:183} INFO - Processing /home/airflow/.local/lib/python3.8/site-packages/airflow/example_dags/example_time_delta_sensor_async.py took 0.033 seconds
[2025-03-24T23:28:32.086+0000] {processor.py:161} INFO - Started process (PID=527) to work on /home/airflow/.local/lib/python3.8/site-packages/airflow/example_dags/example_time_delta_sensor_async.py
[2025-03-24T23:28:32.087+0000] {processor.py:830} INFO - Processing file /home/airflow/.local/lib/python3.8/site-packages/airflow/example_dags/example_time_delta_sensor_async.py for tasks to queue
[2025-03-24T23:28:32.088+0000] {logging_mixin.py:188} INFO - [2025-03-24T23:28:32.088+0000] {dagbag.py:538} INFO - Filling up the DagBag from /home/airflow/.local/lib/python3.8/site-packages/airflow/example_dags/example_time_delta_sensor_async.py
[2025-03-24T23:28:32.090+0000] {processor.py:840} INFO - DAG(s) 'example_time_delta_sensor_async' retrieved from /home/airflow/.local/lib/python3.8/site-packages/airflow/example_dags/example_time_delta_sensor_async.py
[2025-03-24T23:28:32.101+0000] {logging_mixin.py:188} INFO - [2025-03-24T23:28:32.100+0000] {dag.py:3033} INFO - Sync 1 DAGs
[2025-03-24T23:28:32.106+0000] {logging_mixin.py:188} INFO - [2025-03-24T23:28:32.106+0000] {dag.py:3820} INFO - Setting next_dagrun for example_time_delta_sensor_async to None, run_after=None
[2025-03-24T23:28:32.116+0000] {processor.py:183} INFO - Processing /home/airflow/.local/lib/python3.8/site-packages/airflow/example_dags/example_time_delta_sensor_async.py took 0.032 seconds
[2025-03-24T23:29:02.833+0000] {processor.py:161} INFO - Started process (PID=582) to work on /home/airflow/.local/lib/python3.8/site-packages/airflow/example_dags/example_time_delta_sensor_async.py
[2025-03-24T23:29:02.836+0000] {processor.py:830} INFO - Processing file /home/airflow/.local/lib/python3.8/site-packages/airflow/example_dags/example_time_delta_sensor_async.py for tasks to queue
[2025-03-24T23:29:02.838+0000] {logging_mixin.py:188} INFO - [2025-03-24T23:29:02.838+0000] {dagbag.py:538} INFO - Filling up the DagBag from /home/airflow/.local/lib/python3.8/site-packages/airflow/example_dags/example_time_delta_sensor_async.py
[2025-03-24T23:29:02.840+0000] {processor.py:840} INFO - DAG(s) 'example_time_delta_sensor_async' retrieved from /home/airflow/.local/lib/python3.8/site-packages/airflow/example_dags/example_time_delta_sensor_async.py
[2025-03-24T23:29:02.849+0000] {logging_mixin.py:188} INFO - [2025-03-24T23:29:02.849+0000] {dag.py:3033} INFO - Sync 1 DAGs
[2025-03-24T23:29:02.854+0000] {logging_mixin.py:188} INFO - [2025-03-24T23:29:02.854+0000] {dag.py:3820} INFO - Setting next_dagrun for example_time_delta_sensor_async to None, run_after=None
[2025-03-24T23:29:02.863+0000] {processor.py:183} INFO - Processing /home/airflow/.local/lib/python3.8/site-packages/airflow/example_dags/example_time_delta_sensor_async.py took 0.032 seconds
[2025-03-24T23:29:33.594+0000] {processor.py:161} INFO - Started process (PID=637) to work on /home/airflow/.local/lib/python3.8/site-packages/airflow/example_dags/example_time_delta_sensor_async.py
[2025-03-24T23:29:33.595+0000] {processor.py:830} INFO - Processing file /home/airflow/.local/lib/python3.8/site-packages/airflow/example_dags/example_time_delta_sensor_async.py for tasks to queue
[2025-03-24T23:29:33.596+0000] {logging_mixin.py:188} INFO - [2025-03-24T23:29:33.596+0000] {dagbag.py:538} INFO - Filling up the DagBag from /home/airflow/.local/lib/python3.8/site-packages/airflow/example_dags/example_time_delta_sensor_async.py
[2025-03-24T23:29:33.598+0000] {processor.py:840} INFO - DAG(s) 'example_time_delta_sensor_async' retrieved from /home/airflow/.local/lib/python3.8/site-packages/airflow/example_dags/example_time_delta_sensor_async.py
[2025-03-24T23:29:33.606+0000] {logging_mixin.py:188} INFO - [2025-03-24T23:29:33.606+0000] {dag.py:3033} INFO - Sync 1 DAGs
[2025-03-24T23:29:33.611+0000] {logging_mixin.py:188} INFO - [2025-03-24T23:29:33.611+0000] {dag.py:3820} INFO - Setting next_dagrun for example_time_delta_sensor_async to None, run_after=None
[2025-03-24T23:29:33.618+0000] {processor.py:183} INFO - Processing /home/airflow/.local/lib/python3.8/site-packages/airflow/example_dags/example_time_delta_sensor_async.py took 0.026 seconds
[2025-03-24T23:30:04.218+0000] {processor.py:161} INFO - Started process (PID=692) to work on /home/airflow/.local/lib/python3.8/site-packages/airflow/example_dags/example_time_delta_sensor_async.py
[2025-03-24T23:30:04.218+0000] {processor.py:830} INFO - Processing file /home/airflow/.local/lib/python3.8/site-packages/airflow/example_dags/example_time_delta_sensor_async.py for tasks to queue
[2025-03-24T23:30:04.219+0000] {logging_mixin.py:188} INFO - [2025-03-24T23:30:04.219+0000] {dagbag.py:538} INFO - Filling up the DagBag from /home/airflow/.local/lib/python3.8/site-packages/airflow/example_dags/example_time_delta_sensor_async.py
[2025-03-24T23:30:04.222+0000] {processor.py:840} INFO - DAG(s) 'example_time_delta_sensor_async' retrieved from /home/airflow/.local/lib/python3.8/site-packages/airflow/example_dags/example_time_delta_sensor_async.py
[2025-03-24T23:30:04.230+0000] {logging_mixin.py:188} INFO - [2025-03-24T23:30:04.230+0000] {dag.py:3033} INFO - Sync 1 DAGs
[2025-03-24T23:30:04.235+0000] {logging_mixin.py:188} INFO - [2025-03-24T23:30:04.235+0000] {dag.py:3820} INFO - Setting next_dagrun for example_time_delta_sensor_async to None, run_after=None
[2025-03-24T23:30:04.243+0000] {processor.py:183} INFO - Processing /home/airflow/.local/lib/python3.8/site-packages/airflow/example_dags/example_time_delta_sensor_async.py took 0.027 seconds
[2025-03-24T23:30:34.744+0000] {processor.py:161} INFO - Started process (PID=747) to work on /home/airflow/.local/lib/python3.8/site-packages/airflow/example_dags/example_time_delta_sensor_async.py
[2025-03-24T23:30:34.744+0000] {processor.py:830} INFO - Processing file /home/airflow/.local/lib/python3.8/site-packages/airflow/example_dags/example_time_delta_sensor_async.py for tasks to queue
[2025-03-24T23:30:34.746+0000] {logging_mixin.py:188} INFO - [2025-03-24T23:30:34.746+0000] {dagbag.py:538} INFO - Filling up the DagBag from /home/airflow/.local/lib/python3.8/site-packages/airflow/example_dags/example_time_delta_sensor_async.py
[2025-03-24T23:30:34.748+0000] {processor.py:840} INFO - DAG(s) 'example_time_delta_sensor_async' retrieved from /home/airflow/.local/lib/python3.8/site-packages/airflow/example_dags/example_time_delta_sensor_async.py
[2025-03-24T23:30:34.756+0000] {logging_mixin.py:188} INFO - [2025-03-24T23:30:34.756+0000] {dag.py:3033} INFO - Sync 1 DAGs
[2025-03-24T23:30:34.761+0000] {logging_mixin.py:188} INFO - [2025-03-24T23:30:34.761+0000] {dag.py:3820} INFO - Setting next_dagrun for example_time_delta_sensor_async to None, run_after=None
[2025-03-24T23:30:34.768+0000] {processor.py:183} INFO - Processing /home/airflow/.local/lib/python3.8/site-packages/airflow/example_dags/example_time_delta_sensor_async.py took 0.026 seconds
[2025-03-24T23:31:05.616+0000] {processor.py:161} INFO - Started process (PID=802) to work on /home/airflow/.local/lib/python3.8/site-packages/airflow/example_dags/example_time_delta_sensor_async.py
[2025-03-24T23:31:05.616+0000] {processor.py:830} INFO - Processing file /home/airflow/.local/lib/python3.8/site-packages/airflow/example_dags/example_time_delta_sensor_async.py for tasks to queue
[2025-03-24T23:31:05.617+0000] {logging_mixin.py:188} INFO - [2025-03-24T23:31:05.617+0000] {dagbag.py:538} INFO - Filling up the DagBag from /home/airflow/.local/lib/python3.8/site-packages/airflow/example_dags/example_time_delta_sensor_async.py
[2025-03-24T23:31:05.619+0000] {processor.py:840} INFO - DAG(s) 'example_time_delta_sensor_async' retrieved from /home/airflow/.local/lib/python3.8/site-packages/airflow/example_dags/example_time_delta_sensor_async.py
[2025-03-24T23:31:05.628+0000] {logging_mixin.py:188} INFO - [2025-03-24T23:31:05.628+0000] {dag.py:3033} INFO - Sync 1 DAGs
[2025-03-24T23:31:05.632+0000] {logging_mixin.py:188} INFO - [2025-03-24T23:31:05.632+0000] {dag.py:3820} INFO - Setting next_dagrun for example_time_delta_sensor_async to None, run_after=None
[2025-03-24T23:31:05.640+0000] {processor.py:183} INFO - Processing /home/airflow/.local/lib/python3.8/site-packages/airflow/example_dags/example_time_delta_sensor_async.py took 0.025 seconds
[2025-03-24T23:31:36.387+0000] {processor.py:161} INFO - Started process (PID=857) to work on /home/airflow/.local/lib/python3.8/site-packages/airflow/example_dags/example_time_delta_sensor_async.py
[2025-03-24T23:31:36.389+0000] {processor.py:830} INFO - Processing file /home/airflow/.local/lib/python3.8/site-packages/airflow/example_dags/example_time_delta_sensor_async.py for tasks to queue
[2025-03-24T23:31:36.390+0000] {logging_mixin.py:188} INFO - [2025-03-24T23:31:36.390+0000] {dagbag.py:538} INFO - Filling up the DagBag from /home/airflow/.local/lib/python3.8/site-packages/airflow/example_dags/example_time_delta_sensor_async.py
[2025-03-24T23:31:36.392+0000] {processor.py:840} INFO - DAG(s) 'example_time_delta_sensor_async' retrieved from /home/airflow/.local/lib/python3.8/site-packages/airflow/example_dags/example_time_delta_sensor_async.py
[2025-03-24T23:31:36.400+0000] {logging_mixin.py:188} INFO - [2025-03-24T23:31:36.400+0000] {dag.py:3033} INFO - Sync 1 DAGs
[2025-03-24T23:31:36.406+0000] {logging_mixin.py:188} INFO - [2025-03-24T23:31:36.406+0000] {dag.py:3820} INFO - Setting next_dagrun for example_time_delta_sensor_async to None, run_after=None
[2025-03-24T23:31:36.412+0000] {processor.py:183} INFO - Processing /home/airflow/.local/lib/python3.8/site-packages/airflow/example_dags/example_time_delta_sensor_async.py took 0.027 seconds
[2025-03-24T23:32:07.274+0000] {processor.py:161} INFO - Started process (PID=912) to work on /home/airflow/.local/lib/python3.8/site-packages/airflow/example_dags/example_time_delta_sensor_async.py
[2025-03-24T23:32:07.274+0000] {processor.py:830} INFO - Processing file /home/airflow/.local/lib/python3.8/site-packages/airflow/example_dags/example_time_delta_sensor_async.py for tasks to queue
[2025-03-24T23:32:07.275+0000] {logging_mixin.py:188} INFO - [2025-03-24T23:32:07.275+0000] {dagbag.py:538} INFO - Filling up the DagBag from /home/airflow/.local/lib/python3.8/site-packages/airflow/example_dags/example_time_delta_sensor_async.py
[2025-03-24T23:32:07.278+0000] {processor.py:840} INFO - DAG(s) 'example_time_delta_sensor_async' retrieved from /home/airflow/.local/lib/python3.8/site-packages/airflow/example_dags/example_time_delta_sensor_async.py
[2025-03-24T23:32:07.288+0000] {logging_mixin.py:188} INFO - [2025-03-24T23:32:07.288+0000] {dag.py:3033} INFO - Sync 1 DAGs
[2025-03-24T23:32:07.294+0000] {logging_mixin.py:188} INFO - [2025-03-24T23:32:07.294+0000] {dag.py:3820} INFO - Setting next_dagrun for example_time_delta_sensor_async to None, run_after=None
[2025-03-24T23:32:07.303+0000] {processor.py:183} INFO - Processing /home/airflow/.local/lib/python3.8/site-packages/airflow/example_dags/example_time_delta_sensor_async.py took 0.030 seconds
[2025-03-24T23:32:38.161+0000] {processor.py:161} INFO - Started process (PID=967) to work on /home/airflow/.local/lib/python3.8/site-packages/airflow/example_dags/example_time_delta_sensor_async.py
[2025-03-24T23:32:38.162+0000] {processor.py:830} INFO - Processing file /home/airflow/.local/lib/python3.8/site-packages/airflow/example_dags/example_time_delta_sensor_async.py for tasks to queue
[2025-03-24T23:32:38.162+0000] {logging_mixin.py:188} INFO - [2025-03-24T23:32:38.162+0000] {dagbag.py:538} INFO - Filling up the DagBag from /home/airflow/.local/lib/python3.8/site-packages/airflow/example_dags/example_time_delta_sensor_async.py
[2025-03-24T23:32:38.164+0000] {processor.py:840} INFO - DAG(s) 'example_time_delta_sensor_async' retrieved from /home/airflow/.local/lib/python3.8/site-packages/airflow/example_dags/example_time_delta_sensor_async.py
[2025-03-24T23:32:38.173+0000] {logging_mixin.py:188} INFO - [2025-03-24T23:32:38.172+0000] {dag.py:3033} INFO - Sync 1 DAGs
[2025-03-24T23:32:38.178+0000] {logging_mixin.py:188} INFO - [2025-03-24T23:32:38.178+0000] {dag.py:3820} INFO - Setting next_dagrun for example_time_delta_sensor_async to None, run_after=None
[2025-03-24T23:32:38.185+0000] {processor.py:183} INFO - Processing /home/airflow/.local/lib/python3.8/site-packages/airflow/example_dags/example_time_delta_sensor_async.py took 0.025 seconds
[2025-03-24T23:33:08.818+0000] {processor.py:161} INFO - Started process (PID=1022) to work on /home/airflow/.local/lib/python3.8/site-packages/airflow/example_dags/example_time_delta_sensor_async.py
[2025-03-24T23:33:08.818+0000] {processor.py:830} INFO - Processing file /home/airflow/.local/lib/python3.8/site-packages/airflow/example_dags/example_time_delta_sensor_async.py for tasks to queue
[2025-03-24T23:33:08.819+0000] {logging_mixin.py:188} INFO - [2025-03-24T23:33:08.819+0000] {dagbag.py:538} INFO - Filling up the DagBag from /home/airflow/.local/lib/python3.8/site-packages/airflow/example_dags/example_time_delta_sensor_async.py
[2025-03-24T23:33:08.821+0000] {processor.py:840} INFO - DAG(s) 'example_time_delta_sensor_async' retrieved from /home/airflow/.local/lib/python3.8/site-packages/airflow/example_dags/example_time_delta_sensor_async.py
[2025-03-24T23:33:08.830+0000] {logging_mixin.py:188} INFO - [2025-03-24T23:33:08.830+0000] {dag.py:3033} INFO - Sync 1 DAGs
[2025-03-24T23:33:08.835+0000] {logging_mixin.py:188} INFO - [2025-03-24T23:33:08.835+0000] {dag.py:3820} INFO - Setting next_dagrun for example_time_delta_sensor_async to None, run_after=None
[2025-03-24T23:33:08.846+0000] {processor.py:183} INFO - Processing /home/airflow/.local/lib/python3.8/site-packages/airflow/example_dags/example_time_delta_sensor_async.py took 0.030 seconds
[2025-03-24T23:33:39.303+0000] {processor.py:161} INFO - Started process (PID=1077) to work on /home/airflow/.local/lib/python3.8/site-packages/airflow/example_dags/example_time_delta_sensor_async.py
[2025-03-24T23:33:39.304+0000] {processor.py:830} INFO - Processing file /home/airflow/.local/lib/python3.8/site-packages/airflow/example_dags/example_time_delta_sensor_async.py for tasks to queue
[2025-03-24T23:33:39.305+0000] {logging_mixin.py:188} INFO - [2025-03-24T23:33:39.305+0000] {dagbag.py:538} INFO - Filling up the DagBag from /home/airflow/.local/lib/python3.8/site-packages/airflow/example_dags/example_time_delta_sensor_async.py
[2025-03-24T23:33:39.307+0000] {processor.py:840} INFO - DAG(s) 'example_time_delta_sensor_async' retrieved from /home/airflow/.local/lib/python3.8/site-packages/airflow/example_dags/example_time_delta_sensor_async.py
[2025-03-24T23:33:39.316+0000] {logging_mixin.py:188} INFO - [2025-03-24T23:33:39.316+0000] {dag.py:3033} INFO - Sync 1 DAGs
[2025-03-24T23:33:39.322+0000] {logging_mixin.py:188} INFO - [2025-03-24T23:33:39.322+0000] {dag.py:3820} INFO - Setting next_dagrun for example_time_delta_sensor_async to None, run_after=None
[2025-03-24T23:33:39.333+0000] {processor.py:183} INFO - Processing /home/airflow/.local/lib/python3.8/site-packages/airflow/example_dags/example_time_delta_sensor_async.py took 0.031 seconds
[2025-03-24T23:34:09.847+0000] {processor.py:161} INFO - Started process (PID=1132) to work on /home/airflow/.local/lib/python3.8/site-packages/airflow/example_dags/example_time_delta_sensor_async.py
[2025-03-24T23:34:09.848+0000] {processor.py:830} INFO - Processing file /home/airflow/.local/lib/python3.8/site-packages/airflow/example_dags/example_time_delta_sensor_async.py for tasks to queue
[2025-03-24T23:34:09.849+0000] {logging_mixin.py:188} INFO - [2025-03-24T23:34:09.849+0000] {dagbag.py:538} INFO - Filling up the DagBag from /home/airflow/.local/lib/python3.8/site-packages/airflow/example_dags/example_time_delta_sensor_async.py
[2025-03-24T23:34:09.851+0000] {processor.py:840} INFO - DAG(s) 'example_time_delta_sensor_async' retrieved from /home/airflow/.local/lib/python3.8/site-packages/airflow/example_dags/example_time_delta_sensor_async.py
[2025-03-24T23:34:09.861+0000] {logging_mixin.py:188} INFO - [2025-03-24T23:34:09.860+0000] {dag.py:3033} INFO - Sync 1 DAGs
[2025-03-24T23:34:09.866+0000] {logging_mixin.py:188} INFO - [2025-03-24T23:34:09.866+0000] {dag.py:3820} INFO - Setting next_dagrun for example_time_delta_sensor_async to None, run_after=None
[2025-03-24T23:34:09.876+0000] {processor.py:183} INFO - Processing /home/airflow/.local/lib/python3.8/site-packages/airflow/example_dags/example_time_delta_sensor_async.py took 0.030 seconds
[2025-03-24T23:34:40.729+0000] {processor.py:161} INFO - Started process (PID=1187) to work on /home/airflow/.local/lib/python3.8/site-packages/airflow/example_dags/example_time_delta_sensor_async.py
[2025-03-24T23:34:40.732+0000] {processor.py:830} INFO - Processing file /home/airflow/.local/lib/python3.8/site-packages/airflow/example_dags/example_time_delta_sensor_async.py for tasks to queue
[2025-03-24T23:34:40.734+0000] {logging_mixin.py:188} INFO - [2025-03-24T23:34:40.734+0000] {dagbag.py:538} INFO - Filling up the DagBag from /home/airflow/.local/lib/python3.8/site-packages/airflow/example_dags/example_time_delta_sensor_async.py
[2025-03-24T23:34:40.737+0000] {processor.py:840} INFO - DAG(s) 'example_time_delta_sensor_async' retrieved from /home/airflow/.local/lib/python3.8/site-packages/airflow/example_dags/example_time_delta_sensor_async.py
[2025-03-24T23:34:40.748+0000] {logging_mixin.py:188} INFO - [2025-03-24T23:34:40.748+0000] {dag.py:3033} INFO - Sync 1 DAGs
[2025-03-24T23:34:40.754+0000] {logging_mixin.py:188} INFO - [2025-03-24T23:34:40.754+0000] {dag.py:3820} INFO - Setting next_dagrun for example_time_delta_sensor_async to None, run_after=None
[2025-03-24T23:34:40.767+0000] {processor.py:183} INFO - Processing /home/airflow/.local/lib/python3.8/site-packages/airflow/example_dags/example_time_delta_sensor_async.py took 0.040 seconds
[2025-03-24T23:35:10.835+0000] {processor.py:161} INFO - Started process (PID=1242) to work on /home/airflow/.local/lib/python3.8/site-packages/airflow/example_dags/example_time_delta_sensor_async.py
[2025-03-24T23:35:10.839+0000] {processor.py:830} INFO - Processing file /home/airflow/.local/lib/python3.8/site-packages/airflow/example_dags/example_time_delta_sensor_async.py for tasks to queue
[2025-03-24T23:35:10.844+0000] {logging_mixin.py:188} INFO - [2025-03-24T23:35:10.844+0000] {dagbag.py:538} INFO - Filling up the DagBag from /home/airflow/.local/lib/python3.8/site-packages/airflow/example_dags/example_time_delta_sensor_async.py
[2025-03-24T23:35:10.851+0000] {processor.py:840} INFO - DAG(s) 'example_time_delta_sensor_async' retrieved from /home/airflow/.local/lib/python3.8/site-packages/airflow/example_dags/example_time_delta_sensor_async.py
[2025-03-24T23:35:10.864+0000] {logging_mixin.py:188} INFO - [2025-03-24T23:35:10.864+0000] {dag.py:3033} INFO - Sync 1 DAGs
[2025-03-24T23:35:10.872+0000] {logging_mixin.py:188} INFO - [2025-03-24T23:35:10.871+0000] {dag.py:3820} INFO - Setting next_dagrun for example_time_delta_sensor_async to None, run_after=None
[2025-03-24T23:35:10.882+0000] {processor.py:183} INFO - Processing /home/airflow/.local/lib/python3.8/site-packages/airflow/example_dags/example_time_delta_sensor_async.py took 0.049 seconds
[2025-03-24T23:35:41.650+0000] {processor.py:161} INFO - Started process (PID=1297) to work on /home/airflow/.local/lib/python3.8/site-packages/airflow/example_dags/example_time_delta_sensor_async.py
[2025-03-24T23:35:41.652+0000] {processor.py:830} INFO - Processing file /home/airflow/.local/lib/python3.8/site-packages/airflow/example_dags/example_time_delta_sensor_async.py for tasks to queue
[2025-03-24T23:35:41.653+0000] {logging_mixin.py:188} INFO - [2025-03-24T23:35:41.653+0000] {dagbag.py:538} INFO - Filling up the DagBag from /home/airflow/.local/lib/python3.8/site-packages/airflow/example_dags/example_time_delta_sensor_async.py
[2025-03-24T23:35:41.655+0000] {processor.py:840} INFO - DAG(s) 'example_time_delta_sensor_async' retrieved from /home/airflow/.local/lib/python3.8/site-packages/airflow/example_dags/example_time_delta_sensor_async.py
[2025-03-24T23:35:41.663+0000] {logging_mixin.py:188} INFO - [2025-03-24T23:35:41.663+0000] {dag.py:3033} INFO - Sync 1 DAGs
[2025-03-24T23:35:41.668+0000] {logging_mixin.py:188} INFO - [2025-03-24T23:35:41.668+0000] {dag.py:3820} INFO - Setting next_dagrun for example_time_delta_sensor_async to None, run_after=None
[2025-03-24T23:35:41.677+0000] {processor.py:183} INFO - Processing /home/airflow/.local/lib/python3.8/site-packages/airflow/example_dags/example_time_delta_sensor_async.py took 0.028 seconds
[2025-03-24T23:36:12.302+0000] {processor.py:161} INFO - Started process (PID=1352) to work on /home/airflow/.local/lib/python3.8/site-packages/airflow/example_dags/example_time_delta_sensor_async.py
[2025-03-24T23:36:12.302+0000] {processor.py:830} INFO - Processing file /home/airflow/.local/lib/python3.8/site-packages/airflow/example_dags/example_time_delta_sensor_async.py for tasks to queue
[2025-03-24T23:36:12.303+0000] {logging_mixin.py:188} INFO - [2025-03-24T23:36:12.303+0000] {dagbag.py:538} INFO - Filling up the DagBag from /home/airflow/.local/lib/python3.8/site-packages/airflow/example_dags/example_time_delta_sensor_async.py
[2025-03-24T23:36:12.305+0000] {processor.py:840} INFO - DAG(s) 'example_time_delta_sensor_async' retrieved from /home/airflow/.local/lib/python3.8/site-packages/airflow/example_dags/example_time_delta_sensor_async.py
[2025-03-24T23:36:12.315+0000] {logging_mixin.py:188} INFO - [2025-03-24T23:36:12.315+0000] {dag.py:3033} INFO - Sync 1 DAGs
[2025-03-24T23:36:12.320+0000] {logging_mixin.py:188} INFO - [2025-03-24T23:36:12.320+0000] {dag.py:3820} INFO - Setting next_dagrun for example_time_delta_sensor_async to None, run_after=None
[2025-03-24T23:36:12.329+0000] {processor.py:183} INFO - Processing /home/airflow/.local/lib/python3.8/site-packages/airflow/example_dags/example_time_delta_sensor_async.py took 0.029 seconds
[2025-03-24T23:36:43.031+0000] {processor.py:161} INFO - Started process (PID=1407) to work on /home/airflow/.local/lib/python3.8/site-packages/airflow/example_dags/example_time_delta_sensor_async.py
[2025-03-24T23:36:43.031+0000] {processor.py:830} INFO - Processing file /home/airflow/.local/lib/python3.8/site-packages/airflow/example_dags/example_time_delta_sensor_async.py for tasks to queue
[2025-03-24T23:36:43.032+0000] {logging_mixin.py:188} INFO - [2025-03-24T23:36:43.032+0000] {dagbag.py:538} INFO - Filling up the DagBag from /home/airflow/.local/lib/python3.8/site-packages/airflow/example_dags/example_time_delta_sensor_async.py
[2025-03-24T23:36:43.034+0000] {processor.py:840} INFO - DAG(s) 'example_time_delta_sensor_async' retrieved from /home/airflow/.local/lib/python3.8/site-packages/airflow/example_dags/example_time_delta_sensor_async.py
[2025-03-24T23:36:43.046+0000] {logging_mixin.py:188} INFO - [2025-03-24T23:36:43.045+0000] {dag.py:3033} INFO - Sync 1 DAGs
[2025-03-24T23:36:43.054+0000] {logging_mixin.py:188} INFO - [2025-03-24T23:36:43.054+0000] {dag.py:3820} INFO - Setting next_dagrun for example_time_delta_sensor_async to None, run_after=None
[2025-03-24T23:36:43.063+0000] {processor.py:183} INFO - Processing /home/airflow/.local/lib/python3.8/site-packages/airflow/example_dags/example_time_delta_sensor_async.py took 0.034 seconds
[2025-03-24T23:37:13.908+0000] {processor.py:161} INFO - Started process (PID=1462) to work on /home/airflow/.local/lib/python3.8/site-packages/airflow/example_dags/example_time_delta_sensor_async.py
[2025-03-24T23:37:13.908+0000] {processor.py:830} INFO - Processing file /home/airflow/.local/lib/python3.8/site-packages/airflow/example_dags/example_time_delta_sensor_async.py for tasks to queue
[2025-03-24T23:37:13.909+0000] {logging_mixin.py:188} INFO - [2025-03-24T23:37:13.909+0000] {dagbag.py:538} INFO - Filling up the DagBag from /home/airflow/.local/lib/python3.8/site-packages/airflow/example_dags/example_time_delta_sensor_async.py
[2025-03-24T23:37:13.912+0000] {processor.py:840} INFO - DAG(s) 'example_time_delta_sensor_async' retrieved from /home/airflow/.local/lib/python3.8/site-packages/airflow/example_dags/example_time_delta_sensor_async.py
[2025-03-24T23:37:13.922+0000] {logging_mixin.py:188} INFO - [2025-03-24T23:37:13.922+0000] {dag.py:3033} INFO - Sync 1 DAGs
[2025-03-24T23:37:13.927+0000] {logging_mixin.py:188} INFO - [2025-03-24T23:37:13.927+0000] {dag.py:3820} INFO - Setting next_dagrun for example_time_delta_sensor_async to None, run_after=None
[2025-03-24T23:37:13.937+0000] {processor.py:183} INFO - Processing /home/airflow/.local/lib/python3.8/site-packages/airflow/example_dags/example_time_delta_sensor_async.py took 0.030 seconds
[2025-03-24T23:37:44.765+0000] {processor.py:161} INFO - Started process (PID=1517) to work on /home/airflow/.local/lib/python3.8/site-packages/airflow/example_dags/example_time_delta_sensor_async.py
[2025-03-24T23:37:44.765+0000] {processor.py:830} INFO - Processing file /home/airflow/.local/lib/python3.8/site-packages/airflow/example_dags/example_time_delta_sensor_async.py for tasks to queue
[2025-03-24T23:37:44.767+0000] {logging_mixin.py:188} INFO - [2025-03-24T23:37:44.767+0000] {dagbag.py:538} INFO - Filling up the DagBag from /home/airflow/.local/lib/python3.8/site-packages/airflow/example_dags/example_time_delta_sensor_async.py
[2025-03-24T23:37:44.770+0000] {processor.py:840} INFO - DAG(s) 'example_time_delta_sensor_async' retrieved from /home/airflow/.local/lib/python3.8/site-packages/airflow/example_dags/example_time_delta_sensor_async.py
[2025-03-24T23:37:44.778+0000] {logging_mixin.py:188} INFO - [2025-03-24T23:37:44.778+0000] {dag.py:3033} INFO - Sync 1 DAGs
[2025-03-24T23:37:44.783+0000] {logging_mixin.py:188} INFO - [2025-03-24T23:37:44.783+0000] {dag.py:3820} INFO - Setting next_dagrun for example_time_delta_sensor_async to None, run_after=None
[2025-03-24T23:37:44.794+0000] {processor.py:183} INFO - Processing /home/airflow/.local/lib/python3.8/site-packages/airflow/example_dags/example_time_delta_sensor_async.py took 0.031 seconds
[2025-03-24T23:38:15.502+0000] {processor.py:161} INFO - Started process (PID=1572) to work on /home/airflow/.local/lib/python3.8/site-packages/airflow/example_dags/example_time_delta_sensor_async.py
[2025-03-24T23:38:15.503+0000] {processor.py:830} INFO - Processing file /home/airflow/.local/lib/python3.8/site-packages/airflow/example_dags/example_time_delta_sensor_async.py for tasks to queue
[2025-03-24T23:38:15.504+0000] {logging_mixin.py:188} INFO - [2025-03-24T23:38:15.503+0000] {dagbag.py:538} INFO - Filling up the DagBag from /home/airflow/.local/lib/python3.8/site-packages/airflow/example_dags/example_time_delta_sensor_async.py
[2025-03-24T23:38:15.505+0000] {processor.py:840} INFO - DAG(s) 'example_time_delta_sensor_async' retrieved from /home/airflow/.local/lib/python3.8/site-packages/airflow/example_dags/example_time_delta_sensor_async.py
[2025-03-24T23:38:15.513+0000] {logging_mixin.py:188} INFO - [2025-03-24T23:38:15.513+0000] {dag.py:3033} INFO - Sync 1 DAGs
[2025-03-24T23:38:15.518+0000] {logging_mixin.py:188} INFO - [2025-03-24T23:38:15.518+0000] {dag.py:3820} INFO - Setting next_dagrun for example_time_delta_sensor_async to None, run_after=None
[2025-03-24T23:38:15.524+0000] {processor.py:183} INFO - Processing /home/airflow/.local/lib/python3.8/site-packages/airflow/example_dags/example_time_delta_sensor_async.py took 0.023 seconds
[2025-03-24T23:38:46.227+0000] {processor.py:161} INFO - Started process (PID=1627) to work on /home/airflow/.local/lib/python3.8/site-packages/airflow/example_dags/example_time_delta_sensor_async.py
[2025-03-24T23:38:46.227+0000] {processor.py:830} INFO - Processing file /home/airflow/.local/lib/python3.8/site-packages/airflow/example_dags/example_time_delta_sensor_async.py for tasks to queue
[2025-03-24T23:38:46.228+0000] {logging_mixin.py:188} INFO - [2025-03-24T23:38:46.228+0000] {dagbag.py:538} INFO - Filling up the DagBag from /home/airflow/.local/lib/python3.8/site-packages/airflow/example_dags/example_time_delta_sensor_async.py
[2025-03-24T23:38:46.230+0000] {processor.py:840} INFO - DAG(s) 'example_time_delta_sensor_async' retrieved from /home/airflow/.local/lib/python3.8/site-packages/airflow/example_dags/example_time_delta_sensor_async.py
[2025-03-24T23:38:46.238+0000] {logging_mixin.py:188} INFO - [2025-03-24T23:38:46.238+0000] {dag.py:3033} INFO - Sync 1 DAGs
[2025-03-24T23:38:46.242+0000] {logging_mixin.py:188} INFO - [2025-03-24T23:38:46.242+0000] {dag.py:3820} INFO - Setting next_dagrun for example_time_delta_sensor_async to None, run_after=None
[2025-03-24T23:38:46.249+0000] {processor.py:183} INFO - Processing /home/airflow/.local/lib/python3.8/site-packages/airflow/example_dags/example_time_delta_sensor_async.py took 0.024 seconds
[2025-03-24T23:39:17.129+0000] {processor.py:161} INFO - Started process (PID=1682) to work on /home/airflow/.local/lib/python3.8/site-packages/airflow/example_dags/example_time_delta_sensor_async.py
[2025-03-24T23:39:17.130+0000] {processor.py:830} INFO - Processing file /home/airflow/.local/lib/python3.8/site-packages/airflow/example_dags/example_time_delta_sensor_async.py for tasks to queue
[2025-03-24T23:39:17.131+0000] {logging_mixin.py:188} INFO - [2025-03-24T23:39:17.131+0000] {dagbag.py:538} INFO - Filling up the DagBag from /home/airflow/.local/lib/python3.8/site-packages/airflow/example_dags/example_time_delta_sensor_async.py
[2025-03-24T23:39:17.133+0000] {processor.py:840} INFO - DAG(s) 'example_time_delta_sensor_async' retrieved from /home/airflow/.local/lib/python3.8/site-packages/airflow/example_dags/example_time_delta_sensor_async.py
[2025-03-24T23:39:17.143+0000] {logging_mixin.py:188} INFO - [2025-03-24T23:39:17.143+0000] {dag.py:3033} INFO - Sync 1 DAGs
[2025-03-24T23:39:17.149+0000] {logging_mixin.py:188} INFO - [2025-03-24T23:39:17.149+0000] {dag.py:3820} INFO - Setting next_dagrun for example_time_delta_sensor_async to None, run_after=None
[2025-03-24T23:39:17.157+0000] {processor.py:183} INFO - Processing /home/airflow/.local/lib/python3.8/site-packages/airflow/example_dags/example_time_delta_sensor_async.py took 0.029 seconds
[2025-03-24T23:39:47.892+0000] {processor.py:161} INFO - Started process (PID=1737) to work on /home/airflow/.local/lib/python3.8/site-packages/airflow/example_dags/example_time_delta_sensor_async.py
[2025-03-24T23:39:47.894+0000] {processor.py:830} INFO - Processing file /home/airflow/.local/lib/python3.8/site-packages/airflow/example_dags/example_time_delta_sensor_async.py for tasks to queue
[2025-03-24T23:39:47.897+0000] {logging_mixin.py:188} INFO - [2025-03-24T23:39:47.897+0000] {dagbag.py:538} INFO - Filling up the DagBag from /home/airflow/.local/lib/python3.8/site-packages/airflow/example_dags/example_time_delta_sensor_async.py
[2025-03-24T23:39:47.900+0000] {processor.py:840} INFO - DAG(s) 'example_time_delta_sensor_async' retrieved from /home/airflow/.local/lib/python3.8/site-packages/airflow/example_dags/example_time_delta_sensor_async.py
[2025-03-24T23:39:47.909+0000] {logging_mixin.py:188} INFO - [2025-03-24T23:39:47.909+0000] {dag.py:3033} INFO - Sync 1 DAGs
[2025-03-24T23:39:47.915+0000] {logging_mixin.py:188} INFO - [2025-03-24T23:39:47.915+0000] {dag.py:3820} INFO - Setting next_dagrun for example_time_delta_sensor_async to None, run_after=None
[2025-03-24T23:39:47.922+0000] {processor.py:183} INFO - Processing /home/airflow/.local/lib/python3.8/site-packages/airflow/example_dags/example_time_delta_sensor_async.py took 0.031 seconds
[2025-03-24T23:40:18.458+0000] {processor.py:161} INFO - Started process (PID=1792) to work on /home/airflow/.local/lib/python3.8/site-packages/airflow/example_dags/example_time_delta_sensor_async.py
[2025-03-24T23:40:18.459+0000] {processor.py:830} INFO - Processing file /home/airflow/.local/lib/python3.8/site-packages/airflow/example_dags/example_time_delta_sensor_async.py for tasks to queue
[2025-03-24T23:40:18.460+0000] {logging_mixin.py:188} INFO - [2025-03-24T23:40:18.460+0000] {dagbag.py:538} INFO - Filling up the DagBag from /home/airflow/.local/lib/python3.8/site-packages/airflow/example_dags/example_time_delta_sensor_async.py
[2025-03-24T23:40:18.462+0000] {processor.py:840} INFO - DAG(s) 'example_time_delta_sensor_async' retrieved from /home/airflow/.local/lib/python3.8/site-packages/airflow/example_dags/example_time_delta_sensor_async.py
[2025-03-24T23:40:18.470+0000] {logging_mixin.py:188} INFO - [2025-03-24T23:40:18.470+0000] {dag.py:3033} INFO - Sync 1 DAGs
[2025-03-24T23:40:18.476+0000] {logging_mixin.py:188} INFO - [2025-03-24T23:40:18.476+0000] {dag.py:3820} INFO - Setting next_dagrun for example_time_delta_sensor_async to None, run_after=None
[2025-03-24T23:40:18.482+0000] {processor.py:183} INFO - Processing /home/airflow/.local/lib/python3.8/site-packages/airflow/example_dags/example_time_delta_sensor_async.py took 0.026 seconds
[2025-03-24T23:40:49.022+0000] {processor.py:161} INFO - Started process (PID=1847) to work on /home/airflow/.local/lib/python3.8/site-packages/airflow/example_dags/example_time_delta_sensor_async.py
[2025-03-24T23:40:49.023+0000] {processor.py:830} INFO - Processing file /home/airflow/.local/lib/python3.8/site-packages/airflow/example_dags/example_time_delta_sensor_async.py for tasks to queue
[2025-03-24T23:40:49.026+0000] {logging_mixin.py:188} INFO - [2025-03-24T23:40:49.026+0000] {dagbag.py:538} INFO - Filling up the DagBag from /home/airflow/.local/lib/python3.8/site-packages/airflow/example_dags/example_time_delta_sensor_async.py
[2025-03-24T23:40:49.028+0000] {processor.py:840} INFO - DAG(s) 'example_time_delta_sensor_async' retrieved from /home/airflow/.local/lib/python3.8/site-packages/airflow/example_dags/example_time_delta_sensor_async.py
[2025-03-24T23:40:49.036+0000] {logging_mixin.py:188} INFO - [2025-03-24T23:40:49.036+0000] {dag.py:3033} INFO - Sync 1 DAGs
[2025-03-24T23:40:49.042+0000] {logging_mixin.py:188} INFO - [2025-03-24T23:40:49.042+0000] {dag.py:3820} INFO - Setting next_dagrun for example_time_delta_sensor_async to None, run_after=None
[2025-03-24T23:40:49.049+0000] {processor.py:183} INFO - Processing /home/airflow/.local/lib/python3.8/site-packages/airflow/example_dags/example_time_delta_sensor_async.py took 0.029 seconds
[2025-03-24T23:41:19.656+0000] {processor.py:161} INFO - Started process (PID=1902) to work on /home/airflow/.local/lib/python3.8/site-packages/airflow/example_dags/example_time_delta_sensor_async.py
[2025-03-24T23:41:19.656+0000] {processor.py:830} INFO - Processing file /home/airflow/.local/lib/python3.8/site-packages/airflow/example_dags/example_time_delta_sensor_async.py for tasks to queue
[2025-03-24T23:41:19.657+0000] {logging_mixin.py:188} INFO - [2025-03-24T23:41:19.657+0000] {dagbag.py:538} INFO - Filling up the DagBag from /home/airflow/.local/lib/python3.8/site-packages/airflow/example_dags/example_time_delta_sensor_async.py
[2025-03-24T23:41:19.660+0000] {processor.py:840} INFO - DAG(s) 'example_time_delta_sensor_async' retrieved from /home/airflow/.local/lib/python3.8/site-packages/airflow/example_dags/example_time_delta_sensor_async.py
[2025-03-24T23:41:19.670+0000] {logging_mixin.py:188} INFO - [2025-03-24T23:41:19.670+0000] {dag.py:3033} INFO - Sync 1 DAGs
[2025-03-24T23:41:19.675+0000] {logging_mixin.py:188} INFO - [2025-03-24T23:41:19.675+0000] {dag.py:3820} INFO - Setting next_dagrun for example_time_delta_sensor_async to None, run_after=None
[2025-03-24T23:41:19.682+0000] {processor.py:183} INFO - Processing /home/airflow/.local/lib/python3.8/site-packages/airflow/example_dags/example_time_delta_sensor_async.py took 0.028 seconds
[2025-03-24T23:41:50.284+0000] {processor.py:161} INFO - Started process (PID=1957) to work on /home/airflow/.local/lib/python3.8/site-packages/airflow/example_dags/example_time_delta_sensor_async.py
[2025-03-24T23:41:50.285+0000] {processor.py:830} INFO - Processing file /home/airflow/.local/lib/python3.8/site-packages/airflow/example_dags/example_time_delta_sensor_async.py for tasks to queue
[2025-03-24T23:41:50.286+0000] {logging_mixin.py:188} INFO - [2025-03-24T23:41:50.285+0000] {dagbag.py:538} INFO - Filling up the DagBag from /home/airflow/.local/lib/python3.8/site-packages/airflow/example_dags/example_time_delta_sensor_async.py
[2025-03-24T23:41:50.289+0000] {processor.py:840} INFO - DAG(s) 'example_time_delta_sensor_async' retrieved from /home/airflow/.local/lib/python3.8/site-packages/airflow/example_dags/example_time_delta_sensor_async.py
[2025-03-24T23:41:50.298+0000] {logging_mixin.py:188} INFO - [2025-03-24T23:41:50.298+0000] {dag.py:3033} INFO - Sync 1 DAGs
[2025-03-24T23:41:50.305+0000] {logging_mixin.py:188} INFO - [2025-03-24T23:41:50.305+0000] {dag.py:3820} INFO - Setting next_dagrun for example_time_delta_sensor_async to None, run_after=None
[2025-03-24T23:41:50.314+0000] {processor.py:183} INFO - Processing /home/airflow/.local/lib/python3.8/site-packages/airflow/example_dags/example_time_delta_sensor_async.py took 0.032 seconds
[2025-03-24T23:42:20.842+0000] {processor.py:161} INFO - Started process (PID=2012) to work on /home/airflow/.local/lib/python3.8/site-packages/airflow/example_dags/example_time_delta_sensor_async.py
[2025-03-24T23:42:20.842+0000] {processor.py:830} INFO - Processing file /home/airflow/.local/lib/python3.8/site-packages/airflow/example_dags/example_time_delta_sensor_async.py for tasks to queue
[2025-03-24T23:42:20.843+0000] {logging_mixin.py:188} INFO - [2025-03-24T23:42:20.843+0000] {dagbag.py:538} INFO - Filling up the DagBag from /home/airflow/.local/lib/python3.8/site-packages/airflow/example_dags/example_time_delta_sensor_async.py
[2025-03-24T23:42:20.845+0000] {processor.py:840} INFO - DAG(s) 'example_time_delta_sensor_async' retrieved from /home/airflow/.local/lib/python3.8/site-packages/airflow/example_dags/example_time_delta_sensor_async.py
[2025-03-24T23:42:20.854+0000] {logging_mixin.py:188} INFO - [2025-03-24T23:42:20.854+0000] {dag.py:3033} INFO - Sync 1 DAGs
[2025-03-24T23:42:20.859+0000] {logging_mixin.py:188} INFO - [2025-03-24T23:42:20.859+0000] {dag.py:3820} INFO - Setting next_dagrun for example_time_delta_sensor_async to None, run_after=None
[2025-03-24T23:42:20.869+0000] {processor.py:183} INFO - Processing /home/airflow/.local/lib/python3.8/site-packages/airflow/example_dags/example_time_delta_sensor_async.py took 0.029 seconds
[2025-03-24T23:42:51.328+0000] {processor.py:161} INFO - Started process (PID=2067) to work on /home/airflow/.local/lib/python3.8/site-packages/airflow/example_dags/example_time_delta_sensor_async.py
[2025-03-24T23:42:51.328+0000] {processor.py:830} INFO - Processing file /home/airflow/.local/lib/python3.8/site-packages/airflow/example_dags/example_time_delta_sensor_async.py for tasks to queue
[2025-03-24T23:42:51.329+0000] {logging_mixin.py:188} INFO - [2025-03-24T23:42:51.329+0000] {dagbag.py:538} INFO - Filling up the DagBag from /home/airflow/.local/lib/python3.8/site-packages/airflow/example_dags/example_time_delta_sensor_async.py
[2025-03-24T23:42:51.332+0000] {processor.py:840} INFO - DAG(s) 'example_time_delta_sensor_async' retrieved from /home/airflow/.local/lib/python3.8/site-packages/airflow/example_dags/example_time_delta_sensor_async.py
[2025-03-24T23:42:51.341+0000] {logging_mixin.py:188} INFO - [2025-03-24T23:42:51.341+0000] {dag.py:3033} INFO - Sync 1 DAGs
[2025-03-24T23:42:51.346+0000] {logging_mixin.py:188} INFO - [2025-03-24T23:42:51.346+0000] {dag.py:3820} INFO - Setting next_dagrun for example_time_delta_sensor_async to None, run_after=None
[2025-03-24T23:42:51.353+0000] {processor.py:183} INFO - Processing /home/airflow/.local/lib/python3.8/site-packages/airflow/example_dags/example_time_delta_sensor_async.py took 0.026 seconds
[2025-03-24T23:43:21.853+0000] {processor.py:161} INFO - Started process (PID=2122) to work on /home/airflow/.local/lib/python3.8/site-packages/airflow/example_dags/example_time_delta_sensor_async.py
[2025-03-24T23:43:21.854+0000] {processor.py:830} INFO - Processing file /home/airflow/.local/lib/python3.8/site-packages/airflow/example_dags/example_time_delta_sensor_async.py for tasks to queue
[2025-03-24T23:43:21.855+0000] {logging_mixin.py:188} INFO - [2025-03-24T23:43:21.854+0000] {dagbag.py:538} INFO - Filling up the DagBag from /home/airflow/.local/lib/python3.8/site-packages/airflow/example_dags/example_time_delta_sensor_async.py
[2025-03-24T23:43:21.857+0000] {processor.py:840} INFO - DAG(s) 'example_time_delta_sensor_async' retrieved from /home/airflow/.local/lib/python3.8/site-packages/airflow/example_dags/example_time_delta_sensor_async.py
[2025-03-24T23:43:21.865+0000] {logging_mixin.py:188} INFO - [2025-03-24T23:43:21.865+0000] {dag.py:3033} INFO - Sync 1 DAGs
[2025-03-24T23:43:21.870+0000] {logging_mixin.py:188} INFO - [2025-03-24T23:43:21.870+0000] {dag.py:3820} INFO - Setting next_dagrun for example_time_delta_sensor_async to None, run_after=None
[2025-03-24T23:43:21.877+0000] {processor.py:183} INFO - Processing /home/airflow/.local/lib/python3.8/site-packages/airflow/example_dags/example_time_delta_sensor_async.py took 0.025 seconds
[2025-03-24T23:43:52.572+0000] {processor.py:161} INFO - Started process (PID=2177) to work on /home/airflow/.local/lib/python3.8/site-packages/airflow/example_dags/example_time_delta_sensor_async.py
[2025-03-24T23:43:52.572+0000] {processor.py:830} INFO - Processing file /home/airflow/.local/lib/python3.8/site-packages/airflow/example_dags/example_time_delta_sensor_async.py for tasks to queue
[2025-03-24T23:43:52.574+0000] {logging_mixin.py:188} INFO - [2025-03-24T23:43:52.574+0000] {dagbag.py:538} INFO - Filling up the DagBag from /home/airflow/.local/lib/python3.8/site-packages/airflow/example_dags/example_time_delta_sensor_async.py
[2025-03-24T23:43:52.578+0000] {processor.py:840} INFO - DAG(s) 'example_time_delta_sensor_async' retrieved from /home/airflow/.local/lib/python3.8/site-packages/airflow/example_dags/example_time_delta_sensor_async.py
[2025-03-24T23:43:52.591+0000] {logging_mixin.py:188} INFO - [2025-03-24T23:43:52.591+0000] {dag.py:3033} INFO - Sync 1 DAGs
[2025-03-24T23:43:52.602+0000] {logging_mixin.py:188} INFO - [2025-03-24T23:43:52.601+0000] {dag.py:3820} INFO - Setting next_dagrun for example_time_delta_sensor_async to None, run_after=None
[2025-03-24T23:43:52.611+0000] {processor.py:183} INFO - Processing /home/airflow/.local/lib/python3.8/site-packages/airflow/example_dags/example_time_delta_sensor_async.py took 0.042 seconds
[2025-03-24T23:44:23.193+0000] {processor.py:161} INFO - Started process (PID=2232) to work on /home/airflow/.local/lib/python3.8/site-packages/airflow/example_dags/example_time_delta_sensor_async.py
[2025-03-24T23:44:23.194+0000] {processor.py:830} INFO - Processing file /home/airflow/.local/lib/python3.8/site-packages/airflow/example_dags/example_time_delta_sensor_async.py for tasks to queue
[2025-03-24T23:44:23.195+0000] {logging_mixin.py:188} INFO - [2025-03-24T23:44:23.195+0000] {dagbag.py:538} INFO - Filling up the DagBag from /home/airflow/.local/lib/python3.8/site-packages/airflow/example_dags/example_time_delta_sensor_async.py
[2025-03-24T23:44:23.197+0000] {processor.py:840} INFO - DAG(s) 'example_time_delta_sensor_async' retrieved from /home/airflow/.local/lib/python3.8/site-packages/airflow/example_dags/example_time_delta_sensor_async.py
[2025-03-24T23:44:23.206+0000] {logging_mixin.py:188} INFO - [2025-03-24T23:44:23.206+0000] {dag.py:3033} INFO - Sync 1 DAGs
[2025-03-24T23:44:23.211+0000] {logging_mixin.py:188} INFO - [2025-03-24T23:44:23.211+0000] {dag.py:3820} INFO - Setting next_dagrun for example_time_delta_sensor_async to None, run_after=None
[2025-03-24T23:44:23.218+0000] {processor.py:183} INFO - Processing /home/airflow/.local/lib/python3.8/site-packages/airflow/example_dags/example_time_delta_sensor_async.py took 0.026 seconds
[2025-03-24T23:44:53.876+0000] {processor.py:161} INFO - Started process (PID=2287) to work on /home/airflow/.local/lib/python3.8/site-packages/airflow/example_dags/example_time_delta_sensor_async.py
[2025-03-24T23:44:53.878+0000] {processor.py:830} INFO - Processing file /home/airflow/.local/lib/python3.8/site-packages/airflow/example_dags/example_time_delta_sensor_async.py for tasks to queue
[2025-03-24T23:44:53.879+0000] {logging_mixin.py:188} INFO - [2025-03-24T23:44:53.879+0000] {dagbag.py:538} INFO - Filling up the DagBag from /home/airflow/.local/lib/python3.8/site-packages/airflow/example_dags/example_time_delta_sensor_async.py
[2025-03-24T23:44:53.882+0000] {processor.py:840} INFO - DAG(s) 'example_time_delta_sensor_async' retrieved from /home/airflow/.local/lib/python3.8/site-packages/airflow/example_dags/example_time_delta_sensor_async.py
[2025-03-24T23:44:53.890+0000] {logging_mixin.py:188} INFO - [2025-03-24T23:44:53.890+0000] {dag.py:3033} INFO - Sync 1 DAGs
[2025-03-24T23:44:53.895+0000] {logging_mixin.py:188} INFO - [2025-03-24T23:44:53.895+0000] {dag.py:3820} INFO - Setting next_dagrun for example_time_delta_sensor_async to None, run_after=None
[2025-03-24T23:44:53.902+0000] {processor.py:183} INFO - Processing /home/airflow/.local/lib/python3.8/site-packages/airflow/example_dags/example_time_delta_sensor_async.py took 0.027 seconds
[2025-03-24T23:45:24.338+0000] {processor.py:161} INFO - Started process (PID=2342) to work on /home/airflow/.local/lib/python3.8/site-packages/airflow/example_dags/example_time_delta_sensor_async.py
[2025-03-24T23:45:24.339+0000] {processor.py:830} INFO - Processing file /home/airflow/.local/lib/python3.8/site-packages/airflow/example_dags/example_time_delta_sensor_async.py for tasks to queue
[2025-03-24T23:45:24.339+0000] {logging_mixin.py:188} INFO - [2025-03-24T23:45:24.339+0000] {dagbag.py:538} INFO - Filling up the DagBag from /home/airflow/.local/lib/python3.8/site-packages/airflow/example_dags/example_time_delta_sensor_async.py
[2025-03-24T23:45:24.342+0000] {processor.py:840} INFO - DAG(s) 'example_time_delta_sensor_async' retrieved from /home/airflow/.local/lib/python3.8/site-packages/airflow/example_dags/example_time_delta_sensor_async.py
[2025-03-24T23:45:24.351+0000] {logging_mixin.py:188} INFO - [2025-03-24T23:45:24.351+0000] {dag.py:3033} INFO - Sync 1 DAGs
[2025-03-24T23:45:24.355+0000] {logging_mixin.py:188} INFO - [2025-03-24T23:45:24.355+0000] {dag.py:3820} INFO - Setting next_dagrun for example_time_delta_sensor_async to None, run_after=None
[2025-03-24T23:45:24.362+0000] {processor.py:183} INFO - Processing /home/airflow/.local/lib/python3.8/site-packages/airflow/example_dags/example_time_delta_sensor_async.py took 0.026 seconds
[2025-03-24T23:45:54.956+0000] {processor.py:161} INFO - Started process (PID=2396) to work on /home/airflow/.local/lib/python3.8/site-packages/airflow/example_dags/example_time_delta_sensor_async.py
[2025-03-24T23:45:54.957+0000] {processor.py:830} INFO - Processing file /home/airflow/.local/lib/python3.8/site-packages/airflow/example_dags/example_time_delta_sensor_async.py for tasks to queue
[2025-03-24T23:45:54.961+0000] {logging_mixin.py:188} INFO - [2025-03-24T23:45:54.961+0000] {dagbag.py:538} INFO - Filling up the DagBag from /home/airflow/.local/lib/python3.8/site-packages/airflow/example_dags/example_time_delta_sensor_async.py
[2025-03-24T23:45:54.963+0000] {processor.py:840} INFO - DAG(s) 'example_time_delta_sensor_async' retrieved from /home/airflow/.local/lib/python3.8/site-packages/airflow/example_dags/example_time_delta_sensor_async.py
[2025-03-24T23:45:54.972+0000] {logging_mixin.py:188} INFO - [2025-03-24T23:45:54.972+0000] {dag.py:3033} INFO - Sync 1 DAGs
[2025-03-24T23:45:54.978+0000] {logging_mixin.py:188} INFO - [2025-03-24T23:45:54.978+0000] {dag.py:3820} INFO - Setting next_dagrun for example_time_delta_sensor_async to None, run_after=None
[2025-03-24T23:45:54.985+0000] {processor.py:183} INFO - Processing /home/airflow/.local/lib/python3.8/site-packages/airflow/example_dags/example_time_delta_sensor_async.py took 0.031 seconds
[2025-03-24T23:46:25.881+0000] {processor.py:161} INFO - Started process (PID=2451) to work on /home/airflow/.local/lib/python3.8/site-packages/airflow/example_dags/example_time_delta_sensor_async.py
[2025-03-24T23:46:25.882+0000] {processor.py:830} INFO - Processing file /home/airflow/.local/lib/python3.8/site-packages/airflow/example_dags/example_time_delta_sensor_async.py for tasks to queue
[2025-03-24T23:46:25.883+0000] {logging_mixin.py:188} INFO - [2025-03-24T23:46:25.883+0000] {dagbag.py:538} INFO - Filling up the DagBag from /home/airflow/.local/lib/python3.8/site-packages/airflow/example_dags/example_time_delta_sensor_async.py
[2025-03-24T23:46:25.885+0000] {processor.py:840} INFO - DAG(s) 'example_time_delta_sensor_async' retrieved from /home/airflow/.local/lib/python3.8/site-packages/airflow/example_dags/example_time_delta_sensor_async.py
[2025-03-24T23:46:25.893+0000] {logging_mixin.py:188} INFO - [2025-03-24T23:46:25.893+0000] {dag.py:3033} INFO - Sync 1 DAGs
[2025-03-24T23:46:25.898+0000] {logging_mixin.py:188} INFO - [2025-03-24T23:46:25.898+0000] {dag.py:3820} INFO - Setting next_dagrun for example_time_delta_sensor_async to None, run_after=None
[2025-03-24T23:46:25.905+0000] {processor.py:183} INFO - Processing /home/airflow/.local/lib/python3.8/site-packages/airflow/example_dags/example_time_delta_sensor_async.py took 0.025 seconds
[2025-03-24T23:46:56.799+0000] {processor.py:161} INFO - Started process (PID=2506) to work on /home/airflow/.local/lib/python3.8/site-packages/airflow/example_dags/example_time_delta_sensor_async.py
[2025-03-24T23:46:56.800+0000] {processor.py:830} INFO - Processing file /home/airflow/.local/lib/python3.8/site-packages/airflow/example_dags/example_time_delta_sensor_async.py for tasks to queue
[2025-03-24T23:46:56.801+0000] {logging_mixin.py:188} INFO - [2025-03-24T23:46:56.801+0000] {dagbag.py:538} INFO - Filling up the DagBag from /home/airflow/.local/lib/python3.8/site-packages/airflow/example_dags/example_time_delta_sensor_async.py
[2025-03-24T23:46:56.804+0000] {processor.py:840} INFO - DAG(s) 'example_time_delta_sensor_async' retrieved from /home/airflow/.local/lib/python3.8/site-packages/airflow/example_dags/example_time_delta_sensor_async.py
[2025-03-24T23:46:56.813+0000] {logging_mixin.py:188} INFO - [2025-03-24T23:46:56.813+0000] {dag.py:3033} INFO - Sync 1 DAGs
[2025-03-24T23:46:56.818+0000] {logging_mixin.py:188} INFO - [2025-03-24T23:46:56.818+0000] {dag.py:3820} INFO - Setting next_dagrun for example_time_delta_sensor_async to None, run_after=None
[2025-03-24T23:46:56.827+0000] {processor.py:183} INFO - Processing /home/airflow/.local/lib/python3.8/site-packages/airflow/example_dags/example_time_delta_sensor_async.py took 0.029 seconds
[2025-03-24T23:47:27.869+0000] {processor.py:161} INFO - Started process (PID=2561) to work on /home/airflow/.local/lib/python3.8/site-packages/airflow/example_dags/example_time_delta_sensor_async.py
[2025-03-24T23:47:27.870+0000] {processor.py:830} INFO - Processing file /home/airflow/.local/lib/python3.8/site-packages/airflow/example_dags/example_time_delta_sensor_async.py for tasks to queue
[2025-03-24T23:47:27.871+0000] {logging_mixin.py:188} INFO - [2025-03-24T23:47:27.871+0000] {dagbag.py:538} INFO - Filling up the DagBag from /home/airflow/.local/lib/python3.8/site-packages/airflow/example_dags/example_time_delta_sensor_async.py
[2025-03-24T23:47:27.874+0000] {processor.py:840} INFO - DAG(s) 'example_time_delta_sensor_async' retrieved from /home/airflow/.local/lib/python3.8/site-packages/airflow/example_dags/example_time_delta_sensor_async.py
[2025-03-24T23:47:27.883+0000] {logging_mixin.py:188} INFO - [2025-03-24T23:47:27.883+0000] {dag.py:3033} INFO - Sync 1 DAGs
[2025-03-24T23:47:27.889+0000] {logging_mixin.py:188} INFO - [2025-03-24T23:47:27.889+0000] {dag.py:3820} INFO - Setting next_dagrun for example_time_delta_sensor_async to None, run_after=None
[2025-03-24T23:47:27.899+0000] {processor.py:183} INFO - Processing /home/airflow/.local/lib/python3.8/site-packages/airflow/example_dags/example_time_delta_sensor_async.py took 0.032 seconds
[2025-03-24T23:47:58.087+0000] {processor.py:161} INFO - Started process (PID=2616) to work on /home/airflow/.local/lib/python3.8/site-packages/airflow/example_dags/example_time_delta_sensor_async.py
[2025-03-24T23:47:58.089+0000] {processor.py:830} INFO - Processing file /home/airflow/.local/lib/python3.8/site-packages/airflow/example_dags/example_time_delta_sensor_async.py for tasks to queue
[2025-03-24T23:47:58.090+0000] {logging_mixin.py:188} INFO - [2025-03-24T23:47:58.090+0000] {dagbag.py:538} INFO - Filling up the DagBag from /home/airflow/.local/lib/python3.8/site-packages/airflow/example_dags/example_time_delta_sensor_async.py
[2025-03-24T23:47:58.093+0000] {processor.py:840} INFO - DAG(s) 'example_time_delta_sensor_async' retrieved from /home/airflow/.local/lib/python3.8/site-packages/airflow/example_dags/example_time_delta_sensor_async.py
[2025-03-24T23:47:58.106+0000] {logging_mixin.py:188} INFO - [2025-03-24T23:47:58.105+0000] {dag.py:3033} INFO - Sync 1 DAGs
[2025-03-24T23:47:58.112+0000] {logging_mixin.py:188} INFO - [2025-03-24T23:47:58.112+0000] {dag.py:3820} INFO - Setting next_dagrun for example_time_delta_sensor_async to None, run_after=None
[2025-03-24T23:47:58.123+0000] {processor.py:183} INFO - Processing /home/airflow/.local/lib/python3.8/site-packages/airflow/example_dags/example_time_delta_sensor_async.py took 0.037 seconds
[2025-03-24T23:48:28.602+0000] {processor.py:161} INFO - Started process (PID=2671) to work on /home/airflow/.local/lib/python3.8/site-packages/airflow/example_dags/example_time_delta_sensor_async.py
[2025-03-24T23:48:28.603+0000] {processor.py:830} INFO - Processing file /home/airflow/.local/lib/python3.8/site-packages/airflow/example_dags/example_time_delta_sensor_async.py for tasks to queue
[2025-03-24T23:48:28.604+0000] {logging_mixin.py:188} INFO - [2025-03-24T23:48:28.604+0000] {dagbag.py:538} INFO - Filling up the DagBag from /home/airflow/.local/lib/python3.8/site-packages/airflow/example_dags/example_time_delta_sensor_async.py
[2025-03-24T23:48:28.606+0000] {processor.py:840} INFO - DAG(s) 'example_time_delta_sensor_async' retrieved from /home/airflow/.local/lib/python3.8/site-packages/airflow/example_dags/example_time_delta_sensor_async.py
[2025-03-24T23:48:28.615+0000] {logging_mixin.py:188} INFO - [2025-03-24T23:48:28.615+0000] {dag.py:3033} INFO - Sync 1 DAGs
[2025-03-24T23:48:28.621+0000] {logging_mixin.py:188} INFO - [2025-03-24T23:48:28.621+0000] {dag.py:3820} INFO - Setting next_dagrun for example_time_delta_sensor_async to None, run_after=None
[2025-03-24T23:48:28.704+0000] {processor.py:183} INFO - Processing /home/airflow/.local/lib/python3.8/site-packages/airflow/example_dags/example_time_delta_sensor_async.py took 0.104 seconds
[2025-03-24T23:48:59.596+0000] {processor.py:161} INFO - Started process (PID=2726) to work on /home/airflow/.local/lib/python3.8/site-packages/airflow/example_dags/example_time_delta_sensor_async.py
[2025-03-24T23:48:59.597+0000] {processor.py:830} INFO - Processing file /home/airflow/.local/lib/python3.8/site-packages/airflow/example_dags/example_time_delta_sensor_async.py for tasks to queue
[2025-03-24T23:48:59.598+0000] {logging_mixin.py:188} INFO - [2025-03-24T23:48:59.598+0000] {dagbag.py:538} INFO - Filling up the DagBag from /home/airflow/.local/lib/python3.8/site-packages/airflow/example_dags/example_time_delta_sensor_async.py
[2025-03-24T23:48:59.601+0000] {processor.py:840} INFO - DAG(s) 'example_time_delta_sensor_async' retrieved from /home/airflow/.local/lib/python3.8/site-packages/airflow/example_dags/example_time_delta_sensor_async.py
[2025-03-24T23:48:59.614+0000] {logging_mixin.py:188} INFO - [2025-03-24T23:48:59.613+0000] {dag.py:3033} INFO - Sync 1 DAGs
[2025-03-24T23:48:59.620+0000] {logging_mixin.py:188} INFO - [2025-03-24T23:48:59.620+0000] {dag.py:3820} INFO - Setting next_dagrun for example_time_delta_sensor_async to None, run_after=None
[2025-03-24T23:48:59.630+0000] {processor.py:183} INFO - Processing /home/airflow/.local/lib/python3.8/site-packages/airflow/example_dags/example_time_delta_sensor_async.py took 0.038 seconds
[2025-03-24T23:49:29.747+0000] {processor.py:161} INFO - Started process (PID=2781) to work on /home/airflow/.local/lib/python3.8/site-packages/airflow/example_dags/example_time_delta_sensor_async.py
[2025-03-24T23:49:29.750+0000] {processor.py:830} INFO - Processing file /home/airflow/.local/lib/python3.8/site-packages/airflow/example_dags/example_time_delta_sensor_async.py for tasks to queue
[2025-03-24T23:49:29.752+0000] {logging_mixin.py:188} INFO - [2025-03-24T23:49:29.752+0000] {dagbag.py:538} INFO - Filling up the DagBag from /home/airflow/.local/lib/python3.8/site-packages/airflow/example_dags/example_time_delta_sensor_async.py
[2025-03-24T23:49:29.755+0000] {processor.py:840} INFO - DAG(s) 'example_time_delta_sensor_async' retrieved from /home/airflow/.local/lib/python3.8/site-packages/airflow/example_dags/example_time_delta_sensor_async.py
[2025-03-24T23:49:29.769+0000] {logging_mixin.py:188} INFO - [2025-03-24T23:49:29.769+0000] {dag.py:3033} INFO - Sync 1 DAGs
[2025-03-24T23:49:29.776+0000] {logging_mixin.py:188} INFO - [2025-03-24T23:49:29.776+0000] {dag.py:3820} INFO - Setting next_dagrun for example_time_delta_sensor_async to None, run_after=None
[2025-03-24T23:49:29.789+0000] {processor.py:183} INFO - Processing /home/airflow/.local/lib/python3.8/site-packages/airflow/example_dags/example_time_delta_sensor_async.py took 0.043 seconds
[2025-03-24T23:49:59.981+0000] {processor.py:161} INFO - Started process (PID=2835) to work on /home/airflow/.local/lib/python3.8/site-packages/airflow/example_dags/example_time_delta_sensor_async.py
[2025-03-24T23:49:59.982+0000] {processor.py:830} INFO - Processing file /home/airflow/.local/lib/python3.8/site-packages/airflow/example_dags/example_time_delta_sensor_async.py for tasks to queue
[2025-03-24T23:49:59.982+0000] {logging_mixin.py:188} INFO - [2025-03-24T23:49:59.982+0000] {dagbag.py:538} INFO - Filling up the DagBag from /home/airflow/.local/lib/python3.8/site-packages/airflow/example_dags/example_time_delta_sensor_async.py
[2025-03-24T23:49:59.984+0000] {processor.py:840} INFO - DAG(s) 'example_time_delta_sensor_async' retrieved from /home/airflow/.local/lib/python3.8/site-packages/airflow/example_dags/example_time_delta_sensor_async.py
[2025-03-24T23:50:00.073+0000] {logging_mixin.py:188} INFO - [2025-03-24T23:50:00.073+0000] {dag.py:3033} INFO - Sync 1 DAGs
[2025-03-24T23:50:00.080+0000] {logging_mixin.py:188} INFO - [2025-03-24T23:50:00.080+0000] {dag.py:3820} INFO - Setting next_dagrun for example_time_delta_sensor_async to None, run_after=None
[2025-03-24T23:50:00.096+0000] {processor.py:183} INFO - Processing /home/airflow/.local/lib/python3.8/site-packages/airflow/example_dags/example_time_delta_sensor_async.py took 0.116 seconds
[2025-03-24T23:50:30.725+0000] {processor.py:161} INFO - Started process (PID=2890) to work on /home/airflow/.local/lib/python3.8/site-packages/airflow/example_dags/example_time_delta_sensor_async.py
[2025-03-24T23:50:30.728+0000] {processor.py:830} INFO - Processing file /home/airflow/.local/lib/python3.8/site-packages/airflow/example_dags/example_time_delta_sensor_async.py for tasks to queue
[2025-03-24T23:50:30.729+0000] {logging_mixin.py:188} INFO - [2025-03-24T23:50:30.729+0000] {dagbag.py:538} INFO - Filling up the DagBag from /home/airflow/.local/lib/python3.8/site-packages/airflow/example_dags/example_time_delta_sensor_async.py
[2025-03-24T23:50:30.731+0000] {processor.py:840} INFO - DAG(s) 'example_time_delta_sensor_async' retrieved from /home/airflow/.local/lib/python3.8/site-packages/airflow/example_dags/example_time_delta_sensor_async.py
[2025-03-24T23:50:30.739+0000] {logging_mixin.py:188} INFO - [2025-03-24T23:50:30.739+0000] {dag.py:3033} INFO - Sync 1 DAGs
[2025-03-24T23:50:30.819+0000] {logging_mixin.py:188} INFO - [2025-03-24T23:50:30.819+0000] {dag.py:3820} INFO - Setting next_dagrun for example_time_delta_sensor_async to None, run_after=None
[2025-03-24T23:50:30.833+0000] {processor.py:183} INFO - Processing /home/airflow/.local/lib/python3.8/site-packages/airflow/example_dags/example_time_delta_sensor_async.py took 0.109 seconds
[2025-03-24T23:51:00.931+0000] {processor.py:161} INFO - Started process (PID=2945) to work on /home/airflow/.local/lib/python3.8/site-packages/airflow/example_dags/example_time_delta_sensor_async.py
[2025-03-24T23:51:00.931+0000] {processor.py:830} INFO - Processing file /home/airflow/.local/lib/python3.8/site-packages/airflow/example_dags/example_time_delta_sensor_async.py for tasks to queue
[2025-03-24T23:51:00.933+0000] {logging_mixin.py:188} INFO - [2025-03-24T23:51:00.933+0000] {dagbag.py:538} INFO - Filling up the DagBag from /home/airflow/.local/lib/python3.8/site-packages/airflow/example_dags/example_time_delta_sensor_async.py
[2025-03-24T23:51:00.935+0000] {processor.py:840} INFO - DAG(s) 'example_time_delta_sensor_async' retrieved from /home/airflow/.local/lib/python3.8/site-packages/airflow/example_dags/example_time_delta_sensor_async.py
[2025-03-24T23:51:00.950+0000] {logging_mixin.py:188} INFO - [2025-03-24T23:51:00.950+0000] {dag.py:3033} INFO - Sync 1 DAGs
[2025-03-24T23:51:00.956+0000] {logging_mixin.py:188} INFO - [2025-03-24T23:51:00.956+0000] {dag.py:3820} INFO - Setting next_dagrun for example_time_delta_sensor_async to None, run_after=None
[2025-03-24T23:51:00.964+0000] {processor.py:183} INFO - Processing /home/airflow/.local/lib/python3.8/site-packages/airflow/example_dags/example_time_delta_sensor_async.py took 0.035 seconds
[2025-03-24T23:51:31.761+0000] {processor.py:161} INFO - Started process (PID=3006) to work on /home/airflow/.local/lib/python3.8/site-packages/airflow/example_dags/example_time_delta_sensor_async.py
[2025-03-24T23:51:31.762+0000] {processor.py:830} INFO - Processing file /home/airflow/.local/lib/python3.8/site-packages/airflow/example_dags/example_time_delta_sensor_async.py for tasks to queue
[2025-03-24T23:51:31.764+0000] {logging_mixin.py:188} INFO - [2025-03-24T23:51:31.764+0000] {dagbag.py:538} INFO - Filling up the DagBag from /home/airflow/.local/lib/python3.8/site-packages/airflow/example_dags/example_time_delta_sensor_async.py
[2025-03-24T23:51:31.766+0000] {processor.py:840} INFO - DAG(s) 'example_time_delta_sensor_async' retrieved from /home/airflow/.local/lib/python3.8/site-packages/airflow/example_dags/example_time_delta_sensor_async.py
[2025-03-24T23:51:31.780+0000] {logging_mixin.py:188} INFO - [2025-03-24T23:51:31.780+0000] {dag.py:3033} INFO - Sync 1 DAGs
[2025-03-24T23:51:31.786+0000] {logging_mixin.py:188} INFO - [2025-03-24T23:51:31.786+0000] {dag.py:3820} INFO - Setting next_dagrun for example_time_delta_sensor_async to None, run_after=None
[2025-03-24T23:51:31.795+0000] {processor.py:183} INFO - Processing /home/airflow/.local/lib/python3.8/site-packages/airflow/example_dags/example_time_delta_sensor_async.py took 0.036 seconds
