[2025-03-24T23:24:25.431+0000] {processor.py:161} INFO - Started process (PID=42) to work on /home/airflow/.local/lib/python3.8/site-packages/airflow/example_dags/example_external_task_marker_dag.py
[2025-03-24T23:24:25.432+0000] {processor.py:830} INFO - Processing file /home/airflow/.local/lib/python3.8/site-packages/airflow/example_dags/example_external_task_marker_dag.py for tasks to queue
[2025-03-24T23:24:25.433+0000] {logging_mixin.py:188} INFO - [2025-03-24T23:24:25.433+0000] {dagbag.py:538} INFO - Filling up the DagBag from /home/airflow/.local/lib/python3.8/site-packages/airflow/example_dags/example_external_task_marker_dag.py
[2025-03-24T23:24:25.452+0000] {processor.py:840} INFO - DAG(s) 'example_external_task_marker_parent', 'example_external_task_marker_child' retrieved from /home/airflow/.local/lib/python3.8/site-packages/airflow/example_dags/example_external_task_marker_dag.py
[2025-03-24T23:24:25.473+0000] {logging_mixin.py:188} INFO - [2025-03-24T23:24:25.473+0000] {dag.py:3033} INFO - Sync 2 DAGs
[2025-03-24T23:24:25.481+0000] {logging_mixin.py:188} INFO - [2025-03-24T23:24:25.481+0000] {dag.py:3820} INFO - Setting next_dagrun for example_external_task_marker_child to None, run_after=None
[2025-03-24T23:24:25.484+0000] {logging_mixin.py:188} INFO - [2025-03-24T23:24:25.483+0000] {dag.py:3820} INFO - Setting next_dagrun for example_external_task_marker_parent to None, run_after=None
[2025-03-24T23:24:25.494+0000] {processor.py:183} INFO - Processing /home/airflow/.local/lib/python3.8/site-packages/airflow/example_dags/example_external_task_marker_dag.py took 0.066 seconds
[2025-03-24T23:24:55.515+0000] {processor.py:161} INFO - Started process (PID=97) to work on /home/airflow/.local/lib/python3.8/site-packages/airflow/example_dags/example_external_task_marker_dag.py
[2025-03-24T23:24:55.518+0000] {processor.py:830} INFO - Processing file /home/airflow/.local/lib/python3.8/site-packages/airflow/example_dags/example_external_task_marker_dag.py for tasks to queue
[2025-03-24T23:24:55.521+0000] {logging_mixin.py:188} INFO - [2025-03-24T23:24:55.521+0000] {dagbag.py:538} INFO - Filling up the DagBag from /home/airflow/.local/lib/python3.8/site-packages/airflow/example_dags/example_external_task_marker_dag.py
[2025-03-24T23:24:55.527+0000] {processor.py:840} INFO - DAG(s) 'example_external_task_marker_parent', 'example_external_task_marker_child' retrieved from /home/airflow/.local/lib/python3.8/site-packages/airflow/example_dags/example_external_task_marker_dag.py
[2025-03-24T23:24:55.651+0000] {logging_mixin.py:188} INFO - [2025-03-24T23:24:55.651+0000] {dag.py:3033} INFO - Sync 2 DAGs
[2025-03-24T23:24:55.656+0000] {logging_mixin.py:188} INFO - [2025-03-24T23:24:55.656+0000] {dag.py:3820} INFO - Setting next_dagrun for example_external_task_marker_child to None, run_after=None
[2025-03-24T23:24:55.659+0000] {logging_mixin.py:188} INFO - [2025-03-24T23:24:55.659+0000] {dag.py:3820} INFO - Setting next_dagrun for example_external_task_marker_parent to None, run_after=None
[2025-03-24T23:24:55.669+0000] {processor.py:183} INFO - Processing /home/airflow/.local/lib/python3.8/site-packages/airflow/example_dags/example_external_task_marker_dag.py took 0.156 seconds
[2025-03-24T23:25:25.926+0000] {processor.py:161} INFO - Started process (PID=152) to work on /home/airflow/.local/lib/python3.8/site-packages/airflow/example_dags/example_external_task_marker_dag.py
[2025-03-24T23:25:25.928+0000] {processor.py:830} INFO - Processing file /home/airflow/.local/lib/python3.8/site-packages/airflow/example_dags/example_external_task_marker_dag.py for tasks to queue
[2025-03-24T23:25:25.931+0000] {logging_mixin.py:188} INFO - [2025-03-24T23:25:25.931+0000] {dagbag.py:538} INFO - Filling up the DagBag from /home/airflow/.local/lib/python3.8/site-packages/airflow/example_dags/example_external_task_marker_dag.py
[2025-03-24T23:25:25.937+0000] {processor.py:840} INFO - DAG(s) 'example_external_task_marker_parent', 'example_external_task_marker_child' retrieved from /home/airflow/.local/lib/python3.8/site-packages/airflow/example_dags/example_external_task_marker_dag.py
[2025-03-24T23:25:25.956+0000] {logging_mixin.py:188} INFO - [2025-03-24T23:25:25.956+0000] {dag.py:3033} INFO - Sync 2 DAGs
[2025-03-24T23:25:25.964+0000] {logging_mixin.py:188} INFO - [2025-03-24T23:25:25.964+0000] {dag.py:3820} INFO - Setting next_dagrun for example_external_task_marker_child to None, run_after=None
[2025-03-24T23:25:25.967+0000] {logging_mixin.py:188} INFO - [2025-03-24T23:25:25.967+0000] {dag.py:3820} INFO - Setting next_dagrun for example_external_task_marker_parent to None, run_after=None
[2025-03-24T23:25:25.978+0000] {processor.py:183} INFO - Processing /home/airflow/.local/lib/python3.8/site-packages/airflow/example_dags/example_external_task_marker_dag.py took 0.056 seconds
[2025-03-24T23:25:56.579+0000] {processor.py:161} INFO - Started process (PID=207) to work on /home/airflow/.local/lib/python3.8/site-packages/airflow/example_dags/example_external_task_marker_dag.py
[2025-03-24T23:25:56.581+0000] {processor.py:830} INFO - Processing file /home/airflow/.local/lib/python3.8/site-packages/airflow/example_dags/example_external_task_marker_dag.py for tasks to queue
[2025-03-24T23:25:56.583+0000] {logging_mixin.py:188} INFO - [2025-03-24T23:25:56.582+0000] {dagbag.py:538} INFO - Filling up the DagBag from /home/airflow/.local/lib/python3.8/site-packages/airflow/example_dags/example_external_task_marker_dag.py
[2025-03-24T23:25:56.588+0000] {processor.py:840} INFO - DAG(s) 'example_external_task_marker_parent', 'example_external_task_marker_child' retrieved from /home/airflow/.local/lib/python3.8/site-packages/airflow/example_dags/example_external_task_marker_dag.py
[2025-03-24T23:25:56.609+0000] {logging_mixin.py:188} INFO - [2025-03-24T23:25:56.608+0000] {dag.py:3033} INFO - Sync 2 DAGs
[2025-03-24T23:25:56.616+0000] {logging_mixin.py:188} INFO - [2025-03-24T23:25:56.616+0000] {dag.py:3820} INFO - Setting next_dagrun for example_external_task_marker_child to None, run_after=None
[2025-03-24T23:25:56.618+0000] {logging_mixin.py:188} INFO - [2025-03-24T23:25:56.618+0000] {dag.py:3820} INFO - Setting next_dagrun for example_external_task_marker_parent to None, run_after=None
[2025-03-24T23:25:56.628+0000] {processor.py:183} INFO - Processing /home/airflow/.local/lib/python3.8/site-packages/airflow/example_dags/example_external_task_marker_dag.py took 0.053 seconds
[2025-03-24T23:26:27.109+0000] {processor.py:161} INFO - Started process (PID=262) to work on /home/airflow/.local/lib/python3.8/site-packages/airflow/example_dags/example_external_task_marker_dag.py
[2025-03-24T23:26:27.110+0000] {processor.py:830} INFO - Processing file /home/airflow/.local/lib/python3.8/site-packages/airflow/example_dags/example_external_task_marker_dag.py for tasks to queue
[2025-03-24T23:26:27.112+0000] {logging_mixin.py:188} INFO - [2025-03-24T23:26:27.112+0000] {dagbag.py:538} INFO - Filling up the DagBag from /home/airflow/.local/lib/python3.8/site-packages/airflow/example_dags/example_external_task_marker_dag.py
[2025-03-24T23:26:27.118+0000] {processor.py:840} INFO - DAG(s) 'example_external_task_marker_child', 'example_external_task_marker_parent' retrieved from /home/airflow/.local/lib/python3.8/site-packages/airflow/example_dags/example_external_task_marker_dag.py
[2025-03-24T23:26:27.142+0000] {logging_mixin.py:188} INFO - [2025-03-24T23:26:27.142+0000] {dag.py:3033} INFO - Sync 2 DAGs
[2025-03-24T23:26:27.174+0000] {logging_mixin.py:188} INFO - [2025-03-24T23:26:27.173+0000] {dag.py:3820} INFO - Setting next_dagrun for example_external_task_marker_child to None, run_after=None
[2025-03-24T23:26:27.181+0000] {logging_mixin.py:188} INFO - [2025-03-24T23:26:27.180+0000] {dag.py:3820} INFO - Setting next_dagrun for example_external_task_marker_parent to None, run_after=None
[2025-03-24T23:26:27.198+0000] {processor.py:183} INFO - Processing /home/airflow/.local/lib/python3.8/site-packages/airflow/example_dags/example_external_task_marker_dag.py took 0.094 seconds
[2025-03-24T23:26:57.882+0000] {processor.py:161} INFO - Started process (PID=317) to work on /home/airflow/.local/lib/python3.8/site-packages/airflow/example_dags/example_external_task_marker_dag.py
[2025-03-24T23:26:57.886+0000] {processor.py:830} INFO - Processing file /home/airflow/.local/lib/python3.8/site-packages/airflow/example_dags/example_external_task_marker_dag.py for tasks to queue
[2025-03-24T23:26:57.894+0000] {logging_mixin.py:188} INFO - [2025-03-24T23:26:57.894+0000] {dagbag.py:538} INFO - Filling up the DagBag from /home/airflow/.local/lib/python3.8/site-packages/airflow/example_dags/example_external_task_marker_dag.py
[2025-03-24T23:26:57.898+0000] {processor.py:840} INFO - DAG(s) 'example_external_task_marker_parent', 'example_external_task_marker_child' retrieved from /home/airflow/.local/lib/python3.8/site-packages/airflow/example_dags/example_external_task_marker_dag.py
[2025-03-24T23:26:57.920+0000] {logging_mixin.py:188} INFO - [2025-03-24T23:26:57.919+0000] {dag.py:3033} INFO - Sync 2 DAGs
[2025-03-24T23:26:57.926+0000] {logging_mixin.py:188} INFO - [2025-03-24T23:26:57.926+0000] {dag.py:3820} INFO - Setting next_dagrun for example_external_task_marker_child to None, run_after=None
[2025-03-24T23:26:57.929+0000] {logging_mixin.py:188} INFO - [2025-03-24T23:26:57.929+0000] {dag.py:3820} INFO - Setting next_dagrun for example_external_task_marker_parent to None, run_after=None
[2025-03-24T23:26:57.940+0000] {processor.py:183} INFO - Processing /home/airflow/.local/lib/python3.8/site-packages/airflow/example_dags/example_external_task_marker_dag.py took 0.064 seconds
[2025-03-24T23:27:28.469+0000] {processor.py:161} INFO - Started process (PID=372) to work on /home/airflow/.local/lib/python3.8/site-packages/airflow/example_dags/example_external_task_marker_dag.py
[2025-03-24T23:27:28.474+0000] {processor.py:830} INFO - Processing file /home/airflow/.local/lib/python3.8/site-packages/airflow/example_dags/example_external_task_marker_dag.py for tasks to queue
[2025-03-24T23:27:28.480+0000] {logging_mixin.py:188} INFO - [2025-03-24T23:27:28.480+0000] {dagbag.py:538} INFO - Filling up the DagBag from /home/airflow/.local/lib/python3.8/site-packages/airflow/example_dags/example_external_task_marker_dag.py
[2025-03-24T23:27:28.490+0000] {processor.py:840} INFO - DAG(s) 'example_external_task_marker_parent', 'example_external_task_marker_child' retrieved from /home/airflow/.local/lib/python3.8/site-packages/airflow/example_dags/example_external_task_marker_dag.py
[2025-03-24T23:27:28.512+0000] {logging_mixin.py:188} INFO - [2025-03-24T23:27:28.512+0000] {dag.py:3033} INFO - Sync 2 DAGs
[2025-03-24T23:27:28.524+0000] {logging_mixin.py:188} INFO - [2025-03-24T23:27:28.524+0000] {dag.py:3820} INFO - Setting next_dagrun for example_external_task_marker_child to None, run_after=None
[2025-03-24T23:27:28.527+0000] {logging_mixin.py:188} INFO - [2025-03-24T23:27:28.527+0000] {dag.py:3820} INFO - Setting next_dagrun for example_external_task_marker_parent to None, run_after=None
[2025-03-24T23:27:28.540+0000] {processor.py:183} INFO - Processing /home/airflow/.local/lib/python3.8/site-packages/airflow/example_dags/example_external_task_marker_dag.py took 0.080 seconds
[2025-03-24T23:27:59.085+0000] {processor.py:161} INFO - Started process (PID=433) to work on /home/airflow/.local/lib/python3.8/site-packages/airflow/example_dags/example_external_task_marker_dag.py
[2025-03-24T23:27:59.086+0000] {processor.py:830} INFO - Processing file /home/airflow/.local/lib/python3.8/site-packages/airflow/example_dags/example_external_task_marker_dag.py for tasks to queue
[2025-03-24T23:27:59.088+0000] {logging_mixin.py:188} INFO - [2025-03-24T23:27:59.088+0000] {dagbag.py:538} INFO - Filling up the DagBag from /home/airflow/.local/lib/python3.8/site-packages/airflow/example_dags/example_external_task_marker_dag.py
[2025-03-24T23:27:59.093+0000] {processor.py:840} INFO - DAG(s) 'example_external_task_marker_child', 'example_external_task_marker_parent' retrieved from /home/airflow/.local/lib/python3.8/site-packages/airflow/example_dags/example_external_task_marker_dag.py
[2025-03-24T23:27:59.116+0000] {logging_mixin.py:188} INFO - [2025-03-24T23:27:59.116+0000] {dag.py:3033} INFO - Sync 2 DAGs
[2025-03-24T23:27:59.123+0000] {logging_mixin.py:188} INFO - [2025-03-24T23:27:59.123+0000] {dag.py:3820} INFO - Setting next_dagrun for example_external_task_marker_child to None, run_after=None
[2025-03-24T23:27:59.125+0000] {logging_mixin.py:188} INFO - [2025-03-24T23:27:59.125+0000] {dag.py:3820} INFO - Setting next_dagrun for example_external_task_marker_parent to None, run_after=None
[2025-03-24T23:27:59.139+0000] {processor.py:183} INFO - Processing /home/airflow/.local/lib/python3.8/site-packages/airflow/example_dags/example_external_task_marker_dag.py took 0.056 seconds
[2025-03-24T23:28:29.881+0000] {processor.py:161} INFO - Started process (PID=488) to work on /home/airflow/.local/lib/python3.8/site-packages/airflow/example_dags/example_external_task_marker_dag.py
[2025-03-24T23:28:29.883+0000] {processor.py:830} INFO - Processing file /home/airflow/.local/lib/python3.8/site-packages/airflow/example_dags/example_external_task_marker_dag.py for tasks to queue
[2025-03-24T23:28:29.887+0000] {logging_mixin.py:188} INFO - [2025-03-24T23:28:29.886+0000] {dagbag.py:538} INFO - Filling up the DagBag from /home/airflow/.local/lib/python3.8/site-packages/airflow/example_dags/example_external_task_marker_dag.py
[2025-03-24T23:28:29.900+0000] {processor.py:840} INFO - DAG(s) 'example_external_task_marker_parent', 'example_external_task_marker_child' retrieved from /home/airflow/.local/lib/python3.8/site-packages/airflow/example_dags/example_external_task_marker_dag.py
[2025-03-24T23:28:29.929+0000] {logging_mixin.py:188} INFO - [2025-03-24T23:28:29.928+0000] {dag.py:3033} INFO - Sync 2 DAGs
[2025-03-24T23:28:29.937+0000] {logging_mixin.py:188} INFO - [2025-03-24T23:28:29.937+0000] {dag.py:3820} INFO - Setting next_dagrun for example_external_task_marker_child to None, run_after=None
[2025-03-24T23:28:29.941+0000] {logging_mixin.py:188} INFO - [2025-03-24T23:28:29.941+0000] {dag.py:3820} INFO - Setting next_dagrun for example_external_task_marker_parent to None, run_after=None
[2025-03-24T23:28:29.954+0000] {processor.py:183} INFO - Processing /home/airflow/.local/lib/python3.8/site-packages/airflow/example_dags/example_external_task_marker_dag.py took 0.079 seconds
[2025-03-24T23:29:00.599+0000] {processor.py:161} INFO - Started process (PID=543) to work on /home/airflow/.local/lib/python3.8/site-packages/airflow/example_dags/example_external_task_marker_dag.py
[2025-03-24T23:29:00.601+0000] {processor.py:830} INFO - Processing file /home/airflow/.local/lib/python3.8/site-packages/airflow/example_dags/example_external_task_marker_dag.py for tasks to queue
[2025-03-24T23:29:00.604+0000] {logging_mixin.py:188} INFO - [2025-03-24T23:29:00.603+0000] {dagbag.py:538} INFO - Filling up the DagBag from /home/airflow/.local/lib/python3.8/site-packages/airflow/example_dags/example_external_task_marker_dag.py
[2025-03-24T23:29:00.612+0000] {processor.py:840} INFO - DAG(s) 'example_external_task_marker_parent', 'example_external_task_marker_child' retrieved from /home/airflow/.local/lib/python3.8/site-packages/airflow/example_dags/example_external_task_marker_dag.py
[2025-03-24T23:29:00.641+0000] {logging_mixin.py:188} INFO - [2025-03-24T23:29:00.640+0000] {dag.py:3033} INFO - Sync 2 DAGs
[2025-03-24T23:29:00.649+0000] {logging_mixin.py:188} INFO - [2025-03-24T23:29:00.649+0000] {dag.py:3820} INFO - Setting next_dagrun for example_external_task_marker_child to None, run_after=None
[2025-03-24T23:29:00.653+0000] {logging_mixin.py:188} INFO - [2025-03-24T23:29:00.652+0000] {dag.py:3820} INFO - Setting next_dagrun for example_external_task_marker_parent to None, run_after=None
[2025-03-24T23:29:00.667+0000] {processor.py:183} INFO - Processing /home/airflow/.local/lib/python3.8/site-packages/airflow/example_dags/example_external_task_marker_dag.py took 0.074 seconds
[2025-03-24T23:29:31.313+0000] {processor.py:161} INFO - Started process (PID=598) to work on /home/airflow/.local/lib/python3.8/site-packages/airflow/example_dags/example_external_task_marker_dag.py
[2025-03-24T23:29:31.314+0000] {processor.py:830} INFO - Processing file /home/airflow/.local/lib/python3.8/site-packages/airflow/example_dags/example_external_task_marker_dag.py for tasks to queue
[2025-03-24T23:29:31.319+0000] {logging_mixin.py:188} INFO - [2025-03-24T23:29:31.318+0000] {dagbag.py:538} INFO - Filling up the DagBag from /home/airflow/.local/lib/python3.8/site-packages/airflow/example_dags/example_external_task_marker_dag.py
[2025-03-24T23:29:31.333+0000] {processor.py:840} INFO - DAG(s) 'example_external_task_marker_child', 'example_external_task_marker_parent' retrieved from /home/airflow/.local/lib/python3.8/site-packages/airflow/example_dags/example_external_task_marker_dag.py
[2025-03-24T23:29:31.363+0000] {logging_mixin.py:188} INFO - [2025-03-24T23:29:31.363+0000] {dag.py:3033} INFO - Sync 2 DAGs
[2025-03-24T23:29:31.373+0000] {logging_mixin.py:188} INFO - [2025-03-24T23:29:31.373+0000] {dag.py:3820} INFO - Setting next_dagrun for example_external_task_marker_child to None, run_after=None
[2025-03-24T23:29:31.376+0000] {logging_mixin.py:188} INFO - [2025-03-24T23:29:31.376+0000] {dag.py:3820} INFO - Setting next_dagrun for example_external_task_marker_parent to None, run_after=None
[2025-03-24T23:29:31.391+0000] {processor.py:183} INFO - Processing /home/airflow/.local/lib/python3.8/site-packages/airflow/example_dags/example_external_task_marker_dag.py took 0.083 seconds
[2025-03-24T23:30:02.090+0000] {processor.py:161} INFO - Started process (PID=653) to work on /home/airflow/.local/lib/python3.8/site-packages/airflow/example_dags/example_external_task_marker_dag.py
[2025-03-24T23:30:02.092+0000] {processor.py:830} INFO - Processing file /home/airflow/.local/lib/python3.8/site-packages/airflow/example_dags/example_external_task_marker_dag.py for tasks to queue
[2025-03-24T23:30:02.094+0000] {logging_mixin.py:188} INFO - [2025-03-24T23:30:02.094+0000] {dagbag.py:538} INFO - Filling up the DagBag from /home/airflow/.local/lib/python3.8/site-packages/airflow/example_dags/example_external_task_marker_dag.py
[2025-03-24T23:30:02.102+0000] {processor.py:840} INFO - DAG(s) 'example_external_task_marker_parent', 'example_external_task_marker_child' retrieved from /home/airflow/.local/lib/python3.8/site-packages/airflow/example_dags/example_external_task_marker_dag.py
[2025-03-24T23:30:02.126+0000] {logging_mixin.py:188} INFO - [2025-03-24T23:30:02.126+0000] {dag.py:3033} INFO - Sync 2 DAGs
[2025-03-24T23:30:02.137+0000] {logging_mixin.py:188} INFO - [2025-03-24T23:30:02.136+0000] {dag.py:3820} INFO - Setting next_dagrun for example_external_task_marker_child to None, run_after=None
[2025-03-24T23:30:02.139+0000] {logging_mixin.py:188} INFO - [2025-03-24T23:30:02.139+0000] {dag.py:3820} INFO - Setting next_dagrun for example_external_task_marker_parent to None, run_after=None
[2025-03-24T23:30:02.152+0000] {processor.py:183} INFO - Processing /home/airflow/.local/lib/python3.8/site-packages/airflow/example_dags/example_external_task_marker_dag.py took 0.066 seconds
[2025-03-24T23:30:32.683+0000] {processor.py:161} INFO - Started process (PID=708) to work on /home/airflow/.local/lib/python3.8/site-packages/airflow/example_dags/example_external_task_marker_dag.py
[2025-03-24T23:30:32.684+0000] {processor.py:830} INFO - Processing file /home/airflow/.local/lib/python3.8/site-packages/airflow/example_dags/example_external_task_marker_dag.py for tasks to queue
[2025-03-24T23:30:32.688+0000] {logging_mixin.py:188} INFO - [2025-03-24T23:30:32.688+0000] {dagbag.py:538} INFO - Filling up the DagBag from /home/airflow/.local/lib/python3.8/site-packages/airflow/example_dags/example_external_task_marker_dag.py
[2025-03-24T23:30:32.697+0000] {processor.py:840} INFO - DAG(s) 'example_external_task_marker_parent', 'example_external_task_marker_child' retrieved from /home/airflow/.local/lib/python3.8/site-packages/airflow/example_dags/example_external_task_marker_dag.py
[2025-03-24T23:30:32.715+0000] {logging_mixin.py:188} INFO - [2025-03-24T23:30:32.715+0000] {dag.py:3033} INFO - Sync 2 DAGs
[2025-03-24T23:30:32.722+0000] {logging_mixin.py:188} INFO - [2025-03-24T23:30:32.722+0000] {dag.py:3820} INFO - Setting next_dagrun for example_external_task_marker_child to None, run_after=None
[2025-03-24T23:30:32.724+0000] {logging_mixin.py:188} INFO - [2025-03-24T23:30:32.724+0000] {dag.py:3820} INFO - Setting next_dagrun for example_external_task_marker_parent to None, run_after=None
[2025-03-24T23:30:32.733+0000] {processor.py:183} INFO - Processing /home/airflow/.local/lib/python3.8/site-packages/airflow/example_dags/example_external_task_marker_dag.py took 0.056 seconds
[2025-03-24T23:31:03.215+0000] {processor.py:161} INFO - Started process (PID=763) to work on /home/airflow/.local/lib/python3.8/site-packages/airflow/example_dags/example_external_task_marker_dag.py
[2025-03-24T23:31:03.217+0000] {processor.py:830} INFO - Processing file /home/airflow/.local/lib/python3.8/site-packages/airflow/example_dags/example_external_task_marker_dag.py for tasks to queue
[2025-03-24T23:31:03.220+0000] {logging_mixin.py:188} INFO - [2025-03-24T23:31:03.220+0000] {dagbag.py:538} INFO - Filling up the DagBag from /home/airflow/.local/lib/python3.8/site-packages/airflow/example_dags/example_external_task_marker_dag.py
[2025-03-24T23:31:03.228+0000] {processor.py:840} INFO - DAG(s) 'example_external_task_marker_parent', 'example_external_task_marker_child' retrieved from /home/airflow/.local/lib/python3.8/site-packages/airflow/example_dags/example_external_task_marker_dag.py
[2025-03-24T23:31:03.260+0000] {logging_mixin.py:188} INFO - [2025-03-24T23:31:03.260+0000] {dag.py:3033} INFO - Sync 2 DAGs
[2025-03-24T23:31:03.274+0000] {logging_mixin.py:188} INFO - [2025-03-24T23:31:03.273+0000] {dag.py:3820} INFO - Setting next_dagrun for example_external_task_marker_child to None, run_after=None
[2025-03-24T23:31:03.277+0000] {logging_mixin.py:188} INFO - [2025-03-24T23:31:03.277+0000] {dag.py:3820} INFO - Setting next_dagrun for example_external_task_marker_parent to None, run_after=None
[2025-03-24T23:31:03.290+0000] {processor.py:183} INFO - Processing /home/airflow/.local/lib/python3.8/site-packages/airflow/example_dags/example_external_task_marker_dag.py took 0.080 seconds
[2025-03-24T23:31:33.368+0000] {processor.py:161} INFO - Started process (PID=818) to work on /home/airflow/.local/lib/python3.8/site-packages/airflow/example_dags/example_external_task_marker_dag.py
[2025-03-24T23:31:33.370+0000] {processor.py:830} INFO - Processing file /home/airflow/.local/lib/python3.8/site-packages/airflow/example_dags/example_external_task_marker_dag.py for tasks to queue
[2025-03-24T23:31:33.372+0000] {logging_mixin.py:188} INFO - [2025-03-24T23:31:33.371+0000] {dagbag.py:538} INFO - Filling up the DagBag from /home/airflow/.local/lib/python3.8/site-packages/airflow/example_dags/example_external_task_marker_dag.py
[2025-03-24T23:31:33.379+0000] {processor.py:840} INFO - DAG(s) 'example_external_task_marker_child', 'example_external_task_marker_parent' retrieved from /home/airflow/.local/lib/python3.8/site-packages/airflow/example_dags/example_external_task_marker_dag.py
[2025-03-24T23:31:33.397+0000] {logging_mixin.py:188} INFO - [2025-03-24T23:31:33.397+0000] {dag.py:3033} INFO - Sync 2 DAGs
[2025-03-24T23:31:33.405+0000] {logging_mixin.py:188} INFO - [2025-03-24T23:31:33.405+0000] {dag.py:3820} INFO - Setting next_dagrun for example_external_task_marker_child to None, run_after=None
[2025-03-24T23:31:33.407+0000] {logging_mixin.py:188} INFO - [2025-03-24T23:31:33.407+0000] {dag.py:3820} INFO - Setting next_dagrun for example_external_task_marker_parent to None, run_after=None
[2025-03-24T23:31:33.416+0000] {processor.py:183} INFO - Processing /home/airflow/.local/lib/python3.8/site-packages/airflow/example_dags/example_external_task_marker_dag.py took 0.052 seconds
[2025-03-24T23:32:03.864+0000] {processor.py:161} INFO - Started process (PID=873) to work on /home/airflow/.local/lib/python3.8/site-packages/airflow/example_dags/example_external_task_marker_dag.py
[2025-03-24T23:32:03.866+0000] {processor.py:830} INFO - Processing file /home/airflow/.local/lib/python3.8/site-packages/airflow/example_dags/example_external_task_marker_dag.py for tasks to queue
[2025-03-24T23:32:03.869+0000] {logging_mixin.py:188} INFO - [2025-03-24T23:32:03.869+0000] {dagbag.py:538} INFO - Filling up the DagBag from /home/airflow/.local/lib/python3.8/site-packages/airflow/example_dags/example_external_task_marker_dag.py
[2025-03-24T23:32:03.876+0000] {processor.py:840} INFO - DAG(s) 'example_external_task_marker_child', 'example_external_task_marker_parent' retrieved from /home/airflow/.local/lib/python3.8/site-packages/airflow/example_dags/example_external_task_marker_dag.py
[2025-03-24T23:32:03.895+0000] {logging_mixin.py:188} INFO - [2025-03-24T23:32:03.895+0000] {dag.py:3033} INFO - Sync 2 DAGs
[2025-03-24T23:32:03.906+0000] {logging_mixin.py:188} INFO - [2025-03-24T23:32:03.906+0000] {dag.py:3820} INFO - Setting next_dagrun for example_external_task_marker_child to None, run_after=None
[2025-03-24T23:32:03.909+0000] {logging_mixin.py:188} INFO - [2025-03-24T23:32:03.909+0000] {dag.py:3820} INFO - Setting next_dagrun for example_external_task_marker_parent to None, run_after=None
[2025-03-24T23:32:03.919+0000] {processor.py:183} INFO - Processing /home/airflow/.local/lib/python3.8/site-packages/airflow/example_dags/example_external_task_marker_dag.py took 0.060 seconds
[2025-03-24T23:32:33.948+0000] {processor.py:161} INFO - Started process (PID=928) to work on /home/airflow/.local/lib/python3.8/site-packages/airflow/example_dags/example_external_task_marker_dag.py
[2025-03-24T23:32:33.949+0000] {processor.py:830} INFO - Processing file /home/airflow/.local/lib/python3.8/site-packages/airflow/example_dags/example_external_task_marker_dag.py for tasks to queue
[2025-03-24T23:32:33.950+0000] {logging_mixin.py:188} INFO - [2025-03-24T23:32:33.950+0000] {dagbag.py:538} INFO - Filling up the DagBag from /home/airflow/.local/lib/python3.8/site-packages/airflow/example_dags/example_external_task_marker_dag.py
[2025-03-24T23:32:33.955+0000] {processor.py:840} INFO - DAG(s) 'example_external_task_marker_child', 'example_external_task_marker_parent' retrieved from /home/airflow/.local/lib/python3.8/site-packages/airflow/example_dags/example_external_task_marker_dag.py
[2025-03-24T23:32:33.970+0000] {logging_mixin.py:188} INFO - [2025-03-24T23:32:33.970+0000] {dag.py:3033} INFO - Sync 2 DAGs
[2025-03-24T23:32:33.984+0000] {logging_mixin.py:188} INFO - [2025-03-24T23:32:33.984+0000] {dag.py:3820} INFO - Setting next_dagrun for example_external_task_marker_child to None, run_after=None
[2025-03-24T23:32:33.987+0000] {logging_mixin.py:188} INFO - [2025-03-24T23:32:33.987+0000] {dag.py:3820} INFO - Setting next_dagrun for example_external_task_marker_parent to None, run_after=None
[2025-03-24T23:32:33.995+0000] {processor.py:183} INFO - Processing /home/airflow/.local/lib/python3.8/site-packages/airflow/example_dags/example_external_task_marker_dag.py took 0.050 seconds
[2025-03-24T23:33:04.560+0000] {processor.py:161} INFO - Started process (PID=983) to work on /home/airflow/.local/lib/python3.8/site-packages/airflow/example_dags/example_external_task_marker_dag.py
[2025-03-24T23:33:04.562+0000] {processor.py:830} INFO - Processing file /home/airflow/.local/lib/python3.8/site-packages/airflow/example_dags/example_external_task_marker_dag.py for tasks to queue
[2025-03-24T23:33:04.565+0000] {logging_mixin.py:188} INFO - [2025-03-24T23:33:04.564+0000] {dagbag.py:538} INFO - Filling up the DagBag from /home/airflow/.local/lib/python3.8/site-packages/airflow/example_dags/example_external_task_marker_dag.py
[2025-03-24T23:33:04.570+0000] {processor.py:840} INFO - DAG(s) 'example_external_task_marker_parent', 'example_external_task_marker_child' retrieved from /home/airflow/.local/lib/python3.8/site-packages/airflow/example_dags/example_external_task_marker_dag.py
[2025-03-24T23:33:04.590+0000] {logging_mixin.py:188} INFO - [2025-03-24T23:33:04.590+0000] {dag.py:3033} INFO - Sync 2 DAGs
[2025-03-24T23:33:04.603+0000] {logging_mixin.py:188} INFO - [2025-03-24T23:33:04.603+0000] {dag.py:3820} INFO - Setting next_dagrun for example_external_task_marker_child to None, run_after=None
[2025-03-24T23:33:04.607+0000] {logging_mixin.py:188} INFO - [2025-03-24T23:33:04.607+0000] {dag.py:3820} INFO - Setting next_dagrun for example_external_task_marker_parent to None, run_after=None
[2025-03-24T23:33:04.617+0000] {processor.py:183} INFO - Processing /home/airflow/.local/lib/python3.8/site-packages/airflow/example_dags/example_external_task_marker_dag.py took 0.062 seconds
[2025-03-24T23:33:35.241+0000] {processor.py:161} INFO - Started process (PID=1038) to work on /home/airflow/.local/lib/python3.8/site-packages/airflow/example_dags/example_external_task_marker_dag.py
[2025-03-24T23:33:35.242+0000] {processor.py:830} INFO - Processing file /home/airflow/.local/lib/python3.8/site-packages/airflow/example_dags/example_external_task_marker_dag.py for tasks to queue
[2025-03-24T23:33:35.246+0000] {logging_mixin.py:188} INFO - [2025-03-24T23:33:35.246+0000] {dagbag.py:538} INFO - Filling up the DagBag from /home/airflow/.local/lib/python3.8/site-packages/airflow/example_dags/example_external_task_marker_dag.py
[2025-03-24T23:33:35.253+0000] {processor.py:840} INFO - DAG(s) 'example_external_task_marker_parent', 'example_external_task_marker_child' retrieved from /home/airflow/.local/lib/python3.8/site-packages/airflow/example_dags/example_external_task_marker_dag.py
[2025-03-24T23:33:35.270+0000] {logging_mixin.py:188} INFO - [2025-03-24T23:33:35.270+0000] {dag.py:3033} INFO - Sync 2 DAGs
[2025-03-24T23:33:35.279+0000] {logging_mixin.py:188} INFO - [2025-03-24T23:33:35.279+0000] {dag.py:3820} INFO - Setting next_dagrun for example_external_task_marker_child to None, run_after=None
[2025-03-24T23:33:35.280+0000] {logging_mixin.py:188} INFO - [2025-03-24T23:33:35.280+0000] {dag.py:3820} INFO - Setting next_dagrun for example_external_task_marker_parent to None, run_after=None
[2025-03-24T23:33:35.288+0000] {processor.py:183} INFO - Processing /home/airflow/.local/lib/python3.8/site-packages/airflow/example_dags/example_external_task_marker_dag.py took 0.051 seconds
[2025-03-24T23:34:05.731+0000] {processor.py:161} INFO - Started process (PID=1093) to work on /home/airflow/.local/lib/python3.8/site-packages/airflow/example_dags/example_external_task_marker_dag.py
[2025-03-24T23:34:05.732+0000] {processor.py:830} INFO - Processing file /home/airflow/.local/lib/python3.8/site-packages/airflow/example_dags/example_external_task_marker_dag.py for tasks to queue
[2025-03-24T23:34:05.736+0000] {logging_mixin.py:188} INFO - [2025-03-24T23:34:05.735+0000] {dagbag.py:538} INFO - Filling up the DagBag from /home/airflow/.local/lib/python3.8/site-packages/airflow/example_dags/example_external_task_marker_dag.py
[2025-03-24T23:34:05.744+0000] {processor.py:840} INFO - DAG(s) 'example_external_task_marker_child', 'example_external_task_marker_parent' retrieved from /home/airflow/.local/lib/python3.8/site-packages/airflow/example_dags/example_external_task_marker_dag.py
[2025-03-24T23:34:05.772+0000] {logging_mixin.py:188} INFO - [2025-03-24T23:34:05.772+0000] {dag.py:3033} INFO - Sync 2 DAGs
[2025-03-24T23:34:05.782+0000] {logging_mixin.py:188} INFO - [2025-03-24T23:34:05.781+0000] {dag.py:3820} INFO - Setting next_dagrun for example_external_task_marker_child to None, run_after=None
[2025-03-24T23:34:05.784+0000] {logging_mixin.py:188} INFO - [2025-03-24T23:34:05.784+0000] {dag.py:3820} INFO - Setting next_dagrun for example_external_task_marker_parent to None, run_after=None
[2025-03-24T23:34:05.794+0000] {processor.py:183} INFO - Processing /home/airflow/.local/lib/python3.8/site-packages/airflow/example_dags/example_external_task_marker_dag.py took 0.070 seconds
[2025-03-24T23:34:36.337+0000] {processor.py:161} INFO - Started process (PID=1148) to work on /home/airflow/.local/lib/python3.8/site-packages/airflow/example_dags/example_external_task_marker_dag.py
[2025-03-24T23:34:36.339+0000] {processor.py:830} INFO - Processing file /home/airflow/.local/lib/python3.8/site-packages/airflow/example_dags/example_external_task_marker_dag.py for tasks to queue
[2025-03-24T23:34:36.342+0000] {logging_mixin.py:188} INFO - [2025-03-24T23:34:36.341+0000] {dagbag.py:538} INFO - Filling up the DagBag from /home/airflow/.local/lib/python3.8/site-packages/airflow/example_dags/example_external_task_marker_dag.py
[2025-03-24T23:34:36.348+0000] {processor.py:840} INFO - DAG(s) 'example_external_task_marker_parent', 'example_external_task_marker_child' retrieved from /home/airflow/.local/lib/python3.8/site-packages/airflow/example_dags/example_external_task_marker_dag.py
[2025-03-24T23:34:36.364+0000] {logging_mixin.py:188} INFO - [2025-03-24T23:34:36.364+0000] {dag.py:3033} INFO - Sync 2 DAGs
[2025-03-24T23:34:36.374+0000] {logging_mixin.py:188} INFO - [2025-03-24T23:34:36.374+0000] {dag.py:3820} INFO - Setting next_dagrun for example_external_task_marker_child to None, run_after=None
[2025-03-24T23:34:36.376+0000] {logging_mixin.py:188} INFO - [2025-03-24T23:34:36.376+0000] {dag.py:3820} INFO - Setting next_dagrun for example_external_task_marker_parent to None, run_after=None
[2025-03-24T23:34:36.385+0000] {processor.py:183} INFO - Processing /home/airflow/.local/lib/python3.8/site-packages/airflow/example_dags/example_external_task_marker_dag.py took 0.053 seconds
[2025-03-24T23:35:06.421+0000] {processor.py:161} INFO - Started process (PID=1203) to work on /home/airflow/.local/lib/python3.8/site-packages/airflow/example_dags/example_external_task_marker_dag.py
[2025-03-24T23:35:06.423+0000] {processor.py:830} INFO - Processing file /home/airflow/.local/lib/python3.8/site-packages/airflow/example_dags/example_external_task_marker_dag.py for tasks to queue
[2025-03-24T23:35:06.426+0000] {logging_mixin.py:188} INFO - [2025-03-24T23:35:06.426+0000] {dagbag.py:538} INFO - Filling up the DagBag from /home/airflow/.local/lib/python3.8/site-packages/airflow/example_dags/example_external_task_marker_dag.py
[2025-03-24T23:35:06.434+0000] {processor.py:840} INFO - DAG(s) 'example_external_task_marker_child', 'example_external_task_marker_parent' retrieved from /home/airflow/.local/lib/python3.8/site-packages/airflow/example_dags/example_external_task_marker_dag.py
[2025-03-24T23:35:06.459+0000] {logging_mixin.py:188} INFO - [2025-03-24T23:35:06.458+0000] {dag.py:3033} INFO - Sync 2 DAGs
[2025-03-24T23:35:06.467+0000] {logging_mixin.py:188} INFO - [2025-03-24T23:35:06.467+0000] {dag.py:3820} INFO - Setting next_dagrun for example_external_task_marker_child to None, run_after=None
[2025-03-24T23:35:06.469+0000] {logging_mixin.py:188} INFO - [2025-03-24T23:35:06.469+0000] {dag.py:3820} INFO - Setting next_dagrun for example_external_task_marker_parent to None, run_after=None
[2025-03-24T23:35:06.481+0000] {processor.py:183} INFO - Processing /home/airflow/.local/lib/python3.8/site-packages/airflow/example_dags/example_external_task_marker_dag.py took 0.065 seconds
[2025-03-24T23:35:37.315+0000] {processor.py:161} INFO - Started process (PID=1258) to work on /home/airflow/.local/lib/python3.8/site-packages/airflow/example_dags/example_external_task_marker_dag.py
[2025-03-24T23:35:37.319+0000] {processor.py:830} INFO - Processing file /home/airflow/.local/lib/python3.8/site-packages/airflow/example_dags/example_external_task_marker_dag.py for tasks to queue
[2025-03-24T23:35:37.329+0000] {logging_mixin.py:188} INFO - [2025-03-24T23:35:37.329+0000] {dagbag.py:538} INFO - Filling up the DagBag from /home/airflow/.local/lib/python3.8/site-packages/airflow/example_dags/example_external_task_marker_dag.py
[2025-03-24T23:35:37.335+0000] {processor.py:840} INFO - DAG(s) 'example_external_task_marker_parent', 'example_external_task_marker_child' retrieved from /home/airflow/.local/lib/python3.8/site-packages/airflow/example_dags/example_external_task_marker_dag.py
[2025-03-24T23:35:37.357+0000] {logging_mixin.py:188} INFO - [2025-03-24T23:35:37.357+0000] {dag.py:3033} INFO - Sync 2 DAGs
[2025-03-24T23:35:37.367+0000] {logging_mixin.py:188} INFO - [2025-03-24T23:35:37.367+0000] {dag.py:3820} INFO - Setting next_dagrun for example_external_task_marker_child to None, run_after=None
[2025-03-24T23:35:37.371+0000] {logging_mixin.py:188} INFO - [2025-03-24T23:35:37.371+0000] {dag.py:3820} INFO - Setting next_dagrun for example_external_task_marker_parent to None, run_after=None
[2025-03-24T23:35:37.382+0000] {processor.py:183} INFO - Processing /home/airflow/.local/lib/python3.8/site-packages/airflow/example_dags/example_external_task_marker_dag.py took 0.072 seconds
[2025-03-24T23:36:08.087+0000] {processor.py:161} INFO - Started process (PID=1313) to work on /home/airflow/.local/lib/python3.8/site-packages/airflow/example_dags/example_external_task_marker_dag.py
[2025-03-24T23:36:08.087+0000] {processor.py:830} INFO - Processing file /home/airflow/.local/lib/python3.8/site-packages/airflow/example_dags/example_external_task_marker_dag.py for tasks to queue
[2025-03-24T23:36:08.090+0000] {logging_mixin.py:188} INFO - [2025-03-24T23:36:08.089+0000] {dagbag.py:538} INFO - Filling up the DagBag from /home/airflow/.local/lib/python3.8/site-packages/airflow/example_dags/example_external_task_marker_dag.py
[2025-03-24T23:36:08.094+0000] {processor.py:840} INFO - DAG(s) 'example_external_task_marker_parent', 'example_external_task_marker_child' retrieved from /home/airflow/.local/lib/python3.8/site-packages/airflow/example_dags/example_external_task_marker_dag.py
[2025-03-24T23:36:08.111+0000] {logging_mixin.py:188} INFO - [2025-03-24T23:36:08.111+0000] {dag.py:3033} INFO - Sync 2 DAGs
[2025-03-24T23:36:08.121+0000] {logging_mixin.py:188} INFO - [2025-03-24T23:36:08.121+0000] {dag.py:3820} INFO - Setting next_dagrun for example_external_task_marker_child to None, run_after=None
[2025-03-24T23:36:08.123+0000] {logging_mixin.py:188} INFO - [2025-03-24T23:36:08.123+0000] {dag.py:3820} INFO - Setting next_dagrun for example_external_task_marker_parent to None, run_after=None
[2025-03-24T23:36:08.133+0000] {processor.py:183} INFO - Processing /home/airflow/.local/lib/python3.8/site-packages/airflow/example_dags/example_external_task_marker_dag.py took 0.049 seconds
[2025-03-24T23:36:38.728+0000] {processor.py:161} INFO - Started process (PID=1368) to work on /home/airflow/.local/lib/python3.8/site-packages/airflow/example_dags/example_external_task_marker_dag.py
[2025-03-24T23:36:38.730+0000] {processor.py:830} INFO - Processing file /home/airflow/.local/lib/python3.8/site-packages/airflow/example_dags/example_external_task_marker_dag.py for tasks to queue
[2025-03-24T23:36:38.734+0000] {logging_mixin.py:188} INFO - [2025-03-24T23:36:38.733+0000] {dagbag.py:538} INFO - Filling up the DagBag from /home/airflow/.local/lib/python3.8/site-packages/airflow/example_dags/example_external_task_marker_dag.py
[2025-03-24T23:36:38.742+0000] {processor.py:840} INFO - DAG(s) 'example_external_task_marker_parent', 'example_external_task_marker_child' retrieved from /home/airflow/.local/lib/python3.8/site-packages/airflow/example_dags/example_external_task_marker_dag.py
[2025-03-24T23:36:38.769+0000] {logging_mixin.py:188} INFO - [2025-03-24T23:36:38.769+0000] {dag.py:3033} INFO - Sync 2 DAGs
[2025-03-24T23:36:38.780+0000] {logging_mixin.py:188} INFO - [2025-03-24T23:36:38.780+0000] {dag.py:3820} INFO - Setting next_dagrun for example_external_task_marker_child to None, run_after=None
[2025-03-24T23:36:38.783+0000] {logging_mixin.py:188} INFO - [2025-03-24T23:36:38.783+0000] {dag.py:3820} INFO - Setting next_dagrun for example_external_task_marker_parent to None, run_after=None
[2025-03-24T23:36:38.796+0000] {processor.py:183} INFO - Processing /home/airflow/.local/lib/python3.8/site-packages/airflow/example_dags/example_external_task_marker_dag.py took 0.074 seconds
[2025-03-24T23:37:09.530+0000] {processor.py:161} INFO - Started process (PID=1423) to work on /home/airflow/.local/lib/python3.8/site-packages/airflow/example_dags/example_external_task_marker_dag.py
[2025-03-24T23:37:09.532+0000] {processor.py:830} INFO - Processing file /home/airflow/.local/lib/python3.8/site-packages/airflow/example_dags/example_external_task_marker_dag.py for tasks to queue
[2025-03-24T23:37:09.536+0000] {logging_mixin.py:188} INFO - [2025-03-24T23:37:09.536+0000] {dagbag.py:538} INFO - Filling up the DagBag from /home/airflow/.local/lib/python3.8/site-packages/airflow/example_dags/example_external_task_marker_dag.py
[2025-03-24T23:37:09.546+0000] {processor.py:840} INFO - DAG(s) 'example_external_task_marker_child', 'example_external_task_marker_parent' retrieved from /home/airflow/.local/lib/python3.8/site-packages/airflow/example_dags/example_external_task_marker_dag.py
[2025-03-24T23:37:09.571+0000] {logging_mixin.py:188} INFO - [2025-03-24T23:37:09.570+0000] {dag.py:3033} INFO - Sync 2 DAGs
[2025-03-24T23:37:09.581+0000] {logging_mixin.py:188} INFO - [2025-03-24T23:37:09.581+0000] {dag.py:3820} INFO - Setting next_dagrun for example_external_task_marker_child to None, run_after=None
[2025-03-24T23:37:09.584+0000] {logging_mixin.py:188} INFO - [2025-03-24T23:37:09.584+0000] {dag.py:3820} INFO - Setting next_dagrun for example_external_task_marker_parent to None, run_after=None
[2025-03-24T23:37:09.596+0000] {processor.py:183} INFO - Processing /home/airflow/.local/lib/python3.8/site-packages/airflow/example_dags/example_external_task_marker_dag.py took 0.072 seconds
[2025-03-24T23:37:40.348+0000] {processor.py:161} INFO - Started process (PID=1478) to work on /home/airflow/.local/lib/python3.8/site-packages/airflow/example_dags/example_external_task_marker_dag.py
[2025-03-24T23:37:40.351+0000] {processor.py:830} INFO - Processing file /home/airflow/.local/lib/python3.8/site-packages/airflow/example_dags/example_external_task_marker_dag.py for tasks to queue
[2025-03-24T23:37:40.356+0000] {logging_mixin.py:188} INFO - [2025-03-24T23:37:40.356+0000] {dagbag.py:538} INFO - Filling up the DagBag from /home/airflow/.local/lib/python3.8/site-packages/airflow/example_dags/example_external_task_marker_dag.py
[2025-03-24T23:37:40.367+0000] {processor.py:840} INFO - DAG(s) 'example_external_task_marker_child', 'example_external_task_marker_parent' retrieved from /home/airflow/.local/lib/python3.8/site-packages/airflow/example_dags/example_external_task_marker_dag.py
[2025-03-24T23:37:40.395+0000] {logging_mixin.py:188} INFO - [2025-03-24T23:37:40.395+0000] {dag.py:3033} INFO - Sync 2 DAGs
[2025-03-24T23:37:40.412+0000] {logging_mixin.py:188} INFO - [2025-03-24T23:37:40.411+0000] {dag.py:3820} INFO - Setting next_dagrun for example_external_task_marker_child to None, run_after=None
[2025-03-24T23:37:40.417+0000] {logging_mixin.py:188} INFO - [2025-03-24T23:37:40.417+0000] {dag.py:3820} INFO - Setting next_dagrun for example_external_task_marker_parent to None, run_after=None
[2025-03-24T23:37:40.431+0000] {processor.py:183} INFO - Processing /home/airflow/.local/lib/python3.8/site-packages/airflow/example_dags/example_external_task_marker_dag.py took 0.090 seconds
[2025-03-24T23:38:11.213+0000] {processor.py:161} INFO - Started process (PID=1533) to work on /home/airflow/.local/lib/python3.8/site-packages/airflow/example_dags/example_external_task_marker_dag.py
[2025-03-24T23:38:11.214+0000] {processor.py:830} INFO - Processing file /home/airflow/.local/lib/python3.8/site-packages/airflow/example_dags/example_external_task_marker_dag.py for tasks to queue
[2025-03-24T23:38:11.218+0000] {logging_mixin.py:188} INFO - [2025-03-24T23:38:11.218+0000] {dagbag.py:538} INFO - Filling up the DagBag from /home/airflow/.local/lib/python3.8/site-packages/airflow/example_dags/example_external_task_marker_dag.py
[2025-03-24T23:38:11.228+0000] {processor.py:840} INFO - DAG(s) 'example_external_task_marker_parent', 'example_external_task_marker_child' retrieved from /home/airflow/.local/lib/python3.8/site-packages/airflow/example_dags/example_external_task_marker_dag.py
[2025-03-24T23:38:11.254+0000] {logging_mixin.py:188} INFO - [2025-03-24T23:38:11.254+0000] {dag.py:3033} INFO - Sync 2 DAGs
[2025-03-24T23:38:11.264+0000] {logging_mixin.py:188} INFO - [2025-03-24T23:38:11.264+0000] {dag.py:3820} INFO - Setting next_dagrun for example_external_task_marker_child to None, run_after=None
[2025-03-24T23:38:11.268+0000] {logging_mixin.py:188} INFO - [2025-03-24T23:38:11.268+0000] {dag.py:3820} INFO - Setting next_dagrun for example_external_task_marker_parent to None, run_after=None
[2025-03-24T23:38:11.281+0000] {processor.py:183} INFO - Processing /home/airflow/.local/lib/python3.8/site-packages/airflow/example_dags/example_external_task_marker_dag.py took 0.073 seconds
[2025-03-24T23:38:41.957+0000] {processor.py:161} INFO - Started process (PID=1588) to work on /home/airflow/.local/lib/python3.8/site-packages/airflow/example_dags/example_external_task_marker_dag.py
[2025-03-24T23:38:41.958+0000] {processor.py:830} INFO - Processing file /home/airflow/.local/lib/python3.8/site-packages/airflow/example_dags/example_external_task_marker_dag.py for tasks to queue
[2025-03-24T23:38:41.960+0000] {logging_mixin.py:188} INFO - [2025-03-24T23:38:41.960+0000] {dagbag.py:538} INFO - Filling up the DagBag from /home/airflow/.local/lib/python3.8/site-packages/airflow/example_dags/example_external_task_marker_dag.py
[2025-03-24T23:38:41.965+0000] {processor.py:840} INFO - DAG(s) 'example_external_task_marker_child', 'example_external_task_marker_parent' retrieved from /home/airflow/.local/lib/python3.8/site-packages/airflow/example_dags/example_external_task_marker_dag.py
[2025-03-24T23:38:41.981+0000] {logging_mixin.py:188} INFO - [2025-03-24T23:38:41.981+0000] {dag.py:3033} INFO - Sync 2 DAGs
[2025-03-24T23:38:41.988+0000] {logging_mixin.py:188} INFO - [2025-03-24T23:38:41.988+0000] {dag.py:3820} INFO - Setting next_dagrun for example_external_task_marker_child to None, run_after=None
[2025-03-24T23:38:41.990+0000] {logging_mixin.py:188} INFO - [2025-03-24T23:38:41.990+0000] {dag.py:3820} INFO - Setting next_dagrun for example_external_task_marker_parent to None, run_after=None
[2025-03-24T23:38:42.000+0000] {processor.py:183} INFO - Processing /home/airflow/.local/lib/python3.8/site-packages/airflow/example_dags/example_external_task_marker_dag.py took 0.045 seconds
[2025-03-24T23:39:12.702+0000] {processor.py:161} INFO - Started process (PID=1643) to work on /home/airflow/.local/lib/python3.8/site-packages/airflow/example_dags/example_external_task_marker_dag.py
[2025-03-24T23:39:12.704+0000] {processor.py:830} INFO - Processing file /home/airflow/.local/lib/python3.8/site-packages/airflow/example_dags/example_external_task_marker_dag.py for tasks to queue
[2025-03-24T23:39:12.711+0000] {logging_mixin.py:188} INFO - [2025-03-24T23:39:12.710+0000] {dagbag.py:538} INFO - Filling up the DagBag from /home/airflow/.local/lib/python3.8/site-packages/airflow/example_dags/example_external_task_marker_dag.py
[2025-03-24T23:39:12.722+0000] {processor.py:840} INFO - DAG(s) 'example_external_task_marker_child', 'example_external_task_marker_parent' retrieved from /home/airflow/.local/lib/python3.8/site-packages/airflow/example_dags/example_external_task_marker_dag.py
[2025-03-24T23:39:12.747+0000] {logging_mixin.py:188} INFO - [2025-03-24T23:39:12.746+0000] {dag.py:3033} INFO - Sync 2 DAGs
[2025-03-24T23:39:12.756+0000] {logging_mixin.py:188} INFO - [2025-03-24T23:39:12.756+0000] {dag.py:3820} INFO - Setting next_dagrun for example_external_task_marker_child to None, run_after=None
[2025-03-24T23:39:12.761+0000] {logging_mixin.py:188} INFO - [2025-03-24T23:39:12.760+0000] {dag.py:3820} INFO - Setting next_dagrun for example_external_task_marker_parent to None, run_after=None
[2025-03-24T23:39:12.776+0000] {processor.py:183} INFO - Processing /home/airflow/.local/lib/python3.8/site-packages/airflow/example_dags/example_external_task_marker_dag.py took 0.081 seconds
[2025-03-24T23:39:43.634+0000] {processor.py:161} INFO - Started process (PID=1698) to work on /home/airflow/.local/lib/python3.8/site-packages/airflow/example_dags/example_external_task_marker_dag.py
[2025-03-24T23:39:43.635+0000] {processor.py:830} INFO - Processing file /home/airflow/.local/lib/python3.8/site-packages/airflow/example_dags/example_external_task_marker_dag.py for tasks to queue
[2025-03-24T23:39:43.638+0000] {logging_mixin.py:188} INFO - [2025-03-24T23:39:43.637+0000] {dagbag.py:538} INFO - Filling up the DagBag from /home/airflow/.local/lib/python3.8/site-packages/airflow/example_dags/example_external_task_marker_dag.py
[2025-03-24T23:39:43.645+0000] {processor.py:840} INFO - DAG(s) 'example_external_task_marker_parent', 'example_external_task_marker_child' retrieved from /home/airflow/.local/lib/python3.8/site-packages/airflow/example_dags/example_external_task_marker_dag.py
[2025-03-24T23:39:43.666+0000] {logging_mixin.py:188} INFO - [2025-03-24T23:39:43.666+0000] {dag.py:3033} INFO - Sync 2 DAGs
[2025-03-24T23:39:43.675+0000] {logging_mixin.py:188} INFO - [2025-03-24T23:39:43.675+0000] {dag.py:3820} INFO - Setting next_dagrun for example_external_task_marker_child to None, run_after=None
[2025-03-24T23:39:43.677+0000] {logging_mixin.py:188} INFO - [2025-03-24T23:39:43.677+0000] {dag.py:3820} INFO - Setting next_dagrun for example_external_task_marker_parent to None, run_after=None
[2025-03-24T23:39:43.688+0000] {processor.py:183} INFO - Processing /home/airflow/.local/lib/python3.8/site-packages/airflow/example_dags/example_external_task_marker_dag.py took 0.059 seconds
[2025-03-24T23:40:14.309+0000] {processor.py:161} INFO - Started process (PID=1753) to work on /home/airflow/.local/lib/python3.8/site-packages/airflow/example_dags/example_external_task_marker_dag.py
[2025-03-24T23:40:14.310+0000] {processor.py:830} INFO - Processing file /home/airflow/.local/lib/python3.8/site-packages/airflow/example_dags/example_external_task_marker_dag.py for tasks to queue
[2025-03-24T23:40:14.315+0000] {logging_mixin.py:188} INFO - [2025-03-24T23:40:14.314+0000] {dagbag.py:538} INFO - Filling up the DagBag from /home/airflow/.local/lib/python3.8/site-packages/airflow/example_dags/example_external_task_marker_dag.py
[2025-03-24T23:40:14.324+0000] {processor.py:840} INFO - DAG(s) 'example_external_task_marker_parent', 'example_external_task_marker_child' retrieved from /home/airflow/.local/lib/python3.8/site-packages/airflow/example_dags/example_external_task_marker_dag.py
[2025-03-24T23:40:14.346+0000] {logging_mixin.py:188} INFO - [2025-03-24T23:40:14.345+0000] {dag.py:3033} INFO - Sync 2 DAGs
[2025-03-24T23:40:14.355+0000] {logging_mixin.py:188} INFO - [2025-03-24T23:40:14.354+0000] {dag.py:3820} INFO - Setting next_dagrun for example_external_task_marker_child to None, run_after=None
[2025-03-24T23:40:14.357+0000] {logging_mixin.py:188} INFO - [2025-03-24T23:40:14.357+0000] {dag.py:3820} INFO - Setting next_dagrun for example_external_task_marker_parent to None, run_after=None
[2025-03-24T23:40:14.367+0000] {processor.py:183} INFO - Processing /home/airflow/.local/lib/python3.8/site-packages/airflow/example_dags/example_external_task_marker_dag.py took 0.065 seconds
[2025-03-24T23:40:44.915+0000] {processor.py:161} INFO - Started process (PID=1808) to work on /home/airflow/.local/lib/python3.8/site-packages/airflow/example_dags/example_external_task_marker_dag.py
[2025-03-24T23:40:44.917+0000] {processor.py:830} INFO - Processing file /home/airflow/.local/lib/python3.8/site-packages/airflow/example_dags/example_external_task_marker_dag.py for tasks to queue
[2025-03-24T23:40:44.920+0000] {logging_mixin.py:188} INFO - [2025-03-24T23:40:44.919+0000] {dagbag.py:538} INFO - Filling up the DagBag from /home/airflow/.local/lib/python3.8/site-packages/airflow/example_dags/example_external_task_marker_dag.py
[2025-03-24T23:40:44.926+0000] {processor.py:840} INFO - DAG(s) 'example_external_task_marker_parent', 'example_external_task_marker_child' retrieved from /home/airflow/.local/lib/python3.8/site-packages/airflow/example_dags/example_external_task_marker_dag.py
[2025-03-24T23:40:44.945+0000] {logging_mixin.py:188} INFO - [2025-03-24T23:40:44.945+0000] {dag.py:3033} INFO - Sync 2 DAGs
[2025-03-24T23:40:44.953+0000] {logging_mixin.py:188} INFO - [2025-03-24T23:40:44.953+0000] {dag.py:3820} INFO - Setting next_dagrun for example_external_task_marker_child to None, run_after=None
[2025-03-24T23:40:44.955+0000] {logging_mixin.py:188} INFO - [2025-03-24T23:40:44.955+0000] {dag.py:3820} INFO - Setting next_dagrun for example_external_task_marker_parent to None, run_after=None
[2025-03-24T23:40:44.963+0000] {processor.py:183} INFO - Processing /home/airflow/.local/lib/python3.8/site-packages/airflow/example_dags/example_external_task_marker_dag.py took 0.055 seconds
[2025-03-24T23:41:15.466+0000] {processor.py:161} INFO - Started process (PID=1863) to work on /home/airflow/.local/lib/python3.8/site-packages/airflow/example_dags/example_external_task_marker_dag.py
[2025-03-24T23:41:15.467+0000] {processor.py:830} INFO - Processing file /home/airflow/.local/lib/python3.8/site-packages/airflow/example_dags/example_external_task_marker_dag.py for tasks to queue
[2025-03-24T23:41:15.470+0000] {logging_mixin.py:188} INFO - [2025-03-24T23:41:15.470+0000] {dagbag.py:538} INFO - Filling up the DagBag from /home/airflow/.local/lib/python3.8/site-packages/airflow/example_dags/example_external_task_marker_dag.py
[2025-03-24T23:41:15.476+0000] {processor.py:840} INFO - DAG(s) 'example_external_task_marker_child', 'example_external_task_marker_parent' retrieved from /home/airflow/.local/lib/python3.8/site-packages/airflow/example_dags/example_external_task_marker_dag.py
[2025-03-24T23:41:15.497+0000] {logging_mixin.py:188} INFO - [2025-03-24T23:41:15.496+0000] {dag.py:3033} INFO - Sync 2 DAGs
[2025-03-24T23:41:15.506+0000] {logging_mixin.py:188} INFO - [2025-03-24T23:41:15.505+0000] {dag.py:3820} INFO - Setting next_dagrun for example_external_task_marker_child to None, run_after=None
[2025-03-24T23:41:15.508+0000] {logging_mixin.py:188} INFO - [2025-03-24T23:41:15.508+0000] {dag.py:3820} INFO - Setting next_dagrun for example_external_task_marker_parent to None, run_after=None
[2025-03-24T23:41:15.517+0000] {processor.py:183} INFO - Processing /home/airflow/.local/lib/python3.8/site-packages/airflow/example_dags/example_external_task_marker_dag.py took 0.057 seconds
[2025-03-24T23:41:46.094+0000] {processor.py:161} INFO - Started process (PID=1918) to work on /home/airflow/.local/lib/python3.8/site-packages/airflow/example_dags/example_external_task_marker_dag.py
[2025-03-24T23:41:46.095+0000] {processor.py:830} INFO - Processing file /home/airflow/.local/lib/python3.8/site-packages/airflow/example_dags/example_external_task_marker_dag.py for tasks to queue
[2025-03-24T23:41:46.100+0000] {logging_mixin.py:188} INFO - [2025-03-24T23:41:46.099+0000] {dagbag.py:538} INFO - Filling up the DagBag from /home/airflow/.local/lib/python3.8/site-packages/airflow/example_dags/example_external_task_marker_dag.py
[2025-03-24T23:41:46.110+0000] {processor.py:840} INFO - DAG(s) 'example_external_task_marker_parent', 'example_external_task_marker_child' retrieved from /home/airflow/.local/lib/python3.8/site-packages/airflow/example_dags/example_external_task_marker_dag.py
[2025-03-24T23:41:46.133+0000] {logging_mixin.py:188} INFO - [2025-03-24T23:41:46.133+0000] {dag.py:3033} INFO - Sync 2 DAGs
[2025-03-24T23:41:46.143+0000] {logging_mixin.py:188} INFO - [2025-03-24T23:41:46.143+0000] {dag.py:3820} INFO - Setting next_dagrun for example_external_task_marker_child to None, run_after=None
[2025-03-24T23:41:46.145+0000] {logging_mixin.py:188} INFO - [2025-03-24T23:41:46.145+0000] {dag.py:3820} INFO - Setting next_dagrun for example_external_task_marker_parent to None, run_after=None
[2025-03-24T23:41:46.155+0000] {processor.py:183} INFO - Processing /home/airflow/.local/lib/python3.8/site-packages/airflow/example_dags/example_external_task_marker_dag.py took 0.067 seconds
[2025-03-24T23:42:16.716+0000] {processor.py:161} INFO - Started process (PID=1973) to work on /home/airflow/.local/lib/python3.8/site-packages/airflow/example_dags/example_external_task_marker_dag.py
[2025-03-24T23:42:16.717+0000] {processor.py:830} INFO - Processing file /home/airflow/.local/lib/python3.8/site-packages/airflow/example_dags/example_external_task_marker_dag.py for tasks to queue
[2025-03-24T23:42:16.721+0000] {logging_mixin.py:188} INFO - [2025-03-24T23:42:16.720+0000] {dagbag.py:538} INFO - Filling up the DagBag from /home/airflow/.local/lib/python3.8/site-packages/airflow/example_dags/example_external_task_marker_dag.py
[2025-03-24T23:42:16.727+0000] {processor.py:840} INFO - DAG(s) 'example_external_task_marker_child', 'example_external_task_marker_parent' retrieved from /home/airflow/.local/lib/python3.8/site-packages/airflow/example_dags/example_external_task_marker_dag.py
[2025-03-24T23:42:16.743+0000] {logging_mixin.py:188} INFO - [2025-03-24T23:42:16.743+0000] {dag.py:3033} INFO - Sync 2 DAGs
[2025-03-24T23:42:16.751+0000] {logging_mixin.py:188} INFO - [2025-03-24T23:42:16.751+0000] {dag.py:3820} INFO - Setting next_dagrun for example_external_task_marker_child to None, run_after=None
[2025-03-24T23:42:16.753+0000] {logging_mixin.py:188} INFO - [2025-03-24T23:42:16.753+0000] {dag.py:3820} INFO - Setting next_dagrun for example_external_task_marker_parent to None, run_after=None
[2025-03-24T23:42:16.761+0000] {processor.py:183} INFO - Processing /home/airflow/.local/lib/python3.8/site-packages/airflow/example_dags/example_external_task_marker_dag.py took 0.050 seconds
[2025-03-24T23:42:47.279+0000] {processor.py:161} INFO - Started process (PID=2028) to work on /home/airflow/.local/lib/python3.8/site-packages/airflow/example_dags/example_external_task_marker_dag.py
[2025-03-24T23:42:47.281+0000] {processor.py:830} INFO - Processing file /home/airflow/.local/lib/python3.8/site-packages/airflow/example_dags/example_external_task_marker_dag.py for tasks to queue
[2025-03-24T23:42:47.285+0000] {logging_mixin.py:188} INFO - [2025-03-24T23:42:47.285+0000] {dagbag.py:538} INFO - Filling up the DagBag from /home/airflow/.local/lib/python3.8/site-packages/airflow/example_dags/example_external_task_marker_dag.py
[2025-03-24T23:42:47.293+0000] {processor.py:840} INFO - DAG(s) 'example_external_task_marker_child', 'example_external_task_marker_parent' retrieved from /home/airflow/.local/lib/python3.8/site-packages/airflow/example_dags/example_external_task_marker_dag.py
[2025-03-24T23:42:47.315+0000] {logging_mixin.py:188} INFO - [2025-03-24T23:42:47.315+0000] {dag.py:3033} INFO - Sync 2 DAGs
[2025-03-24T23:42:47.324+0000] {logging_mixin.py:188} INFO - [2025-03-24T23:42:47.324+0000] {dag.py:3820} INFO - Setting next_dagrun for example_external_task_marker_child to None, run_after=None
[2025-03-24T23:42:47.326+0000] {logging_mixin.py:188} INFO - [2025-03-24T23:42:47.326+0000] {dag.py:3820} INFO - Setting next_dagrun for example_external_task_marker_parent to None, run_after=None
[2025-03-24T23:42:47.337+0000] {processor.py:183} INFO - Processing /home/airflow/.local/lib/python3.8/site-packages/airflow/example_dags/example_external_task_marker_dag.py took 0.063 seconds
[2025-03-24T23:43:17.697+0000] {processor.py:161} INFO - Started process (PID=2083) to work on /home/airflow/.local/lib/python3.8/site-packages/airflow/example_dags/example_external_task_marker_dag.py
[2025-03-24T23:43:17.698+0000] {processor.py:830} INFO - Processing file /home/airflow/.local/lib/python3.8/site-packages/airflow/example_dags/example_external_task_marker_dag.py for tasks to queue
[2025-03-24T23:43:17.700+0000] {logging_mixin.py:188} INFO - [2025-03-24T23:43:17.700+0000] {dagbag.py:538} INFO - Filling up the DagBag from /home/airflow/.local/lib/python3.8/site-packages/airflow/example_dags/example_external_task_marker_dag.py
[2025-03-24T23:43:17.706+0000] {processor.py:840} INFO - DAG(s) 'example_external_task_marker_parent', 'example_external_task_marker_child' retrieved from /home/airflow/.local/lib/python3.8/site-packages/airflow/example_dags/example_external_task_marker_dag.py
[2025-03-24T23:43:17.724+0000] {logging_mixin.py:188} INFO - [2025-03-24T23:43:17.724+0000] {dag.py:3033} INFO - Sync 2 DAGs
[2025-03-24T23:43:17.732+0000] {logging_mixin.py:188} INFO - [2025-03-24T23:43:17.732+0000] {dag.py:3820} INFO - Setting next_dagrun for example_external_task_marker_child to None, run_after=None
[2025-03-24T23:43:17.734+0000] {logging_mixin.py:188} INFO - [2025-03-24T23:43:17.734+0000] {dag.py:3820} INFO - Setting next_dagrun for example_external_task_marker_parent to None, run_after=None
[2025-03-24T23:43:17.744+0000] {processor.py:183} INFO - Processing /home/airflow/.local/lib/python3.8/site-packages/airflow/example_dags/example_external_task_marker_dag.py took 0.050 seconds
[2025-03-24T23:43:48.299+0000] {processor.py:161} INFO - Started process (PID=2138) to work on /home/airflow/.local/lib/python3.8/site-packages/airflow/example_dags/example_external_task_marker_dag.py
[2025-03-24T23:43:48.301+0000] {processor.py:830} INFO - Processing file /home/airflow/.local/lib/python3.8/site-packages/airflow/example_dags/example_external_task_marker_dag.py for tasks to queue
[2025-03-24T23:43:48.306+0000] {logging_mixin.py:188} INFO - [2025-03-24T23:43:48.305+0000] {dagbag.py:538} INFO - Filling up the DagBag from /home/airflow/.local/lib/python3.8/site-packages/airflow/example_dags/example_external_task_marker_dag.py
[2025-03-24T23:43:48.316+0000] {processor.py:840} INFO - DAG(s) 'example_external_task_marker_child', 'example_external_task_marker_parent' retrieved from /home/airflow/.local/lib/python3.8/site-packages/airflow/example_dags/example_external_task_marker_dag.py
[2025-03-24T23:43:48.347+0000] {logging_mixin.py:188} INFO - [2025-03-24T23:43:48.347+0000] {dag.py:3033} INFO - Sync 2 DAGs
[2025-03-24T23:43:48.362+0000] {logging_mixin.py:188} INFO - [2025-03-24T23:43:48.361+0000] {dag.py:3820} INFO - Setting next_dagrun for example_external_task_marker_child to None, run_after=None
[2025-03-24T23:43:48.367+0000] {logging_mixin.py:188} INFO - [2025-03-24T23:43:48.366+0000] {dag.py:3820} INFO - Setting next_dagrun for example_external_task_marker_parent to None, run_after=None
[2025-03-24T23:43:48.382+0000] {processor.py:183} INFO - Processing /home/airflow/.local/lib/python3.8/site-packages/airflow/example_dags/example_external_task_marker_dag.py took 0.091 seconds
[2025-03-24T23:44:19.028+0000] {processor.py:161} INFO - Started process (PID=2193) to work on /home/airflow/.local/lib/python3.8/site-packages/airflow/example_dags/example_external_task_marker_dag.py
[2025-03-24T23:44:19.030+0000] {processor.py:830} INFO - Processing file /home/airflow/.local/lib/python3.8/site-packages/airflow/example_dags/example_external_task_marker_dag.py for tasks to queue
[2025-03-24T23:44:19.033+0000] {logging_mixin.py:188} INFO - [2025-03-24T23:44:19.033+0000] {dagbag.py:538} INFO - Filling up the DagBag from /home/airflow/.local/lib/python3.8/site-packages/airflow/example_dags/example_external_task_marker_dag.py
[2025-03-24T23:44:19.041+0000] {processor.py:840} INFO - DAG(s) 'example_external_task_marker_child', 'example_external_task_marker_parent' retrieved from /home/airflow/.local/lib/python3.8/site-packages/airflow/example_dags/example_external_task_marker_dag.py
[2025-03-24T23:44:19.062+0000] {logging_mixin.py:188} INFO - [2025-03-24T23:44:19.062+0000] {dag.py:3033} INFO - Sync 2 DAGs
[2025-03-24T23:44:19.072+0000] {logging_mixin.py:188} INFO - [2025-03-24T23:44:19.072+0000] {dag.py:3820} INFO - Setting next_dagrun for example_external_task_marker_child to None, run_after=None
[2025-03-24T23:44:19.075+0000] {logging_mixin.py:188} INFO - [2025-03-24T23:44:19.075+0000] {dag.py:3820} INFO - Setting next_dagrun for example_external_task_marker_parent to None, run_after=None
[2025-03-24T23:44:19.084+0000] {processor.py:183} INFO - Processing /home/airflow/.local/lib/python3.8/site-packages/airflow/example_dags/example_external_task_marker_dag.py took 0.061 seconds
[2025-03-24T23:44:49.597+0000] {processor.py:161} INFO - Started process (PID=2248) to work on /home/airflow/.local/lib/python3.8/site-packages/airflow/example_dags/example_external_task_marker_dag.py
[2025-03-24T23:44:49.599+0000] {processor.py:830} INFO - Processing file /home/airflow/.local/lib/python3.8/site-packages/airflow/example_dags/example_external_task_marker_dag.py for tasks to queue
[2025-03-24T23:44:49.602+0000] {logging_mixin.py:188} INFO - [2025-03-24T23:44:49.602+0000] {dagbag.py:538} INFO - Filling up the DagBag from /home/airflow/.local/lib/python3.8/site-packages/airflow/example_dags/example_external_task_marker_dag.py
[2025-03-24T23:44:49.607+0000] {processor.py:840} INFO - DAG(s) 'example_external_task_marker_parent', 'example_external_task_marker_child' retrieved from /home/airflow/.local/lib/python3.8/site-packages/airflow/example_dags/example_external_task_marker_dag.py
[2025-03-24T23:44:49.622+0000] {logging_mixin.py:188} INFO - [2025-03-24T23:44:49.622+0000] {dag.py:3033} INFO - Sync 2 DAGs
[2025-03-24T23:44:49.631+0000] {logging_mixin.py:188} INFO - [2025-03-24T23:44:49.631+0000] {dag.py:3820} INFO - Setting next_dagrun for example_external_task_marker_child to None, run_after=None
[2025-03-24T23:44:49.632+0000] {logging_mixin.py:188} INFO - [2025-03-24T23:44:49.632+0000] {dag.py:3820} INFO - Setting next_dagrun for example_external_task_marker_parent to None, run_after=None
[2025-03-24T23:44:49.640+0000] {processor.py:183} INFO - Processing /home/airflow/.local/lib/python3.8/site-packages/airflow/example_dags/example_external_task_marker_dag.py took 0.048 seconds
[2025-03-24T23:45:20.310+0000] {processor.py:161} INFO - Started process (PID=2303) to work on /home/airflow/.local/lib/python3.8/site-packages/airflow/example_dags/example_external_task_marker_dag.py
[2025-03-24T23:45:20.311+0000] {processor.py:830} INFO - Processing file /home/airflow/.local/lib/python3.8/site-packages/airflow/example_dags/example_external_task_marker_dag.py for tasks to queue
[2025-03-24T23:45:20.313+0000] {logging_mixin.py:188} INFO - [2025-03-24T23:45:20.313+0000] {dagbag.py:538} INFO - Filling up the DagBag from /home/airflow/.local/lib/python3.8/site-packages/airflow/example_dags/example_external_task_marker_dag.py
[2025-03-24T23:45:20.319+0000] {processor.py:840} INFO - DAG(s) 'example_external_task_marker_child', 'example_external_task_marker_parent' retrieved from /home/airflow/.local/lib/python3.8/site-packages/airflow/example_dags/example_external_task_marker_dag.py
[2025-03-24T23:45:20.334+0000] {logging_mixin.py:188} INFO - [2025-03-24T23:45:20.334+0000] {dag.py:3033} INFO - Sync 2 DAGs
[2025-03-24T23:45:20.343+0000] {logging_mixin.py:188} INFO - [2025-03-24T23:45:20.343+0000] {dag.py:3820} INFO - Setting next_dagrun for example_external_task_marker_child to None, run_after=None
[2025-03-24T23:45:20.345+0000] {logging_mixin.py:188} INFO - [2025-03-24T23:45:20.345+0000] {dag.py:3820} INFO - Setting next_dagrun for example_external_task_marker_parent to None, run_after=None
[2025-03-24T23:45:20.353+0000] {processor.py:183} INFO - Processing /home/airflow/.local/lib/python3.8/site-packages/airflow/example_dags/example_external_task_marker_dag.py took 0.045 seconds
[2025-03-24T23:45:50.947+0000] {processor.py:161} INFO - Started process (PID=2357) to work on /home/airflow/.local/lib/python3.8/site-packages/airflow/example_dags/example_external_task_marker_dag.py
[2025-03-24T23:45:50.949+0000] {processor.py:830} INFO - Processing file /home/airflow/.local/lib/python3.8/site-packages/airflow/example_dags/example_external_task_marker_dag.py for tasks to queue
[2025-03-24T23:45:50.954+0000] {logging_mixin.py:188} INFO - [2025-03-24T23:45:50.953+0000] {dagbag.py:538} INFO - Filling up the DagBag from /home/airflow/.local/lib/python3.8/site-packages/airflow/example_dags/example_external_task_marker_dag.py
[2025-03-24T23:45:50.961+0000] {processor.py:840} INFO - DAG(s) 'example_external_task_marker_parent', 'example_external_task_marker_child' retrieved from /home/airflow/.local/lib/python3.8/site-packages/airflow/example_dags/example_external_task_marker_dag.py
[2025-03-24T23:45:50.979+0000] {logging_mixin.py:188} INFO - [2025-03-24T23:45:50.979+0000] {dag.py:3033} INFO - Sync 2 DAGs
[2025-03-24T23:45:50.988+0000] {logging_mixin.py:188} INFO - [2025-03-24T23:45:50.988+0000] {dag.py:3820} INFO - Setting next_dagrun for example_external_task_marker_child to None, run_after=None
[2025-03-24T23:45:50.991+0000] {logging_mixin.py:188} INFO - [2025-03-24T23:45:50.990+0000] {dag.py:3820} INFO - Setting next_dagrun for example_external_task_marker_parent to None, run_after=None
[2025-03-24T23:45:51.000+0000] {processor.py:183} INFO - Processing /home/airflow/.local/lib/python3.8/site-packages/airflow/example_dags/example_external_task_marker_dag.py took 0.064 seconds
[2025-03-24T23:46:21.395+0000] {processor.py:161} INFO - Started process (PID=2412) to work on /home/airflow/.local/lib/python3.8/site-packages/airflow/example_dags/example_external_task_marker_dag.py
[2025-03-24T23:46:21.396+0000] {processor.py:830} INFO - Processing file /home/airflow/.local/lib/python3.8/site-packages/airflow/example_dags/example_external_task_marker_dag.py for tasks to queue
[2025-03-24T23:46:21.398+0000] {logging_mixin.py:188} INFO - [2025-03-24T23:46:21.398+0000] {dagbag.py:538} INFO - Filling up the DagBag from /home/airflow/.local/lib/python3.8/site-packages/airflow/example_dags/example_external_task_marker_dag.py
[2025-03-24T23:46:21.403+0000] {processor.py:840} INFO - DAG(s) 'example_external_task_marker_child', 'example_external_task_marker_parent' retrieved from /home/airflow/.local/lib/python3.8/site-packages/airflow/example_dags/example_external_task_marker_dag.py
[2025-03-24T23:46:21.419+0000] {logging_mixin.py:188} INFO - [2025-03-24T23:46:21.419+0000] {dag.py:3033} INFO - Sync 2 DAGs
[2025-03-24T23:46:21.426+0000] {logging_mixin.py:188} INFO - [2025-03-24T23:46:21.426+0000] {dag.py:3820} INFO - Setting next_dagrun for example_external_task_marker_child to None, run_after=None
[2025-03-24T23:46:21.428+0000] {logging_mixin.py:188} INFO - [2025-03-24T23:46:21.428+0000] {dag.py:3820} INFO - Setting next_dagrun for example_external_task_marker_parent to None, run_after=None
[2025-03-24T23:46:21.437+0000] {processor.py:183} INFO - Processing /home/airflow/.local/lib/python3.8/site-packages/airflow/example_dags/example_external_task_marker_dag.py took 0.046 seconds
[2025-03-24T23:46:51.553+0000] {processor.py:161} INFO - Started process (PID=2467) to work on /home/airflow/.local/lib/python3.8/site-packages/airflow/example_dags/example_external_task_marker_dag.py
[2025-03-24T23:46:51.555+0000] {processor.py:830} INFO - Processing file /home/airflow/.local/lib/python3.8/site-packages/airflow/example_dags/example_external_task_marker_dag.py for tasks to queue
[2025-03-24T23:46:51.558+0000] {logging_mixin.py:188} INFO - [2025-03-24T23:46:51.558+0000] {dagbag.py:538} INFO - Filling up the DagBag from /home/airflow/.local/lib/python3.8/site-packages/airflow/example_dags/example_external_task_marker_dag.py
[2025-03-24T23:46:51.565+0000] {processor.py:840} INFO - DAG(s) 'example_external_task_marker_child', 'example_external_task_marker_parent' retrieved from /home/airflow/.local/lib/python3.8/site-packages/airflow/example_dags/example_external_task_marker_dag.py
[2025-03-24T23:46:51.587+0000] {logging_mixin.py:188} INFO - [2025-03-24T23:46:51.586+0000] {dag.py:3033} INFO - Sync 2 DAGs
[2025-03-24T23:46:51.596+0000] {logging_mixin.py:188} INFO - [2025-03-24T23:46:51.596+0000] {dag.py:3820} INFO - Setting next_dagrun for example_external_task_marker_child to None, run_after=None
[2025-03-24T23:46:51.598+0000] {logging_mixin.py:188} INFO - [2025-03-24T23:46:51.598+0000] {dag.py:3820} INFO - Setting next_dagrun for example_external_task_marker_parent to None, run_after=None
[2025-03-24T23:46:51.607+0000] {processor.py:183} INFO - Processing /home/airflow/.local/lib/python3.8/site-packages/airflow/example_dags/example_external_task_marker_dag.py took 0.060 seconds
[2025-03-24T23:47:21.642+0000] {processor.py:161} INFO - Started process (PID=2522) to work on /home/airflow/.local/lib/python3.8/site-packages/airflow/example_dags/example_external_task_marker_dag.py
[2025-03-24T23:47:21.644+0000] {processor.py:830} INFO - Processing file /home/airflow/.local/lib/python3.8/site-packages/airflow/example_dags/example_external_task_marker_dag.py for tasks to queue
[2025-03-24T23:47:21.647+0000] {logging_mixin.py:188} INFO - [2025-03-24T23:47:21.647+0000] {dagbag.py:538} INFO - Filling up the DagBag from /home/airflow/.local/lib/python3.8/site-packages/airflow/example_dags/example_external_task_marker_dag.py
[2025-03-24T23:47:21.654+0000] {processor.py:840} INFO - DAG(s) 'example_external_task_marker_child', 'example_external_task_marker_parent' retrieved from /home/airflow/.local/lib/python3.8/site-packages/airflow/example_dags/example_external_task_marker_dag.py
[2025-03-24T23:47:21.672+0000] {logging_mixin.py:188} INFO - [2025-03-24T23:47:21.672+0000] {dag.py:3033} INFO - Sync 2 DAGs
[2025-03-24T23:47:21.680+0000] {logging_mixin.py:188} INFO - [2025-03-24T23:47:21.680+0000] {dag.py:3820} INFO - Setting next_dagrun for example_external_task_marker_child to None, run_after=None
[2025-03-24T23:47:21.682+0000] {logging_mixin.py:188} INFO - [2025-03-24T23:47:21.682+0000] {dag.py:3820} INFO - Setting next_dagrun for example_external_task_marker_parent to None, run_after=None
[2025-03-24T23:47:21.691+0000] {processor.py:183} INFO - Processing /home/airflow/.local/lib/python3.8/site-packages/airflow/example_dags/example_external_task_marker_dag.py took 0.053 seconds
[2025-03-24T23:47:52.278+0000] {processor.py:161} INFO - Started process (PID=2577) to work on /home/airflow/.local/lib/python3.8/site-packages/airflow/example_dags/example_external_task_marker_dag.py
[2025-03-24T23:47:52.279+0000] {processor.py:830} INFO - Processing file /home/airflow/.local/lib/python3.8/site-packages/airflow/example_dags/example_external_task_marker_dag.py for tasks to queue
[2025-03-24T23:47:52.283+0000] {logging_mixin.py:188} INFO - [2025-03-24T23:47:52.283+0000] {dagbag.py:538} INFO - Filling up the DagBag from /home/airflow/.local/lib/python3.8/site-packages/airflow/example_dags/example_external_task_marker_dag.py
[2025-03-24T23:47:52.291+0000] {processor.py:840} INFO - DAG(s) 'example_external_task_marker_child', 'example_external_task_marker_parent' retrieved from /home/airflow/.local/lib/python3.8/site-packages/airflow/example_dags/example_external_task_marker_dag.py
[2025-03-24T23:47:52.312+0000] {logging_mixin.py:188} INFO - [2025-03-24T23:47:52.312+0000] {dag.py:3033} INFO - Sync 2 DAGs
[2025-03-24T23:47:52.321+0000] {logging_mixin.py:188} INFO - [2025-03-24T23:47:52.321+0000] {dag.py:3820} INFO - Setting next_dagrun for example_external_task_marker_child to None, run_after=None
[2025-03-24T23:47:52.323+0000] {logging_mixin.py:188} INFO - [2025-03-24T23:47:52.323+0000] {dag.py:3820} INFO - Setting next_dagrun for example_external_task_marker_parent to None, run_after=None
[2025-03-24T23:47:52.430+0000] {processor.py:183} INFO - Processing /home/airflow/.local/lib/python3.8/site-packages/airflow/example_dags/example_external_task_marker_dag.py took 0.158 seconds
[2025-03-24T23:48:22.529+0000] {processor.py:161} INFO - Started process (PID=2632) to work on /home/airflow/.local/lib/python3.8/site-packages/airflow/example_dags/example_external_task_marker_dag.py
[2025-03-24T23:48:22.531+0000] {processor.py:830} INFO - Processing file /home/airflow/.local/lib/python3.8/site-packages/airflow/example_dags/example_external_task_marker_dag.py for tasks to queue
[2025-03-24T23:48:22.534+0000] {logging_mixin.py:188} INFO - [2025-03-24T23:48:22.534+0000] {dagbag.py:538} INFO - Filling up the DagBag from /home/airflow/.local/lib/python3.8/site-packages/airflow/example_dags/example_external_task_marker_dag.py
[2025-03-24T23:48:22.540+0000] {processor.py:840} INFO - DAG(s) 'example_external_task_marker_parent', 'example_external_task_marker_child' retrieved from /home/airflow/.local/lib/python3.8/site-packages/airflow/example_dags/example_external_task_marker_dag.py
[2025-03-24T23:48:22.561+0000] {logging_mixin.py:188} INFO - [2025-03-24T23:48:22.561+0000] {dag.py:3033} INFO - Sync 2 DAGs
[2025-03-24T23:48:22.568+0000] {logging_mixin.py:188} INFO - [2025-03-24T23:48:22.568+0000] {dag.py:3820} INFO - Setting next_dagrun for example_external_task_marker_child to None, run_after=None
[2025-03-24T23:48:22.570+0000] {logging_mixin.py:188} INFO - [2025-03-24T23:48:22.570+0000] {dag.py:3820} INFO - Setting next_dagrun for example_external_task_marker_parent to None, run_after=None
[2025-03-24T23:48:22.579+0000] {processor.py:183} INFO - Processing /home/airflow/.local/lib/python3.8/site-packages/airflow/example_dags/example_external_task_marker_dag.py took 0.054 seconds
[2025-03-24T23:48:53.235+0000] {processor.py:161} INFO - Started process (PID=2687) to work on /home/airflow/.local/lib/python3.8/site-packages/airflow/example_dags/example_external_task_marker_dag.py
[2025-03-24T23:48:53.237+0000] {processor.py:830} INFO - Processing file /home/airflow/.local/lib/python3.8/site-packages/airflow/example_dags/example_external_task_marker_dag.py for tasks to queue
[2025-03-24T23:48:53.242+0000] {logging_mixin.py:188} INFO - [2025-03-24T23:48:53.242+0000] {dagbag.py:538} INFO - Filling up the DagBag from /home/airflow/.local/lib/python3.8/site-packages/airflow/example_dags/example_external_task_marker_dag.py
[2025-03-24T23:48:53.252+0000] {processor.py:840} INFO - DAG(s) 'example_external_task_marker_parent', 'example_external_task_marker_child' retrieved from /home/airflow/.local/lib/python3.8/site-packages/airflow/example_dags/example_external_task_marker_dag.py
[2025-03-24T23:48:53.274+0000] {logging_mixin.py:188} INFO - [2025-03-24T23:48:53.274+0000] {dag.py:3033} INFO - Sync 2 DAGs
[2025-03-24T23:48:53.282+0000] {logging_mixin.py:188} INFO - [2025-03-24T23:48:53.281+0000] {dag.py:3820} INFO - Setting next_dagrun for example_external_task_marker_child to None, run_after=None
[2025-03-24T23:48:53.284+0000] {logging_mixin.py:188} INFO - [2025-03-24T23:48:53.284+0000] {dag.py:3820} INFO - Setting next_dagrun for example_external_task_marker_parent to None, run_after=None
[2025-03-24T23:48:53.294+0000] {processor.py:183} INFO - Processing /home/airflow/.local/lib/python3.8/site-packages/airflow/example_dags/example_external_task_marker_dag.py took 0.064 seconds
[2025-03-24T23:49:24.012+0000] {processor.py:161} INFO - Started process (PID=2742) to work on /home/airflow/.local/lib/python3.8/site-packages/airflow/example_dags/example_external_task_marker_dag.py
[2025-03-24T23:49:24.014+0000] {processor.py:830} INFO - Processing file /home/airflow/.local/lib/python3.8/site-packages/airflow/example_dags/example_external_task_marker_dag.py for tasks to queue
[2025-03-24T23:49:24.017+0000] {logging_mixin.py:188} INFO - [2025-03-24T23:49:24.016+0000] {dagbag.py:538} INFO - Filling up the DagBag from /home/airflow/.local/lib/python3.8/site-packages/airflow/example_dags/example_external_task_marker_dag.py
[2025-03-24T23:49:24.022+0000] {processor.py:840} INFO - DAG(s) 'example_external_task_marker_child', 'example_external_task_marker_parent' retrieved from /home/airflow/.local/lib/python3.8/site-packages/airflow/example_dags/example_external_task_marker_dag.py
[2025-03-24T23:49:24.039+0000] {logging_mixin.py:188} INFO - [2025-03-24T23:49:24.039+0000] {dag.py:3033} INFO - Sync 2 DAGs
[2025-03-24T23:49:24.047+0000] {logging_mixin.py:188} INFO - [2025-03-24T23:49:24.047+0000] {dag.py:3820} INFO - Setting next_dagrun for example_external_task_marker_child to None, run_after=None
[2025-03-24T23:49:24.049+0000] {logging_mixin.py:188} INFO - [2025-03-24T23:49:24.049+0000] {dag.py:3820} INFO - Setting next_dagrun for example_external_task_marker_parent to None, run_after=None
[2025-03-24T23:49:24.143+0000] {processor.py:183} INFO - Processing /home/airflow/.local/lib/python3.8/site-packages/airflow/example_dags/example_external_task_marker_dag.py took 0.135 seconds
[2025-03-24T23:49:54.191+0000] {processor.py:161} INFO - Started process (PID=2796) to work on /home/airflow/.local/lib/python3.8/site-packages/airflow/example_dags/example_external_task_marker_dag.py
[2025-03-24T23:49:54.192+0000] {processor.py:830} INFO - Processing file /home/airflow/.local/lib/python3.8/site-packages/airflow/example_dags/example_external_task_marker_dag.py for tasks to queue
[2025-03-24T23:49:54.197+0000] {logging_mixin.py:188} INFO - [2025-03-24T23:49:54.197+0000] {dagbag.py:538} INFO - Filling up the DagBag from /home/airflow/.local/lib/python3.8/site-packages/airflow/example_dags/example_external_task_marker_dag.py
[2025-03-24T23:49:54.207+0000] {processor.py:840} INFO - DAG(s) 'example_external_task_marker_child', 'example_external_task_marker_parent' retrieved from /home/airflow/.local/lib/python3.8/site-packages/airflow/example_dags/example_external_task_marker_dag.py
[2025-03-24T23:49:54.228+0000] {logging_mixin.py:188} INFO - [2025-03-24T23:49:54.228+0000] {dag.py:3033} INFO - Sync 2 DAGs
[2025-03-24T23:49:54.237+0000] {logging_mixin.py:188} INFO - [2025-03-24T23:49:54.237+0000] {dag.py:3820} INFO - Setting next_dagrun for example_external_task_marker_child to None, run_after=None
[2025-03-24T23:49:54.239+0000] {logging_mixin.py:188} INFO - [2025-03-24T23:49:54.238+0000] {dag.py:3820} INFO - Setting next_dagrun for example_external_task_marker_parent to None, run_after=None
[2025-03-24T23:49:54.254+0000] {processor.py:183} INFO - Processing /home/airflow/.local/lib/python3.8/site-packages/airflow/example_dags/example_external_task_marker_dag.py took 0.068 seconds
[2025-03-24T23:50:24.613+0000] {processor.py:161} INFO - Started process (PID=2851) to work on /home/airflow/.local/lib/python3.8/site-packages/airflow/example_dags/example_external_task_marker_dag.py
[2025-03-24T23:50:24.615+0000] {processor.py:830} INFO - Processing file /home/airflow/.local/lib/python3.8/site-packages/airflow/example_dags/example_external_task_marker_dag.py for tasks to queue
[2025-03-24T23:50:24.617+0000] {logging_mixin.py:188} INFO - [2025-03-24T23:50:24.617+0000] {dagbag.py:538} INFO - Filling up the DagBag from /home/airflow/.local/lib/python3.8/site-packages/airflow/example_dags/example_external_task_marker_dag.py
[2025-03-24T23:50:24.623+0000] {processor.py:840} INFO - DAG(s) 'example_external_task_marker_parent', 'example_external_task_marker_child' retrieved from /home/airflow/.local/lib/python3.8/site-packages/airflow/example_dags/example_external_task_marker_dag.py
[2025-03-24T23:50:24.649+0000] {logging_mixin.py:188} INFO - [2025-03-24T23:50:24.649+0000] {dag.py:3033} INFO - Sync 2 DAGs
[2025-03-24T23:50:24.660+0000] {logging_mixin.py:188} INFO - [2025-03-24T23:50:24.660+0000] {dag.py:3820} INFO - Setting next_dagrun for example_external_task_marker_child to None, run_after=None
[2025-03-24T23:50:24.663+0000] {logging_mixin.py:188} INFO - [2025-03-24T23:50:24.663+0000] {dag.py:3820} INFO - Setting next_dagrun for example_external_task_marker_parent to None, run_after=None
[2025-03-24T23:50:24.677+0000] {processor.py:183} INFO - Processing /home/airflow/.local/lib/python3.8/site-packages/airflow/example_dags/example_external_task_marker_dag.py took 0.068 seconds
[2025-03-24T23:50:55.321+0000] {processor.py:161} INFO - Started process (PID=2906) to work on /home/airflow/.local/lib/python3.8/site-packages/airflow/example_dags/example_external_task_marker_dag.py
[2025-03-24T23:50:55.322+0000] {processor.py:830} INFO - Processing file /home/airflow/.local/lib/python3.8/site-packages/airflow/example_dags/example_external_task_marker_dag.py for tasks to queue
[2025-03-24T23:50:55.325+0000] {logging_mixin.py:188} INFO - [2025-03-24T23:50:55.324+0000] {dagbag.py:538} INFO - Filling up the DagBag from /home/airflow/.local/lib/python3.8/site-packages/airflow/example_dags/example_external_task_marker_dag.py
[2025-03-24T23:50:55.330+0000] {processor.py:840} INFO - DAG(s) 'example_external_task_marker_child', 'example_external_task_marker_parent' retrieved from /home/airflow/.local/lib/python3.8/site-packages/airflow/example_dags/example_external_task_marker_dag.py
[2025-03-24T23:50:55.476+0000] {logging_mixin.py:188} INFO - [2025-03-24T23:50:55.476+0000] {dag.py:3033} INFO - Sync 2 DAGs
[2025-03-24T23:50:55.483+0000] {logging_mixin.py:188} INFO - [2025-03-24T23:50:55.483+0000] {dag.py:3820} INFO - Setting next_dagrun for example_external_task_marker_child to None, run_after=None
[2025-03-24T23:50:55.486+0000] {logging_mixin.py:188} INFO - [2025-03-24T23:50:55.486+0000] {dag.py:3820} INFO - Setting next_dagrun for example_external_task_marker_parent to None, run_after=None
[2025-03-24T23:50:55.502+0000] {processor.py:183} INFO - Processing /home/airflow/.local/lib/python3.8/site-packages/airflow/example_dags/example_external_task_marker_dag.py took 0.186 seconds
[2025-03-24T23:51:26.405+0000] {processor.py:161} INFO - Started process (PID=2961) to work on /home/airflow/.local/lib/python3.8/site-packages/airflow/example_dags/example_external_task_marker_dag.py
[2025-03-24T23:51:26.407+0000] {processor.py:830} INFO - Processing file /home/airflow/.local/lib/python3.8/site-packages/airflow/example_dags/example_external_task_marker_dag.py for tasks to queue
[2025-03-24T23:51:26.411+0000] {logging_mixin.py:188} INFO - [2025-03-24T23:51:26.411+0000] {dagbag.py:538} INFO - Filling up the DagBag from /home/airflow/.local/lib/python3.8/site-packages/airflow/example_dags/example_external_task_marker_dag.py
[2025-03-24T23:51:26.416+0000] {processor.py:840} INFO - DAG(s) 'example_external_task_marker_parent', 'example_external_task_marker_child' retrieved from /home/airflow/.local/lib/python3.8/site-packages/airflow/example_dags/example_external_task_marker_dag.py
[2025-03-24T23:51:26.437+0000] {logging_mixin.py:188} INFO - [2025-03-24T23:51:26.437+0000] {dag.py:3033} INFO - Sync 2 DAGs
[2025-03-24T23:51:26.446+0000] {logging_mixin.py:188} INFO - [2025-03-24T23:51:26.446+0000] {dag.py:3820} INFO - Setting next_dagrun for example_external_task_marker_child to None, run_after=None
[2025-03-24T23:51:26.448+0000] {logging_mixin.py:188} INFO - [2025-03-24T23:51:26.448+0000] {dag.py:3820} INFO - Setting next_dagrun for example_external_task_marker_parent to None, run_after=None
[2025-03-24T23:51:26.460+0000] {processor.py:183} INFO - Processing /home/airflow/.local/lib/python3.8/site-packages/airflow/example_dags/example_external_task_marker_dag.py took 0.058 seconds
