[2025-03-24T23:24:26.136+0000] {processor.py:161} INFO - Started process (PID=58) to work on /home/airflow/.local/lib/python3.8/site-packages/airflow/example_dags/example_task_group.py
[2025-03-24T23:24:26.138+0000] {processor.py:830} INFO - Processing file /home/airflow/.local/lib/python3.8/site-packages/airflow/example_dags/example_task_group.py for tasks to queue
[2025-03-24T23:24:26.139+0000] {logging_mixin.py:188} INFO - [2025-03-24T23:24:26.139+0000] {dagbag.py:538} INFO - Filling up the DagBag from /home/airflow/.local/lib/python3.8/site-packages/airflow/example_dags/example_task_group.py
[2025-03-24T23:24:26.149+0000] {processor.py:840} INFO - DAG(s) 'example_task_group' retrieved from /home/airflow/.local/lib/python3.8/site-packages/airflow/example_dags/example_task_group.py
[2025-03-24T23:24:26.160+0000] {logging_mixin.py:188} INFO - [2025-03-24T23:24:26.160+0000] {dag.py:3033} INFO - Sync 1 DAGs
[2025-03-24T23:24:26.174+0000] {logging_mixin.py:188} INFO - [2025-03-24T23:24:26.174+0000] {dag.py:3820} INFO - Setting next_dagrun for example_task_group to 2025-03-23T00:00:00+00:00, run_after=2025-03-24T00:00:00+00:00
[2025-03-24T23:24:26.194+0000] {processor.py:183} INFO - Processing /home/airflow/.local/lib/python3.8/site-packages/airflow/example_dags/example_task_group.py took 0.061 seconds
[2025-03-24T23:24:56.357+0000] {processor.py:161} INFO - Started process (PID=113) to work on /home/airflow/.local/lib/python3.8/site-packages/airflow/example_dags/example_task_group.py
[2025-03-24T23:24:56.358+0000] {processor.py:830} INFO - Processing file /home/airflow/.local/lib/python3.8/site-packages/airflow/example_dags/example_task_group.py for tasks to queue
[2025-03-24T23:24:56.360+0000] {logging_mixin.py:188} INFO - [2025-03-24T23:24:56.359+0000] {dagbag.py:538} INFO - Filling up the DagBag from /home/airflow/.local/lib/python3.8/site-packages/airflow/example_dags/example_task_group.py
[2025-03-24T23:24:56.367+0000] {processor.py:840} INFO - DAG(s) 'example_task_group' retrieved from /home/airflow/.local/lib/python3.8/site-packages/airflow/example_dags/example_task_group.py
[2025-03-24T23:24:56.421+0000] {logging_mixin.py:188} INFO - [2025-03-24T23:24:56.421+0000] {dag.py:3033} INFO - Sync 1 DAGs
[2025-03-24T23:24:56.431+0000] {logging_mixin.py:188} INFO - [2025-03-24T23:24:56.431+0000] {dag.py:3820} INFO - Setting next_dagrun for example_task_group to 2025-03-23T00:00:00+00:00, run_after=2025-03-24T00:00:00+00:00
[2025-03-24T23:24:56.440+0000] {processor.py:183} INFO - Processing /home/airflow/.local/lib/python3.8/site-packages/airflow/example_dags/example_task_group.py took 0.086 seconds
[2025-03-24T23:25:27.387+0000] {processor.py:161} INFO - Started process (PID=168) to work on /home/airflow/.local/lib/python3.8/site-packages/airflow/example_dags/example_task_group.py
[2025-03-24T23:25:27.390+0000] {processor.py:830} INFO - Processing file /home/airflow/.local/lib/python3.8/site-packages/airflow/example_dags/example_task_group.py for tasks to queue
[2025-03-24T23:25:27.392+0000] {logging_mixin.py:188} INFO - [2025-03-24T23:25:27.392+0000] {dagbag.py:538} INFO - Filling up the DagBag from /home/airflow/.local/lib/python3.8/site-packages/airflow/example_dags/example_task_group.py
[2025-03-24T23:25:27.398+0000] {processor.py:840} INFO - DAG(s) 'example_task_group' retrieved from /home/airflow/.local/lib/python3.8/site-packages/airflow/example_dags/example_task_group.py
[2025-03-24T23:25:27.417+0000] {logging_mixin.py:188} INFO - [2025-03-24T23:25:27.417+0000] {dag.py:3033} INFO - Sync 1 DAGs
[2025-03-24T23:25:27.431+0000] {logging_mixin.py:188} INFO - [2025-03-24T23:25:27.431+0000] {dag.py:3820} INFO - Setting next_dagrun for example_task_group to 2025-03-23T00:00:00+00:00, run_after=2025-03-24T00:00:00+00:00
[2025-03-24T23:25:27.442+0000] {processor.py:183} INFO - Processing /home/airflow/.local/lib/python3.8/site-packages/airflow/example_dags/example_task_group.py took 0.058 seconds
[2025-03-24T23:25:57.996+0000] {processor.py:161} INFO - Started process (PID=223) to work on /home/airflow/.local/lib/python3.8/site-packages/airflow/example_dags/example_task_group.py
[2025-03-24T23:25:58.004+0000] {processor.py:830} INFO - Processing file /home/airflow/.local/lib/python3.8/site-packages/airflow/example_dags/example_task_group.py for tasks to queue
[2025-03-24T23:25:58.006+0000] {logging_mixin.py:188} INFO - [2025-03-24T23:25:58.006+0000] {dagbag.py:538} INFO - Filling up the DagBag from /home/airflow/.local/lib/python3.8/site-packages/airflow/example_dags/example_task_group.py
[2025-03-24T23:25:58.012+0000] {processor.py:840} INFO - DAG(s) 'example_task_group' retrieved from /home/airflow/.local/lib/python3.8/site-packages/airflow/example_dags/example_task_group.py
[2025-03-24T23:25:58.025+0000] {logging_mixin.py:188} INFO - [2025-03-24T23:25:58.025+0000] {dag.py:3033} INFO - Sync 1 DAGs
[2025-03-24T23:25:58.037+0000] {logging_mixin.py:188} INFO - [2025-03-24T23:25:58.037+0000] {dag.py:3820} INFO - Setting next_dagrun for example_task_group to 2025-03-23T00:00:00+00:00, run_after=2025-03-24T00:00:00+00:00
[2025-03-24T23:25:58.048+0000] {processor.py:183} INFO - Processing /home/airflow/.local/lib/python3.8/site-packages/airflow/example_dags/example_task_group.py took 0.054 seconds
[2025-03-24T23:26:28.722+0000] {processor.py:161} INFO - Started process (PID=284) to work on /home/airflow/.local/lib/python3.8/site-packages/airflow/example_dags/example_task_group.py
[2025-03-24T23:26:28.727+0000] {processor.py:830} INFO - Processing file /home/airflow/.local/lib/python3.8/site-packages/airflow/example_dags/example_task_group.py for tasks to queue
[2025-03-24T23:26:28.729+0000] {logging_mixin.py:188} INFO - [2025-03-24T23:26:28.729+0000] {dagbag.py:538} INFO - Filling up the DagBag from /home/airflow/.local/lib/python3.8/site-packages/airflow/example_dags/example_task_group.py
[2025-03-24T23:26:28.732+0000] {processor.py:840} INFO - DAG(s) 'example_task_group' retrieved from /home/airflow/.local/lib/python3.8/site-packages/airflow/example_dags/example_task_group.py
[2025-03-24T23:26:28.742+0000] {logging_mixin.py:188} INFO - [2025-03-24T23:26:28.742+0000] {dag.py:3033} INFO - Sync 1 DAGs
[2025-03-24T23:26:28.750+0000] {logging_mixin.py:188} INFO - [2025-03-24T23:26:28.750+0000] {dag.py:3820} INFO - Setting next_dagrun for example_task_group to 2025-03-23T00:00:00+00:00, run_after=2025-03-24T00:00:00+00:00
[2025-03-24T23:26:28.762+0000] {processor.py:183} INFO - Processing /home/airflow/.local/lib/python3.8/site-packages/airflow/example_dags/example_task_group.py took 0.041 seconds
[2025-03-24T23:26:59.264+0000] {processor.py:161} INFO - Started process (PID=339) to work on /home/airflow/.local/lib/python3.8/site-packages/airflow/example_dags/example_task_group.py
[2025-03-24T23:26:59.266+0000] {processor.py:830} INFO - Processing file /home/airflow/.local/lib/python3.8/site-packages/airflow/example_dags/example_task_group.py for tasks to queue
[2025-03-24T23:26:59.266+0000] {logging_mixin.py:188} INFO - [2025-03-24T23:26:59.266+0000] {dagbag.py:538} INFO - Filling up the DagBag from /home/airflow/.local/lib/python3.8/site-packages/airflow/example_dags/example_task_group.py
[2025-03-24T23:26:59.272+0000] {processor.py:840} INFO - DAG(s) 'example_task_group' retrieved from /home/airflow/.local/lib/python3.8/site-packages/airflow/example_dags/example_task_group.py
[2025-03-24T23:26:59.283+0000] {logging_mixin.py:188} INFO - [2025-03-24T23:26:59.283+0000] {dag.py:3033} INFO - Sync 1 DAGs
[2025-03-24T23:26:59.293+0000] {logging_mixin.py:188} INFO - [2025-03-24T23:26:59.292+0000] {dag.py:3820} INFO - Setting next_dagrun for example_task_group to 2025-03-23T00:00:00+00:00, run_after=2025-03-24T00:00:00+00:00
[2025-03-24T23:26:59.303+0000] {processor.py:183} INFO - Processing /home/airflow/.local/lib/python3.8/site-packages/airflow/example_dags/example_task_group.py took 0.040 seconds
[2025-03-24T23:27:29.955+0000] {processor.py:161} INFO - Started process (PID=394) to work on /home/airflow/.local/lib/python3.8/site-packages/airflow/example_dags/example_task_group.py
[2025-03-24T23:27:29.960+0000] {processor.py:830} INFO - Processing file /home/airflow/.local/lib/python3.8/site-packages/airflow/example_dags/example_task_group.py for tasks to queue
[2025-03-24T23:27:29.962+0000] {logging_mixin.py:188} INFO - [2025-03-24T23:27:29.962+0000] {dagbag.py:538} INFO - Filling up the DagBag from /home/airflow/.local/lib/python3.8/site-packages/airflow/example_dags/example_task_group.py
[2025-03-24T23:27:29.965+0000] {processor.py:840} INFO - DAG(s) 'example_task_group' retrieved from /home/airflow/.local/lib/python3.8/site-packages/airflow/example_dags/example_task_group.py
[2025-03-24T23:27:29.978+0000] {logging_mixin.py:188} INFO - [2025-03-24T23:27:29.978+0000] {dag.py:3033} INFO - Sync 1 DAGs
[2025-03-24T23:27:29.990+0000] {logging_mixin.py:188} INFO - [2025-03-24T23:27:29.990+0000] {dag.py:3820} INFO - Setting next_dagrun for example_task_group to 2025-03-23T00:00:00+00:00, run_after=2025-03-24T00:00:00+00:00
[2025-03-24T23:27:30.001+0000] {processor.py:183} INFO - Processing /home/airflow/.local/lib/python3.8/site-packages/airflow/example_dags/example_task_group.py took 0.048 seconds
[2025-03-24T23:28:00.633+0000] {processor.py:161} INFO - Started process (PID=449) to work on /home/airflow/.local/lib/python3.8/site-packages/airflow/example_dags/example_task_group.py
[2025-03-24T23:28:00.640+0000] {processor.py:830} INFO - Processing file /home/airflow/.local/lib/python3.8/site-packages/airflow/example_dags/example_task_group.py for tasks to queue
[2025-03-24T23:28:00.642+0000] {logging_mixin.py:188} INFO - [2025-03-24T23:28:00.642+0000] {dagbag.py:538} INFO - Filling up the DagBag from /home/airflow/.local/lib/python3.8/site-packages/airflow/example_dags/example_task_group.py
[2025-03-24T23:28:00.649+0000] {processor.py:840} INFO - DAG(s) 'example_task_group' retrieved from /home/airflow/.local/lib/python3.8/site-packages/airflow/example_dags/example_task_group.py
[2025-03-24T23:28:00.663+0000] {logging_mixin.py:188} INFO - [2025-03-24T23:28:00.663+0000] {dag.py:3033} INFO - Sync 1 DAGs
[2025-03-24T23:28:00.676+0000] {logging_mixin.py:188} INFO - [2025-03-24T23:28:00.676+0000] {dag.py:3820} INFO - Setting next_dagrun for example_task_group to 2025-03-23T00:00:00+00:00, run_after=2025-03-24T00:00:00+00:00
[2025-03-24T23:28:00.688+0000] {processor.py:183} INFO - Processing /home/airflow/.local/lib/python3.8/site-packages/airflow/example_dags/example_task_group.py took 0.058 seconds
[2025-03-24T23:28:31.387+0000] {processor.py:161} INFO - Started process (PID=504) to work on /home/airflow/.local/lib/python3.8/site-packages/airflow/example_dags/example_task_group.py
[2025-03-24T23:28:31.391+0000] {processor.py:830} INFO - Processing file /home/airflow/.local/lib/python3.8/site-packages/airflow/example_dags/example_task_group.py for tasks to queue
[2025-03-24T23:28:31.395+0000] {logging_mixin.py:188} INFO - [2025-03-24T23:28:31.395+0000] {dagbag.py:538} INFO - Filling up the DagBag from /home/airflow/.local/lib/python3.8/site-packages/airflow/example_dags/example_task_group.py
[2025-03-24T23:28:31.403+0000] {processor.py:840} INFO - DAG(s) 'example_task_group' retrieved from /home/airflow/.local/lib/python3.8/site-packages/airflow/example_dags/example_task_group.py
[2025-03-24T23:28:31.422+0000] {logging_mixin.py:188} INFO - [2025-03-24T23:28:31.421+0000] {dag.py:3033} INFO - Sync 1 DAGs
[2025-03-24T23:28:31.434+0000] {logging_mixin.py:188} INFO - [2025-03-24T23:28:31.434+0000] {dag.py:3820} INFO - Setting next_dagrun for example_task_group to 2025-03-23T00:00:00+00:00, run_after=2025-03-24T00:00:00+00:00
[2025-03-24T23:28:31.447+0000] {processor.py:183} INFO - Processing /home/airflow/.local/lib/python3.8/site-packages/airflow/example_dags/example_task_group.py took 0.063 seconds
[2025-03-24T23:29:02.130+0000] {processor.py:161} INFO - Started process (PID=559) to work on /home/airflow/.local/lib/python3.8/site-packages/airflow/example_dags/example_task_group.py
[2025-03-24T23:29:02.136+0000] {processor.py:830} INFO - Processing file /home/airflow/.local/lib/python3.8/site-packages/airflow/example_dags/example_task_group.py for tasks to queue
[2025-03-24T23:29:02.140+0000] {logging_mixin.py:188} INFO - [2025-03-24T23:29:02.139+0000] {dagbag.py:538} INFO - Filling up the DagBag from /home/airflow/.local/lib/python3.8/site-packages/airflow/example_dags/example_task_group.py
[2025-03-24T23:29:02.148+0000] {processor.py:840} INFO - DAG(s) 'example_task_group' retrieved from /home/airflow/.local/lib/python3.8/site-packages/airflow/example_dags/example_task_group.py
[2025-03-24T23:29:02.162+0000] {logging_mixin.py:188} INFO - [2025-03-24T23:29:02.162+0000] {dag.py:3033} INFO - Sync 1 DAGs
[2025-03-24T23:29:02.174+0000] {logging_mixin.py:188} INFO - [2025-03-24T23:29:02.174+0000] {dag.py:3820} INFO - Setting next_dagrun for example_task_group to 2025-03-23T00:00:00+00:00, run_after=2025-03-24T00:00:00+00:00
[2025-03-24T23:29:02.185+0000] {processor.py:183} INFO - Processing /home/airflow/.local/lib/python3.8/site-packages/airflow/example_dags/example_task_group.py took 0.058 seconds
[2025-03-24T23:29:32.826+0000] {processor.py:161} INFO - Started process (PID=614) to work on /home/airflow/.local/lib/python3.8/site-packages/airflow/example_dags/example_task_group.py
[2025-03-24T23:29:32.827+0000] {processor.py:830} INFO - Processing file /home/airflow/.local/lib/python3.8/site-packages/airflow/example_dags/example_task_group.py for tasks to queue
[2025-03-24T23:29:32.831+0000] {logging_mixin.py:188} INFO - [2025-03-24T23:29:32.831+0000] {dagbag.py:538} INFO - Filling up the DagBag from /home/airflow/.local/lib/python3.8/site-packages/airflow/example_dags/example_task_group.py
[2025-03-24T23:29:32.838+0000] {processor.py:840} INFO - DAG(s) 'example_task_group' retrieved from /home/airflow/.local/lib/python3.8/site-packages/airflow/example_dags/example_task_group.py
[2025-03-24T23:29:32.857+0000] {logging_mixin.py:188} INFO - [2025-03-24T23:29:32.857+0000] {dag.py:3033} INFO - Sync 1 DAGs
[2025-03-24T23:29:32.874+0000] {logging_mixin.py:188} INFO - [2025-03-24T23:29:32.874+0000] {dag.py:3820} INFO - Setting next_dagrun for example_task_group to 2025-03-23T00:00:00+00:00, run_after=2025-03-24T00:00:00+00:00
[2025-03-24T23:29:32.884+0000] {processor.py:183} INFO - Processing /home/airflow/.local/lib/python3.8/site-packages/airflow/example_dags/example_task_group.py took 0.062 seconds
[2025-03-24T23:30:03.559+0000] {processor.py:161} INFO - Started process (PID=669) to work on /home/airflow/.local/lib/python3.8/site-packages/airflow/example_dags/example_task_group.py
[2025-03-24T23:30:03.559+0000] {processor.py:830} INFO - Processing file /home/airflow/.local/lib/python3.8/site-packages/airflow/example_dags/example_task_group.py for tasks to queue
[2025-03-24T23:30:03.561+0000] {logging_mixin.py:188} INFO - [2025-03-24T23:30:03.561+0000] {dagbag.py:538} INFO - Filling up the DagBag from /home/airflow/.local/lib/python3.8/site-packages/airflow/example_dags/example_task_group.py
[2025-03-24T23:30:03.568+0000] {processor.py:840} INFO - DAG(s) 'example_task_group' retrieved from /home/airflow/.local/lib/python3.8/site-packages/airflow/example_dags/example_task_group.py
[2025-03-24T23:30:03.588+0000] {logging_mixin.py:188} INFO - [2025-03-24T23:30:03.588+0000] {dag.py:3033} INFO - Sync 1 DAGs
[2025-03-24T23:30:03.603+0000] {logging_mixin.py:188} INFO - [2025-03-24T23:30:03.603+0000] {dag.py:3820} INFO - Setting next_dagrun for example_task_group to 2025-03-23T00:00:00+00:00, run_after=2025-03-24T00:00:00+00:00
[2025-03-24T23:30:03.613+0000] {processor.py:183} INFO - Processing /home/airflow/.local/lib/python3.8/site-packages/airflow/example_dags/example_task_group.py took 0.058 seconds
[2025-03-24T23:30:34.090+0000] {processor.py:161} INFO - Started process (PID=724) to work on /home/airflow/.local/lib/python3.8/site-packages/airflow/example_dags/example_task_group.py
[2025-03-24T23:30:34.091+0000] {processor.py:830} INFO - Processing file /home/airflow/.local/lib/python3.8/site-packages/airflow/example_dags/example_task_group.py for tasks to queue
[2025-03-24T23:30:34.092+0000] {logging_mixin.py:188} INFO - [2025-03-24T23:30:34.092+0000] {dagbag.py:538} INFO - Filling up the DagBag from /home/airflow/.local/lib/python3.8/site-packages/airflow/example_dags/example_task_group.py
[2025-03-24T23:30:34.102+0000] {processor.py:840} INFO - DAG(s) 'example_task_group' retrieved from /home/airflow/.local/lib/python3.8/site-packages/airflow/example_dags/example_task_group.py
[2025-03-24T23:30:34.119+0000] {logging_mixin.py:188} INFO - [2025-03-24T23:30:34.119+0000] {dag.py:3033} INFO - Sync 1 DAGs
[2025-03-24T23:30:34.135+0000] {logging_mixin.py:188} INFO - [2025-03-24T23:30:34.135+0000] {dag.py:3820} INFO - Setting next_dagrun for example_task_group to 2025-03-23T00:00:00+00:00, run_after=2025-03-24T00:00:00+00:00
[2025-03-24T23:30:34.143+0000] {processor.py:183} INFO - Processing /home/airflow/.local/lib/python3.8/site-packages/airflow/example_dags/example_task_group.py took 0.057 seconds
[2025-03-24T23:31:05.002+0000] {processor.py:161} INFO - Started process (PID=779) to work on /home/airflow/.local/lib/python3.8/site-packages/airflow/example_dags/example_task_group.py
[2025-03-24T23:31:05.004+0000] {processor.py:830} INFO - Processing file /home/airflow/.local/lib/python3.8/site-packages/airflow/example_dags/example_task_group.py for tasks to queue
[2025-03-24T23:31:05.006+0000] {logging_mixin.py:188} INFO - [2025-03-24T23:31:05.006+0000] {dagbag.py:538} INFO - Filling up the DagBag from /home/airflow/.local/lib/python3.8/site-packages/airflow/example_dags/example_task_group.py
[2025-03-24T23:31:05.013+0000] {processor.py:840} INFO - DAG(s) 'example_task_group' retrieved from /home/airflow/.local/lib/python3.8/site-packages/airflow/example_dags/example_task_group.py
[2025-03-24T23:31:05.031+0000] {logging_mixin.py:188} INFO - [2025-03-24T23:31:05.031+0000] {dag.py:3033} INFO - Sync 1 DAGs
[2025-03-24T23:31:05.049+0000] {logging_mixin.py:188} INFO - [2025-03-24T23:31:05.049+0000] {dag.py:3820} INFO - Setting next_dagrun for example_task_group to 2025-03-23T00:00:00+00:00, run_after=2025-03-24T00:00:00+00:00
[2025-03-24T23:31:05.058+0000] {processor.py:183} INFO - Processing /home/airflow/.local/lib/python3.8/site-packages/airflow/example_dags/example_task_group.py took 0.060 seconds
[2025-03-24T23:31:35.792+0000] {processor.py:161} INFO - Started process (PID=834) to work on /home/airflow/.local/lib/python3.8/site-packages/airflow/example_dags/example_task_group.py
[2025-03-24T23:31:35.793+0000] {processor.py:830} INFO - Processing file /home/airflow/.local/lib/python3.8/site-packages/airflow/example_dags/example_task_group.py for tasks to queue
[2025-03-24T23:31:35.795+0000] {logging_mixin.py:188} INFO - [2025-03-24T23:31:35.795+0000] {dagbag.py:538} INFO - Filling up the DagBag from /home/airflow/.local/lib/python3.8/site-packages/airflow/example_dags/example_task_group.py
[2025-03-24T23:31:35.801+0000] {processor.py:840} INFO - DAG(s) 'example_task_group' retrieved from /home/airflow/.local/lib/python3.8/site-packages/airflow/example_dags/example_task_group.py
[2025-03-24T23:31:35.818+0000] {logging_mixin.py:188} INFO - [2025-03-24T23:31:35.818+0000] {dag.py:3033} INFO - Sync 1 DAGs
[2025-03-24T23:31:35.834+0000] {logging_mixin.py:188} INFO - [2025-03-24T23:31:35.834+0000] {dag.py:3820} INFO - Setting next_dagrun for example_task_group to 2025-03-23T00:00:00+00:00, run_after=2025-03-24T00:00:00+00:00
[2025-03-24T23:31:35.842+0000] {processor.py:183} INFO - Processing /home/airflow/.local/lib/python3.8/site-packages/airflow/example_dags/example_task_group.py took 0.054 seconds
[2025-03-24T23:32:06.443+0000] {processor.py:161} INFO - Started process (PID=889) to work on /home/airflow/.local/lib/python3.8/site-packages/airflow/example_dags/example_task_group.py
[2025-03-24T23:32:06.445+0000] {processor.py:830} INFO - Processing file /home/airflow/.local/lib/python3.8/site-packages/airflow/example_dags/example_task_group.py for tasks to queue
[2025-03-24T23:32:06.450+0000] {logging_mixin.py:188} INFO - [2025-03-24T23:32:06.450+0000] {dagbag.py:538} INFO - Filling up the DagBag from /home/airflow/.local/lib/python3.8/site-packages/airflow/example_dags/example_task_group.py
[2025-03-24T23:32:06.456+0000] {processor.py:840} INFO - DAG(s) 'example_task_group' retrieved from /home/airflow/.local/lib/python3.8/site-packages/airflow/example_dags/example_task_group.py
[2025-03-24T23:32:06.475+0000] {logging_mixin.py:188} INFO - [2025-03-24T23:32:06.475+0000] {dag.py:3033} INFO - Sync 1 DAGs
[2025-03-24T23:32:06.496+0000] {logging_mixin.py:188} INFO - [2025-03-24T23:32:06.496+0000] {dag.py:3820} INFO - Setting next_dagrun for example_task_group to 2025-03-23T00:00:00+00:00, run_after=2025-03-24T00:00:00+00:00
[2025-03-24T23:32:06.520+0000] {processor.py:183} INFO - Processing /home/airflow/.local/lib/python3.8/site-packages/airflow/example_dags/example_task_group.py took 0.080 seconds
[2025-03-24T23:32:37.505+0000] {processor.py:161} INFO - Started process (PID=944) to work on /home/airflow/.local/lib/python3.8/site-packages/airflow/example_dags/example_task_group.py
[2025-03-24T23:32:37.508+0000] {processor.py:830} INFO - Processing file /home/airflow/.local/lib/python3.8/site-packages/airflow/example_dags/example_task_group.py for tasks to queue
[2025-03-24T23:32:37.510+0000] {logging_mixin.py:188} INFO - [2025-03-24T23:32:37.510+0000] {dagbag.py:538} INFO - Filling up the DagBag from /home/airflow/.local/lib/python3.8/site-packages/airflow/example_dags/example_task_group.py
[2025-03-24T23:32:37.515+0000] {processor.py:840} INFO - DAG(s) 'example_task_group' retrieved from /home/airflow/.local/lib/python3.8/site-packages/airflow/example_dags/example_task_group.py
[2025-03-24T23:32:37.534+0000] {logging_mixin.py:188} INFO - [2025-03-24T23:32:37.533+0000] {dag.py:3033} INFO - Sync 1 DAGs
[2025-03-24T23:32:37.548+0000] {logging_mixin.py:188} INFO - [2025-03-24T23:32:37.548+0000] {dag.py:3820} INFO - Setting next_dagrun for example_task_group to 2025-03-23T00:00:00+00:00, run_after=2025-03-24T00:00:00+00:00
[2025-03-24T23:32:37.560+0000] {processor.py:183} INFO - Processing /home/airflow/.local/lib/python3.8/site-packages/airflow/example_dags/example_task_group.py took 0.059 seconds
[2025-03-24T23:33:08.020+0000] {processor.py:161} INFO - Started process (PID=999) to work on /home/airflow/.local/lib/python3.8/site-packages/airflow/example_dags/example_task_group.py
[2025-03-24T23:33:08.024+0000] {processor.py:830} INFO - Processing file /home/airflow/.local/lib/python3.8/site-packages/airflow/example_dags/example_task_group.py for tasks to queue
[2025-03-24T23:33:08.026+0000] {logging_mixin.py:188} INFO - [2025-03-24T23:33:08.026+0000] {dagbag.py:538} INFO - Filling up the DagBag from /home/airflow/.local/lib/python3.8/site-packages/airflow/example_dags/example_task_group.py
[2025-03-24T23:33:08.032+0000] {processor.py:840} INFO - DAG(s) 'example_task_group' retrieved from /home/airflow/.local/lib/python3.8/site-packages/airflow/example_dags/example_task_group.py
[2025-03-24T23:33:08.049+0000] {logging_mixin.py:188} INFO - [2025-03-24T23:33:08.049+0000] {dag.py:3033} INFO - Sync 1 DAGs
[2025-03-24T23:33:08.064+0000] {logging_mixin.py:188} INFO - [2025-03-24T23:33:08.063+0000] {dag.py:3820} INFO - Setting next_dagrun for example_task_group to 2025-03-23T00:00:00+00:00, run_after=2025-03-24T00:00:00+00:00
[2025-03-24T23:33:08.073+0000] {processor.py:183} INFO - Processing /home/airflow/.local/lib/python3.8/site-packages/airflow/example_dags/example_task_group.py took 0.055 seconds
[2025-03-24T23:33:38.638+0000] {processor.py:161} INFO - Started process (PID=1054) to work on /home/airflow/.local/lib/python3.8/site-packages/airflow/example_dags/example_task_group.py
[2025-03-24T23:33:38.641+0000] {processor.py:830} INFO - Processing file /home/airflow/.local/lib/python3.8/site-packages/airflow/example_dags/example_task_group.py for tasks to queue
[2025-03-24T23:33:38.643+0000] {logging_mixin.py:188} INFO - [2025-03-24T23:33:38.643+0000] {dagbag.py:538} INFO - Filling up the DagBag from /home/airflow/.local/lib/python3.8/site-packages/airflow/example_dags/example_task_group.py
[2025-03-24T23:33:38.650+0000] {processor.py:840} INFO - DAG(s) 'example_task_group' retrieved from /home/airflow/.local/lib/python3.8/site-packages/airflow/example_dags/example_task_group.py
[2025-03-24T23:33:38.668+0000] {logging_mixin.py:188} INFO - [2025-03-24T23:33:38.668+0000] {dag.py:3033} INFO - Sync 1 DAGs
[2025-03-24T23:33:38.685+0000] {logging_mixin.py:188} INFO - [2025-03-24T23:33:38.685+0000] {dag.py:3820} INFO - Setting next_dagrun for example_task_group to 2025-03-23T00:00:00+00:00, run_after=2025-03-24T00:00:00+00:00
[2025-03-24T23:33:38.693+0000] {processor.py:183} INFO - Processing /home/airflow/.local/lib/python3.8/site-packages/airflow/example_dags/example_task_group.py took 0.059 seconds
[2025-03-24T23:34:09.220+0000] {processor.py:161} INFO - Started process (PID=1109) to work on /home/airflow/.local/lib/python3.8/site-packages/airflow/example_dags/example_task_group.py
[2025-03-24T23:34:09.221+0000] {processor.py:830} INFO - Processing file /home/airflow/.local/lib/python3.8/site-packages/airflow/example_dags/example_task_group.py for tasks to queue
[2025-03-24T23:34:09.225+0000] {logging_mixin.py:188} INFO - [2025-03-24T23:34:09.225+0000] {dagbag.py:538} INFO - Filling up the DagBag from /home/airflow/.local/lib/python3.8/site-packages/airflow/example_dags/example_task_group.py
[2025-03-24T23:34:09.230+0000] {processor.py:840} INFO - DAG(s) 'example_task_group' retrieved from /home/airflow/.local/lib/python3.8/site-packages/airflow/example_dags/example_task_group.py
[2025-03-24T23:34:09.243+0000] {logging_mixin.py:188} INFO - [2025-03-24T23:34:09.243+0000] {dag.py:3033} INFO - Sync 1 DAGs
[2025-03-24T23:34:09.255+0000] {logging_mixin.py:188} INFO - [2025-03-24T23:34:09.255+0000] {dag.py:3820} INFO - Setting next_dagrun for example_task_group to 2025-03-23T00:00:00+00:00, run_after=2025-03-24T00:00:00+00:00
[2025-03-24T23:34:09.264+0000] {processor.py:183} INFO - Processing /home/airflow/.local/lib/python3.8/site-packages/airflow/example_dags/example_task_group.py took 0.047 seconds
[2025-03-24T23:34:39.854+0000] {processor.py:161} INFO - Started process (PID=1164) to work on /home/airflow/.local/lib/python3.8/site-packages/airflow/example_dags/example_task_group.py
[2025-03-24T23:34:39.861+0000] {processor.py:830} INFO - Processing file /home/airflow/.local/lib/python3.8/site-packages/airflow/example_dags/example_task_group.py for tasks to queue
[2025-03-24T23:34:39.864+0000] {logging_mixin.py:188} INFO - [2025-03-24T23:34:39.864+0000] {dagbag.py:538} INFO - Filling up the DagBag from /home/airflow/.local/lib/python3.8/site-packages/airflow/example_dags/example_task_group.py
[2025-03-24T23:34:39.870+0000] {processor.py:840} INFO - DAG(s) 'example_task_group' retrieved from /home/airflow/.local/lib/python3.8/site-packages/airflow/example_dags/example_task_group.py
[2025-03-24T23:34:39.899+0000] {logging_mixin.py:188} INFO - [2025-03-24T23:34:39.898+0000] {dag.py:3033} INFO - Sync 1 DAGs
[2025-03-24T23:34:39.924+0000] {logging_mixin.py:188} INFO - [2025-03-24T23:34:39.924+0000] {dag.py:3820} INFO - Setting next_dagrun for example_task_group to 2025-03-23T00:00:00+00:00, run_after=2025-03-24T00:00:00+00:00
[2025-03-24T23:34:39.943+0000] {processor.py:183} INFO - Processing /home/airflow/.local/lib/python3.8/site-packages/airflow/example_dags/example_task_group.py took 0.093 seconds
[2025-03-24T23:35:10.018+0000] {processor.py:161} INFO - Started process (PID=1219) to work on /home/airflow/.local/lib/python3.8/site-packages/airflow/example_dags/example_task_group.py
[2025-03-24T23:35:10.024+0000] {processor.py:830} INFO - Processing file /home/airflow/.local/lib/python3.8/site-packages/airflow/example_dags/example_task_group.py for tasks to queue
[2025-03-24T23:35:10.026+0000] {logging_mixin.py:188} INFO - [2025-03-24T23:35:10.025+0000] {dagbag.py:538} INFO - Filling up the DagBag from /home/airflow/.local/lib/python3.8/site-packages/airflow/example_dags/example_task_group.py
[2025-03-24T23:35:10.032+0000] {processor.py:840} INFO - DAG(s) 'example_task_group' retrieved from /home/airflow/.local/lib/python3.8/site-packages/airflow/example_dags/example_task_group.py
[2025-03-24T23:35:10.053+0000] {logging_mixin.py:188} INFO - [2025-03-24T23:35:10.053+0000] {dag.py:3033} INFO - Sync 1 DAGs
[2025-03-24T23:35:10.069+0000] {logging_mixin.py:188} INFO - [2025-03-24T23:35:10.069+0000] {dag.py:3820} INFO - Setting next_dagrun for example_task_group to 2025-03-23T00:00:00+00:00, run_after=2025-03-24T00:00:00+00:00
[2025-03-24T23:35:10.086+0000] {processor.py:183} INFO - Processing /home/airflow/.local/lib/python3.8/site-packages/airflow/example_dags/example_task_group.py took 0.071 seconds
[2025-03-24T23:35:40.873+0000] {processor.py:161} INFO - Started process (PID=1274) to work on /home/airflow/.local/lib/python3.8/site-packages/airflow/example_dags/example_task_group.py
[2025-03-24T23:35:40.877+0000] {processor.py:830} INFO - Processing file /home/airflow/.local/lib/python3.8/site-packages/airflow/example_dags/example_task_group.py for tasks to queue
[2025-03-24T23:35:40.880+0000] {logging_mixin.py:188} INFO - [2025-03-24T23:35:40.880+0000] {dagbag.py:538} INFO - Filling up the DagBag from /home/airflow/.local/lib/python3.8/site-packages/airflow/example_dags/example_task_group.py
[2025-03-24T23:35:40.888+0000] {processor.py:840} INFO - DAG(s) 'example_task_group' retrieved from /home/airflow/.local/lib/python3.8/site-packages/airflow/example_dags/example_task_group.py
[2025-03-24T23:35:40.903+0000] {logging_mixin.py:188} INFO - [2025-03-24T23:35:40.903+0000] {dag.py:3033} INFO - Sync 1 DAGs
[2025-03-24T23:35:40.921+0000] {logging_mixin.py:188} INFO - [2025-03-24T23:35:40.920+0000] {dag.py:3820} INFO - Setting next_dagrun for example_task_group to 2025-03-23T00:00:00+00:00, run_after=2025-03-24T00:00:00+00:00
[2025-03-24T23:35:40.931+0000] {processor.py:183} INFO - Processing /home/airflow/.local/lib/python3.8/site-packages/airflow/example_dags/example_task_group.py took 0.061 seconds
[2025-03-24T23:36:11.593+0000] {processor.py:161} INFO - Started process (PID=1329) to work on /home/airflow/.local/lib/python3.8/site-packages/airflow/example_dags/example_task_group.py
[2025-03-24T23:36:11.600+0000] {processor.py:830} INFO - Processing file /home/airflow/.local/lib/python3.8/site-packages/airflow/example_dags/example_task_group.py for tasks to queue
[2025-03-24T23:36:11.601+0000] {logging_mixin.py:188} INFO - [2025-03-24T23:36:11.601+0000] {dagbag.py:538} INFO - Filling up the DagBag from /home/airflow/.local/lib/python3.8/site-packages/airflow/example_dags/example_task_group.py
[2025-03-24T23:36:11.606+0000] {processor.py:840} INFO - DAG(s) 'example_task_group' retrieved from /home/airflow/.local/lib/python3.8/site-packages/airflow/example_dags/example_task_group.py
[2025-03-24T23:36:11.622+0000] {logging_mixin.py:188} INFO - [2025-03-24T23:36:11.622+0000] {dag.py:3033} INFO - Sync 1 DAGs
[2025-03-24T23:36:11.636+0000] {logging_mixin.py:188} INFO - [2025-03-24T23:36:11.636+0000] {dag.py:3820} INFO - Setting next_dagrun for example_task_group to 2025-03-23T00:00:00+00:00, run_after=2025-03-24T00:00:00+00:00
[2025-03-24T23:36:11.645+0000] {processor.py:183} INFO - Processing /home/airflow/.local/lib/python3.8/site-packages/airflow/example_dags/example_task_group.py took 0.055 seconds
[2025-03-24T23:36:42.303+0000] {processor.py:161} INFO - Started process (PID=1384) to work on /home/airflow/.local/lib/python3.8/site-packages/airflow/example_dags/example_task_group.py
[2025-03-24T23:36:42.307+0000] {processor.py:830} INFO - Processing file /home/airflow/.local/lib/python3.8/site-packages/airflow/example_dags/example_task_group.py for tasks to queue
[2025-03-24T23:36:42.308+0000] {logging_mixin.py:188} INFO - [2025-03-24T23:36:42.308+0000] {dagbag.py:538} INFO - Filling up the DagBag from /home/airflow/.local/lib/python3.8/site-packages/airflow/example_dags/example_task_group.py
[2025-03-24T23:36:42.311+0000] {processor.py:840} INFO - DAG(s) 'example_task_group' retrieved from /home/airflow/.local/lib/python3.8/site-packages/airflow/example_dags/example_task_group.py
[2025-03-24T23:36:42.335+0000] {logging_mixin.py:188} INFO - [2025-03-24T23:36:42.335+0000] {dag.py:3033} INFO - Sync 1 DAGs
[2025-03-24T23:36:42.362+0000] {logging_mixin.py:188} INFO - [2025-03-24T23:36:42.362+0000] {dag.py:3820} INFO - Setting next_dagrun for example_task_group to 2025-03-23T00:00:00+00:00, run_after=2025-03-24T00:00:00+00:00
[2025-03-24T23:36:42.382+0000] {processor.py:183} INFO - Processing /home/airflow/.local/lib/python3.8/site-packages/airflow/example_dags/example_task_group.py took 0.082 seconds
[2025-03-24T23:37:13.186+0000] {processor.py:161} INFO - Started process (PID=1439) to work on /home/airflow/.local/lib/python3.8/site-packages/airflow/example_dags/example_task_group.py
[2025-03-24T23:37:13.187+0000] {processor.py:830} INFO - Processing file /home/airflow/.local/lib/python3.8/site-packages/airflow/example_dags/example_task_group.py for tasks to queue
[2025-03-24T23:37:13.190+0000] {logging_mixin.py:188} INFO - [2025-03-24T23:37:13.190+0000] {dagbag.py:538} INFO - Filling up the DagBag from /home/airflow/.local/lib/python3.8/site-packages/airflow/example_dags/example_task_group.py
[2025-03-24T23:37:13.203+0000] {processor.py:840} INFO - DAG(s) 'example_task_group' retrieved from /home/airflow/.local/lib/python3.8/site-packages/airflow/example_dags/example_task_group.py
[2025-03-24T23:37:13.220+0000] {logging_mixin.py:188} INFO - [2025-03-24T23:37:13.220+0000] {dag.py:3033} INFO - Sync 1 DAGs
[2025-03-24T23:37:13.234+0000] {logging_mixin.py:188} INFO - [2025-03-24T23:37:13.233+0000] {dag.py:3820} INFO - Setting next_dagrun for example_task_group to 2025-03-23T00:00:00+00:00, run_after=2025-03-24T00:00:00+00:00
[2025-03-24T23:37:13.246+0000] {processor.py:183} INFO - Processing /home/airflow/.local/lib/python3.8/site-packages/airflow/example_dags/example_task_group.py took 0.063 seconds
[2025-03-24T23:37:43.928+0000] {processor.py:161} INFO - Started process (PID=1494) to work on /home/airflow/.local/lib/python3.8/site-packages/airflow/example_dags/example_task_group.py
[2025-03-24T23:37:43.932+0000] {processor.py:830} INFO - Processing file /home/airflow/.local/lib/python3.8/site-packages/airflow/example_dags/example_task_group.py for tasks to queue
[2025-03-24T23:37:43.935+0000] {logging_mixin.py:188} INFO - [2025-03-24T23:37:43.935+0000] {dagbag.py:538} INFO - Filling up the DagBag from /home/airflow/.local/lib/python3.8/site-packages/airflow/example_dags/example_task_group.py
[2025-03-24T23:37:43.943+0000] {processor.py:840} INFO - DAG(s) 'example_task_group' retrieved from /home/airflow/.local/lib/python3.8/site-packages/airflow/example_dags/example_task_group.py
[2025-03-24T23:37:43.959+0000] {logging_mixin.py:188} INFO - [2025-03-24T23:37:43.958+0000] {dag.py:3033} INFO - Sync 1 DAGs
[2025-03-24T23:37:43.972+0000] {logging_mixin.py:188} INFO - [2025-03-24T23:37:43.972+0000] {dag.py:3820} INFO - Setting next_dagrun for example_task_group to 2025-03-23T00:00:00+00:00, run_after=2025-03-24T00:00:00+00:00
[2025-03-24T23:37:43.986+0000] {processor.py:183} INFO - Processing /home/airflow/.local/lib/python3.8/site-packages/airflow/example_dags/example_task_group.py took 0.061 seconds
[2025-03-24T23:38:14.695+0000] {processor.py:161} INFO - Started process (PID=1549) to work on /home/airflow/.local/lib/python3.8/site-packages/airflow/example_dags/example_task_group.py
[2025-03-24T23:38:14.697+0000] {processor.py:830} INFO - Processing file /home/airflow/.local/lib/python3.8/site-packages/airflow/example_dags/example_task_group.py for tasks to queue
[2025-03-24T23:38:14.699+0000] {logging_mixin.py:188} INFO - [2025-03-24T23:38:14.699+0000] {dagbag.py:538} INFO - Filling up the DagBag from /home/airflow/.local/lib/python3.8/site-packages/airflow/example_dags/example_task_group.py
[2025-03-24T23:38:14.707+0000] {processor.py:840} INFO - DAG(s) 'example_task_group' retrieved from /home/airflow/.local/lib/python3.8/site-packages/airflow/example_dags/example_task_group.py
[2025-03-24T23:38:14.724+0000] {logging_mixin.py:188} INFO - [2025-03-24T23:38:14.724+0000] {dag.py:3033} INFO - Sync 1 DAGs
[2025-03-24T23:38:14.739+0000] {logging_mixin.py:188} INFO - [2025-03-24T23:38:14.739+0000] {dag.py:3820} INFO - Setting next_dagrun for example_task_group to 2025-03-23T00:00:00+00:00, run_after=2025-03-24T00:00:00+00:00
[2025-03-24T23:38:14.754+0000] {processor.py:183} INFO - Processing /home/airflow/.local/lib/python3.8/site-packages/airflow/example_dags/example_task_group.py took 0.061 seconds
[2025-03-24T23:38:45.421+0000] {processor.py:161} INFO - Started process (PID=1604) to work on /home/airflow/.local/lib/python3.8/site-packages/airflow/example_dags/example_task_group.py
[2025-03-24T23:38:45.423+0000] {processor.py:830} INFO - Processing file /home/airflow/.local/lib/python3.8/site-packages/airflow/example_dags/example_task_group.py for tasks to queue
[2025-03-24T23:38:45.426+0000] {logging_mixin.py:188} INFO - [2025-03-24T23:38:45.426+0000] {dagbag.py:538} INFO - Filling up the DagBag from /home/airflow/.local/lib/python3.8/site-packages/airflow/example_dags/example_task_group.py
[2025-03-24T23:38:45.432+0000] {processor.py:840} INFO - DAG(s) 'example_task_group' retrieved from /home/airflow/.local/lib/python3.8/site-packages/airflow/example_dags/example_task_group.py
[2025-03-24T23:38:45.450+0000] {logging_mixin.py:188} INFO - [2025-03-24T23:38:45.449+0000] {dag.py:3033} INFO - Sync 1 DAGs
[2025-03-24T23:38:45.463+0000] {logging_mixin.py:188} INFO - [2025-03-24T23:38:45.463+0000] {dag.py:3820} INFO - Setting next_dagrun for example_task_group to 2025-03-23T00:00:00+00:00, run_after=2025-03-24T00:00:00+00:00
[2025-03-24T23:38:45.476+0000] {processor.py:183} INFO - Processing /home/airflow/.local/lib/python3.8/site-packages/airflow/example_dags/example_task_group.py took 0.059 seconds
[2025-03-24T23:39:16.222+0000] {processor.py:161} INFO - Started process (PID=1659) to work on /home/airflow/.local/lib/python3.8/site-packages/airflow/example_dags/example_task_group.py
[2025-03-24T23:39:16.228+0000] {processor.py:830} INFO - Processing file /home/airflow/.local/lib/python3.8/site-packages/airflow/example_dags/example_task_group.py for tasks to queue
[2025-03-24T23:39:16.229+0000] {logging_mixin.py:188} INFO - [2025-03-24T23:39:16.229+0000] {dagbag.py:538} INFO - Filling up the DagBag from /home/airflow/.local/lib/python3.8/site-packages/airflow/example_dags/example_task_group.py
[2025-03-24T23:39:16.235+0000] {processor.py:840} INFO - DAG(s) 'example_task_group' retrieved from /home/airflow/.local/lib/python3.8/site-packages/airflow/example_dags/example_task_group.py
[2025-03-24T23:39:16.250+0000] {logging_mixin.py:188} INFO - [2025-03-24T23:39:16.250+0000] {dag.py:3033} INFO - Sync 1 DAGs
[2025-03-24T23:39:16.263+0000] {logging_mixin.py:188} INFO - [2025-03-24T23:39:16.263+0000] {dag.py:3820} INFO - Setting next_dagrun for example_task_group to 2025-03-23T00:00:00+00:00, run_after=2025-03-24T00:00:00+00:00
[2025-03-24T23:39:16.276+0000] {processor.py:183} INFO - Processing /home/airflow/.local/lib/python3.8/site-packages/airflow/example_dags/example_task_group.py took 0.057 seconds
[2025-03-24T23:39:47.139+0000] {processor.py:161} INFO - Started process (PID=1714) to work on /home/airflow/.local/lib/python3.8/site-packages/airflow/example_dags/example_task_group.py
[2025-03-24T23:39:47.140+0000] {processor.py:830} INFO - Processing file /home/airflow/.local/lib/python3.8/site-packages/airflow/example_dags/example_task_group.py for tasks to queue
[2025-03-24T23:39:47.145+0000] {logging_mixin.py:188} INFO - [2025-03-24T23:39:47.145+0000] {dagbag.py:538} INFO - Filling up the DagBag from /home/airflow/.local/lib/python3.8/site-packages/airflow/example_dags/example_task_group.py
[2025-03-24T23:39:47.151+0000] {processor.py:840} INFO - DAG(s) 'example_task_group' retrieved from /home/airflow/.local/lib/python3.8/site-packages/airflow/example_dags/example_task_group.py
[2025-03-24T23:39:47.168+0000] {logging_mixin.py:188} INFO - [2025-03-24T23:39:47.168+0000] {dag.py:3033} INFO - Sync 1 DAGs
[2025-03-24T23:39:47.186+0000] {logging_mixin.py:188} INFO - [2025-03-24T23:39:47.186+0000] {dag.py:3820} INFO - Setting next_dagrun for example_task_group to 2025-03-23T00:00:00+00:00, run_after=2025-03-24T00:00:00+00:00
[2025-03-24T23:39:47.196+0000] {processor.py:183} INFO - Processing /home/airflow/.local/lib/python3.8/site-packages/airflow/example_dags/example_task_group.py took 0.061 seconds
[2025-03-24T23:40:17.812+0000] {processor.py:161} INFO - Started process (PID=1769) to work on /home/airflow/.local/lib/python3.8/site-packages/airflow/example_dags/example_task_group.py
[2025-03-24T23:40:17.812+0000] {processor.py:830} INFO - Processing file /home/airflow/.local/lib/python3.8/site-packages/airflow/example_dags/example_task_group.py for tasks to queue
[2025-03-24T23:40:17.813+0000] {logging_mixin.py:188} INFO - [2025-03-24T23:40:17.813+0000] {dagbag.py:538} INFO - Filling up the DagBag from /home/airflow/.local/lib/python3.8/site-packages/airflow/example_dags/example_task_group.py
[2025-03-24T23:40:17.818+0000] {processor.py:840} INFO - DAG(s) 'example_task_group' retrieved from /home/airflow/.local/lib/python3.8/site-packages/airflow/example_dags/example_task_group.py
[2025-03-24T23:40:17.832+0000] {logging_mixin.py:188} INFO - [2025-03-24T23:40:17.832+0000] {dag.py:3033} INFO - Sync 1 DAGs
[2025-03-24T23:40:17.848+0000] {logging_mixin.py:188} INFO - [2025-03-24T23:40:17.847+0000] {dag.py:3820} INFO - Setting next_dagrun for example_task_group to 2025-03-23T00:00:00+00:00, run_after=2025-03-24T00:00:00+00:00
[2025-03-24T23:40:17.857+0000] {processor.py:183} INFO - Processing /home/airflow/.local/lib/python3.8/site-packages/airflow/example_dags/example_task_group.py took 0.048 seconds
[2025-03-24T23:40:48.399+0000] {processor.py:161} INFO - Started process (PID=1824) to work on /home/airflow/.local/lib/python3.8/site-packages/airflow/example_dags/example_task_group.py
[2025-03-24T23:40:48.401+0000] {processor.py:830} INFO - Processing file /home/airflow/.local/lib/python3.8/site-packages/airflow/example_dags/example_task_group.py for tasks to queue
[2025-03-24T23:40:48.406+0000] {logging_mixin.py:188} INFO - [2025-03-24T23:40:48.406+0000] {dagbag.py:538} INFO - Filling up the DagBag from /home/airflow/.local/lib/python3.8/site-packages/airflow/example_dags/example_task_group.py
[2025-03-24T23:40:48.413+0000] {processor.py:840} INFO - DAG(s) 'example_task_group' retrieved from /home/airflow/.local/lib/python3.8/site-packages/airflow/example_dags/example_task_group.py
[2025-03-24T23:40:48.430+0000] {logging_mixin.py:188} INFO - [2025-03-24T23:40:48.430+0000] {dag.py:3033} INFO - Sync 1 DAGs
[2025-03-24T23:40:48.445+0000] {logging_mixin.py:188} INFO - [2025-03-24T23:40:48.445+0000] {dag.py:3820} INFO - Setting next_dagrun for example_task_group to 2025-03-23T00:00:00+00:00, run_after=2025-03-24T00:00:00+00:00
[2025-03-24T23:40:48.455+0000] {processor.py:183} INFO - Processing /home/airflow/.local/lib/python3.8/site-packages/airflow/example_dags/example_task_group.py took 0.059 seconds
[2025-03-24T23:41:18.907+0000] {processor.py:161} INFO - Started process (PID=1879) to work on /home/airflow/.local/lib/python3.8/site-packages/airflow/example_dags/example_task_group.py
[2025-03-24T23:41:18.909+0000] {processor.py:830} INFO - Processing file /home/airflow/.local/lib/python3.8/site-packages/airflow/example_dags/example_task_group.py for tasks to queue
[2025-03-24T23:41:18.911+0000] {logging_mixin.py:188} INFO - [2025-03-24T23:41:18.911+0000] {dagbag.py:538} INFO - Filling up the DagBag from /home/airflow/.local/lib/python3.8/site-packages/airflow/example_dags/example_task_group.py
[2025-03-24T23:41:18.918+0000] {processor.py:840} INFO - DAG(s) 'example_task_group' retrieved from /home/airflow/.local/lib/python3.8/site-packages/airflow/example_dags/example_task_group.py
[2025-03-24T23:41:18.936+0000] {logging_mixin.py:188} INFO - [2025-03-24T23:41:18.935+0000] {dag.py:3033} INFO - Sync 1 DAGs
[2025-03-24T23:41:18.959+0000] {logging_mixin.py:188} INFO - [2025-03-24T23:41:18.959+0000] {dag.py:3820} INFO - Setting next_dagrun for example_task_group to 2025-03-23T00:00:00+00:00, run_after=2025-03-24T00:00:00+00:00
[2025-03-24T23:41:18.976+0000] {processor.py:183} INFO - Processing /home/airflow/.local/lib/python3.8/site-packages/airflow/example_dags/example_task_group.py took 0.072 seconds
[2025-03-24T23:41:49.539+0000] {processor.py:161} INFO - Started process (PID=1934) to work on /home/airflow/.local/lib/python3.8/site-packages/airflow/example_dags/example_task_group.py
[2025-03-24T23:41:49.542+0000] {processor.py:830} INFO - Processing file /home/airflow/.local/lib/python3.8/site-packages/airflow/example_dags/example_task_group.py for tasks to queue
[2025-03-24T23:41:49.544+0000] {logging_mixin.py:188} INFO - [2025-03-24T23:41:49.544+0000] {dagbag.py:538} INFO - Filling up the DagBag from /home/airflow/.local/lib/python3.8/site-packages/airflow/example_dags/example_task_group.py
[2025-03-24T23:41:49.550+0000] {processor.py:840} INFO - DAG(s) 'example_task_group' retrieved from /home/airflow/.local/lib/python3.8/site-packages/airflow/example_dags/example_task_group.py
[2025-03-24T23:41:49.568+0000] {logging_mixin.py:188} INFO - [2025-03-24T23:41:49.568+0000] {dag.py:3033} INFO - Sync 1 DAGs
[2025-03-24T23:41:49.582+0000] {logging_mixin.py:188} INFO - [2025-03-24T23:41:49.582+0000] {dag.py:3820} INFO - Setting next_dagrun for example_task_group to 2025-03-23T00:00:00+00:00, run_after=2025-03-24T00:00:00+00:00
[2025-03-24T23:41:49.592+0000] {processor.py:183} INFO - Processing /home/airflow/.local/lib/python3.8/site-packages/airflow/example_dags/example_task_group.py took 0.055 seconds
[2025-03-24T23:42:20.166+0000] {processor.py:161} INFO - Started process (PID=1989) to work on /home/airflow/.local/lib/python3.8/site-packages/airflow/example_dags/example_task_group.py
[2025-03-24T23:42:20.170+0000] {processor.py:830} INFO - Processing file /home/airflow/.local/lib/python3.8/site-packages/airflow/example_dags/example_task_group.py for tasks to queue
[2025-03-24T23:42:20.173+0000] {logging_mixin.py:188} INFO - [2025-03-24T23:42:20.172+0000] {dagbag.py:538} INFO - Filling up the DagBag from /home/airflow/.local/lib/python3.8/site-packages/airflow/example_dags/example_task_group.py
[2025-03-24T23:42:20.179+0000] {processor.py:840} INFO - DAG(s) 'example_task_group' retrieved from /home/airflow/.local/lib/python3.8/site-packages/airflow/example_dags/example_task_group.py
[2025-03-24T23:42:20.195+0000] {logging_mixin.py:188} INFO - [2025-03-24T23:42:20.195+0000] {dag.py:3033} INFO - Sync 1 DAGs
[2025-03-24T23:42:20.212+0000] {logging_mixin.py:188} INFO - [2025-03-24T23:42:20.212+0000] {dag.py:3820} INFO - Setting next_dagrun for example_task_group to 2025-03-23T00:00:00+00:00, run_after=2025-03-24T00:00:00+00:00
[2025-03-24T23:42:20.221+0000] {processor.py:183} INFO - Processing /home/airflow/.local/lib/python3.8/site-packages/airflow/example_dags/example_task_group.py took 0.059 seconds
[2025-03-24T23:42:50.686+0000] {processor.py:161} INFO - Started process (PID=2044) to work on /home/airflow/.local/lib/python3.8/site-packages/airflow/example_dags/example_task_group.py
[2025-03-24T23:42:50.687+0000] {processor.py:830} INFO - Processing file /home/airflow/.local/lib/python3.8/site-packages/airflow/example_dags/example_task_group.py for tasks to queue
[2025-03-24T23:42:50.691+0000] {logging_mixin.py:188} INFO - [2025-03-24T23:42:50.691+0000] {dagbag.py:538} INFO - Filling up the DagBag from /home/airflow/.local/lib/python3.8/site-packages/airflow/example_dags/example_task_group.py
[2025-03-24T23:42:50.696+0000] {processor.py:840} INFO - DAG(s) 'example_task_group' retrieved from /home/airflow/.local/lib/python3.8/site-packages/airflow/example_dags/example_task_group.py
[2025-03-24T23:42:50.710+0000] {logging_mixin.py:188} INFO - [2025-03-24T23:42:50.710+0000] {dag.py:3033} INFO - Sync 1 DAGs
[2025-03-24T23:42:50.722+0000] {logging_mixin.py:188} INFO - [2025-03-24T23:42:50.722+0000] {dag.py:3820} INFO - Setting next_dagrun for example_task_group to 2025-03-23T00:00:00+00:00, run_after=2025-03-24T00:00:00+00:00
[2025-03-24T23:42:50.730+0000] {processor.py:183} INFO - Processing /home/airflow/.local/lib/python3.8/site-packages/airflow/example_dags/example_task_group.py took 0.047 seconds
[2025-03-24T23:43:21.168+0000] {processor.py:161} INFO - Started process (PID=2099) to work on /home/airflow/.local/lib/python3.8/site-packages/airflow/example_dags/example_task_group.py
[2025-03-24T23:43:21.172+0000] {processor.py:830} INFO - Processing file /home/airflow/.local/lib/python3.8/site-packages/airflow/example_dags/example_task_group.py for tasks to queue
[2025-03-24T23:43:21.174+0000] {logging_mixin.py:188} INFO - [2025-03-24T23:43:21.174+0000] {dagbag.py:538} INFO - Filling up the DagBag from /home/airflow/.local/lib/python3.8/site-packages/airflow/example_dags/example_task_group.py
[2025-03-24T23:43:21.179+0000] {processor.py:840} INFO - DAG(s) 'example_task_group' retrieved from /home/airflow/.local/lib/python3.8/site-packages/airflow/example_dags/example_task_group.py
[2025-03-24T23:43:21.194+0000] {logging_mixin.py:188} INFO - [2025-03-24T23:43:21.194+0000] {dag.py:3033} INFO - Sync 1 DAGs
[2025-03-24T23:43:21.210+0000] {logging_mixin.py:188} INFO - [2025-03-24T23:43:21.210+0000] {dag.py:3820} INFO - Setting next_dagrun for example_task_group to 2025-03-23T00:00:00+00:00, run_after=2025-03-24T00:00:00+00:00
[2025-03-24T23:43:21.219+0000] {processor.py:183} INFO - Processing /home/airflow/.local/lib/python3.8/site-packages/airflow/example_dags/example_task_group.py took 0.054 seconds
[2025-03-24T23:43:51.850+0000] {processor.py:161} INFO - Started process (PID=2154) to work on /home/airflow/.local/lib/python3.8/site-packages/airflow/example_dags/example_task_group.py
[2025-03-24T23:43:51.854+0000] {processor.py:830} INFO - Processing file /home/airflow/.local/lib/python3.8/site-packages/airflow/example_dags/example_task_group.py for tasks to queue
[2025-03-24T23:43:51.856+0000] {logging_mixin.py:188} INFO - [2025-03-24T23:43:51.855+0000] {dagbag.py:538} INFO - Filling up the DagBag from /home/airflow/.local/lib/python3.8/site-packages/airflow/example_dags/example_task_group.py
[2025-03-24T23:43:51.861+0000] {processor.py:840} INFO - DAG(s) 'example_task_group' retrieved from /home/airflow/.local/lib/python3.8/site-packages/airflow/example_dags/example_task_group.py
[2025-03-24T23:43:51.879+0000] {logging_mixin.py:188} INFO - [2025-03-24T23:43:51.879+0000] {dag.py:3033} INFO - Sync 1 DAGs
[2025-03-24T23:43:51.896+0000] {logging_mixin.py:188} INFO - [2025-03-24T23:43:51.896+0000] {dag.py:3820} INFO - Setting next_dagrun for example_task_group to 2025-03-23T00:00:00+00:00, run_after=2025-03-24T00:00:00+00:00
[2025-03-24T23:43:51.909+0000] {processor.py:183} INFO - Processing /home/airflow/.local/lib/python3.8/site-packages/airflow/example_dags/example_task_group.py took 0.062 seconds
[2025-03-24T23:44:22.536+0000] {processor.py:161} INFO - Started process (PID=2209) to work on /home/airflow/.local/lib/python3.8/site-packages/airflow/example_dags/example_task_group.py
[2025-03-24T23:44:22.537+0000] {processor.py:830} INFO - Processing file /home/airflow/.local/lib/python3.8/site-packages/airflow/example_dags/example_task_group.py for tasks to queue
[2025-03-24T23:44:22.541+0000] {logging_mixin.py:188} INFO - [2025-03-24T23:44:22.541+0000] {dagbag.py:538} INFO - Filling up the DagBag from /home/airflow/.local/lib/python3.8/site-packages/airflow/example_dags/example_task_group.py
[2025-03-24T23:44:22.547+0000] {processor.py:840} INFO - DAG(s) 'example_task_group' retrieved from /home/airflow/.local/lib/python3.8/site-packages/airflow/example_dags/example_task_group.py
[2025-03-24T23:44:22.562+0000] {logging_mixin.py:188} INFO - [2025-03-24T23:44:22.562+0000] {dag.py:3033} INFO - Sync 1 DAGs
[2025-03-24T23:44:22.577+0000] {logging_mixin.py:188} INFO - [2025-03-24T23:44:22.577+0000] {dag.py:3820} INFO - Setting next_dagrun for example_task_group to 2025-03-23T00:00:00+00:00, run_after=2025-03-24T00:00:00+00:00
[2025-03-24T23:44:22.586+0000] {processor.py:183} INFO - Processing /home/airflow/.local/lib/python3.8/site-packages/airflow/example_dags/example_task_group.py took 0.053 seconds
[2025-03-24T23:44:53.210+0000] {processor.py:161} INFO - Started process (PID=2264) to work on /home/airflow/.local/lib/python3.8/site-packages/airflow/example_dags/example_task_group.py
[2025-03-24T23:44:53.213+0000] {processor.py:830} INFO - Processing file /home/airflow/.local/lib/python3.8/site-packages/airflow/example_dags/example_task_group.py for tasks to queue
[2025-03-24T23:44:53.217+0000] {logging_mixin.py:188} INFO - [2025-03-24T23:44:53.217+0000] {dagbag.py:538} INFO - Filling up the DagBag from /home/airflow/.local/lib/python3.8/site-packages/airflow/example_dags/example_task_group.py
[2025-03-24T23:44:53.222+0000] {processor.py:840} INFO - DAG(s) 'example_task_group' retrieved from /home/airflow/.local/lib/python3.8/site-packages/airflow/example_dags/example_task_group.py
[2025-03-24T23:44:53.235+0000] {logging_mixin.py:188} INFO - [2025-03-24T23:44:53.235+0000] {dag.py:3033} INFO - Sync 1 DAGs
[2025-03-24T23:44:53.246+0000] {logging_mixin.py:188} INFO - [2025-03-24T23:44:53.246+0000] {dag.py:3820} INFO - Setting next_dagrun for example_task_group to 2025-03-23T00:00:00+00:00, run_after=2025-03-24T00:00:00+00:00
[2025-03-24T23:44:53.254+0000] {processor.py:183} INFO - Processing /home/airflow/.local/lib/python3.8/site-packages/airflow/example_dags/example_task_group.py took 0.046 seconds
[2025-03-24T23:45:23.681+0000] {processor.py:161} INFO - Started process (PID=2319) to work on /home/airflow/.local/lib/python3.8/site-packages/airflow/example_dags/example_task_group.py
[2025-03-24T23:45:23.682+0000] {processor.py:830} INFO - Processing file /home/airflow/.local/lib/python3.8/site-packages/airflow/example_dags/example_task_group.py for tasks to queue
[2025-03-24T23:45:23.684+0000] {logging_mixin.py:188} INFO - [2025-03-24T23:45:23.684+0000] {dagbag.py:538} INFO - Filling up the DagBag from /home/airflow/.local/lib/python3.8/site-packages/airflow/example_dags/example_task_group.py
[2025-03-24T23:45:23.688+0000] {processor.py:840} INFO - DAG(s) 'example_task_group' retrieved from /home/airflow/.local/lib/python3.8/site-packages/airflow/example_dags/example_task_group.py
[2025-03-24T23:45:23.704+0000] {logging_mixin.py:188} INFO - [2025-03-24T23:45:23.704+0000] {dag.py:3033} INFO - Sync 1 DAGs
[2025-03-24T23:45:23.714+0000] {logging_mixin.py:188} INFO - [2025-03-24T23:45:23.714+0000] {dag.py:3820} INFO - Setting next_dagrun for example_task_group to 2025-03-23T00:00:00+00:00, run_after=2025-03-24T00:00:00+00:00
[2025-03-24T23:45:23.722+0000] {processor.py:183} INFO - Processing /home/airflow/.local/lib/python3.8/site-packages/airflow/example_dags/example_task_group.py took 0.043 seconds
[2025-03-24T23:45:54.339+0000] {processor.py:161} INFO - Started process (PID=2373) to work on /home/airflow/.local/lib/python3.8/site-packages/airflow/example_dags/example_task_group.py
[2025-03-24T23:45:54.340+0000] {processor.py:830} INFO - Processing file /home/airflow/.local/lib/python3.8/site-packages/airflow/example_dags/example_task_group.py for tasks to queue
[2025-03-24T23:45:54.344+0000] {logging_mixin.py:188} INFO - [2025-03-24T23:45:54.344+0000] {dagbag.py:538} INFO - Filling up the DagBag from /home/airflow/.local/lib/python3.8/site-packages/airflow/example_dags/example_task_group.py
[2025-03-24T23:45:54.348+0000] {processor.py:840} INFO - DAG(s) 'example_task_group' retrieved from /home/airflow/.local/lib/python3.8/site-packages/airflow/example_dags/example_task_group.py
[2025-03-24T23:45:54.360+0000] {logging_mixin.py:188} INFO - [2025-03-24T23:45:54.360+0000] {dag.py:3033} INFO - Sync 1 DAGs
[2025-03-24T23:45:54.373+0000] {logging_mixin.py:188} INFO - [2025-03-24T23:45:54.372+0000] {dag.py:3820} INFO - Setting next_dagrun for example_task_group to 2025-03-23T00:00:00+00:00, run_after=2025-03-24T00:00:00+00:00
[2025-03-24T23:45:54.381+0000] {processor.py:183} INFO - Processing /home/airflow/.local/lib/python3.8/site-packages/airflow/example_dags/example_task_group.py took 0.044 seconds
[2025-03-24T23:46:25.223+0000] {processor.py:161} INFO - Started process (PID=2428) to work on /home/airflow/.local/lib/python3.8/site-packages/airflow/example_dags/example_task_group.py
[2025-03-24T23:46:25.227+0000] {processor.py:830} INFO - Processing file /home/airflow/.local/lib/python3.8/site-packages/airflow/example_dags/example_task_group.py for tasks to queue
[2025-03-24T23:46:25.230+0000] {logging_mixin.py:188} INFO - [2025-03-24T23:46:25.230+0000] {dagbag.py:538} INFO - Filling up the DagBag from /home/airflow/.local/lib/python3.8/site-packages/airflow/example_dags/example_task_group.py
[2025-03-24T23:46:25.235+0000] {processor.py:840} INFO - DAG(s) 'example_task_group' retrieved from /home/airflow/.local/lib/python3.8/site-packages/airflow/example_dags/example_task_group.py
[2025-03-24T23:46:25.250+0000] {logging_mixin.py:188} INFO - [2025-03-24T23:46:25.250+0000] {dag.py:3033} INFO - Sync 1 DAGs
[2025-03-24T23:46:25.263+0000] {logging_mixin.py:188} INFO - [2025-03-24T23:46:25.263+0000] {dag.py:3820} INFO - Setting next_dagrun for example_task_group to 2025-03-23T00:00:00+00:00, run_after=2025-03-24T00:00:00+00:00
[2025-03-24T23:46:25.273+0000] {processor.py:183} INFO - Processing /home/airflow/.local/lib/python3.8/site-packages/airflow/example_dags/example_task_group.py took 0.053 seconds
[2025-03-24T23:46:56.002+0000] {processor.py:161} INFO - Started process (PID=2483) to work on /home/airflow/.local/lib/python3.8/site-packages/airflow/example_dags/example_task_group.py
[2025-03-24T23:46:56.002+0000] {processor.py:830} INFO - Processing file /home/airflow/.local/lib/python3.8/site-packages/airflow/example_dags/example_task_group.py for tasks to queue
[2025-03-24T23:46:56.007+0000] {logging_mixin.py:188} INFO - [2025-03-24T23:46:56.006+0000] {dagbag.py:538} INFO - Filling up the DagBag from /home/airflow/.local/lib/python3.8/site-packages/airflow/example_dags/example_task_group.py
[2025-03-24T23:46:56.012+0000] {processor.py:840} INFO - DAG(s) 'example_task_group' retrieved from /home/airflow/.local/lib/python3.8/site-packages/airflow/example_dags/example_task_group.py
[2025-03-24T23:46:56.030+0000] {logging_mixin.py:188} INFO - [2025-03-24T23:46:56.030+0000] {dag.py:3033} INFO - Sync 1 DAGs
[2025-03-24T23:46:56.047+0000] {logging_mixin.py:188} INFO - [2025-03-24T23:46:56.047+0000] {dag.py:3820} INFO - Setting next_dagrun for example_task_group to 2025-03-23T00:00:00+00:00, run_after=2025-03-24T00:00:00+00:00
[2025-03-24T23:46:56.058+0000] {processor.py:183} INFO - Processing /home/airflow/.local/lib/python3.8/site-packages/airflow/example_dags/example_task_group.py took 0.059 seconds
[2025-03-24T23:47:26.158+0000] {processor.py:161} INFO - Started process (PID=2538) to work on /home/airflow/.local/lib/python3.8/site-packages/airflow/example_dags/example_task_group.py
[2025-03-24T23:47:26.159+0000] {processor.py:830} INFO - Processing file /home/airflow/.local/lib/python3.8/site-packages/airflow/example_dags/example_task_group.py for tasks to queue
[2025-03-24T23:47:26.161+0000] {logging_mixin.py:188} INFO - [2025-03-24T23:47:26.161+0000] {dagbag.py:538} INFO - Filling up the DagBag from /home/airflow/.local/lib/python3.8/site-packages/airflow/example_dags/example_task_group.py
[2025-03-24T23:47:26.166+0000] {processor.py:840} INFO - DAG(s) 'example_task_group' retrieved from /home/airflow/.local/lib/python3.8/site-packages/airflow/example_dags/example_task_group.py
[2025-03-24T23:47:26.180+0000] {logging_mixin.py:188} INFO - [2025-03-24T23:47:26.180+0000] {dag.py:3033} INFO - Sync 1 DAGs
[2025-03-24T23:47:26.192+0000] {logging_mixin.py:188} INFO - [2025-03-24T23:47:26.192+0000] {dag.py:3820} INFO - Setting next_dagrun for example_task_group to 2025-03-23T00:00:00+00:00, run_after=2025-03-24T00:00:00+00:00
[2025-03-24T23:47:26.201+0000] {processor.py:183} INFO - Processing /home/airflow/.local/lib/python3.8/site-packages/airflow/example_dags/example_task_group.py took 0.046 seconds
[2025-03-24T23:47:56.309+0000] {processor.py:161} INFO - Started process (PID=2593) to work on /home/airflow/.local/lib/python3.8/site-packages/airflow/example_dags/example_task_group.py
[2025-03-24T23:47:56.313+0000] {processor.py:830} INFO - Processing file /home/airflow/.local/lib/python3.8/site-packages/airflow/example_dags/example_task_group.py for tasks to queue
[2025-03-24T23:47:56.315+0000] {logging_mixin.py:188} INFO - [2025-03-24T23:47:56.315+0000] {dagbag.py:538} INFO - Filling up the DagBag from /home/airflow/.local/lib/python3.8/site-packages/airflow/example_dags/example_task_group.py
[2025-03-24T23:47:56.319+0000] {processor.py:840} INFO - DAG(s) 'example_task_group' retrieved from /home/airflow/.local/lib/python3.8/site-packages/airflow/example_dags/example_task_group.py
[2025-03-24T23:47:56.334+0000] {logging_mixin.py:188} INFO - [2025-03-24T23:47:56.334+0000] {dag.py:3033} INFO - Sync 1 DAGs
[2025-03-24T23:47:56.345+0000] {logging_mixin.py:188} INFO - [2025-03-24T23:47:56.345+0000] {dag.py:3820} INFO - Setting next_dagrun for example_task_group to 2025-03-23T00:00:00+00:00, run_after=2025-03-24T00:00:00+00:00
[2025-03-24T23:47:56.354+0000] {processor.py:183} INFO - Processing /home/airflow/.local/lib/python3.8/site-packages/airflow/example_dags/example_task_group.py took 0.047 seconds
[2025-03-24T23:48:27.053+0000] {processor.py:161} INFO - Started process (PID=2648) to work on /home/airflow/.local/lib/python3.8/site-packages/airflow/example_dags/example_task_group.py
[2025-03-24T23:48:27.057+0000] {processor.py:830} INFO - Processing file /home/airflow/.local/lib/python3.8/site-packages/airflow/example_dags/example_task_group.py for tasks to queue
[2025-03-24T23:48:27.059+0000] {logging_mixin.py:188} INFO - [2025-03-24T23:48:27.059+0000] {dagbag.py:538} INFO - Filling up the DagBag from /home/airflow/.local/lib/python3.8/site-packages/airflow/example_dags/example_task_group.py
[2025-03-24T23:48:27.064+0000] {processor.py:840} INFO - DAG(s) 'example_task_group' retrieved from /home/airflow/.local/lib/python3.8/site-packages/airflow/example_dags/example_task_group.py
[2025-03-24T23:48:27.078+0000] {logging_mixin.py:188} INFO - [2025-03-24T23:48:27.078+0000] {dag.py:3033} INFO - Sync 1 DAGs
[2025-03-24T23:48:27.093+0000] {logging_mixin.py:188} INFO - [2025-03-24T23:48:27.093+0000] {dag.py:3820} INFO - Setting next_dagrun for example_task_group to 2025-03-23T00:00:00+00:00, run_after=2025-03-24T00:00:00+00:00
[2025-03-24T23:48:27.220+0000] {processor.py:183} INFO - Processing /home/airflow/.local/lib/python3.8/site-packages/airflow/example_dags/example_task_group.py took 0.169 seconds
[2025-03-24T23:48:57.782+0000] {processor.py:161} INFO - Started process (PID=2703) to work on /home/airflow/.local/lib/python3.8/site-packages/airflow/example_dags/example_task_group.py
[2025-03-24T23:48:57.783+0000] {processor.py:830} INFO - Processing file /home/airflow/.local/lib/python3.8/site-packages/airflow/example_dags/example_task_group.py for tasks to queue
[2025-03-24T23:48:57.785+0000] {logging_mixin.py:188} INFO - [2025-03-24T23:48:57.784+0000] {dagbag.py:538} INFO - Filling up the DagBag from /home/airflow/.local/lib/python3.8/site-packages/airflow/example_dags/example_task_group.py
[2025-03-24T23:48:57.791+0000] {processor.py:840} INFO - DAG(s) 'example_task_group' retrieved from /home/airflow/.local/lib/python3.8/site-packages/airflow/example_dags/example_task_group.py
[2025-03-24T23:48:57.810+0000] {logging_mixin.py:188} INFO - [2025-03-24T23:48:57.810+0000] {dag.py:3033} INFO - Sync 1 DAGs
[2025-03-24T23:48:57.824+0000] {logging_mixin.py:188} INFO - [2025-03-24T23:48:57.824+0000] {dag.py:3820} INFO - Setting next_dagrun for example_task_group to 2025-03-23T00:00:00+00:00, run_after=2025-03-24T00:00:00+00:00
[2025-03-24T23:48:57.835+0000] {processor.py:183} INFO - Processing /home/airflow/.local/lib/python3.8/site-packages/airflow/example_dags/example_task_group.py took 0.056 seconds
[2025-03-24T23:49:28.056+0000] {processor.py:161} INFO - Started process (PID=2758) to work on /home/airflow/.local/lib/python3.8/site-packages/airflow/example_dags/example_task_group.py
[2025-03-24T23:49:28.057+0000] {processor.py:830} INFO - Processing file /home/airflow/.local/lib/python3.8/site-packages/airflow/example_dags/example_task_group.py for tasks to queue
[2025-03-24T23:49:28.058+0000] {logging_mixin.py:188} INFO - [2025-03-24T23:49:28.057+0000] {dagbag.py:538} INFO - Filling up the DagBag from /home/airflow/.local/lib/python3.8/site-packages/airflow/example_dags/example_task_group.py
[2025-03-24T23:49:28.061+0000] {processor.py:840} INFO - DAG(s) 'example_task_group' retrieved from /home/airflow/.local/lib/python3.8/site-packages/airflow/example_dags/example_task_group.py
[2025-03-24T23:49:28.071+0000] {logging_mixin.py:188} INFO - [2025-03-24T23:49:28.071+0000] {dag.py:3033} INFO - Sync 1 DAGs
[2025-03-24T23:49:28.080+0000] {logging_mixin.py:188} INFO - [2025-03-24T23:49:28.080+0000] {dag.py:3820} INFO - Setting next_dagrun for example_task_group to 2025-03-23T00:00:00+00:00, run_after=2025-03-24T00:00:00+00:00
[2025-03-24T23:49:28.087+0000] {processor.py:183} INFO - Processing /home/airflow/.local/lib/python3.8/site-packages/airflow/example_dags/example_task_group.py took 0.032 seconds
[2025-03-24T23:49:58.427+0000] {processor.py:161} INFO - Started process (PID=2812) to work on /home/airflow/.local/lib/python3.8/site-packages/airflow/example_dags/example_task_group.py
[2025-03-24T23:49:58.427+0000] {processor.py:830} INFO - Processing file /home/airflow/.local/lib/python3.8/site-packages/airflow/example_dags/example_task_group.py for tasks to queue
[2025-03-24T23:49:58.428+0000] {logging_mixin.py:188} INFO - [2025-03-24T23:49:58.428+0000] {dagbag.py:538} INFO - Filling up the DagBag from /home/airflow/.local/lib/python3.8/site-packages/airflow/example_dags/example_task_group.py
[2025-03-24T23:49:58.431+0000] {processor.py:840} INFO - DAG(s) 'example_task_group' retrieved from /home/airflow/.local/lib/python3.8/site-packages/airflow/example_dags/example_task_group.py
[2025-03-24T23:49:58.442+0000] {logging_mixin.py:188} INFO - [2025-03-24T23:49:58.442+0000] {dag.py:3033} INFO - Sync 1 DAGs
[2025-03-24T23:49:58.529+0000] {logging_mixin.py:188} INFO - [2025-03-24T23:49:58.529+0000] {dag.py:3820} INFO - Setting next_dagrun for example_task_group to 2025-03-23T00:00:00+00:00, run_after=2025-03-24T00:00:00+00:00
[2025-03-24T23:49:58.544+0000] {processor.py:183} INFO - Processing /home/airflow/.local/lib/python3.8/site-packages/airflow/example_dags/example_task_group.py took 0.119 seconds
[2025-03-24T23:50:29.253+0000] {processor.py:161} INFO - Started process (PID=2867) to work on /home/airflow/.local/lib/python3.8/site-packages/airflow/example_dags/example_task_group.py
[2025-03-24T23:50:29.254+0000] {processor.py:830} INFO - Processing file /home/airflow/.local/lib/python3.8/site-packages/airflow/example_dags/example_task_group.py for tasks to queue
[2025-03-24T23:50:29.255+0000] {logging_mixin.py:188} INFO - [2025-03-24T23:50:29.255+0000] {dagbag.py:538} INFO - Filling up the DagBag from /home/airflow/.local/lib/python3.8/site-packages/airflow/example_dags/example_task_group.py
[2025-03-24T23:50:29.259+0000] {processor.py:840} INFO - DAG(s) 'example_task_group' retrieved from /home/airflow/.local/lib/python3.8/site-packages/airflow/example_dags/example_task_group.py
[2025-03-24T23:50:29.272+0000] {logging_mixin.py:188} INFO - [2025-03-24T23:50:29.272+0000] {dag.py:3033} INFO - Sync 1 DAGs
[2025-03-24T23:50:29.281+0000] {logging_mixin.py:188} INFO - [2025-03-24T23:50:29.281+0000] {dag.py:3820} INFO - Setting next_dagrun for example_task_group to 2025-03-23T00:00:00+00:00, run_after=2025-03-24T00:00:00+00:00
[2025-03-24T23:50:29.360+0000] {processor.py:183} INFO - Processing /home/airflow/.local/lib/python3.8/site-packages/airflow/example_dags/example_task_group.py took 0.109 seconds
[2025-03-24T23:51:00.258+0000] {processor.py:161} INFO - Started process (PID=2922) to work on /home/airflow/.local/lib/python3.8/site-packages/airflow/example_dags/example_task_group.py
[2025-03-24T23:51:00.259+0000] {processor.py:830} INFO - Processing file /home/airflow/.local/lib/python3.8/site-packages/airflow/example_dags/example_task_group.py for tasks to queue
[2025-03-24T23:51:00.260+0000] {logging_mixin.py:188} INFO - [2025-03-24T23:51:00.260+0000] {dagbag.py:538} INFO - Filling up the DagBag from /home/airflow/.local/lib/python3.8/site-packages/airflow/example_dags/example_task_group.py
[2025-03-24T23:51:00.265+0000] {processor.py:840} INFO - DAG(s) 'example_task_group' retrieved from /home/airflow/.local/lib/python3.8/site-packages/airflow/example_dags/example_task_group.py
[2025-03-24T23:51:00.279+0000] {logging_mixin.py:188} INFO - [2025-03-24T23:51:00.279+0000] {dag.py:3033} INFO - Sync 1 DAGs
[2025-03-24T23:51:00.292+0000] {logging_mixin.py:188} INFO - [2025-03-24T23:51:00.291+0000] {dag.py:3820} INFO - Setting next_dagrun for example_task_group to 2025-03-23T00:00:00+00:00, run_after=2025-03-24T00:00:00+00:00
[2025-03-24T23:51:00.307+0000] {processor.py:183} INFO - Processing /home/airflow/.local/lib/python3.8/site-packages/airflow/example_dags/example_task_group.py took 0.050 seconds
[2025-03-24T23:51:30.974+0000] {processor.py:161} INFO - Started process (PID=2977) to work on /home/airflow/.local/lib/python3.8/site-packages/airflow/example_dags/example_task_group.py
[2025-03-24T23:51:30.977+0000] {processor.py:830} INFO - Processing file /home/airflow/.local/lib/python3.8/site-packages/airflow/example_dags/example_task_group.py for tasks to queue
[2025-03-24T23:51:30.979+0000] {logging_mixin.py:188} INFO - [2025-03-24T23:51:30.979+0000] {dagbag.py:538} INFO - Filling up the DagBag from /home/airflow/.local/lib/python3.8/site-packages/airflow/example_dags/example_task_group.py
[2025-03-24T23:51:30.982+0000] {processor.py:840} INFO - DAG(s) 'example_task_group' retrieved from /home/airflow/.local/lib/python3.8/site-packages/airflow/example_dags/example_task_group.py
[2025-03-24T23:51:30.994+0000] {logging_mixin.py:188} INFO - [2025-03-24T23:51:30.994+0000] {dag.py:3033} INFO - Sync 1 DAGs
[2025-03-24T23:51:31.005+0000] {logging_mixin.py:188} INFO - [2025-03-24T23:51:31.005+0000] {dag.py:3820} INFO - Setting next_dagrun for example_task_group to 2025-03-23T00:00:00+00:00, run_after=2025-03-24T00:00:00+00:00
[2025-03-24T23:51:31.016+0000] {processor.py:183} INFO - Processing /home/airflow/.local/lib/python3.8/site-packages/airflow/example_dags/example_task_group.py took 0.044 seconds
