[2025-03-24T23:24:25.600+0000] {processor.py:161} INFO - Started process (PID=46) to work on /home/airflow/.local/lib/python3.8/site-packages/airflow/example_dags/example_branch_python_dop_operator_3.py
[2025-03-24T23:24:25.602+0000] {processor.py:830} INFO - Processing file /home/airflow/.local/lib/python3.8/site-packages/airflow/example_dags/example_branch_python_dop_operator_3.py for tasks to queue
[2025-03-24T23:24:25.604+0000] {logging_mixin.py:188} INFO - [2025-03-24T23:24:25.604+0000] {dagbag.py:538} INFO - Filling up the DagBag from /home/airflow/.local/lib/python3.8/site-packages/airflow/example_dags/example_branch_python_dop_operator_3.py
[2025-03-24T23:24:25.613+0000] {processor.py:840} INFO - DAG(s) 'example_branch_dop_operator_v3' retrieved from /home/airflow/.local/lib/python3.8/site-packages/airflow/example_dags/example_branch_python_dop_operator_3.py
[2025-03-24T23:24:25.622+0000] {logging_mixin.py:188} INFO - [2025-03-24T23:24:25.622+0000] {dag.py:3033} INFO - Sync 1 DAGs
[2025-03-24T23:24:25.646+0000] {logging_mixin.py:188} INFO - [2025-03-24T23:24:25.646+0000] {dag.py:3820} INFO - Setting next_dagrun for example_branch_dop_operator_v3 to 2025-03-24T23:23:00+00:00, run_after=2025-03-24T23:24:00+00:00
[2025-03-24T23:24:25.671+0000] {processor.py:183} INFO - Processing /home/airflow/.local/lib/python3.8/site-packages/airflow/example_dags/example_branch_python_dop_operator_3.py took 0.073 seconds
[2025-03-24T23:24:55.844+0000] {processor.py:161} INFO - Started process (PID=101) to work on /home/airflow/.local/lib/python3.8/site-packages/airflow/example_dags/example_branch_python_dop_operator_3.py
[2025-03-24T23:24:55.846+0000] {processor.py:830} INFO - Processing file /home/airflow/.local/lib/python3.8/site-packages/airflow/example_dags/example_branch_python_dop_operator_3.py for tasks to queue
[2025-03-24T23:24:55.847+0000] {logging_mixin.py:188} INFO - [2025-03-24T23:24:55.847+0000] {dagbag.py:538} INFO - Filling up the DagBag from /home/airflow/.local/lib/python3.8/site-packages/airflow/example_dags/example_branch_python_dop_operator_3.py
[2025-03-24T23:24:55.852+0000] {processor.py:840} INFO - DAG(s) 'example_branch_dop_operator_v3' retrieved from /home/airflow/.local/lib/python3.8/site-packages/airflow/example_dags/example_branch_python_dop_operator_3.py
[2025-03-24T23:24:55.890+0000] {logging_mixin.py:188} INFO - [2025-03-24T23:24:55.890+0000] {dag.py:3033} INFO - Sync 1 DAGs
[2025-03-24T23:24:55.900+0000] {logging_mixin.py:188} INFO - [2025-03-24T23:24:55.899+0000] {dag.py:3820} INFO - Setting next_dagrun for example_branch_dop_operator_v3 to 2025-03-24T23:23:00+00:00, run_after=2025-03-24T23:24:00+00:00
[2025-03-24T23:24:55.911+0000] {processor.py:183} INFO - Processing /home/airflow/.local/lib/python3.8/site-packages/airflow/example_dags/example_branch_python_dop_operator_3.py took 0.068 seconds
[2025-03-24T23:25:26.085+0000] {processor.py:161} INFO - Started process (PID=157) to work on /home/airflow/.local/lib/python3.8/site-packages/airflow/example_dags/example_branch_python_dop_operator_3.py
[2025-03-24T23:25:26.086+0000] {processor.py:830} INFO - Processing file /home/airflow/.local/lib/python3.8/site-packages/airflow/example_dags/example_branch_python_dop_operator_3.py for tasks to queue
[2025-03-24T23:25:26.087+0000] {logging_mixin.py:188} INFO - [2025-03-24T23:25:26.087+0000] {dagbag.py:538} INFO - Filling up the DagBag from /home/airflow/.local/lib/python3.8/site-packages/airflow/example_dags/example_branch_python_dop_operator_3.py
[2025-03-24T23:25:26.092+0000] {processor.py:840} INFO - DAG(s) 'example_branch_dop_operator_v3' retrieved from /home/airflow/.local/lib/python3.8/site-packages/airflow/example_dags/example_branch_python_dop_operator_3.py
[2025-03-24T23:25:26.102+0000] {logging_mixin.py:188} INFO - [2025-03-24T23:25:26.102+0000] {dag.py:3033} INFO - Sync 1 DAGs
[2025-03-24T23:25:26.114+0000] {logging_mixin.py:188} INFO - [2025-03-24T23:25:26.114+0000] {dag.py:3820} INFO - Setting next_dagrun for example_branch_dop_operator_v3 to 2025-03-24T23:24:00+00:00, run_after=2025-03-24T23:25:00+00:00
[2025-03-24T23:25:26.126+0000] {processor.py:183} INFO - Processing /home/airflow/.local/lib/python3.8/site-packages/airflow/example_dags/example_branch_python_dop_operator_3.py took 0.042 seconds
[2025-03-24T23:25:56.680+0000] {processor.py:161} INFO - Started process (PID=211) to work on /home/airflow/.local/lib/python3.8/site-packages/airflow/example_dags/example_branch_python_dop_operator_3.py
[2025-03-24T23:25:56.681+0000] {processor.py:830} INFO - Processing file /home/airflow/.local/lib/python3.8/site-packages/airflow/example_dags/example_branch_python_dop_operator_3.py for tasks to queue
[2025-03-24T23:25:56.683+0000] {logging_mixin.py:188} INFO - [2025-03-24T23:25:56.683+0000] {dagbag.py:538} INFO - Filling up the DagBag from /home/airflow/.local/lib/python3.8/site-packages/airflow/example_dags/example_branch_python_dop_operator_3.py
[2025-03-24T23:25:56.688+0000] {processor.py:840} INFO - DAG(s) 'example_branch_dop_operator_v3' retrieved from /home/airflow/.local/lib/python3.8/site-packages/airflow/example_dags/example_branch_python_dop_operator_3.py
[2025-03-24T23:25:56.698+0000] {logging_mixin.py:188} INFO - [2025-03-24T23:25:56.698+0000] {dag.py:3033} INFO - Sync 1 DAGs
[2025-03-24T23:25:56.710+0000] {logging_mixin.py:188} INFO - [2025-03-24T23:25:56.710+0000] {dag.py:3820} INFO - Setting next_dagrun for example_branch_dop_operator_v3 to 2025-03-24T23:24:00+00:00, run_after=2025-03-24T23:25:00+00:00
[2025-03-24T23:25:56.717+0000] {processor.py:183} INFO - Processing /home/airflow/.local/lib/python3.8/site-packages/airflow/example_dags/example_branch_python_dop_operator_3.py took 0.038 seconds
[2025-03-24T23:26:27.292+0000] {processor.py:161} INFO - Started process (PID=266) to work on /home/airflow/.local/lib/python3.8/site-packages/airflow/example_dags/example_branch_python_dop_operator_3.py
[2025-03-24T23:26:27.293+0000] {processor.py:830} INFO - Processing file /home/airflow/.local/lib/python3.8/site-packages/airflow/example_dags/example_branch_python_dop_operator_3.py for tasks to queue
[2025-03-24T23:26:27.294+0000] {logging_mixin.py:188} INFO - [2025-03-24T23:26:27.294+0000] {dagbag.py:538} INFO - Filling up the DagBag from /home/airflow/.local/lib/python3.8/site-packages/airflow/example_dags/example_branch_python_dop_operator_3.py
[2025-03-24T23:26:27.299+0000] {processor.py:840} INFO - DAG(s) 'example_branch_dop_operator_v3' retrieved from /home/airflow/.local/lib/python3.8/site-packages/airflow/example_dags/example_branch_python_dop_operator_3.py
[2025-03-24T23:26:27.311+0000] {logging_mixin.py:188} INFO - [2025-03-24T23:26:27.310+0000] {dag.py:3033} INFO - Sync 1 DAGs
[2025-03-24T23:26:27.332+0000] {logging_mixin.py:188} INFO - [2025-03-24T23:26:27.331+0000] {dag.py:3820} INFO - Setting next_dagrun for example_branch_dop_operator_v3 to 2025-03-24T23:25:00+00:00, run_after=2025-03-24T23:26:00+00:00
[2025-03-24T23:26:27.353+0000] {processor.py:183} INFO - Processing /home/airflow/.local/lib/python3.8/site-packages/airflow/example_dags/example_branch_python_dop_operator_3.py took 0.063 seconds
[2025-03-24T23:26:57.983+0000] {processor.py:161} INFO - Started process (PID=321) to work on /home/airflow/.local/lib/python3.8/site-packages/airflow/example_dags/example_branch_python_dop_operator_3.py
[2025-03-24T23:26:57.984+0000] {processor.py:830} INFO - Processing file /home/airflow/.local/lib/python3.8/site-packages/airflow/example_dags/example_branch_python_dop_operator_3.py for tasks to queue
[2025-03-24T23:26:57.989+0000] {logging_mixin.py:188} INFO - [2025-03-24T23:26:57.989+0000] {dagbag.py:538} INFO - Filling up the DagBag from /home/airflow/.local/lib/python3.8/site-packages/airflow/example_dags/example_branch_python_dop_operator_3.py
[2025-03-24T23:26:57.993+0000] {processor.py:840} INFO - DAG(s) 'example_branch_dop_operator_v3' retrieved from /home/airflow/.local/lib/python3.8/site-packages/airflow/example_dags/example_branch_python_dop_operator_3.py
[2025-03-24T23:26:58.002+0000] {logging_mixin.py:188} INFO - [2025-03-24T23:26:58.001+0000] {dag.py:3033} INFO - Sync 1 DAGs
[2025-03-24T23:26:58.012+0000] {logging_mixin.py:188} INFO - [2025-03-24T23:26:58.012+0000] {dag.py:3820} INFO - Setting next_dagrun for example_branch_dop_operator_v3 to 2025-03-24T23:25:00+00:00, run_after=2025-03-24T23:26:00+00:00
[2025-03-24T23:26:58.024+0000] {processor.py:183} INFO - Processing /home/airflow/.local/lib/python3.8/site-packages/airflow/example_dags/example_branch_python_dop_operator_3.py took 0.042 seconds
[2025-03-24T23:27:28.616+0000] {processor.py:161} INFO - Started process (PID=376) to work on /home/airflow/.local/lib/python3.8/site-packages/airflow/example_dags/example_branch_python_dop_operator_3.py
[2025-03-24T23:27:28.618+0000] {processor.py:830} INFO - Processing file /home/airflow/.local/lib/python3.8/site-packages/airflow/example_dags/example_branch_python_dop_operator_3.py for tasks to queue
[2025-03-24T23:27:28.619+0000] {logging_mixin.py:188} INFO - [2025-03-24T23:27:28.619+0000] {dagbag.py:538} INFO - Filling up the DagBag from /home/airflow/.local/lib/python3.8/site-packages/airflow/example_dags/example_branch_python_dop_operator_3.py
[2025-03-24T23:27:28.625+0000] {processor.py:840} INFO - DAG(s) 'example_branch_dop_operator_v3' retrieved from /home/airflow/.local/lib/python3.8/site-packages/airflow/example_dags/example_branch_python_dop_operator_3.py
[2025-03-24T23:27:28.643+0000] {logging_mixin.py:188} INFO - [2025-03-24T23:27:28.643+0000] {dag.py:3033} INFO - Sync 1 DAGs
[2025-03-24T23:27:28.661+0000] {logging_mixin.py:188} INFO - [2025-03-24T23:27:28.661+0000] {dag.py:3820} INFO - Setting next_dagrun for example_branch_dop_operator_v3 to 2025-03-24T23:26:00+00:00, run_after=2025-03-24T23:27:00+00:00
[2025-03-24T23:27:28.673+0000] {processor.py:183} INFO - Processing /home/airflow/.local/lib/python3.8/site-packages/airflow/example_dags/example_branch_python_dop_operator_3.py took 0.060 seconds
[2025-03-24T23:27:59.206+0000] {processor.py:161} INFO - Started process (PID=437) to work on /home/airflow/.local/lib/python3.8/site-packages/airflow/example_dags/example_branch_python_dop_operator_3.py
[2025-03-24T23:27:59.208+0000] {processor.py:830} INFO - Processing file /home/airflow/.local/lib/python3.8/site-packages/airflow/example_dags/example_branch_python_dop_operator_3.py for tasks to queue
[2025-03-24T23:27:59.209+0000] {logging_mixin.py:188} INFO - [2025-03-24T23:27:59.209+0000] {dagbag.py:538} INFO - Filling up the DagBag from /home/airflow/.local/lib/python3.8/site-packages/airflow/example_dags/example_branch_python_dop_operator_3.py
[2025-03-24T23:27:59.214+0000] {processor.py:840} INFO - DAG(s) 'example_branch_dop_operator_v3' retrieved from /home/airflow/.local/lib/python3.8/site-packages/airflow/example_dags/example_branch_python_dop_operator_3.py
[2025-03-24T23:27:59.227+0000] {logging_mixin.py:188} INFO - [2025-03-24T23:27:59.227+0000] {dag.py:3033} INFO - Sync 1 DAGs
[2025-03-24T23:27:59.241+0000] {logging_mixin.py:188} INFO - [2025-03-24T23:27:59.240+0000] {dag.py:3820} INFO - Setting next_dagrun for example_branch_dop_operator_v3 to 2025-03-24T23:26:00+00:00, run_after=2025-03-24T23:27:00+00:00
[2025-03-24T23:27:59.266+0000] {processor.py:183} INFO - Processing /home/airflow/.local/lib/python3.8/site-packages/airflow/example_dags/example_branch_python_dop_operator_3.py took 0.062 seconds
[2025-03-24T23:28:30.013+0000] {processor.py:161} INFO - Started process (PID=492) to work on /home/airflow/.local/lib/python3.8/site-packages/airflow/example_dags/example_branch_python_dop_operator_3.py
[2025-03-24T23:28:30.016+0000] {processor.py:830} INFO - Processing file /home/airflow/.local/lib/python3.8/site-packages/airflow/example_dags/example_branch_python_dop_operator_3.py for tasks to queue
[2025-03-24T23:28:30.018+0000] {logging_mixin.py:188} INFO - [2025-03-24T23:28:30.018+0000] {dagbag.py:538} INFO - Filling up the DagBag from /home/airflow/.local/lib/python3.8/site-packages/airflow/example_dags/example_branch_python_dop_operator_3.py
[2025-03-24T23:28:30.024+0000] {processor.py:840} INFO - DAG(s) 'example_branch_dop_operator_v3' retrieved from /home/airflow/.local/lib/python3.8/site-packages/airflow/example_dags/example_branch_python_dop_operator_3.py
[2025-03-24T23:28:30.037+0000] {logging_mixin.py:188} INFO - [2025-03-24T23:28:30.037+0000] {dag.py:3033} INFO - Sync 1 DAGs
[2025-03-24T23:28:30.052+0000] {logging_mixin.py:188} INFO - [2025-03-24T23:28:30.052+0000] {dag.py:3820} INFO - Setting next_dagrun for example_branch_dop_operator_v3 to 2025-03-24T23:27:00+00:00, run_after=2025-03-24T23:28:00+00:00
[2025-03-24T23:28:30.062+0000] {processor.py:183} INFO - Processing /home/airflow/.local/lib/python3.8/site-packages/airflow/example_dags/example_branch_python_dop_operator_3.py took 0.052 seconds
[2025-03-24T23:29:00.741+0000] {processor.py:161} INFO - Started process (PID=547) to work on /home/airflow/.local/lib/python3.8/site-packages/airflow/example_dags/example_branch_python_dop_operator_3.py
[2025-03-24T23:29:00.744+0000] {processor.py:830} INFO - Processing file /home/airflow/.local/lib/python3.8/site-packages/airflow/example_dags/example_branch_python_dop_operator_3.py for tasks to queue
[2025-03-24T23:29:00.745+0000] {logging_mixin.py:188} INFO - [2025-03-24T23:29:00.745+0000] {dagbag.py:538} INFO - Filling up the DagBag from /home/airflow/.local/lib/python3.8/site-packages/airflow/example_dags/example_branch_python_dop_operator_3.py
[2025-03-24T23:29:00.750+0000] {processor.py:840} INFO - DAG(s) 'example_branch_dop_operator_v3' retrieved from /home/airflow/.local/lib/python3.8/site-packages/airflow/example_dags/example_branch_python_dop_operator_3.py
[2025-03-24T23:29:00.766+0000] {logging_mixin.py:188} INFO - [2025-03-24T23:29:00.766+0000] {dag.py:3033} INFO - Sync 1 DAGs
[2025-03-24T23:29:00.785+0000] {logging_mixin.py:188} INFO - [2025-03-24T23:29:00.785+0000] {dag.py:3820} INFO - Setting next_dagrun for example_branch_dop_operator_v3 to 2025-03-24T23:28:00+00:00, run_after=2025-03-24T23:29:00+00:00
[2025-03-24T23:29:00.802+0000] {processor.py:183} INFO - Processing /home/airflow/.local/lib/python3.8/site-packages/airflow/example_dags/example_branch_python_dop_operator_3.py took 0.065 seconds
[2025-03-24T23:29:31.469+0000] {processor.py:161} INFO - Started process (PID=602) to work on /home/airflow/.local/lib/python3.8/site-packages/airflow/example_dags/example_branch_python_dop_operator_3.py
[2025-03-24T23:29:31.473+0000] {processor.py:830} INFO - Processing file /home/airflow/.local/lib/python3.8/site-packages/airflow/example_dags/example_branch_python_dop_operator_3.py for tasks to queue
[2025-03-24T23:29:31.478+0000] {logging_mixin.py:188} INFO - [2025-03-24T23:29:31.477+0000] {dagbag.py:538} INFO - Filling up the DagBag from /home/airflow/.local/lib/python3.8/site-packages/airflow/example_dags/example_branch_python_dop_operator_3.py
[2025-03-24T23:29:31.488+0000] {processor.py:840} INFO - DAG(s) 'example_branch_dop_operator_v3' retrieved from /home/airflow/.local/lib/python3.8/site-packages/airflow/example_dags/example_branch_python_dop_operator_3.py
[2025-03-24T23:29:31.507+0000] {logging_mixin.py:188} INFO - [2025-03-24T23:29:31.507+0000] {dag.py:3033} INFO - Sync 1 DAGs
[2025-03-24T23:29:31.528+0000] {logging_mixin.py:188} INFO - [2025-03-24T23:29:31.528+0000] {dag.py:3820} INFO - Setting next_dagrun for example_branch_dop_operator_v3 to 2025-03-24T23:28:00+00:00, run_after=2025-03-24T23:29:00+00:00
[2025-03-24T23:29:31.541+0000] {processor.py:183} INFO - Processing /home/airflow/.local/lib/python3.8/site-packages/airflow/example_dags/example_branch_python_dop_operator_3.py took 0.075 seconds
[2025-03-24T23:30:02.221+0000] {processor.py:161} INFO - Started process (PID=657) to work on /home/airflow/.local/lib/python3.8/site-packages/airflow/example_dags/example_branch_python_dop_operator_3.py
[2025-03-24T23:30:02.223+0000] {processor.py:830} INFO - Processing file /home/airflow/.local/lib/python3.8/site-packages/airflow/example_dags/example_branch_python_dop_operator_3.py for tasks to queue
[2025-03-24T23:30:02.224+0000] {logging_mixin.py:188} INFO - [2025-03-24T23:30:02.224+0000] {dagbag.py:538} INFO - Filling up the DagBag from /home/airflow/.local/lib/python3.8/site-packages/airflow/example_dags/example_branch_python_dop_operator_3.py
[2025-03-24T23:30:02.232+0000] {processor.py:840} INFO - DAG(s) 'example_branch_dop_operator_v3' retrieved from /home/airflow/.local/lib/python3.8/site-packages/airflow/example_dags/example_branch_python_dop_operator_3.py
[2025-03-24T23:30:02.249+0000] {logging_mixin.py:188} INFO - [2025-03-24T23:30:02.249+0000] {dag.py:3033} INFO - Sync 1 DAGs
[2025-03-24T23:30:02.264+0000] {logging_mixin.py:188} INFO - [2025-03-24T23:30:02.263+0000] {dag.py:3820} INFO - Setting next_dagrun for example_branch_dop_operator_v3 to 2025-03-24T23:29:00+00:00, run_after=2025-03-24T23:30:00+00:00
[2025-03-24T23:30:02.273+0000] {processor.py:183} INFO - Processing /home/airflow/.local/lib/python3.8/site-packages/airflow/example_dags/example_branch_python_dop_operator_3.py took 0.055 seconds
[2025-03-24T23:30:32.777+0000] {processor.py:161} INFO - Started process (PID=712) to work on /home/airflow/.local/lib/python3.8/site-packages/airflow/example_dags/example_branch_python_dop_operator_3.py
[2025-03-24T23:30:32.781+0000] {processor.py:830} INFO - Processing file /home/airflow/.local/lib/python3.8/site-packages/airflow/example_dags/example_branch_python_dop_operator_3.py for tasks to queue
[2025-03-24T23:30:32.783+0000] {logging_mixin.py:188} INFO - [2025-03-24T23:30:32.783+0000] {dagbag.py:538} INFO - Filling up the DagBag from /home/airflow/.local/lib/python3.8/site-packages/airflow/example_dags/example_branch_python_dop_operator_3.py
[2025-03-24T23:30:32.788+0000] {processor.py:840} INFO - DAG(s) 'example_branch_dop_operator_v3' retrieved from /home/airflow/.local/lib/python3.8/site-packages/airflow/example_dags/example_branch_python_dop_operator_3.py
[2025-03-24T23:30:32.798+0000] {logging_mixin.py:188} INFO - [2025-03-24T23:30:32.798+0000] {dag.py:3033} INFO - Sync 1 DAGs
[2025-03-24T23:30:32.809+0000] {logging_mixin.py:188} INFO - [2025-03-24T23:30:32.809+0000] {dag.py:3820} INFO - Setting next_dagrun for example_branch_dop_operator_v3 to 2025-03-24T23:29:00+00:00, run_after=2025-03-24T23:30:00+00:00
[2025-03-24T23:30:32.817+0000] {processor.py:183} INFO - Processing /home/airflow/.local/lib/python3.8/site-packages/airflow/example_dags/example_branch_python_dop_operator_3.py took 0.041 seconds
[2025-03-24T23:31:03.441+0000] {processor.py:161} INFO - Started process (PID=767) to work on /home/airflow/.local/lib/python3.8/site-packages/airflow/example_dags/example_branch_python_dop_operator_3.py
[2025-03-24T23:31:03.442+0000] {processor.py:830} INFO - Processing file /home/airflow/.local/lib/python3.8/site-packages/airflow/example_dags/example_branch_python_dop_operator_3.py for tasks to queue
[2025-03-24T23:31:03.444+0000] {logging_mixin.py:188} INFO - [2025-03-24T23:31:03.444+0000] {dagbag.py:538} INFO - Filling up the DagBag from /home/airflow/.local/lib/python3.8/site-packages/airflow/example_dags/example_branch_python_dop_operator_3.py
[2025-03-24T23:31:03.452+0000] {processor.py:840} INFO - DAG(s) 'example_branch_dop_operator_v3' retrieved from /home/airflow/.local/lib/python3.8/site-packages/airflow/example_dags/example_branch_python_dop_operator_3.py
[2025-03-24T23:31:03.479+0000] {logging_mixin.py:188} INFO - [2025-03-24T23:31:03.479+0000] {dag.py:3033} INFO - Sync 1 DAGs
[2025-03-24T23:31:03.502+0000] {logging_mixin.py:188} INFO - [2025-03-24T23:31:03.501+0000] {dag.py:3820} INFO - Setting next_dagrun for example_branch_dop_operator_v3 to 2025-03-24T23:30:00+00:00, run_after=2025-03-24T23:31:00+00:00
[2025-03-24T23:31:03.520+0000] {processor.py:183} INFO - Processing /home/airflow/.local/lib/python3.8/site-packages/airflow/example_dags/example_branch_python_dop_operator_3.py took 0.082 seconds
[2025-03-24T23:31:34.450+0000] {processor.py:161} INFO - Started process (PID=822) to work on /home/airflow/.local/lib/python3.8/site-packages/airflow/example_dags/example_branch_python_dop_operator_3.py
[2025-03-24T23:31:34.451+0000] {processor.py:830} INFO - Processing file /home/airflow/.local/lib/python3.8/site-packages/airflow/example_dags/example_branch_python_dop_operator_3.py for tasks to queue
[2025-03-24T23:31:34.453+0000] {logging_mixin.py:188} INFO - [2025-03-24T23:31:34.453+0000] {dagbag.py:538} INFO - Filling up the DagBag from /home/airflow/.local/lib/python3.8/site-packages/airflow/example_dags/example_branch_python_dop_operator_3.py
[2025-03-24T23:31:34.458+0000] {processor.py:840} INFO - DAG(s) 'example_branch_dop_operator_v3' retrieved from /home/airflow/.local/lib/python3.8/site-packages/airflow/example_dags/example_branch_python_dop_operator_3.py
[2025-03-24T23:31:34.473+0000] {logging_mixin.py:188} INFO - [2025-03-24T23:31:34.472+0000] {dag.py:3033} INFO - Sync 1 DAGs
[2025-03-24T23:31:34.487+0000] {logging_mixin.py:188} INFO - [2025-03-24T23:31:34.487+0000] {dag.py:3820} INFO - Setting next_dagrun for example_branch_dop_operator_v3 to 2025-03-24T23:30:00+00:00, run_after=2025-03-24T23:31:00+00:00
[2025-03-24T23:31:34.498+0000] {processor.py:183} INFO - Processing /home/airflow/.local/lib/python3.8/site-packages/airflow/example_dags/example_branch_python_dop_operator_3.py took 0.050 seconds
[2025-03-24T23:32:04.947+0000] {processor.py:161} INFO - Started process (PID=877) to work on /home/airflow/.local/lib/python3.8/site-packages/airflow/example_dags/example_branch_python_dop_operator_3.py
[2025-03-24T23:32:04.948+0000] {processor.py:830} INFO - Processing file /home/airflow/.local/lib/python3.8/site-packages/airflow/example_dags/example_branch_python_dop_operator_3.py for tasks to queue
[2025-03-24T23:32:04.950+0000] {logging_mixin.py:188} INFO - [2025-03-24T23:32:04.950+0000] {dagbag.py:538} INFO - Filling up the DagBag from /home/airflow/.local/lib/python3.8/site-packages/airflow/example_dags/example_branch_python_dop_operator_3.py
[2025-03-24T23:32:04.958+0000] {processor.py:840} INFO - DAG(s) 'example_branch_dop_operator_v3' retrieved from /home/airflow/.local/lib/python3.8/site-packages/airflow/example_dags/example_branch_python_dop_operator_3.py
[2025-03-24T23:32:04.975+0000] {logging_mixin.py:188} INFO - [2025-03-24T23:32:04.974+0000] {dag.py:3033} INFO - Sync 1 DAGs
[2025-03-24T23:32:04.992+0000] {logging_mixin.py:188} INFO - [2025-03-24T23:32:04.991+0000] {dag.py:3820} INFO - Setting next_dagrun for example_branch_dop_operator_v3 to 2025-03-24T23:31:00+00:00, run_after=2025-03-24T23:32:00+00:00
[2025-03-24T23:32:05.012+0000] {processor.py:183} INFO - Processing /home/airflow/.local/lib/python3.8/site-packages/airflow/example_dags/example_branch_python_dop_operator_3.py took 0.067 seconds
[2025-03-24T23:32:35.036+0000] {processor.py:161} INFO - Started process (PID=931) to work on /home/airflow/.local/lib/python3.8/site-packages/airflow/example_dags/example_branch_python_dop_operator_3.py
[2025-03-24T23:32:35.036+0000] {processor.py:830} INFO - Processing file /home/airflow/.local/lib/python3.8/site-packages/airflow/example_dags/example_branch_python_dop_operator_3.py for tasks to queue
[2025-03-24T23:32:35.038+0000] {logging_mixin.py:188} INFO - [2025-03-24T23:32:35.037+0000] {dagbag.py:538} INFO - Filling up the DagBag from /home/airflow/.local/lib/python3.8/site-packages/airflow/example_dags/example_branch_python_dop_operator_3.py
[2025-03-24T23:32:35.050+0000] {processor.py:840} INFO - DAG(s) 'example_branch_dop_operator_v3' retrieved from /home/airflow/.local/lib/python3.8/site-packages/airflow/example_dags/example_branch_python_dop_operator_3.py
[2025-03-24T23:32:35.077+0000] {logging_mixin.py:188} INFO - [2025-03-24T23:32:35.077+0000] {dag.py:3033} INFO - Sync 1 DAGs
[2025-03-24T23:32:35.090+0000] {logging_mixin.py:188} INFO - [2025-03-24T23:32:35.090+0000] {dag.py:3820} INFO - Setting next_dagrun for example_branch_dop_operator_v3 to 2025-03-24T23:31:00+00:00, run_after=2025-03-24T23:32:00+00:00
[2025-03-24T23:32:35.098+0000] {processor.py:183} INFO - Processing /home/airflow/.local/lib/python3.8/site-packages/airflow/example_dags/example_branch_python_dop_operator_3.py took 0.065 seconds
[2025-03-24T23:33:05.664+0000] {processor.py:161} INFO - Started process (PID=987) to work on /home/airflow/.local/lib/python3.8/site-packages/airflow/example_dags/example_branch_python_dop_operator_3.py
[2025-03-24T23:33:05.665+0000] {processor.py:830} INFO - Processing file /home/airflow/.local/lib/python3.8/site-packages/airflow/example_dags/example_branch_python_dop_operator_3.py for tasks to queue
[2025-03-24T23:33:05.667+0000] {logging_mixin.py:188} INFO - [2025-03-24T23:33:05.667+0000] {dagbag.py:538} INFO - Filling up the DagBag from /home/airflow/.local/lib/python3.8/site-packages/airflow/example_dags/example_branch_python_dop_operator_3.py
[2025-03-24T23:33:05.675+0000] {processor.py:840} INFO - DAG(s) 'example_branch_dop_operator_v3' retrieved from /home/airflow/.local/lib/python3.8/site-packages/airflow/example_dags/example_branch_python_dop_operator_3.py
[2025-03-24T23:33:05.690+0000] {logging_mixin.py:188} INFO - [2025-03-24T23:33:05.690+0000] {dag.py:3033} INFO - Sync 1 DAGs
[2025-03-24T23:33:05.705+0000] {logging_mixin.py:188} INFO - [2025-03-24T23:33:05.705+0000] {dag.py:3820} INFO - Setting next_dagrun for example_branch_dop_operator_v3 to 2025-03-24T23:32:00+00:00, run_after=2025-03-24T23:33:00+00:00
[2025-03-24T23:33:05.716+0000] {processor.py:183} INFO - Processing /home/airflow/.local/lib/python3.8/site-packages/airflow/example_dags/example_branch_python_dop_operator_3.py took 0.056 seconds
[2025-03-24T23:33:36.326+0000] {processor.py:161} INFO - Started process (PID=1042) to work on /home/airflow/.local/lib/python3.8/site-packages/airflow/example_dags/example_branch_python_dop_operator_3.py
[2025-03-24T23:33:36.327+0000] {processor.py:830} INFO - Processing file /home/airflow/.local/lib/python3.8/site-packages/airflow/example_dags/example_branch_python_dop_operator_3.py for tasks to queue
[2025-03-24T23:33:36.329+0000] {logging_mixin.py:188} INFO - [2025-03-24T23:33:36.329+0000] {dagbag.py:538} INFO - Filling up the DagBag from /home/airflow/.local/lib/python3.8/site-packages/airflow/example_dags/example_branch_python_dop_operator_3.py
[2025-03-24T23:33:36.335+0000] {processor.py:840} INFO - DAG(s) 'example_branch_dop_operator_v3' retrieved from /home/airflow/.local/lib/python3.8/site-packages/airflow/example_dags/example_branch_python_dop_operator_3.py
[2025-03-24T23:33:36.349+0000] {logging_mixin.py:188} INFO - [2025-03-24T23:33:36.349+0000] {dag.py:3033} INFO - Sync 1 DAGs
[2025-03-24T23:33:36.362+0000] {logging_mixin.py:188} INFO - [2025-03-24T23:33:36.362+0000] {dag.py:3820} INFO - Setting next_dagrun for example_branch_dop_operator_v3 to 2025-03-24T23:32:00+00:00, run_after=2025-03-24T23:33:00+00:00
[2025-03-24T23:33:36.373+0000] {processor.py:183} INFO - Processing /home/airflow/.local/lib/python3.8/site-packages/airflow/example_dags/example_branch_python_dop_operator_3.py took 0.050 seconds
[2025-03-24T23:34:06.837+0000] {processor.py:161} INFO - Started process (PID=1097) to work on /home/airflow/.local/lib/python3.8/site-packages/airflow/example_dags/example_branch_python_dop_operator_3.py
[2025-03-24T23:34:06.839+0000] {processor.py:830} INFO - Processing file /home/airflow/.local/lib/python3.8/site-packages/airflow/example_dags/example_branch_python_dop_operator_3.py for tasks to queue
[2025-03-24T23:34:06.841+0000] {logging_mixin.py:188} INFO - [2025-03-24T23:34:06.841+0000] {dagbag.py:538} INFO - Filling up the DagBag from /home/airflow/.local/lib/python3.8/site-packages/airflow/example_dags/example_branch_python_dop_operator_3.py
[2025-03-24T23:34:06.848+0000] {processor.py:840} INFO - DAG(s) 'example_branch_dop_operator_v3' retrieved from /home/airflow/.local/lib/python3.8/site-packages/airflow/example_dags/example_branch_python_dop_operator_3.py
[2025-03-24T23:34:06.863+0000] {logging_mixin.py:188} INFO - [2025-03-24T23:34:06.863+0000] {dag.py:3033} INFO - Sync 1 DAGs
[2025-03-24T23:34:06.882+0000] {logging_mixin.py:188} INFO - [2025-03-24T23:34:06.882+0000] {dag.py:3820} INFO - Setting next_dagrun for example_branch_dop_operator_v3 to 2025-03-24T23:33:00+00:00, run_after=2025-03-24T23:34:00+00:00
[2025-03-24T23:34:06.894+0000] {processor.py:183} INFO - Processing /home/airflow/.local/lib/python3.8/site-packages/airflow/example_dags/example_branch_python_dop_operator_3.py took 0.061 seconds
[2025-03-24T23:34:37.426+0000] {processor.py:161} INFO - Started process (PID=1152) to work on /home/airflow/.local/lib/python3.8/site-packages/airflow/example_dags/example_branch_python_dop_operator_3.py
[2025-03-24T23:34:37.429+0000] {processor.py:830} INFO - Processing file /home/airflow/.local/lib/python3.8/site-packages/airflow/example_dags/example_branch_python_dop_operator_3.py for tasks to queue
[2025-03-24T23:34:37.432+0000] {logging_mixin.py:188} INFO - [2025-03-24T23:34:37.431+0000] {dagbag.py:538} INFO - Filling up the DagBag from /home/airflow/.local/lib/python3.8/site-packages/airflow/example_dags/example_branch_python_dop_operator_3.py
[2025-03-24T23:34:37.439+0000] {processor.py:840} INFO - DAG(s) 'example_branch_dop_operator_v3' retrieved from /home/airflow/.local/lib/python3.8/site-packages/airflow/example_dags/example_branch_python_dop_operator_3.py
[2025-03-24T23:34:37.453+0000] {logging_mixin.py:188} INFO - [2025-03-24T23:34:37.453+0000] {dag.py:3033} INFO - Sync 1 DAGs
[2025-03-24T23:34:37.469+0000] {logging_mixin.py:188} INFO - [2025-03-24T23:34:37.469+0000] {dag.py:3820} INFO - Setting next_dagrun for example_branch_dop_operator_v3 to 2025-03-24T23:33:00+00:00, run_after=2025-03-24T23:34:00+00:00
[2025-03-24T23:34:37.478+0000] {processor.py:183} INFO - Processing /home/airflow/.local/lib/python3.8/site-packages/airflow/example_dags/example_branch_python_dop_operator_3.py took 0.055 seconds
[2025-03-24T23:35:07.533+0000] {processor.py:161} INFO - Started process (PID=1207) to work on /home/airflow/.local/lib/python3.8/site-packages/airflow/example_dags/example_branch_python_dop_operator_3.py
[2025-03-24T23:35:07.536+0000] {processor.py:830} INFO - Processing file /home/airflow/.local/lib/python3.8/site-packages/airflow/example_dags/example_branch_python_dop_operator_3.py for tasks to queue
[2025-03-24T23:35:07.539+0000] {logging_mixin.py:188} INFO - [2025-03-24T23:35:07.539+0000] {dagbag.py:538} INFO - Filling up the DagBag from /home/airflow/.local/lib/python3.8/site-packages/airflow/example_dags/example_branch_python_dop_operator_3.py
[2025-03-24T23:35:07.548+0000] {processor.py:840} INFO - DAG(s) 'example_branch_dop_operator_v3' retrieved from /home/airflow/.local/lib/python3.8/site-packages/airflow/example_dags/example_branch_python_dop_operator_3.py
[2025-03-24T23:35:07.563+0000] {logging_mixin.py:188} INFO - [2025-03-24T23:35:07.563+0000] {dag.py:3033} INFO - Sync 1 DAGs
[2025-03-24T23:35:07.581+0000] {logging_mixin.py:188} INFO - [2025-03-24T23:35:07.580+0000] {dag.py:3820} INFO - Setting next_dagrun for example_branch_dop_operator_v3 to 2025-03-24T23:34:00+00:00, run_after=2025-03-24T23:35:00+00:00
[2025-03-24T23:35:07.594+0000] {processor.py:183} INFO - Processing /home/airflow/.local/lib/python3.8/site-packages/airflow/example_dags/example_branch_python_dop_operator_3.py took 0.066 seconds
[2025-03-24T23:35:38.434+0000] {processor.py:161} INFO - Started process (PID=1262) to work on /home/airflow/.local/lib/python3.8/site-packages/airflow/example_dags/example_branch_python_dop_operator_3.py
[2025-03-24T23:35:38.437+0000] {processor.py:830} INFO - Processing file /home/airflow/.local/lib/python3.8/site-packages/airflow/example_dags/example_branch_python_dop_operator_3.py for tasks to queue
[2025-03-24T23:35:38.438+0000] {logging_mixin.py:188} INFO - [2025-03-24T23:35:38.438+0000] {dagbag.py:538} INFO - Filling up the DagBag from /home/airflow/.local/lib/python3.8/site-packages/airflow/example_dags/example_branch_python_dop_operator_3.py
[2025-03-24T23:35:38.449+0000] {processor.py:840} INFO - DAG(s) 'example_branch_dop_operator_v3' retrieved from /home/airflow/.local/lib/python3.8/site-packages/airflow/example_dags/example_branch_python_dop_operator_3.py
[2025-03-24T23:35:38.467+0000] {logging_mixin.py:188} INFO - [2025-03-24T23:35:38.466+0000] {dag.py:3033} INFO - Sync 1 DAGs
[2025-03-24T23:35:38.482+0000] {logging_mixin.py:188} INFO - [2025-03-24T23:35:38.482+0000] {dag.py:3820} INFO - Setting next_dagrun for example_branch_dop_operator_v3 to 2025-03-24T23:34:00+00:00, run_after=2025-03-24T23:35:00+00:00
[2025-03-24T23:35:38.500+0000] {processor.py:183} INFO - Processing /home/airflow/.local/lib/python3.8/site-packages/airflow/example_dags/example_branch_python_dop_operator_3.py took 0.071 seconds
[2025-03-24T23:36:09.183+0000] {processor.py:161} INFO - Started process (PID=1317) to work on /home/airflow/.local/lib/python3.8/site-packages/airflow/example_dags/example_branch_python_dop_operator_3.py
[2025-03-24T23:36:09.186+0000] {processor.py:830} INFO - Processing file /home/airflow/.local/lib/python3.8/site-packages/airflow/example_dags/example_branch_python_dop_operator_3.py for tasks to queue
[2025-03-24T23:36:09.188+0000] {logging_mixin.py:188} INFO - [2025-03-24T23:36:09.188+0000] {dagbag.py:538} INFO - Filling up the DagBag from /home/airflow/.local/lib/python3.8/site-packages/airflow/example_dags/example_branch_python_dop_operator_3.py
[2025-03-24T23:36:09.196+0000] {processor.py:840} INFO - DAG(s) 'example_branch_dop_operator_v3' retrieved from /home/airflow/.local/lib/python3.8/site-packages/airflow/example_dags/example_branch_python_dop_operator_3.py
[2025-03-24T23:36:09.213+0000] {logging_mixin.py:188} INFO - [2025-03-24T23:36:09.213+0000] {dag.py:3033} INFO - Sync 1 DAGs
[2025-03-24T23:36:09.245+0000] {logging_mixin.py:188} INFO - [2025-03-24T23:36:09.245+0000] {dag.py:3820} INFO - Setting next_dagrun for example_branch_dop_operator_v3 to 2025-03-24T23:35:00+00:00, run_after=2025-03-24T23:36:00+00:00
[2025-03-24T23:36:09.261+0000] {processor.py:183} INFO - Processing /home/airflow/.local/lib/python3.8/site-packages/airflow/example_dags/example_branch_python_dop_operator_3.py took 0.081 seconds
[2025-03-24T23:36:39.847+0000] {processor.py:161} INFO - Started process (PID=1372) to work on /home/airflow/.local/lib/python3.8/site-packages/airflow/example_dags/example_branch_python_dop_operator_3.py
[2025-03-24T23:36:39.850+0000] {processor.py:830} INFO - Processing file /home/airflow/.local/lib/python3.8/site-packages/airflow/example_dags/example_branch_python_dop_operator_3.py for tasks to queue
[2025-03-24T23:36:39.854+0000] {logging_mixin.py:188} INFO - [2025-03-24T23:36:39.854+0000] {dagbag.py:538} INFO - Filling up the DagBag from /home/airflow/.local/lib/python3.8/site-packages/airflow/example_dags/example_branch_python_dop_operator_3.py
[2025-03-24T23:36:39.862+0000] {processor.py:840} INFO - DAG(s) 'example_branch_dop_operator_v3' retrieved from /home/airflow/.local/lib/python3.8/site-packages/airflow/example_dags/example_branch_python_dop_operator_3.py
[2025-03-24T23:36:39.877+0000] {logging_mixin.py:188} INFO - [2025-03-24T23:36:39.876+0000] {dag.py:3033} INFO - Sync 1 DAGs
[2025-03-24T23:36:39.892+0000] {logging_mixin.py:188} INFO - [2025-03-24T23:36:39.892+0000] {dag.py:3820} INFO - Setting next_dagrun for example_branch_dop_operator_v3 to 2025-03-24T23:35:00+00:00, run_after=2025-03-24T23:36:00+00:00
[2025-03-24T23:36:39.907+0000] {processor.py:183} INFO - Processing /home/airflow/.local/lib/python3.8/site-packages/airflow/example_dags/example_branch_python_dop_operator_3.py took 0.065 seconds
[2025-03-24T23:37:10.645+0000] {processor.py:161} INFO - Started process (PID=1427) to work on /home/airflow/.local/lib/python3.8/site-packages/airflow/example_dags/example_branch_python_dop_operator_3.py
[2025-03-24T23:37:10.648+0000] {processor.py:830} INFO - Processing file /home/airflow/.local/lib/python3.8/site-packages/airflow/example_dags/example_branch_python_dop_operator_3.py for tasks to queue
[2025-03-24T23:37:10.651+0000] {logging_mixin.py:188} INFO - [2025-03-24T23:37:10.651+0000] {dagbag.py:538} INFO - Filling up the DagBag from /home/airflow/.local/lib/python3.8/site-packages/airflow/example_dags/example_branch_python_dop_operator_3.py
[2025-03-24T23:37:10.662+0000] {processor.py:840} INFO - DAG(s) 'example_branch_dop_operator_v3' retrieved from /home/airflow/.local/lib/python3.8/site-packages/airflow/example_dags/example_branch_python_dop_operator_3.py
[2025-03-24T23:37:10.682+0000] {logging_mixin.py:188} INFO - [2025-03-24T23:37:10.682+0000] {dag.py:3033} INFO - Sync 1 DAGs
[2025-03-24T23:37:10.702+0000] {logging_mixin.py:188} INFO - [2025-03-24T23:37:10.701+0000] {dag.py:3820} INFO - Setting next_dagrun for example_branch_dop_operator_v3 to 2025-03-24T23:36:00+00:00, run_after=2025-03-24T23:37:00+00:00
[2025-03-24T23:37:10.716+0000] {processor.py:183} INFO - Processing /home/airflow/.local/lib/python3.8/site-packages/airflow/example_dags/example_branch_python_dop_operator_3.py took 0.076 seconds
[2025-03-24T23:37:41.510+0000] {processor.py:161} INFO - Started process (PID=1482) to work on /home/airflow/.local/lib/python3.8/site-packages/airflow/example_dags/example_branch_python_dop_operator_3.py
[2025-03-24T23:37:41.512+0000] {processor.py:830} INFO - Processing file /home/airflow/.local/lib/python3.8/site-packages/airflow/example_dags/example_branch_python_dop_operator_3.py for tasks to queue
[2025-03-24T23:37:41.514+0000] {logging_mixin.py:188} INFO - [2025-03-24T23:37:41.514+0000] {dagbag.py:538} INFO - Filling up the DagBag from /home/airflow/.local/lib/python3.8/site-packages/airflow/example_dags/example_branch_python_dop_operator_3.py
[2025-03-24T23:37:41.521+0000] {processor.py:840} INFO - DAG(s) 'example_branch_dop_operator_v3' retrieved from /home/airflow/.local/lib/python3.8/site-packages/airflow/example_dags/example_branch_python_dop_operator_3.py
[2025-03-24T23:37:41.536+0000] {logging_mixin.py:188} INFO - [2025-03-24T23:37:41.536+0000] {dag.py:3033} INFO - Sync 1 DAGs
[2025-03-24T23:37:41.552+0000] {logging_mixin.py:188} INFO - [2025-03-24T23:37:41.552+0000] {dag.py:3820} INFO - Setting next_dagrun for example_branch_dop_operator_v3 to 2025-03-24T23:36:00+00:00, run_after=2025-03-24T23:37:00+00:00
[2025-03-24T23:37:41.566+0000] {processor.py:183} INFO - Processing /home/airflow/.local/lib/python3.8/site-packages/airflow/example_dags/example_branch_python_dop_operator_3.py took 0.059 seconds
[2025-03-24T23:38:12.322+0000] {processor.py:161} INFO - Started process (PID=1537) to work on /home/airflow/.local/lib/python3.8/site-packages/airflow/example_dags/example_branch_python_dop_operator_3.py
[2025-03-24T23:38:12.325+0000] {processor.py:830} INFO - Processing file /home/airflow/.local/lib/python3.8/site-packages/airflow/example_dags/example_branch_python_dop_operator_3.py for tasks to queue
[2025-03-24T23:38:12.327+0000] {logging_mixin.py:188} INFO - [2025-03-24T23:38:12.327+0000] {dagbag.py:538} INFO - Filling up the DagBag from /home/airflow/.local/lib/python3.8/site-packages/airflow/example_dags/example_branch_python_dop_operator_3.py
[2025-03-24T23:38:12.333+0000] {processor.py:840} INFO - DAG(s) 'example_branch_dop_operator_v3' retrieved from /home/airflow/.local/lib/python3.8/site-packages/airflow/example_dags/example_branch_python_dop_operator_3.py
[2025-03-24T23:38:12.344+0000] {logging_mixin.py:188} INFO - [2025-03-24T23:38:12.344+0000] {dag.py:3033} INFO - Sync 1 DAGs
[2025-03-24T23:38:12.358+0000] {logging_mixin.py:188} INFO - [2025-03-24T23:38:12.358+0000] {dag.py:3820} INFO - Setting next_dagrun for example_branch_dop_operator_v3 to 2025-03-24T23:37:00+00:00, run_after=2025-03-24T23:38:00+00:00
[2025-03-24T23:38:12.370+0000] {processor.py:183} INFO - Processing /home/airflow/.local/lib/python3.8/site-packages/airflow/example_dags/example_branch_python_dop_operator_3.py took 0.051 seconds
[2025-03-24T23:38:43.048+0000] {processor.py:161} INFO - Started process (PID=1592) to work on /home/airflow/.local/lib/python3.8/site-packages/airflow/example_dags/example_branch_python_dop_operator_3.py
[2025-03-24T23:38:43.053+0000] {processor.py:830} INFO - Processing file /home/airflow/.local/lib/python3.8/site-packages/airflow/example_dags/example_branch_python_dop_operator_3.py for tasks to queue
[2025-03-24T23:38:43.056+0000] {logging_mixin.py:188} INFO - [2025-03-24T23:38:43.056+0000] {dagbag.py:538} INFO - Filling up the DagBag from /home/airflow/.local/lib/python3.8/site-packages/airflow/example_dags/example_branch_python_dop_operator_3.py
[2025-03-24T23:38:43.063+0000] {processor.py:840} INFO - DAG(s) 'example_branch_dop_operator_v3' retrieved from /home/airflow/.local/lib/python3.8/site-packages/airflow/example_dags/example_branch_python_dop_operator_3.py
[2025-03-24T23:38:43.081+0000] {logging_mixin.py:188} INFO - [2025-03-24T23:38:43.081+0000] {dag.py:3033} INFO - Sync 1 DAGs
[2025-03-24T23:38:43.095+0000] {logging_mixin.py:188} INFO - [2025-03-24T23:38:43.095+0000] {dag.py:3820} INFO - Setting next_dagrun for example_branch_dop_operator_v3 to 2025-03-24T23:37:00+00:00, run_after=2025-03-24T23:38:00+00:00
[2025-03-24T23:38:43.109+0000] {processor.py:183} INFO - Processing /home/airflow/.local/lib/python3.8/site-packages/airflow/example_dags/example_branch_python_dop_operator_3.py took 0.064 seconds
[2025-03-24T23:39:13.830+0000] {processor.py:161} INFO - Started process (PID=1647) to work on /home/airflow/.local/lib/python3.8/site-packages/airflow/example_dags/example_branch_python_dop_operator_3.py
[2025-03-24T23:39:13.831+0000] {processor.py:830} INFO - Processing file /home/airflow/.local/lib/python3.8/site-packages/airflow/example_dags/example_branch_python_dop_operator_3.py for tasks to queue
[2025-03-24T23:39:13.833+0000] {logging_mixin.py:188} INFO - [2025-03-24T23:39:13.833+0000] {dagbag.py:538} INFO - Filling up the DagBag from /home/airflow/.local/lib/python3.8/site-packages/airflow/example_dags/example_branch_python_dop_operator_3.py
[2025-03-24T23:39:13.842+0000] {processor.py:840} INFO - DAG(s) 'example_branch_dop_operator_v3' retrieved from /home/airflow/.local/lib/python3.8/site-packages/airflow/example_dags/example_branch_python_dop_operator_3.py
[2025-03-24T23:39:13.859+0000] {logging_mixin.py:188} INFO - [2025-03-24T23:39:13.859+0000] {dag.py:3033} INFO - Sync 1 DAGs
[2025-03-24T23:39:13.874+0000] {logging_mixin.py:188} INFO - [2025-03-24T23:39:13.874+0000] {dag.py:3820} INFO - Setting next_dagrun for example_branch_dop_operator_v3 to 2025-03-24T23:38:00+00:00, run_after=2025-03-24T23:39:00+00:00
[2025-03-24T23:39:13.886+0000] {processor.py:183} INFO - Processing /home/airflow/.local/lib/python3.8/site-packages/airflow/example_dags/example_branch_python_dop_operator_3.py took 0.059 seconds
[2025-03-24T23:39:44.735+0000] {processor.py:161} INFO - Started process (PID=1702) to work on /home/airflow/.local/lib/python3.8/site-packages/airflow/example_dags/example_branch_python_dop_operator_3.py
[2025-03-24T23:39:44.738+0000] {processor.py:830} INFO - Processing file /home/airflow/.local/lib/python3.8/site-packages/airflow/example_dags/example_branch_python_dop_operator_3.py for tasks to queue
[2025-03-24T23:39:44.742+0000] {logging_mixin.py:188} INFO - [2025-03-24T23:39:44.742+0000] {dagbag.py:538} INFO - Filling up the DagBag from /home/airflow/.local/lib/python3.8/site-packages/airflow/example_dags/example_branch_python_dop_operator_3.py
[2025-03-24T23:39:44.751+0000] {processor.py:840} INFO - DAG(s) 'example_branch_dop_operator_v3' retrieved from /home/airflow/.local/lib/python3.8/site-packages/airflow/example_dags/example_branch_python_dop_operator_3.py
[2025-03-24T23:39:44.764+0000] {logging_mixin.py:188} INFO - [2025-03-24T23:39:44.764+0000] {dag.py:3033} INFO - Sync 1 DAGs
[2025-03-24T23:39:44.780+0000] {logging_mixin.py:188} INFO - [2025-03-24T23:39:44.780+0000] {dag.py:3820} INFO - Setting next_dagrun for example_branch_dop_operator_v3 to 2025-03-24T23:38:00+00:00, run_after=2025-03-24T23:39:00+00:00
[2025-03-24T23:39:44.789+0000] {processor.py:183} INFO - Processing /home/airflow/.local/lib/python3.8/site-packages/airflow/example_dags/example_branch_python_dop_operator_3.py took 0.058 seconds
[2025-03-24T23:40:15.402+0000] {processor.py:161} INFO - Started process (PID=1757) to work on /home/airflow/.local/lib/python3.8/site-packages/airflow/example_dags/example_branch_python_dop_operator_3.py
[2025-03-24T23:40:15.406+0000] {processor.py:830} INFO - Processing file /home/airflow/.local/lib/python3.8/site-packages/airflow/example_dags/example_branch_python_dop_operator_3.py for tasks to queue
[2025-03-24T23:40:15.407+0000] {logging_mixin.py:188} INFO - [2025-03-24T23:40:15.407+0000] {dagbag.py:538} INFO - Filling up the DagBag from /home/airflow/.local/lib/python3.8/site-packages/airflow/example_dags/example_branch_python_dop_operator_3.py
[2025-03-24T23:40:15.413+0000] {processor.py:840} INFO - DAG(s) 'example_branch_dop_operator_v3' retrieved from /home/airflow/.local/lib/python3.8/site-packages/airflow/example_dags/example_branch_python_dop_operator_3.py
[2025-03-24T23:40:15.425+0000] {logging_mixin.py:188} INFO - [2025-03-24T23:40:15.425+0000] {dag.py:3033} INFO - Sync 1 DAGs
[2025-03-24T23:40:15.442+0000] {logging_mixin.py:188} INFO - [2025-03-24T23:40:15.442+0000] {dag.py:3820} INFO - Setting next_dagrun for example_branch_dop_operator_v3 to 2025-03-24T23:39:00+00:00, run_after=2025-03-24T23:40:00+00:00
[2025-03-24T23:40:15.451+0000] {processor.py:183} INFO - Processing /home/airflow/.local/lib/python3.8/site-packages/airflow/example_dags/example_branch_python_dop_operator_3.py took 0.052 seconds
[2025-03-24T23:40:46.005+0000] {processor.py:161} INFO - Started process (PID=1812) to work on /home/airflow/.local/lib/python3.8/site-packages/airflow/example_dags/example_branch_python_dop_operator_3.py
[2025-03-24T23:40:46.007+0000] {processor.py:830} INFO - Processing file /home/airflow/.local/lib/python3.8/site-packages/airflow/example_dags/example_branch_python_dop_operator_3.py for tasks to queue
[2025-03-24T23:40:46.009+0000] {logging_mixin.py:188} INFO - [2025-03-24T23:40:46.009+0000] {dagbag.py:538} INFO - Filling up the DagBag from /home/airflow/.local/lib/python3.8/site-packages/airflow/example_dags/example_branch_python_dop_operator_3.py
[2025-03-24T23:40:46.017+0000] {processor.py:840} INFO - DAG(s) 'example_branch_dop_operator_v3' retrieved from /home/airflow/.local/lib/python3.8/site-packages/airflow/example_dags/example_branch_python_dop_operator_3.py
[2025-03-24T23:40:46.034+0000] {logging_mixin.py:188} INFO - [2025-03-24T23:40:46.033+0000] {dag.py:3033} INFO - Sync 1 DAGs
[2025-03-24T23:40:46.049+0000] {logging_mixin.py:188} INFO - [2025-03-24T23:40:46.049+0000] {dag.py:3820} INFO - Setting next_dagrun for example_branch_dop_operator_v3 to 2025-03-24T23:39:00+00:00, run_after=2025-03-24T23:40:00+00:00
[2025-03-24T23:40:46.060+0000] {processor.py:183} INFO - Processing /home/airflow/.local/lib/python3.8/site-packages/airflow/example_dags/example_branch_python_dop_operator_3.py took 0.058 seconds
[2025-03-24T23:41:16.563+0000] {processor.py:161} INFO - Started process (PID=1867) to work on /home/airflow/.local/lib/python3.8/site-packages/airflow/example_dags/example_branch_python_dop_operator_3.py
[2025-03-24T23:41:16.567+0000] {processor.py:830} INFO - Processing file /home/airflow/.local/lib/python3.8/site-packages/airflow/example_dags/example_branch_python_dop_operator_3.py for tasks to queue
[2025-03-24T23:41:16.569+0000] {logging_mixin.py:188} INFO - [2025-03-24T23:41:16.569+0000] {dagbag.py:538} INFO - Filling up the DagBag from /home/airflow/.local/lib/python3.8/site-packages/airflow/example_dags/example_branch_python_dop_operator_3.py
[2025-03-24T23:41:16.577+0000] {processor.py:840} INFO - DAG(s) 'example_branch_dop_operator_v3' retrieved from /home/airflow/.local/lib/python3.8/site-packages/airflow/example_dags/example_branch_python_dop_operator_3.py
[2025-03-24T23:41:16.593+0000] {logging_mixin.py:188} INFO - [2025-03-24T23:41:16.593+0000] {dag.py:3033} INFO - Sync 1 DAGs
[2025-03-24T23:41:16.608+0000] {logging_mixin.py:188} INFO - [2025-03-24T23:41:16.608+0000] {dag.py:3820} INFO - Setting next_dagrun for example_branch_dop_operator_v3 to 2025-03-24T23:40:00+00:00, run_after=2025-03-24T23:41:00+00:00
[2025-03-24T23:41:16.616+0000] {processor.py:183} INFO - Processing /home/airflow/.local/lib/python3.8/site-packages/airflow/example_dags/example_branch_python_dop_operator_3.py took 0.057 seconds
[2025-03-24T23:41:47.194+0000] {processor.py:161} INFO - Started process (PID=1922) to work on /home/airflow/.local/lib/python3.8/site-packages/airflow/example_dags/example_branch_python_dop_operator_3.py
[2025-03-24T23:41:47.194+0000] {processor.py:830} INFO - Processing file /home/airflow/.local/lib/python3.8/site-packages/airflow/example_dags/example_branch_python_dop_operator_3.py for tasks to queue
[2025-03-24T23:41:47.196+0000] {logging_mixin.py:188} INFO - [2025-03-24T23:41:47.196+0000] {dagbag.py:538} INFO - Filling up the DagBag from /home/airflow/.local/lib/python3.8/site-packages/airflow/example_dags/example_branch_python_dop_operator_3.py
[2025-03-24T23:41:47.202+0000] {processor.py:840} INFO - DAG(s) 'example_branch_dop_operator_v3' retrieved from /home/airflow/.local/lib/python3.8/site-packages/airflow/example_dags/example_branch_python_dop_operator_3.py
[2025-03-24T23:41:47.218+0000] {logging_mixin.py:188} INFO - [2025-03-24T23:41:47.218+0000] {dag.py:3033} INFO - Sync 1 DAGs
[2025-03-24T23:41:47.232+0000] {logging_mixin.py:188} INFO - [2025-03-24T23:41:47.232+0000] {dag.py:3820} INFO - Setting next_dagrun for example_branch_dop_operator_v3 to 2025-03-24T23:40:00+00:00, run_after=2025-03-24T23:41:00+00:00
[2025-03-24T23:41:47.241+0000] {processor.py:183} INFO - Processing /home/airflow/.local/lib/python3.8/site-packages/airflow/example_dags/example_branch_python_dop_operator_3.py took 0.050 seconds
[2025-03-24T23:42:17.799+0000] {processor.py:161} INFO - Started process (PID=1977) to work on /home/airflow/.local/lib/python3.8/site-packages/airflow/example_dags/example_branch_python_dop_operator_3.py
[2025-03-24T23:42:17.801+0000] {processor.py:830} INFO - Processing file /home/airflow/.local/lib/python3.8/site-packages/airflow/example_dags/example_branch_python_dop_operator_3.py for tasks to queue
[2025-03-24T23:42:17.804+0000] {logging_mixin.py:188} INFO - [2025-03-24T23:42:17.804+0000] {dagbag.py:538} INFO - Filling up the DagBag from /home/airflow/.local/lib/python3.8/site-packages/airflow/example_dags/example_branch_python_dop_operator_3.py
[2025-03-24T23:42:17.812+0000] {processor.py:840} INFO - DAG(s) 'example_branch_dop_operator_v3' retrieved from /home/airflow/.local/lib/python3.8/site-packages/airflow/example_dags/example_branch_python_dop_operator_3.py
[2025-03-24T23:42:17.826+0000] {logging_mixin.py:188} INFO - [2025-03-24T23:42:17.826+0000] {dag.py:3033} INFO - Sync 1 DAGs
[2025-03-24T23:42:17.843+0000] {logging_mixin.py:188} INFO - [2025-03-24T23:42:17.843+0000] {dag.py:3820} INFO - Setting next_dagrun for example_branch_dop_operator_v3 to 2025-03-24T23:41:00+00:00, run_after=2025-03-24T23:42:00+00:00
[2025-03-24T23:42:17.855+0000] {processor.py:183} INFO - Processing /home/airflow/.local/lib/python3.8/site-packages/airflow/example_dags/example_branch_python_dop_operator_3.py took 0.059 seconds
[2025-03-24T23:42:48.376+0000] {processor.py:161} INFO - Started process (PID=2032) to work on /home/airflow/.local/lib/python3.8/site-packages/airflow/example_dags/example_branch_python_dop_operator_3.py
[2025-03-24T23:42:48.377+0000] {processor.py:830} INFO - Processing file /home/airflow/.local/lib/python3.8/site-packages/airflow/example_dags/example_branch_python_dop_operator_3.py for tasks to queue
[2025-03-24T23:42:48.379+0000] {logging_mixin.py:188} INFO - [2025-03-24T23:42:48.379+0000] {dagbag.py:538} INFO - Filling up the DagBag from /home/airflow/.local/lib/python3.8/site-packages/airflow/example_dags/example_branch_python_dop_operator_3.py
[2025-03-24T23:42:48.387+0000] {processor.py:840} INFO - DAG(s) 'example_branch_dop_operator_v3' retrieved from /home/airflow/.local/lib/python3.8/site-packages/airflow/example_dags/example_branch_python_dop_operator_3.py
[2025-03-24T23:42:48.400+0000] {logging_mixin.py:188} INFO - [2025-03-24T23:42:48.399+0000] {dag.py:3033} INFO - Sync 1 DAGs
[2025-03-24T23:42:48.413+0000] {logging_mixin.py:188} INFO - [2025-03-24T23:42:48.413+0000] {dag.py:3820} INFO - Setting next_dagrun for example_branch_dop_operator_v3 to 2025-03-24T23:41:00+00:00, run_after=2025-03-24T23:42:00+00:00
[2025-03-24T23:42:48.422+0000] {processor.py:183} INFO - Processing /home/airflow/.local/lib/python3.8/site-packages/airflow/example_dags/example_branch_python_dop_operator_3.py took 0.049 seconds
[2025-03-24T23:43:18.786+0000] {processor.py:161} INFO - Started process (PID=2087) to work on /home/airflow/.local/lib/python3.8/site-packages/airflow/example_dags/example_branch_python_dop_operator_3.py
[2025-03-24T23:43:18.788+0000] {processor.py:830} INFO - Processing file /home/airflow/.local/lib/python3.8/site-packages/airflow/example_dags/example_branch_python_dop_operator_3.py for tasks to queue
[2025-03-24T23:43:18.790+0000] {logging_mixin.py:188} INFO - [2025-03-24T23:43:18.790+0000] {dagbag.py:538} INFO - Filling up the DagBag from /home/airflow/.local/lib/python3.8/site-packages/airflow/example_dags/example_branch_python_dop_operator_3.py
[2025-03-24T23:43:18.796+0000] {processor.py:840} INFO - DAG(s) 'example_branch_dop_operator_v3' retrieved from /home/airflow/.local/lib/python3.8/site-packages/airflow/example_dags/example_branch_python_dop_operator_3.py
[2025-03-24T23:43:18.808+0000] {logging_mixin.py:188} INFO - [2025-03-24T23:43:18.808+0000] {dag.py:3033} INFO - Sync 1 DAGs
[2025-03-24T23:43:18.823+0000] {logging_mixin.py:188} INFO - [2025-03-24T23:43:18.823+0000] {dag.py:3820} INFO - Setting next_dagrun for example_branch_dop_operator_v3 to 2025-03-24T23:42:00+00:00, run_after=2025-03-24T23:43:00+00:00
[2025-03-24T23:43:18.834+0000] {processor.py:183} INFO - Processing /home/airflow/.local/lib/python3.8/site-packages/airflow/example_dags/example_branch_python_dop_operator_3.py took 0.050 seconds
[2025-03-24T23:43:49.439+0000] {processor.py:161} INFO - Started process (PID=2142) to work on /home/airflow/.local/lib/python3.8/site-packages/airflow/example_dags/example_branch_python_dop_operator_3.py
[2025-03-24T23:43:49.443+0000] {processor.py:830} INFO - Processing file /home/airflow/.local/lib/python3.8/site-packages/airflow/example_dags/example_branch_python_dop_operator_3.py for tasks to queue
[2025-03-24T23:43:49.445+0000] {logging_mixin.py:188} INFO - [2025-03-24T23:43:49.445+0000] {dagbag.py:538} INFO - Filling up the DagBag from /home/airflow/.local/lib/python3.8/site-packages/airflow/example_dags/example_branch_python_dop_operator_3.py
[2025-03-24T23:43:49.455+0000] {processor.py:840} INFO - DAG(s) 'example_branch_dop_operator_v3' retrieved from /home/airflow/.local/lib/python3.8/site-packages/airflow/example_dags/example_branch_python_dop_operator_3.py
[2025-03-24T23:43:49.486+0000] {logging_mixin.py:188} INFO - [2025-03-24T23:43:49.486+0000] {dag.py:3033} INFO - Sync 1 DAGs
[2025-03-24T23:43:49.502+0000] {logging_mixin.py:188} INFO - [2025-03-24T23:43:49.502+0000] {dag.py:3820} INFO - Setting next_dagrun for example_branch_dop_operator_v3 to 2025-03-24T23:42:00+00:00, run_after=2025-03-24T23:43:00+00:00
[2025-03-24T23:43:49.512+0000] {processor.py:183} INFO - Processing /home/airflow/.local/lib/python3.8/site-packages/airflow/example_dags/example_branch_python_dop_operator_3.py took 0.078 seconds
[2025-03-24T23:44:20.127+0000] {processor.py:161} INFO - Started process (PID=2197) to work on /home/airflow/.local/lib/python3.8/site-packages/airflow/example_dags/example_branch_python_dop_operator_3.py
[2025-03-24T23:44:20.128+0000] {processor.py:830} INFO - Processing file /home/airflow/.local/lib/python3.8/site-packages/airflow/example_dags/example_branch_python_dop_operator_3.py for tasks to queue
[2025-03-24T23:44:20.129+0000] {logging_mixin.py:188} INFO - [2025-03-24T23:44:20.129+0000] {dagbag.py:538} INFO - Filling up the DagBag from /home/airflow/.local/lib/python3.8/site-packages/airflow/example_dags/example_branch_python_dop_operator_3.py
[2025-03-24T23:44:20.136+0000] {processor.py:840} INFO - DAG(s) 'example_branch_dop_operator_v3' retrieved from /home/airflow/.local/lib/python3.8/site-packages/airflow/example_dags/example_branch_python_dop_operator_3.py
[2025-03-24T23:44:20.153+0000] {logging_mixin.py:188} INFO - [2025-03-24T23:44:20.152+0000] {dag.py:3033} INFO - Sync 1 DAGs
[2025-03-24T23:44:20.168+0000] {logging_mixin.py:188} INFO - [2025-03-24T23:44:20.168+0000] {dag.py:3820} INFO - Setting next_dagrun for example_branch_dop_operator_v3 to 2025-03-24T23:43:00+00:00, run_after=2025-03-24T23:44:00+00:00
[2025-03-24T23:44:20.178+0000] {processor.py:183} INFO - Processing /home/airflow/.local/lib/python3.8/site-packages/airflow/example_dags/example_branch_python_dop_operator_3.py took 0.054 seconds
[2025-03-24T23:44:50.683+0000] {processor.py:161} INFO - Started process (PID=2252) to work on /home/airflow/.local/lib/python3.8/site-packages/airflow/example_dags/example_branch_python_dop_operator_3.py
[2025-03-24T23:44:50.685+0000] {processor.py:830} INFO - Processing file /home/airflow/.local/lib/python3.8/site-packages/airflow/example_dags/example_branch_python_dop_operator_3.py for tasks to queue
[2025-03-24T23:44:50.689+0000] {logging_mixin.py:188} INFO - [2025-03-24T23:44:50.688+0000] {dagbag.py:538} INFO - Filling up the DagBag from /home/airflow/.local/lib/python3.8/site-packages/airflow/example_dags/example_branch_python_dop_operator_3.py
[2025-03-24T23:44:50.698+0000] {processor.py:840} INFO - DAG(s) 'example_branch_dop_operator_v3' retrieved from /home/airflow/.local/lib/python3.8/site-packages/airflow/example_dags/example_branch_python_dop_operator_3.py
[2025-03-24T23:44:50.713+0000] {logging_mixin.py:188} INFO - [2025-03-24T23:44:50.712+0000] {dag.py:3033} INFO - Sync 1 DAGs
[2025-03-24T23:44:50.730+0000] {logging_mixin.py:188} INFO - [2025-03-24T23:44:50.730+0000] {dag.py:3820} INFO - Setting next_dagrun for example_branch_dop_operator_v3 to 2025-03-24T23:43:00+00:00, run_after=2025-03-24T23:44:00+00:00
[2025-03-24T23:44:50.741+0000] {processor.py:183} INFO - Processing /home/airflow/.local/lib/python3.8/site-packages/airflow/example_dags/example_branch_python_dop_operator_3.py took 0.063 seconds
[2025-03-24T23:45:21.395+0000] {processor.py:161} INFO - Started process (PID=2307) to work on /home/airflow/.local/lib/python3.8/site-packages/airflow/example_dags/example_branch_python_dop_operator_3.py
[2025-03-24T23:45:21.397+0000] {processor.py:830} INFO - Processing file /home/airflow/.local/lib/python3.8/site-packages/airflow/example_dags/example_branch_python_dop_operator_3.py for tasks to queue
[2025-03-24T23:45:21.399+0000] {logging_mixin.py:188} INFO - [2025-03-24T23:45:21.398+0000] {dagbag.py:538} INFO - Filling up the DagBag from /home/airflow/.local/lib/python3.8/site-packages/airflow/example_dags/example_branch_python_dop_operator_3.py
[2025-03-24T23:45:21.405+0000] {processor.py:840} INFO - DAG(s) 'example_branch_dop_operator_v3' retrieved from /home/airflow/.local/lib/python3.8/site-packages/airflow/example_dags/example_branch_python_dop_operator_3.py
[2025-03-24T23:45:21.416+0000] {logging_mixin.py:188} INFO - [2025-03-24T23:45:21.416+0000] {dag.py:3033} INFO - Sync 1 DAGs
[2025-03-24T23:45:21.428+0000] {logging_mixin.py:188} INFO - [2025-03-24T23:45:21.428+0000] {dag.py:3820} INFO - Setting next_dagrun for example_branch_dop_operator_v3 to 2025-03-24T23:44:00+00:00, run_after=2025-03-24T23:45:00+00:00
[2025-03-24T23:45:21.436+0000] {processor.py:183} INFO - Processing /home/airflow/.local/lib/python3.8/site-packages/airflow/example_dags/example_branch_python_dop_operator_3.py took 0.044 seconds
[2025-03-24T23:45:52.030+0000] {processor.py:161} INFO - Started process (PID=2361) to work on /home/airflow/.local/lib/python3.8/site-packages/airflow/example_dags/example_branch_python_dop_operator_3.py
[2025-03-24T23:45:52.031+0000] {processor.py:830} INFO - Processing file /home/airflow/.local/lib/python3.8/site-packages/airflow/example_dags/example_branch_python_dop_operator_3.py for tasks to queue
[2025-03-24T23:45:52.032+0000] {logging_mixin.py:188} INFO - [2025-03-24T23:45:52.032+0000] {dagbag.py:538} INFO - Filling up the DagBag from /home/airflow/.local/lib/python3.8/site-packages/airflow/example_dags/example_branch_python_dop_operator_3.py
[2025-03-24T23:45:52.039+0000] {processor.py:840} INFO - DAG(s) 'example_branch_dop_operator_v3' retrieved from /home/airflow/.local/lib/python3.8/site-packages/airflow/example_dags/example_branch_python_dop_operator_3.py
[2025-03-24T23:45:52.053+0000] {logging_mixin.py:188} INFO - [2025-03-24T23:45:52.053+0000] {dag.py:3033} INFO - Sync 1 DAGs
[2025-03-24T23:45:52.066+0000] {logging_mixin.py:188} INFO - [2025-03-24T23:45:52.066+0000] {dag.py:3820} INFO - Setting next_dagrun for example_branch_dop_operator_v3 to 2025-03-24T23:44:00+00:00, run_after=2025-03-24T23:45:00+00:00
[2025-03-24T23:45:52.074+0000] {processor.py:183} INFO - Processing /home/airflow/.local/lib/python3.8/site-packages/airflow/example_dags/example_branch_python_dop_operator_3.py took 0.046 seconds
[2025-03-24T23:46:22.488+0000] {processor.py:161} INFO - Started process (PID=2416) to work on /home/airflow/.local/lib/python3.8/site-packages/airflow/example_dags/example_branch_python_dop_operator_3.py
[2025-03-24T23:46:22.489+0000] {processor.py:830} INFO - Processing file /home/airflow/.local/lib/python3.8/site-packages/airflow/example_dags/example_branch_python_dop_operator_3.py for tasks to queue
[2025-03-24T23:46:22.491+0000] {logging_mixin.py:188} INFO - [2025-03-24T23:46:22.490+0000] {dagbag.py:538} INFO - Filling up the DagBag from /home/airflow/.local/lib/python3.8/site-packages/airflow/example_dags/example_branch_python_dop_operator_3.py
[2025-03-24T23:46:22.497+0000] {processor.py:840} INFO - DAG(s) 'example_branch_dop_operator_v3' retrieved from /home/airflow/.local/lib/python3.8/site-packages/airflow/example_dags/example_branch_python_dop_operator_3.py
[2025-03-24T23:46:22.514+0000] {logging_mixin.py:188} INFO - [2025-03-24T23:46:22.514+0000] {dag.py:3033} INFO - Sync 1 DAGs
[2025-03-24T23:46:22.530+0000] {logging_mixin.py:188} INFO - [2025-03-24T23:46:22.530+0000] {dag.py:3820} INFO - Setting next_dagrun for example_branch_dop_operator_v3 to 2025-03-24T23:45:00+00:00, run_after=2025-03-24T23:46:00+00:00
[2025-03-24T23:46:22.545+0000] {processor.py:183} INFO - Processing /home/airflow/.local/lib/python3.8/site-packages/airflow/example_dags/example_branch_python_dop_operator_3.py took 0.060 seconds
[2025-03-24T23:46:52.658+0000] {processor.py:161} INFO - Started process (PID=2470) to work on /home/airflow/.local/lib/python3.8/site-packages/airflow/example_dags/example_branch_python_dop_operator_3.py
[2025-03-24T23:46:52.660+0000] {processor.py:830} INFO - Processing file /home/airflow/.local/lib/python3.8/site-packages/airflow/example_dags/example_branch_python_dop_operator_3.py for tasks to queue
[2025-03-24T23:46:52.664+0000] {logging_mixin.py:188} INFO - [2025-03-24T23:46:52.663+0000] {dagbag.py:538} INFO - Filling up the DagBag from /home/airflow/.local/lib/python3.8/site-packages/airflow/example_dags/example_branch_python_dop_operator_3.py
[2025-03-24T23:46:52.675+0000] {processor.py:840} INFO - DAG(s) 'example_branch_dop_operator_v3' retrieved from /home/airflow/.local/lib/python3.8/site-packages/airflow/example_dags/example_branch_python_dop_operator_3.py
[2025-03-24T23:46:52.695+0000] {logging_mixin.py:188} INFO - [2025-03-24T23:46:52.695+0000] {dag.py:3033} INFO - Sync 1 DAGs
[2025-03-24T23:46:52.714+0000] {logging_mixin.py:188} INFO - [2025-03-24T23:46:52.714+0000] {dag.py:3820} INFO - Setting next_dagrun for example_branch_dop_operator_v3 to 2025-03-24T23:45:00+00:00, run_after=2025-03-24T23:46:00+00:00
[2025-03-24T23:46:52.725+0000] {processor.py:183} INFO - Processing /home/airflow/.local/lib/python3.8/site-packages/airflow/example_dags/example_branch_python_dop_operator_3.py took 0.073 seconds
[2025-03-24T23:47:22.762+0000] {processor.py:161} INFO - Started process (PID=2525) to work on /home/airflow/.local/lib/python3.8/site-packages/airflow/example_dags/example_branch_python_dop_operator_3.py
[2025-03-24T23:47:22.764+0000] {processor.py:830} INFO - Processing file /home/airflow/.local/lib/python3.8/site-packages/airflow/example_dags/example_branch_python_dop_operator_3.py for tasks to queue
[2025-03-24T23:47:22.766+0000] {logging_mixin.py:188} INFO - [2025-03-24T23:47:22.765+0000] {dagbag.py:538} INFO - Filling up the DagBag from /home/airflow/.local/lib/python3.8/site-packages/airflow/example_dags/example_branch_python_dop_operator_3.py
[2025-03-24T23:47:22.773+0000] {processor.py:840} INFO - DAG(s) 'example_branch_dop_operator_v3' retrieved from /home/airflow/.local/lib/python3.8/site-packages/airflow/example_dags/example_branch_python_dop_operator_3.py
[2025-03-24T23:47:22.785+0000] {logging_mixin.py:188} INFO - [2025-03-24T23:47:22.785+0000] {dag.py:3033} INFO - Sync 1 DAGs
[2025-03-24T23:47:22.800+0000] {logging_mixin.py:188} INFO - [2025-03-24T23:47:22.800+0000] {dag.py:3820} INFO - Setting next_dagrun for example_branch_dop_operator_v3 to 2025-03-24T23:46:00+00:00, run_after=2025-03-24T23:47:00+00:00
[2025-03-24T23:47:22.808+0000] {processor.py:183} INFO - Processing /home/airflow/.local/lib/python3.8/site-packages/airflow/example_dags/example_branch_python_dop_operator_3.py took 0.050 seconds
[2025-03-24T23:47:53.473+0000] {processor.py:161} INFO - Started process (PID=2580) to work on /home/airflow/.local/lib/python3.8/site-packages/airflow/example_dags/example_branch_python_dop_operator_3.py
[2025-03-24T23:47:53.474+0000] {processor.py:830} INFO - Processing file /home/airflow/.local/lib/python3.8/site-packages/airflow/example_dags/example_branch_python_dop_operator_3.py for tasks to queue
[2025-03-24T23:47:53.476+0000] {logging_mixin.py:188} INFO - [2025-03-24T23:47:53.475+0000] {dagbag.py:538} INFO - Filling up the DagBag from /home/airflow/.local/lib/python3.8/site-packages/airflow/example_dags/example_branch_python_dop_operator_3.py
[2025-03-24T23:47:53.483+0000] {processor.py:840} INFO - DAG(s) 'example_branch_dop_operator_v3' retrieved from /home/airflow/.local/lib/python3.8/site-packages/airflow/example_dags/example_branch_python_dop_operator_3.py
[2025-03-24T23:47:53.496+0000] {logging_mixin.py:188} INFO - [2025-03-24T23:47:53.496+0000] {dag.py:3033} INFO - Sync 1 DAGs
[2025-03-24T23:47:53.600+0000] {logging_mixin.py:188} INFO - [2025-03-24T23:47:53.600+0000] {dag.py:3820} INFO - Setting next_dagrun for example_branch_dop_operator_v3 to 2025-03-24T23:46:00+00:00, run_after=2025-03-24T23:47:00+00:00
[2025-03-24T23:47:53.608+0000] {processor.py:183} INFO - Processing /home/airflow/.local/lib/python3.8/site-packages/airflow/example_dags/example_branch_python_dop_operator_3.py took 0.139 seconds
[2025-03-24T23:48:23.662+0000] {processor.py:161} INFO - Started process (PID=2635) to work on /home/airflow/.local/lib/python3.8/site-packages/airflow/example_dags/example_branch_python_dop_operator_3.py
[2025-03-24T23:48:23.664+0000] {processor.py:830} INFO - Processing file /home/airflow/.local/lib/python3.8/site-packages/airflow/example_dags/example_branch_python_dop_operator_3.py for tasks to queue
[2025-03-24T23:48:23.669+0000] {logging_mixin.py:188} INFO - [2025-03-24T23:48:23.668+0000] {dagbag.py:538} INFO - Filling up the DagBag from /home/airflow/.local/lib/python3.8/site-packages/airflow/example_dags/example_branch_python_dop_operator_3.py
[2025-03-24T23:48:23.677+0000] {processor.py:840} INFO - DAG(s) 'example_branch_dop_operator_v3' retrieved from /home/airflow/.local/lib/python3.8/site-packages/airflow/example_dags/example_branch_python_dop_operator_3.py
[2025-03-24T23:48:23.694+0000] {logging_mixin.py:188} INFO - [2025-03-24T23:48:23.694+0000] {dag.py:3033} INFO - Sync 1 DAGs
[2025-03-24T23:48:23.709+0000] {logging_mixin.py:188} INFO - [2025-03-24T23:48:23.709+0000] {dag.py:3820} INFO - Setting next_dagrun for example_branch_dop_operator_v3 to 2025-03-24T23:47:00+00:00, run_after=2025-03-24T23:48:00+00:00
[2025-03-24T23:48:23.719+0000] {processor.py:183} INFO - Processing /home/airflow/.local/lib/python3.8/site-packages/airflow/example_dags/example_branch_python_dop_operator_3.py took 0.062 seconds
[2025-03-24T23:48:54.339+0000] {processor.py:161} INFO - Started process (PID=2690) to work on /home/airflow/.local/lib/python3.8/site-packages/airflow/example_dags/example_branch_python_dop_operator_3.py
[2025-03-24T23:48:54.340+0000] {processor.py:830} INFO - Processing file /home/airflow/.local/lib/python3.8/site-packages/airflow/example_dags/example_branch_python_dop_operator_3.py for tasks to queue
[2025-03-24T23:48:54.342+0000] {logging_mixin.py:188} INFO - [2025-03-24T23:48:54.342+0000] {dagbag.py:538} INFO - Filling up the DagBag from /home/airflow/.local/lib/python3.8/site-packages/airflow/example_dags/example_branch_python_dop_operator_3.py
[2025-03-24T23:48:54.351+0000] {processor.py:840} INFO - DAG(s) 'example_branch_dop_operator_v3' retrieved from /home/airflow/.local/lib/python3.8/site-packages/airflow/example_dags/example_branch_python_dop_operator_3.py
[2025-03-24T23:48:54.368+0000] {logging_mixin.py:188} INFO - [2025-03-24T23:48:54.368+0000] {dag.py:3033} INFO - Sync 1 DAGs
[2025-03-24T23:48:54.384+0000] {logging_mixin.py:188} INFO - [2025-03-24T23:48:54.384+0000] {dag.py:3820} INFO - Setting next_dagrun for example_branch_dop_operator_v3 to 2025-03-24T23:47:00+00:00, run_after=2025-03-24T23:48:00+00:00
[2025-03-24T23:48:54.394+0000] {processor.py:183} INFO - Processing /home/airflow/.local/lib/python3.8/site-packages/airflow/example_dags/example_branch_python_dop_operator_3.py took 0.060 seconds
[2025-03-24T23:49:25.182+0000] {processor.py:161} INFO - Started process (PID=2745) to work on /home/airflow/.local/lib/python3.8/site-packages/airflow/example_dags/example_branch_python_dop_operator_3.py
[2025-03-24T23:49:25.183+0000] {processor.py:830} INFO - Processing file /home/airflow/.local/lib/python3.8/site-packages/airflow/example_dags/example_branch_python_dop_operator_3.py for tasks to queue
[2025-03-24T23:49:25.185+0000] {logging_mixin.py:188} INFO - [2025-03-24T23:49:25.185+0000] {dagbag.py:538} INFO - Filling up the DagBag from /home/airflow/.local/lib/python3.8/site-packages/airflow/example_dags/example_branch_python_dop_operator_3.py
[2025-03-24T23:49:25.193+0000] {processor.py:840} INFO - DAG(s) 'example_branch_dop_operator_v3' retrieved from /home/airflow/.local/lib/python3.8/site-packages/airflow/example_dags/example_branch_python_dop_operator_3.py
[2025-03-24T23:49:25.209+0000] {logging_mixin.py:188} INFO - [2025-03-24T23:49:25.209+0000] {dag.py:3033} INFO - Sync 1 DAGs
[2025-03-24T23:49:25.352+0000] {logging_mixin.py:188} INFO - [2025-03-24T23:49:25.352+0000] {dag.py:3820} INFO - Setting next_dagrun for example_branch_dop_operator_v3 to 2025-03-24T23:48:00+00:00, run_after=2025-03-24T23:49:00+00:00
[2025-03-24T23:49:25.361+0000] {processor.py:183} INFO - Processing /home/airflow/.local/lib/python3.8/site-packages/airflow/example_dags/example_branch_python_dop_operator_3.py took 0.184 seconds
[2025-03-24T23:49:55.393+0000] {processor.py:161} INFO - Started process (PID=2799) to work on /home/airflow/.local/lib/python3.8/site-packages/airflow/example_dags/example_branch_python_dop_operator_3.py
[2025-03-24T23:49:55.397+0000] {processor.py:830} INFO - Processing file /home/airflow/.local/lib/python3.8/site-packages/airflow/example_dags/example_branch_python_dop_operator_3.py for tasks to queue
[2025-03-24T23:49:55.400+0000] {logging_mixin.py:188} INFO - [2025-03-24T23:49:55.400+0000] {dagbag.py:538} INFO - Filling up the DagBag from /home/airflow/.local/lib/python3.8/site-packages/airflow/example_dags/example_branch_python_dop_operator_3.py
[2025-03-24T23:49:55.408+0000] {processor.py:840} INFO - DAG(s) 'example_branch_dop_operator_v3' retrieved from /home/airflow/.local/lib/python3.8/site-packages/airflow/example_dags/example_branch_python_dop_operator_3.py
[2025-03-24T23:49:55.427+0000] {logging_mixin.py:188} INFO - [2025-03-24T23:49:55.426+0000] {dag.py:3033} INFO - Sync 1 DAGs
[2025-03-24T23:49:55.446+0000] {logging_mixin.py:188} INFO - [2025-03-24T23:49:55.445+0000] {dag.py:3820} INFO - Setting next_dagrun for example_branch_dop_operator_v3 to 2025-03-24T23:48:00+00:00, run_after=2025-03-24T23:49:00+00:00
[2025-03-24T23:49:55.594+0000] {processor.py:183} INFO - Processing /home/airflow/.local/lib/python3.8/site-packages/airflow/example_dags/example_branch_python_dop_operator_3.py took 0.207 seconds
[2025-03-24T23:50:25.705+0000] {processor.py:161} INFO - Started process (PID=2854) to work on /home/airflow/.local/lib/python3.8/site-packages/airflow/example_dags/example_branch_python_dop_operator_3.py
[2025-03-24T23:50:25.706+0000] {processor.py:830} INFO - Processing file /home/airflow/.local/lib/python3.8/site-packages/airflow/example_dags/example_branch_python_dop_operator_3.py for tasks to queue
[2025-03-24T23:50:25.708+0000] {logging_mixin.py:188} INFO - [2025-03-24T23:50:25.708+0000] {dagbag.py:538} INFO - Filling up the DagBag from /home/airflow/.local/lib/python3.8/site-packages/airflow/example_dags/example_branch_python_dop_operator_3.py
[2025-03-24T23:50:25.714+0000] {processor.py:840} INFO - DAG(s) 'example_branch_dop_operator_v3' retrieved from /home/airflow/.local/lib/python3.8/site-packages/airflow/example_dags/example_branch_python_dop_operator_3.py
[2025-03-24T23:50:25.744+0000] {logging_mixin.py:188} INFO - [2025-03-24T23:50:25.744+0000] {dag.py:3033} INFO - Sync 1 DAGs
[2025-03-24T23:50:25.764+0000] {logging_mixin.py:188} INFO - [2025-03-24T23:50:25.764+0000] {dag.py:3820} INFO - Setting next_dagrun for example_branch_dop_operator_v3 to 2025-03-24T23:49:00+00:00, run_after=2025-03-24T23:50:00+00:00
[2025-03-24T23:50:25.779+0000] {processor.py:183} INFO - Processing /home/airflow/.local/lib/python3.8/site-packages/airflow/example_dags/example_branch_python_dop_operator_3.py took 0.077 seconds
[2025-03-24T23:50:56.540+0000] {processor.py:161} INFO - Started process (PID=2909) to work on /home/airflow/.local/lib/python3.8/site-packages/airflow/example_dags/example_branch_python_dop_operator_3.py
[2025-03-24T23:50:56.541+0000] {processor.py:830} INFO - Processing file /home/airflow/.local/lib/python3.8/site-packages/airflow/example_dags/example_branch_python_dop_operator_3.py for tasks to queue
[2025-03-24T23:50:56.543+0000] {logging_mixin.py:188} INFO - [2025-03-24T23:50:56.543+0000] {dagbag.py:538} INFO - Filling up the DagBag from /home/airflow/.local/lib/python3.8/site-packages/airflow/example_dags/example_branch_python_dop_operator_3.py
[2025-03-24T23:50:56.684+0000] {processor.py:840} INFO - DAG(s) 'example_branch_dop_operator_v3' retrieved from /home/airflow/.local/lib/python3.8/site-packages/airflow/example_dags/example_branch_python_dop_operator_3.py
[2025-03-24T23:50:56.695+0000] {logging_mixin.py:188} INFO - [2025-03-24T23:50:56.695+0000] {dag.py:3033} INFO - Sync 1 DAGs
[2025-03-24T23:50:56.708+0000] {logging_mixin.py:188} INFO - [2025-03-24T23:50:56.707+0000] {dag.py:3820} INFO - Setting next_dagrun for example_branch_dop_operator_v3 to 2025-03-24T23:49:00+00:00, run_after=2025-03-24T23:50:00+00:00
[2025-03-24T23:50:56.719+0000] {processor.py:183} INFO - Processing /home/airflow/.local/lib/python3.8/site-packages/airflow/example_dags/example_branch_python_dop_operator_3.py took 0.183 seconds
[2025-03-24T23:51:27.504+0000] {processor.py:161} INFO - Started process (PID=2964) to work on /home/airflow/.local/lib/python3.8/site-packages/airflow/example_dags/example_branch_python_dop_operator_3.py
[2025-03-24T23:51:27.506+0000] {processor.py:830} INFO - Processing file /home/airflow/.local/lib/python3.8/site-packages/airflow/example_dags/example_branch_python_dop_operator_3.py for tasks to queue
[2025-03-24T23:51:27.509+0000] {logging_mixin.py:188} INFO - [2025-03-24T23:51:27.509+0000] {dagbag.py:538} INFO - Filling up the DagBag from /home/airflow/.local/lib/python3.8/site-packages/airflow/example_dags/example_branch_python_dop_operator_3.py
[2025-03-24T23:51:27.521+0000] {processor.py:840} INFO - DAG(s) 'example_branch_dop_operator_v3' retrieved from /home/airflow/.local/lib/python3.8/site-packages/airflow/example_dags/example_branch_python_dop_operator_3.py
[2025-03-24T23:51:27.538+0000] {logging_mixin.py:188} INFO - [2025-03-24T23:51:27.537+0000] {dag.py:3033} INFO - Sync 1 DAGs
[2025-03-24T23:51:27.557+0000] {logging_mixin.py:188} INFO - [2025-03-24T23:51:27.557+0000] {dag.py:3820} INFO - Setting next_dagrun for example_branch_dop_operator_v3 to 2025-03-24T23:50:00+00:00, run_after=2025-03-24T23:51:00+00:00
[2025-03-24T23:51:27.570+0000] {processor.py:183} INFO - Processing /home/airflow/.local/lib/python3.8/site-packages/airflow/example_dags/example_branch_python_dop_operator_3.py took 0.070 seconds
