[2025-03-24T23:24:27.141+0000] {processor.py:161} INFO - Started process (PID=84) to work on /home/airflow/.local/lib/python3.8/site-packages/airflow/example_dags/example_task_group_decorator.py
[2025-03-24T23:24:27.141+0000] {processor.py:830} INFO - Processing file /home/airflow/.local/lib/python3.8/site-packages/airflow/example_dags/example_task_group_decorator.py for tasks to queue
[2025-03-24T23:24:27.144+0000] {logging_mixin.py:188} INFO - [2025-03-24T23:24:27.144+0000] {dagbag.py:538} INFO - Filling up the DagBag from /home/airflow/.local/lib/python3.8/site-packages/airflow/example_dags/example_task_group_decorator.py
[2025-03-24T23:24:27.151+0000] {processor.py:840} INFO - DAG(s) 'example_task_group_decorator' retrieved from /home/airflow/.local/lib/python3.8/site-packages/airflow/example_dags/example_task_group_decorator.py
[2025-03-24T23:24:27.160+0000] {logging_mixin.py:188} INFO - [2025-03-24T23:24:27.160+0000] {dag.py:3033} INFO - Sync 1 DAGs
[2025-03-24T23:24:27.171+0000] {logging_mixin.py:188} INFO - [2025-03-24T23:24:27.171+0000] {dag.py:3820} INFO - Setting next_dagrun for example_task_group_decorator to 2025-03-23T00:00:00+00:00, run_after=2025-03-24T00:00:00+00:00
[2025-03-24T23:24:27.180+0000] {processor.py:183} INFO - Processing /home/airflow/.local/lib/python3.8/site-packages/airflow/example_dags/example_task_group_decorator.py took 0.040 seconds
[2025-03-24T23:24:57.492+0000] {processor.py:161} INFO - Started process (PID=139) to work on /home/airflow/.local/lib/python3.8/site-packages/airflow/example_dags/example_task_group_decorator.py
[2025-03-24T23:24:57.493+0000] {processor.py:830} INFO - Processing file /home/airflow/.local/lib/python3.8/site-packages/airflow/example_dags/example_task_group_decorator.py for tasks to queue
[2025-03-24T23:24:57.494+0000] {logging_mixin.py:188} INFO - [2025-03-24T23:24:57.494+0000] {dagbag.py:538} INFO - Filling up the DagBag from /home/airflow/.local/lib/python3.8/site-packages/airflow/example_dags/example_task_group_decorator.py
[2025-03-24T23:24:57.501+0000] {processor.py:840} INFO - DAG(s) 'example_task_group_decorator' retrieved from /home/airflow/.local/lib/python3.8/site-packages/airflow/example_dags/example_task_group_decorator.py
[2025-03-24T23:24:57.547+0000] {logging_mixin.py:188} INFO - [2025-03-24T23:24:57.546+0000] {dag.py:3033} INFO - Sync 1 DAGs
[2025-03-24T23:24:57.554+0000] {logging_mixin.py:188} INFO - [2025-03-24T23:24:57.554+0000] {dag.py:3820} INFO - Setting next_dagrun for example_task_group_decorator to 2025-03-23T00:00:00+00:00, run_after=2025-03-24T00:00:00+00:00
[2025-03-24T23:24:57.564+0000] {processor.py:183} INFO - Processing /home/airflow/.local/lib/python3.8/site-packages/airflow/example_dags/example_task_group_decorator.py took 0.073 seconds
[2025-03-24T23:25:28.209+0000] {processor.py:161} INFO - Started process (PID=194) to work on /home/airflow/.local/lib/python3.8/site-packages/airflow/example_dags/example_task_group_decorator.py
[2025-03-24T23:25:28.210+0000] {processor.py:830} INFO - Processing file /home/airflow/.local/lib/python3.8/site-packages/airflow/example_dags/example_task_group_decorator.py for tasks to queue
[2025-03-24T23:25:28.211+0000] {logging_mixin.py:188} INFO - [2025-03-24T23:25:28.211+0000] {dagbag.py:538} INFO - Filling up the DagBag from /home/airflow/.local/lib/python3.8/site-packages/airflow/example_dags/example_task_group_decorator.py
[2025-03-24T23:25:28.217+0000] {processor.py:840} INFO - DAG(s) 'example_task_group_decorator' retrieved from /home/airflow/.local/lib/python3.8/site-packages/airflow/example_dags/example_task_group_decorator.py
[2025-03-24T23:25:28.227+0000] {logging_mixin.py:188} INFO - [2025-03-24T23:25:28.227+0000] {dag.py:3033} INFO - Sync 1 DAGs
[2025-03-24T23:25:28.237+0000] {logging_mixin.py:188} INFO - [2025-03-24T23:25:28.237+0000] {dag.py:3820} INFO - Setting next_dagrun for example_task_group_decorator to 2025-03-23T00:00:00+00:00, run_after=2025-03-24T00:00:00+00:00
[2025-03-24T23:25:28.243+0000] {processor.py:183} INFO - Processing /home/airflow/.local/lib/python3.8/site-packages/airflow/example_dags/example_task_group_decorator.py took 0.035 seconds
[2025-03-24T23:25:58.721+0000] {processor.py:161} INFO - Started process (PID=255) to work on /home/airflow/.local/lib/python3.8/site-packages/airflow/example_dags/example_task_group_decorator.py
[2025-03-24T23:25:58.721+0000] {processor.py:830} INFO - Processing file /home/airflow/.local/lib/python3.8/site-packages/airflow/example_dags/example_task_group_decorator.py for tasks to queue
[2025-03-24T23:25:58.723+0000] {logging_mixin.py:188} INFO - [2025-03-24T23:25:58.722+0000] {dagbag.py:538} INFO - Filling up the DagBag from /home/airflow/.local/lib/python3.8/site-packages/airflow/example_dags/example_task_group_decorator.py
[2025-03-24T23:25:58.729+0000] {processor.py:840} INFO - DAG(s) 'example_task_group_decorator' retrieved from /home/airflow/.local/lib/python3.8/site-packages/airflow/example_dags/example_task_group_decorator.py
[2025-03-24T23:25:58.739+0000] {logging_mixin.py:188} INFO - [2025-03-24T23:25:58.739+0000] {dag.py:3033} INFO - Sync 1 DAGs
[2025-03-24T23:25:58.750+0000] {logging_mixin.py:188} INFO - [2025-03-24T23:25:58.750+0000] {dag.py:3820} INFO - Setting next_dagrun for example_task_group_decorator to 2025-03-23T00:00:00+00:00, run_after=2025-03-24T00:00:00+00:00
[2025-03-24T23:25:58.758+0000] {processor.py:183} INFO - Processing /home/airflow/.local/lib/python3.8/site-packages/airflow/example_dags/example_task_group_decorator.py took 0.039 seconds
[2025-03-24T23:26:29.492+0000] {processor.py:161} INFO - Started process (PID=310) to work on /home/airflow/.local/lib/python3.8/site-packages/airflow/example_dags/example_task_group_decorator.py
[2025-03-24T23:26:29.492+0000] {processor.py:830} INFO - Processing file /home/airflow/.local/lib/python3.8/site-packages/airflow/example_dags/example_task_group_decorator.py for tasks to queue
[2025-03-24T23:26:29.494+0000] {logging_mixin.py:188} INFO - [2025-03-24T23:26:29.493+0000] {dagbag.py:538} INFO - Filling up the DagBag from /home/airflow/.local/lib/python3.8/site-packages/airflow/example_dags/example_task_group_decorator.py
[2025-03-24T23:26:29.499+0000] {processor.py:840} INFO - DAG(s) 'example_task_group_decorator' retrieved from /home/airflow/.local/lib/python3.8/site-packages/airflow/example_dags/example_task_group_decorator.py
[2025-03-24T23:26:29.510+0000] {logging_mixin.py:188} INFO - [2025-03-24T23:26:29.510+0000] {dag.py:3033} INFO - Sync 1 DAGs
[2025-03-24T23:26:29.519+0000] {logging_mixin.py:188} INFO - [2025-03-24T23:26:29.519+0000] {dag.py:3820} INFO - Setting next_dagrun for example_task_group_decorator to 2025-03-23T00:00:00+00:00, run_after=2025-03-24T00:00:00+00:00
[2025-03-24T23:26:29.528+0000] {processor.py:183} INFO - Processing /home/airflow/.local/lib/python3.8/site-packages/airflow/example_dags/example_task_group_decorator.py took 0.037 seconds
[2025-03-24T23:27:00.008+0000] {processor.py:161} INFO - Started process (PID=365) to work on /home/airflow/.local/lib/python3.8/site-packages/airflow/example_dags/example_task_group_decorator.py
[2025-03-24T23:27:00.012+0000] {processor.py:830} INFO - Processing file /home/airflow/.local/lib/python3.8/site-packages/airflow/example_dags/example_task_group_decorator.py for tasks to queue
[2025-03-24T23:27:00.014+0000] {logging_mixin.py:188} INFO - [2025-03-24T23:27:00.012+0000] {dagbag.py:538} INFO - Filling up the DagBag from /home/airflow/.local/lib/python3.8/site-packages/airflow/example_dags/example_task_group_decorator.py
[2025-03-24T23:27:00.020+0000] {processor.py:840} INFO - DAG(s) 'example_task_group_decorator' retrieved from /home/airflow/.local/lib/python3.8/site-packages/airflow/example_dags/example_task_group_decorator.py
[2025-03-24T23:27:00.032+0000] {logging_mixin.py:188} INFO - [2025-03-24T23:27:00.031+0000] {dag.py:3033} INFO - Sync 1 DAGs
[2025-03-24T23:27:00.040+0000] {logging_mixin.py:188} INFO - [2025-03-24T23:27:00.040+0000] {dag.py:3820} INFO - Setting next_dagrun for example_task_group_decorator to 2025-03-23T00:00:00+00:00, run_after=2025-03-24T00:00:00+00:00
[2025-03-24T23:27:00.049+0000] {processor.py:183} INFO - Processing /home/airflow/.local/lib/python3.8/site-packages/airflow/example_dags/example_task_group_decorator.py took 0.042 seconds
[2025-03-24T23:27:30.680+0000] {processor.py:161} INFO - Started process (PID=420) to work on /home/airflow/.local/lib/python3.8/site-packages/airflow/example_dags/example_task_group_decorator.py
[2025-03-24T23:27:30.682+0000] {processor.py:830} INFO - Processing file /home/airflow/.local/lib/python3.8/site-packages/airflow/example_dags/example_task_group_decorator.py for tasks to queue
[2025-03-24T23:27:30.683+0000] {logging_mixin.py:188} INFO - [2025-03-24T23:27:30.683+0000] {dagbag.py:538} INFO - Filling up the DagBag from /home/airflow/.local/lib/python3.8/site-packages/airflow/example_dags/example_task_group_decorator.py
[2025-03-24T23:27:30.689+0000] {processor.py:840} INFO - DAG(s) 'example_task_group_decorator' retrieved from /home/airflow/.local/lib/python3.8/site-packages/airflow/example_dags/example_task_group_decorator.py
[2025-03-24T23:27:30.699+0000] {logging_mixin.py:188} INFO - [2025-03-24T23:27:30.699+0000] {dag.py:3033} INFO - Sync 1 DAGs
[2025-03-24T23:27:30.710+0000] {logging_mixin.py:188} INFO - [2025-03-24T23:27:30.710+0000] {dag.py:3820} INFO - Setting next_dagrun for example_task_group_decorator to 2025-03-23T00:00:00+00:00, run_after=2025-03-24T00:00:00+00:00
[2025-03-24T23:27:30.718+0000] {processor.py:183} INFO - Processing /home/airflow/.local/lib/python3.8/site-packages/airflow/example_dags/example_task_group_decorator.py took 0.040 seconds
[2025-03-24T23:28:01.393+0000] {processor.py:161} INFO - Started process (PID=475) to work on /home/airflow/.local/lib/python3.8/site-packages/airflow/example_dags/example_task_group_decorator.py
[2025-03-24T23:28:01.395+0000] {processor.py:830} INFO - Processing file /home/airflow/.local/lib/python3.8/site-packages/airflow/example_dags/example_task_group_decorator.py for tasks to queue
[2025-03-24T23:28:01.395+0000] {logging_mixin.py:188} INFO - [2025-03-24T23:28:01.395+0000] {dagbag.py:538} INFO - Filling up the DagBag from /home/airflow/.local/lib/python3.8/site-packages/airflow/example_dags/example_task_group_decorator.py
[2025-03-24T23:28:01.405+0000] {processor.py:840} INFO - DAG(s) 'example_task_group_decorator' retrieved from /home/airflow/.local/lib/python3.8/site-packages/airflow/example_dags/example_task_group_decorator.py
[2025-03-24T23:28:01.421+0000] {logging_mixin.py:188} INFO - [2025-03-24T23:28:01.421+0000] {dag.py:3033} INFO - Sync 1 DAGs
[2025-03-24T23:28:01.431+0000] {logging_mixin.py:188} INFO - [2025-03-24T23:28:01.431+0000] {dag.py:3820} INFO - Setting next_dagrun for example_task_group_decorator to 2025-03-23T00:00:00+00:00, run_after=2025-03-24T00:00:00+00:00
[2025-03-24T23:28:01.442+0000] {processor.py:183} INFO - Processing /home/airflow/.local/lib/python3.8/site-packages/airflow/example_dags/example_task_group_decorator.py took 0.050 seconds
[2025-03-24T23:28:32.151+0000] {processor.py:161} INFO - Started process (PID=530) to work on /home/airflow/.local/lib/python3.8/site-packages/airflow/example_dags/example_task_group_decorator.py
[2025-03-24T23:28:32.152+0000] {processor.py:830} INFO - Processing file /home/airflow/.local/lib/python3.8/site-packages/airflow/example_dags/example_task_group_decorator.py for tasks to queue
[2025-03-24T23:28:32.153+0000] {logging_mixin.py:188} INFO - [2025-03-24T23:28:32.153+0000] {dagbag.py:538} INFO - Filling up the DagBag from /home/airflow/.local/lib/python3.8/site-packages/airflow/example_dags/example_task_group_decorator.py
[2025-03-24T23:28:32.159+0000] {processor.py:840} INFO - DAG(s) 'example_task_group_decorator' retrieved from /home/airflow/.local/lib/python3.8/site-packages/airflow/example_dags/example_task_group_decorator.py
[2025-03-24T23:28:32.171+0000] {logging_mixin.py:188} INFO - [2025-03-24T23:28:32.171+0000] {dag.py:3033} INFO - Sync 1 DAGs
[2025-03-24T23:28:32.180+0000] {logging_mixin.py:188} INFO - [2025-03-24T23:28:32.180+0000] {dag.py:3820} INFO - Setting next_dagrun for example_task_group_decorator to 2025-03-23T00:00:00+00:00, run_after=2025-03-24T00:00:00+00:00
[2025-03-24T23:28:32.188+0000] {processor.py:183} INFO - Processing /home/airflow/.local/lib/python3.8/site-packages/airflow/example_dags/example_task_group_decorator.py took 0.038 seconds
[2025-03-24T23:29:02.914+0000] {processor.py:161} INFO - Started process (PID=585) to work on /home/airflow/.local/lib/python3.8/site-packages/airflow/example_dags/example_task_group_decorator.py
[2025-03-24T23:29:02.914+0000] {processor.py:830} INFO - Processing file /home/airflow/.local/lib/python3.8/site-packages/airflow/example_dags/example_task_group_decorator.py for tasks to queue
[2025-03-24T23:29:02.915+0000] {logging_mixin.py:188} INFO - [2025-03-24T23:29:02.915+0000] {dagbag.py:538} INFO - Filling up the DagBag from /home/airflow/.local/lib/python3.8/site-packages/airflow/example_dags/example_task_group_decorator.py
[2025-03-24T23:29:02.921+0000] {processor.py:840} INFO - DAG(s) 'example_task_group_decorator' retrieved from /home/airflow/.local/lib/python3.8/site-packages/airflow/example_dags/example_task_group_decorator.py
[2025-03-24T23:29:02.931+0000] {logging_mixin.py:188} INFO - [2025-03-24T23:29:02.931+0000] {dag.py:3033} INFO - Sync 1 DAGs
[2025-03-24T23:29:02.941+0000] {logging_mixin.py:188} INFO - [2025-03-24T23:29:02.941+0000] {dag.py:3820} INFO - Setting next_dagrun for example_task_group_decorator to 2025-03-23T00:00:00+00:00, run_after=2025-03-24T00:00:00+00:00
[2025-03-24T23:29:02.949+0000] {processor.py:183} INFO - Processing /home/airflow/.local/lib/python3.8/site-packages/airflow/example_dags/example_task_group_decorator.py took 0.037 seconds
[2025-03-24T23:29:33.666+0000] {processor.py:161} INFO - Started process (PID=640) to work on /home/airflow/.local/lib/python3.8/site-packages/airflow/example_dags/example_task_group_decorator.py
[2025-03-24T23:29:33.667+0000] {processor.py:830} INFO - Processing file /home/airflow/.local/lib/python3.8/site-packages/airflow/example_dags/example_task_group_decorator.py for tasks to queue
[2025-03-24T23:29:33.667+0000] {logging_mixin.py:188} INFO - [2025-03-24T23:29:33.667+0000] {dagbag.py:538} INFO - Filling up the DagBag from /home/airflow/.local/lib/python3.8/site-packages/airflow/example_dags/example_task_group_decorator.py
[2025-03-24T23:29:33.673+0000] {processor.py:840} INFO - DAG(s) 'example_task_group_decorator' retrieved from /home/airflow/.local/lib/python3.8/site-packages/airflow/example_dags/example_task_group_decorator.py
[2025-03-24T23:29:33.683+0000] {logging_mixin.py:188} INFO - [2025-03-24T23:29:33.683+0000] {dag.py:3033} INFO - Sync 1 DAGs
[2025-03-24T23:29:33.691+0000] {logging_mixin.py:188} INFO - [2025-03-24T23:29:33.691+0000] {dag.py:3820} INFO - Setting next_dagrun for example_task_group_decorator to 2025-03-23T00:00:00+00:00, run_after=2025-03-24T00:00:00+00:00
[2025-03-24T23:29:33.698+0000] {processor.py:183} INFO - Processing /home/airflow/.local/lib/python3.8/site-packages/airflow/example_dags/example_task_group_decorator.py took 0.033 seconds
[2025-03-24T23:30:04.279+0000] {processor.py:161} INFO - Started process (PID=695) to work on /home/airflow/.local/lib/python3.8/site-packages/airflow/example_dags/example_task_group_decorator.py
[2025-03-24T23:30:04.280+0000] {processor.py:830} INFO - Processing file /home/airflow/.local/lib/python3.8/site-packages/airflow/example_dags/example_task_group_decorator.py for tasks to queue
[2025-03-24T23:30:04.282+0000] {logging_mixin.py:188} INFO - [2025-03-24T23:30:04.282+0000] {dagbag.py:538} INFO - Filling up the DagBag from /home/airflow/.local/lib/python3.8/site-packages/airflow/example_dags/example_task_group_decorator.py
[2025-03-24T23:30:04.288+0000] {processor.py:840} INFO - DAG(s) 'example_task_group_decorator' retrieved from /home/airflow/.local/lib/python3.8/site-packages/airflow/example_dags/example_task_group_decorator.py
[2025-03-24T23:30:04.298+0000] {logging_mixin.py:188} INFO - [2025-03-24T23:30:04.298+0000] {dag.py:3033} INFO - Sync 1 DAGs
[2025-03-24T23:30:04.306+0000] {logging_mixin.py:188} INFO - [2025-03-24T23:30:04.306+0000] {dag.py:3820} INFO - Setting next_dagrun for example_task_group_decorator to 2025-03-23T00:00:00+00:00, run_after=2025-03-24T00:00:00+00:00
[2025-03-24T23:30:04.314+0000] {processor.py:183} INFO - Processing /home/airflow/.local/lib/python3.8/site-packages/airflow/example_dags/example_task_group_decorator.py took 0.036 seconds
[2025-03-24T23:30:34.814+0000] {processor.py:161} INFO - Started process (PID=750) to work on /home/airflow/.local/lib/python3.8/site-packages/airflow/example_dags/example_task_group_decorator.py
[2025-03-24T23:30:34.816+0000] {processor.py:830} INFO - Processing file /home/airflow/.local/lib/python3.8/site-packages/airflow/example_dags/example_task_group_decorator.py for tasks to queue
[2025-03-24T23:30:34.817+0000] {logging_mixin.py:188} INFO - [2025-03-24T23:30:34.817+0000] {dagbag.py:538} INFO - Filling up the DagBag from /home/airflow/.local/lib/python3.8/site-packages/airflow/example_dags/example_task_group_decorator.py
[2025-03-24T23:30:34.823+0000] {processor.py:840} INFO - DAG(s) 'example_task_group_decorator' retrieved from /home/airflow/.local/lib/python3.8/site-packages/airflow/example_dags/example_task_group_decorator.py
[2025-03-24T23:30:34.833+0000] {logging_mixin.py:188} INFO - [2025-03-24T23:30:34.832+0000] {dag.py:3033} INFO - Sync 1 DAGs
[2025-03-24T23:30:34.840+0000] {logging_mixin.py:188} INFO - [2025-03-24T23:30:34.840+0000] {dag.py:3820} INFO - Setting next_dagrun for example_task_group_decorator to 2025-03-23T00:00:00+00:00, run_after=2025-03-24T00:00:00+00:00
[2025-03-24T23:30:34.847+0000] {processor.py:183} INFO - Processing /home/airflow/.local/lib/python3.8/site-packages/airflow/example_dags/example_task_group_decorator.py took 0.034 seconds
[2025-03-24T23:31:05.680+0000] {processor.py:161} INFO - Started process (PID=805) to work on /home/airflow/.local/lib/python3.8/site-packages/airflow/example_dags/example_task_group_decorator.py
[2025-03-24T23:31:05.683+0000] {processor.py:830} INFO - Processing file /home/airflow/.local/lib/python3.8/site-packages/airflow/example_dags/example_task_group_decorator.py for tasks to queue
[2025-03-24T23:31:05.684+0000] {logging_mixin.py:188} INFO - [2025-03-24T23:31:05.684+0000] {dagbag.py:538} INFO - Filling up the DagBag from /home/airflow/.local/lib/python3.8/site-packages/airflow/example_dags/example_task_group_decorator.py
[2025-03-24T23:31:05.690+0000] {processor.py:840} INFO - DAG(s) 'example_task_group_decorator' retrieved from /home/airflow/.local/lib/python3.8/site-packages/airflow/example_dags/example_task_group_decorator.py
[2025-03-24T23:31:05.700+0000] {logging_mixin.py:188} INFO - [2025-03-24T23:31:05.700+0000] {dag.py:3033} INFO - Sync 1 DAGs
[2025-03-24T23:31:05.710+0000] {logging_mixin.py:188} INFO - [2025-03-24T23:31:05.710+0000] {dag.py:3820} INFO - Setting next_dagrun for example_task_group_decorator to 2025-03-23T00:00:00+00:00, run_after=2025-03-24T00:00:00+00:00
[2025-03-24T23:31:05.717+0000] {processor.py:183} INFO - Processing /home/airflow/.local/lib/python3.8/site-packages/airflow/example_dags/example_task_group_decorator.py took 0.038 seconds
[2025-03-24T23:31:36.459+0000] {processor.py:161} INFO - Started process (PID=860) to work on /home/airflow/.local/lib/python3.8/site-packages/airflow/example_dags/example_task_group_decorator.py
[2025-03-24T23:31:36.459+0000] {processor.py:830} INFO - Processing file /home/airflow/.local/lib/python3.8/site-packages/airflow/example_dags/example_task_group_decorator.py for tasks to queue
[2025-03-24T23:31:36.460+0000] {logging_mixin.py:188} INFO - [2025-03-24T23:31:36.460+0000] {dagbag.py:538} INFO - Filling up the DagBag from /home/airflow/.local/lib/python3.8/site-packages/airflow/example_dags/example_task_group_decorator.py
[2025-03-24T23:31:36.467+0000] {processor.py:840} INFO - DAG(s) 'example_task_group_decorator' retrieved from /home/airflow/.local/lib/python3.8/site-packages/airflow/example_dags/example_task_group_decorator.py
[2025-03-24T23:31:36.476+0000] {logging_mixin.py:188} INFO - [2025-03-24T23:31:36.476+0000] {dag.py:3033} INFO - Sync 1 DAGs
[2025-03-24T23:31:36.484+0000] {logging_mixin.py:188} INFO - [2025-03-24T23:31:36.484+0000] {dag.py:3820} INFO - Setting next_dagrun for example_task_group_decorator to 2025-03-23T00:00:00+00:00, run_after=2025-03-24T00:00:00+00:00
[2025-03-24T23:31:36.490+0000] {processor.py:183} INFO - Processing /home/airflow/.local/lib/python3.8/site-packages/airflow/example_dags/example_task_group_decorator.py took 0.033 seconds
[2025-03-24T23:32:07.321+0000] {processor.py:161} INFO - Started process (PID=915) to work on /home/airflow/.local/lib/python3.8/site-packages/airflow/example_dags/example_task_group_decorator.py
[2025-03-24T23:32:07.322+0000] {processor.py:830} INFO - Processing file /home/airflow/.local/lib/python3.8/site-packages/airflow/example_dags/example_task_group_decorator.py for tasks to queue
[2025-03-24T23:32:07.323+0000] {logging_mixin.py:188} INFO - [2025-03-24T23:32:07.322+0000] {dagbag.py:538} INFO - Filling up the DagBag from /home/airflow/.local/lib/python3.8/site-packages/airflow/example_dags/example_task_group_decorator.py
[2025-03-24T23:32:07.329+0000] {processor.py:840} INFO - DAG(s) 'example_task_group_decorator' retrieved from /home/airflow/.local/lib/python3.8/site-packages/airflow/example_dags/example_task_group_decorator.py
[2025-03-24T23:32:07.342+0000] {logging_mixin.py:188} INFO - [2025-03-24T23:32:07.341+0000] {dag.py:3033} INFO - Sync 1 DAGs
[2025-03-24T23:32:07.351+0000] {logging_mixin.py:188} INFO - [2025-03-24T23:32:07.351+0000] {dag.py:3820} INFO - Setting next_dagrun for example_task_group_decorator to 2025-03-23T00:00:00+00:00, run_after=2025-03-24T00:00:00+00:00
[2025-03-24T23:32:07.359+0000] {processor.py:183} INFO - Processing /home/airflow/.local/lib/python3.8/site-packages/airflow/example_dags/example_task_group_decorator.py took 0.040 seconds
[2025-03-24T23:32:38.223+0000] {processor.py:161} INFO - Started process (PID=970) to work on /home/airflow/.local/lib/python3.8/site-packages/airflow/example_dags/example_task_group_decorator.py
[2025-03-24T23:32:38.224+0000] {processor.py:830} INFO - Processing file /home/airflow/.local/lib/python3.8/site-packages/airflow/example_dags/example_task_group_decorator.py for tasks to queue
[2025-03-24T23:32:38.225+0000] {logging_mixin.py:188} INFO - [2025-03-24T23:32:38.225+0000] {dagbag.py:538} INFO - Filling up the DagBag from /home/airflow/.local/lib/python3.8/site-packages/airflow/example_dags/example_task_group_decorator.py
[2025-03-24T23:32:38.231+0000] {processor.py:840} INFO - DAG(s) 'example_task_group_decorator' retrieved from /home/airflow/.local/lib/python3.8/site-packages/airflow/example_dags/example_task_group_decorator.py
[2025-03-24T23:32:38.242+0000] {logging_mixin.py:188} INFO - [2025-03-24T23:32:38.242+0000] {dag.py:3033} INFO - Sync 1 DAGs
[2025-03-24T23:32:38.251+0000] {logging_mixin.py:188} INFO - [2025-03-24T23:32:38.251+0000] {dag.py:3820} INFO - Setting next_dagrun for example_task_group_decorator to 2025-03-23T00:00:00+00:00, run_after=2025-03-24T00:00:00+00:00
[2025-03-24T23:32:38.257+0000] {processor.py:183} INFO - Processing /home/airflow/.local/lib/python3.8/site-packages/airflow/example_dags/example_task_group_decorator.py took 0.036 seconds
[2025-03-24T23:33:08.872+0000] {processor.py:161} INFO - Started process (PID=1025) to work on /home/airflow/.local/lib/python3.8/site-packages/airflow/example_dags/example_task_group_decorator.py
[2025-03-24T23:33:08.873+0000] {processor.py:830} INFO - Processing file /home/airflow/.local/lib/python3.8/site-packages/airflow/example_dags/example_task_group_decorator.py for tasks to queue
[2025-03-24T23:33:08.874+0000] {logging_mixin.py:188} INFO - [2025-03-24T23:33:08.874+0000] {dagbag.py:538} INFO - Filling up the DagBag from /home/airflow/.local/lib/python3.8/site-packages/airflow/example_dags/example_task_group_decorator.py
[2025-03-24T23:33:08.881+0000] {processor.py:840} INFO - DAG(s) 'example_task_group_decorator' retrieved from /home/airflow/.local/lib/python3.8/site-packages/airflow/example_dags/example_task_group_decorator.py
[2025-03-24T23:33:08.890+0000] {logging_mixin.py:188} INFO - [2025-03-24T23:33:08.890+0000] {dag.py:3033} INFO - Sync 1 DAGs
[2025-03-24T23:33:08.899+0000] {logging_mixin.py:188} INFO - [2025-03-24T23:33:08.899+0000] {dag.py:3820} INFO - Setting next_dagrun for example_task_group_decorator to 2025-03-23T00:00:00+00:00, run_after=2025-03-24T00:00:00+00:00
[2025-03-24T23:33:08.908+0000] {processor.py:183} INFO - Processing /home/airflow/.local/lib/python3.8/site-packages/airflow/example_dags/example_task_group_decorator.py took 0.037 seconds
[2025-03-24T23:33:39.361+0000] {processor.py:161} INFO - Started process (PID=1080) to work on /home/airflow/.local/lib/python3.8/site-packages/airflow/example_dags/example_task_group_decorator.py
[2025-03-24T23:33:39.362+0000] {processor.py:830} INFO - Processing file /home/airflow/.local/lib/python3.8/site-packages/airflow/example_dags/example_task_group_decorator.py for tasks to queue
[2025-03-24T23:33:39.363+0000] {logging_mixin.py:188} INFO - [2025-03-24T23:33:39.363+0000] {dagbag.py:538} INFO - Filling up the DagBag from /home/airflow/.local/lib/python3.8/site-packages/airflow/example_dags/example_task_group_decorator.py
[2025-03-24T23:33:39.369+0000] {processor.py:840} INFO - DAG(s) 'example_task_group_decorator' retrieved from /home/airflow/.local/lib/python3.8/site-packages/airflow/example_dags/example_task_group_decorator.py
[2025-03-24T23:33:39.381+0000] {logging_mixin.py:188} INFO - [2025-03-24T23:33:39.381+0000] {dag.py:3033} INFO - Sync 1 DAGs
[2025-03-24T23:33:39.391+0000] {logging_mixin.py:188} INFO - [2025-03-24T23:33:39.391+0000] {dag.py:3820} INFO - Setting next_dagrun for example_task_group_decorator to 2025-03-23T00:00:00+00:00, run_after=2025-03-24T00:00:00+00:00
[2025-03-24T23:33:39.401+0000] {processor.py:183} INFO - Processing /home/airflow/.local/lib/python3.8/site-packages/airflow/example_dags/example_task_group_decorator.py took 0.042 seconds
[2025-03-24T23:34:09.903+0000] {processor.py:161} INFO - Started process (PID=1135) to work on /home/airflow/.local/lib/python3.8/site-packages/airflow/example_dags/example_task_group_decorator.py
[2025-03-24T23:34:09.903+0000] {processor.py:830} INFO - Processing file /home/airflow/.local/lib/python3.8/site-packages/airflow/example_dags/example_task_group_decorator.py for tasks to queue
[2025-03-24T23:34:09.904+0000] {logging_mixin.py:188} INFO - [2025-03-24T23:34:09.904+0000] {dagbag.py:538} INFO - Filling up the DagBag from /home/airflow/.local/lib/python3.8/site-packages/airflow/example_dags/example_task_group_decorator.py
[2025-03-24T23:34:09.910+0000] {processor.py:840} INFO - DAG(s) 'example_task_group_decorator' retrieved from /home/airflow/.local/lib/python3.8/site-packages/airflow/example_dags/example_task_group_decorator.py
[2025-03-24T23:34:09.920+0000] {logging_mixin.py:188} INFO - [2025-03-24T23:34:09.920+0000] {dag.py:3033} INFO - Sync 1 DAGs
[2025-03-24T23:34:09.929+0000] {logging_mixin.py:188} INFO - [2025-03-24T23:34:09.929+0000] {dag.py:3820} INFO - Setting next_dagrun for example_task_group_decorator to 2025-03-23T00:00:00+00:00, run_after=2025-03-24T00:00:00+00:00
[2025-03-24T23:34:09.938+0000] {processor.py:183} INFO - Processing /home/airflow/.local/lib/python3.8/site-packages/airflow/example_dags/example_task_group_decorator.py took 0.037 seconds
[2025-03-24T23:34:40.786+0000] {processor.py:161} INFO - Started process (PID=1190) to work on /home/airflow/.local/lib/python3.8/site-packages/airflow/example_dags/example_task_group_decorator.py
[2025-03-24T23:34:40.786+0000] {processor.py:830} INFO - Processing file /home/airflow/.local/lib/python3.8/site-packages/airflow/example_dags/example_task_group_decorator.py for tasks to queue
[2025-03-24T23:34:40.787+0000] {logging_mixin.py:188} INFO - [2025-03-24T23:34:40.787+0000] {dagbag.py:538} INFO - Filling up the DagBag from /home/airflow/.local/lib/python3.8/site-packages/airflow/example_dags/example_task_group_decorator.py
[2025-03-24T23:34:40.794+0000] {processor.py:840} INFO - DAG(s) 'example_task_group_decorator' retrieved from /home/airflow/.local/lib/python3.8/site-packages/airflow/example_dags/example_task_group_decorator.py
[2025-03-24T23:34:40.806+0000] {logging_mixin.py:188} INFO - [2025-03-24T23:34:40.806+0000] {dag.py:3033} INFO - Sync 1 DAGs
[2025-03-24T23:34:40.815+0000] {logging_mixin.py:188} INFO - [2025-03-24T23:34:40.815+0000] {dag.py:3820} INFO - Setting next_dagrun for example_task_group_decorator to 2025-03-23T00:00:00+00:00, run_after=2025-03-24T00:00:00+00:00
[2025-03-24T23:34:40.825+0000] {processor.py:183} INFO - Processing /home/airflow/.local/lib/python3.8/site-packages/airflow/example_dags/example_task_group_decorator.py took 0.041 seconds
[2025-03-24T23:35:10.909+0000] {processor.py:161} INFO - Started process (PID=1245) to work on /home/airflow/.local/lib/python3.8/site-packages/airflow/example_dags/example_task_group_decorator.py
[2025-03-24T23:35:10.910+0000] {processor.py:830} INFO - Processing file /home/airflow/.local/lib/python3.8/site-packages/airflow/example_dags/example_task_group_decorator.py for tasks to queue
[2025-03-24T23:35:10.912+0000] {logging_mixin.py:188} INFO - [2025-03-24T23:35:10.911+0000] {dagbag.py:538} INFO - Filling up the DagBag from /home/airflow/.local/lib/python3.8/site-packages/airflow/example_dags/example_task_group_decorator.py
[2025-03-24T23:35:10.918+0000] {processor.py:840} INFO - DAG(s) 'example_task_group_decorator' retrieved from /home/airflow/.local/lib/python3.8/site-packages/airflow/example_dags/example_task_group_decorator.py
[2025-03-24T23:35:10.930+0000] {logging_mixin.py:188} INFO - [2025-03-24T23:35:10.930+0000] {dag.py:3033} INFO - Sync 1 DAGs
[2025-03-24T23:35:10.941+0000] {logging_mixin.py:188} INFO - [2025-03-24T23:35:10.941+0000] {dag.py:3820} INFO - Setting next_dagrun for example_task_group_decorator to 2025-03-23T00:00:00+00:00, run_after=2025-03-24T00:00:00+00:00
[2025-03-24T23:35:10.948+0000] {processor.py:183} INFO - Processing /home/airflow/.local/lib/python3.8/site-packages/airflow/example_dags/example_task_group_decorator.py took 0.041 seconds
[2025-03-24T23:35:41.703+0000] {processor.py:161} INFO - Started process (PID=1300) to work on /home/airflow/.local/lib/python3.8/site-packages/airflow/example_dags/example_task_group_decorator.py
[2025-03-24T23:35:41.705+0000] {processor.py:830} INFO - Processing file /home/airflow/.local/lib/python3.8/site-packages/airflow/example_dags/example_task_group_decorator.py for tasks to queue
[2025-03-24T23:35:41.706+0000] {logging_mixin.py:188} INFO - [2025-03-24T23:35:41.706+0000] {dagbag.py:538} INFO - Filling up the DagBag from /home/airflow/.local/lib/python3.8/site-packages/airflow/example_dags/example_task_group_decorator.py
[2025-03-24T23:35:41.712+0000] {processor.py:840} INFO - DAG(s) 'example_task_group_decorator' retrieved from /home/airflow/.local/lib/python3.8/site-packages/airflow/example_dags/example_task_group_decorator.py
[2025-03-24T23:35:41.724+0000] {logging_mixin.py:188} INFO - [2025-03-24T23:35:41.724+0000] {dag.py:3033} INFO - Sync 1 DAGs
[2025-03-24T23:35:41.732+0000] {logging_mixin.py:188} INFO - [2025-03-24T23:35:41.732+0000] {dag.py:3820} INFO - Setting next_dagrun for example_task_group_decorator to 2025-03-23T00:00:00+00:00, run_after=2025-03-24T00:00:00+00:00
[2025-03-24T23:35:41.739+0000] {processor.py:183} INFO - Processing /home/airflow/.local/lib/python3.8/site-packages/airflow/example_dags/example_task_group_decorator.py took 0.038 seconds
[2025-03-24T23:36:12.347+0000] {processor.py:161} INFO - Started process (PID=1355) to work on /home/airflow/.local/lib/python3.8/site-packages/airflow/example_dags/example_task_group_decorator.py
[2025-03-24T23:36:12.347+0000] {processor.py:830} INFO - Processing file /home/airflow/.local/lib/python3.8/site-packages/airflow/example_dags/example_task_group_decorator.py for tasks to queue
[2025-03-24T23:36:12.348+0000] {logging_mixin.py:188} INFO - [2025-03-24T23:36:12.348+0000] {dagbag.py:538} INFO - Filling up the DagBag from /home/airflow/.local/lib/python3.8/site-packages/airflow/example_dags/example_task_group_decorator.py
[2025-03-24T23:36:12.354+0000] {processor.py:840} INFO - DAG(s) 'example_task_group_decorator' retrieved from /home/airflow/.local/lib/python3.8/site-packages/airflow/example_dags/example_task_group_decorator.py
[2025-03-24T23:36:12.368+0000] {logging_mixin.py:188} INFO - [2025-03-24T23:36:12.368+0000] {dag.py:3033} INFO - Sync 1 DAGs
[2025-03-24T23:36:12.378+0000] {logging_mixin.py:188} INFO - [2025-03-24T23:36:12.377+0000] {dag.py:3820} INFO - Setting next_dagrun for example_task_group_decorator to 2025-03-23T00:00:00+00:00, run_after=2025-03-24T00:00:00+00:00
[2025-03-24T23:36:12.384+0000] {processor.py:183} INFO - Processing /home/airflow/.local/lib/python3.8/site-packages/airflow/example_dags/example_task_group_decorator.py took 0.039 seconds
[2025-03-24T23:36:43.111+0000] {processor.py:161} INFO - Started process (PID=1410) to work on /home/airflow/.local/lib/python3.8/site-packages/airflow/example_dags/example_task_group_decorator.py
[2025-03-24T23:36:43.111+0000] {processor.py:830} INFO - Processing file /home/airflow/.local/lib/python3.8/site-packages/airflow/example_dags/example_task_group_decorator.py for tasks to queue
[2025-03-24T23:36:43.114+0000] {logging_mixin.py:188} INFO - [2025-03-24T23:36:43.113+0000] {dagbag.py:538} INFO - Filling up the DagBag from /home/airflow/.local/lib/python3.8/site-packages/airflow/example_dags/example_task_group_decorator.py
[2025-03-24T23:36:43.121+0000] {processor.py:840} INFO - DAG(s) 'example_task_group_decorator' retrieved from /home/airflow/.local/lib/python3.8/site-packages/airflow/example_dags/example_task_group_decorator.py
[2025-03-24T23:36:43.131+0000] {logging_mixin.py:188} INFO - [2025-03-24T23:36:43.131+0000] {dag.py:3033} INFO - Sync 1 DAGs
[2025-03-24T23:36:43.141+0000] {logging_mixin.py:188} INFO - [2025-03-24T23:36:43.141+0000] {dag.py:3820} INFO - Setting next_dagrun for example_task_group_decorator to 2025-03-23T00:00:00+00:00, run_after=2025-03-24T00:00:00+00:00
[2025-03-24T23:36:43.151+0000] {processor.py:183} INFO - Processing /home/airflow/.local/lib/python3.8/site-packages/airflow/example_dags/example_task_group_decorator.py took 0.042 seconds
[2025-03-24T23:37:13.975+0000] {processor.py:161} INFO - Started process (PID=1465) to work on /home/airflow/.local/lib/python3.8/site-packages/airflow/example_dags/example_task_group_decorator.py
[2025-03-24T23:37:13.976+0000] {processor.py:830} INFO - Processing file /home/airflow/.local/lib/python3.8/site-packages/airflow/example_dags/example_task_group_decorator.py for tasks to queue
[2025-03-24T23:37:13.979+0000] {logging_mixin.py:188} INFO - [2025-03-24T23:37:13.979+0000] {dagbag.py:538} INFO - Filling up the DagBag from /home/airflow/.local/lib/python3.8/site-packages/airflow/example_dags/example_task_group_decorator.py
[2025-03-24T23:37:13.985+0000] {processor.py:840} INFO - DAG(s) 'example_task_group_decorator' retrieved from /home/airflow/.local/lib/python3.8/site-packages/airflow/example_dags/example_task_group_decorator.py
[2025-03-24T23:37:13.997+0000] {logging_mixin.py:188} INFO - [2025-03-24T23:37:13.996+0000] {dag.py:3033} INFO - Sync 1 DAGs
[2025-03-24T23:37:14.006+0000] {logging_mixin.py:188} INFO - [2025-03-24T23:37:14.006+0000] {dag.py:3820} INFO - Setting next_dagrun for example_task_group_decorator to 2025-03-23T00:00:00+00:00, run_after=2025-03-24T00:00:00+00:00
[2025-03-24T23:37:14.015+0000] {processor.py:183} INFO - Processing /home/airflow/.local/lib/python3.8/site-packages/airflow/example_dags/example_task_group_decorator.py took 0.041 seconds
[2025-03-24T23:37:44.825+0000] {processor.py:161} INFO - Started process (PID=1520) to work on /home/airflow/.local/lib/python3.8/site-packages/airflow/example_dags/example_task_group_decorator.py
[2025-03-24T23:37:44.827+0000] {processor.py:830} INFO - Processing file /home/airflow/.local/lib/python3.8/site-packages/airflow/example_dags/example_task_group_decorator.py for tasks to queue
[2025-03-24T23:37:44.828+0000] {logging_mixin.py:188} INFO - [2025-03-24T23:37:44.828+0000] {dagbag.py:538} INFO - Filling up the DagBag from /home/airflow/.local/lib/python3.8/site-packages/airflow/example_dags/example_task_group_decorator.py
[2025-03-24T23:37:44.833+0000] {processor.py:840} INFO - DAG(s) 'example_task_group_decorator' retrieved from /home/airflow/.local/lib/python3.8/site-packages/airflow/example_dags/example_task_group_decorator.py
[2025-03-24T23:37:44.846+0000] {logging_mixin.py:188} INFO - [2025-03-24T23:37:44.846+0000] {dag.py:3033} INFO - Sync 1 DAGs
[2025-03-24T23:37:44.854+0000] {logging_mixin.py:188} INFO - [2025-03-24T23:37:44.854+0000] {dag.py:3820} INFO - Setting next_dagrun for example_task_group_decorator to 2025-03-23T00:00:00+00:00, run_after=2025-03-24T00:00:00+00:00
[2025-03-24T23:37:44.862+0000] {processor.py:183} INFO - Processing /home/airflow/.local/lib/python3.8/site-packages/airflow/example_dags/example_task_group_decorator.py took 0.039 seconds
[2025-03-24T23:38:15.576+0000] {processor.py:161} INFO - Started process (PID=1575) to work on /home/airflow/.local/lib/python3.8/site-packages/airflow/example_dags/example_task_group_decorator.py
[2025-03-24T23:38:15.576+0000] {processor.py:830} INFO - Processing file /home/airflow/.local/lib/python3.8/site-packages/airflow/example_dags/example_task_group_decorator.py for tasks to queue
[2025-03-24T23:38:15.577+0000] {logging_mixin.py:188} INFO - [2025-03-24T23:38:15.577+0000] {dagbag.py:538} INFO - Filling up the DagBag from /home/airflow/.local/lib/python3.8/site-packages/airflow/example_dags/example_task_group_decorator.py
[2025-03-24T23:38:15.586+0000] {processor.py:840} INFO - DAG(s) 'example_task_group_decorator' retrieved from /home/airflow/.local/lib/python3.8/site-packages/airflow/example_dags/example_task_group_decorator.py
[2025-03-24T23:38:15.598+0000] {logging_mixin.py:188} INFO - [2025-03-24T23:38:15.598+0000] {dag.py:3033} INFO - Sync 1 DAGs
[2025-03-24T23:38:15.606+0000] {logging_mixin.py:188} INFO - [2025-03-24T23:38:15.606+0000] {dag.py:3820} INFO - Setting next_dagrun for example_task_group_decorator to 2025-03-23T00:00:00+00:00, run_after=2025-03-24T00:00:00+00:00
[2025-03-24T23:38:15.615+0000] {processor.py:183} INFO - Processing /home/airflow/.local/lib/python3.8/site-packages/airflow/example_dags/example_task_group_decorator.py took 0.040 seconds
[2025-03-24T23:38:46.305+0000] {processor.py:161} INFO - Started process (PID=1630) to work on /home/airflow/.local/lib/python3.8/site-packages/airflow/example_dags/example_task_group_decorator.py
[2025-03-24T23:38:46.306+0000] {processor.py:830} INFO - Processing file /home/airflow/.local/lib/python3.8/site-packages/airflow/example_dags/example_task_group_decorator.py for tasks to queue
[2025-03-24T23:38:46.307+0000] {logging_mixin.py:188} INFO - [2025-03-24T23:38:46.307+0000] {dagbag.py:538} INFO - Filling up the DagBag from /home/airflow/.local/lib/python3.8/site-packages/airflow/example_dags/example_task_group_decorator.py
[2025-03-24T23:38:46.312+0000] {processor.py:840} INFO - DAG(s) 'example_task_group_decorator' retrieved from /home/airflow/.local/lib/python3.8/site-packages/airflow/example_dags/example_task_group_decorator.py
[2025-03-24T23:38:46.321+0000] {logging_mixin.py:188} INFO - [2025-03-24T23:38:46.321+0000] {dag.py:3033} INFO - Sync 1 DAGs
[2025-03-24T23:38:46.330+0000] {logging_mixin.py:188} INFO - [2025-03-24T23:38:46.330+0000] {dag.py:3820} INFO - Setting next_dagrun for example_task_group_decorator to 2025-03-23T00:00:00+00:00, run_after=2025-03-24T00:00:00+00:00
[2025-03-24T23:38:46.336+0000] {processor.py:183} INFO - Processing /home/airflow/.local/lib/python3.8/site-packages/airflow/example_dags/example_task_group_decorator.py took 0.033 seconds
[2025-03-24T23:39:17.216+0000] {processor.py:161} INFO - Started process (PID=1685) to work on /home/airflow/.local/lib/python3.8/site-packages/airflow/example_dags/example_task_group_decorator.py
[2025-03-24T23:39:17.217+0000] {processor.py:830} INFO - Processing file /home/airflow/.local/lib/python3.8/site-packages/airflow/example_dags/example_task_group_decorator.py for tasks to queue
[2025-03-24T23:39:17.218+0000] {logging_mixin.py:188} INFO - [2025-03-24T23:39:17.218+0000] {dagbag.py:538} INFO - Filling up the DagBag from /home/airflow/.local/lib/python3.8/site-packages/airflow/example_dags/example_task_group_decorator.py
[2025-03-24T23:39:17.224+0000] {processor.py:840} INFO - DAG(s) 'example_task_group_decorator' retrieved from /home/airflow/.local/lib/python3.8/site-packages/airflow/example_dags/example_task_group_decorator.py
[2025-03-24T23:39:17.234+0000] {logging_mixin.py:188} INFO - [2025-03-24T23:39:17.234+0000] {dag.py:3033} INFO - Sync 1 DAGs
[2025-03-24T23:39:17.242+0000] {logging_mixin.py:188} INFO - [2025-03-24T23:39:17.242+0000] {dag.py:3820} INFO - Setting next_dagrun for example_task_group_decorator to 2025-03-23T00:00:00+00:00, run_after=2025-03-24T00:00:00+00:00
[2025-03-24T23:39:17.253+0000] {processor.py:183} INFO - Processing /home/airflow/.local/lib/python3.8/site-packages/airflow/example_dags/example_task_group_decorator.py took 0.039 seconds
[2025-03-24T23:39:47.961+0000] {processor.py:161} INFO - Started process (PID=1740) to work on /home/airflow/.local/lib/python3.8/site-packages/airflow/example_dags/example_task_group_decorator.py
[2025-03-24T23:39:47.961+0000] {processor.py:830} INFO - Processing file /home/airflow/.local/lib/python3.8/site-packages/airflow/example_dags/example_task_group_decorator.py for tasks to queue
[2025-03-24T23:39:47.962+0000] {logging_mixin.py:188} INFO - [2025-03-24T23:39:47.962+0000] {dagbag.py:538} INFO - Filling up the DagBag from /home/airflow/.local/lib/python3.8/site-packages/airflow/example_dags/example_task_group_decorator.py
[2025-03-24T23:39:47.969+0000] {processor.py:840} INFO - DAG(s) 'example_task_group_decorator' retrieved from /home/airflow/.local/lib/python3.8/site-packages/airflow/example_dags/example_task_group_decorator.py
[2025-03-24T23:39:47.979+0000] {logging_mixin.py:188} INFO - [2025-03-24T23:39:47.979+0000] {dag.py:3033} INFO - Sync 1 DAGs
[2025-03-24T23:39:47.989+0000] {logging_mixin.py:188} INFO - [2025-03-24T23:39:47.989+0000] {dag.py:3820} INFO - Setting next_dagrun for example_task_group_decorator to 2025-03-23T00:00:00+00:00, run_after=2025-03-24T00:00:00+00:00
[2025-03-24T23:39:47.999+0000] {processor.py:183} INFO - Processing /home/airflow/.local/lib/python3.8/site-packages/airflow/example_dags/example_task_group_decorator.py took 0.040 seconds
[2025-03-24T23:40:18.523+0000] {processor.py:161} INFO - Started process (PID=1795) to work on /home/airflow/.local/lib/python3.8/site-packages/airflow/example_dags/example_task_group_decorator.py
[2025-03-24T23:40:18.524+0000] {processor.py:830} INFO - Processing file /home/airflow/.local/lib/python3.8/site-packages/airflow/example_dags/example_task_group_decorator.py for tasks to queue
[2025-03-24T23:40:18.528+0000] {logging_mixin.py:188} INFO - [2025-03-24T23:40:18.528+0000] {dagbag.py:538} INFO - Filling up the DagBag from /home/airflow/.local/lib/python3.8/site-packages/airflow/example_dags/example_task_group_decorator.py
[2025-03-24T23:40:18.534+0000] {processor.py:840} INFO - DAG(s) 'example_task_group_decorator' retrieved from /home/airflow/.local/lib/python3.8/site-packages/airflow/example_dags/example_task_group_decorator.py
[2025-03-24T23:40:18.546+0000] {logging_mixin.py:188} INFO - [2025-03-24T23:40:18.546+0000] {dag.py:3033} INFO - Sync 1 DAGs
[2025-03-24T23:40:18.556+0000] {logging_mixin.py:188} INFO - [2025-03-24T23:40:18.556+0000] {dag.py:3820} INFO - Setting next_dagrun for example_task_group_decorator to 2025-03-23T00:00:00+00:00, run_after=2025-03-24T00:00:00+00:00
[2025-03-24T23:40:18.563+0000] {processor.py:183} INFO - Processing /home/airflow/.local/lib/python3.8/site-packages/airflow/example_dags/example_task_group_decorator.py took 0.041 seconds
[2025-03-24T23:40:49.085+0000] {processor.py:161} INFO - Started process (PID=1850) to work on /home/airflow/.local/lib/python3.8/site-packages/airflow/example_dags/example_task_group_decorator.py
[2025-03-24T23:40:49.086+0000] {processor.py:830} INFO - Processing file /home/airflow/.local/lib/python3.8/site-packages/airflow/example_dags/example_task_group_decorator.py for tasks to queue
[2025-03-24T23:40:49.086+0000] {logging_mixin.py:188} INFO - [2025-03-24T23:40:49.086+0000] {dagbag.py:538} INFO - Filling up the DagBag from /home/airflow/.local/lib/python3.8/site-packages/airflow/example_dags/example_task_group_decorator.py
[2025-03-24T23:40:49.092+0000] {processor.py:840} INFO - DAG(s) 'example_task_group_decorator' retrieved from /home/airflow/.local/lib/python3.8/site-packages/airflow/example_dags/example_task_group_decorator.py
[2025-03-24T23:40:49.101+0000] {logging_mixin.py:188} INFO - [2025-03-24T23:40:49.101+0000] {dag.py:3033} INFO - Sync 1 DAGs
[2025-03-24T23:40:49.109+0000] {logging_mixin.py:188} INFO - [2025-03-24T23:40:49.109+0000] {dag.py:3820} INFO - Setting next_dagrun for example_task_group_decorator to 2025-03-23T00:00:00+00:00, run_after=2025-03-24T00:00:00+00:00
[2025-03-24T23:40:49.117+0000] {processor.py:183} INFO - Processing /home/airflow/.local/lib/python3.8/site-packages/airflow/example_dags/example_task_group_decorator.py took 0.033 seconds
[2025-03-24T23:41:19.720+0000] {processor.py:161} INFO - Started process (PID=1905) to work on /home/airflow/.local/lib/python3.8/site-packages/airflow/example_dags/example_task_group_decorator.py
[2025-03-24T23:41:19.721+0000] {processor.py:830} INFO - Processing file /home/airflow/.local/lib/python3.8/site-packages/airflow/example_dags/example_task_group_decorator.py for tasks to queue
[2025-03-24T23:41:19.722+0000] {logging_mixin.py:188} INFO - [2025-03-24T23:41:19.722+0000] {dagbag.py:538} INFO - Filling up the DagBag from /home/airflow/.local/lib/python3.8/site-packages/airflow/example_dags/example_task_group_decorator.py
[2025-03-24T23:41:19.728+0000] {processor.py:840} INFO - DAG(s) 'example_task_group_decorator' retrieved from /home/airflow/.local/lib/python3.8/site-packages/airflow/example_dags/example_task_group_decorator.py
[2025-03-24T23:41:19.739+0000] {logging_mixin.py:188} INFO - [2025-03-24T23:41:19.739+0000] {dag.py:3033} INFO - Sync 1 DAGs
[2025-03-24T23:41:19.748+0000] {logging_mixin.py:188} INFO - [2025-03-24T23:41:19.748+0000] {dag.py:3820} INFO - Setting next_dagrun for example_task_group_decorator to 2025-03-23T00:00:00+00:00, run_after=2025-03-24T00:00:00+00:00
[2025-03-24T23:41:19.754+0000] {processor.py:183} INFO - Processing /home/airflow/.local/lib/python3.8/site-packages/airflow/example_dags/example_task_group_decorator.py took 0.036 seconds
[2025-03-24T23:41:50.340+0000] {processor.py:161} INFO - Started process (PID=1960) to work on /home/airflow/.local/lib/python3.8/site-packages/airflow/example_dags/example_task_group_decorator.py
[2025-03-24T23:41:50.340+0000] {processor.py:830} INFO - Processing file /home/airflow/.local/lib/python3.8/site-packages/airflow/example_dags/example_task_group_decorator.py for tasks to queue
[2025-03-24T23:41:50.341+0000] {logging_mixin.py:188} INFO - [2025-03-24T23:41:50.341+0000] {dagbag.py:538} INFO - Filling up the DagBag from /home/airflow/.local/lib/python3.8/site-packages/airflow/example_dags/example_task_group_decorator.py
[2025-03-24T23:41:50.347+0000] {processor.py:840} INFO - DAG(s) 'example_task_group_decorator' retrieved from /home/airflow/.local/lib/python3.8/site-packages/airflow/example_dags/example_task_group_decorator.py
[2025-03-24T23:41:50.357+0000] {logging_mixin.py:188} INFO - [2025-03-24T23:41:50.357+0000] {dag.py:3033} INFO - Sync 1 DAGs
[2025-03-24T23:41:50.366+0000] {logging_mixin.py:188} INFO - [2025-03-24T23:41:50.366+0000] {dag.py:3820} INFO - Setting next_dagrun for example_task_group_decorator to 2025-03-23T00:00:00+00:00, run_after=2025-03-24T00:00:00+00:00
[2025-03-24T23:41:50.374+0000] {processor.py:183} INFO - Processing /home/airflow/.local/lib/python3.8/site-packages/airflow/example_dags/example_task_group_decorator.py took 0.036 seconds
[2025-03-24T23:42:20.895+0000] {processor.py:161} INFO - Started process (PID=2015) to work on /home/airflow/.local/lib/python3.8/site-packages/airflow/example_dags/example_task_group_decorator.py
[2025-03-24T23:42:20.895+0000] {processor.py:830} INFO - Processing file /home/airflow/.local/lib/python3.8/site-packages/airflow/example_dags/example_task_group_decorator.py for tasks to queue
[2025-03-24T23:42:20.896+0000] {logging_mixin.py:188} INFO - [2025-03-24T23:42:20.896+0000] {dagbag.py:538} INFO - Filling up the DagBag from /home/airflow/.local/lib/python3.8/site-packages/airflow/example_dags/example_task_group_decorator.py
[2025-03-24T23:42:20.902+0000] {processor.py:840} INFO - DAG(s) 'example_task_group_decorator' retrieved from /home/airflow/.local/lib/python3.8/site-packages/airflow/example_dags/example_task_group_decorator.py
[2025-03-24T23:42:20.912+0000] {logging_mixin.py:188} INFO - [2025-03-24T23:42:20.912+0000] {dag.py:3033} INFO - Sync 1 DAGs
[2025-03-24T23:42:20.920+0000] {logging_mixin.py:188} INFO - [2025-03-24T23:42:20.920+0000] {dag.py:3820} INFO - Setting next_dagrun for example_task_group_decorator to 2025-03-23T00:00:00+00:00, run_after=2025-03-24T00:00:00+00:00
[2025-03-24T23:42:20.928+0000] {processor.py:183} INFO - Processing /home/airflow/.local/lib/python3.8/site-packages/airflow/example_dags/example_task_group_decorator.py took 0.034 seconds
[2025-03-24T23:42:51.370+0000] {processor.py:161} INFO - Started process (PID=2070) to work on /home/airflow/.local/lib/python3.8/site-packages/airflow/example_dags/example_task_group_decorator.py
[2025-03-24T23:42:51.371+0000] {processor.py:830} INFO - Processing file /home/airflow/.local/lib/python3.8/site-packages/airflow/example_dags/example_task_group_decorator.py for tasks to queue
[2025-03-24T23:42:51.372+0000] {logging_mixin.py:188} INFO - [2025-03-24T23:42:51.372+0000] {dagbag.py:538} INFO - Filling up the DagBag from /home/airflow/.local/lib/python3.8/site-packages/airflow/example_dags/example_task_group_decorator.py
[2025-03-24T23:42:51.378+0000] {processor.py:840} INFO - DAG(s) 'example_task_group_decorator' retrieved from /home/airflow/.local/lib/python3.8/site-packages/airflow/example_dags/example_task_group_decorator.py
[2025-03-24T23:42:51.389+0000] {logging_mixin.py:188} INFO - [2025-03-24T23:42:51.388+0000] {dag.py:3033} INFO - Sync 1 DAGs
[2025-03-24T23:42:51.398+0000] {logging_mixin.py:188} INFO - [2025-03-24T23:42:51.398+0000] {dag.py:3820} INFO - Setting next_dagrun for example_task_group_decorator to 2025-03-23T00:00:00+00:00, run_after=2025-03-24T00:00:00+00:00
[2025-03-24T23:42:51.407+0000] {processor.py:183} INFO - Processing /home/airflow/.local/lib/python3.8/site-packages/airflow/example_dags/example_task_group_decorator.py took 0.038 seconds
[2025-03-24T23:43:21.919+0000] {processor.py:161} INFO - Started process (PID=2125) to work on /home/airflow/.local/lib/python3.8/site-packages/airflow/example_dags/example_task_group_decorator.py
[2025-03-24T23:43:21.919+0000] {processor.py:830} INFO - Processing file /home/airflow/.local/lib/python3.8/site-packages/airflow/example_dags/example_task_group_decorator.py for tasks to queue
[2025-03-24T23:43:21.923+0000] {logging_mixin.py:188} INFO - [2025-03-24T23:43:21.923+0000] {dagbag.py:538} INFO - Filling up the DagBag from /home/airflow/.local/lib/python3.8/site-packages/airflow/example_dags/example_task_group_decorator.py
[2025-03-24T23:43:21.931+0000] {processor.py:840} INFO - DAG(s) 'example_task_group_decorator' retrieved from /home/airflow/.local/lib/python3.8/site-packages/airflow/example_dags/example_task_group_decorator.py
[2025-03-24T23:43:21.941+0000] {logging_mixin.py:188} INFO - [2025-03-24T23:43:21.941+0000] {dag.py:3033} INFO - Sync 1 DAGs
[2025-03-24T23:43:21.949+0000] {logging_mixin.py:188} INFO - [2025-03-24T23:43:21.949+0000] {dag.py:3820} INFO - Setting next_dagrun for example_task_group_decorator to 2025-03-23T00:00:00+00:00, run_after=2025-03-24T00:00:00+00:00
[2025-03-24T23:43:21.956+0000] {processor.py:183} INFO - Processing /home/airflow/.local/lib/python3.8/site-packages/airflow/example_dags/example_task_group_decorator.py took 0.039 seconds
[2025-03-24T23:43:52.660+0000] {processor.py:161} INFO - Started process (PID=2180) to work on /home/airflow/.local/lib/python3.8/site-packages/airflow/example_dags/example_task_group_decorator.py
[2025-03-24T23:43:52.661+0000] {processor.py:830} INFO - Processing file /home/airflow/.local/lib/python3.8/site-packages/airflow/example_dags/example_task_group_decorator.py for tasks to queue
[2025-03-24T23:43:52.663+0000] {logging_mixin.py:188} INFO - [2025-03-24T23:43:52.663+0000] {dagbag.py:538} INFO - Filling up the DagBag from /home/airflow/.local/lib/python3.8/site-packages/airflow/example_dags/example_task_group_decorator.py
[2025-03-24T23:43:52.671+0000] {processor.py:840} INFO - DAG(s) 'example_task_group_decorator' retrieved from /home/airflow/.local/lib/python3.8/site-packages/airflow/example_dags/example_task_group_decorator.py
[2025-03-24T23:43:52.686+0000] {logging_mixin.py:188} INFO - [2025-03-24T23:43:52.686+0000] {dag.py:3033} INFO - Sync 1 DAGs
[2025-03-24T23:43:52.696+0000] {logging_mixin.py:188} INFO - [2025-03-24T23:43:52.695+0000] {dag.py:3820} INFO - Setting next_dagrun for example_task_group_decorator to 2025-03-23T00:00:00+00:00, run_after=2025-03-24T00:00:00+00:00
[2025-03-24T23:43:52.705+0000] {processor.py:183} INFO - Processing /home/airflow/.local/lib/python3.8/site-packages/airflow/example_dags/example_task_group_decorator.py took 0.048 seconds
[2025-03-24T23:44:23.236+0000] {processor.py:161} INFO - Started process (PID=2235) to work on /home/airflow/.local/lib/python3.8/site-packages/airflow/example_dags/example_task_group_decorator.py
[2025-03-24T23:44:23.236+0000] {processor.py:830} INFO - Processing file /home/airflow/.local/lib/python3.8/site-packages/airflow/example_dags/example_task_group_decorator.py for tasks to queue
[2025-03-24T23:44:23.238+0000] {logging_mixin.py:188} INFO - [2025-03-24T23:44:23.237+0000] {dagbag.py:538} INFO - Filling up the DagBag from /home/airflow/.local/lib/python3.8/site-packages/airflow/example_dags/example_task_group_decorator.py
[2025-03-24T23:44:23.244+0000] {processor.py:840} INFO - DAG(s) 'example_task_group_decorator' retrieved from /home/airflow/.local/lib/python3.8/site-packages/airflow/example_dags/example_task_group_decorator.py
[2025-03-24T23:44:23.256+0000] {logging_mixin.py:188} INFO - [2025-03-24T23:44:23.255+0000] {dag.py:3033} INFO - Sync 1 DAGs
[2025-03-24T23:44:23.264+0000] {logging_mixin.py:188} INFO - [2025-03-24T23:44:23.264+0000] {dag.py:3820} INFO - Setting next_dagrun for example_task_group_decorator to 2025-03-23T00:00:00+00:00, run_after=2025-03-24T00:00:00+00:00
[2025-03-24T23:44:23.272+0000] {processor.py:183} INFO - Processing /home/airflow/.local/lib/python3.8/site-packages/airflow/example_dags/example_task_group_decorator.py took 0.038 seconds
[2025-03-24T23:44:53.932+0000] {processor.py:161} INFO - Started process (PID=2290) to work on /home/airflow/.local/lib/python3.8/site-packages/airflow/example_dags/example_task_group_decorator.py
[2025-03-24T23:44:53.933+0000] {processor.py:830} INFO - Processing file /home/airflow/.local/lib/python3.8/site-packages/airflow/example_dags/example_task_group_decorator.py for tasks to queue
[2025-03-24T23:44:53.936+0000] {logging_mixin.py:188} INFO - [2025-03-24T23:44:53.936+0000] {dagbag.py:538} INFO - Filling up the DagBag from /home/airflow/.local/lib/python3.8/site-packages/airflow/example_dags/example_task_group_decorator.py
[2025-03-24T23:44:53.941+0000] {processor.py:840} INFO - DAG(s) 'example_task_group_decorator' retrieved from /home/airflow/.local/lib/python3.8/site-packages/airflow/example_dags/example_task_group_decorator.py
[2025-03-24T23:44:53.951+0000] {logging_mixin.py:188} INFO - [2025-03-24T23:44:53.951+0000] {dag.py:3033} INFO - Sync 1 DAGs
[2025-03-24T23:44:53.959+0000] {logging_mixin.py:188} INFO - [2025-03-24T23:44:53.959+0000] {dag.py:3820} INFO - Setting next_dagrun for example_task_group_decorator to 2025-03-23T00:00:00+00:00, run_after=2025-03-24T00:00:00+00:00
[2025-03-24T23:44:53.969+0000] {processor.py:183} INFO - Processing /home/airflow/.local/lib/python3.8/site-packages/airflow/example_dags/example_task_group_decorator.py took 0.038 seconds
[2025-03-24T23:45:24.492+0000] {processor.py:161} INFO - Started process (PID=2345) to work on /home/airflow/.local/lib/python3.8/site-packages/airflow/example_dags/example_task_group_decorator.py
[2025-03-24T23:45:24.493+0000] {processor.py:830} INFO - Processing file /home/airflow/.local/lib/python3.8/site-packages/airflow/example_dags/example_task_group_decorator.py for tasks to queue
[2025-03-24T23:45:24.495+0000] {logging_mixin.py:188} INFO - [2025-03-24T23:45:24.495+0000] {dagbag.py:538} INFO - Filling up the DagBag from /home/airflow/.local/lib/python3.8/site-packages/airflow/example_dags/example_task_group_decorator.py
[2025-03-24T23:45:24.505+0000] {processor.py:840} INFO - DAG(s) 'example_task_group_decorator' retrieved from /home/airflow/.local/lib/python3.8/site-packages/airflow/example_dags/example_task_group_decorator.py
[2025-03-24T23:45:24.518+0000] {logging_mixin.py:188} INFO - [2025-03-24T23:45:24.518+0000] {dag.py:3033} INFO - Sync 1 DAGs
[2025-03-24T23:45:24.530+0000] {logging_mixin.py:188} INFO - [2025-03-24T23:45:24.529+0000] {dag.py:3820} INFO - Setting next_dagrun for example_task_group_decorator to 2025-03-23T00:00:00+00:00, run_after=2025-03-24T00:00:00+00:00
[2025-03-24T23:45:24.606+0000] {processor.py:183} INFO - Processing /home/airflow/.local/lib/python3.8/site-packages/airflow/example_dags/example_task_group_decorator.py took 0.117 seconds
[2025-03-24T23:45:55.027+0000] {processor.py:161} INFO - Started process (PID=2399) to work on /home/airflow/.local/lib/python3.8/site-packages/airflow/example_dags/example_task_group_decorator.py
[2025-03-24T23:45:55.027+0000] {processor.py:830} INFO - Processing file /home/airflow/.local/lib/python3.8/site-packages/airflow/example_dags/example_task_group_decorator.py for tasks to queue
[2025-03-24T23:45:55.028+0000] {logging_mixin.py:188} INFO - [2025-03-24T23:45:55.028+0000] {dagbag.py:538} INFO - Filling up the DagBag from /home/airflow/.local/lib/python3.8/site-packages/airflow/example_dags/example_task_group_decorator.py
[2025-03-24T23:45:55.034+0000] {processor.py:840} INFO - DAG(s) 'example_task_group_decorator' retrieved from /home/airflow/.local/lib/python3.8/site-packages/airflow/example_dags/example_task_group_decorator.py
[2025-03-24T23:45:55.044+0000] {logging_mixin.py:188} INFO - [2025-03-24T23:45:55.044+0000] {dag.py:3033} INFO - Sync 1 DAGs
[2025-03-24T23:45:55.053+0000] {logging_mixin.py:188} INFO - [2025-03-24T23:45:55.053+0000] {dag.py:3820} INFO - Setting next_dagrun for example_task_group_decorator to 2025-03-23T00:00:00+00:00, run_after=2025-03-24T00:00:00+00:00
[2025-03-24T23:45:55.060+0000] {processor.py:183} INFO - Processing /home/airflow/.local/lib/python3.8/site-packages/airflow/example_dags/example_task_group_decorator.py took 0.035 seconds
[2025-03-24T23:46:25.923+0000] {processor.py:161} INFO - Started process (PID=2454) to work on /home/airflow/.local/lib/python3.8/site-packages/airflow/example_dags/example_task_group_decorator.py
[2025-03-24T23:46:25.924+0000] {processor.py:830} INFO - Processing file /home/airflow/.local/lib/python3.8/site-packages/airflow/example_dags/example_task_group_decorator.py for tasks to queue
[2025-03-24T23:46:25.925+0000] {logging_mixin.py:188} INFO - [2025-03-24T23:46:25.925+0000] {dagbag.py:538} INFO - Filling up the DagBag from /home/airflow/.local/lib/python3.8/site-packages/airflow/example_dags/example_task_group_decorator.py
[2025-03-24T23:46:25.931+0000] {processor.py:840} INFO - DAG(s) 'example_task_group_decorator' retrieved from /home/airflow/.local/lib/python3.8/site-packages/airflow/example_dags/example_task_group_decorator.py
[2025-03-24T23:46:25.944+0000] {logging_mixin.py:188} INFO - [2025-03-24T23:46:25.943+0000] {dag.py:3033} INFO - Sync 1 DAGs
[2025-03-24T23:46:25.952+0000] {logging_mixin.py:188} INFO - [2025-03-24T23:46:25.952+0000] {dag.py:3820} INFO - Setting next_dagrun for example_task_group_decorator to 2025-03-23T00:00:00+00:00, run_after=2025-03-24T00:00:00+00:00
[2025-03-24T23:46:25.960+0000] {processor.py:183} INFO - Processing /home/airflow/.local/lib/python3.8/site-packages/airflow/example_dags/example_task_group_decorator.py took 0.038 seconds
[2025-03-24T23:46:56.949+0000] {processor.py:161} INFO - Started process (PID=2509) to work on /home/airflow/.local/lib/python3.8/site-packages/airflow/example_dags/example_task_group_decorator.py
[2025-03-24T23:46:56.949+0000] {processor.py:830} INFO - Processing file /home/airflow/.local/lib/python3.8/site-packages/airflow/example_dags/example_task_group_decorator.py for tasks to queue
[2025-03-24T23:46:56.951+0000] {logging_mixin.py:188} INFO - [2025-03-24T23:46:56.951+0000] {dagbag.py:538} INFO - Filling up the DagBag from /home/airflow/.local/lib/python3.8/site-packages/airflow/example_dags/example_task_group_decorator.py
[2025-03-24T23:46:56.957+0000] {processor.py:840} INFO - DAG(s) 'example_task_group_decorator' retrieved from /home/airflow/.local/lib/python3.8/site-packages/airflow/example_dags/example_task_group_decorator.py
[2025-03-24T23:46:56.968+0000] {logging_mixin.py:188} INFO - [2025-03-24T23:46:56.968+0000] {dag.py:3033} INFO - Sync 1 DAGs
[2025-03-24T23:46:56.979+0000] {logging_mixin.py:188} INFO - [2025-03-24T23:46:56.979+0000] {dag.py:3820} INFO - Setting next_dagrun for example_task_group_decorator to 2025-03-23T00:00:00+00:00, run_after=2025-03-24T00:00:00+00:00
[2025-03-24T23:46:57.078+0000] {processor.py:183} INFO - Processing /home/airflow/.local/lib/python3.8/site-packages/airflow/example_dags/example_task_group_decorator.py took 0.131 seconds
[2025-03-24T23:47:27.924+0000] {processor.py:161} INFO - Started process (PID=2564) to work on /home/airflow/.local/lib/python3.8/site-packages/airflow/example_dags/example_task_group_decorator.py
[2025-03-24T23:47:27.925+0000] {processor.py:830} INFO - Processing file /home/airflow/.local/lib/python3.8/site-packages/airflow/example_dags/example_task_group_decorator.py for tasks to queue
[2025-03-24T23:47:27.926+0000] {logging_mixin.py:188} INFO - [2025-03-24T23:47:27.926+0000] {dagbag.py:538} INFO - Filling up the DagBag from /home/airflow/.local/lib/python3.8/site-packages/airflow/example_dags/example_task_group_decorator.py
[2025-03-24T23:47:27.931+0000] {processor.py:840} INFO - DAG(s) 'example_task_group_decorator' retrieved from /home/airflow/.local/lib/python3.8/site-packages/airflow/example_dags/example_task_group_decorator.py
[2025-03-24T23:47:27.942+0000] {logging_mixin.py:188} INFO - [2025-03-24T23:47:27.942+0000] {dag.py:3033} INFO - Sync 1 DAGs
[2025-03-24T23:47:27.951+0000] {logging_mixin.py:188} INFO - [2025-03-24T23:47:27.951+0000] {dag.py:3820} INFO - Setting next_dagrun for example_task_group_decorator to 2025-03-23T00:00:00+00:00, run_after=2025-03-24T00:00:00+00:00
[2025-03-24T23:47:27.961+0000] {processor.py:183} INFO - Processing /home/airflow/.local/lib/python3.8/site-packages/airflow/example_dags/example_task_group_decorator.py took 0.039 seconds
[2025-03-24T23:47:58.168+0000] {processor.py:161} INFO - Started process (PID=2619) to work on /home/airflow/.local/lib/python3.8/site-packages/airflow/example_dags/example_task_group_decorator.py
[2025-03-24T23:47:58.171+0000] {processor.py:830} INFO - Processing file /home/airflow/.local/lib/python3.8/site-packages/airflow/example_dags/example_task_group_decorator.py for tasks to queue
[2025-03-24T23:47:58.175+0000] {logging_mixin.py:188} INFO - [2025-03-24T23:47:58.175+0000] {dagbag.py:538} INFO - Filling up the DagBag from /home/airflow/.local/lib/python3.8/site-packages/airflow/example_dags/example_task_group_decorator.py
[2025-03-24T23:47:58.186+0000] {processor.py:840} INFO - DAG(s) 'example_task_group_decorator' retrieved from /home/airflow/.local/lib/python3.8/site-packages/airflow/example_dags/example_task_group_decorator.py
[2025-03-24T23:47:58.204+0000] {logging_mixin.py:188} INFO - [2025-03-24T23:47:58.204+0000] {dag.py:3033} INFO - Sync 1 DAGs
[2025-03-24T23:47:58.218+0000] {logging_mixin.py:188} INFO - [2025-03-24T23:47:58.218+0000] {dag.py:3820} INFO - Setting next_dagrun for example_task_group_decorator to 2025-03-23T00:00:00+00:00, run_after=2025-03-24T00:00:00+00:00
[2025-03-24T23:47:58.229+0000] {processor.py:183} INFO - Processing /home/airflow/.local/lib/python3.8/site-packages/airflow/example_dags/example_task_group_decorator.py took 0.063 seconds
[2025-03-24T23:48:28.787+0000] {processor.py:161} INFO - Started process (PID=2674) to work on /home/airflow/.local/lib/python3.8/site-packages/airflow/example_dags/example_task_group_decorator.py
[2025-03-24T23:48:28.788+0000] {processor.py:830} INFO - Processing file /home/airflow/.local/lib/python3.8/site-packages/airflow/example_dags/example_task_group_decorator.py for tasks to queue
[2025-03-24T23:48:28.789+0000] {logging_mixin.py:188} INFO - [2025-03-24T23:48:28.789+0000] {dagbag.py:538} INFO - Filling up the DagBag from /home/airflow/.local/lib/python3.8/site-packages/airflow/example_dags/example_task_group_decorator.py
[2025-03-24T23:48:28.795+0000] {processor.py:840} INFO - DAG(s) 'example_task_group_decorator' retrieved from /home/airflow/.local/lib/python3.8/site-packages/airflow/example_dags/example_task_group_decorator.py
[2025-03-24T23:48:28.805+0000] {logging_mixin.py:188} INFO - [2025-03-24T23:48:28.805+0000] {dag.py:3033} INFO - Sync 1 DAGs
[2025-03-24T23:48:28.884+0000] {logging_mixin.py:188} INFO - [2025-03-24T23:48:28.884+0000] {dag.py:3820} INFO - Setting next_dagrun for example_task_group_decorator to 2025-03-23T00:00:00+00:00, run_after=2025-03-24T00:00:00+00:00
[2025-03-24T23:48:28.891+0000] {processor.py:183} INFO - Processing /home/airflow/.local/lib/python3.8/site-packages/airflow/example_dags/example_task_group_decorator.py took 0.105 seconds
[2025-03-24T23:48:59.677+0000] {processor.py:161} INFO - Started process (PID=2729) to work on /home/airflow/.local/lib/python3.8/site-packages/airflow/example_dags/example_task_group_decorator.py
[2025-03-24T23:48:59.678+0000] {processor.py:830} INFO - Processing file /home/airflow/.local/lib/python3.8/site-packages/airflow/example_dags/example_task_group_decorator.py for tasks to queue
[2025-03-24T23:48:59.681+0000] {logging_mixin.py:188} INFO - [2025-03-24T23:48:59.681+0000] {dagbag.py:538} INFO - Filling up the DagBag from /home/airflow/.local/lib/python3.8/site-packages/airflow/example_dags/example_task_group_decorator.py
[2025-03-24T23:48:59.687+0000] {processor.py:840} INFO - DAG(s) 'example_task_group_decorator' retrieved from /home/airflow/.local/lib/python3.8/site-packages/airflow/example_dags/example_task_group_decorator.py
[2025-03-24T23:48:59.704+0000] {logging_mixin.py:188} INFO - [2025-03-24T23:48:59.704+0000] {dag.py:3033} INFO - Sync 1 DAGs
[2025-03-24T23:48:59.714+0000] {logging_mixin.py:188} INFO - [2025-03-24T23:48:59.714+0000] {dag.py:3820} INFO - Setting next_dagrun for example_task_group_decorator to 2025-03-23T00:00:00+00:00, run_after=2025-03-24T00:00:00+00:00
[2025-03-24T23:48:59.722+0000] {processor.py:183} INFO - Processing /home/airflow/.local/lib/python3.8/site-packages/airflow/example_dags/example_task_group_decorator.py took 0.046 seconds
[2025-03-24T23:49:29.845+0000] {processor.py:161} INFO - Started process (PID=2784) to work on /home/airflow/.local/lib/python3.8/site-packages/airflow/example_dags/example_task_group_decorator.py
[2025-03-24T23:49:29.847+0000] {processor.py:830} INFO - Processing file /home/airflow/.local/lib/python3.8/site-packages/airflow/example_dags/example_task_group_decorator.py for tasks to queue
[2025-03-24T23:49:29.848+0000] {logging_mixin.py:188} INFO - [2025-03-24T23:49:29.848+0000] {dagbag.py:538} INFO - Filling up the DagBag from /home/airflow/.local/lib/python3.8/site-packages/airflow/example_dags/example_task_group_decorator.py
[2025-03-24T23:49:29.854+0000] {processor.py:840} INFO - DAG(s) 'example_task_group_decorator' retrieved from /home/airflow/.local/lib/python3.8/site-packages/airflow/example_dags/example_task_group_decorator.py
[2025-03-24T23:49:29.869+0000] {logging_mixin.py:188} INFO - [2025-03-24T23:49:29.869+0000] {dag.py:3033} INFO - Sync 1 DAGs
[2025-03-24T23:49:29.877+0000] {logging_mixin.py:188} INFO - [2025-03-24T23:49:29.877+0000] {dag.py:3820} INFO - Setting next_dagrun for example_task_group_decorator to 2025-03-23T00:00:00+00:00, run_after=2025-03-24T00:00:00+00:00
[2025-03-24T23:49:29.888+0000] {processor.py:183} INFO - Processing /home/airflow/.local/lib/python3.8/site-packages/airflow/example_dags/example_task_group_decorator.py took 0.045 seconds
[2025-03-24T23:50:00.141+0000] {processor.py:161} INFO - Started process (PID=2838) to work on /home/airflow/.local/lib/python3.8/site-packages/airflow/example_dags/example_task_group_decorator.py
[2025-03-24T23:50:00.142+0000] {processor.py:830} INFO - Processing file /home/airflow/.local/lib/python3.8/site-packages/airflow/example_dags/example_task_group_decorator.py for tasks to queue
[2025-03-24T23:50:00.144+0000] {logging_mixin.py:188} INFO - [2025-03-24T23:50:00.144+0000] {dagbag.py:538} INFO - Filling up the DagBag from /home/airflow/.local/lib/python3.8/site-packages/airflow/example_dags/example_task_group_decorator.py
[2025-03-24T23:50:00.223+0000] {processor.py:840} INFO - DAG(s) 'example_task_group_decorator' retrieved from /home/airflow/.local/lib/python3.8/site-packages/airflow/example_dags/example_task_group_decorator.py
[2025-03-24T23:50:00.232+0000] {logging_mixin.py:188} INFO - [2025-03-24T23:50:00.232+0000] {dag.py:3033} INFO - Sync 1 DAGs
[2025-03-24T23:50:00.240+0000] {logging_mixin.py:188} INFO - [2025-03-24T23:50:00.240+0000] {dag.py:3820} INFO - Setting next_dagrun for example_task_group_decorator to 2025-03-23T00:00:00+00:00, run_after=2025-03-24T00:00:00+00:00
[2025-03-24T23:50:00.247+0000] {processor.py:183} INFO - Processing /home/airflow/.local/lib/python3.8/site-packages/airflow/example_dags/example_task_group_decorator.py took 0.108 seconds
[2025-03-24T23:50:30.871+0000] {processor.py:161} INFO - Started process (PID=2893) to work on /home/airflow/.local/lib/python3.8/site-packages/airflow/example_dags/example_task_group_decorator.py
[2025-03-24T23:50:30.872+0000] {processor.py:830} INFO - Processing file /home/airflow/.local/lib/python3.8/site-packages/airflow/example_dags/example_task_group_decorator.py for tasks to queue
[2025-03-24T23:50:30.873+0000] {logging_mixin.py:188} INFO - [2025-03-24T23:50:30.873+0000] {dagbag.py:538} INFO - Filling up the DagBag from /home/airflow/.local/lib/python3.8/site-packages/airflow/example_dags/example_task_group_decorator.py
[2025-03-24T23:50:30.879+0000] {processor.py:840} INFO - DAG(s) 'example_task_group_decorator' retrieved from /home/airflow/.local/lib/python3.8/site-packages/airflow/example_dags/example_task_group_decorator.py
[2025-03-24T23:50:30.889+0000] {logging_mixin.py:188} INFO - [2025-03-24T23:50:30.889+0000] {dag.py:3033} INFO - Sync 1 DAGs
[2025-03-24T23:50:30.967+0000] {logging_mixin.py:188} INFO - [2025-03-24T23:50:30.967+0000] {dag.py:3820} INFO - Setting next_dagrun for example_task_group_decorator to 2025-03-23T00:00:00+00:00, run_after=2025-03-24T00:00:00+00:00
[2025-03-24T23:50:30.974+0000] {processor.py:183} INFO - Processing /home/airflow/.local/lib/python3.8/site-packages/airflow/example_dags/example_task_group_decorator.py took 0.104 seconds
[2025-03-24T23:51:01.010+0000] {processor.py:161} INFO - Started process (PID=2948) to work on /home/airflow/.local/lib/python3.8/site-packages/airflow/example_dags/example_task_group_decorator.py
[2025-03-24T23:51:01.012+0000] {processor.py:830} INFO - Processing file /home/airflow/.local/lib/python3.8/site-packages/airflow/example_dags/example_task_group_decorator.py for tasks to queue
[2025-03-24T23:51:01.014+0000] {logging_mixin.py:188} INFO - [2025-03-24T23:51:01.014+0000] {dagbag.py:538} INFO - Filling up the DagBag from /home/airflow/.local/lib/python3.8/site-packages/airflow/example_dags/example_task_group_decorator.py
[2025-03-24T23:51:01.021+0000] {processor.py:840} INFO - DAG(s) 'example_task_group_decorator' retrieved from /home/airflow/.local/lib/python3.8/site-packages/airflow/example_dags/example_task_group_decorator.py
[2025-03-24T23:51:01.035+0000] {logging_mixin.py:188} INFO - [2025-03-24T23:51:01.035+0000] {dag.py:3033} INFO - Sync 1 DAGs
[2025-03-24T23:51:01.044+0000] {logging_mixin.py:188} INFO - [2025-03-24T23:51:01.044+0000] {dag.py:3820} INFO - Setting next_dagrun for example_task_group_decorator to 2025-03-23T00:00:00+00:00, run_after=2025-03-24T00:00:00+00:00
[2025-03-24T23:51:01.051+0000] {processor.py:183} INFO - Processing /home/airflow/.local/lib/python3.8/site-packages/airflow/example_dags/example_task_group_decorator.py took 0.043 seconds
[2025-03-24T23:51:31.857+0000] {processor.py:161} INFO - Started process (PID=3009) to work on /home/airflow/.local/lib/python3.8/site-packages/airflow/example_dags/example_task_group_decorator.py
[2025-03-24T23:51:31.857+0000] {processor.py:830} INFO - Processing file /home/airflow/.local/lib/python3.8/site-packages/airflow/example_dags/example_task_group_decorator.py for tasks to queue
[2025-03-24T23:51:31.858+0000] {logging_mixin.py:188} INFO - [2025-03-24T23:51:31.858+0000] {dagbag.py:538} INFO - Filling up the DagBag from /home/airflow/.local/lib/python3.8/site-packages/airflow/example_dags/example_task_group_decorator.py
[2025-03-24T23:51:31.865+0000] {processor.py:840} INFO - DAG(s) 'example_task_group_decorator' retrieved from /home/airflow/.local/lib/python3.8/site-packages/airflow/example_dags/example_task_group_decorator.py
[2025-03-24T23:51:31.881+0000] {logging_mixin.py:188} INFO - [2025-03-24T23:51:31.881+0000] {dag.py:3033} INFO - Sync 1 DAGs
[2025-03-24T23:51:31.890+0000] {logging_mixin.py:188} INFO - [2025-03-24T23:51:31.890+0000] {dag.py:3820} INFO - Setting next_dagrun for example_task_group_decorator to 2025-03-23T00:00:00+00:00, run_after=2025-03-24T00:00:00+00:00
[2025-03-24T23:51:31.904+0000] {processor.py:183} INFO - Processing /home/airflow/.local/lib/python3.8/site-packages/airflow/example_dags/example_task_group_decorator.py took 0.049 seconds
