[2025-03-24T23:24:26.056+0000] {processor.py:161} INFO - Started process (PID=56) to work on /home/airflow/.local/lib/python3.8/site-packages/airflow/example_dags/example_xcomargs.py
[2025-03-24T23:24:26.057+0000] {processor.py:830} INFO - Processing file /home/airflow/.local/lib/python3.8/site-packages/airflow/example_dags/example_xcomargs.py for tasks to queue
[2025-03-24T23:24:26.058+0000] {logging_mixin.py:188} INFO - [2025-03-24T23:24:26.058+0000] {dagbag.py:538} INFO - Filling up the DagBag from /home/airflow/.local/lib/python3.8/site-packages/airflow/example_dags/example_xcomargs.py
[2025-03-24T23:24:26.064+0000] {processor.py:840} INFO - DAG(s) 'example_xcom_args_with_operators', 'example_xcom_args' retrieved from /home/airflow/.local/lib/python3.8/site-packages/airflow/example_dags/example_xcomargs.py
[2025-03-24T23:24:26.078+0000] {logging_mixin.py:188} INFO - [2025-03-24T23:24:26.078+0000] {dag.py:3033} INFO - Sync 2 DAGs
[2025-03-24T23:24:26.089+0000] {logging_mixin.py:188} INFO - [2025-03-24T23:24:26.089+0000] {dag.py:3820} INFO - Setting next_dagrun for example_xcom_args to None, run_after=None
[2025-03-24T23:24:26.097+0000] {logging_mixin.py:188} INFO - [2025-03-24T23:24:26.097+0000] {dag.py:3820} INFO - Setting next_dagrun for example_xcom_args_with_operators to None, run_after=None
[2025-03-24T23:24:26.119+0000] {processor.py:183} INFO - Processing /home/airflow/.local/lib/python3.8/site-packages/airflow/example_dags/example_xcomargs.py took 0.064 seconds
[2025-03-24T23:24:56.262+0000] {processor.py:161} INFO - Started process (PID=111) to work on /home/airflow/.local/lib/python3.8/site-packages/airflow/example_dags/example_xcomargs.py
[2025-03-24T23:24:56.263+0000] {processor.py:830} INFO - Processing file /home/airflow/.local/lib/python3.8/site-packages/airflow/example_dags/example_xcomargs.py for tasks to queue
[2025-03-24T23:24:56.264+0000] {logging_mixin.py:188} INFO - [2025-03-24T23:24:56.263+0000] {dagbag.py:538} INFO - Filling up the DagBag from /home/airflow/.local/lib/python3.8/site-packages/airflow/example_dags/example_xcomargs.py
[2025-03-24T23:24:56.267+0000] {processor.py:840} INFO - DAG(s) 'example_xcom_args_with_operators', 'example_xcom_args' retrieved from /home/airflow/.local/lib/python3.8/site-packages/airflow/example_dags/example_xcomargs.py
[2025-03-24T23:24:56.317+0000] {logging_mixin.py:188} INFO - [2025-03-24T23:24:56.317+0000] {dag.py:3033} INFO - Sync 2 DAGs
[2025-03-24T23:24:56.322+0000] {logging_mixin.py:188} INFO - [2025-03-24T23:24:56.322+0000] {dag.py:3820} INFO - Setting next_dagrun for example_xcom_args to None, run_after=None
[2025-03-24T23:24:56.328+0000] {logging_mixin.py:188} INFO - [2025-03-24T23:24:56.328+0000] {dag.py:3820} INFO - Setting next_dagrun for example_xcom_args_with_operators to None, run_after=None
[2025-03-24T23:24:56.339+0000] {processor.py:183} INFO - Processing /home/airflow/.local/lib/python3.8/site-packages/airflow/example_dags/example_xcomargs.py took 0.078 seconds
[2025-03-24T23:25:26.358+0000] {processor.py:161} INFO - Started process (PID=166) to work on /home/airflow/.local/lib/python3.8/site-packages/airflow/example_dags/example_xcomargs.py
[2025-03-24T23:25:26.358+0000] {processor.py:830} INFO - Processing file /home/airflow/.local/lib/python3.8/site-packages/airflow/example_dags/example_xcomargs.py for tasks to queue
[2025-03-24T23:25:26.360+0000] {logging_mixin.py:188} INFO - [2025-03-24T23:25:26.359+0000] {dagbag.py:538} INFO - Filling up the DagBag from /home/airflow/.local/lib/python3.8/site-packages/airflow/example_dags/example_xcomargs.py
[2025-03-24T23:25:26.365+0000] {processor.py:840} INFO - DAG(s) 'example_xcom_args', 'example_xcom_args_with_operators' retrieved from /home/airflow/.local/lib/python3.8/site-packages/airflow/example_dags/example_xcomargs.py
[2025-03-24T23:25:26.381+0000] {logging_mixin.py:188} INFO - [2025-03-24T23:25:26.381+0000] {dag.py:3033} INFO - Sync 2 DAGs
[2025-03-24T23:25:26.386+0000] {logging_mixin.py:188} INFO - [2025-03-24T23:25:26.386+0000] {dag.py:3820} INFO - Setting next_dagrun for example_xcom_args to None, run_after=None
[2025-03-24T23:25:26.387+0000] {logging_mixin.py:188} INFO - [2025-03-24T23:25:26.387+0000] {dag.py:3820} INFO - Setting next_dagrun for example_xcom_args_with_operators to None, run_after=None
[2025-03-24T23:25:26.396+0000] {processor.py:183} INFO - Processing /home/airflow/.local/lib/python3.8/site-packages/airflow/example_dags/example_xcomargs.py took 0.040 seconds
[2025-03-24T23:25:56.953+0000] {processor.py:161} INFO - Started process (PID=221) to work on /home/airflow/.local/lib/python3.8/site-packages/airflow/example_dags/example_xcomargs.py
[2025-03-24T23:25:56.953+0000] {processor.py:830} INFO - Processing file /home/airflow/.local/lib/python3.8/site-packages/airflow/example_dags/example_xcomargs.py for tasks to queue
[2025-03-24T23:25:56.954+0000] {logging_mixin.py:188} INFO - [2025-03-24T23:25:56.954+0000] {dagbag.py:538} INFO - Filling up the DagBag from /home/airflow/.local/lib/python3.8/site-packages/airflow/example_dags/example_xcomargs.py
[2025-03-24T23:25:56.958+0000] {processor.py:840} INFO - DAG(s) 'example_xcom_args', 'example_xcom_args_with_operators' retrieved from /home/airflow/.local/lib/python3.8/site-packages/airflow/example_dags/example_xcomargs.py
[2025-03-24T23:25:56.967+0000] {logging_mixin.py:188} INFO - [2025-03-24T23:25:56.967+0000] {dag.py:3033} INFO - Sync 2 DAGs
[2025-03-24T23:25:56.972+0000] {logging_mixin.py:188} INFO - [2025-03-24T23:25:56.972+0000] {dag.py:3820} INFO - Setting next_dagrun for example_xcom_args to None, run_after=None
[2025-03-24T23:25:56.974+0000] {logging_mixin.py:188} INFO - [2025-03-24T23:25:56.974+0000] {dag.py:3820} INFO - Setting next_dagrun for example_xcom_args_with_operators to None, run_after=None
[2025-03-24T23:25:56.979+0000] {processor.py:183} INFO - Processing /home/airflow/.local/lib/python3.8/site-packages/airflow/example_dags/example_xcomargs.py took 0.028 seconds
[2025-03-24T23:26:27.706+0000] {processor.py:161} INFO - Started process (PID=276) to work on /home/airflow/.local/lib/python3.8/site-packages/airflow/example_dags/example_xcomargs.py
[2025-03-24T23:26:27.706+0000] {processor.py:830} INFO - Processing file /home/airflow/.local/lib/python3.8/site-packages/airflow/example_dags/example_xcomargs.py for tasks to queue
[2025-03-24T23:26:27.707+0000] {logging_mixin.py:188} INFO - [2025-03-24T23:26:27.707+0000] {dagbag.py:538} INFO - Filling up the DagBag from /home/airflow/.local/lib/python3.8/site-packages/airflow/example_dags/example_xcomargs.py
[2025-03-24T23:26:27.710+0000] {processor.py:840} INFO - DAG(s) 'example_xcom_args_with_operators', 'example_xcom_args' retrieved from /home/airflow/.local/lib/python3.8/site-packages/airflow/example_dags/example_xcomargs.py
[2025-03-24T23:26:27.722+0000] {logging_mixin.py:188} INFO - [2025-03-24T23:26:27.722+0000] {dag.py:3033} INFO - Sync 2 DAGs
[2025-03-24T23:26:27.727+0000] {logging_mixin.py:188} INFO - [2025-03-24T23:26:27.727+0000] {dag.py:3820} INFO - Setting next_dagrun for example_xcom_args to None, run_after=None
[2025-03-24T23:26:27.728+0000] {logging_mixin.py:188} INFO - [2025-03-24T23:26:27.728+0000] {dag.py:3820} INFO - Setting next_dagrun for example_xcom_args_with_operators to None, run_after=None
[2025-03-24T23:26:27.735+0000] {processor.py:183} INFO - Processing /home/airflow/.local/lib/python3.8/site-packages/airflow/example_dags/example_xcomargs.py took 0.030 seconds
[2025-03-24T23:26:58.253+0000] {processor.py:161} INFO - Started process (PID=331) to work on /home/airflow/.local/lib/python3.8/site-packages/airflow/example_dags/example_xcomargs.py
[2025-03-24T23:26:58.254+0000] {processor.py:830} INFO - Processing file /home/airflow/.local/lib/python3.8/site-packages/airflow/example_dags/example_xcomargs.py for tasks to queue
[2025-03-24T23:26:58.254+0000] {logging_mixin.py:188} INFO - [2025-03-24T23:26:58.254+0000] {dagbag.py:538} INFO - Filling up the DagBag from /home/airflow/.local/lib/python3.8/site-packages/airflow/example_dags/example_xcomargs.py
[2025-03-24T23:26:58.257+0000] {processor.py:840} INFO - DAG(s) 'example_xcom_args', 'example_xcom_args_with_operators' retrieved from /home/airflow/.local/lib/python3.8/site-packages/airflow/example_dags/example_xcomargs.py
[2025-03-24T23:26:58.266+0000] {logging_mixin.py:188} INFO - [2025-03-24T23:26:58.266+0000] {dag.py:3033} INFO - Sync 2 DAGs
[2025-03-24T23:26:58.271+0000] {logging_mixin.py:188} INFO - [2025-03-24T23:26:58.271+0000] {dag.py:3820} INFO - Setting next_dagrun for example_xcom_args to None, run_after=None
[2025-03-24T23:26:58.272+0000] {logging_mixin.py:188} INFO - [2025-03-24T23:26:58.272+0000] {dag.py:3820} INFO - Setting next_dagrun for example_xcom_args_with_operators to None, run_after=None
[2025-03-24T23:26:58.278+0000] {processor.py:183} INFO - Processing /home/airflow/.local/lib/python3.8/site-packages/airflow/example_dags/example_xcomargs.py took 0.026 seconds
[2025-03-24T23:27:28.939+0000] {processor.py:161} INFO - Started process (PID=392) to work on /home/airflow/.local/lib/python3.8/site-packages/airflow/example_dags/example_xcomargs.py
[2025-03-24T23:27:28.939+0000] {processor.py:830} INFO - Processing file /home/airflow/.local/lib/python3.8/site-packages/airflow/example_dags/example_xcomargs.py for tasks to queue
[2025-03-24T23:27:28.940+0000] {logging_mixin.py:188} INFO - [2025-03-24T23:27:28.940+0000] {dagbag.py:538} INFO - Filling up the DagBag from /home/airflow/.local/lib/python3.8/site-packages/airflow/example_dags/example_xcomargs.py
[2025-03-24T23:27:28.943+0000] {processor.py:840} INFO - DAG(s) 'example_xcom_args', 'example_xcom_args_with_operators' retrieved from /home/airflow/.local/lib/python3.8/site-packages/airflow/example_dags/example_xcomargs.py
[2025-03-24T23:27:28.953+0000] {logging_mixin.py:188} INFO - [2025-03-24T23:27:28.953+0000] {dag.py:3033} INFO - Sync 2 DAGs
[2025-03-24T23:27:28.958+0000] {logging_mixin.py:188} INFO - [2025-03-24T23:27:28.958+0000] {dag.py:3820} INFO - Setting next_dagrun for example_xcom_args to None, run_after=None
[2025-03-24T23:27:28.959+0000] {logging_mixin.py:188} INFO - [2025-03-24T23:27:28.959+0000] {dag.py:3820} INFO - Setting next_dagrun for example_xcom_args_with_operators to None, run_after=None
[2025-03-24T23:27:28.966+0000] {processor.py:183} INFO - Processing /home/airflow/.local/lib/python3.8/site-packages/airflow/example_dags/example_xcomargs.py took 0.029 seconds
[2025-03-24T23:27:59.599+0000] {processor.py:161} INFO - Started process (PID=447) to work on /home/airflow/.local/lib/python3.8/site-packages/airflow/example_dags/example_xcomargs.py
[2025-03-24T23:27:59.600+0000] {processor.py:830} INFO - Processing file /home/airflow/.local/lib/python3.8/site-packages/airflow/example_dags/example_xcomargs.py for tasks to queue
[2025-03-24T23:27:59.601+0000] {logging_mixin.py:188} INFO - [2025-03-24T23:27:59.600+0000] {dagbag.py:538} INFO - Filling up the DagBag from /home/airflow/.local/lib/python3.8/site-packages/airflow/example_dags/example_xcomargs.py
[2025-03-24T23:27:59.604+0000] {processor.py:840} INFO - DAG(s) 'example_xcom_args_with_operators', 'example_xcom_args' retrieved from /home/airflow/.local/lib/python3.8/site-packages/airflow/example_dags/example_xcomargs.py
[2025-03-24T23:27:59.612+0000] {logging_mixin.py:188} INFO - [2025-03-24T23:27:59.612+0000] {dag.py:3033} INFO - Sync 2 DAGs
[2025-03-24T23:27:59.617+0000] {logging_mixin.py:188} INFO - [2025-03-24T23:27:59.617+0000] {dag.py:3820} INFO - Setting next_dagrun for example_xcom_args to None, run_after=None
[2025-03-24T23:27:59.618+0000] {logging_mixin.py:188} INFO - [2025-03-24T23:27:59.618+0000] {dag.py:3820} INFO - Setting next_dagrun for example_xcom_args_with_operators to None, run_after=None
[2025-03-24T23:27:59.625+0000] {processor.py:183} INFO - Processing /home/airflow/.local/lib/python3.8/site-packages/airflow/example_dags/example_xcomargs.py took 0.027 seconds
[2025-03-24T23:28:30.311+0000] {processor.py:161} INFO - Started process (PID=502) to work on /home/airflow/.local/lib/python3.8/site-packages/airflow/example_dags/example_xcomargs.py
[2025-03-24T23:28:30.314+0000] {processor.py:830} INFO - Processing file /home/airflow/.local/lib/python3.8/site-packages/airflow/example_dags/example_xcomargs.py for tasks to queue
[2025-03-24T23:28:30.316+0000] {logging_mixin.py:188} INFO - [2025-03-24T23:28:30.316+0000] {dagbag.py:538} INFO - Filling up the DagBag from /home/airflow/.local/lib/python3.8/site-packages/airflow/example_dags/example_xcomargs.py
[2025-03-24T23:28:30.320+0000] {processor.py:840} INFO - DAG(s) 'example_xcom_args_with_operators', 'example_xcom_args' retrieved from /home/airflow/.local/lib/python3.8/site-packages/airflow/example_dags/example_xcomargs.py
[2025-03-24T23:28:30.330+0000] {logging_mixin.py:188} INFO - [2025-03-24T23:28:30.330+0000] {dag.py:3033} INFO - Sync 2 DAGs
[2025-03-24T23:28:30.336+0000] {logging_mixin.py:188} INFO - [2025-03-24T23:28:30.336+0000] {dag.py:3820} INFO - Setting next_dagrun for example_xcom_args to None, run_after=None
[2025-03-24T23:28:30.338+0000] {logging_mixin.py:188} INFO - [2025-03-24T23:28:30.337+0000] {dag.py:3820} INFO - Setting next_dagrun for example_xcom_args_with_operators to None, run_after=None
[2025-03-24T23:28:30.347+0000] {processor.py:183} INFO - Processing /home/airflow/.local/lib/python3.8/site-packages/airflow/example_dags/example_xcomargs.py took 0.038 seconds
[2025-03-24T23:29:01.095+0000] {processor.py:161} INFO - Started process (PID=557) to work on /home/airflow/.local/lib/python3.8/site-packages/airflow/example_dags/example_xcomargs.py
[2025-03-24T23:29:01.095+0000] {processor.py:830} INFO - Processing file /home/airflow/.local/lib/python3.8/site-packages/airflow/example_dags/example_xcomargs.py for tasks to queue
[2025-03-24T23:29:01.096+0000] {logging_mixin.py:188} INFO - [2025-03-24T23:29:01.096+0000] {dagbag.py:538} INFO - Filling up the DagBag from /home/airflow/.local/lib/python3.8/site-packages/airflow/example_dags/example_xcomargs.py
[2025-03-24T23:29:01.100+0000] {processor.py:840} INFO - DAG(s) 'example_xcom_args_with_operators', 'example_xcom_args' retrieved from /home/airflow/.local/lib/python3.8/site-packages/airflow/example_dags/example_xcomargs.py
[2025-03-24T23:29:01.109+0000] {logging_mixin.py:188} INFO - [2025-03-24T23:29:01.109+0000] {dag.py:3033} INFO - Sync 2 DAGs
[2025-03-24T23:29:01.114+0000] {logging_mixin.py:188} INFO - [2025-03-24T23:29:01.114+0000] {dag.py:3820} INFO - Setting next_dagrun for example_xcom_args to None, run_after=None
[2025-03-24T23:29:01.115+0000] {logging_mixin.py:188} INFO - [2025-03-24T23:29:01.115+0000] {dag.py:3820} INFO - Setting next_dagrun for example_xcom_args_with_operators to None, run_after=None
[2025-03-24T23:29:01.121+0000] {processor.py:183} INFO - Processing /home/airflow/.local/lib/python3.8/site-packages/airflow/example_dags/example_xcomargs.py took 0.028 seconds
[2025-03-24T23:29:31.767+0000] {processor.py:161} INFO - Started process (PID=612) to work on /home/airflow/.local/lib/python3.8/site-packages/airflow/example_dags/example_xcomargs.py
[2025-03-24T23:29:31.768+0000] {processor.py:830} INFO - Processing file /home/airflow/.local/lib/python3.8/site-packages/airflow/example_dags/example_xcomargs.py for tasks to queue
[2025-03-24T23:29:31.770+0000] {logging_mixin.py:188} INFO - [2025-03-24T23:29:31.769+0000] {dagbag.py:538} INFO - Filling up the DagBag from /home/airflow/.local/lib/python3.8/site-packages/airflow/example_dags/example_xcomargs.py
[2025-03-24T23:29:31.778+0000] {processor.py:840} INFO - DAG(s) 'example_xcom_args_with_operators', 'example_xcom_args' retrieved from /home/airflow/.local/lib/python3.8/site-packages/airflow/example_dags/example_xcomargs.py
[2025-03-24T23:29:31.789+0000] {logging_mixin.py:188} INFO - [2025-03-24T23:29:31.789+0000] {dag.py:3033} INFO - Sync 2 DAGs
[2025-03-24T23:29:31.794+0000] {logging_mixin.py:188} INFO - [2025-03-24T23:29:31.794+0000] {dag.py:3820} INFO - Setting next_dagrun for example_xcom_args to None, run_after=None
[2025-03-24T23:29:31.796+0000] {logging_mixin.py:188} INFO - [2025-03-24T23:29:31.796+0000] {dag.py:3820} INFO - Setting next_dagrun for example_xcom_args_with_operators to None, run_after=None
[2025-03-24T23:29:31.802+0000] {processor.py:183} INFO - Processing /home/airflow/.local/lib/python3.8/site-packages/airflow/example_dags/example_xcomargs.py took 0.038 seconds
[2025-03-24T23:30:02.495+0000] {processor.py:161} INFO - Started process (PID=667) to work on /home/airflow/.local/lib/python3.8/site-packages/airflow/example_dags/example_xcomargs.py
[2025-03-24T23:30:02.496+0000] {processor.py:830} INFO - Processing file /home/airflow/.local/lib/python3.8/site-packages/airflow/example_dags/example_xcomargs.py for tasks to queue
[2025-03-24T23:30:02.497+0000] {logging_mixin.py:188} INFO - [2025-03-24T23:30:02.497+0000] {dagbag.py:538} INFO - Filling up the DagBag from /home/airflow/.local/lib/python3.8/site-packages/airflow/example_dags/example_xcomargs.py
[2025-03-24T23:30:02.501+0000] {processor.py:840} INFO - DAG(s) 'example_xcom_args_with_operators', 'example_xcom_args' retrieved from /home/airflow/.local/lib/python3.8/site-packages/airflow/example_dags/example_xcomargs.py
[2025-03-24T23:30:02.514+0000] {logging_mixin.py:188} INFO - [2025-03-24T23:30:02.513+0000] {dag.py:3033} INFO - Sync 2 DAGs
[2025-03-24T23:30:02.519+0000] {logging_mixin.py:188} INFO - [2025-03-24T23:30:02.519+0000] {dag.py:3820} INFO - Setting next_dagrun for example_xcom_args to None, run_after=None
[2025-03-24T23:30:02.521+0000] {logging_mixin.py:188} INFO - [2025-03-24T23:30:02.521+0000] {dag.py:3820} INFO - Setting next_dagrun for example_xcom_args_with_operators to None, run_after=None
[2025-03-24T23:30:02.528+0000] {processor.py:183} INFO - Processing /home/airflow/.local/lib/python3.8/site-packages/airflow/example_dags/example_xcomargs.py took 0.035 seconds
[2025-03-24T23:30:33.036+0000] {processor.py:161} INFO - Started process (PID=722) to work on /home/airflow/.local/lib/python3.8/site-packages/airflow/example_dags/example_xcomargs.py
[2025-03-24T23:30:33.038+0000] {processor.py:830} INFO - Processing file /home/airflow/.local/lib/python3.8/site-packages/airflow/example_dags/example_xcomargs.py for tasks to queue
[2025-03-24T23:30:33.039+0000] {logging_mixin.py:188} INFO - [2025-03-24T23:30:33.039+0000] {dagbag.py:538} INFO - Filling up the DagBag from /home/airflow/.local/lib/python3.8/site-packages/airflow/example_dags/example_xcomargs.py
[2025-03-24T23:30:33.043+0000] {processor.py:840} INFO - DAG(s) 'example_xcom_args', 'example_xcom_args_with_operators' retrieved from /home/airflow/.local/lib/python3.8/site-packages/airflow/example_dags/example_xcomargs.py
[2025-03-24T23:30:33.053+0000] {logging_mixin.py:188} INFO - [2025-03-24T23:30:33.053+0000] {dag.py:3033} INFO - Sync 2 DAGs
[2025-03-24T23:30:33.058+0000] {logging_mixin.py:188} INFO - [2025-03-24T23:30:33.058+0000] {dag.py:3820} INFO - Setting next_dagrun for example_xcom_args to None, run_after=None
[2025-03-24T23:30:33.059+0000] {logging_mixin.py:188} INFO - [2025-03-24T23:30:33.059+0000] {dag.py:3820} INFO - Setting next_dagrun for example_xcom_args_with_operators to None, run_after=None
[2025-03-24T23:30:33.064+0000] {processor.py:183} INFO - Processing /home/airflow/.local/lib/python3.8/site-packages/airflow/example_dags/example_xcomargs.py took 0.030 seconds
[2025-03-24T23:31:03.963+0000] {processor.py:161} INFO - Started process (PID=777) to work on /home/airflow/.local/lib/python3.8/site-packages/airflow/example_dags/example_xcomargs.py
[2025-03-24T23:31:03.963+0000] {processor.py:830} INFO - Processing file /home/airflow/.local/lib/python3.8/site-packages/airflow/example_dags/example_xcomargs.py for tasks to queue
[2025-03-24T23:31:03.965+0000] {logging_mixin.py:188} INFO - [2025-03-24T23:31:03.965+0000] {dagbag.py:538} INFO - Filling up the DagBag from /home/airflow/.local/lib/python3.8/site-packages/airflow/example_dags/example_xcomargs.py
[2025-03-24T23:31:03.969+0000] {processor.py:840} INFO - DAG(s) 'example_xcom_args_with_operators', 'example_xcom_args' retrieved from /home/airflow/.local/lib/python3.8/site-packages/airflow/example_dags/example_xcomargs.py
[2025-03-24T23:31:03.983+0000] {logging_mixin.py:188} INFO - [2025-03-24T23:31:03.983+0000] {dag.py:3033} INFO - Sync 2 DAGs
[2025-03-24T23:31:03.990+0000] {logging_mixin.py:188} INFO - [2025-03-24T23:31:03.990+0000] {dag.py:3820} INFO - Setting next_dagrun for example_xcom_args to None, run_after=None
[2025-03-24T23:31:03.992+0000] {logging_mixin.py:188} INFO - [2025-03-24T23:31:03.992+0000] {dag.py:3820} INFO - Setting next_dagrun for example_xcom_args_with_operators to None, run_after=None
[2025-03-24T23:31:03.998+0000] {processor.py:183} INFO - Processing /home/airflow/.local/lib/python3.8/site-packages/airflow/example_dags/example_xcomargs.py took 0.038 seconds
[2025-03-24T23:31:34.735+0000] {processor.py:161} INFO - Started process (PID=832) to work on /home/airflow/.local/lib/python3.8/site-packages/airflow/example_dags/example_xcomargs.py
[2025-03-24T23:31:34.736+0000] {processor.py:830} INFO - Processing file /home/airflow/.local/lib/python3.8/site-packages/airflow/example_dags/example_xcomargs.py for tasks to queue
[2025-03-24T23:31:34.737+0000] {logging_mixin.py:188} INFO - [2025-03-24T23:31:34.737+0000] {dagbag.py:538} INFO - Filling up the DagBag from /home/airflow/.local/lib/python3.8/site-packages/airflow/example_dags/example_xcomargs.py
[2025-03-24T23:31:34.740+0000] {processor.py:840} INFO - DAG(s) 'example_xcom_args', 'example_xcom_args_with_operators' retrieved from /home/airflow/.local/lib/python3.8/site-packages/airflow/example_dags/example_xcomargs.py
[2025-03-24T23:31:34.751+0000] {logging_mixin.py:188} INFO - [2025-03-24T23:31:34.751+0000] {dag.py:3033} INFO - Sync 2 DAGs
[2025-03-24T23:31:34.756+0000] {logging_mixin.py:188} INFO - [2025-03-24T23:31:34.756+0000] {dag.py:3820} INFO - Setting next_dagrun for example_xcom_args to None, run_after=None
[2025-03-24T23:31:34.758+0000] {logging_mixin.py:188} INFO - [2025-03-24T23:31:34.758+0000] {dag.py:3820} INFO - Setting next_dagrun for example_xcom_args_with_operators to None, run_after=None
[2025-03-24T23:31:34.763+0000] {processor.py:183} INFO - Processing /home/airflow/.local/lib/python3.8/site-packages/airflow/example_dags/example_xcomargs.py took 0.030 seconds
[2025-03-24T23:32:05.388+0000] {processor.py:161} INFO - Started process (PID=887) to work on /home/airflow/.local/lib/python3.8/site-packages/airflow/example_dags/example_xcomargs.py
[2025-03-24T23:32:05.390+0000] {processor.py:830} INFO - Processing file /home/airflow/.local/lib/python3.8/site-packages/airflow/example_dags/example_xcomargs.py for tasks to queue
[2025-03-24T23:32:05.391+0000] {logging_mixin.py:188} INFO - [2025-03-24T23:32:05.391+0000] {dagbag.py:538} INFO - Filling up the DagBag from /home/airflow/.local/lib/python3.8/site-packages/airflow/example_dags/example_xcomargs.py
[2025-03-24T23:32:05.396+0000] {processor.py:840} INFO - DAG(s) 'example_xcom_args_with_operators', 'example_xcom_args' retrieved from /home/airflow/.local/lib/python3.8/site-packages/airflow/example_dags/example_xcomargs.py
[2025-03-24T23:32:05.408+0000] {logging_mixin.py:188} INFO - [2025-03-24T23:32:05.408+0000] {dag.py:3033} INFO - Sync 2 DAGs
[2025-03-24T23:32:05.413+0000] {logging_mixin.py:188} INFO - [2025-03-24T23:32:05.413+0000] {dag.py:3820} INFO - Setting next_dagrun for example_xcom_args to None, run_after=None
[2025-03-24T23:32:05.414+0000] {logging_mixin.py:188} INFO - [2025-03-24T23:32:05.414+0000] {dag.py:3820} INFO - Setting next_dagrun for example_xcom_args_with_operators to None, run_after=None
[2025-03-24T23:32:05.420+0000] {processor.py:183} INFO - Processing /home/airflow/.local/lib/python3.8/site-packages/airflow/example_dags/example_xcomargs.py took 0.035 seconds
[2025-03-24T23:32:35.433+0000] {processor.py:161} INFO - Started process (PID=942) to work on /home/airflow/.local/lib/python3.8/site-packages/airflow/example_dags/example_xcomargs.py
[2025-03-24T23:32:35.434+0000] {processor.py:830} INFO - Processing file /home/airflow/.local/lib/python3.8/site-packages/airflow/example_dags/example_xcomargs.py for tasks to queue
[2025-03-24T23:32:35.435+0000] {logging_mixin.py:188} INFO - [2025-03-24T23:32:35.435+0000] {dagbag.py:538} INFO - Filling up the DagBag from /home/airflow/.local/lib/python3.8/site-packages/airflow/example_dags/example_xcomargs.py
[2025-03-24T23:32:35.439+0000] {processor.py:840} INFO - DAG(s) 'example_xcom_args', 'example_xcom_args_with_operators' retrieved from /home/airflow/.local/lib/python3.8/site-packages/airflow/example_dags/example_xcomargs.py
[2025-03-24T23:32:35.451+0000] {logging_mixin.py:188} INFO - [2025-03-24T23:32:35.451+0000] {dag.py:3033} INFO - Sync 2 DAGs
[2025-03-24T23:32:35.457+0000] {logging_mixin.py:188} INFO - [2025-03-24T23:32:35.456+0000] {dag.py:3820} INFO - Setting next_dagrun for example_xcom_args to None, run_after=None
[2025-03-24T23:32:35.458+0000] {logging_mixin.py:188} INFO - [2025-03-24T23:32:35.458+0000] {dag.py:3820} INFO - Setting next_dagrun for example_xcom_args_with_operators to None, run_after=None
[2025-03-24T23:32:35.465+0000] {processor.py:183} INFO - Processing /home/airflow/.local/lib/python3.8/site-packages/airflow/example_dags/example_xcomargs.py took 0.034 seconds
[2025-03-24T23:33:05.976+0000] {processor.py:161} INFO - Started process (PID=997) to work on /home/airflow/.local/lib/python3.8/site-packages/airflow/example_dags/example_xcomargs.py
[2025-03-24T23:33:05.976+0000] {processor.py:830} INFO - Processing file /home/airflow/.local/lib/python3.8/site-packages/airflow/example_dags/example_xcomargs.py for tasks to queue
[2025-03-24T23:33:05.977+0000] {logging_mixin.py:188} INFO - [2025-03-24T23:33:05.977+0000] {dagbag.py:538} INFO - Filling up the DagBag from /home/airflow/.local/lib/python3.8/site-packages/airflow/example_dags/example_xcomargs.py
[2025-03-24T23:33:05.980+0000] {processor.py:840} INFO - DAG(s) 'example_xcom_args_with_operators', 'example_xcom_args' retrieved from /home/airflow/.local/lib/python3.8/site-packages/airflow/example_dags/example_xcomargs.py
[2025-03-24T23:33:05.989+0000] {logging_mixin.py:188} INFO - [2025-03-24T23:33:05.989+0000] {dag.py:3033} INFO - Sync 2 DAGs
[2025-03-24T23:33:05.994+0000] {logging_mixin.py:188} INFO - [2025-03-24T23:33:05.994+0000] {dag.py:3820} INFO - Setting next_dagrun for example_xcom_args to None, run_after=None
[2025-03-24T23:33:05.995+0000] {logging_mixin.py:188} INFO - [2025-03-24T23:33:05.995+0000] {dag.py:3820} INFO - Setting next_dagrun for example_xcom_args_with_operators to None, run_after=None
[2025-03-24T23:33:06.001+0000] {processor.py:183} INFO - Processing /home/airflow/.local/lib/python3.8/site-packages/airflow/example_dags/example_xcomargs.py took 0.026 seconds
[2025-03-24T23:33:36.581+0000] {processor.py:161} INFO - Started process (PID=1052) to work on /home/airflow/.local/lib/python3.8/site-packages/airflow/example_dags/example_xcomargs.py
[2025-03-24T23:33:36.582+0000] {processor.py:830} INFO - Processing file /home/airflow/.local/lib/python3.8/site-packages/airflow/example_dags/example_xcomargs.py for tasks to queue
[2025-03-24T23:33:36.583+0000] {logging_mixin.py:188} INFO - [2025-03-24T23:33:36.582+0000] {dagbag.py:538} INFO - Filling up the DagBag from /home/airflow/.local/lib/python3.8/site-packages/airflow/example_dags/example_xcomargs.py
[2025-03-24T23:33:36.586+0000] {processor.py:840} INFO - DAG(s) 'example_xcom_args', 'example_xcom_args_with_operators' retrieved from /home/airflow/.local/lib/python3.8/site-packages/airflow/example_dags/example_xcomargs.py
[2025-03-24T23:33:36.598+0000] {logging_mixin.py:188} INFO - [2025-03-24T23:33:36.598+0000] {dag.py:3033} INFO - Sync 2 DAGs
[2025-03-24T23:33:36.604+0000] {logging_mixin.py:188} INFO - [2025-03-24T23:33:36.604+0000] {dag.py:3820} INFO - Setting next_dagrun for example_xcom_args to None, run_after=None
[2025-03-24T23:33:36.605+0000] {logging_mixin.py:188} INFO - [2025-03-24T23:33:36.605+0000] {dag.py:3820} INFO - Setting next_dagrun for example_xcom_args_with_operators to None, run_after=None
[2025-03-24T23:33:36.611+0000] {processor.py:183} INFO - Processing /home/airflow/.local/lib/python3.8/site-packages/airflow/example_dags/example_xcomargs.py took 0.032 seconds
[2025-03-24T23:34:07.195+0000] {processor.py:161} INFO - Started process (PID=1107) to work on /home/airflow/.local/lib/python3.8/site-packages/airflow/example_dags/example_xcomargs.py
[2025-03-24T23:34:07.195+0000] {processor.py:830} INFO - Processing file /home/airflow/.local/lib/python3.8/site-packages/airflow/example_dags/example_xcomargs.py for tasks to queue
[2025-03-24T23:34:07.196+0000] {logging_mixin.py:188} INFO - [2025-03-24T23:34:07.196+0000] {dagbag.py:538} INFO - Filling up the DagBag from /home/airflow/.local/lib/python3.8/site-packages/airflow/example_dags/example_xcomargs.py
[2025-03-24T23:34:07.200+0000] {processor.py:840} INFO - DAG(s) 'example_xcom_args_with_operators', 'example_xcom_args' retrieved from /home/airflow/.local/lib/python3.8/site-packages/airflow/example_dags/example_xcomargs.py
[2025-03-24T23:34:07.211+0000] {logging_mixin.py:188} INFO - [2025-03-24T23:34:07.210+0000] {dag.py:3033} INFO - Sync 2 DAGs
[2025-03-24T23:34:07.216+0000] {logging_mixin.py:188} INFO - [2025-03-24T23:34:07.216+0000] {dag.py:3820} INFO - Setting next_dagrun for example_xcom_args to None, run_after=None
[2025-03-24T23:34:07.218+0000] {logging_mixin.py:188} INFO - [2025-03-24T23:34:07.217+0000] {dag.py:3820} INFO - Setting next_dagrun for example_xcom_args_with_operators to None, run_after=None
[2025-03-24T23:34:07.224+0000] {processor.py:183} INFO - Processing /home/airflow/.local/lib/python3.8/site-packages/airflow/example_dags/example_xcomargs.py took 0.031 seconds
[2025-03-24T23:34:37.757+0000] {processor.py:161} INFO - Started process (PID=1162) to work on /home/airflow/.local/lib/python3.8/site-packages/airflow/example_dags/example_xcomargs.py
[2025-03-24T23:34:37.758+0000] {processor.py:830} INFO - Processing file /home/airflow/.local/lib/python3.8/site-packages/airflow/example_dags/example_xcomargs.py for tasks to queue
[2025-03-24T23:34:37.759+0000] {logging_mixin.py:188} INFO - [2025-03-24T23:34:37.759+0000] {dagbag.py:538} INFO - Filling up the DagBag from /home/airflow/.local/lib/python3.8/site-packages/airflow/example_dags/example_xcomargs.py
[2025-03-24T23:34:37.763+0000] {processor.py:840} INFO - DAG(s) 'example_xcom_args', 'example_xcom_args_with_operators' retrieved from /home/airflow/.local/lib/python3.8/site-packages/airflow/example_dags/example_xcomargs.py
[2025-03-24T23:34:37.775+0000] {logging_mixin.py:188} INFO - [2025-03-24T23:34:37.775+0000] {dag.py:3033} INFO - Sync 2 DAGs
[2025-03-24T23:34:37.781+0000] {logging_mixin.py:188} INFO - [2025-03-24T23:34:37.781+0000] {dag.py:3820} INFO - Setting next_dagrun for example_xcom_args to None, run_after=None
[2025-03-24T23:34:37.783+0000] {logging_mixin.py:188} INFO - [2025-03-24T23:34:37.783+0000] {dag.py:3820} INFO - Setting next_dagrun for example_xcom_args_with_operators to None, run_after=None
[2025-03-24T23:34:37.790+0000] {processor.py:183} INFO - Processing /home/airflow/.local/lib/python3.8/site-packages/airflow/example_dags/example_xcomargs.py took 0.034 seconds
[2025-03-24T23:35:07.962+0000] {processor.py:161} INFO - Started process (PID=1217) to work on /home/airflow/.local/lib/python3.8/site-packages/airflow/example_dags/example_xcomargs.py
[2025-03-24T23:35:07.963+0000] {processor.py:830} INFO - Processing file /home/airflow/.local/lib/python3.8/site-packages/airflow/example_dags/example_xcomargs.py for tasks to queue
[2025-03-24T23:35:07.964+0000] {logging_mixin.py:188} INFO - [2025-03-24T23:35:07.964+0000] {dagbag.py:538} INFO - Filling up the DagBag from /home/airflow/.local/lib/python3.8/site-packages/airflow/example_dags/example_xcomargs.py
[2025-03-24T23:35:07.968+0000] {processor.py:840} INFO - DAG(s) 'example_xcom_args_with_operators', 'example_xcom_args' retrieved from /home/airflow/.local/lib/python3.8/site-packages/airflow/example_dags/example_xcomargs.py
[2025-03-24T23:35:07.977+0000] {logging_mixin.py:188} INFO - [2025-03-24T23:35:07.977+0000] {dag.py:3033} INFO - Sync 2 DAGs
[2025-03-24T23:35:07.982+0000] {logging_mixin.py:188} INFO - [2025-03-24T23:35:07.982+0000] {dag.py:3820} INFO - Setting next_dagrun for example_xcom_args to None, run_after=None
[2025-03-24T23:35:07.983+0000] {logging_mixin.py:188} INFO - [2025-03-24T23:35:07.983+0000] {dag.py:3820} INFO - Setting next_dagrun for example_xcom_args_with_operators to None, run_after=None
[2025-03-24T23:35:07.989+0000] {processor.py:183} INFO - Processing /home/airflow/.local/lib/python3.8/site-packages/airflow/example_dags/example_xcomargs.py took 0.028 seconds
[2025-03-24T23:35:38.789+0000] {processor.py:161} INFO - Started process (PID=1272) to work on /home/airflow/.local/lib/python3.8/site-packages/airflow/example_dags/example_xcomargs.py
[2025-03-24T23:35:38.792+0000] {processor.py:830} INFO - Processing file /home/airflow/.local/lib/python3.8/site-packages/airflow/example_dags/example_xcomargs.py for tasks to queue
[2025-03-24T23:35:38.794+0000] {logging_mixin.py:188} INFO - [2025-03-24T23:35:38.794+0000] {dagbag.py:538} INFO - Filling up the DagBag from /home/airflow/.local/lib/python3.8/site-packages/airflow/example_dags/example_xcomargs.py
[2025-03-24T23:35:38.798+0000] {processor.py:840} INFO - DAG(s) 'example_xcom_args', 'example_xcom_args_with_operators' retrieved from /home/airflow/.local/lib/python3.8/site-packages/airflow/example_dags/example_xcomargs.py
[2025-03-24T23:35:38.808+0000] {logging_mixin.py:188} INFO - [2025-03-24T23:35:38.808+0000] {dag.py:3033} INFO - Sync 2 DAGs
[2025-03-24T23:35:38.813+0000] {logging_mixin.py:188} INFO - [2025-03-24T23:35:38.813+0000] {dag.py:3820} INFO - Setting next_dagrun for example_xcom_args to None, run_after=None
[2025-03-24T23:35:38.815+0000] {logging_mixin.py:188} INFO - [2025-03-24T23:35:38.815+0000] {dag.py:3820} INFO - Setting next_dagrun for example_xcom_args_with_operators to None, run_after=None
[2025-03-24T23:35:38.823+0000] {processor.py:183} INFO - Processing /home/airflow/.local/lib/python3.8/site-packages/airflow/example_dags/example_xcomargs.py took 0.036 seconds
[2025-03-24T23:36:09.509+0000] {processor.py:161} INFO - Started process (PID=1327) to work on /home/airflow/.local/lib/python3.8/site-packages/airflow/example_dags/example_xcomargs.py
[2025-03-24T23:36:09.513+0000] {processor.py:830} INFO - Processing file /home/airflow/.local/lib/python3.8/site-packages/airflow/example_dags/example_xcomargs.py for tasks to queue
[2025-03-24T23:36:09.515+0000] {logging_mixin.py:188} INFO - [2025-03-24T23:36:09.515+0000] {dagbag.py:538} INFO - Filling up the DagBag from /home/airflow/.local/lib/python3.8/site-packages/airflow/example_dags/example_xcomargs.py
[2025-03-24T23:36:09.519+0000] {processor.py:840} INFO - DAG(s) 'example_xcom_args', 'example_xcom_args_with_operators' retrieved from /home/airflow/.local/lib/python3.8/site-packages/airflow/example_dags/example_xcomargs.py
[2025-03-24T23:36:09.530+0000] {logging_mixin.py:188} INFO - [2025-03-24T23:36:09.530+0000] {dag.py:3033} INFO - Sync 2 DAGs
[2025-03-24T23:36:09.536+0000] {logging_mixin.py:188} INFO - [2025-03-24T23:36:09.536+0000] {dag.py:3820} INFO - Setting next_dagrun for example_xcom_args to None, run_after=None
[2025-03-24T23:36:09.537+0000] {logging_mixin.py:188} INFO - [2025-03-24T23:36:09.537+0000] {dag.py:3820} INFO - Setting next_dagrun for example_xcom_args_with_operators to None, run_after=None
[2025-03-24T23:36:09.545+0000] {processor.py:183} INFO - Processing /home/airflow/.local/lib/python3.8/site-packages/airflow/example_dags/example_xcomargs.py took 0.037 seconds
[2025-03-24T23:36:40.235+0000] {processor.py:161} INFO - Started process (PID=1382) to work on /home/airflow/.local/lib/python3.8/site-packages/airflow/example_dags/example_xcomargs.py
[2025-03-24T23:36:40.236+0000] {processor.py:830} INFO - Processing file /home/airflow/.local/lib/python3.8/site-packages/airflow/example_dags/example_xcomargs.py for tasks to queue
[2025-03-24T23:36:40.237+0000] {logging_mixin.py:188} INFO - [2025-03-24T23:36:40.236+0000] {dagbag.py:538} INFO - Filling up the DagBag from /home/airflow/.local/lib/python3.8/site-packages/airflow/example_dags/example_xcomargs.py
[2025-03-24T23:36:40.240+0000] {processor.py:840} INFO - DAG(s) 'example_xcom_args_with_operators', 'example_xcom_args' retrieved from /home/airflow/.local/lib/python3.8/site-packages/airflow/example_dags/example_xcomargs.py
[2025-03-24T23:36:40.251+0000] {logging_mixin.py:188} INFO - [2025-03-24T23:36:40.251+0000] {dag.py:3033} INFO - Sync 2 DAGs
[2025-03-24T23:36:40.257+0000] {logging_mixin.py:188} INFO - [2025-03-24T23:36:40.256+0000] {dag.py:3820} INFO - Setting next_dagrun for example_xcom_args to None, run_after=None
[2025-03-24T23:36:40.258+0000] {logging_mixin.py:188} INFO - [2025-03-24T23:36:40.258+0000] {dag.py:3820} INFO - Setting next_dagrun for example_xcom_args_with_operators to None, run_after=None
[2025-03-24T23:36:40.265+0000] {processor.py:183} INFO - Processing /home/airflow/.local/lib/python3.8/site-packages/airflow/example_dags/example_xcomargs.py took 0.032 seconds
[2025-03-24T23:37:11.045+0000] {processor.py:161} INFO - Started process (PID=1437) to work on /home/airflow/.local/lib/python3.8/site-packages/airflow/example_dags/example_xcomargs.py
[2025-03-24T23:37:11.050+0000] {processor.py:830} INFO - Processing file /home/airflow/.local/lib/python3.8/site-packages/airflow/example_dags/example_xcomargs.py for tasks to queue
[2025-03-24T23:37:11.051+0000] {logging_mixin.py:188} INFO - [2025-03-24T23:37:11.051+0000] {dagbag.py:538} INFO - Filling up the DagBag from /home/airflow/.local/lib/python3.8/site-packages/airflow/example_dags/example_xcomargs.py
[2025-03-24T23:37:11.056+0000] {processor.py:840} INFO - DAG(s) 'example_xcom_args_with_operators', 'example_xcom_args' retrieved from /home/airflow/.local/lib/python3.8/site-packages/airflow/example_dags/example_xcomargs.py
[2025-03-24T23:37:11.071+0000] {logging_mixin.py:188} INFO - [2025-03-24T23:37:11.071+0000] {dag.py:3033} INFO - Sync 2 DAGs
[2025-03-24T23:37:11.079+0000] {logging_mixin.py:188} INFO - [2025-03-24T23:37:11.078+0000] {dag.py:3820} INFO - Setting next_dagrun for example_xcom_args to None, run_after=None
[2025-03-24T23:37:11.082+0000] {logging_mixin.py:188} INFO - [2025-03-24T23:37:11.082+0000] {dag.py:3820} INFO - Setting next_dagrun for example_xcom_args_with_operators to None, run_after=None
[2025-03-24T23:37:11.099+0000] {processor.py:183} INFO - Processing /home/airflow/.local/lib/python3.8/site-packages/airflow/example_dags/example_xcomargs.py took 0.056 seconds
[2025-03-24T23:37:41.847+0000] {processor.py:161} INFO - Started process (PID=1492) to work on /home/airflow/.local/lib/python3.8/site-packages/airflow/example_dags/example_xcomargs.py
[2025-03-24T23:37:41.848+0000] {processor.py:830} INFO - Processing file /home/airflow/.local/lib/python3.8/site-packages/airflow/example_dags/example_xcomargs.py for tasks to queue
[2025-03-24T23:37:41.851+0000] {logging_mixin.py:188} INFO - [2025-03-24T23:37:41.850+0000] {dagbag.py:538} INFO - Filling up the DagBag from /home/airflow/.local/lib/python3.8/site-packages/airflow/example_dags/example_xcomargs.py
[2025-03-24T23:37:41.855+0000] {processor.py:840} INFO - DAG(s) 'example_xcom_args', 'example_xcom_args_with_operators' retrieved from /home/airflow/.local/lib/python3.8/site-packages/airflow/example_dags/example_xcomargs.py
[2025-03-24T23:37:41.867+0000] {logging_mixin.py:188} INFO - [2025-03-24T23:37:41.866+0000] {dag.py:3033} INFO - Sync 2 DAGs
[2025-03-24T23:37:41.873+0000] {logging_mixin.py:188} INFO - [2025-03-24T23:37:41.872+0000] {dag.py:3820} INFO - Setting next_dagrun for example_xcom_args to None, run_after=None
[2025-03-24T23:37:41.875+0000] {logging_mixin.py:188} INFO - [2025-03-24T23:37:41.875+0000] {dag.py:3820} INFO - Setting next_dagrun for example_xcom_args_with_operators to None, run_after=None
[2025-03-24T23:37:41.882+0000] {processor.py:183} INFO - Processing /home/airflow/.local/lib/python3.8/site-packages/airflow/example_dags/example_xcomargs.py took 0.038 seconds
[2025-03-24T23:38:12.634+0000] {processor.py:161} INFO - Started process (PID=1547) to work on /home/airflow/.local/lib/python3.8/site-packages/airflow/example_dags/example_xcomargs.py
[2025-03-24T23:38:12.635+0000] {processor.py:830} INFO - Processing file /home/airflow/.local/lib/python3.8/site-packages/airflow/example_dags/example_xcomargs.py for tasks to queue
[2025-03-24T23:38:12.636+0000] {logging_mixin.py:188} INFO - [2025-03-24T23:38:12.636+0000] {dagbag.py:538} INFO - Filling up the DagBag from /home/airflow/.local/lib/python3.8/site-packages/airflow/example_dags/example_xcomargs.py
[2025-03-24T23:38:12.644+0000] {processor.py:840} INFO - DAG(s) 'example_xcom_args', 'example_xcom_args_with_operators' retrieved from /home/airflow/.local/lib/python3.8/site-packages/airflow/example_dags/example_xcomargs.py
[2025-03-24T23:38:12.658+0000] {logging_mixin.py:188} INFO - [2025-03-24T23:38:12.658+0000] {dag.py:3033} INFO - Sync 2 DAGs
[2025-03-24T23:38:12.664+0000] {logging_mixin.py:188} INFO - [2025-03-24T23:38:12.664+0000] {dag.py:3820} INFO - Setting next_dagrun for example_xcom_args to None, run_after=None
[2025-03-24T23:38:12.666+0000] {logging_mixin.py:188} INFO - [2025-03-24T23:38:12.666+0000] {dag.py:3820} INFO - Setting next_dagrun for example_xcom_args_with_operators to None, run_after=None
[2025-03-24T23:38:12.673+0000] {processor.py:183} INFO - Processing /home/airflow/.local/lib/python3.8/site-packages/airflow/example_dags/example_xcomargs.py took 0.041 seconds
[2025-03-24T23:38:43.382+0000] {processor.py:161} INFO - Started process (PID=1602) to work on /home/airflow/.local/lib/python3.8/site-packages/airflow/example_dags/example_xcomargs.py
[2025-03-24T23:38:43.382+0000] {processor.py:830} INFO - Processing file /home/airflow/.local/lib/python3.8/site-packages/airflow/example_dags/example_xcomargs.py for tasks to queue
[2025-03-24T23:38:43.383+0000] {logging_mixin.py:188} INFO - [2025-03-24T23:38:43.383+0000] {dagbag.py:538} INFO - Filling up the DagBag from /home/airflow/.local/lib/python3.8/site-packages/airflow/example_dags/example_xcomargs.py
[2025-03-24T23:38:43.386+0000] {processor.py:840} INFO - DAG(s) 'example_xcom_args_with_operators', 'example_xcom_args' retrieved from /home/airflow/.local/lib/python3.8/site-packages/airflow/example_dags/example_xcomargs.py
[2025-03-24T23:38:43.396+0000] {logging_mixin.py:188} INFO - [2025-03-24T23:38:43.396+0000] {dag.py:3033} INFO - Sync 2 DAGs
[2025-03-24T23:38:43.401+0000] {logging_mixin.py:188} INFO - [2025-03-24T23:38:43.400+0000] {dag.py:3820} INFO - Setting next_dagrun for example_xcom_args to None, run_after=None
[2025-03-24T23:38:43.402+0000] {logging_mixin.py:188} INFO - [2025-03-24T23:38:43.402+0000] {dag.py:3820} INFO - Setting next_dagrun for example_xcom_args_with_operators to None, run_after=None
[2025-03-24T23:38:43.407+0000] {processor.py:183} INFO - Processing /home/airflow/.local/lib/python3.8/site-packages/airflow/example_dags/example_xcomargs.py took 0.027 seconds
[2025-03-24T23:39:14.180+0000] {processor.py:161} INFO - Started process (PID=1657) to work on /home/airflow/.local/lib/python3.8/site-packages/airflow/example_dags/example_xcomargs.py
[2025-03-24T23:39:14.181+0000] {processor.py:830} INFO - Processing file /home/airflow/.local/lib/python3.8/site-packages/airflow/example_dags/example_xcomargs.py for tasks to queue
[2025-03-24T23:39:14.181+0000] {logging_mixin.py:188} INFO - [2025-03-24T23:39:14.181+0000] {dagbag.py:538} INFO - Filling up the DagBag from /home/airflow/.local/lib/python3.8/site-packages/airflow/example_dags/example_xcomargs.py
[2025-03-24T23:39:14.185+0000] {processor.py:840} INFO - DAG(s) 'example_xcom_args_with_operators', 'example_xcom_args' retrieved from /home/airflow/.local/lib/python3.8/site-packages/airflow/example_dags/example_xcomargs.py
[2025-03-24T23:39:14.194+0000] {logging_mixin.py:188} INFO - [2025-03-24T23:39:14.194+0000] {dag.py:3033} INFO - Sync 2 DAGs
[2025-03-24T23:39:14.199+0000] {logging_mixin.py:188} INFO - [2025-03-24T23:39:14.199+0000] {dag.py:3820} INFO - Setting next_dagrun for example_xcom_args to None, run_after=None
[2025-03-24T23:39:14.200+0000] {logging_mixin.py:188} INFO - [2025-03-24T23:39:14.200+0000] {dag.py:3820} INFO - Setting next_dagrun for example_xcom_args_with_operators to None, run_after=None
[2025-03-24T23:39:14.206+0000] {processor.py:183} INFO - Processing /home/airflow/.local/lib/python3.8/site-packages/airflow/example_dags/example_xcomargs.py took 0.028 seconds
[2025-03-24T23:39:45.095+0000] {processor.py:161} INFO - Started process (PID=1712) to work on /home/airflow/.local/lib/python3.8/site-packages/airflow/example_dags/example_xcomargs.py
[2025-03-24T23:39:45.096+0000] {processor.py:830} INFO - Processing file /home/airflow/.local/lib/python3.8/site-packages/airflow/example_dags/example_xcomargs.py for tasks to queue
[2025-03-24T23:39:45.096+0000] {logging_mixin.py:188} INFO - [2025-03-24T23:39:45.096+0000] {dagbag.py:538} INFO - Filling up the DagBag from /home/airflow/.local/lib/python3.8/site-packages/airflow/example_dags/example_xcomargs.py
[2025-03-24T23:39:45.100+0000] {processor.py:840} INFO - DAG(s) 'example_xcom_args_with_operators', 'example_xcom_args' retrieved from /home/airflow/.local/lib/python3.8/site-packages/airflow/example_dags/example_xcomargs.py
[2025-03-24T23:39:45.109+0000] {logging_mixin.py:188} INFO - [2025-03-24T23:39:45.109+0000] {dag.py:3033} INFO - Sync 2 DAGs
[2025-03-24T23:39:45.114+0000] {logging_mixin.py:188} INFO - [2025-03-24T23:39:45.114+0000] {dag.py:3820} INFO - Setting next_dagrun for example_xcom_args to None, run_after=None
[2025-03-24T23:39:45.116+0000] {logging_mixin.py:188} INFO - [2025-03-24T23:39:45.116+0000] {dag.py:3820} INFO - Setting next_dagrun for example_xcom_args_with_operators to None, run_after=None
[2025-03-24T23:39:45.123+0000] {processor.py:183} INFO - Processing /home/airflow/.local/lib/python3.8/site-packages/airflow/example_dags/example_xcomargs.py took 0.030 seconds
[2025-03-24T23:40:15.691+0000] {processor.py:161} INFO - Started process (PID=1767) to work on /home/airflow/.local/lib/python3.8/site-packages/airflow/example_dags/example_xcomargs.py
[2025-03-24T23:40:15.693+0000] {processor.py:830} INFO - Processing file /home/airflow/.local/lib/python3.8/site-packages/airflow/example_dags/example_xcomargs.py for tasks to queue
[2025-03-24T23:40:15.694+0000] {logging_mixin.py:188} INFO - [2025-03-24T23:40:15.694+0000] {dagbag.py:538} INFO - Filling up the DagBag from /home/airflow/.local/lib/python3.8/site-packages/airflow/example_dags/example_xcomargs.py
[2025-03-24T23:40:15.698+0000] {processor.py:840} INFO - DAG(s) 'example_xcom_args', 'example_xcom_args_with_operators' retrieved from /home/airflow/.local/lib/python3.8/site-packages/airflow/example_dags/example_xcomargs.py
[2025-03-24T23:40:15.708+0000] {logging_mixin.py:188} INFO - [2025-03-24T23:40:15.708+0000] {dag.py:3033} INFO - Sync 2 DAGs
[2025-03-24T23:40:15.713+0000] {logging_mixin.py:188} INFO - [2025-03-24T23:40:15.713+0000] {dag.py:3820} INFO - Setting next_dagrun for example_xcom_args to None, run_after=None
[2025-03-24T23:40:15.715+0000] {logging_mixin.py:188} INFO - [2025-03-24T23:40:15.715+0000] {dag.py:3820} INFO - Setting next_dagrun for example_xcom_args_with_operators to None, run_after=None
[2025-03-24T23:40:15.721+0000] {processor.py:183} INFO - Processing /home/airflow/.local/lib/python3.8/site-packages/airflow/example_dags/example_xcomargs.py took 0.032 seconds
[2025-03-24T23:40:46.322+0000] {processor.py:161} INFO - Started process (PID=1822) to work on /home/airflow/.local/lib/python3.8/site-packages/airflow/example_dags/example_xcomargs.py
[2025-03-24T23:40:46.323+0000] {processor.py:830} INFO - Processing file /home/airflow/.local/lib/python3.8/site-packages/airflow/example_dags/example_xcomargs.py for tasks to queue
[2025-03-24T23:40:46.326+0000] {logging_mixin.py:188} INFO - [2025-03-24T23:40:46.325+0000] {dagbag.py:538} INFO - Filling up the DagBag from /home/airflow/.local/lib/python3.8/site-packages/airflow/example_dags/example_xcomargs.py
[2025-03-24T23:40:46.331+0000] {processor.py:840} INFO - DAG(s) 'example_xcom_args', 'example_xcom_args_with_operators' retrieved from /home/airflow/.local/lib/python3.8/site-packages/airflow/example_dags/example_xcomargs.py
[2025-03-24T23:40:46.346+0000] {logging_mixin.py:188} INFO - [2025-03-24T23:40:46.346+0000] {dag.py:3033} INFO - Sync 2 DAGs
[2025-03-24T23:40:46.353+0000] {logging_mixin.py:188} INFO - [2025-03-24T23:40:46.353+0000] {dag.py:3820} INFO - Setting next_dagrun for example_xcom_args to None, run_after=None
[2025-03-24T23:40:46.355+0000] {logging_mixin.py:188} INFO - [2025-03-24T23:40:46.355+0000] {dag.py:3820} INFO - Setting next_dagrun for example_xcom_args_with_operators to None, run_after=None
[2025-03-24T23:40:46.364+0000] {processor.py:183} INFO - Processing /home/airflow/.local/lib/python3.8/site-packages/airflow/example_dags/example_xcomargs.py took 0.047 seconds
[2025-03-24T23:41:16.870+0000] {processor.py:161} INFO - Started process (PID=1877) to work on /home/airflow/.local/lib/python3.8/site-packages/airflow/example_dags/example_xcomargs.py
[2025-03-24T23:41:16.871+0000] {processor.py:830} INFO - Processing file /home/airflow/.local/lib/python3.8/site-packages/airflow/example_dags/example_xcomargs.py for tasks to queue
[2025-03-24T23:41:16.871+0000] {logging_mixin.py:188} INFO - [2025-03-24T23:41:16.871+0000] {dagbag.py:538} INFO - Filling up the DagBag from /home/airflow/.local/lib/python3.8/site-packages/airflow/example_dags/example_xcomargs.py
[2025-03-24T23:41:16.875+0000] {processor.py:840} INFO - DAG(s) 'example_xcom_args', 'example_xcom_args_with_operators' retrieved from /home/airflow/.local/lib/python3.8/site-packages/airflow/example_dags/example_xcomargs.py
[2025-03-24T23:41:16.884+0000] {logging_mixin.py:188} INFO - [2025-03-24T23:41:16.884+0000] {dag.py:3033} INFO - Sync 2 DAGs
[2025-03-24T23:41:16.889+0000] {logging_mixin.py:188} INFO - [2025-03-24T23:41:16.889+0000] {dag.py:3820} INFO - Setting next_dagrun for example_xcom_args to None, run_after=None
[2025-03-24T23:41:16.890+0000] {logging_mixin.py:188} INFO - [2025-03-24T23:41:16.890+0000] {dag.py:3820} INFO - Setting next_dagrun for example_xcom_args_with_operators to None, run_after=None
[2025-03-24T23:41:16.895+0000] {processor.py:183} INFO - Processing /home/airflow/.local/lib/python3.8/site-packages/airflow/example_dags/example_xcomargs.py took 0.027 seconds
[2025-03-24T23:41:47.482+0000] {processor.py:161} INFO - Started process (PID=1932) to work on /home/airflow/.local/lib/python3.8/site-packages/airflow/example_dags/example_xcomargs.py
[2025-03-24T23:41:47.485+0000] {processor.py:830} INFO - Processing file /home/airflow/.local/lib/python3.8/site-packages/airflow/example_dags/example_xcomargs.py for tasks to queue
[2025-03-24T23:41:47.489+0000] {logging_mixin.py:188} INFO - [2025-03-24T23:41:47.489+0000] {dagbag.py:538} INFO - Filling up the DagBag from /home/airflow/.local/lib/python3.8/site-packages/airflow/example_dags/example_xcomargs.py
[2025-03-24T23:41:47.493+0000] {processor.py:840} INFO - DAG(s) 'example_xcom_args_with_operators', 'example_xcom_args' retrieved from /home/airflow/.local/lib/python3.8/site-packages/airflow/example_dags/example_xcomargs.py
[2025-03-24T23:41:47.502+0000] {logging_mixin.py:188} INFO - [2025-03-24T23:41:47.502+0000] {dag.py:3033} INFO - Sync 2 DAGs
[2025-03-24T23:41:47.507+0000] {logging_mixin.py:188} INFO - [2025-03-24T23:41:47.507+0000] {dag.py:3820} INFO - Setting next_dagrun for example_xcom_args to None, run_after=None
[2025-03-24T23:41:47.508+0000] {logging_mixin.py:188} INFO - [2025-03-24T23:41:47.508+0000] {dag.py:3820} INFO - Setting next_dagrun for example_xcom_args_with_operators to None, run_after=None
[2025-03-24T23:41:47.514+0000] {processor.py:183} INFO - Processing /home/airflow/.local/lib/python3.8/site-packages/airflow/example_dags/example_xcomargs.py took 0.033 seconds
[2025-03-24T23:42:18.131+0000] {processor.py:161} INFO - Started process (PID=1987) to work on /home/airflow/.local/lib/python3.8/site-packages/airflow/example_dags/example_xcomargs.py
[2025-03-24T23:42:18.132+0000] {processor.py:830} INFO - Processing file /home/airflow/.local/lib/python3.8/site-packages/airflow/example_dags/example_xcomargs.py for tasks to queue
[2025-03-24T23:42:18.133+0000] {logging_mixin.py:188} INFO - [2025-03-24T23:42:18.133+0000] {dagbag.py:538} INFO - Filling up the DagBag from /home/airflow/.local/lib/python3.8/site-packages/airflow/example_dags/example_xcomargs.py
[2025-03-24T23:42:18.136+0000] {processor.py:840} INFO - DAG(s) 'example_xcom_args_with_operators', 'example_xcom_args' retrieved from /home/airflow/.local/lib/python3.8/site-packages/airflow/example_dags/example_xcomargs.py
[2025-03-24T23:42:18.148+0000] {logging_mixin.py:188} INFO - [2025-03-24T23:42:18.148+0000] {dag.py:3033} INFO - Sync 2 DAGs
[2025-03-24T23:42:18.154+0000] {logging_mixin.py:188} INFO - [2025-03-24T23:42:18.154+0000] {dag.py:3820} INFO - Setting next_dagrun for example_xcom_args to None, run_after=None
[2025-03-24T23:42:18.156+0000] {logging_mixin.py:188} INFO - [2025-03-24T23:42:18.156+0000] {dag.py:3820} INFO - Setting next_dagrun for example_xcom_args_with_operators to None, run_after=None
[2025-03-24T23:42:18.164+0000] {processor.py:183} INFO - Processing /home/airflow/.local/lib/python3.8/site-packages/airflow/example_dags/example_xcomargs.py took 0.034 seconds
[2025-03-24T23:42:48.635+0000] {processor.py:161} INFO - Started process (PID=2042) to work on /home/airflow/.local/lib/python3.8/site-packages/airflow/example_dags/example_xcomargs.py
[2025-03-24T23:42:48.635+0000] {processor.py:830} INFO - Processing file /home/airflow/.local/lib/python3.8/site-packages/airflow/example_dags/example_xcomargs.py for tasks to queue
[2025-03-24T23:42:48.636+0000] {logging_mixin.py:188} INFO - [2025-03-24T23:42:48.636+0000] {dagbag.py:538} INFO - Filling up the DagBag from /home/airflow/.local/lib/python3.8/site-packages/airflow/example_dags/example_xcomargs.py
[2025-03-24T23:42:48.640+0000] {processor.py:840} INFO - DAG(s) 'example_xcom_args_with_operators', 'example_xcom_args' retrieved from /home/airflow/.local/lib/python3.8/site-packages/airflow/example_dags/example_xcomargs.py
[2025-03-24T23:42:48.649+0000] {logging_mixin.py:188} INFO - [2025-03-24T23:42:48.649+0000] {dag.py:3033} INFO - Sync 2 DAGs
[2025-03-24T23:42:48.654+0000] {logging_mixin.py:188} INFO - [2025-03-24T23:42:48.654+0000] {dag.py:3820} INFO - Setting next_dagrun for example_xcom_args to None, run_after=None
[2025-03-24T23:42:48.655+0000] {logging_mixin.py:188} INFO - [2025-03-24T23:42:48.655+0000] {dag.py:3820} INFO - Setting next_dagrun for example_xcom_args_with_operators to None, run_after=None
[2025-03-24T23:42:48.661+0000] {processor.py:183} INFO - Processing /home/airflow/.local/lib/python3.8/site-packages/airflow/example_dags/example_xcomargs.py took 0.027 seconds
[2025-03-24T23:43:19.106+0000] {processor.py:161} INFO - Started process (PID=2097) to work on /home/airflow/.local/lib/python3.8/site-packages/airflow/example_dags/example_xcomargs.py
[2025-03-24T23:43:19.108+0000] {processor.py:830} INFO - Processing file /home/airflow/.local/lib/python3.8/site-packages/airflow/example_dags/example_xcomargs.py for tasks to queue
[2025-03-24T23:43:19.109+0000] {logging_mixin.py:188} INFO - [2025-03-24T23:43:19.109+0000] {dagbag.py:538} INFO - Filling up the DagBag from /home/airflow/.local/lib/python3.8/site-packages/airflow/example_dags/example_xcomargs.py
[2025-03-24T23:43:19.114+0000] {processor.py:840} INFO - DAG(s) 'example_xcom_args_with_operators', 'example_xcom_args' retrieved from /home/airflow/.local/lib/python3.8/site-packages/airflow/example_dags/example_xcomargs.py
[2025-03-24T23:43:19.125+0000] {logging_mixin.py:188} INFO - [2025-03-24T23:43:19.125+0000] {dag.py:3033} INFO - Sync 2 DAGs
[2025-03-24T23:43:19.130+0000] {logging_mixin.py:188} INFO - [2025-03-24T23:43:19.130+0000] {dag.py:3820} INFO - Setting next_dagrun for example_xcom_args to None, run_after=None
[2025-03-24T23:43:19.132+0000] {logging_mixin.py:188} INFO - [2025-03-24T23:43:19.131+0000] {dag.py:3820} INFO - Setting next_dagrun for example_xcom_args_with_operators to None, run_after=None
[2025-03-24T23:43:19.137+0000] {processor.py:183} INFO - Processing /home/airflow/.local/lib/python3.8/site-packages/airflow/example_dags/example_xcomargs.py took 0.033 seconds
[2025-03-24T23:43:49.777+0000] {processor.py:161} INFO - Started process (PID=2152) to work on /home/airflow/.local/lib/python3.8/site-packages/airflow/example_dags/example_xcomargs.py
[2025-03-24T23:43:49.780+0000] {processor.py:830} INFO - Processing file /home/airflow/.local/lib/python3.8/site-packages/airflow/example_dags/example_xcomargs.py for tasks to queue
[2025-03-24T23:43:49.781+0000] {logging_mixin.py:188} INFO - [2025-03-24T23:43:49.781+0000] {dagbag.py:538} INFO - Filling up the DagBag from /home/airflow/.local/lib/python3.8/site-packages/airflow/example_dags/example_xcomargs.py
[2025-03-24T23:43:49.789+0000] {processor.py:840} INFO - DAG(s) 'example_xcom_args_with_operators', 'example_xcom_args' retrieved from /home/airflow/.local/lib/python3.8/site-packages/airflow/example_dags/example_xcomargs.py
[2025-03-24T23:43:49.804+0000] {logging_mixin.py:188} INFO - [2025-03-24T23:43:49.804+0000] {dag.py:3033} INFO - Sync 2 DAGs
[2025-03-24T23:43:49.810+0000] {logging_mixin.py:188} INFO - [2025-03-24T23:43:49.810+0000] {dag.py:3820} INFO - Setting next_dagrun for example_xcom_args to None, run_after=None
[2025-03-24T23:43:49.812+0000] {logging_mixin.py:188} INFO - [2025-03-24T23:43:49.811+0000] {dag.py:3820} INFO - Setting next_dagrun for example_xcom_args_with_operators to None, run_after=None
[2025-03-24T23:43:49.818+0000] {processor.py:183} INFO - Processing /home/airflow/.local/lib/python3.8/site-packages/airflow/example_dags/example_xcomargs.py took 0.043 seconds
[2025-03-24T23:44:20.497+0000] {processor.py:161} INFO - Started process (PID=2207) to work on /home/airflow/.local/lib/python3.8/site-packages/airflow/example_dags/example_xcomargs.py
[2025-03-24T23:44:20.498+0000] {processor.py:830} INFO - Processing file /home/airflow/.local/lib/python3.8/site-packages/airflow/example_dags/example_xcomargs.py for tasks to queue
[2025-03-24T23:44:20.498+0000] {logging_mixin.py:188} INFO - [2025-03-24T23:44:20.498+0000] {dagbag.py:538} INFO - Filling up the DagBag from /home/airflow/.local/lib/python3.8/site-packages/airflow/example_dags/example_xcomargs.py
[2025-03-24T23:44:20.502+0000] {processor.py:840} INFO - DAG(s) 'example_xcom_args', 'example_xcom_args_with_operators' retrieved from /home/airflow/.local/lib/python3.8/site-packages/airflow/example_dags/example_xcomargs.py
[2025-03-24T23:44:20.513+0000] {logging_mixin.py:188} INFO - [2025-03-24T23:44:20.513+0000] {dag.py:3033} INFO - Sync 2 DAGs
[2025-03-24T23:44:20.519+0000] {logging_mixin.py:188} INFO - [2025-03-24T23:44:20.519+0000] {dag.py:3820} INFO - Setting next_dagrun for example_xcom_args to None, run_after=None
[2025-03-24T23:44:20.521+0000] {logging_mixin.py:188} INFO - [2025-03-24T23:44:20.521+0000] {dag.py:3820} INFO - Setting next_dagrun for example_xcom_args_with_operators to None, run_after=None
[2025-03-24T23:44:20.528+0000] {processor.py:183} INFO - Processing /home/airflow/.local/lib/python3.8/site-packages/airflow/example_dags/example_xcomargs.py took 0.032 seconds
[2025-03-24T23:44:51.159+0000] {processor.py:161} INFO - Started process (PID=2262) to work on /home/airflow/.local/lib/python3.8/site-packages/airflow/example_dags/example_xcomargs.py
[2025-03-24T23:44:51.159+0000] {processor.py:830} INFO - Processing file /home/airflow/.local/lib/python3.8/site-packages/airflow/example_dags/example_xcomargs.py for tasks to queue
[2025-03-24T23:44:51.160+0000] {logging_mixin.py:188} INFO - [2025-03-24T23:44:51.160+0000] {dagbag.py:538} INFO - Filling up the DagBag from /home/airflow/.local/lib/python3.8/site-packages/airflow/example_dags/example_xcomargs.py
[2025-03-24T23:44:51.163+0000] {processor.py:840} INFO - DAG(s) 'example_xcom_args_with_operators', 'example_xcom_args' retrieved from /home/airflow/.local/lib/python3.8/site-packages/airflow/example_dags/example_xcomargs.py
[2025-03-24T23:44:51.172+0000] {logging_mixin.py:188} INFO - [2025-03-24T23:44:51.172+0000] {dag.py:3033} INFO - Sync 2 DAGs
[2025-03-24T23:44:51.176+0000] {logging_mixin.py:188} INFO - [2025-03-24T23:44:51.176+0000] {dag.py:3820} INFO - Setting next_dagrun for example_xcom_args to None, run_after=None
[2025-03-24T23:44:51.178+0000] {logging_mixin.py:188} INFO - [2025-03-24T23:44:51.178+0000] {dag.py:3820} INFO - Setting next_dagrun for example_xcom_args_with_operators to None, run_after=None
[2025-03-24T23:44:51.183+0000] {processor.py:183} INFO - Processing /home/airflow/.local/lib/python3.8/site-packages/airflow/example_dags/example_xcomargs.py took 0.026 seconds
[2025-03-24T23:45:21.640+0000] {processor.py:161} INFO - Started process (PID=2317) to work on /home/airflow/.local/lib/python3.8/site-packages/airflow/example_dags/example_xcomargs.py
[2025-03-24T23:45:21.643+0000] {processor.py:830} INFO - Processing file /home/airflow/.local/lib/python3.8/site-packages/airflow/example_dags/example_xcomargs.py for tasks to queue
[2025-03-24T23:45:21.644+0000] {logging_mixin.py:188} INFO - [2025-03-24T23:45:21.644+0000] {dagbag.py:538} INFO - Filling up the DagBag from /home/airflow/.local/lib/python3.8/site-packages/airflow/example_dags/example_xcomargs.py
[2025-03-24T23:45:21.647+0000] {processor.py:840} INFO - DAG(s) 'example_xcom_args_with_operators', 'example_xcom_args' retrieved from /home/airflow/.local/lib/python3.8/site-packages/airflow/example_dags/example_xcomargs.py
[2025-03-24T23:45:21.657+0000] {logging_mixin.py:188} INFO - [2025-03-24T23:45:21.657+0000] {dag.py:3033} INFO - Sync 2 DAGs
[2025-03-24T23:45:21.662+0000] {logging_mixin.py:188} INFO - [2025-03-24T23:45:21.661+0000] {dag.py:3820} INFO - Setting next_dagrun for example_xcom_args to None, run_after=None
[2025-03-24T23:45:21.663+0000] {logging_mixin.py:188} INFO - [2025-03-24T23:45:21.663+0000] {dag.py:3820} INFO - Setting next_dagrun for example_xcom_args_with_operators to None, run_after=None
[2025-03-24T23:45:21.668+0000] {processor.py:183} INFO - Processing /home/airflow/.local/lib/python3.8/site-packages/airflow/example_dags/example_xcomargs.py took 0.029 seconds
[2025-03-24T23:45:52.297+0000] {processor.py:161} INFO - Started process (PID=2371) to work on /home/airflow/.local/lib/python3.8/site-packages/airflow/example_dags/example_xcomargs.py
[2025-03-24T23:45:52.298+0000] {processor.py:830} INFO - Processing file /home/airflow/.local/lib/python3.8/site-packages/airflow/example_dags/example_xcomargs.py for tasks to queue
[2025-03-24T23:45:52.299+0000] {logging_mixin.py:188} INFO - [2025-03-24T23:45:52.299+0000] {dagbag.py:538} INFO - Filling up the DagBag from /home/airflow/.local/lib/python3.8/site-packages/airflow/example_dags/example_xcomargs.py
[2025-03-24T23:45:52.303+0000] {processor.py:840} INFO - DAG(s) 'example_xcom_args', 'example_xcom_args_with_operators' retrieved from /home/airflow/.local/lib/python3.8/site-packages/airflow/example_dags/example_xcomargs.py
[2025-03-24T23:45:52.313+0000] {logging_mixin.py:188} INFO - [2025-03-24T23:45:52.313+0000] {dag.py:3033} INFO - Sync 2 DAGs
[2025-03-24T23:45:52.318+0000] {logging_mixin.py:188} INFO - [2025-03-24T23:45:52.318+0000] {dag.py:3820} INFO - Setting next_dagrun for example_xcom_args to None, run_after=None
[2025-03-24T23:45:52.319+0000] {logging_mixin.py:188} INFO - [2025-03-24T23:45:52.319+0000] {dag.py:3820} INFO - Setting next_dagrun for example_xcom_args_with_operators to None, run_after=None
[2025-03-24T23:45:52.325+0000] {processor.py:183} INFO - Processing /home/airflow/.local/lib/python3.8/site-packages/airflow/example_dags/example_xcomargs.py took 0.030 seconds
[2025-03-24T23:46:23.136+0000] {processor.py:161} INFO - Started process (PID=2426) to work on /home/airflow/.local/lib/python3.8/site-packages/airflow/example_dags/example_xcomargs.py
[2025-03-24T23:46:23.138+0000] {processor.py:830} INFO - Processing file /home/airflow/.local/lib/python3.8/site-packages/airflow/example_dags/example_xcomargs.py for tasks to queue
[2025-03-24T23:46:23.139+0000] {logging_mixin.py:188} INFO - [2025-03-24T23:46:23.139+0000] {dagbag.py:538} INFO - Filling up the DagBag from /home/airflow/.local/lib/python3.8/site-packages/airflow/example_dags/example_xcomargs.py
[2025-03-24T23:46:23.143+0000] {processor.py:840} INFO - DAG(s) 'example_xcom_args_with_operators', 'example_xcom_args' retrieved from /home/airflow/.local/lib/python3.8/site-packages/airflow/example_dags/example_xcomargs.py
[2025-03-24T23:46:23.154+0000] {logging_mixin.py:188} INFO - [2025-03-24T23:46:23.154+0000] {dag.py:3033} INFO - Sync 2 DAGs
[2025-03-24T23:46:23.163+0000] {logging_mixin.py:188} INFO - [2025-03-24T23:46:23.162+0000] {dag.py:3820} INFO - Setting next_dagrun for example_xcom_args to None, run_after=None
[2025-03-24T23:46:23.164+0000] {logging_mixin.py:188} INFO - [2025-03-24T23:46:23.164+0000] {dag.py:3820} INFO - Setting next_dagrun for example_xcom_args_with_operators to None, run_after=None
[2025-03-24T23:46:23.171+0000] {processor.py:183} INFO - Processing /home/airflow/.local/lib/python3.8/site-packages/airflow/example_dags/example_xcomargs.py took 0.036 seconds
[2025-03-24T23:46:53.926+0000] {processor.py:161} INFO - Started process (PID=2481) to work on /home/airflow/.local/lib/python3.8/site-packages/airflow/example_dags/example_xcomargs.py
[2025-03-24T23:46:53.926+0000] {processor.py:830} INFO - Processing file /home/airflow/.local/lib/python3.8/site-packages/airflow/example_dags/example_xcomargs.py for tasks to queue
[2025-03-24T23:46:53.927+0000] {logging_mixin.py:188} INFO - [2025-03-24T23:46:53.927+0000] {dagbag.py:538} INFO - Filling up the DagBag from /home/airflow/.local/lib/python3.8/site-packages/airflow/example_dags/example_xcomargs.py
[2025-03-24T23:46:53.931+0000] {processor.py:840} INFO - DAG(s) 'example_xcom_args', 'example_xcom_args_with_operators' retrieved from /home/airflow/.local/lib/python3.8/site-packages/airflow/example_dags/example_xcomargs.py
[2025-03-24T23:46:53.942+0000] {logging_mixin.py:188} INFO - [2025-03-24T23:46:53.942+0000] {dag.py:3033} INFO - Sync 2 DAGs
[2025-03-24T23:46:53.948+0000] {logging_mixin.py:188} INFO - [2025-03-24T23:46:53.948+0000] {dag.py:3820} INFO - Setting next_dagrun for example_xcom_args to None, run_after=None
[2025-03-24T23:46:53.950+0000] {logging_mixin.py:188} INFO - [2025-03-24T23:46:53.950+0000] {dag.py:3820} INFO - Setting next_dagrun for example_xcom_args_with_operators to None, run_after=None
[2025-03-24T23:46:53.956+0000] {processor.py:183} INFO - Processing /home/airflow/.local/lib/python3.8/site-packages/airflow/example_dags/example_xcomargs.py took 0.032 seconds
[2025-03-24T23:47:24.098+0000] {processor.py:161} INFO - Started process (PID=2536) to work on /home/airflow/.local/lib/python3.8/site-packages/airflow/example_dags/example_xcomargs.py
[2025-03-24T23:47:24.100+0000] {processor.py:830} INFO - Processing file /home/airflow/.local/lib/python3.8/site-packages/airflow/example_dags/example_xcomargs.py for tasks to queue
[2025-03-24T23:47:24.102+0000] {logging_mixin.py:188} INFO - [2025-03-24T23:47:24.102+0000] {dagbag.py:538} INFO - Filling up the DagBag from /home/airflow/.local/lib/python3.8/site-packages/airflow/example_dags/example_xcomargs.py
[2025-03-24T23:47:24.106+0000] {processor.py:840} INFO - DAG(s) 'example_xcom_args', 'example_xcom_args_with_operators' retrieved from /home/airflow/.local/lib/python3.8/site-packages/airflow/example_dags/example_xcomargs.py
[2025-03-24T23:47:24.117+0000] {logging_mixin.py:188} INFO - [2025-03-24T23:47:24.117+0000] {dag.py:3033} INFO - Sync 2 DAGs
[2025-03-24T23:47:24.122+0000] {logging_mixin.py:188} INFO - [2025-03-24T23:47:24.122+0000] {dag.py:3820} INFO - Setting next_dagrun for example_xcom_args to None, run_after=None
[2025-03-24T23:47:24.123+0000] {logging_mixin.py:188} INFO - [2025-03-24T23:47:24.123+0000] {dag.py:3820} INFO - Setting next_dagrun for example_xcom_args_with_operators to None, run_after=None
[2025-03-24T23:47:24.129+0000] {processor.py:183} INFO - Processing /home/airflow/.local/lib/python3.8/site-packages/airflow/example_dags/example_xcomargs.py took 0.033 seconds
[2025-03-24T23:47:55.272+0000] {processor.py:161} INFO - Started process (PID=2591) to work on /home/airflow/.local/lib/python3.8/site-packages/airflow/example_dags/example_xcomargs.py
[2025-03-24T23:47:55.272+0000] {processor.py:830} INFO - Processing file /home/airflow/.local/lib/python3.8/site-packages/airflow/example_dags/example_xcomargs.py for tasks to queue
[2025-03-24T23:47:55.274+0000] {logging_mixin.py:188} INFO - [2025-03-24T23:47:55.274+0000] {dagbag.py:538} INFO - Filling up the DagBag from /home/airflow/.local/lib/python3.8/site-packages/airflow/example_dags/example_xcomargs.py
[2025-03-24T23:47:55.278+0000] {processor.py:840} INFO - DAG(s) 'example_xcom_args_with_operators', 'example_xcom_args' retrieved from /home/airflow/.local/lib/python3.8/site-packages/airflow/example_dags/example_xcomargs.py
[2025-03-24T23:47:55.287+0000] {logging_mixin.py:188} INFO - [2025-03-24T23:47:55.287+0000] {dag.py:3033} INFO - Sync 2 DAGs
[2025-03-24T23:47:55.356+0000] {logging_mixin.py:188} INFO - [2025-03-24T23:47:55.356+0000] {dag.py:3820} INFO - Setting next_dagrun for example_xcom_args to None, run_after=None
[2025-03-24T23:47:55.357+0000] {logging_mixin.py:188} INFO - [2025-03-24T23:47:55.357+0000] {dag.py:3820} INFO - Setting next_dagrun for example_xcom_args_with_operators to None, run_after=None
[2025-03-24T23:47:55.363+0000] {processor.py:183} INFO - Processing /home/airflow/.local/lib/python3.8/site-packages/airflow/example_dags/example_xcomargs.py took 0.092 seconds
[2025-03-24T23:48:26.012+0000] {processor.py:161} INFO - Started process (PID=2646) to work on /home/airflow/.local/lib/python3.8/site-packages/airflow/example_dags/example_xcomargs.py
[2025-03-24T23:48:26.015+0000] {processor.py:830} INFO - Processing file /home/airflow/.local/lib/python3.8/site-packages/airflow/example_dags/example_xcomargs.py for tasks to queue
[2025-03-24T23:48:26.016+0000] {logging_mixin.py:188} INFO - [2025-03-24T23:48:26.016+0000] {dagbag.py:538} INFO - Filling up the DagBag from /home/airflow/.local/lib/python3.8/site-packages/airflow/example_dags/example_xcomargs.py
[2025-03-24T23:48:26.021+0000] {processor.py:840} INFO - DAG(s) 'example_xcom_args_with_operators', 'example_xcom_args' retrieved from /home/airflow/.local/lib/python3.8/site-packages/airflow/example_dags/example_xcomargs.py
[2025-03-24T23:48:26.031+0000] {logging_mixin.py:188} INFO - [2025-03-24T23:48:26.031+0000] {dag.py:3033} INFO - Sync 2 DAGs
[2025-03-24T23:48:26.036+0000] {logging_mixin.py:188} INFO - [2025-03-24T23:48:26.036+0000] {dag.py:3820} INFO - Setting next_dagrun for example_xcom_args to None, run_after=None
[2025-03-24T23:48:26.038+0000] {logging_mixin.py:188} INFO - [2025-03-24T23:48:26.038+0000] {dag.py:3820} INFO - Setting next_dagrun for example_xcom_args_with_operators to None, run_after=None
[2025-03-24T23:48:26.043+0000] {processor.py:183} INFO - Processing /home/airflow/.local/lib/python3.8/site-packages/airflow/example_dags/example_xcomargs.py took 0.033 seconds
[2025-03-24T23:48:56.736+0000] {processor.py:161} INFO - Started process (PID=2701) to work on /home/airflow/.local/lib/python3.8/site-packages/airflow/example_dags/example_xcomargs.py
[2025-03-24T23:48:56.737+0000] {processor.py:830} INFO - Processing file /home/airflow/.local/lib/python3.8/site-packages/airflow/example_dags/example_xcomargs.py for tasks to queue
[2025-03-24T23:48:56.738+0000] {logging_mixin.py:188} INFO - [2025-03-24T23:48:56.738+0000] {dagbag.py:538} INFO - Filling up the DagBag from /home/airflow/.local/lib/python3.8/site-packages/airflow/example_dags/example_xcomargs.py
[2025-03-24T23:48:56.742+0000] {processor.py:840} INFO - DAG(s) 'example_xcom_args_with_operators', 'example_xcom_args' retrieved from /home/airflow/.local/lib/python3.8/site-packages/airflow/example_dags/example_xcomargs.py
[2025-03-24T23:48:56.756+0000] {logging_mixin.py:188} INFO - [2025-03-24T23:48:56.756+0000] {dag.py:3033} INFO - Sync 2 DAGs
[2025-03-24T23:48:56.763+0000] {logging_mixin.py:188} INFO - [2025-03-24T23:48:56.762+0000] {dag.py:3820} INFO - Setting next_dagrun for example_xcom_args to None, run_after=None
[2025-03-24T23:48:56.764+0000] {logging_mixin.py:188} INFO - [2025-03-24T23:48:56.764+0000] {dag.py:3820} INFO - Setting next_dagrun for example_xcom_args_with_operators to None, run_after=None
[2025-03-24T23:48:56.770+0000] {processor.py:183} INFO - Processing /home/airflow/.local/lib/python3.8/site-packages/airflow/example_dags/example_xcomargs.py took 0.035 seconds
[2025-03-24T23:49:28.005+0000] {processor.py:161} INFO - Started process (PID=2756) to work on /home/airflow/.local/lib/python3.8/site-packages/airflow/example_dags/example_xcomargs.py
[2025-03-24T23:49:28.005+0000] {processor.py:830} INFO - Processing file /home/airflow/.local/lib/python3.8/site-packages/airflow/example_dags/example_xcomargs.py for tasks to queue
[2025-03-24T23:49:28.006+0000] {logging_mixin.py:188} INFO - [2025-03-24T23:49:28.006+0000] {dagbag.py:538} INFO - Filling up the DagBag from /home/airflow/.local/lib/python3.8/site-packages/airflow/example_dags/example_xcomargs.py
[2025-03-24T23:49:28.010+0000] {processor.py:840} INFO - DAG(s) 'example_xcom_args_with_operators', 'example_xcom_args' retrieved from /home/airflow/.local/lib/python3.8/site-packages/airflow/example_dags/example_xcomargs.py
[2025-03-24T23:49:28.095+0000] {logging_mixin.py:188} INFO - [2025-03-24T23:49:28.095+0000] {dag.py:3033} INFO - Sync 2 DAGs
[2025-03-24T23:49:28.102+0000] {logging_mixin.py:188} INFO - [2025-03-24T23:49:28.102+0000] {dag.py:3820} INFO - Setting next_dagrun for example_xcom_args to None, run_after=None
[2025-03-24T23:49:28.103+0000] {logging_mixin.py:188} INFO - [2025-03-24T23:49:28.103+0000] {dag.py:3820} INFO - Setting next_dagrun for example_xcom_args_with_operators to None, run_after=None
[2025-03-24T23:49:28.114+0000] {processor.py:183} INFO - Processing /home/airflow/.local/lib/python3.8/site-packages/airflow/example_dags/example_xcomargs.py took 0.111 seconds
[2025-03-24T23:49:58.346+0000] {processor.py:161} INFO - Started process (PID=2811) to work on /home/airflow/.local/lib/python3.8/site-packages/airflow/example_dags/example_xcomargs.py
[2025-03-24T23:49:58.348+0000] {processor.py:830} INFO - Processing file /home/airflow/.local/lib/python3.8/site-packages/airflow/example_dags/example_xcomargs.py for tasks to queue
[2025-03-24T23:49:58.350+0000] {logging_mixin.py:188} INFO - [2025-03-24T23:49:58.350+0000] {dagbag.py:538} INFO - Filling up the DagBag from /home/airflow/.local/lib/python3.8/site-packages/airflow/example_dags/example_xcomargs.py
[2025-03-24T23:49:58.355+0000] {processor.py:840} INFO - DAG(s) 'example_xcom_args_with_operators', 'example_xcom_args' retrieved from /home/airflow/.local/lib/python3.8/site-packages/airflow/example_dags/example_xcomargs.py
[2025-03-24T23:49:58.372+0000] {logging_mixin.py:188} INFO - [2025-03-24T23:49:58.372+0000] {dag.py:3033} INFO - Sync 2 DAGs
[2025-03-24T23:49:58.463+0000] {logging_mixin.py:188} INFO - [2025-03-24T23:49:58.463+0000] {dag.py:3820} INFO - Setting next_dagrun for example_xcom_args to None, run_after=None
[2025-03-24T23:49:58.468+0000] {logging_mixin.py:188} INFO - [2025-03-24T23:49:58.468+0000] {dag.py:3820} INFO - Setting next_dagrun for example_xcom_args_with_operators to None, run_after=None
[2025-03-24T23:49:58.482+0000] {processor.py:183} INFO - Processing /home/airflow/.local/lib/python3.8/site-packages/airflow/example_dags/example_xcomargs.py took 0.138 seconds
[2025-03-24T23:50:29.202+0000] {processor.py:161} INFO - Started process (PID=2865) to work on /home/airflow/.local/lib/python3.8/site-packages/airflow/example_dags/example_xcomargs.py
[2025-03-24T23:50:29.203+0000] {processor.py:830} INFO - Processing file /home/airflow/.local/lib/python3.8/site-packages/airflow/example_dags/example_xcomargs.py for tasks to queue
[2025-03-24T23:50:29.204+0000] {logging_mixin.py:188} INFO - [2025-03-24T23:50:29.203+0000] {dagbag.py:538} INFO - Filling up the DagBag from /home/airflow/.local/lib/python3.8/site-packages/airflow/example_dags/example_xcomargs.py
[2025-03-24T23:50:29.207+0000] {processor.py:840} INFO - DAG(s) 'example_xcom_args', 'example_xcom_args_with_operators' retrieved from /home/airflow/.local/lib/python3.8/site-packages/airflow/example_dags/example_xcomargs.py
[2025-03-24T23:50:29.222+0000] {logging_mixin.py:188} INFO - [2025-03-24T23:50:29.222+0000] {dag.py:3033} INFO - Sync 2 DAGs
[2025-03-24T23:50:29.228+0000] {logging_mixin.py:188} INFO - [2025-03-24T23:50:29.228+0000] {dag.py:3820} INFO - Setting next_dagrun for example_xcom_args to None, run_after=None
[2025-03-24T23:50:29.233+0000] {logging_mixin.py:188} INFO - [2025-03-24T23:50:29.232+0000] {dag.py:3820} INFO - Setting next_dagrun for example_xcom_args_with_operators to None, run_after=None
[2025-03-24T23:50:29.242+0000] {processor.py:183} INFO - Processing /home/airflow/.local/lib/python3.8/site-packages/airflow/example_dags/example_xcomargs.py took 0.041 seconds
[2025-03-24T23:51:00.217+0000] {processor.py:161} INFO - Started process (PID=2920) to work on /home/airflow/.local/lib/python3.8/site-packages/airflow/example_dags/example_xcomargs.py
[2025-03-24T23:51:00.217+0000] {processor.py:830} INFO - Processing file /home/airflow/.local/lib/python3.8/site-packages/airflow/example_dags/example_xcomargs.py for tasks to queue
[2025-03-24T23:51:00.218+0000] {logging_mixin.py:188} INFO - [2025-03-24T23:51:00.218+0000] {dagbag.py:538} INFO - Filling up the DagBag from /home/airflow/.local/lib/python3.8/site-packages/airflow/example_dags/example_xcomargs.py
[2025-03-24T23:51:00.222+0000] {processor.py:840} INFO - DAG(s) 'example_xcom_args_with_operators', 'example_xcom_args' retrieved from /home/airflow/.local/lib/python3.8/site-packages/airflow/example_dags/example_xcomargs.py
[2025-03-24T23:51:00.234+0000] {logging_mixin.py:188} INFO - [2025-03-24T23:51:00.233+0000] {dag.py:3033} INFO - Sync 2 DAGs
[2025-03-24T23:51:00.239+0000] {logging_mixin.py:188} INFO - [2025-03-24T23:51:00.239+0000] {dag.py:3820} INFO - Setting next_dagrun for example_xcom_args to None, run_after=None
[2025-03-24T23:51:00.240+0000] {logging_mixin.py:188} INFO - [2025-03-24T23:51:00.240+0000] {dag.py:3820} INFO - Setting next_dagrun for example_xcom_args_with_operators to None, run_after=None
[2025-03-24T23:51:00.246+0000] {processor.py:183} INFO - Processing /home/airflow/.local/lib/python3.8/site-packages/airflow/example_dags/example_xcomargs.py took 0.031 seconds
[2025-03-24T23:51:30.930+0000] {processor.py:161} INFO - Started process (PID=2975) to work on /home/airflow/.local/lib/python3.8/site-packages/airflow/example_dags/example_xcomargs.py
[2025-03-24T23:51:30.931+0000] {processor.py:830} INFO - Processing file /home/airflow/.local/lib/python3.8/site-packages/airflow/example_dags/example_xcomargs.py for tasks to queue
[2025-03-24T23:51:30.932+0000] {logging_mixin.py:188} INFO - [2025-03-24T23:51:30.932+0000] {dagbag.py:538} INFO - Filling up the DagBag from /home/airflow/.local/lib/python3.8/site-packages/airflow/example_dags/example_xcomargs.py
[2025-03-24T23:51:30.935+0000] {processor.py:840} INFO - DAG(s) 'example_xcom_args', 'example_xcom_args_with_operators' retrieved from /home/airflow/.local/lib/python3.8/site-packages/airflow/example_dags/example_xcomargs.py
[2025-03-24T23:51:30.946+0000] {logging_mixin.py:188} INFO - [2025-03-24T23:51:30.946+0000] {dag.py:3033} INFO - Sync 2 DAGs
[2025-03-24T23:51:30.951+0000] {logging_mixin.py:188} INFO - [2025-03-24T23:51:30.951+0000] {dag.py:3820} INFO - Setting next_dagrun for example_xcom_args to None, run_after=None
[2025-03-24T23:51:30.953+0000] {logging_mixin.py:188} INFO - [2025-03-24T23:51:30.953+0000] {dag.py:3820} INFO - Setting next_dagrun for example_xcom_args_with_operators to None, run_after=None
[2025-03-24T23:51:30.959+0000] {processor.py:183} INFO - Processing /home/airflow/.local/lib/python3.8/site-packages/airflow/example_dags/example_xcomargs.py took 0.030 seconds
