[2025-03-24T23:24:26.870+0000] {processor.py:161} INFO - Started process (PID=74) to work on /home/airflow/.local/lib/python3.8/site-packages/airflow/example_dags/example_params_trigger_ui.py
[2025-03-24T23:24:26.871+0000] {processor.py:830} INFO - Processing file /home/airflow/.local/lib/python3.8/site-packages/airflow/example_dags/example_params_trigger_ui.py for tasks to queue
[2025-03-24T23:24:26.872+0000] {logging_mixin.py:188} INFO - [2025-03-24T23:24:26.872+0000] {dagbag.py:538} INFO - Filling up the DagBag from /home/airflow/.local/lib/python3.8/site-packages/airflow/example_dags/example_params_trigger_ui.py
[2025-03-24T23:24:26.881+0000] {processor.py:840} INFO - DAG(s) 'example_params_trigger_ui' retrieved from /home/airflow/.local/lib/python3.8/site-packages/airflow/example_dags/example_params_trigger_ui.py
[2025-03-24T23:24:26.889+0000] {logging_mixin.py:188} INFO - [2025-03-24T23:24:26.888+0000] {dag.py:3033} INFO - Sync 1 DAGs
[2025-03-24T23:24:26.901+0000] {logging_mixin.py:188} INFO - [2025-03-24T23:24:26.901+0000] {dag.py:3820} INFO - Setting next_dagrun for example_params_trigger_ui to None, run_after=None
[2025-03-24T23:24:26.915+0000] {processor.py:183} INFO - Processing /home/airflow/.local/lib/python3.8/site-packages/airflow/example_dags/example_params_trigger_ui.py took 0.048 seconds
[2025-03-24T23:24:57.102+0000] {processor.py:161} INFO - Started process (PID=129) to work on /home/airflow/.local/lib/python3.8/site-packages/airflow/example_dags/example_params_trigger_ui.py
[2025-03-24T23:24:57.104+0000] {processor.py:830} INFO - Processing file /home/airflow/.local/lib/python3.8/site-packages/airflow/example_dags/example_params_trigger_ui.py for tasks to queue
[2025-03-24T23:24:57.106+0000] {logging_mixin.py:188} INFO - [2025-03-24T23:24:57.105+0000] {dagbag.py:538} INFO - Filling up the DagBag from /home/airflow/.local/lib/python3.8/site-packages/airflow/example_dags/example_params_trigger_ui.py
[2025-03-24T23:24:57.112+0000] {processor.py:840} INFO - DAG(s) 'example_params_trigger_ui' retrieved from /home/airflow/.local/lib/python3.8/site-packages/airflow/example_dags/example_params_trigger_ui.py
[2025-03-24T23:24:57.162+0000] {logging_mixin.py:188} INFO - [2025-03-24T23:24:57.162+0000] {dag.py:3033} INFO - Sync 1 DAGs
[2025-03-24T23:24:57.169+0000] {logging_mixin.py:188} INFO - [2025-03-24T23:24:57.169+0000] {dag.py:3820} INFO - Setting next_dagrun for example_params_trigger_ui to None, run_after=None
[2025-03-24T23:24:57.177+0000] {processor.py:183} INFO - Processing /home/airflow/.local/lib/python3.8/site-packages/airflow/example_dags/example_params_trigger_ui.py took 0.076 seconds
[2025-03-24T23:25:27.982+0000] {processor.py:161} INFO - Started process (PID=184) to work on /home/airflow/.local/lib/python3.8/site-packages/airflow/example_dags/example_params_trigger_ui.py
[2025-03-24T23:25:27.982+0000] {processor.py:830} INFO - Processing file /home/airflow/.local/lib/python3.8/site-packages/airflow/example_dags/example_params_trigger_ui.py for tasks to queue
[2025-03-24T23:25:27.983+0000] {logging_mixin.py:188} INFO - [2025-03-24T23:25:27.983+0000] {dagbag.py:538} INFO - Filling up the DagBag from /home/airflow/.local/lib/python3.8/site-packages/airflow/example_dags/example_params_trigger_ui.py
[2025-03-24T23:25:27.988+0000] {processor.py:840} INFO - DAG(s) 'example_params_trigger_ui' retrieved from /home/airflow/.local/lib/python3.8/site-packages/airflow/example_dags/example_params_trigger_ui.py
[2025-03-24T23:25:28.007+0000] {logging_mixin.py:188} INFO - [2025-03-24T23:25:28.007+0000] {dag.py:3033} INFO - Sync 1 DAGs
[2025-03-24T23:25:28.011+0000] {logging_mixin.py:188} INFO - [2025-03-24T23:25:28.011+0000] {dag.py:3820} INFO - Setting next_dagrun for example_params_trigger_ui to None, run_after=None
[2025-03-24T23:25:28.019+0000] {processor.py:183} INFO - Processing /home/airflow/.local/lib/python3.8/site-packages/airflow/example_dags/example_params_trigger_ui.py took 0.038 seconds
[2025-03-24T23:25:58.476+0000] {processor.py:161} INFO - Started process (PID=239) to work on /home/airflow/.local/lib/python3.8/site-packages/airflow/example_dags/example_params_trigger_ui.py
[2025-03-24T23:25:58.478+0000] {processor.py:830} INFO - Processing file /home/airflow/.local/lib/python3.8/site-packages/airflow/example_dags/example_params_trigger_ui.py for tasks to queue
[2025-03-24T23:25:58.479+0000] {logging_mixin.py:188} INFO - [2025-03-24T23:25:58.479+0000] {dagbag.py:538} INFO - Filling up the DagBag from /home/airflow/.local/lib/python3.8/site-packages/airflow/example_dags/example_params_trigger_ui.py
[2025-03-24T23:25:58.486+0000] {processor.py:840} INFO - DAG(s) 'example_params_trigger_ui' retrieved from /home/airflow/.local/lib/python3.8/site-packages/airflow/example_dags/example_params_trigger_ui.py
[2025-03-24T23:25:58.509+0000] {logging_mixin.py:188} INFO - [2025-03-24T23:25:58.509+0000] {dag.py:3033} INFO - Sync 1 DAGs
[2025-03-24T23:25:58.516+0000] {logging_mixin.py:188} INFO - [2025-03-24T23:25:58.516+0000] {dag.py:3820} INFO - Setting next_dagrun for example_params_trigger_ui to None, run_after=None
[2025-03-24T23:25:58.527+0000] {processor.py:183} INFO - Processing /home/airflow/.local/lib/python3.8/site-packages/airflow/example_dags/example_params_trigger_ui.py took 0.053 seconds
[2025-03-24T23:26:29.238+0000] {processor.py:161} INFO - Started process (PID=300) to work on /home/airflow/.local/lib/python3.8/site-packages/airflow/example_dags/example_params_trigger_ui.py
[2025-03-24T23:26:29.238+0000] {processor.py:830} INFO - Processing file /home/airflow/.local/lib/python3.8/site-packages/airflow/example_dags/example_params_trigger_ui.py for tasks to queue
[2025-03-24T23:26:29.239+0000] {logging_mixin.py:188} INFO - [2025-03-24T23:26:29.239+0000] {dagbag.py:538} INFO - Filling up the DagBag from /home/airflow/.local/lib/python3.8/site-packages/airflow/example_dags/example_params_trigger_ui.py
[2025-03-24T23:26:29.249+0000] {processor.py:840} INFO - DAG(s) 'example_params_trigger_ui' retrieved from /home/airflow/.local/lib/python3.8/site-packages/airflow/example_dags/example_params_trigger_ui.py
[2025-03-24T23:26:29.273+0000] {logging_mixin.py:188} INFO - [2025-03-24T23:26:29.273+0000] {dag.py:3033} INFO - Sync 1 DAGs
[2025-03-24T23:26:29.280+0000] {logging_mixin.py:188} INFO - [2025-03-24T23:26:29.280+0000] {dag.py:3820} INFO - Setting next_dagrun for example_params_trigger_ui to None, run_after=None
[2025-03-24T23:26:29.289+0000] {processor.py:183} INFO - Processing /home/airflow/.local/lib/python3.8/site-packages/airflow/example_dags/example_params_trigger_ui.py took 0.053 seconds
[2025-03-24T23:26:59.776+0000] {processor.py:161} INFO - Started process (PID=355) to work on /home/airflow/.local/lib/python3.8/site-packages/airflow/example_dags/example_params_trigger_ui.py
[2025-03-24T23:26:59.778+0000] {processor.py:830} INFO - Processing file /home/airflow/.local/lib/python3.8/site-packages/airflow/example_dags/example_params_trigger_ui.py for tasks to queue
[2025-03-24T23:26:59.780+0000] {logging_mixin.py:188} INFO - [2025-03-24T23:26:59.779+0000] {dagbag.py:538} INFO - Filling up the DagBag from /home/airflow/.local/lib/python3.8/site-packages/airflow/example_dags/example_params_trigger_ui.py
[2025-03-24T23:26:59.786+0000] {processor.py:840} INFO - DAG(s) 'example_params_trigger_ui' retrieved from /home/airflow/.local/lib/python3.8/site-packages/airflow/example_dags/example_params_trigger_ui.py
[2025-03-24T23:26:59.805+0000] {logging_mixin.py:188} INFO - [2025-03-24T23:26:59.804+0000] {dag.py:3033} INFO - Sync 1 DAGs
[2025-03-24T23:26:59.809+0000] {logging_mixin.py:188} INFO - [2025-03-24T23:26:59.809+0000] {dag.py:3820} INFO - Setting next_dagrun for example_params_trigger_ui to None, run_after=None
[2025-03-24T23:26:59.815+0000] {processor.py:183} INFO - Processing /home/airflow/.local/lib/python3.8/site-packages/airflow/example_dags/example_params_trigger_ui.py took 0.040 seconds
[2025-03-24T23:27:30.428+0000] {processor.py:161} INFO - Started process (PID=410) to work on /home/airflow/.local/lib/python3.8/site-packages/airflow/example_dags/example_params_trigger_ui.py
[2025-03-24T23:27:30.428+0000] {processor.py:830} INFO - Processing file /home/airflow/.local/lib/python3.8/site-packages/airflow/example_dags/example_params_trigger_ui.py for tasks to queue
[2025-03-24T23:27:30.429+0000] {logging_mixin.py:188} INFO - [2025-03-24T23:27:30.429+0000] {dagbag.py:538} INFO - Filling up the DagBag from /home/airflow/.local/lib/python3.8/site-packages/airflow/example_dags/example_params_trigger_ui.py
[2025-03-24T23:27:30.436+0000] {processor.py:840} INFO - DAG(s) 'example_params_trigger_ui' retrieved from /home/airflow/.local/lib/python3.8/site-packages/airflow/example_dags/example_params_trigger_ui.py
[2025-03-24T23:27:30.459+0000] {logging_mixin.py:188} INFO - [2025-03-24T23:27:30.459+0000] {dag.py:3033} INFO - Sync 1 DAGs
[2025-03-24T23:27:30.466+0000] {logging_mixin.py:188} INFO - [2025-03-24T23:27:30.466+0000] {dag.py:3820} INFO - Setting next_dagrun for example_params_trigger_ui to None, run_after=None
[2025-03-24T23:27:30.475+0000] {processor.py:183} INFO - Processing /home/airflow/.local/lib/python3.8/site-packages/airflow/example_dags/example_params_trigger_ui.py took 0.049 seconds
[2025-03-24T23:28:01.133+0000] {processor.py:161} INFO - Started process (PID=465) to work on /home/airflow/.local/lib/python3.8/site-packages/airflow/example_dags/example_params_trigger_ui.py
[2025-03-24T23:28:01.134+0000] {processor.py:830} INFO - Processing file /home/airflow/.local/lib/python3.8/site-packages/airflow/example_dags/example_params_trigger_ui.py for tasks to queue
[2025-03-24T23:28:01.137+0000] {logging_mixin.py:188} INFO - [2025-03-24T23:28:01.137+0000] {dagbag.py:538} INFO - Filling up the DagBag from /home/airflow/.local/lib/python3.8/site-packages/airflow/example_dags/example_params_trigger_ui.py
[2025-03-24T23:28:01.144+0000] {processor.py:840} INFO - DAG(s) 'example_params_trigger_ui' retrieved from /home/airflow/.local/lib/python3.8/site-packages/airflow/example_dags/example_params_trigger_ui.py
[2025-03-24T23:28:01.165+0000] {logging_mixin.py:188} INFO - [2025-03-24T23:28:01.165+0000] {dag.py:3033} INFO - Sync 1 DAGs
[2025-03-24T23:28:01.171+0000] {logging_mixin.py:188} INFO - [2025-03-24T23:28:01.171+0000] {dag.py:3820} INFO - Setting next_dagrun for example_params_trigger_ui to None, run_after=None
[2025-03-24T23:28:01.178+0000] {processor.py:183} INFO - Processing /home/airflow/.local/lib/python3.8/site-packages/airflow/example_dags/example_params_trigger_ui.py took 0.046 seconds
[2025-03-24T23:28:31.899+0000] {processor.py:161} INFO - Started process (PID=520) to work on /home/airflow/.local/lib/python3.8/site-packages/airflow/example_dags/example_params_trigger_ui.py
[2025-03-24T23:28:31.899+0000] {processor.py:830} INFO - Processing file /home/airflow/.local/lib/python3.8/site-packages/airflow/example_dags/example_params_trigger_ui.py for tasks to queue
[2025-03-24T23:28:31.900+0000] {logging_mixin.py:188} INFO - [2025-03-24T23:28:31.900+0000] {dagbag.py:538} INFO - Filling up the DagBag from /home/airflow/.local/lib/python3.8/site-packages/airflow/example_dags/example_params_trigger_ui.py
[2025-03-24T23:28:31.905+0000] {processor.py:840} INFO - DAG(s) 'example_params_trigger_ui' retrieved from /home/airflow/.local/lib/python3.8/site-packages/airflow/example_dags/example_params_trigger_ui.py
[2025-03-24T23:28:31.926+0000] {logging_mixin.py:188} INFO - [2025-03-24T23:28:31.926+0000] {dag.py:3033} INFO - Sync 1 DAGs
[2025-03-24T23:28:31.931+0000] {logging_mixin.py:188} INFO - [2025-03-24T23:28:31.930+0000] {dag.py:3820} INFO - Setting next_dagrun for example_params_trigger_ui to None, run_after=None
[2025-03-24T23:28:31.937+0000] {processor.py:183} INFO - Processing /home/airflow/.local/lib/python3.8/site-packages/airflow/example_dags/example_params_trigger_ui.py took 0.039 seconds
[2025-03-24T23:29:02.658+0000] {processor.py:161} INFO - Started process (PID=575) to work on /home/airflow/.local/lib/python3.8/site-packages/airflow/example_dags/example_params_trigger_ui.py
[2025-03-24T23:29:02.659+0000] {processor.py:830} INFO - Processing file /home/airflow/.local/lib/python3.8/site-packages/airflow/example_dags/example_params_trigger_ui.py for tasks to queue
[2025-03-24T23:29:02.660+0000] {logging_mixin.py:188} INFO - [2025-03-24T23:29:02.659+0000] {dagbag.py:538} INFO - Filling up the DagBag from /home/airflow/.local/lib/python3.8/site-packages/airflow/example_dags/example_params_trigger_ui.py
[2025-03-24T23:29:02.667+0000] {processor.py:840} INFO - DAG(s) 'example_params_trigger_ui' retrieved from /home/airflow/.local/lib/python3.8/site-packages/airflow/example_dags/example_params_trigger_ui.py
[2025-03-24T23:29:02.686+0000] {logging_mixin.py:188} INFO - [2025-03-24T23:29:02.686+0000] {dag.py:3033} INFO - Sync 1 DAGs
[2025-03-24T23:29:02.691+0000] {logging_mixin.py:188} INFO - [2025-03-24T23:29:02.691+0000] {dag.py:3820} INFO - Setting next_dagrun for example_params_trigger_ui to None, run_after=None
[2025-03-24T23:29:02.698+0000] {processor.py:183} INFO - Processing /home/airflow/.local/lib/python3.8/site-packages/airflow/example_dags/example_params_trigger_ui.py took 0.041 seconds
[2025-03-24T23:29:33.416+0000] {processor.py:161} INFO - Started process (PID=630) to work on /home/airflow/.local/lib/python3.8/site-packages/airflow/example_dags/example_params_trigger_ui.py
[2025-03-24T23:29:33.417+0000] {processor.py:830} INFO - Processing file /home/airflow/.local/lib/python3.8/site-packages/airflow/example_dags/example_params_trigger_ui.py for tasks to queue
[2025-03-24T23:29:33.417+0000] {logging_mixin.py:188} INFO - [2025-03-24T23:29:33.417+0000] {dagbag.py:538} INFO - Filling up the DagBag from /home/airflow/.local/lib/python3.8/site-packages/airflow/example_dags/example_params_trigger_ui.py
[2025-03-24T23:29:33.424+0000] {processor.py:840} INFO - DAG(s) 'example_params_trigger_ui' retrieved from /home/airflow/.local/lib/python3.8/site-packages/airflow/example_dags/example_params_trigger_ui.py
[2025-03-24T23:29:33.443+0000] {logging_mixin.py:188} INFO - [2025-03-24T23:29:33.443+0000] {dag.py:3033} INFO - Sync 1 DAGs
[2025-03-24T23:29:33.448+0000] {logging_mixin.py:188} INFO - [2025-03-24T23:29:33.448+0000] {dag.py:3820} INFO - Setting next_dagrun for example_params_trigger_ui to None, run_after=None
[2025-03-24T23:29:33.455+0000] {processor.py:183} INFO - Processing /home/airflow/.local/lib/python3.8/site-packages/airflow/example_dags/example_params_trigger_ui.py took 0.040 seconds
[2025-03-24T23:30:04.067+0000] {processor.py:161} INFO - Started process (PID=685) to work on /home/airflow/.local/lib/python3.8/site-packages/airflow/example_dags/example_params_trigger_ui.py
[2025-03-24T23:30:04.067+0000] {processor.py:830} INFO - Processing file /home/airflow/.local/lib/python3.8/site-packages/airflow/example_dags/example_params_trigger_ui.py for tasks to queue
[2025-03-24T23:30:04.068+0000] {logging_mixin.py:188} INFO - [2025-03-24T23:30:04.068+0000] {dagbag.py:538} INFO - Filling up the DagBag from /home/airflow/.local/lib/python3.8/site-packages/airflow/example_dags/example_params_trigger_ui.py
[2025-03-24T23:30:04.075+0000] {processor.py:840} INFO - DAG(s) 'example_params_trigger_ui' retrieved from /home/airflow/.local/lib/python3.8/site-packages/airflow/example_dags/example_params_trigger_ui.py
[2025-03-24T23:30:04.095+0000] {logging_mixin.py:188} INFO - [2025-03-24T23:30:04.095+0000] {dag.py:3033} INFO - Sync 1 DAGs
[2025-03-24T23:30:04.101+0000] {logging_mixin.py:188} INFO - [2025-03-24T23:30:04.101+0000] {dag.py:3820} INFO - Setting next_dagrun for example_params_trigger_ui to None, run_after=None
[2025-03-24T23:30:04.109+0000] {processor.py:183} INFO - Processing /home/airflow/.local/lib/python3.8/site-packages/airflow/example_dags/example_params_trigger_ui.py took 0.044 seconds
[2025-03-24T23:30:34.608+0000] {processor.py:161} INFO - Started process (PID=740) to work on /home/airflow/.local/lib/python3.8/site-packages/airflow/example_dags/example_params_trigger_ui.py
[2025-03-24T23:30:34.609+0000] {processor.py:830} INFO - Processing file /home/airflow/.local/lib/python3.8/site-packages/airflow/example_dags/example_params_trigger_ui.py for tasks to queue
[2025-03-24T23:30:34.610+0000] {logging_mixin.py:188} INFO - [2025-03-24T23:30:34.609+0000] {dagbag.py:538} INFO - Filling up the DagBag from /home/airflow/.local/lib/python3.8/site-packages/airflow/example_dags/example_params_trigger_ui.py
[2025-03-24T23:30:34.616+0000] {processor.py:840} INFO - DAG(s) 'example_params_trigger_ui' retrieved from /home/airflow/.local/lib/python3.8/site-packages/airflow/example_dags/example_params_trigger_ui.py
[2025-03-24T23:30:34.634+0000] {logging_mixin.py:188} INFO - [2025-03-24T23:30:34.634+0000] {dag.py:3033} INFO - Sync 1 DAGs
[2025-03-24T23:30:34.640+0000] {logging_mixin.py:188} INFO - [2025-03-24T23:30:34.640+0000] {dag.py:3820} INFO - Setting next_dagrun for example_params_trigger_ui to None, run_after=None
[2025-03-24T23:30:34.647+0000] {processor.py:183} INFO - Processing /home/airflow/.local/lib/python3.8/site-packages/airflow/example_dags/example_params_trigger_ui.py took 0.041 seconds
[2025-03-24T23:31:05.472+0000] {processor.py:161} INFO - Started process (PID=795) to work on /home/airflow/.local/lib/python3.8/site-packages/airflow/example_dags/example_params_trigger_ui.py
[2025-03-24T23:31:05.475+0000] {processor.py:830} INFO - Processing file /home/airflow/.local/lib/python3.8/site-packages/airflow/example_dags/example_params_trigger_ui.py for tasks to queue
[2025-03-24T23:31:05.477+0000] {logging_mixin.py:188} INFO - [2025-03-24T23:31:05.477+0000] {dagbag.py:538} INFO - Filling up the DagBag from /home/airflow/.local/lib/python3.8/site-packages/airflow/example_dags/example_params_trigger_ui.py
[2025-03-24T23:31:05.483+0000] {processor.py:840} INFO - DAG(s) 'example_params_trigger_ui' retrieved from /home/airflow/.local/lib/python3.8/site-packages/airflow/example_dags/example_params_trigger_ui.py
[2025-03-24T23:31:05.503+0000] {logging_mixin.py:188} INFO - [2025-03-24T23:31:05.502+0000] {dag.py:3033} INFO - Sync 1 DAGs
[2025-03-24T23:31:05.508+0000] {logging_mixin.py:188} INFO - [2025-03-24T23:31:05.508+0000] {dag.py:3820} INFO - Setting next_dagrun for example_params_trigger_ui to None, run_after=None
[2025-03-24T23:31:05.515+0000] {processor.py:183} INFO - Processing /home/airflow/.local/lib/python3.8/site-packages/airflow/example_dags/example_params_trigger_ui.py took 0.044 seconds
[2025-03-24T23:31:36.248+0000] {processor.py:161} INFO - Started process (PID=850) to work on /home/airflow/.local/lib/python3.8/site-packages/airflow/example_dags/example_params_trigger_ui.py
[2025-03-24T23:31:36.249+0000] {processor.py:830} INFO - Processing file /home/airflow/.local/lib/python3.8/site-packages/airflow/example_dags/example_params_trigger_ui.py for tasks to queue
[2025-03-24T23:31:36.253+0000] {logging_mixin.py:188} INFO - [2025-03-24T23:31:36.252+0000] {dagbag.py:538} INFO - Filling up the DagBag from /home/airflow/.local/lib/python3.8/site-packages/airflow/example_dags/example_params_trigger_ui.py
[2025-03-24T23:31:36.259+0000] {processor.py:840} INFO - DAG(s) 'example_params_trigger_ui' retrieved from /home/airflow/.local/lib/python3.8/site-packages/airflow/example_dags/example_params_trigger_ui.py
[2025-03-24T23:31:36.277+0000] {logging_mixin.py:188} INFO - [2025-03-24T23:31:36.277+0000] {dag.py:3033} INFO - Sync 1 DAGs
[2025-03-24T23:31:36.282+0000] {logging_mixin.py:188} INFO - [2025-03-24T23:31:36.282+0000] {dag.py:3820} INFO - Setting next_dagrun for example_params_trigger_ui to None, run_after=None
[2025-03-24T23:31:36.289+0000] {processor.py:183} INFO - Processing /home/airflow/.local/lib/python3.8/site-packages/airflow/example_dags/example_params_trigger_ui.py took 0.042 seconds
[2025-03-24T23:32:07.073+0000] {processor.py:161} INFO - Started process (PID=905) to work on /home/airflow/.local/lib/python3.8/site-packages/airflow/example_dags/example_params_trigger_ui.py
[2025-03-24T23:32:07.074+0000] {processor.py:830} INFO - Processing file /home/airflow/.local/lib/python3.8/site-packages/airflow/example_dags/example_params_trigger_ui.py for tasks to queue
[2025-03-24T23:32:07.078+0000] {logging_mixin.py:188} INFO - [2025-03-24T23:32:07.078+0000] {dagbag.py:538} INFO - Filling up the DagBag from /home/airflow/.local/lib/python3.8/site-packages/airflow/example_dags/example_params_trigger_ui.py
[2025-03-24T23:32:07.084+0000] {processor.py:840} INFO - DAG(s) 'example_params_trigger_ui' retrieved from /home/airflow/.local/lib/python3.8/site-packages/airflow/example_dags/example_params_trigger_ui.py
[2025-03-24T23:32:07.104+0000] {logging_mixin.py:188} INFO - [2025-03-24T23:32:07.104+0000] {dag.py:3033} INFO - Sync 1 DAGs
[2025-03-24T23:32:07.111+0000] {logging_mixin.py:188} INFO - [2025-03-24T23:32:07.111+0000] {dag.py:3820} INFO - Setting next_dagrun for example_params_trigger_ui to None, run_after=None
[2025-03-24T23:32:07.119+0000] {processor.py:183} INFO - Processing /home/airflow/.local/lib/python3.8/site-packages/airflow/example_dags/example_params_trigger_ui.py took 0.047 seconds
[2025-03-24T23:32:38.010+0000] {processor.py:161} INFO - Started process (PID=960) to work on /home/airflow/.local/lib/python3.8/site-packages/airflow/example_dags/example_params_trigger_ui.py
[2025-03-24T23:32:38.012+0000] {processor.py:830} INFO - Processing file /home/airflow/.local/lib/python3.8/site-packages/airflow/example_dags/example_params_trigger_ui.py for tasks to queue
[2025-03-24T23:32:38.013+0000] {logging_mixin.py:188} INFO - [2025-03-24T23:32:38.013+0000] {dagbag.py:538} INFO - Filling up the DagBag from /home/airflow/.local/lib/python3.8/site-packages/airflow/example_dags/example_params_trigger_ui.py
[2025-03-24T23:32:38.019+0000] {processor.py:840} INFO - DAG(s) 'example_params_trigger_ui' retrieved from /home/airflow/.local/lib/python3.8/site-packages/airflow/example_dags/example_params_trigger_ui.py
[2025-03-24T23:32:38.039+0000] {logging_mixin.py:188} INFO - [2025-03-24T23:32:38.038+0000] {dag.py:3033} INFO - Sync 1 DAGs
[2025-03-24T23:32:38.044+0000] {logging_mixin.py:188} INFO - [2025-03-24T23:32:38.044+0000] {dag.py:3820} INFO - Setting next_dagrun for example_params_trigger_ui to None, run_after=None
[2025-03-24T23:32:38.054+0000] {processor.py:183} INFO - Processing /home/airflow/.local/lib/python3.8/site-packages/airflow/example_dags/example_params_trigger_ui.py took 0.046 seconds
[2025-03-24T23:33:08.655+0000] {processor.py:161} INFO - Started process (PID=1015) to work on /home/airflow/.local/lib/python3.8/site-packages/airflow/example_dags/example_params_trigger_ui.py
[2025-03-24T23:33:08.656+0000] {processor.py:830} INFO - Processing file /home/airflow/.local/lib/python3.8/site-packages/airflow/example_dags/example_params_trigger_ui.py for tasks to queue
[2025-03-24T23:33:08.657+0000] {logging_mixin.py:188} INFO - [2025-03-24T23:33:08.657+0000] {dagbag.py:538} INFO - Filling up the DagBag from /home/airflow/.local/lib/python3.8/site-packages/airflow/example_dags/example_params_trigger_ui.py
[2025-03-24T23:33:08.662+0000] {processor.py:840} INFO - DAG(s) 'example_params_trigger_ui' retrieved from /home/airflow/.local/lib/python3.8/site-packages/airflow/example_dags/example_params_trigger_ui.py
[2025-03-24T23:33:08.680+0000] {logging_mixin.py:188} INFO - [2025-03-24T23:33:08.680+0000] {dag.py:3033} INFO - Sync 1 DAGs
[2025-03-24T23:33:08.685+0000] {logging_mixin.py:188} INFO - [2025-03-24T23:33:08.685+0000] {dag.py:3820} INFO - Setting next_dagrun for example_params_trigger_ui to None, run_after=None
[2025-03-24T23:33:08.691+0000] {processor.py:183} INFO - Processing /home/airflow/.local/lib/python3.8/site-packages/airflow/example_dags/example_params_trigger_ui.py took 0.037 seconds
[2025-03-24T23:33:39.129+0000] {processor.py:161} INFO - Started process (PID=1070) to work on /home/airflow/.local/lib/python3.8/site-packages/airflow/example_dags/example_params_trigger_ui.py
[2025-03-24T23:33:39.132+0000] {processor.py:830} INFO - Processing file /home/airflow/.local/lib/python3.8/site-packages/airflow/example_dags/example_params_trigger_ui.py for tasks to queue
[2025-03-24T23:33:39.133+0000] {logging_mixin.py:188} INFO - [2025-03-24T23:33:39.133+0000] {dagbag.py:538} INFO - Filling up the DagBag from /home/airflow/.local/lib/python3.8/site-packages/airflow/example_dags/example_params_trigger_ui.py
[2025-03-24T23:33:39.139+0000] {processor.py:840} INFO - DAG(s) 'example_params_trigger_ui' retrieved from /home/airflow/.local/lib/python3.8/site-packages/airflow/example_dags/example_params_trigger_ui.py
[2025-03-24T23:33:39.167+0000] {logging_mixin.py:188} INFO - [2025-03-24T23:33:39.167+0000] {dag.py:3033} INFO - Sync 1 DAGs
[2025-03-24T23:33:39.172+0000] {logging_mixin.py:188} INFO - [2025-03-24T23:33:39.172+0000] {dag.py:3820} INFO - Setting next_dagrun for example_params_trigger_ui to None, run_after=None
[2025-03-24T23:33:39.180+0000] {processor.py:183} INFO - Processing /home/airflow/.local/lib/python3.8/site-packages/airflow/example_dags/example_params_trigger_ui.py took 0.053 seconds
[2025-03-24T23:34:09.672+0000] {processor.py:161} INFO - Started process (PID=1125) to work on /home/airflow/.local/lib/python3.8/site-packages/airflow/example_dags/example_params_trigger_ui.py
[2025-03-24T23:34:09.673+0000] {processor.py:830} INFO - Processing file /home/airflow/.local/lib/python3.8/site-packages/airflow/example_dags/example_params_trigger_ui.py for tasks to queue
[2025-03-24T23:34:09.674+0000] {logging_mixin.py:188} INFO - [2025-03-24T23:34:09.673+0000] {dagbag.py:538} INFO - Filling up the DagBag from /home/airflow/.local/lib/python3.8/site-packages/airflow/example_dags/example_params_trigger_ui.py
[2025-03-24T23:34:09.681+0000] {processor.py:840} INFO - DAG(s) 'example_params_trigger_ui' retrieved from /home/airflow/.local/lib/python3.8/site-packages/airflow/example_dags/example_params_trigger_ui.py
[2025-03-24T23:34:09.702+0000] {logging_mixin.py:188} INFO - [2025-03-24T23:34:09.702+0000] {dag.py:3033} INFO - Sync 1 DAGs
[2025-03-24T23:34:09.707+0000] {logging_mixin.py:188} INFO - [2025-03-24T23:34:09.707+0000] {dag.py:3820} INFO - Setting next_dagrun for example_params_trigger_ui to None, run_after=None
[2025-03-24T23:34:09.715+0000] {processor.py:183} INFO - Processing /home/airflow/.local/lib/python3.8/site-packages/airflow/example_dags/example_params_trigger_ui.py took 0.045 seconds
[2025-03-24T23:34:40.474+0000] {processor.py:161} INFO - Started process (PID=1180) to work on /home/airflow/.local/lib/python3.8/site-packages/airflow/example_dags/example_params_trigger_ui.py
[2025-03-24T23:34:40.475+0000] {processor.py:830} INFO - Processing file /home/airflow/.local/lib/python3.8/site-packages/airflow/example_dags/example_params_trigger_ui.py for tasks to queue
[2025-03-24T23:34:40.476+0000] {logging_mixin.py:188} INFO - [2025-03-24T23:34:40.476+0000] {dagbag.py:538} INFO - Filling up the DagBag from /home/airflow/.local/lib/python3.8/site-packages/airflow/example_dags/example_params_trigger_ui.py
[2025-03-24T23:34:40.489+0000] {processor.py:840} INFO - DAG(s) 'example_params_trigger_ui' retrieved from /home/airflow/.local/lib/python3.8/site-packages/airflow/example_dags/example_params_trigger_ui.py
[2025-03-24T23:34:40.533+0000] {logging_mixin.py:188} INFO - [2025-03-24T23:34:40.533+0000] {dag.py:3033} INFO - Sync 1 DAGs
[2025-03-24T23:34:40.541+0000] {logging_mixin.py:188} INFO - [2025-03-24T23:34:40.541+0000] {dag.py:3820} INFO - Setting next_dagrun for example_params_trigger_ui to None, run_after=None
[2025-03-24T23:34:40.553+0000] {processor.py:183} INFO - Processing /home/airflow/.local/lib/python3.8/site-packages/airflow/example_dags/example_params_trigger_ui.py took 0.081 seconds
[2025-03-24T23:35:10.643+0000] {processor.py:161} INFO - Started process (PID=1235) to work on /home/airflow/.local/lib/python3.8/site-packages/airflow/example_dags/example_params_trigger_ui.py
[2025-03-24T23:35:10.644+0000] {processor.py:830} INFO - Processing file /home/airflow/.local/lib/python3.8/site-packages/airflow/example_dags/example_params_trigger_ui.py for tasks to queue
[2025-03-24T23:35:10.645+0000] {logging_mixin.py:188} INFO - [2025-03-24T23:35:10.645+0000] {dagbag.py:538} INFO - Filling up the DagBag from /home/airflow/.local/lib/python3.8/site-packages/airflow/example_dags/example_params_trigger_ui.py
[2025-03-24T23:35:10.651+0000] {processor.py:840} INFO - DAG(s) 'example_params_trigger_ui' retrieved from /home/airflow/.local/lib/python3.8/site-packages/airflow/example_dags/example_params_trigger_ui.py
[2025-03-24T23:35:10.674+0000] {logging_mixin.py:188} INFO - [2025-03-24T23:35:10.674+0000] {dag.py:3033} INFO - Sync 1 DAGs
[2025-03-24T23:35:10.680+0000] {logging_mixin.py:188} INFO - [2025-03-24T23:35:10.680+0000] {dag.py:3820} INFO - Setting next_dagrun for example_params_trigger_ui to None, run_after=None
[2025-03-24T23:35:10.690+0000] {processor.py:183} INFO - Processing /home/airflow/.local/lib/python3.8/site-packages/airflow/example_dags/example_params_trigger_ui.py took 0.048 seconds
[2025-03-24T23:35:41.485+0000] {processor.py:161} INFO - Started process (PID=1290) to work on /home/airflow/.local/lib/python3.8/site-packages/airflow/example_dags/example_params_trigger_ui.py
[2025-03-24T23:35:41.485+0000] {processor.py:830} INFO - Processing file /home/airflow/.local/lib/python3.8/site-packages/airflow/example_dags/example_params_trigger_ui.py for tasks to queue
[2025-03-24T23:35:41.486+0000] {logging_mixin.py:188} INFO - [2025-03-24T23:35:41.486+0000] {dagbag.py:538} INFO - Filling up the DagBag from /home/airflow/.local/lib/python3.8/site-packages/airflow/example_dags/example_params_trigger_ui.py
[2025-03-24T23:35:41.491+0000] {processor.py:840} INFO - DAG(s) 'example_params_trigger_ui' retrieved from /home/airflow/.local/lib/python3.8/site-packages/airflow/example_dags/example_params_trigger_ui.py
[2025-03-24T23:35:41.508+0000] {logging_mixin.py:188} INFO - [2025-03-24T23:35:41.508+0000] {dag.py:3033} INFO - Sync 1 DAGs
[2025-03-24T23:35:41.513+0000] {logging_mixin.py:188} INFO - [2025-03-24T23:35:41.513+0000] {dag.py:3820} INFO - Setting next_dagrun for example_params_trigger_ui to None, run_after=None
[2025-03-24T23:35:41.519+0000] {processor.py:183} INFO - Processing /home/airflow/.local/lib/python3.8/site-packages/airflow/example_dags/example_params_trigger_ui.py took 0.035 seconds
[2025-03-24T23:36:12.136+0000] {processor.py:161} INFO - Started process (PID=1345) to work on /home/airflow/.local/lib/python3.8/site-packages/airflow/example_dags/example_params_trigger_ui.py
[2025-03-24T23:36:12.137+0000] {processor.py:830} INFO - Processing file /home/airflow/.local/lib/python3.8/site-packages/airflow/example_dags/example_params_trigger_ui.py for tasks to queue
[2025-03-24T23:36:12.138+0000] {logging_mixin.py:188} INFO - [2025-03-24T23:36:12.138+0000] {dagbag.py:538} INFO - Filling up the DagBag from /home/airflow/.local/lib/python3.8/site-packages/airflow/example_dags/example_params_trigger_ui.py
[2025-03-24T23:36:12.144+0000] {processor.py:840} INFO - DAG(s) 'example_params_trigger_ui' retrieved from /home/airflow/.local/lib/python3.8/site-packages/airflow/example_dags/example_params_trigger_ui.py
[2025-03-24T23:36:12.163+0000] {logging_mixin.py:188} INFO - [2025-03-24T23:36:12.162+0000] {dag.py:3033} INFO - Sync 1 DAGs
[2025-03-24T23:36:12.168+0000] {logging_mixin.py:188} INFO - [2025-03-24T23:36:12.167+0000] {dag.py:3820} INFO - Setting next_dagrun for example_params_trigger_ui to None, run_after=None
[2025-03-24T23:36:12.176+0000] {processor.py:183} INFO - Processing /home/airflow/.local/lib/python3.8/site-packages/airflow/example_dags/example_params_trigger_ui.py took 0.040 seconds
[2025-03-24T23:36:42.881+0000] {processor.py:161} INFO - Started process (PID=1400) to work on /home/airflow/.local/lib/python3.8/site-packages/airflow/example_dags/example_params_trigger_ui.py
[2025-03-24T23:36:42.882+0000] {processor.py:830} INFO - Processing file /home/airflow/.local/lib/python3.8/site-packages/airflow/example_dags/example_params_trigger_ui.py for tasks to queue
[2025-03-24T23:36:42.883+0000] {logging_mixin.py:188} INFO - [2025-03-24T23:36:42.883+0000] {dagbag.py:538} INFO - Filling up the DagBag from /home/airflow/.local/lib/python3.8/site-packages/airflow/example_dags/example_params_trigger_ui.py
[2025-03-24T23:36:42.890+0000] {processor.py:840} INFO - DAG(s) 'example_params_trigger_ui' retrieved from /home/airflow/.local/lib/python3.8/site-packages/airflow/example_dags/example_params_trigger_ui.py
[2025-03-24T23:36:42.910+0000] {logging_mixin.py:188} INFO - [2025-03-24T23:36:42.910+0000] {dag.py:3033} INFO - Sync 1 DAGs
[2025-03-24T23:36:42.916+0000] {logging_mixin.py:188} INFO - [2025-03-24T23:36:42.916+0000] {dag.py:3820} INFO - Setting next_dagrun for example_params_trigger_ui to None, run_after=None
[2025-03-24T23:36:42.923+0000] {processor.py:183} INFO - Processing /home/airflow/.local/lib/python3.8/site-packages/airflow/example_dags/example_params_trigger_ui.py took 0.043 seconds
[2025-03-24T23:37:13.732+0000] {processor.py:161} INFO - Started process (PID=1455) to work on /home/airflow/.local/lib/python3.8/site-packages/airflow/example_dags/example_params_trigger_ui.py
[2025-03-24T23:37:13.733+0000] {processor.py:830} INFO - Processing file /home/airflow/.local/lib/python3.8/site-packages/airflow/example_dags/example_params_trigger_ui.py for tasks to queue
[2025-03-24T23:37:13.734+0000] {logging_mixin.py:188} INFO - [2025-03-24T23:37:13.734+0000] {dagbag.py:538} INFO - Filling up the DagBag from /home/airflow/.local/lib/python3.8/site-packages/airflow/example_dags/example_params_trigger_ui.py
[2025-03-24T23:37:13.739+0000] {processor.py:840} INFO - DAG(s) 'example_params_trigger_ui' retrieved from /home/airflow/.local/lib/python3.8/site-packages/airflow/example_dags/example_params_trigger_ui.py
[2025-03-24T23:37:13.764+0000] {logging_mixin.py:188} INFO - [2025-03-24T23:37:13.764+0000] {dag.py:3033} INFO - Sync 1 DAGs
[2025-03-24T23:37:13.769+0000] {logging_mixin.py:188} INFO - [2025-03-24T23:37:13.769+0000] {dag.py:3820} INFO - Setting next_dagrun for example_params_trigger_ui to None, run_after=None
[2025-03-24T23:37:13.779+0000] {processor.py:183} INFO - Processing /home/airflow/.local/lib/python3.8/site-packages/airflow/example_dags/example_params_trigger_ui.py took 0.049 seconds
[2025-03-24T23:37:44.597+0000] {processor.py:161} INFO - Started process (PID=1510) to work on /home/airflow/.local/lib/python3.8/site-packages/airflow/example_dags/example_params_trigger_ui.py
[2025-03-24T23:37:44.598+0000] {processor.py:830} INFO - Processing file /home/airflow/.local/lib/python3.8/site-packages/airflow/example_dags/example_params_trigger_ui.py for tasks to queue
[2025-03-24T23:37:44.599+0000] {logging_mixin.py:188} INFO - [2025-03-24T23:37:44.599+0000] {dagbag.py:538} INFO - Filling up the DagBag from /home/airflow/.local/lib/python3.8/site-packages/airflow/example_dags/example_params_trigger_ui.py
[2025-03-24T23:37:44.604+0000] {processor.py:840} INFO - DAG(s) 'example_params_trigger_ui' retrieved from /home/airflow/.local/lib/python3.8/site-packages/airflow/example_dags/example_params_trigger_ui.py
[2025-03-24T23:37:44.621+0000] {logging_mixin.py:188} INFO - [2025-03-24T23:37:44.621+0000] {dag.py:3033} INFO - Sync 1 DAGs
[2025-03-24T23:37:44.626+0000] {logging_mixin.py:188} INFO - [2025-03-24T23:37:44.626+0000] {dag.py:3820} INFO - Setting next_dagrun for example_params_trigger_ui to None, run_after=None
[2025-03-24T23:37:44.632+0000] {processor.py:183} INFO - Processing /home/airflow/.local/lib/python3.8/site-packages/airflow/example_dags/example_params_trigger_ui.py took 0.036 seconds
[2025-03-24T23:38:15.325+0000] {processor.py:161} INFO - Started process (PID=1565) to work on /home/airflow/.local/lib/python3.8/site-packages/airflow/example_dags/example_params_trigger_ui.py
[2025-03-24T23:38:15.325+0000] {processor.py:830} INFO - Processing file /home/airflow/.local/lib/python3.8/site-packages/airflow/example_dags/example_params_trigger_ui.py for tasks to queue
[2025-03-24T23:38:15.326+0000] {logging_mixin.py:188} INFO - [2025-03-24T23:38:15.326+0000] {dagbag.py:538} INFO - Filling up the DagBag from /home/airflow/.local/lib/python3.8/site-packages/airflow/example_dags/example_params_trigger_ui.py
[2025-03-24T23:38:15.332+0000] {processor.py:840} INFO - DAG(s) 'example_params_trigger_ui' retrieved from /home/airflow/.local/lib/python3.8/site-packages/airflow/example_dags/example_params_trigger_ui.py
[2025-03-24T23:38:15.353+0000] {logging_mixin.py:188} INFO - [2025-03-24T23:38:15.353+0000] {dag.py:3033} INFO - Sync 1 DAGs
[2025-03-24T23:38:15.358+0000] {logging_mixin.py:188} INFO - [2025-03-24T23:38:15.358+0000] {dag.py:3820} INFO - Setting next_dagrun for example_params_trigger_ui to None, run_after=None
[2025-03-24T23:38:15.366+0000] {processor.py:183} INFO - Processing /home/airflow/.local/lib/python3.8/site-packages/airflow/example_dags/example_params_trigger_ui.py took 0.043 seconds
[2025-03-24T23:38:46.017+0000] {processor.py:161} INFO - Started process (PID=1620) to work on /home/airflow/.local/lib/python3.8/site-packages/airflow/example_dags/example_params_trigger_ui.py
[2025-03-24T23:38:46.018+0000] {processor.py:830} INFO - Processing file /home/airflow/.local/lib/python3.8/site-packages/airflow/example_dags/example_params_trigger_ui.py for tasks to queue
[2025-03-24T23:38:46.019+0000] {logging_mixin.py:188} INFO - [2025-03-24T23:38:46.019+0000] {dagbag.py:538} INFO - Filling up the DagBag from /home/airflow/.local/lib/python3.8/site-packages/airflow/example_dags/example_params_trigger_ui.py
[2025-03-24T23:38:46.024+0000] {processor.py:840} INFO - DAG(s) 'example_params_trigger_ui' retrieved from /home/airflow/.local/lib/python3.8/site-packages/airflow/example_dags/example_params_trigger_ui.py
[2025-03-24T23:38:46.042+0000] {logging_mixin.py:188} INFO - [2025-03-24T23:38:46.041+0000] {dag.py:3033} INFO - Sync 1 DAGs
[2025-03-24T23:38:46.046+0000] {logging_mixin.py:188} INFO - [2025-03-24T23:38:46.046+0000] {dag.py:3820} INFO - Setting next_dagrun for example_params_trigger_ui to None, run_after=None
[2025-03-24T23:38:46.053+0000] {processor.py:183} INFO - Processing /home/airflow/.local/lib/python3.8/site-packages/airflow/example_dags/example_params_trigger_ui.py took 0.037 seconds
[2025-03-24T23:39:16.929+0000] {processor.py:161} INFO - Started process (PID=1675) to work on /home/airflow/.local/lib/python3.8/site-packages/airflow/example_dags/example_params_trigger_ui.py
[2025-03-24T23:39:16.931+0000] {processor.py:830} INFO - Processing file /home/airflow/.local/lib/python3.8/site-packages/airflow/example_dags/example_params_trigger_ui.py for tasks to queue
[2025-03-24T23:39:16.932+0000] {logging_mixin.py:188} INFO - [2025-03-24T23:39:16.932+0000] {dagbag.py:538} INFO - Filling up the DagBag from /home/airflow/.local/lib/python3.8/site-packages/airflow/example_dags/example_params_trigger_ui.py
[2025-03-24T23:39:16.939+0000] {processor.py:840} INFO - DAG(s) 'example_params_trigger_ui' retrieved from /home/airflow/.local/lib/python3.8/site-packages/airflow/example_dags/example_params_trigger_ui.py
[2025-03-24T23:39:16.963+0000] {logging_mixin.py:188} INFO - [2025-03-24T23:39:16.963+0000] {dag.py:3033} INFO - Sync 1 DAGs
[2025-03-24T23:39:16.969+0000] {logging_mixin.py:188} INFO - [2025-03-24T23:39:16.969+0000] {dag.py:3820} INFO - Setting next_dagrun for example_params_trigger_ui to None, run_after=None
[2025-03-24T23:39:16.988+0000] {processor.py:183} INFO - Processing /home/airflow/.local/lib/python3.8/site-packages/airflow/example_dags/example_params_trigger_ui.py took 0.062 seconds
[2025-03-24T23:39:47.734+0000] {processor.py:161} INFO - Started process (PID=1730) to work on /home/airflow/.local/lib/python3.8/site-packages/airflow/example_dags/example_params_trigger_ui.py
[2025-03-24T23:39:47.737+0000] {processor.py:830} INFO - Processing file /home/airflow/.local/lib/python3.8/site-packages/airflow/example_dags/example_params_trigger_ui.py for tasks to queue
[2025-03-24T23:39:47.738+0000] {logging_mixin.py:188} INFO - [2025-03-24T23:39:47.738+0000] {dagbag.py:538} INFO - Filling up the DagBag from /home/airflow/.local/lib/python3.8/site-packages/airflow/example_dags/example_params_trigger_ui.py
[2025-03-24T23:39:47.744+0000] {processor.py:840} INFO - DAG(s) 'example_params_trigger_ui' retrieved from /home/airflow/.local/lib/python3.8/site-packages/airflow/example_dags/example_params_trigger_ui.py
[2025-03-24T23:39:47.765+0000] {logging_mixin.py:188} INFO - [2025-03-24T23:39:47.765+0000] {dag.py:3033} INFO - Sync 1 DAGs
[2025-03-24T23:39:47.771+0000] {logging_mixin.py:188} INFO - [2025-03-24T23:39:47.771+0000] {dag.py:3820} INFO - Setting next_dagrun for example_params_trigger_ui to None, run_after=None
[2025-03-24T23:39:47.778+0000] {processor.py:183} INFO - Processing /home/airflow/.local/lib/python3.8/site-packages/airflow/example_dags/example_params_trigger_ui.py took 0.045 seconds
[2025-03-24T23:40:18.288+0000] {processor.py:161} INFO - Started process (PID=1785) to work on /home/airflow/.local/lib/python3.8/site-packages/airflow/example_dags/example_params_trigger_ui.py
[2025-03-24T23:40:18.288+0000] {processor.py:830} INFO - Processing file /home/airflow/.local/lib/python3.8/site-packages/airflow/example_dags/example_params_trigger_ui.py for tasks to queue
[2025-03-24T23:40:18.289+0000] {logging_mixin.py:188} INFO - [2025-03-24T23:40:18.289+0000] {dagbag.py:538} INFO - Filling up the DagBag from /home/airflow/.local/lib/python3.8/site-packages/airflow/example_dags/example_params_trigger_ui.py
[2025-03-24T23:40:18.295+0000] {processor.py:840} INFO - DAG(s) 'example_params_trigger_ui' retrieved from /home/airflow/.local/lib/python3.8/site-packages/airflow/example_dags/example_params_trigger_ui.py
[2025-03-24T23:40:18.314+0000] {logging_mixin.py:188} INFO - [2025-03-24T23:40:18.314+0000] {dag.py:3033} INFO - Sync 1 DAGs
[2025-03-24T23:40:18.320+0000] {logging_mixin.py:188} INFO - [2025-03-24T23:40:18.320+0000] {dag.py:3820} INFO - Setting next_dagrun for example_params_trigger_ui to None, run_after=None
[2025-03-24T23:40:18.326+0000] {processor.py:183} INFO - Processing /home/airflow/.local/lib/python3.8/site-packages/airflow/example_dags/example_params_trigger_ui.py took 0.040 seconds
[2025-03-24T23:40:48.857+0000] {processor.py:161} INFO - Started process (PID=1840) to work on /home/airflow/.local/lib/python3.8/site-packages/airflow/example_dags/example_params_trigger_ui.py
[2025-03-24T23:40:48.857+0000] {processor.py:830} INFO - Processing file /home/airflow/.local/lib/python3.8/site-packages/airflow/example_dags/example_params_trigger_ui.py for tasks to queue
[2025-03-24T23:40:48.858+0000] {logging_mixin.py:188} INFO - [2025-03-24T23:40:48.858+0000] {dagbag.py:538} INFO - Filling up the DagBag from /home/airflow/.local/lib/python3.8/site-packages/airflow/example_dags/example_params_trigger_ui.py
[2025-03-24T23:40:48.863+0000] {processor.py:840} INFO - DAG(s) 'example_params_trigger_ui' retrieved from /home/airflow/.local/lib/python3.8/site-packages/airflow/example_dags/example_params_trigger_ui.py
[2025-03-24T23:40:48.880+0000] {logging_mixin.py:188} INFO - [2025-03-24T23:40:48.880+0000] {dag.py:3033} INFO - Sync 1 DAGs
[2025-03-24T23:40:48.885+0000] {logging_mixin.py:188} INFO - [2025-03-24T23:40:48.885+0000] {dag.py:3820} INFO - Setting next_dagrun for example_params_trigger_ui to None, run_after=None
[2025-03-24T23:40:48.891+0000] {processor.py:183} INFO - Processing /home/airflow/.local/lib/python3.8/site-packages/airflow/example_dags/example_params_trigger_ui.py took 0.035 seconds
[2025-03-24T23:41:19.507+0000] {processor.py:161} INFO - Started process (PID=1895) to work on /home/airflow/.local/lib/python3.8/site-packages/airflow/example_dags/example_params_trigger_ui.py
[2025-03-24T23:41:19.509+0000] {processor.py:830} INFO - Processing file /home/airflow/.local/lib/python3.8/site-packages/airflow/example_dags/example_params_trigger_ui.py for tasks to queue
[2025-03-24T23:41:19.510+0000] {logging_mixin.py:188} INFO - [2025-03-24T23:41:19.510+0000] {dagbag.py:538} INFO - Filling up the DagBag from /home/airflow/.local/lib/python3.8/site-packages/airflow/example_dags/example_params_trigger_ui.py
[2025-03-24T23:41:19.516+0000] {processor.py:840} INFO - DAG(s) 'example_params_trigger_ui' retrieved from /home/airflow/.local/lib/python3.8/site-packages/airflow/example_dags/example_params_trigger_ui.py
[2025-03-24T23:41:19.535+0000] {logging_mixin.py:188} INFO - [2025-03-24T23:41:19.535+0000] {dag.py:3033} INFO - Sync 1 DAGs
[2025-03-24T23:41:19.540+0000] {logging_mixin.py:188} INFO - [2025-03-24T23:41:19.539+0000] {dag.py:3820} INFO - Setting next_dagrun for example_params_trigger_ui to None, run_after=None
[2025-03-24T23:41:19.547+0000] {processor.py:183} INFO - Processing /home/airflow/.local/lib/python3.8/site-packages/airflow/example_dags/example_params_trigger_ui.py took 0.041 seconds
[2025-03-24T23:41:50.131+0000] {processor.py:161} INFO - Started process (PID=1950) to work on /home/airflow/.local/lib/python3.8/site-packages/airflow/example_dags/example_params_trigger_ui.py
[2025-03-24T23:41:50.132+0000] {processor.py:830} INFO - Processing file /home/airflow/.local/lib/python3.8/site-packages/airflow/example_dags/example_params_trigger_ui.py for tasks to queue
[2025-03-24T23:41:50.134+0000] {logging_mixin.py:188} INFO - [2025-03-24T23:41:50.134+0000] {dagbag.py:538} INFO - Filling up the DagBag from /home/airflow/.local/lib/python3.8/site-packages/airflow/example_dags/example_params_trigger_ui.py
[2025-03-24T23:41:50.140+0000] {processor.py:840} INFO - DAG(s) 'example_params_trigger_ui' retrieved from /home/airflow/.local/lib/python3.8/site-packages/airflow/example_dags/example_params_trigger_ui.py
[2025-03-24T23:41:50.160+0000] {logging_mixin.py:188} INFO - [2025-03-24T23:41:50.160+0000] {dag.py:3033} INFO - Sync 1 DAGs
[2025-03-24T23:41:50.165+0000] {logging_mixin.py:188} INFO - [2025-03-24T23:41:50.165+0000] {dag.py:3820} INFO - Setting next_dagrun for example_params_trigger_ui to None, run_after=None
[2025-03-24T23:41:50.172+0000] {processor.py:183} INFO - Processing /home/airflow/.local/lib/python3.8/site-packages/airflow/example_dags/example_params_trigger_ui.py took 0.043 seconds
[2025-03-24T23:42:20.681+0000] {processor.py:161} INFO - Started process (PID=2005) to work on /home/airflow/.local/lib/python3.8/site-packages/airflow/example_dags/example_params_trigger_ui.py
[2025-03-24T23:42:20.682+0000] {processor.py:830} INFO - Processing file /home/airflow/.local/lib/python3.8/site-packages/airflow/example_dags/example_params_trigger_ui.py for tasks to queue
[2025-03-24T23:42:20.683+0000] {logging_mixin.py:188} INFO - [2025-03-24T23:42:20.683+0000] {dagbag.py:538} INFO - Filling up the DagBag from /home/airflow/.local/lib/python3.8/site-packages/airflow/example_dags/example_params_trigger_ui.py
[2025-03-24T23:42:20.689+0000] {processor.py:840} INFO - DAG(s) 'example_params_trigger_ui' retrieved from /home/airflow/.local/lib/python3.8/site-packages/airflow/example_dags/example_params_trigger_ui.py
[2025-03-24T23:42:20.708+0000] {logging_mixin.py:188} INFO - [2025-03-24T23:42:20.708+0000] {dag.py:3033} INFO - Sync 1 DAGs
[2025-03-24T23:42:20.713+0000] {logging_mixin.py:188} INFO - [2025-03-24T23:42:20.713+0000] {dag.py:3820} INFO - Setting next_dagrun for example_params_trigger_ui to None, run_after=None
[2025-03-24T23:42:20.723+0000] {processor.py:183} INFO - Processing /home/airflow/.local/lib/python3.8/site-packages/airflow/example_dags/example_params_trigger_ui.py took 0.043 seconds
[2025-03-24T23:42:51.149+0000] {processor.py:161} INFO - Started process (PID=2060) to work on /home/airflow/.local/lib/python3.8/site-packages/airflow/example_dags/example_params_trigger_ui.py
[2025-03-24T23:42:51.150+0000] {processor.py:830} INFO - Processing file /home/airflow/.local/lib/python3.8/site-packages/airflow/example_dags/example_params_trigger_ui.py for tasks to queue
[2025-03-24T23:42:51.154+0000] {logging_mixin.py:188} INFO - [2025-03-24T23:42:51.153+0000] {dagbag.py:538} INFO - Filling up the DagBag from /home/airflow/.local/lib/python3.8/site-packages/airflow/example_dags/example_params_trigger_ui.py
[2025-03-24T23:42:51.160+0000] {processor.py:840} INFO - DAG(s) 'example_params_trigger_ui' retrieved from /home/airflow/.local/lib/python3.8/site-packages/airflow/example_dags/example_params_trigger_ui.py
[2025-03-24T23:42:51.179+0000] {logging_mixin.py:188} INFO - [2025-03-24T23:42:51.179+0000] {dag.py:3033} INFO - Sync 1 DAGs
[2025-03-24T23:42:51.184+0000] {logging_mixin.py:188} INFO - [2025-03-24T23:42:51.184+0000] {dag.py:3820} INFO - Setting next_dagrun for example_params_trigger_ui to None, run_after=None
[2025-03-24T23:42:51.191+0000] {processor.py:183} INFO - Processing /home/airflow/.local/lib/python3.8/site-packages/airflow/example_dags/example_params_trigger_ui.py took 0.043 seconds
[2025-03-24T23:43:21.715+0000] {processor.py:161} INFO - Started process (PID=2115) to work on /home/airflow/.local/lib/python3.8/site-packages/airflow/example_dags/example_params_trigger_ui.py
[2025-03-24T23:43:21.717+0000] {processor.py:830} INFO - Processing file /home/airflow/.local/lib/python3.8/site-packages/airflow/example_dags/example_params_trigger_ui.py for tasks to queue
[2025-03-24T23:43:21.718+0000] {logging_mixin.py:188} INFO - [2025-03-24T23:43:21.718+0000] {dagbag.py:538} INFO - Filling up the DagBag from /home/airflow/.local/lib/python3.8/site-packages/airflow/example_dags/example_params_trigger_ui.py
[2025-03-24T23:43:21.724+0000] {processor.py:840} INFO - DAG(s) 'example_params_trigger_ui' retrieved from /home/airflow/.local/lib/python3.8/site-packages/airflow/example_dags/example_params_trigger_ui.py
[2025-03-24T23:43:21.742+0000] {logging_mixin.py:188} INFO - [2025-03-24T23:43:21.742+0000] {dag.py:3033} INFO - Sync 1 DAGs
[2025-03-24T23:43:21.747+0000] {logging_mixin.py:188} INFO - [2025-03-24T23:43:21.747+0000] {dag.py:3820} INFO - Setting next_dagrun for example_params_trigger_ui to None, run_after=None
[2025-03-24T23:43:21.753+0000] {processor.py:183} INFO - Processing /home/airflow/.local/lib/python3.8/site-packages/airflow/example_dags/example_params_trigger_ui.py took 0.040 seconds
[2025-03-24T23:43:52.377+0000] {processor.py:161} INFO - Started process (PID=2170) to work on /home/airflow/.local/lib/python3.8/site-packages/airflow/example_dags/example_params_trigger_ui.py
[2025-03-24T23:43:52.377+0000] {processor.py:830} INFO - Processing file /home/airflow/.local/lib/python3.8/site-packages/airflow/example_dags/example_params_trigger_ui.py for tasks to queue
[2025-03-24T23:43:52.378+0000] {logging_mixin.py:188} INFO - [2025-03-24T23:43:52.378+0000] {dagbag.py:538} INFO - Filling up the DagBag from /home/airflow/.local/lib/python3.8/site-packages/airflow/example_dags/example_params_trigger_ui.py
[2025-03-24T23:43:52.384+0000] {processor.py:840} INFO - DAG(s) 'example_params_trigger_ui' retrieved from /home/airflow/.local/lib/python3.8/site-packages/airflow/example_dags/example_params_trigger_ui.py
[2025-03-24T23:43:52.404+0000] {logging_mixin.py:188} INFO - [2025-03-24T23:43:52.403+0000] {dag.py:3033} INFO - Sync 1 DAGs
[2025-03-24T23:43:52.410+0000] {logging_mixin.py:188} INFO - [2025-03-24T23:43:52.410+0000] {dag.py:3820} INFO - Setting next_dagrun for example_params_trigger_ui to None, run_after=None
[2025-03-24T23:43:52.416+0000] {processor.py:183} INFO - Processing /home/airflow/.local/lib/python3.8/site-packages/airflow/example_dags/example_params_trigger_ui.py took 0.041 seconds
[2025-03-24T23:44:23.029+0000] {processor.py:161} INFO - Started process (PID=2225) to work on /home/airflow/.local/lib/python3.8/site-packages/airflow/example_dags/example_params_trigger_ui.py
[2025-03-24T23:44:23.031+0000] {processor.py:830} INFO - Processing file /home/airflow/.local/lib/python3.8/site-packages/airflow/example_dags/example_params_trigger_ui.py for tasks to queue
[2025-03-24T23:44:23.032+0000] {logging_mixin.py:188} INFO - [2025-03-24T23:44:23.032+0000] {dagbag.py:538} INFO - Filling up the DagBag from /home/airflow/.local/lib/python3.8/site-packages/airflow/example_dags/example_params_trigger_ui.py
[2025-03-24T23:44:23.038+0000] {processor.py:840} INFO - DAG(s) 'example_params_trigger_ui' retrieved from /home/airflow/.local/lib/python3.8/site-packages/airflow/example_dags/example_params_trigger_ui.py
[2025-03-24T23:44:23.058+0000] {logging_mixin.py:188} INFO - [2025-03-24T23:44:23.058+0000] {dag.py:3033} INFO - Sync 1 DAGs
[2025-03-24T23:44:23.063+0000] {logging_mixin.py:188} INFO - [2025-03-24T23:44:23.063+0000] {dag.py:3820} INFO - Setting next_dagrun for example_params_trigger_ui to None, run_after=None
[2025-03-24T23:44:23.070+0000] {processor.py:183} INFO - Processing /home/airflow/.local/lib/python3.8/site-packages/airflow/example_dags/example_params_trigger_ui.py took 0.042 seconds
[2025-03-24T23:44:53.718+0000] {processor.py:161} INFO - Started process (PID=2280) to work on /home/airflow/.local/lib/python3.8/site-packages/airflow/example_dags/example_params_trigger_ui.py
[2025-03-24T23:44:53.719+0000] {processor.py:830} INFO - Processing file /home/airflow/.local/lib/python3.8/site-packages/airflow/example_dags/example_params_trigger_ui.py for tasks to queue
[2025-03-24T23:44:53.720+0000] {logging_mixin.py:188} INFO - [2025-03-24T23:44:53.719+0000] {dagbag.py:538} INFO - Filling up the DagBag from /home/airflow/.local/lib/python3.8/site-packages/airflow/example_dags/example_params_trigger_ui.py
[2025-03-24T23:44:53.725+0000] {processor.py:840} INFO - DAG(s) 'example_params_trigger_ui' retrieved from /home/airflow/.local/lib/python3.8/site-packages/airflow/example_dags/example_params_trigger_ui.py
[2025-03-24T23:44:53.745+0000] {logging_mixin.py:188} INFO - [2025-03-24T23:44:53.744+0000] {dag.py:3033} INFO - Sync 1 DAGs
[2025-03-24T23:44:53.750+0000] {logging_mixin.py:188} INFO - [2025-03-24T23:44:53.750+0000] {dag.py:3820} INFO - Setting next_dagrun for example_params_trigger_ui to None, run_after=None
[2025-03-24T23:44:53.757+0000] {processor.py:183} INFO - Processing /home/airflow/.local/lib/python3.8/site-packages/airflow/example_dags/example_params_trigger_ui.py took 0.041 seconds
[2025-03-24T23:45:24.152+0000] {processor.py:161} INFO - Started process (PID=2335) to work on /home/airflow/.local/lib/python3.8/site-packages/airflow/example_dags/example_params_trigger_ui.py
[2025-03-24T23:45:24.152+0000] {processor.py:830} INFO - Processing file /home/airflow/.local/lib/python3.8/site-packages/airflow/example_dags/example_params_trigger_ui.py for tasks to queue
[2025-03-24T23:45:24.153+0000] {logging_mixin.py:188} INFO - [2025-03-24T23:45:24.153+0000] {dagbag.py:538} INFO - Filling up the DagBag from /home/airflow/.local/lib/python3.8/site-packages/airflow/example_dags/example_params_trigger_ui.py
[2025-03-24T23:45:24.159+0000] {processor.py:840} INFO - DAG(s) 'example_params_trigger_ui' retrieved from /home/airflow/.local/lib/python3.8/site-packages/airflow/example_dags/example_params_trigger_ui.py
[2025-03-24T23:45:24.180+0000] {logging_mixin.py:188} INFO - [2025-03-24T23:45:24.179+0000] {dag.py:3033} INFO - Sync 1 DAGs
[2025-03-24T23:45:24.185+0000] {logging_mixin.py:188} INFO - [2025-03-24T23:45:24.184+0000] {dag.py:3820} INFO - Setting next_dagrun for example_params_trigger_ui to None, run_after=None
[2025-03-24T23:45:24.191+0000] {processor.py:183} INFO - Processing /home/airflow/.local/lib/python3.8/site-packages/airflow/example_dags/example_params_trigger_ui.py took 0.041 seconds
[2025-03-24T23:45:54.815+0000] {processor.py:161} INFO - Started process (PID=2389) to work on /home/airflow/.local/lib/python3.8/site-packages/airflow/example_dags/example_params_trigger_ui.py
[2025-03-24T23:45:54.816+0000] {processor.py:830} INFO - Processing file /home/airflow/.local/lib/python3.8/site-packages/airflow/example_dags/example_params_trigger_ui.py for tasks to queue
[2025-03-24T23:45:54.818+0000] {logging_mixin.py:188} INFO - [2025-03-24T23:45:54.818+0000] {dagbag.py:538} INFO - Filling up the DagBag from /home/airflow/.local/lib/python3.8/site-packages/airflow/example_dags/example_params_trigger_ui.py
[2025-03-24T23:45:54.826+0000] {processor.py:840} INFO - DAG(s) 'example_params_trigger_ui' retrieved from /home/airflow/.local/lib/python3.8/site-packages/airflow/example_dags/example_params_trigger_ui.py
[2025-03-24T23:45:54.844+0000] {logging_mixin.py:188} INFO - [2025-03-24T23:45:54.844+0000] {dag.py:3033} INFO - Sync 1 DAGs
[2025-03-24T23:45:54.849+0000] {logging_mixin.py:188} INFO - [2025-03-24T23:45:54.849+0000] {dag.py:3820} INFO - Setting next_dagrun for example_params_trigger_ui to None, run_after=None
[2025-03-24T23:45:54.856+0000] {processor.py:183} INFO - Processing /home/airflow/.local/lib/python3.8/site-packages/airflow/example_dags/example_params_trigger_ui.py took 0.042 seconds
[2025-03-24T23:46:25.708+0000] {processor.py:161} INFO - Started process (PID=2444) to work on /home/airflow/.local/lib/python3.8/site-packages/airflow/example_dags/example_params_trigger_ui.py
[2025-03-24T23:46:25.708+0000] {processor.py:830} INFO - Processing file /home/airflow/.local/lib/python3.8/site-packages/airflow/example_dags/example_params_trigger_ui.py for tasks to queue
[2025-03-24T23:46:25.711+0000] {logging_mixin.py:188} INFO - [2025-03-24T23:46:25.711+0000] {dagbag.py:538} INFO - Filling up the DagBag from /home/airflow/.local/lib/python3.8/site-packages/airflow/example_dags/example_params_trigger_ui.py
[2025-03-24T23:46:25.717+0000] {processor.py:840} INFO - DAG(s) 'example_params_trigger_ui' retrieved from /home/airflow/.local/lib/python3.8/site-packages/airflow/example_dags/example_params_trigger_ui.py
[2025-03-24T23:46:25.736+0000] {logging_mixin.py:188} INFO - [2025-03-24T23:46:25.736+0000] {dag.py:3033} INFO - Sync 1 DAGs
[2025-03-24T23:46:25.744+0000] {logging_mixin.py:188} INFO - [2025-03-24T23:46:25.744+0000] {dag.py:3820} INFO - Setting next_dagrun for example_params_trigger_ui to None, run_after=None
[2025-03-24T23:46:25.751+0000] {processor.py:183} INFO - Processing /home/airflow/.local/lib/python3.8/site-packages/airflow/example_dags/example_params_trigger_ui.py took 0.045 seconds
[2025-03-24T23:46:56.595+0000] {processor.py:161} INFO - Started process (PID=2499) to work on /home/airflow/.local/lib/python3.8/site-packages/airflow/example_dags/example_params_trigger_ui.py
[2025-03-24T23:46:56.596+0000] {processor.py:830} INFO - Processing file /home/airflow/.local/lib/python3.8/site-packages/airflow/example_dags/example_params_trigger_ui.py for tasks to queue
[2025-03-24T23:46:56.596+0000] {logging_mixin.py:188} INFO - [2025-03-24T23:46:56.596+0000] {dagbag.py:538} INFO - Filling up the DagBag from /home/airflow/.local/lib/python3.8/site-packages/airflow/example_dags/example_params_trigger_ui.py
[2025-03-24T23:46:56.602+0000] {processor.py:840} INFO - DAG(s) 'example_params_trigger_ui' retrieved from /home/airflow/.local/lib/python3.8/site-packages/airflow/example_dags/example_params_trigger_ui.py
[2025-03-24T23:46:56.619+0000] {logging_mixin.py:188} INFO - [2025-03-24T23:46:56.619+0000] {dag.py:3033} INFO - Sync 1 DAGs
[2025-03-24T23:46:56.623+0000] {logging_mixin.py:188} INFO - [2025-03-24T23:46:56.623+0000] {dag.py:3820} INFO - Setting next_dagrun for example_params_trigger_ui to None, run_after=None
[2025-03-24T23:46:56.630+0000] {processor.py:183} INFO - Processing /home/airflow/.local/lib/python3.8/site-packages/airflow/example_dags/example_params_trigger_ui.py took 0.036 seconds
[2025-03-24T23:47:27.722+0000] {processor.py:161} INFO - Started process (PID=2554) to work on /home/airflow/.local/lib/python3.8/site-packages/airflow/example_dags/example_params_trigger_ui.py
[2025-03-24T23:47:27.723+0000] {processor.py:830} INFO - Processing file /home/airflow/.local/lib/python3.8/site-packages/airflow/example_dags/example_params_trigger_ui.py for tasks to queue
[2025-03-24T23:47:27.726+0000] {logging_mixin.py:188} INFO - [2025-03-24T23:47:27.725+0000] {dagbag.py:538} INFO - Filling up the DagBag from /home/airflow/.local/lib/python3.8/site-packages/airflow/example_dags/example_params_trigger_ui.py
[2025-03-24T23:47:27.732+0000] {processor.py:840} INFO - DAG(s) 'example_params_trigger_ui' retrieved from /home/airflow/.local/lib/python3.8/site-packages/airflow/example_dags/example_params_trigger_ui.py
[2025-03-24T23:47:27.751+0000] {logging_mixin.py:188} INFO - [2025-03-24T23:47:27.750+0000] {dag.py:3033} INFO - Sync 1 DAGs
[2025-03-24T23:47:27.755+0000] {logging_mixin.py:188} INFO - [2025-03-24T23:47:27.755+0000] {dag.py:3820} INFO - Setting next_dagrun for example_params_trigger_ui to None, run_after=None
[2025-03-24T23:47:27.762+0000] {processor.py:183} INFO - Processing /home/airflow/.local/lib/python3.8/site-packages/airflow/example_dags/example_params_trigger_ui.py took 0.041 seconds
[2025-03-24T23:47:57.904+0000] {processor.py:161} INFO - Started process (PID=2609) to work on /home/airflow/.local/lib/python3.8/site-packages/airflow/example_dags/example_params_trigger_ui.py
[2025-03-24T23:47:57.905+0000] {processor.py:830} INFO - Processing file /home/airflow/.local/lib/python3.8/site-packages/airflow/example_dags/example_params_trigger_ui.py for tasks to queue
[2025-03-24T23:47:57.906+0000] {logging_mixin.py:188} INFO - [2025-03-24T23:47:57.906+0000] {dagbag.py:538} INFO - Filling up the DagBag from /home/airflow/.local/lib/python3.8/site-packages/airflow/example_dags/example_params_trigger_ui.py
[2025-03-24T23:47:57.912+0000] {processor.py:840} INFO - DAG(s) 'example_params_trigger_ui' retrieved from /home/airflow/.local/lib/python3.8/site-packages/airflow/example_dags/example_params_trigger_ui.py
[2025-03-24T23:47:57.931+0000] {logging_mixin.py:188} INFO - [2025-03-24T23:47:57.931+0000] {dag.py:3033} INFO - Sync 1 DAGs
[2025-03-24T23:47:57.936+0000] {logging_mixin.py:188} INFO - [2025-03-24T23:47:57.935+0000] {dag.py:3820} INFO - Setting next_dagrun for example_params_trigger_ui to None, run_after=None
[2025-03-24T23:47:57.943+0000] {processor.py:183} INFO - Processing /home/airflow/.local/lib/python3.8/site-packages/airflow/example_dags/example_params_trigger_ui.py took 0.040 seconds
[2025-03-24T23:48:28.198+0000] {processor.py:161} INFO - Started process (PID=2664) to work on /home/airflow/.local/lib/python3.8/site-packages/airflow/example_dags/example_params_trigger_ui.py
[2025-03-24T23:48:28.199+0000] {processor.py:830} INFO - Processing file /home/airflow/.local/lib/python3.8/site-packages/airflow/example_dags/example_params_trigger_ui.py for tasks to queue
[2025-03-24T23:48:28.200+0000] {logging_mixin.py:188} INFO - [2025-03-24T23:48:28.200+0000] {dagbag.py:538} INFO - Filling up the DagBag from /home/airflow/.local/lib/python3.8/site-packages/airflow/example_dags/example_params_trigger_ui.py
[2025-03-24T23:48:28.207+0000] {processor.py:840} INFO - DAG(s) 'example_params_trigger_ui' retrieved from /home/airflow/.local/lib/python3.8/site-packages/airflow/example_dags/example_params_trigger_ui.py
[2025-03-24T23:48:28.229+0000] {logging_mixin.py:188} INFO - [2025-03-24T23:48:28.229+0000] {dag.py:3033} INFO - Sync 1 DAGs
[2025-03-24T23:48:28.309+0000] {logging_mixin.py:188} INFO - [2025-03-24T23:48:28.309+0000] {dag.py:3820} INFO - Setting next_dagrun for example_params_trigger_ui to None, run_after=None
[2025-03-24T23:48:28.317+0000] {processor.py:183} INFO - Processing /home/airflow/.local/lib/python3.8/site-packages/airflow/example_dags/example_params_trigger_ui.py took 0.121 seconds
[2025-03-24T23:48:58.363+0000] {processor.py:161} INFO - Started process (PID=2719) to work on /home/airflow/.local/lib/python3.8/site-packages/airflow/example_dags/example_params_trigger_ui.py
[2025-03-24T23:48:58.363+0000] {processor.py:830} INFO - Processing file /home/airflow/.local/lib/python3.8/site-packages/airflow/example_dags/example_params_trigger_ui.py for tasks to queue
[2025-03-24T23:48:58.364+0000] {logging_mixin.py:188} INFO - [2025-03-24T23:48:58.364+0000] {dagbag.py:538} INFO - Filling up the DagBag from /home/airflow/.local/lib/python3.8/site-packages/airflow/example_dags/example_params_trigger_ui.py
[2025-03-24T23:48:58.369+0000] {processor.py:840} INFO - DAG(s) 'example_params_trigger_ui' retrieved from /home/airflow/.local/lib/python3.8/site-packages/airflow/example_dags/example_params_trigger_ui.py
[2025-03-24T23:48:58.386+0000] {logging_mixin.py:188} INFO - [2025-03-24T23:48:58.386+0000] {dag.py:3033} INFO - Sync 1 DAGs
[2025-03-24T23:48:58.391+0000] {logging_mixin.py:188} INFO - [2025-03-24T23:48:58.391+0000] {dag.py:3820} INFO - Setting next_dagrun for example_params_trigger_ui to None, run_after=None
[2025-03-24T23:48:58.396+0000] {processor.py:183} INFO - Processing /home/airflow/.local/lib/python3.8/site-packages/airflow/example_dags/example_params_trigger_ui.py took 0.035 seconds
[2025-03-24T23:49:28.518+0000] {processor.py:161} INFO - Started process (PID=2774) to work on /home/airflow/.local/lib/python3.8/site-packages/airflow/example_dags/example_params_trigger_ui.py
[2025-03-24T23:49:28.519+0000] {processor.py:830} INFO - Processing file /home/airflow/.local/lib/python3.8/site-packages/airflow/example_dags/example_params_trigger_ui.py for tasks to queue
[2025-03-24T23:49:28.521+0000] {logging_mixin.py:188} INFO - [2025-03-24T23:49:28.521+0000] {dagbag.py:538} INFO - Filling up the DagBag from /home/airflow/.local/lib/python3.8/site-packages/airflow/example_dags/example_params_trigger_ui.py
[2025-03-24T23:49:28.527+0000] {processor.py:840} INFO - DAG(s) 'example_params_trigger_ui' retrieved from /home/airflow/.local/lib/python3.8/site-packages/airflow/example_dags/example_params_trigger_ui.py
[2025-03-24T23:49:28.546+0000] {logging_mixin.py:188} INFO - [2025-03-24T23:49:28.546+0000] {dag.py:3033} INFO - Sync 1 DAGs
[2025-03-24T23:49:28.552+0000] {logging_mixin.py:188} INFO - [2025-03-24T23:49:28.552+0000] {dag.py:3820} INFO - Setting next_dagrun for example_params_trigger_ui to None, run_after=None
[2025-03-24T23:49:28.562+0000] {processor.py:183} INFO - Processing /home/airflow/.local/lib/python3.8/site-packages/airflow/example_dags/example_params_trigger_ui.py took 0.046 seconds
[2025-03-24T23:49:59.502+0000] {processor.py:161} INFO - Started process (PID=2828) to work on /home/airflow/.local/lib/python3.8/site-packages/airflow/example_dags/example_params_trigger_ui.py
[2025-03-24T23:49:59.504+0000] {processor.py:830} INFO - Processing file /home/airflow/.local/lib/python3.8/site-packages/airflow/example_dags/example_params_trigger_ui.py for tasks to queue
[2025-03-24T23:49:59.505+0000] {logging_mixin.py:188} INFO - [2025-03-24T23:49:59.505+0000] {dagbag.py:538} INFO - Filling up the DagBag from /home/airflow/.local/lib/python3.8/site-packages/airflow/example_dags/example_params_trigger_ui.py
[2025-03-24T23:49:59.512+0000] {processor.py:840} INFO - DAG(s) 'example_params_trigger_ui' retrieved from /home/airflow/.local/lib/python3.8/site-packages/airflow/example_dags/example_params_trigger_ui.py
[2025-03-24T23:49:59.620+0000] {logging_mixin.py:188} INFO - [2025-03-24T23:49:59.620+0000] {dag.py:3033} INFO - Sync 1 DAGs
[2025-03-24T23:49:59.624+0000] {logging_mixin.py:188} INFO - [2025-03-24T23:49:59.624+0000] {dag.py:3820} INFO - Setting next_dagrun for example_params_trigger_ui to None, run_after=None
[2025-03-24T23:49:59.631+0000] {processor.py:183} INFO - Processing /home/airflow/.local/lib/python3.8/site-packages/airflow/example_dags/example_params_trigger_ui.py took 0.131 seconds
[2025-03-24T23:50:30.252+0000] {processor.py:161} INFO - Started process (PID=2883) to work on /home/airflow/.local/lib/python3.8/site-packages/airflow/example_dags/example_params_trigger_ui.py
[2025-03-24T23:50:30.254+0000] {processor.py:830} INFO - Processing file /home/airflow/.local/lib/python3.8/site-packages/airflow/example_dags/example_params_trigger_ui.py for tasks to queue
[2025-03-24T23:50:30.254+0000] {logging_mixin.py:188} INFO - [2025-03-24T23:50:30.254+0000] {dagbag.py:538} INFO - Filling up the DagBag from /home/airflow/.local/lib/python3.8/site-packages/airflow/example_dags/example_params_trigger_ui.py
[2025-03-24T23:50:30.260+0000] {processor.py:840} INFO - DAG(s) 'example_params_trigger_ui' retrieved from /home/airflow/.local/lib/python3.8/site-packages/airflow/example_dags/example_params_trigger_ui.py
[2025-03-24T23:50:30.355+0000] {logging_mixin.py:188} INFO - [2025-03-24T23:50:30.355+0000] {dag.py:3033} INFO - Sync 1 DAGs
[2025-03-24T23:50:30.362+0000] {logging_mixin.py:188} INFO - [2025-03-24T23:50:30.362+0000] {dag.py:3820} INFO - Setting next_dagrun for example_params_trigger_ui to None, run_after=None
[2025-03-24T23:50:30.374+0000] {processor.py:183} INFO - Processing /home/airflow/.local/lib/python3.8/site-packages/airflow/example_dags/example_params_trigger_ui.py took 0.123 seconds
[2025-03-24T23:51:00.740+0000] {processor.py:161} INFO - Started process (PID=2938) to work on /home/airflow/.local/lib/python3.8/site-packages/airflow/example_dags/example_params_trigger_ui.py
[2025-03-24T23:51:00.740+0000] {processor.py:830} INFO - Processing file /home/airflow/.local/lib/python3.8/site-packages/airflow/example_dags/example_params_trigger_ui.py for tasks to queue
[2025-03-24T23:51:00.741+0000] {logging_mixin.py:188} INFO - [2025-03-24T23:51:00.741+0000] {dagbag.py:538} INFO - Filling up the DagBag from /home/airflow/.local/lib/python3.8/site-packages/airflow/example_dags/example_params_trigger_ui.py
[2025-03-24T23:51:00.747+0000] {processor.py:840} INFO - DAG(s) 'example_params_trigger_ui' retrieved from /home/airflow/.local/lib/python3.8/site-packages/airflow/example_dags/example_params_trigger_ui.py
[2025-03-24T23:51:00.773+0000] {logging_mixin.py:188} INFO - [2025-03-24T23:51:00.773+0000] {dag.py:3033} INFO - Sync 1 DAGs
[2025-03-24T23:51:00.779+0000] {logging_mixin.py:188} INFO - [2025-03-24T23:51:00.779+0000] {dag.py:3820} INFO - Setting next_dagrun for example_params_trigger_ui to None, run_after=None
[2025-03-24T23:51:00.787+0000] {processor.py:183} INFO - Processing /home/airflow/.local/lib/python3.8/site-packages/airflow/example_dags/example_params_trigger_ui.py took 0.049 seconds
[2025-03-24T23:51:31.563+0000] {processor.py:161} INFO - Started process (PID=2993) to work on /home/airflow/.local/lib/python3.8/site-packages/airflow/example_dags/example_params_trigger_ui.py
[2025-03-24T23:51:31.564+0000] {processor.py:830} INFO - Processing file /home/airflow/.local/lib/python3.8/site-packages/airflow/example_dags/example_params_trigger_ui.py for tasks to queue
[2025-03-24T23:51:31.564+0000] {logging_mixin.py:188} INFO - [2025-03-24T23:51:31.564+0000] {dagbag.py:538} INFO - Filling up the DagBag from /home/airflow/.local/lib/python3.8/site-packages/airflow/example_dags/example_params_trigger_ui.py
[2025-03-24T23:51:31.573+0000] {processor.py:840} INFO - DAG(s) 'example_params_trigger_ui' retrieved from /home/airflow/.local/lib/python3.8/site-packages/airflow/example_dags/example_params_trigger_ui.py
[2025-03-24T23:51:31.600+0000] {logging_mixin.py:188} INFO - [2025-03-24T23:51:31.600+0000] {dag.py:3033} INFO - Sync 1 DAGs
[2025-03-24T23:51:31.607+0000] {logging_mixin.py:188} INFO - [2025-03-24T23:51:31.607+0000] {dag.py:3820} INFO - Setting next_dagrun for example_params_trigger_ui to None, run_after=None
[2025-03-24T23:51:31.623+0000] {processor.py:183} INFO - Processing /home/airflow/.local/lib/python3.8/site-packages/airflow/example_dags/example_params_trigger_ui.py took 0.062 seconds
