[2025-03-24T23:24:25.830+0000] {processor.py:161} INFO - Started process (PID=51) to work on /home/airflow/.local/lib/python3.8/site-packages/airflow/example_dags/example_params_ui_tutorial.py
[2025-03-24T23:24:25.833+0000] {processor.py:830} INFO - Processing file /home/airflow/.local/lib/python3.8/site-packages/airflow/example_dags/example_params_ui_tutorial.py for tasks to queue
[2025-03-24T23:24:25.836+0000] {logging_mixin.py:188} INFO - [2025-03-24T23:24:25.836+0000] {dagbag.py:538} INFO - Filling up the DagBag from /home/airflow/.local/lib/python3.8/site-packages/airflow/example_dags/example_params_ui_tutorial.py
[2025-03-24T23:24:25.849+0000] {processor.py:840} INFO - DAG(s) 'example_params_ui_tutorial' retrieved from /home/airflow/.local/lib/python3.8/site-packages/airflow/example_dags/example_params_ui_tutorial.py
[2025-03-24T23:24:25.861+0000] {logging_mixin.py:188} INFO - [2025-03-24T23:24:25.860+0000] {dag.py:3033} INFO - Sync 1 DAGs
[2025-03-24T23:24:25.877+0000] {logging_mixin.py:188} INFO - [2025-03-24T23:24:25.877+0000] {dag.py:3820} INFO - Setting next_dagrun for example_params_ui_tutorial to None, run_after=None
[2025-03-24T23:24:25.892+0000] {processor.py:183} INFO - Processing /home/airflow/.local/lib/python3.8/site-packages/airflow/example_dags/example_params_ui_tutorial.py took 0.065 seconds
[2025-03-24T23:24:56.048+0000] {processor.py:161} INFO - Started process (PID=106) to work on /home/airflow/.local/lib/python3.8/site-packages/airflow/example_dags/example_params_ui_tutorial.py
[2025-03-24T23:24:56.049+0000] {processor.py:830} INFO - Processing file /home/airflow/.local/lib/python3.8/site-packages/airflow/example_dags/example_params_ui_tutorial.py for tasks to queue
[2025-03-24T23:24:56.051+0000] {logging_mixin.py:188} INFO - [2025-03-24T23:24:56.050+0000] {dagbag.py:538} INFO - Filling up the DagBag from /home/airflow/.local/lib/python3.8/site-packages/airflow/example_dags/example_params_ui_tutorial.py
[2025-03-24T23:24:56.057+0000] {processor.py:840} INFO - DAG(s) 'example_params_ui_tutorial' retrieved from /home/airflow/.local/lib/python3.8/site-packages/airflow/example_dags/example_params_ui_tutorial.py
[2025-03-24T23:24:56.118+0000] {logging_mixin.py:188} INFO - [2025-03-24T23:24:56.118+0000] {dag.py:3033} INFO - Sync 1 DAGs
[2025-03-24T23:24:56.123+0000] {logging_mixin.py:188} INFO - [2025-03-24T23:24:56.122+0000] {dag.py:3820} INFO - Setting next_dagrun for example_params_ui_tutorial to None, run_after=None
[2025-03-24T23:24:56.131+0000] {processor.py:183} INFO - Processing /home/airflow/.local/lib/python3.8/site-packages/airflow/example_dags/example_params_ui_tutorial.py took 0.085 seconds
[2025-03-24T23:25:26.183+0000] {processor.py:161} INFO - Started process (PID=161) to work on /home/airflow/.local/lib/python3.8/site-packages/airflow/example_dags/example_params_ui_tutorial.py
[2025-03-24T23:25:26.183+0000] {processor.py:830} INFO - Processing file /home/airflow/.local/lib/python3.8/site-packages/airflow/example_dags/example_params_ui_tutorial.py for tasks to queue
[2025-03-24T23:25:26.184+0000] {logging_mixin.py:188} INFO - [2025-03-24T23:25:26.184+0000] {dagbag.py:538} INFO - Filling up the DagBag from /home/airflow/.local/lib/python3.8/site-packages/airflow/example_dags/example_params_ui_tutorial.py
[2025-03-24T23:25:26.190+0000] {processor.py:840} INFO - DAG(s) 'example_params_ui_tutorial' retrieved from /home/airflow/.local/lib/python3.8/site-packages/airflow/example_dags/example_params_ui_tutorial.py
[2025-03-24T23:25:26.213+0000] {logging_mixin.py:188} INFO - [2025-03-24T23:25:26.213+0000] {dag.py:3033} INFO - Sync 1 DAGs
[2025-03-24T23:25:26.218+0000] {logging_mixin.py:188} INFO - [2025-03-24T23:25:26.218+0000] {dag.py:3820} INFO - Setting next_dagrun for example_params_ui_tutorial to None, run_after=None
[2025-03-24T23:25:26.225+0000] {processor.py:183} INFO - Processing /home/airflow/.local/lib/python3.8/site-packages/airflow/example_dags/example_params_ui_tutorial.py took 0.044 seconds
[2025-03-24T23:25:56.805+0000] {processor.py:161} INFO - Started process (PID=216) to work on /home/airflow/.local/lib/python3.8/site-packages/airflow/example_dags/example_params_ui_tutorial.py
[2025-03-24T23:25:56.806+0000] {processor.py:830} INFO - Processing file /home/airflow/.local/lib/python3.8/site-packages/airflow/example_dags/example_params_ui_tutorial.py for tasks to queue
[2025-03-24T23:25:56.808+0000] {logging_mixin.py:188} INFO - [2025-03-24T23:25:56.808+0000] {dagbag.py:538} INFO - Filling up the DagBag from /home/airflow/.local/lib/python3.8/site-packages/airflow/example_dags/example_params_ui_tutorial.py
[2025-03-24T23:25:56.814+0000] {processor.py:840} INFO - DAG(s) 'example_params_ui_tutorial' retrieved from /home/airflow/.local/lib/python3.8/site-packages/airflow/example_dags/example_params_ui_tutorial.py
[2025-03-24T23:25:56.837+0000] {logging_mixin.py:188} INFO - [2025-03-24T23:25:56.837+0000] {dag.py:3033} INFO - Sync 1 DAGs
[2025-03-24T23:25:56.845+0000] {logging_mixin.py:188} INFO - [2025-03-24T23:25:56.845+0000] {dag.py:3820} INFO - Setting next_dagrun for example_params_ui_tutorial to None, run_after=None
[2025-03-24T23:25:56.854+0000] {processor.py:183} INFO - Processing /home/airflow/.local/lib/python3.8/site-packages/airflow/example_dags/example_params_ui_tutorial.py took 0.050 seconds
[2025-03-24T23:26:27.559+0000] {processor.py:161} INFO - Started process (PID=271) to work on /home/airflow/.local/lib/python3.8/site-packages/airflow/example_dags/example_params_ui_tutorial.py
[2025-03-24T23:26:27.560+0000] {processor.py:830} INFO - Processing file /home/airflow/.local/lib/python3.8/site-packages/airflow/example_dags/example_params_ui_tutorial.py for tasks to queue
[2025-03-24T23:26:27.563+0000] {logging_mixin.py:188} INFO - [2025-03-24T23:26:27.562+0000] {dagbag.py:538} INFO - Filling up the DagBag from /home/airflow/.local/lib/python3.8/site-packages/airflow/example_dags/example_params_ui_tutorial.py
[2025-03-24T23:26:27.575+0000] {processor.py:840} INFO - DAG(s) 'example_params_ui_tutorial' retrieved from /home/airflow/.local/lib/python3.8/site-packages/airflow/example_dags/example_params_ui_tutorial.py
[2025-03-24T23:26:27.603+0000] {logging_mixin.py:188} INFO - [2025-03-24T23:26:27.603+0000] {dag.py:3033} INFO - Sync 1 DAGs
[2025-03-24T23:26:27.608+0000] {logging_mixin.py:188} INFO - [2025-03-24T23:26:27.608+0000] {dag.py:3820} INFO - Setting next_dagrun for example_params_ui_tutorial to None, run_after=None
[2025-03-24T23:26:27.616+0000] {processor.py:183} INFO - Processing /home/airflow/.local/lib/python3.8/site-packages/airflow/example_dags/example_params_ui_tutorial.py took 0.060 seconds
[2025-03-24T23:26:58.124+0000] {processor.py:161} INFO - Started process (PID=326) to work on /home/airflow/.local/lib/python3.8/site-packages/airflow/example_dags/example_params_ui_tutorial.py
[2025-03-24T23:26:58.124+0000] {processor.py:830} INFO - Processing file /home/airflow/.local/lib/python3.8/site-packages/airflow/example_dags/example_params_ui_tutorial.py for tasks to queue
[2025-03-24T23:26:58.125+0000] {logging_mixin.py:188} INFO - [2025-03-24T23:26:58.125+0000] {dagbag.py:538} INFO - Filling up the DagBag from /home/airflow/.local/lib/python3.8/site-packages/airflow/example_dags/example_params_ui_tutorial.py
[2025-03-24T23:26:58.130+0000] {processor.py:840} INFO - DAG(s) 'example_params_ui_tutorial' retrieved from /home/airflow/.local/lib/python3.8/site-packages/airflow/example_dags/example_params_ui_tutorial.py
[2025-03-24T23:26:58.152+0000] {logging_mixin.py:188} INFO - [2025-03-24T23:26:58.152+0000] {dag.py:3033} INFO - Sync 1 DAGs
[2025-03-24T23:26:58.156+0000] {logging_mixin.py:188} INFO - [2025-03-24T23:26:58.156+0000] {dag.py:3820} INFO - Setting next_dagrun for example_params_ui_tutorial to None, run_after=None
[2025-03-24T23:26:58.162+0000] {processor.py:183} INFO - Processing /home/airflow/.local/lib/python3.8/site-packages/airflow/example_dags/example_params_ui_tutorial.py took 0.040 seconds
[2025-03-24T23:27:28.800+0000] {processor.py:161} INFO - Started process (PID=387) to work on /home/airflow/.local/lib/python3.8/site-packages/airflow/example_dags/example_params_ui_tutorial.py
[2025-03-24T23:27:28.801+0000] {processor.py:830} INFO - Processing file /home/airflow/.local/lib/python3.8/site-packages/airflow/example_dags/example_params_ui_tutorial.py for tasks to queue
[2025-03-24T23:27:28.802+0000] {logging_mixin.py:188} INFO - [2025-03-24T23:27:28.802+0000] {dagbag.py:538} INFO - Filling up the DagBag from /home/airflow/.local/lib/python3.8/site-packages/airflow/example_dags/example_params_ui_tutorial.py
[2025-03-24T23:27:28.808+0000] {processor.py:840} INFO - DAG(s) 'example_params_ui_tutorial' retrieved from /home/airflow/.local/lib/python3.8/site-packages/airflow/example_dags/example_params_ui_tutorial.py
[2025-03-24T23:27:28.834+0000] {logging_mixin.py:188} INFO - [2025-03-24T23:27:28.834+0000] {dag.py:3033} INFO - Sync 1 DAGs
[2025-03-24T23:27:28.839+0000] {logging_mixin.py:188} INFO - [2025-03-24T23:27:28.839+0000] {dag.py:3820} INFO - Setting next_dagrun for example_params_ui_tutorial to None, run_after=None
[2025-03-24T23:27:28.848+0000] {processor.py:183} INFO - Processing /home/airflow/.local/lib/python3.8/site-packages/airflow/example_dags/example_params_ui_tutorial.py took 0.050 seconds
[2025-03-24T23:27:59.455+0000] {processor.py:161} INFO - Started process (PID=442) to work on /home/airflow/.local/lib/python3.8/site-packages/airflow/example_dags/example_params_ui_tutorial.py
[2025-03-24T23:27:59.458+0000] {processor.py:830} INFO - Processing file /home/airflow/.local/lib/python3.8/site-packages/airflow/example_dags/example_params_ui_tutorial.py for tasks to queue
[2025-03-24T23:27:59.459+0000] {logging_mixin.py:188} INFO - [2025-03-24T23:27:59.459+0000] {dagbag.py:538} INFO - Filling up the DagBag from /home/airflow/.local/lib/python3.8/site-packages/airflow/example_dags/example_params_ui_tutorial.py
[2025-03-24T23:27:59.466+0000] {processor.py:840} INFO - DAG(s) 'example_params_ui_tutorial' retrieved from /home/airflow/.local/lib/python3.8/site-packages/airflow/example_dags/example_params_ui_tutorial.py
[2025-03-24T23:27:59.490+0000] {logging_mixin.py:188} INFO - [2025-03-24T23:27:59.490+0000] {dag.py:3033} INFO - Sync 1 DAGs
[2025-03-24T23:27:59.496+0000] {logging_mixin.py:188} INFO - [2025-03-24T23:27:59.496+0000] {dag.py:3820} INFO - Setting next_dagrun for example_params_ui_tutorial to None, run_after=None
[2025-03-24T23:27:59.505+0000] {processor.py:183} INFO - Processing /home/airflow/.local/lib/python3.8/site-packages/airflow/example_dags/example_params_ui_tutorial.py took 0.052 seconds
[2025-03-24T23:28:30.174+0000] {processor.py:161} INFO - Started process (PID=497) to work on /home/airflow/.local/lib/python3.8/site-packages/airflow/example_dags/example_params_ui_tutorial.py
[2025-03-24T23:28:30.174+0000] {processor.py:830} INFO - Processing file /home/airflow/.local/lib/python3.8/site-packages/airflow/example_dags/example_params_ui_tutorial.py for tasks to queue
[2025-03-24T23:28:30.175+0000] {logging_mixin.py:188} INFO - [2025-03-24T23:28:30.175+0000] {dagbag.py:538} INFO - Filling up the DagBag from /home/airflow/.local/lib/python3.8/site-packages/airflow/example_dags/example_params_ui_tutorial.py
[2025-03-24T23:28:30.181+0000] {processor.py:840} INFO - DAG(s) 'example_params_ui_tutorial' retrieved from /home/airflow/.local/lib/python3.8/site-packages/airflow/example_dags/example_params_ui_tutorial.py
[2025-03-24T23:28:30.203+0000] {logging_mixin.py:188} INFO - [2025-03-24T23:28:30.203+0000] {dag.py:3033} INFO - Sync 1 DAGs
[2025-03-24T23:28:30.208+0000] {logging_mixin.py:188} INFO - [2025-03-24T23:28:30.208+0000] {dag.py:3820} INFO - Setting next_dagrun for example_params_ui_tutorial to None, run_after=None
[2025-03-24T23:28:30.214+0000] {processor.py:183} INFO - Processing /home/airflow/.local/lib/python3.8/site-packages/airflow/example_dags/example_params_ui_tutorial.py took 0.042 seconds
[2025-03-24T23:29:00.953+0000] {processor.py:161} INFO - Started process (PID=552) to work on /home/airflow/.local/lib/python3.8/site-packages/airflow/example_dags/example_params_ui_tutorial.py
[2025-03-24T23:29:00.954+0000] {processor.py:830} INFO - Processing file /home/airflow/.local/lib/python3.8/site-packages/airflow/example_dags/example_params_ui_tutorial.py for tasks to queue
[2025-03-24T23:29:00.956+0000] {logging_mixin.py:188} INFO - [2025-03-24T23:29:00.956+0000] {dagbag.py:538} INFO - Filling up the DagBag from /home/airflow/.local/lib/python3.8/site-packages/airflow/example_dags/example_params_ui_tutorial.py
[2025-03-24T23:29:00.962+0000] {processor.py:840} INFO - DAG(s) 'example_params_ui_tutorial' retrieved from /home/airflow/.local/lib/python3.8/site-packages/airflow/example_dags/example_params_ui_tutorial.py
[2025-03-24T23:29:00.989+0000] {logging_mixin.py:188} INFO - [2025-03-24T23:29:00.989+0000] {dag.py:3033} INFO - Sync 1 DAGs
[2025-03-24T23:29:00.994+0000] {logging_mixin.py:188} INFO - [2025-03-24T23:29:00.994+0000] {dag.py:3820} INFO - Setting next_dagrun for example_params_ui_tutorial to None, run_after=None
[2025-03-24T23:29:01.003+0000] {processor.py:183} INFO - Processing /home/airflow/.local/lib/python3.8/site-packages/airflow/example_dags/example_params_ui_tutorial.py took 0.052 seconds
[2025-03-24T23:29:31.647+0000] {processor.py:161} INFO - Started process (PID=607) to work on /home/airflow/.local/lib/python3.8/site-packages/airflow/example_dags/example_params_ui_tutorial.py
[2025-03-24T23:29:31.648+0000] {processor.py:830} INFO - Processing file /home/airflow/.local/lib/python3.8/site-packages/airflow/example_dags/example_params_ui_tutorial.py for tasks to queue
[2025-03-24T23:29:31.650+0000] {logging_mixin.py:188} INFO - [2025-03-24T23:29:31.649+0000] {dagbag.py:538} INFO - Filling up the DagBag from /home/airflow/.local/lib/python3.8/site-packages/airflow/example_dags/example_params_ui_tutorial.py
[2025-03-24T23:29:31.657+0000] {processor.py:840} INFO - DAG(s) 'example_params_ui_tutorial' retrieved from /home/airflow/.local/lib/python3.8/site-packages/airflow/example_dags/example_params_ui_tutorial.py
[2025-03-24T23:29:31.683+0000] {logging_mixin.py:188} INFO - [2025-03-24T23:29:31.683+0000] {dag.py:3033} INFO - Sync 1 DAGs
[2025-03-24T23:29:31.689+0000] {logging_mixin.py:188} INFO - [2025-03-24T23:29:31.689+0000] {dag.py:3820} INFO - Setting next_dagrun for example_params_ui_tutorial to None, run_after=None
[2025-03-24T23:29:31.697+0000] {processor.py:183} INFO - Processing /home/airflow/.local/lib/python3.8/site-packages/airflow/example_dags/example_params_ui_tutorial.py took 0.051 seconds
[2025-03-24T23:30:02.356+0000] {processor.py:161} INFO - Started process (PID=662) to work on /home/airflow/.local/lib/python3.8/site-packages/airflow/example_dags/example_params_ui_tutorial.py
[2025-03-24T23:30:02.358+0000] {processor.py:830} INFO - Processing file /home/airflow/.local/lib/python3.8/site-packages/airflow/example_dags/example_params_ui_tutorial.py for tasks to queue
[2025-03-24T23:30:02.360+0000] {logging_mixin.py:188} INFO - [2025-03-24T23:30:02.359+0000] {dagbag.py:538} INFO - Filling up the DagBag from /home/airflow/.local/lib/python3.8/site-packages/airflow/example_dags/example_params_ui_tutorial.py
[2025-03-24T23:30:02.369+0000] {processor.py:840} INFO - DAG(s) 'example_params_ui_tutorial' retrieved from /home/airflow/.local/lib/python3.8/site-packages/airflow/example_dags/example_params_ui_tutorial.py
[2025-03-24T23:30:02.398+0000] {logging_mixin.py:188} INFO - [2025-03-24T23:30:02.398+0000] {dag.py:3033} INFO - Sync 1 DAGs
[2025-03-24T23:30:02.404+0000] {logging_mixin.py:188} INFO - [2025-03-24T23:30:02.404+0000] {dag.py:3820} INFO - Setting next_dagrun for example_params_ui_tutorial to None, run_after=None
[2025-03-24T23:30:02.413+0000] {processor.py:183} INFO - Processing /home/airflow/.local/lib/python3.8/site-packages/airflow/example_dags/example_params_ui_tutorial.py took 0.060 seconds
[2025-03-24T23:30:32.932+0000] {processor.py:161} INFO - Started process (PID=717) to work on /home/airflow/.local/lib/python3.8/site-packages/airflow/example_dags/example_params_ui_tutorial.py
[2025-03-24T23:30:32.933+0000] {processor.py:830} INFO - Processing file /home/airflow/.local/lib/python3.8/site-packages/airflow/example_dags/example_params_ui_tutorial.py for tasks to queue
[2025-03-24T23:30:32.934+0000] {logging_mixin.py:188} INFO - [2025-03-24T23:30:32.933+0000] {dagbag.py:538} INFO - Filling up the DagBag from /home/airflow/.local/lib/python3.8/site-packages/airflow/example_dags/example_params_ui_tutorial.py
[2025-03-24T23:30:32.940+0000] {processor.py:840} INFO - DAG(s) 'example_params_ui_tutorial' retrieved from /home/airflow/.local/lib/python3.8/site-packages/airflow/example_dags/example_params_ui_tutorial.py
[2025-03-24T23:30:32.963+0000] {logging_mixin.py:188} INFO - [2025-03-24T23:30:32.963+0000] {dag.py:3033} INFO - Sync 1 DAGs
[2025-03-24T23:30:32.968+0000] {logging_mixin.py:188} INFO - [2025-03-24T23:30:32.968+0000] {dag.py:3820} INFO - Setting next_dagrun for example_params_ui_tutorial to None, run_after=None
[2025-03-24T23:30:32.978+0000] {processor.py:183} INFO - Processing /home/airflow/.local/lib/python3.8/site-packages/airflow/example_dags/example_params_ui_tutorial.py took 0.047 seconds
[2025-03-24T23:31:03.704+0000] {processor.py:161} INFO - Started process (PID=772) to work on /home/airflow/.local/lib/python3.8/site-packages/airflow/example_dags/example_params_ui_tutorial.py
[2025-03-24T23:31:03.709+0000] {processor.py:830} INFO - Processing file /home/airflow/.local/lib/python3.8/site-packages/airflow/example_dags/example_params_ui_tutorial.py for tasks to queue
[2025-03-24T23:31:03.712+0000] {logging_mixin.py:188} INFO - [2025-03-24T23:31:03.711+0000] {dagbag.py:538} INFO - Filling up the DagBag from /home/airflow/.local/lib/python3.8/site-packages/airflow/example_dags/example_params_ui_tutorial.py
[2025-03-24T23:31:03.723+0000] {processor.py:840} INFO - DAG(s) 'example_params_ui_tutorial' retrieved from /home/airflow/.local/lib/python3.8/site-packages/airflow/example_dags/example_params_ui_tutorial.py
[2025-03-24T23:31:03.762+0000] {logging_mixin.py:188} INFO - [2025-03-24T23:31:03.762+0000] {dag.py:3033} INFO - Sync 1 DAGs
[2025-03-24T23:31:03.769+0000] {logging_mixin.py:188} INFO - [2025-03-24T23:31:03.769+0000] {dag.py:3820} INFO - Setting next_dagrun for example_params_ui_tutorial to None, run_after=None
[2025-03-24T23:31:03.814+0000] {processor.py:183} INFO - Processing /home/airflow/.local/lib/python3.8/site-packages/airflow/example_dags/example_params_ui_tutorial.py took 0.113 seconds
[2025-03-24T23:31:34.623+0000] {processor.py:161} INFO - Started process (PID=827) to work on /home/airflow/.local/lib/python3.8/site-packages/airflow/example_dags/example_params_ui_tutorial.py
[2025-03-24T23:31:34.624+0000] {processor.py:830} INFO - Processing file /home/airflow/.local/lib/python3.8/site-packages/airflow/example_dags/example_params_ui_tutorial.py for tasks to queue
[2025-03-24T23:31:34.626+0000] {logging_mixin.py:188} INFO - [2025-03-24T23:31:34.626+0000] {dagbag.py:538} INFO - Filling up the DagBag from /home/airflow/.local/lib/python3.8/site-packages/airflow/example_dags/example_params_ui_tutorial.py
[2025-03-24T23:31:34.633+0000] {processor.py:840} INFO - DAG(s) 'example_params_ui_tutorial' retrieved from /home/airflow/.local/lib/python3.8/site-packages/airflow/example_dags/example_params_ui_tutorial.py
[2025-03-24T23:31:34.660+0000] {logging_mixin.py:188} INFO - [2025-03-24T23:31:34.660+0000] {dag.py:3033} INFO - Sync 1 DAGs
[2025-03-24T23:31:34.666+0000] {logging_mixin.py:188} INFO - [2025-03-24T23:31:34.666+0000] {dag.py:3820} INFO - Setting next_dagrun for example_params_ui_tutorial to None, run_after=None
[2025-03-24T23:31:34.674+0000] {processor.py:183} INFO - Processing /home/airflow/.local/lib/python3.8/site-packages/airflow/example_dags/example_params_ui_tutorial.py took 0.052 seconds
[2025-03-24T23:32:05.192+0000] {processor.py:161} INFO - Started process (PID=882) to work on /home/airflow/.local/lib/python3.8/site-packages/airflow/example_dags/example_params_ui_tutorial.py
[2025-03-24T23:32:05.193+0000] {processor.py:830} INFO - Processing file /home/airflow/.local/lib/python3.8/site-packages/airflow/example_dags/example_params_ui_tutorial.py for tasks to queue
[2025-03-24T23:32:05.195+0000] {logging_mixin.py:188} INFO - [2025-03-24T23:32:05.195+0000] {dagbag.py:538} INFO - Filling up the DagBag from /home/airflow/.local/lib/python3.8/site-packages/airflow/example_dags/example_params_ui_tutorial.py
[2025-03-24T23:32:05.205+0000] {processor.py:840} INFO - DAG(s) 'example_params_ui_tutorial' retrieved from /home/airflow/.local/lib/python3.8/site-packages/airflow/example_dags/example_params_ui_tutorial.py
[2025-03-24T23:32:05.247+0000] {logging_mixin.py:188} INFO - [2025-03-24T23:32:05.246+0000] {dag.py:3033} INFO - Sync 1 DAGs
[2025-03-24T23:32:05.267+0000] {logging_mixin.py:188} INFO - [2025-03-24T23:32:05.267+0000] {dag.py:3820} INFO - Setting next_dagrun for example_params_ui_tutorial to None, run_after=None
[2025-03-24T23:32:05.277+0000] {processor.py:183} INFO - Processing /home/airflow/.local/lib/python3.8/site-packages/airflow/example_dags/example_params_ui_tutorial.py took 0.087 seconds
[2025-03-24T23:32:35.292+0000] {processor.py:161} INFO - Started process (PID=937) to work on /home/airflow/.local/lib/python3.8/site-packages/airflow/example_dags/example_params_ui_tutorial.py
[2025-03-24T23:32:35.292+0000] {processor.py:830} INFO - Processing file /home/airflow/.local/lib/python3.8/site-packages/airflow/example_dags/example_params_ui_tutorial.py for tasks to queue
[2025-03-24T23:32:35.293+0000] {logging_mixin.py:188} INFO - [2025-03-24T23:32:35.293+0000] {dagbag.py:538} INFO - Filling up the DagBag from /home/airflow/.local/lib/python3.8/site-packages/airflow/example_dags/example_params_ui_tutorial.py
[2025-03-24T23:32:35.299+0000] {processor.py:840} INFO - DAG(s) 'example_params_ui_tutorial' retrieved from /home/airflow/.local/lib/python3.8/site-packages/airflow/example_dags/example_params_ui_tutorial.py
[2025-03-24T23:32:35.322+0000] {logging_mixin.py:188} INFO - [2025-03-24T23:32:35.322+0000] {dag.py:3033} INFO - Sync 1 DAGs
[2025-03-24T23:32:35.327+0000] {logging_mixin.py:188} INFO - [2025-03-24T23:32:35.327+0000] {dag.py:3820} INFO - Setting next_dagrun for example_params_ui_tutorial to None, run_after=None
[2025-03-24T23:32:35.335+0000] {processor.py:183} INFO - Processing /home/airflow/.local/lib/python3.8/site-packages/airflow/example_dags/example_params_ui_tutorial.py took 0.045 seconds
[2025-03-24T23:33:05.841+0000] {processor.py:161} INFO - Started process (PID=992) to work on /home/airflow/.local/lib/python3.8/site-packages/airflow/example_dags/example_params_ui_tutorial.py
[2025-03-24T23:33:05.842+0000] {processor.py:830} INFO - Processing file /home/airflow/.local/lib/python3.8/site-packages/airflow/example_dags/example_params_ui_tutorial.py for tasks to queue
[2025-03-24T23:33:05.843+0000] {logging_mixin.py:188} INFO - [2025-03-24T23:33:05.843+0000] {dagbag.py:538} INFO - Filling up the DagBag from /home/airflow/.local/lib/python3.8/site-packages/airflow/example_dags/example_params_ui_tutorial.py
[2025-03-24T23:33:05.850+0000] {processor.py:840} INFO - DAG(s) 'example_params_ui_tutorial' retrieved from /home/airflow/.local/lib/python3.8/site-packages/airflow/example_dags/example_params_ui_tutorial.py
[2025-03-24T23:33:05.877+0000] {logging_mixin.py:188} INFO - [2025-03-24T23:33:05.877+0000] {dag.py:3033} INFO - Sync 1 DAGs
[2025-03-24T23:33:05.883+0000] {logging_mixin.py:188} INFO - [2025-03-24T23:33:05.882+0000] {dag.py:3820} INFO - Setting next_dagrun for example_params_ui_tutorial to None, run_after=None
[2025-03-24T23:33:05.890+0000] {processor.py:183} INFO - Processing /home/airflow/.local/lib/python3.8/site-packages/airflow/example_dags/example_params_ui_tutorial.py took 0.051 seconds
[2025-03-24T23:33:36.474+0000] {processor.py:161} INFO - Started process (PID=1047) to work on /home/airflow/.local/lib/python3.8/site-packages/airflow/example_dags/example_params_ui_tutorial.py
[2025-03-24T23:33:36.476+0000] {processor.py:830} INFO - Processing file /home/airflow/.local/lib/python3.8/site-packages/airflow/example_dags/example_params_ui_tutorial.py for tasks to queue
[2025-03-24T23:33:36.477+0000] {logging_mixin.py:188} INFO - [2025-03-24T23:33:36.477+0000] {dagbag.py:538} INFO - Filling up the DagBag from /home/airflow/.local/lib/python3.8/site-packages/airflow/example_dags/example_params_ui_tutorial.py
[2025-03-24T23:33:36.483+0000] {processor.py:840} INFO - DAG(s) 'example_params_ui_tutorial' retrieved from /home/airflow/.local/lib/python3.8/site-packages/airflow/example_dags/example_params_ui_tutorial.py
[2025-03-24T23:33:36.505+0000] {logging_mixin.py:188} INFO - [2025-03-24T23:33:36.505+0000] {dag.py:3033} INFO - Sync 1 DAGs
[2025-03-24T23:33:36.509+0000] {logging_mixin.py:188} INFO - [2025-03-24T23:33:36.509+0000] {dag.py:3820} INFO - Setting next_dagrun for example_params_ui_tutorial to None, run_after=None
[2025-03-24T23:33:36.516+0000] {processor.py:183} INFO - Processing /home/airflow/.local/lib/python3.8/site-packages/airflow/example_dags/example_params_ui_tutorial.py took 0.044 seconds
[2025-03-24T23:34:07.028+0000] {processor.py:161} INFO - Started process (PID=1102) to work on /home/airflow/.local/lib/python3.8/site-packages/airflow/example_dags/example_params_ui_tutorial.py
[2025-03-24T23:34:07.031+0000] {processor.py:830} INFO - Processing file /home/airflow/.local/lib/python3.8/site-packages/airflow/example_dags/example_params_ui_tutorial.py for tasks to queue
[2025-03-24T23:34:07.033+0000] {logging_mixin.py:188} INFO - [2025-03-24T23:34:07.033+0000] {dagbag.py:538} INFO - Filling up the DagBag from /home/airflow/.local/lib/python3.8/site-packages/airflow/example_dags/example_params_ui_tutorial.py
[2025-03-24T23:34:07.041+0000] {processor.py:840} INFO - DAG(s) 'example_params_ui_tutorial' retrieved from /home/airflow/.local/lib/python3.8/site-packages/airflow/example_dags/example_params_ui_tutorial.py
[2025-03-24T23:34:07.072+0000] {logging_mixin.py:188} INFO - [2025-03-24T23:34:07.072+0000] {dag.py:3033} INFO - Sync 1 DAGs
[2025-03-24T23:34:07.080+0000] {logging_mixin.py:188} INFO - [2025-03-24T23:34:07.080+0000] {dag.py:3820} INFO - Setting next_dagrun for example_params_ui_tutorial to None, run_after=None
[2025-03-24T23:34:07.092+0000] {processor.py:183} INFO - Processing /home/airflow/.local/lib/python3.8/site-packages/airflow/example_dags/example_params_ui_tutorial.py took 0.067 seconds
[2025-03-24T23:34:37.607+0000] {processor.py:161} INFO - Started process (PID=1157) to work on /home/airflow/.local/lib/python3.8/site-packages/airflow/example_dags/example_params_ui_tutorial.py
[2025-03-24T23:34:37.610+0000] {processor.py:830} INFO - Processing file /home/airflow/.local/lib/python3.8/site-packages/airflow/example_dags/example_params_ui_tutorial.py for tasks to queue
[2025-03-24T23:34:37.612+0000] {logging_mixin.py:188} INFO - [2025-03-24T23:34:37.611+0000] {dagbag.py:538} INFO - Filling up the DagBag from /home/airflow/.local/lib/python3.8/site-packages/airflow/example_dags/example_params_ui_tutorial.py
[2025-03-24T23:34:37.619+0000] {processor.py:840} INFO - DAG(s) 'example_params_ui_tutorial' retrieved from /home/airflow/.local/lib/python3.8/site-packages/airflow/example_dags/example_params_ui_tutorial.py
[2025-03-24T23:34:37.651+0000] {logging_mixin.py:188} INFO - [2025-03-24T23:34:37.650+0000] {dag.py:3033} INFO - Sync 1 DAGs
[2025-03-24T23:34:37.661+0000] {logging_mixin.py:188} INFO - [2025-03-24T23:34:37.660+0000] {dag.py:3820} INFO - Setting next_dagrun for example_params_ui_tutorial to None, run_after=None
[2025-03-24T23:34:37.674+0000] {processor.py:183} INFO - Processing /home/airflow/.local/lib/python3.8/site-packages/airflow/example_dags/example_params_ui_tutorial.py took 0.069 seconds
[2025-03-24T23:35:07.816+0000] {processor.py:161} INFO - Started process (PID=1212) to work on /home/airflow/.local/lib/python3.8/site-packages/airflow/example_dags/example_params_ui_tutorial.py
[2025-03-24T23:35:07.817+0000] {processor.py:830} INFO - Processing file /home/airflow/.local/lib/python3.8/site-packages/airflow/example_dags/example_params_ui_tutorial.py for tasks to queue
[2025-03-24T23:35:07.819+0000] {logging_mixin.py:188} INFO - [2025-03-24T23:35:07.818+0000] {dagbag.py:538} INFO - Filling up the DagBag from /home/airflow/.local/lib/python3.8/site-packages/airflow/example_dags/example_params_ui_tutorial.py
[2025-03-24T23:35:07.826+0000] {processor.py:840} INFO - DAG(s) 'example_params_ui_tutorial' retrieved from /home/airflow/.local/lib/python3.8/site-packages/airflow/example_dags/example_params_ui_tutorial.py
[2025-03-24T23:35:07.853+0000] {logging_mixin.py:188} INFO - [2025-03-24T23:35:07.853+0000] {dag.py:3033} INFO - Sync 1 DAGs
[2025-03-24T23:35:07.858+0000] {logging_mixin.py:188} INFO - [2025-03-24T23:35:07.858+0000] {dag.py:3820} INFO - Setting next_dagrun for example_params_ui_tutorial to None, run_after=None
[2025-03-24T23:35:07.867+0000] {processor.py:183} INFO - Processing /home/airflow/.local/lib/python3.8/site-packages/airflow/example_dags/example_params_ui_tutorial.py took 0.053 seconds
[2025-03-24T23:35:38.637+0000] {processor.py:161} INFO - Started process (PID=1267) to work on /home/airflow/.local/lib/python3.8/site-packages/airflow/example_dags/example_params_ui_tutorial.py
[2025-03-24T23:35:38.638+0000] {processor.py:830} INFO - Processing file /home/airflow/.local/lib/python3.8/site-packages/airflow/example_dags/example_params_ui_tutorial.py for tasks to queue
[2025-03-24T23:35:38.639+0000] {logging_mixin.py:188} INFO - [2025-03-24T23:35:38.639+0000] {dagbag.py:538} INFO - Filling up the DagBag from /home/airflow/.local/lib/python3.8/site-packages/airflow/example_dags/example_params_ui_tutorial.py
[2025-03-24T23:35:38.648+0000] {processor.py:840} INFO - DAG(s) 'example_params_ui_tutorial' retrieved from /home/airflow/.local/lib/python3.8/site-packages/airflow/example_dags/example_params_ui_tutorial.py
[2025-03-24T23:35:38.679+0000] {logging_mixin.py:188} INFO - [2025-03-24T23:35:38.679+0000] {dag.py:3033} INFO - Sync 1 DAGs
[2025-03-24T23:35:38.685+0000] {logging_mixin.py:188} INFO - [2025-03-24T23:35:38.685+0000] {dag.py:3820} INFO - Setting next_dagrun for example_params_ui_tutorial to None, run_after=None
[2025-03-24T23:35:38.692+0000] {processor.py:183} INFO - Processing /home/airflow/.local/lib/python3.8/site-packages/airflow/example_dags/example_params_ui_tutorial.py took 0.057 seconds
[2025-03-24T23:36:09.380+0000] {processor.py:161} INFO - Started process (PID=1322) to work on /home/airflow/.local/lib/python3.8/site-packages/airflow/example_dags/example_params_ui_tutorial.py
[2025-03-24T23:36:09.380+0000] {processor.py:830} INFO - Processing file /home/airflow/.local/lib/python3.8/site-packages/airflow/example_dags/example_params_ui_tutorial.py for tasks to queue
[2025-03-24T23:36:09.381+0000] {logging_mixin.py:188} INFO - [2025-03-24T23:36:09.381+0000] {dagbag.py:538} INFO - Filling up the DagBag from /home/airflow/.local/lib/python3.8/site-packages/airflow/example_dags/example_params_ui_tutorial.py
[2025-03-24T23:36:09.387+0000] {processor.py:840} INFO - DAG(s) 'example_params_ui_tutorial' retrieved from /home/airflow/.local/lib/python3.8/site-packages/airflow/example_dags/example_params_ui_tutorial.py
[2025-03-24T23:36:09.409+0000] {logging_mixin.py:188} INFO - [2025-03-24T23:36:09.409+0000] {dag.py:3033} INFO - Sync 1 DAGs
[2025-03-24T23:36:09.414+0000] {logging_mixin.py:188} INFO - [2025-03-24T23:36:09.413+0000] {dag.py:3820} INFO - Setting next_dagrun for example_params_ui_tutorial to None, run_after=None
[2025-03-24T23:36:09.420+0000] {processor.py:183} INFO - Processing /home/airflow/.local/lib/python3.8/site-packages/airflow/example_dags/example_params_ui_tutorial.py took 0.042 seconds
[2025-03-24T23:36:40.066+0000] {processor.py:161} INFO - Started process (PID=1377) to work on /home/airflow/.local/lib/python3.8/site-packages/airflow/example_dags/example_params_ui_tutorial.py
[2025-03-24T23:36:40.067+0000] {processor.py:830} INFO - Processing file /home/airflow/.local/lib/python3.8/site-packages/airflow/example_dags/example_params_ui_tutorial.py for tasks to queue
[2025-03-24T23:36:40.068+0000] {logging_mixin.py:188} INFO - [2025-03-24T23:36:40.068+0000] {dagbag.py:538} INFO - Filling up the DagBag from /home/airflow/.local/lib/python3.8/site-packages/airflow/example_dags/example_params_ui_tutorial.py
[2025-03-24T23:36:40.076+0000] {processor.py:840} INFO - DAG(s) 'example_params_ui_tutorial' retrieved from /home/airflow/.local/lib/python3.8/site-packages/airflow/example_dags/example_params_ui_tutorial.py
[2025-03-24T23:36:40.105+0000] {logging_mixin.py:188} INFO - [2025-03-24T23:36:40.105+0000] {dag.py:3033} INFO - Sync 1 DAGs
[2025-03-24T23:36:40.114+0000] {logging_mixin.py:188} INFO - [2025-03-24T23:36:40.114+0000] {dag.py:3820} INFO - Setting next_dagrun for example_params_ui_tutorial to None, run_after=None
[2025-03-24T23:36:40.129+0000] {processor.py:183} INFO - Processing /home/airflow/.local/lib/python3.8/site-packages/airflow/example_dags/example_params_ui_tutorial.py took 0.067 seconds
[2025-03-24T23:37:10.869+0000] {processor.py:161} INFO - Started process (PID=1432) to work on /home/airflow/.local/lib/python3.8/site-packages/airflow/example_dags/example_params_ui_tutorial.py
[2025-03-24T23:37:10.870+0000] {processor.py:830} INFO - Processing file /home/airflow/.local/lib/python3.8/site-packages/airflow/example_dags/example_params_ui_tutorial.py for tasks to queue
[2025-03-24T23:37:10.871+0000] {logging_mixin.py:188} INFO - [2025-03-24T23:37:10.871+0000] {dagbag.py:538} INFO - Filling up the DagBag from /home/airflow/.local/lib/python3.8/site-packages/airflow/example_dags/example_params_ui_tutorial.py
[2025-03-24T23:37:10.878+0000] {processor.py:840} INFO - DAG(s) 'example_params_ui_tutorial' retrieved from /home/airflow/.local/lib/python3.8/site-packages/airflow/example_dags/example_params_ui_tutorial.py
[2025-03-24T23:37:10.902+0000] {logging_mixin.py:188} INFO - [2025-03-24T23:37:10.902+0000] {dag.py:3033} INFO - Sync 1 DAGs
[2025-03-24T23:37:10.908+0000] {logging_mixin.py:188} INFO - [2025-03-24T23:37:10.908+0000] {dag.py:3820} INFO - Setting next_dagrun for example_params_ui_tutorial to None, run_after=None
[2025-03-24T23:37:10.916+0000] {processor.py:183} INFO - Processing /home/airflow/.local/lib/python3.8/site-packages/airflow/example_dags/example_params_ui_tutorial.py took 0.049 seconds
[2025-03-24T23:37:41.717+0000] {processor.py:161} INFO - Started process (PID=1487) to work on /home/airflow/.local/lib/python3.8/site-packages/airflow/example_dags/example_params_ui_tutorial.py
[2025-03-24T23:37:41.717+0000] {processor.py:830} INFO - Processing file /home/airflow/.local/lib/python3.8/site-packages/airflow/example_dags/example_params_ui_tutorial.py for tasks to queue
[2025-03-24T23:37:41.718+0000] {logging_mixin.py:188} INFO - [2025-03-24T23:37:41.718+0000] {dagbag.py:538} INFO - Filling up the DagBag from /home/airflow/.local/lib/python3.8/site-packages/airflow/example_dags/example_params_ui_tutorial.py
[2025-03-24T23:37:41.726+0000] {processor.py:840} INFO - DAG(s) 'example_params_ui_tutorial' retrieved from /home/airflow/.local/lib/python3.8/site-packages/airflow/example_dags/example_params_ui_tutorial.py
[2025-03-24T23:37:41.758+0000] {logging_mixin.py:188} INFO - [2025-03-24T23:37:41.758+0000] {dag.py:3033} INFO - Sync 1 DAGs
[2025-03-24T23:37:41.764+0000] {logging_mixin.py:188} INFO - [2025-03-24T23:37:41.764+0000] {dag.py:3820} INFO - Setting next_dagrun for example_params_ui_tutorial to None, run_after=None
[2025-03-24T23:37:41.774+0000] {processor.py:183} INFO - Processing /home/airflow/.local/lib/python3.8/site-packages/airflow/example_dags/example_params_ui_tutorial.py took 0.060 seconds
[2025-03-24T23:38:12.493+0000] {processor.py:161} INFO - Started process (PID=1542) to work on /home/airflow/.local/lib/python3.8/site-packages/airflow/example_dags/example_params_ui_tutorial.py
[2025-03-24T23:38:12.494+0000] {processor.py:830} INFO - Processing file /home/airflow/.local/lib/python3.8/site-packages/airflow/example_dags/example_params_ui_tutorial.py for tasks to queue
[2025-03-24T23:38:12.495+0000] {logging_mixin.py:188} INFO - [2025-03-24T23:38:12.495+0000] {dagbag.py:538} INFO - Filling up the DagBag from /home/airflow/.local/lib/python3.8/site-packages/airflow/example_dags/example_params_ui_tutorial.py
[2025-03-24T23:38:12.503+0000] {processor.py:840} INFO - DAG(s) 'example_params_ui_tutorial' retrieved from /home/airflow/.local/lib/python3.8/site-packages/airflow/example_dags/example_params_ui_tutorial.py
[2025-03-24T23:38:12.530+0000] {logging_mixin.py:188} INFO - [2025-03-24T23:38:12.530+0000] {dag.py:3033} INFO - Sync 1 DAGs
[2025-03-24T23:38:12.537+0000] {logging_mixin.py:188} INFO - [2025-03-24T23:38:12.536+0000] {dag.py:3820} INFO - Setting next_dagrun for example_params_ui_tutorial to None, run_after=None
[2025-03-24T23:38:12.552+0000] {processor.py:183} INFO - Processing /home/airflow/.local/lib/python3.8/site-packages/airflow/example_dags/example_params_ui_tutorial.py took 0.062 seconds
[2025-03-24T23:38:43.242+0000] {processor.py:161} INFO - Started process (PID=1597) to work on /home/airflow/.local/lib/python3.8/site-packages/airflow/example_dags/example_params_ui_tutorial.py
[2025-03-24T23:38:43.243+0000] {processor.py:830} INFO - Processing file /home/airflow/.local/lib/python3.8/site-packages/airflow/example_dags/example_params_ui_tutorial.py for tasks to queue
[2025-03-24T23:38:43.244+0000] {logging_mixin.py:188} INFO - [2025-03-24T23:38:43.244+0000] {dagbag.py:538} INFO - Filling up the DagBag from /home/airflow/.local/lib/python3.8/site-packages/airflow/example_dags/example_params_ui_tutorial.py
[2025-03-24T23:38:43.250+0000] {processor.py:840} INFO - DAG(s) 'example_params_ui_tutorial' retrieved from /home/airflow/.local/lib/python3.8/site-packages/airflow/example_dags/example_params_ui_tutorial.py
[2025-03-24T23:38:43.276+0000] {logging_mixin.py:188} INFO - [2025-03-24T23:38:43.276+0000] {dag.py:3033} INFO - Sync 1 DAGs
[2025-03-24T23:38:43.281+0000] {logging_mixin.py:188} INFO - [2025-03-24T23:38:43.281+0000] {dag.py:3820} INFO - Setting next_dagrun for example_params_ui_tutorial to None, run_after=None
[2025-03-24T23:38:43.292+0000] {processor.py:183} INFO - Processing /home/airflow/.local/lib/python3.8/site-packages/airflow/example_dags/example_params_ui_tutorial.py took 0.052 seconds
[2025-03-24T23:39:14.024+0000] {processor.py:161} INFO - Started process (PID=1652) to work on /home/airflow/.local/lib/python3.8/site-packages/airflow/example_dags/example_params_ui_tutorial.py
[2025-03-24T23:39:14.026+0000] {processor.py:830} INFO - Processing file /home/airflow/.local/lib/python3.8/site-packages/airflow/example_dags/example_params_ui_tutorial.py for tasks to queue
[2025-03-24T23:39:14.028+0000] {logging_mixin.py:188} INFO - [2025-03-24T23:39:14.027+0000] {dagbag.py:538} INFO - Filling up the DagBag from /home/airflow/.local/lib/python3.8/site-packages/airflow/example_dags/example_params_ui_tutorial.py
[2025-03-24T23:39:14.038+0000] {processor.py:840} INFO - DAG(s) 'example_params_ui_tutorial' retrieved from /home/airflow/.local/lib/python3.8/site-packages/airflow/example_dags/example_params_ui_tutorial.py
[2025-03-24T23:39:14.066+0000] {logging_mixin.py:188} INFO - [2025-03-24T23:39:14.066+0000] {dag.py:3033} INFO - Sync 1 DAGs
[2025-03-24T23:39:14.073+0000] {logging_mixin.py:188} INFO - [2025-03-24T23:39:14.073+0000] {dag.py:3820} INFO - Setting next_dagrun for example_params_ui_tutorial to None, run_after=None
[2025-03-24T23:39:14.081+0000] {processor.py:183} INFO - Processing /home/airflow/.local/lib/python3.8/site-packages/airflow/example_dags/example_params_ui_tutorial.py took 0.059 seconds
[2025-03-24T23:39:44.948+0000] {processor.py:161} INFO - Started process (PID=1707) to work on /home/airflow/.local/lib/python3.8/site-packages/airflow/example_dags/example_params_ui_tutorial.py
[2025-03-24T23:39:44.948+0000] {processor.py:830} INFO - Processing file /home/airflow/.local/lib/python3.8/site-packages/airflow/example_dags/example_params_ui_tutorial.py for tasks to queue
[2025-03-24T23:39:44.950+0000] {logging_mixin.py:188} INFO - [2025-03-24T23:39:44.950+0000] {dagbag.py:538} INFO - Filling up the DagBag from /home/airflow/.local/lib/python3.8/site-packages/airflow/example_dags/example_params_ui_tutorial.py
[2025-03-24T23:39:44.956+0000] {processor.py:840} INFO - DAG(s) 'example_params_ui_tutorial' retrieved from /home/airflow/.local/lib/python3.8/site-packages/airflow/example_dags/example_params_ui_tutorial.py
[2025-03-24T23:39:44.984+0000] {logging_mixin.py:188} INFO - [2025-03-24T23:39:44.984+0000] {dag.py:3033} INFO - Sync 1 DAGs
[2025-03-24T23:39:44.989+0000] {logging_mixin.py:188} INFO - [2025-03-24T23:39:44.989+0000] {dag.py:3820} INFO - Setting next_dagrun for example_params_ui_tutorial to None, run_after=None
[2025-03-24T23:39:44.996+0000] {processor.py:183} INFO - Processing /home/airflow/.local/lib/python3.8/site-packages/airflow/example_dags/example_params_ui_tutorial.py took 0.051 seconds
[2025-03-24T23:40:15.583+0000] {processor.py:161} INFO - Started process (PID=1762) to work on /home/airflow/.local/lib/python3.8/site-packages/airflow/example_dags/example_params_ui_tutorial.py
[2025-03-24T23:40:15.585+0000] {processor.py:830} INFO - Processing file /home/airflow/.local/lib/python3.8/site-packages/airflow/example_dags/example_params_ui_tutorial.py for tasks to queue
[2025-03-24T23:40:15.586+0000] {logging_mixin.py:188} INFO - [2025-03-24T23:40:15.586+0000] {dagbag.py:538} INFO - Filling up the DagBag from /home/airflow/.local/lib/python3.8/site-packages/airflow/example_dags/example_params_ui_tutorial.py
[2025-03-24T23:40:15.594+0000] {processor.py:840} INFO - DAG(s) 'example_params_ui_tutorial' retrieved from /home/airflow/.local/lib/python3.8/site-packages/airflow/example_dags/example_params_ui_tutorial.py
[2025-03-24T23:40:15.619+0000] {logging_mixin.py:188} INFO - [2025-03-24T23:40:15.618+0000] {dag.py:3033} INFO - Sync 1 DAGs
[2025-03-24T23:40:15.623+0000] {logging_mixin.py:188} INFO - [2025-03-24T23:40:15.623+0000] {dag.py:3820} INFO - Setting next_dagrun for example_params_ui_tutorial to None, run_after=None
[2025-03-24T23:40:15.631+0000] {processor.py:183} INFO - Processing /home/airflow/.local/lib/python3.8/site-packages/airflow/example_dags/example_params_ui_tutorial.py took 0.050 seconds
[2025-03-24T23:40:46.191+0000] {processor.py:161} INFO - Started process (PID=1817) to work on /home/airflow/.local/lib/python3.8/site-packages/airflow/example_dags/example_params_ui_tutorial.py
[2025-03-24T23:40:46.192+0000] {processor.py:830} INFO - Processing file /home/airflow/.local/lib/python3.8/site-packages/airflow/example_dags/example_params_ui_tutorial.py for tasks to queue
[2025-03-24T23:40:46.194+0000] {logging_mixin.py:188} INFO - [2025-03-24T23:40:46.194+0000] {dagbag.py:538} INFO - Filling up the DagBag from /home/airflow/.local/lib/python3.8/site-packages/airflow/example_dags/example_params_ui_tutorial.py
[2025-03-24T23:40:46.201+0000] {processor.py:840} INFO - DAG(s) 'example_params_ui_tutorial' retrieved from /home/airflow/.local/lib/python3.8/site-packages/airflow/example_dags/example_params_ui_tutorial.py
[2025-03-24T23:40:46.227+0000] {logging_mixin.py:188} INFO - [2025-03-24T23:40:46.226+0000] {dag.py:3033} INFO - Sync 1 DAGs
[2025-03-24T23:40:46.233+0000] {logging_mixin.py:188} INFO - [2025-03-24T23:40:46.233+0000] {dag.py:3820} INFO - Setting next_dagrun for example_params_ui_tutorial to None, run_after=None
[2025-03-24T23:40:46.241+0000] {processor.py:183} INFO - Processing /home/airflow/.local/lib/python3.8/site-packages/airflow/example_dags/example_params_ui_tutorial.py took 0.052 seconds
[2025-03-24T23:41:16.729+0000] {processor.py:161} INFO - Started process (PID=1872) to work on /home/airflow/.local/lib/python3.8/site-packages/airflow/example_dags/example_params_ui_tutorial.py
[2025-03-24T23:41:16.730+0000] {processor.py:830} INFO - Processing file /home/airflow/.local/lib/python3.8/site-packages/airflow/example_dags/example_params_ui_tutorial.py for tasks to queue
[2025-03-24T23:41:16.731+0000] {logging_mixin.py:188} INFO - [2025-03-24T23:41:16.731+0000] {dagbag.py:538} INFO - Filling up the DagBag from /home/airflow/.local/lib/python3.8/site-packages/airflow/example_dags/example_params_ui_tutorial.py
[2025-03-24T23:41:16.738+0000] {processor.py:840} INFO - DAG(s) 'example_params_ui_tutorial' retrieved from /home/airflow/.local/lib/python3.8/site-packages/airflow/example_dags/example_params_ui_tutorial.py
[2025-03-24T23:41:16.765+0000] {logging_mixin.py:188} INFO - [2025-03-24T23:41:16.765+0000] {dag.py:3033} INFO - Sync 1 DAGs
[2025-03-24T23:41:16.774+0000] {logging_mixin.py:188} INFO - [2025-03-24T23:41:16.774+0000] {dag.py:3820} INFO - Setting next_dagrun for example_params_ui_tutorial to None, run_after=None
[2025-03-24T23:41:16.786+0000] {processor.py:183} INFO - Processing /home/airflow/.local/lib/python3.8/site-packages/airflow/example_dags/example_params_ui_tutorial.py took 0.059 seconds
[2025-03-24T23:41:47.374+0000] {processor.py:161} INFO - Started process (PID=1927) to work on /home/airflow/.local/lib/python3.8/site-packages/airflow/example_dags/example_params_ui_tutorial.py
[2025-03-24T23:41:47.375+0000] {processor.py:830} INFO - Processing file /home/airflow/.local/lib/python3.8/site-packages/airflow/example_dags/example_params_ui_tutorial.py for tasks to queue
[2025-03-24T23:41:47.377+0000] {logging_mixin.py:188} INFO - [2025-03-24T23:41:47.377+0000] {dagbag.py:538} INFO - Filling up the DagBag from /home/airflow/.local/lib/python3.8/site-packages/airflow/example_dags/example_params_ui_tutorial.py
[2025-03-24T23:41:47.383+0000] {processor.py:840} INFO - DAG(s) 'example_params_ui_tutorial' retrieved from /home/airflow/.local/lib/python3.8/site-packages/airflow/example_dags/example_params_ui_tutorial.py
[2025-03-24T23:41:47.408+0000] {logging_mixin.py:188} INFO - [2025-03-24T23:41:47.408+0000] {dag.py:3033} INFO - Sync 1 DAGs
[2025-03-24T23:41:47.413+0000] {logging_mixin.py:188} INFO - [2025-03-24T23:41:47.413+0000] {dag.py:3820} INFO - Setting next_dagrun for example_params_ui_tutorial to None, run_after=None
[2025-03-24T23:41:47.421+0000] {processor.py:183} INFO - Processing /home/airflow/.local/lib/python3.8/site-packages/airflow/example_dags/example_params_ui_tutorial.py took 0.048 seconds
[2025-03-24T23:42:17.988+0000] {processor.py:161} INFO - Started process (PID=1982) to work on /home/airflow/.local/lib/python3.8/site-packages/airflow/example_dags/example_params_ui_tutorial.py
[2025-03-24T23:42:17.990+0000] {processor.py:830} INFO - Processing file /home/airflow/.local/lib/python3.8/site-packages/airflow/example_dags/example_params_ui_tutorial.py for tasks to queue
[2025-03-24T23:42:17.991+0000] {logging_mixin.py:188} INFO - [2025-03-24T23:42:17.991+0000] {dagbag.py:538} INFO - Filling up the DagBag from /home/airflow/.local/lib/python3.8/site-packages/airflow/example_dags/example_params_ui_tutorial.py
[2025-03-24T23:42:17.998+0000] {processor.py:840} INFO - DAG(s) 'example_params_ui_tutorial' retrieved from /home/airflow/.local/lib/python3.8/site-packages/airflow/example_dags/example_params_ui_tutorial.py
[2025-03-24T23:42:18.023+0000] {logging_mixin.py:188} INFO - [2025-03-24T23:42:18.023+0000] {dag.py:3033} INFO - Sync 1 DAGs
[2025-03-24T23:42:18.027+0000] {logging_mixin.py:188} INFO - [2025-03-24T23:42:18.027+0000] {dag.py:3820} INFO - Setting next_dagrun for example_params_ui_tutorial to None, run_after=None
[2025-03-24T23:42:18.035+0000] {processor.py:183} INFO - Processing /home/airflow/.local/lib/python3.8/site-packages/airflow/example_dags/example_params_ui_tutorial.py took 0.049 seconds
[2025-03-24T23:42:48.515+0000] {processor.py:161} INFO - Started process (PID=2037) to work on /home/airflow/.local/lib/python3.8/site-packages/airflow/example_dags/example_params_ui_tutorial.py
[2025-03-24T23:42:48.515+0000] {processor.py:830} INFO - Processing file /home/airflow/.local/lib/python3.8/site-packages/airflow/example_dags/example_params_ui_tutorial.py for tasks to queue
[2025-03-24T23:42:48.516+0000] {logging_mixin.py:188} INFO - [2025-03-24T23:42:48.516+0000] {dagbag.py:538} INFO - Filling up the DagBag from /home/airflow/.local/lib/python3.8/site-packages/airflow/example_dags/example_params_ui_tutorial.py
[2025-03-24T23:42:48.521+0000] {processor.py:840} INFO - DAG(s) 'example_params_ui_tutorial' retrieved from /home/airflow/.local/lib/python3.8/site-packages/airflow/example_dags/example_params_ui_tutorial.py
[2025-03-24T23:42:48.544+0000] {logging_mixin.py:188} INFO - [2025-03-24T23:42:48.544+0000] {dag.py:3033} INFO - Sync 1 DAGs
[2025-03-24T23:42:48.549+0000] {logging_mixin.py:188} INFO - [2025-03-24T23:42:48.549+0000] {dag.py:3820} INFO - Setting next_dagrun for example_params_ui_tutorial to None, run_after=None
[2025-03-24T23:42:48.556+0000] {processor.py:183} INFO - Processing /home/airflow/.local/lib/python3.8/site-packages/airflow/example_dags/example_params_ui_tutorial.py took 0.043 seconds
[2025-03-24T23:43:18.975+0000] {processor.py:161} INFO - Started process (PID=2092) to work on /home/airflow/.local/lib/python3.8/site-packages/airflow/example_dags/example_params_ui_tutorial.py
[2025-03-24T23:43:18.976+0000] {processor.py:830} INFO - Processing file /home/airflow/.local/lib/python3.8/site-packages/airflow/example_dags/example_params_ui_tutorial.py for tasks to queue
[2025-03-24T23:43:18.977+0000] {logging_mixin.py:188} INFO - [2025-03-24T23:43:18.977+0000] {dagbag.py:538} INFO - Filling up the DagBag from /home/airflow/.local/lib/python3.8/site-packages/airflow/example_dags/example_params_ui_tutorial.py
[2025-03-24T23:43:18.983+0000] {processor.py:840} INFO - DAG(s) 'example_params_ui_tutorial' retrieved from /home/airflow/.local/lib/python3.8/site-packages/airflow/example_dags/example_params_ui_tutorial.py
[2025-03-24T23:43:19.011+0000] {logging_mixin.py:188} INFO - [2025-03-24T23:43:19.011+0000] {dag.py:3033} INFO - Sync 1 DAGs
[2025-03-24T23:43:19.016+0000] {logging_mixin.py:188} INFO - [2025-03-24T23:43:19.016+0000] {dag.py:3820} INFO - Setting next_dagrun for example_params_ui_tutorial to None, run_after=None
[2025-03-24T23:43:19.025+0000] {processor.py:183} INFO - Processing /home/airflow/.local/lib/python3.8/site-packages/airflow/example_dags/example_params_ui_tutorial.py took 0.052 seconds
[2025-03-24T23:43:49.634+0000] {processor.py:161} INFO - Started process (PID=2147) to work on /home/airflow/.local/lib/python3.8/site-packages/airflow/example_dags/example_params_ui_tutorial.py
[2025-03-24T23:43:49.637+0000] {processor.py:830} INFO - Processing file /home/airflow/.local/lib/python3.8/site-packages/airflow/example_dags/example_params_ui_tutorial.py for tasks to queue
[2025-03-24T23:43:49.639+0000] {logging_mixin.py:188} INFO - [2025-03-24T23:43:49.639+0000] {dagbag.py:538} INFO - Filling up the DagBag from /home/airflow/.local/lib/python3.8/site-packages/airflow/example_dags/example_params_ui_tutorial.py
[2025-03-24T23:43:49.648+0000] {processor.py:840} INFO - DAG(s) 'example_params_ui_tutorial' retrieved from /home/airflow/.local/lib/python3.8/site-packages/airflow/example_dags/example_params_ui_tutorial.py
[2025-03-24T23:43:49.676+0000] {logging_mixin.py:188} INFO - [2025-03-24T23:43:49.676+0000] {dag.py:3033} INFO - Sync 1 DAGs
[2025-03-24T23:43:49.683+0000] {logging_mixin.py:188} INFO - [2025-03-24T23:43:49.683+0000] {dag.py:3820} INFO - Setting next_dagrun for example_params_ui_tutorial to None, run_after=None
[2025-03-24T23:43:49.693+0000] {processor.py:183} INFO - Processing /home/airflow/.local/lib/python3.8/site-packages/airflow/example_dags/example_params_ui_tutorial.py took 0.062 seconds
[2025-03-24T23:44:20.350+0000] {processor.py:161} INFO - Started process (PID=2202) to work on /home/airflow/.local/lib/python3.8/site-packages/airflow/example_dags/example_params_ui_tutorial.py
[2025-03-24T23:44:20.351+0000] {processor.py:830} INFO - Processing file /home/airflow/.local/lib/python3.8/site-packages/airflow/example_dags/example_params_ui_tutorial.py for tasks to queue
[2025-03-24T23:44:20.353+0000] {logging_mixin.py:188} INFO - [2025-03-24T23:44:20.352+0000] {dagbag.py:538} INFO - Filling up the DagBag from /home/airflow/.local/lib/python3.8/site-packages/airflow/example_dags/example_params_ui_tutorial.py
[2025-03-24T23:44:20.360+0000] {processor.py:840} INFO - DAG(s) 'example_params_ui_tutorial' retrieved from /home/airflow/.local/lib/python3.8/site-packages/airflow/example_dags/example_params_ui_tutorial.py
[2025-03-24T23:44:20.385+0000] {logging_mixin.py:188} INFO - [2025-03-24T23:44:20.385+0000] {dag.py:3033} INFO - Sync 1 DAGs
[2025-03-24T23:44:20.391+0000] {logging_mixin.py:188} INFO - [2025-03-24T23:44:20.391+0000] {dag.py:3820} INFO - Setting next_dagrun for example_params_ui_tutorial to None, run_after=None
[2025-03-24T23:44:20.400+0000] {processor.py:183} INFO - Processing /home/airflow/.local/lib/python3.8/site-packages/airflow/example_dags/example_params_ui_tutorial.py took 0.051 seconds
[2025-03-24T23:44:51.032+0000] {processor.py:161} INFO - Started process (PID=2257) to work on /home/airflow/.local/lib/python3.8/site-packages/airflow/example_dags/example_params_ui_tutorial.py
[2025-03-24T23:44:51.033+0000] {processor.py:830} INFO - Processing file /home/airflow/.local/lib/python3.8/site-packages/airflow/example_dags/example_params_ui_tutorial.py for tasks to queue
[2025-03-24T23:44:51.034+0000] {logging_mixin.py:188} INFO - [2025-03-24T23:44:51.034+0000] {dagbag.py:538} INFO - Filling up the DagBag from /home/airflow/.local/lib/python3.8/site-packages/airflow/example_dags/example_params_ui_tutorial.py
[2025-03-24T23:44:51.040+0000] {processor.py:840} INFO - DAG(s) 'example_params_ui_tutorial' retrieved from /home/airflow/.local/lib/python3.8/site-packages/airflow/example_dags/example_params_ui_tutorial.py
[2025-03-24T23:44:51.065+0000] {logging_mixin.py:188} INFO - [2025-03-24T23:44:51.065+0000] {dag.py:3033} INFO - Sync 1 DAGs
[2025-03-24T23:44:51.072+0000] {logging_mixin.py:188} INFO - [2025-03-24T23:44:51.072+0000] {dag.py:3820} INFO - Setting next_dagrun for example_params_ui_tutorial to None, run_after=None
[2025-03-24T23:44:51.079+0000] {processor.py:183} INFO - Processing /home/airflow/.local/lib/python3.8/site-packages/airflow/example_dags/example_params_ui_tutorial.py took 0.048 seconds
[2025-03-24T23:45:21.528+0000] {processor.py:161} INFO - Started process (PID=2312) to work on /home/airflow/.local/lib/python3.8/site-packages/airflow/example_dags/example_params_ui_tutorial.py
[2025-03-24T23:45:21.528+0000] {processor.py:830} INFO - Processing file /home/airflow/.local/lib/python3.8/site-packages/airflow/example_dags/example_params_ui_tutorial.py for tasks to queue
[2025-03-24T23:45:21.529+0000] {logging_mixin.py:188} INFO - [2025-03-24T23:45:21.529+0000] {dagbag.py:538} INFO - Filling up the DagBag from /home/airflow/.local/lib/python3.8/site-packages/airflow/example_dags/example_params_ui_tutorial.py
[2025-03-24T23:45:21.534+0000] {processor.py:840} INFO - DAG(s) 'example_params_ui_tutorial' retrieved from /home/airflow/.local/lib/python3.8/site-packages/airflow/example_dags/example_params_ui_tutorial.py
[2025-03-24T23:45:21.558+0000] {logging_mixin.py:188} INFO - [2025-03-24T23:45:21.558+0000] {dag.py:3033} INFO - Sync 1 DAGs
[2025-03-24T23:45:21.563+0000] {logging_mixin.py:188} INFO - [2025-03-24T23:45:21.563+0000] {dag.py:3820} INFO - Setting next_dagrun for example_params_ui_tutorial to None, run_after=None
[2025-03-24T23:45:21.570+0000] {processor.py:183} INFO - Processing /home/airflow/.local/lib/python3.8/site-packages/airflow/example_dags/example_params_ui_tutorial.py took 0.044 seconds
[2025-03-24T23:45:52.177+0000] {processor.py:161} INFO - Started process (PID=2366) to work on /home/airflow/.local/lib/python3.8/site-packages/airflow/example_dags/example_params_ui_tutorial.py
[2025-03-24T23:45:52.177+0000] {processor.py:830} INFO - Processing file /home/airflow/.local/lib/python3.8/site-packages/airflow/example_dags/example_params_ui_tutorial.py for tasks to queue
[2025-03-24T23:45:52.178+0000] {logging_mixin.py:188} INFO - [2025-03-24T23:45:52.178+0000] {dagbag.py:538} INFO - Filling up the DagBag from /home/airflow/.local/lib/python3.8/site-packages/airflow/example_dags/example_params_ui_tutorial.py
[2025-03-24T23:45:52.185+0000] {processor.py:840} INFO - DAG(s) 'example_params_ui_tutorial' retrieved from /home/airflow/.local/lib/python3.8/site-packages/airflow/example_dags/example_params_ui_tutorial.py
[2025-03-24T23:45:52.210+0000] {logging_mixin.py:188} INFO - [2025-03-24T23:45:52.210+0000] {dag.py:3033} INFO - Sync 1 DAGs
[2025-03-24T23:45:52.216+0000] {logging_mixin.py:188} INFO - [2025-03-24T23:45:52.216+0000] {dag.py:3820} INFO - Setting next_dagrun for example_params_ui_tutorial to None, run_after=None
[2025-03-24T23:45:52.223+0000] {processor.py:183} INFO - Processing /home/airflow/.local/lib/python3.8/site-packages/airflow/example_dags/example_params_ui_tutorial.py took 0.048 seconds
[2025-03-24T23:46:22.881+0000] {processor.py:161} INFO - Started process (PID=2421) to work on /home/airflow/.local/lib/python3.8/site-packages/airflow/example_dags/example_params_ui_tutorial.py
[2025-03-24T23:46:22.882+0000] {processor.py:830} INFO - Processing file /home/airflow/.local/lib/python3.8/site-packages/airflow/example_dags/example_params_ui_tutorial.py for tasks to queue
[2025-03-24T23:46:22.883+0000] {logging_mixin.py:188} INFO - [2025-03-24T23:46:22.883+0000] {dagbag.py:538} INFO - Filling up the DagBag from /home/airflow/.local/lib/python3.8/site-packages/airflow/example_dags/example_params_ui_tutorial.py
[2025-03-24T23:46:22.888+0000] {processor.py:840} INFO - DAG(s) 'example_params_ui_tutorial' retrieved from /home/airflow/.local/lib/python3.8/site-packages/airflow/example_dags/example_params_ui_tutorial.py
[2025-03-24T23:46:22.913+0000] {logging_mixin.py:188} INFO - [2025-03-24T23:46:22.913+0000] {dag.py:3033} INFO - Sync 1 DAGs
[2025-03-24T23:46:22.918+0000] {logging_mixin.py:188} INFO - [2025-03-24T23:46:22.918+0000] {dag.py:3820} INFO - Setting next_dagrun for example_params_ui_tutorial to None, run_after=None
[2025-03-24T23:46:22.997+0000] {processor.py:183} INFO - Processing /home/airflow/.local/lib/python3.8/site-packages/airflow/example_dags/example_params_ui_tutorial.py took 0.117 seconds
[2025-03-24T23:46:53.820+0000] {processor.py:161} INFO - Started process (PID=2476) to work on /home/airflow/.local/lib/python3.8/site-packages/airflow/example_dags/example_params_ui_tutorial.py
[2025-03-24T23:46:53.821+0000] {processor.py:830} INFO - Processing file /home/airflow/.local/lib/python3.8/site-packages/airflow/example_dags/example_params_ui_tutorial.py for tasks to queue
[2025-03-24T23:46:53.823+0000] {logging_mixin.py:188} INFO - [2025-03-24T23:46:53.823+0000] {dagbag.py:538} INFO - Filling up the DagBag from /home/airflow/.local/lib/python3.8/site-packages/airflow/example_dags/example_params_ui_tutorial.py
[2025-03-24T23:46:53.829+0000] {processor.py:840} INFO - DAG(s) 'example_params_ui_tutorial' retrieved from /home/airflow/.local/lib/python3.8/site-packages/airflow/example_dags/example_params_ui_tutorial.py
[2025-03-24T23:46:53.853+0000] {logging_mixin.py:188} INFO - [2025-03-24T23:46:53.853+0000] {dag.py:3033} INFO - Sync 1 DAGs
[2025-03-24T23:46:53.858+0000] {logging_mixin.py:188} INFO - [2025-03-24T23:46:53.858+0000] {dag.py:3820} INFO - Setting next_dagrun for example_params_ui_tutorial to None, run_after=None
[2025-03-24T23:46:53.865+0000] {processor.py:183} INFO - Processing /home/airflow/.local/lib/python3.8/site-packages/airflow/example_dags/example_params_ui_tutorial.py took 0.047 seconds
[2025-03-24T23:47:23.966+0000] {processor.py:161} INFO - Started process (PID=2531) to work on /home/airflow/.local/lib/python3.8/site-packages/airflow/example_dags/example_params_ui_tutorial.py
[2025-03-24T23:47:23.966+0000] {processor.py:830} INFO - Processing file /home/airflow/.local/lib/python3.8/site-packages/airflow/example_dags/example_params_ui_tutorial.py for tasks to queue
[2025-03-24T23:47:23.968+0000] {logging_mixin.py:188} INFO - [2025-03-24T23:47:23.968+0000] {dagbag.py:538} INFO - Filling up the DagBag from /home/airflow/.local/lib/python3.8/site-packages/airflow/example_dags/example_params_ui_tutorial.py
[2025-03-24T23:47:23.978+0000] {processor.py:840} INFO - DAG(s) 'example_params_ui_tutorial' retrieved from /home/airflow/.local/lib/python3.8/site-packages/airflow/example_dags/example_params_ui_tutorial.py
[2025-03-24T23:47:24.007+0000] {logging_mixin.py:188} INFO - [2025-03-24T23:47:24.006+0000] {dag.py:3033} INFO - Sync 1 DAGs
[2025-03-24T23:47:24.012+0000] {logging_mixin.py:188} INFO - [2025-03-24T23:47:24.012+0000] {dag.py:3820} INFO - Setting next_dagrun for example_params_ui_tutorial to None, run_after=None
[2025-03-24T23:47:24.019+0000] {processor.py:183} INFO - Processing /home/airflow/.local/lib/python3.8/site-packages/airflow/example_dags/example_params_ui_tutorial.py took 0.056 seconds
[2025-03-24T23:47:54.924+0000] {processor.py:161} INFO - Started process (PID=2586) to work on /home/airflow/.local/lib/python3.8/site-packages/airflow/example_dags/example_params_ui_tutorial.py
[2025-03-24T23:47:54.925+0000] {processor.py:830} INFO - Processing file /home/airflow/.local/lib/python3.8/site-packages/airflow/example_dags/example_params_ui_tutorial.py for tasks to queue
[2025-03-24T23:47:54.926+0000] {logging_mixin.py:188} INFO - [2025-03-24T23:47:54.926+0000] {dagbag.py:538} INFO - Filling up the DagBag from /home/airflow/.local/lib/python3.8/site-packages/airflow/example_dags/example_params_ui_tutorial.py
[2025-03-24T23:47:54.936+0000] {processor.py:840} INFO - DAG(s) 'example_params_ui_tutorial' retrieved from /home/airflow/.local/lib/python3.8/site-packages/airflow/example_dags/example_params_ui_tutorial.py
[2025-03-24T23:47:54.959+0000] {logging_mixin.py:188} INFO - [2025-03-24T23:47:54.959+0000] {dag.py:3033} INFO - Sync 1 DAGs
[2025-03-24T23:47:55.033+0000] {logging_mixin.py:188} INFO - [2025-03-24T23:47:55.033+0000] {dag.py:3820} INFO - Setting next_dagrun for example_params_ui_tutorial to None, run_after=None
[2025-03-24T23:47:55.040+0000] {processor.py:183} INFO - Processing /home/airflow/.local/lib/python3.8/site-packages/airflow/example_dags/example_params_ui_tutorial.py took 0.117 seconds
[2025-03-24T23:48:25.879+0000] {processor.py:161} INFO - Started process (PID=2641) to work on /home/airflow/.local/lib/python3.8/site-packages/airflow/example_dags/example_params_ui_tutorial.py
[2025-03-24T23:48:25.880+0000] {processor.py:830} INFO - Processing file /home/airflow/.local/lib/python3.8/site-packages/airflow/example_dags/example_params_ui_tutorial.py for tasks to queue
[2025-03-24T23:48:25.881+0000] {logging_mixin.py:188} INFO - [2025-03-24T23:48:25.880+0000] {dagbag.py:538} INFO - Filling up the DagBag from /home/airflow/.local/lib/python3.8/site-packages/airflow/example_dags/example_params_ui_tutorial.py
[2025-03-24T23:48:25.887+0000] {processor.py:840} INFO - DAG(s) 'example_params_ui_tutorial' retrieved from /home/airflow/.local/lib/python3.8/site-packages/airflow/example_dags/example_params_ui_tutorial.py
[2025-03-24T23:48:25.912+0000] {logging_mixin.py:188} INFO - [2025-03-24T23:48:25.912+0000] {dag.py:3033} INFO - Sync 1 DAGs
[2025-03-24T23:48:25.920+0000] {logging_mixin.py:188} INFO - [2025-03-24T23:48:25.920+0000] {dag.py:3820} INFO - Setting next_dagrun for example_params_ui_tutorial to None, run_after=None
[2025-03-24T23:48:25.929+0000] {processor.py:183} INFO - Processing /home/airflow/.local/lib/python3.8/site-packages/airflow/example_dags/example_params_ui_tutorial.py took 0.051 seconds
[2025-03-24T23:48:56.580+0000] {processor.py:161} INFO - Started process (PID=2696) to work on /home/airflow/.local/lib/python3.8/site-packages/airflow/example_dags/example_params_ui_tutorial.py
[2025-03-24T23:48:56.581+0000] {processor.py:830} INFO - Processing file /home/airflow/.local/lib/python3.8/site-packages/airflow/example_dags/example_params_ui_tutorial.py for tasks to queue
[2025-03-24T23:48:56.584+0000] {logging_mixin.py:188} INFO - [2025-03-24T23:48:56.584+0000] {dagbag.py:538} INFO - Filling up the DagBag from /home/airflow/.local/lib/python3.8/site-packages/airflow/example_dags/example_params_ui_tutorial.py
[2025-03-24T23:48:56.597+0000] {processor.py:840} INFO - DAG(s) 'example_params_ui_tutorial' retrieved from /home/airflow/.local/lib/python3.8/site-packages/airflow/example_dags/example_params_ui_tutorial.py
[2025-03-24T23:48:56.630+0000] {logging_mixin.py:188} INFO - [2025-03-24T23:48:56.629+0000] {dag.py:3033} INFO - Sync 1 DAGs
[2025-03-24T23:48:56.640+0000] {logging_mixin.py:188} INFO - [2025-03-24T23:48:56.640+0000] {dag.py:3820} INFO - Setting next_dagrun for example_params_ui_tutorial to None, run_after=None
[2025-03-24T23:48:56.650+0000] {processor.py:183} INFO - Processing /home/airflow/.local/lib/python3.8/site-packages/airflow/example_dags/example_params_ui_tutorial.py took 0.074 seconds
[2025-03-24T23:49:27.664+0000] {processor.py:161} INFO - Started process (PID=2751) to work on /home/airflow/.local/lib/python3.8/site-packages/airflow/example_dags/example_params_ui_tutorial.py
[2025-03-24T23:49:27.665+0000] {processor.py:830} INFO - Processing file /home/airflow/.local/lib/python3.8/site-packages/airflow/example_dags/example_params_ui_tutorial.py for tasks to queue
[2025-03-24T23:49:27.667+0000] {logging_mixin.py:188} INFO - [2025-03-24T23:49:27.667+0000] {dagbag.py:538} INFO - Filling up the DagBag from /home/airflow/.local/lib/python3.8/site-packages/airflow/example_dags/example_params_ui_tutorial.py
[2025-03-24T23:49:27.673+0000] {processor.py:840} INFO - DAG(s) 'example_params_ui_tutorial' retrieved from /home/airflow/.local/lib/python3.8/site-packages/airflow/example_dags/example_params_ui_tutorial.py
[2025-03-24T23:49:27.771+0000] {logging_mixin.py:188} INFO - [2025-03-24T23:49:27.771+0000] {dag.py:3033} INFO - Sync 1 DAGs
[2025-03-24T23:49:27.776+0000] {logging_mixin.py:188} INFO - [2025-03-24T23:49:27.776+0000] {dag.py:3820} INFO - Setting next_dagrun for example_params_ui_tutorial to None, run_after=None
[2025-03-24T23:49:27.783+0000] {processor.py:183} INFO - Processing /home/airflow/.local/lib/python3.8/site-packages/airflow/example_dags/example_params_ui_tutorial.py took 0.120 seconds
[2025-03-24T23:49:57.927+0000] {processor.py:161} INFO - Started process (PID=2805) to work on /home/airflow/.local/lib/python3.8/site-packages/airflow/example_dags/example_params_ui_tutorial.py
[2025-03-24T23:49:57.928+0000] {processor.py:830} INFO - Processing file /home/airflow/.local/lib/python3.8/site-packages/airflow/example_dags/example_params_ui_tutorial.py for tasks to queue
[2025-03-24T23:49:57.929+0000] {logging_mixin.py:188} INFO - [2025-03-24T23:49:57.929+0000] {dagbag.py:538} INFO - Filling up the DagBag from /home/airflow/.local/lib/python3.8/site-packages/airflow/example_dags/example_params_ui_tutorial.py
[2025-03-24T23:49:57.935+0000] {processor.py:840} INFO - DAG(s) 'example_params_ui_tutorial' retrieved from /home/airflow/.local/lib/python3.8/site-packages/airflow/example_dags/example_params_ui_tutorial.py
[2025-03-24T23:49:57.963+0000] {logging_mixin.py:188} INFO - [2025-03-24T23:49:57.963+0000] {dag.py:3033} INFO - Sync 1 DAGs
[2025-03-24T23:49:57.970+0000] {logging_mixin.py:188} INFO - [2025-03-24T23:49:57.969+0000] {dag.py:3820} INFO - Setting next_dagrun for example_params_ui_tutorial to None, run_after=None
[2025-03-24T23:49:58.071+0000] {processor.py:183} INFO - Processing /home/airflow/.local/lib/python3.8/site-packages/airflow/example_dags/example_params_ui_tutorial.py took 0.146 seconds
[2025-03-24T23:50:29.041+0000] {processor.py:161} INFO - Started process (PID=2860) to work on /home/airflow/.local/lib/python3.8/site-packages/airflow/example_dags/example_params_ui_tutorial.py
[2025-03-24T23:50:29.041+0000] {processor.py:830} INFO - Processing file /home/airflow/.local/lib/python3.8/site-packages/airflow/example_dags/example_params_ui_tutorial.py for tasks to queue
[2025-03-24T23:50:29.042+0000] {logging_mixin.py:188} INFO - [2025-03-24T23:50:29.042+0000] {dagbag.py:538} INFO - Filling up the DagBag from /home/airflow/.local/lib/python3.8/site-packages/airflow/example_dags/example_params_ui_tutorial.py
[2025-03-24T23:50:29.048+0000] {processor.py:840} INFO - DAG(s) 'example_params_ui_tutorial' retrieved from /home/airflow/.local/lib/python3.8/site-packages/airflow/example_dags/example_params_ui_tutorial.py
[2025-03-24T23:50:29.083+0000] {logging_mixin.py:188} INFO - [2025-03-24T23:50:29.083+0000] {dag.py:3033} INFO - Sync 1 DAGs
[2025-03-24T23:50:29.088+0000] {logging_mixin.py:188} INFO - [2025-03-24T23:50:29.088+0000] {dag.py:3820} INFO - Setting next_dagrun for example_params_ui_tutorial to None, run_after=None
[2025-03-24T23:50:29.099+0000] {processor.py:183} INFO - Processing /home/airflow/.local/lib/python3.8/site-packages/airflow/example_dags/example_params_ui_tutorial.py took 0.061 seconds
[2025-03-24T23:51:00.055+0000] {processor.py:161} INFO - Started process (PID=2915) to work on /home/airflow/.local/lib/python3.8/site-packages/airflow/example_dags/example_params_ui_tutorial.py
[2025-03-24T23:51:00.057+0000] {processor.py:830} INFO - Processing file /home/airflow/.local/lib/python3.8/site-packages/airflow/example_dags/example_params_ui_tutorial.py for tasks to queue
[2025-03-24T23:51:00.059+0000] {logging_mixin.py:188} INFO - [2025-03-24T23:51:00.059+0000] {dagbag.py:538} INFO - Filling up the DagBag from /home/airflow/.local/lib/python3.8/site-packages/airflow/example_dags/example_params_ui_tutorial.py
[2025-03-24T23:51:00.066+0000] {processor.py:840} INFO - DAG(s) 'example_params_ui_tutorial' retrieved from /home/airflow/.local/lib/python3.8/site-packages/airflow/example_dags/example_params_ui_tutorial.py
[2025-03-24T23:51:00.092+0000] {logging_mixin.py:188} INFO - [2025-03-24T23:51:00.092+0000] {dag.py:3033} INFO - Sync 1 DAGs
[2025-03-24T23:51:00.101+0000] {logging_mixin.py:188} INFO - [2025-03-24T23:51:00.101+0000] {dag.py:3820} INFO - Setting next_dagrun for example_params_ui_tutorial to None, run_after=None
[2025-03-24T23:51:00.113+0000] {processor.py:183} INFO - Processing /home/airflow/.local/lib/python3.8/site-packages/airflow/example_dags/example_params_ui_tutorial.py took 0.060 seconds
[2025-03-24T23:51:30.763+0000] {processor.py:161} INFO - Started process (PID=2970) to work on /home/airflow/.local/lib/python3.8/site-packages/airflow/example_dags/example_params_ui_tutorial.py
[2025-03-24T23:51:30.763+0000] {processor.py:830} INFO - Processing file /home/airflow/.local/lib/python3.8/site-packages/airflow/example_dags/example_params_ui_tutorial.py for tasks to queue
[2025-03-24T23:51:30.765+0000] {logging_mixin.py:188} INFO - [2025-03-24T23:51:30.764+0000] {dagbag.py:538} INFO - Filling up the DagBag from /home/airflow/.local/lib/python3.8/site-packages/airflow/example_dags/example_params_ui_tutorial.py
[2025-03-24T23:51:30.773+0000] {processor.py:840} INFO - DAG(s) 'example_params_ui_tutorial' retrieved from /home/airflow/.local/lib/python3.8/site-packages/airflow/example_dags/example_params_ui_tutorial.py
[2025-03-24T23:51:30.806+0000] {logging_mixin.py:188} INFO - [2025-03-24T23:51:30.805+0000] {dag.py:3033} INFO - Sync 1 DAGs
[2025-03-24T23:51:30.812+0000] {logging_mixin.py:188} INFO - [2025-03-24T23:51:30.812+0000] {dag.py:3820} INFO - Setting next_dagrun for example_params_ui_tutorial to None, run_after=None
[2025-03-24T23:51:30.824+0000] {processor.py:183} INFO - Processing /home/airflow/.local/lib/python3.8/site-packages/airflow/example_dags/example_params_ui_tutorial.py took 0.064 seconds
