[2025-03-24T23:24:26.297+0000] {processor.py:161} INFO - Started process (PID=62) to work on /home/airflow/.local/lib/python3.8/site-packages/airflow/example_dags/example_sensors.py
[2025-03-24T23:24:26.298+0000] {processor.py:830} INFO - Processing file /home/airflow/.local/lib/python3.8/site-packages/airflow/example_dags/example_sensors.py for tasks to queue
[2025-03-24T23:24:26.301+0000] {logging_mixin.py:188} INFO - [2025-03-24T23:24:26.301+0000] {dagbag.py:538} INFO - Filling up the DagBag from /home/airflow/.local/lib/python3.8/site-packages/airflow/example_dags/example_sensors.py
[2025-03-24T23:24:26.317+0000] {processor.py:840} INFO - DAG(s) 'example_sensors' retrieved from /home/airflow/.local/lib/python3.8/site-packages/airflow/example_dags/example_sensors.py
[2025-03-24T23:24:26.328+0000] {logging_mixin.py:188} INFO - [2025-03-24T23:24:26.327+0000] {dag.py:3033} INFO - Sync 1 DAGs
[2025-03-24T23:24:26.342+0000] {logging_mixin.py:188} INFO - [2025-03-24T23:24:26.341+0000] {dag.py:3820} INFO - Setting next_dagrun for example_sensors to None, run_after=None
[2025-03-24T23:24:26.364+0000] {processor.py:183} INFO - Processing /home/airflow/.local/lib/python3.8/site-packages/airflow/example_dags/example_sensors.py took 0.070 seconds
[2025-03-24T23:24:56.554+0000] {processor.py:161} INFO - Started process (PID=117) to work on /home/airflow/.local/lib/python3.8/site-packages/airflow/example_dags/example_sensors.py
[2025-03-24T23:24:56.554+0000] {processor.py:830} INFO - Processing file /home/airflow/.local/lib/python3.8/site-packages/airflow/example_dags/example_sensors.py for tasks to queue
[2025-03-24T23:24:56.557+0000] {logging_mixin.py:188} INFO - [2025-03-24T23:24:56.556+0000] {dagbag.py:538} INFO - Filling up the DagBag from /home/airflow/.local/lib/python3.8/site-packages/airflow/example_dags/example_sensors.py
[2025-03-24T23:24:56.562+0000] {processor.py:840} INFO - DAG(s) 'example_sensors' retrieved from /home/airflow/.local/lib/python3.8/site-packages/airflow/example_dags/example_sensors.py
[2025-03-24T23:24:56.613+0000] {logging_mixin.py:188} INFO - [2025-03-24T23:24:56.613+0000] {dag.py:3033} INFO - Sync 1 DAGs
[2025-03-24T23:24:56.621+0000] {logging_mixin.py:188} INFO - [2025-03-24T23:24:56.620+0000] {dag.py:3820} INFO - Setting next_dagrun for example_sensors to None, run_after=None
[2025-03-24T23:24:56.633+0000] {processor.py:183} INFO - Processing /home/airflow/.local/lib/python3.8/site-packages/airflow/example_dags/example_sensors.py took 0.081 seconds
[2025-03-24T23:25:27.569+0000] {processor.py:161} INFO - Started process (PID=172) to work on /home/airflow/.local/lib/python3.8/site-packages/airflow/example_dags/example_sensors.py
[2025-03-24T23:25:27.570+0000] {processor.py:830} INFO - Processing file /home/airflow/.local/lib/python3.8/site-packages/airflow/example_dags/example_sensors.py for tasks to queue
[2025-03-24T23:25:27.571+0000] {logging_mixin.py:188} INFO - [2025-03-24T23:25:27.571+0000] {dagbag.py:538} INFO - Filling up the DagBag from /home/airflow/.local/lib/python3.8/site-packages/airflow/example_dags/example_sensors.py
[2025-03-24T23:25:27.576+0000] {processor.py:840} INFO - DAG(s) 'example_sensors' retrieved from /home/airflow/.local/lib/python3.8/site-packages/airflow/example_dags/example_sensors.py
[2025-03-24T23:25:27.588+0000] {logging_mixin.py:188} INFO - [2025-03-24T23:25:27.588+0000] {dag.py:3033} INFO - Sync 1 DAGs
[2025-03-24T23:25:27.594+0000] {logging_mixin.py:188} INFO - [2025-03-24T23:25:27.594+0000] {dag.py:3820} INFO - Setting next_dagrun for example_sensors to None, run_after=None
[2025-03-24T23:25:27.602+0000] {processor.py:183} INFO - Processing /home/airflow/.local/lib/python3.8/site-packages/airflow/example_dags/example_sensors.py took 0.035 seconds
[2025-03-24T23:25:58.144+0000] {processor.py:161} INFO - Started process (PID=227) to work on /home/airflow/.local/lib/python3.8/site-packages/airflow/example_dags/example_sensors.py
[2025-03-24T23:25:58.144+0000] {processor.py:830} INFO - Processing file /home/airflow/.local/lib/python3.8/site-packages/airflow/example_dags/example_sensors.py for tasks to queue
[2025-03-24T23:25:58.145+0000] {logging_mixin.py:188} INFO - [2025-03-24T23:25:58.145+0000] {dagbag.py:538} INFO - Filling up the DagBag from /home/airflow/.local/lib/python3.8/site-packages/airflow/example_dags/example_sensors.py
[2025-03-24T23:25:58.149+0000] {processor.py:840} INFO - DAG(s) 'example_sensors' retrieved from /home/airflow/.local/lib/python3.8/site-packages/airflow/example_dags/example_sensors.py
[2025-03-24T23:25:58.159+0000] {logging_mixin.py:188} INFO - [2025-03-24T23:25:58.158+0000] {dag.py:3033} INFO - Sync 1 DAGs
[2025-03-24T23:25:58.163+0000] {logging_mixin.py:188} INFO - [2025-03-24T23:25:58.163+0000] {dag.py:3820} INFO - Setting next_dagrun for example_sensors to None, run_after=None
[2025-03-24T23:25:58.169+0000] {processor.py:183} INFO - Processing /home/airflow/.local/lib/python3.8/site-packages/airflow/example_dags/example_sensors.py took 0.027 seconds
[2025-03-24T23:26:28.854+0000] {processor.py:161} INFO - Started process (PID=288) to work on /home/airflow/.local/lib/python3.8/site-packages/airflow/example_dags/example_sensors.py
[2025-03-24T23:26:28.855+0000] {processor.py:830} INFO - Processing file /home/airflow/.local/lib/python3.8/site-packages/airflow/example_dags/example_sensors.py for tasks to queue
[2025-03-24T23:26:28.855+0000] {logging_mixin.py:188} INFO - [2025-03-24T23:26:28.855+0000] {dagbag.py:538} INFO - Filling up the DagBag from /home/airflow/.local/lib/python3.8/site-packages/airflow/example_dags/example_sensors.py
[2025-03-24T23:26:28.860+0000] {processor.py:840} INFO - DAG(s) 'example_sensors' retrieved from /home/airflow/.local/lib/python3.8/site-packages/airflow/example_dags/example_sensors.py
[2025-03-24T23:26:28.871+0000] {logging_mixin.py:188} INFO - [2025-03-24T23:26:28.870+0000] {dag.py:3033} INFO - Sync 1 DAGs
[2025-03-24T23:26:28.876+0000] {logging_mixin.py:188} INFO - [2025-03-24T23:26:28.876+0000] {dag.py:3820} INFO - Setting next_dagrun for example_sensors to None, run_after=None
[2025-03-24T23:26:28.884+0000] {processor.py:183} INFO - Processing /home/airflow/.local/lib/python3.8/site-packages/airflow/example_dags/example_sensors.py took 0.032 seconds
[2025-03-24T23:26:59.368+0000] {processor.py:161} INFO - Started process (PID=343) to work on /home/airflow/.local/lib/python3.8/site-packages/airflow/example_dags/example_sensors.py
[2025-03-24T23:26:59.369+0000] {processor.py:830} INFO - Processing file /home/airflow/.local/lib/python3.8/site-packages/airflow/example_dags/example_sensors.py for tasks to queue
[2025-03-24T23:26:59.370+0000] {logging_mixin.py:188} INFO - [2025-03-24T23:26:59.369+0000] {dagbag.py:538} INFO - Filling up the DagBag from /home/airflow/.local/lib/python3.8/site-packages/airflow/example_dags/example_sensors.py
[2025-03-24T23:26:59.374+0000] {processor.py:840} INFO - DAG(s) 'example_sensors' retrieved from /home/airflow/.local/lib/python3.8/site-packages/airflow/example_dags/example_sensors.py
[2025-03-24T23:26:59.385+0000] {logging_mixin.py:188} INFO - [2025-03-24T23:26:59.385+0000] {dag.py:3033} INFO - Sync 1 DAGs
[2025-03-24T23:26:59.390+0000] {logging_mixin.py:188} INFO - [2025-03-24T23:26:59.390+0000] {dag.py:3820} INFO - Setting next_dagrun for example_sensors to None, run_after=None
[2025-03-24T23:26:59.399+0000] {processor.py:183} INFO - Processing /home/airflow/.local/lib/python3.8/site-packages/airflow/example_dags/example_sensors.py took 0.033 seconds
[2025-03-24T23:27:30.101+0000] {processor.py:161} INFO - Started process (PID=398) to work on /home/airflow/.local/lib/python3.8/site-packages/airflow/example_dags/example_sensors.py
[2025-03-24T23:27:30.102+0000] {processor.py:830} INFO - Processing file /home/airflow/.local/lib/python3.8/site-packages/airflow/example_dags/example_sensors.py for tasks to queue
[2025-03-24T23:27:30.103+0000] {logging_mixin.py:188} INFO - [2025-03-24T23:27:30.103+0000] {dagbag.py:538} INFO - Filling up the DagBag from /home/airflow/.local/lib/python3.8/site-packages/airflow/example_dags/example_sensors.py
[2025-03-24T23:27:30.107+0000] {processor.py:840} INFO - DAG(s) 'example_sensors' retrieved from /home/airflow/.local/lib/python3.8/site-packages/airflow/example_dags/example_sensors.py
[2025-03-24T23:27:30.121+0000] {logging_mixin.py:188} INFO - [2025-03-24T23:27:30.120+0000] {dag.py:3033} INFO - Sync 1 DAGs
[2025-03-24T23:27:30.126+0000] {logging_mixin.py:188} INFO - [2025-03-24T23:27:30.126+0000] {dag.py:3820} INFO - Setting next_dagrun for example_sensors to None, run_after=None
[2025-03-24T23:27:30.137+0000] {processor.py:183} INFO - Processing /home/airflow/.local/lib/python3.8/site-packages/airflow/example_dags/example_sensors.py took 0.037 seconds
[2025-03-24T23:28:00.802+0000] {processor.py:161} INFO - Started process (PID=453) to work on /home/airflow/.local/lib/python3.8/site-packages/airflow/example_dags/example_sensors.py
[2025-03-24T23:28:00.803+0000] {processor.py:830} INFO - Processing file /home/airflow/.local/lib/python3.8/site-packages/airflow/example_dags/example_sensors.py for tasks to queue
[2025-03-24T23:28:00.804+0000] {logging_mixin.py:188} INFO - [2025-03-24T23:28:00.804+0000] {dagbag.py:538} INFO - Filling up the DagBag from /home/airflow/.local/lib/python3.8/site-packages/airflow/example_dags/example_sensors.py
[2025-03-24T23:28:00.808+0000] {processor.py:840} INFO - DAG(s) 'example_sensors' retrieved from /home/airflow/.local/lib/python3.8/site-packages/airflow/example_dags/example_sensors.py
[2025-03-24T23:28:00.820+0000] {logging_mixin.py:188} INFO - [2025-03-24T23:28:00.820+0000] {dag.py:3033} INFO - Sync 1 DAGs
[2025-03-24T23:28:00.827+0000] {logging_mixin.py:188} INFO - [2025-03-24T23:28:00.827+0000] {dag.py:3820} INFO - Setting next_dagrun for example_sensors to None, run_after=None
[2025-03-24T23:28:00.835+0000] {processor.py:183} INFO - Processing /home/airflow/.local/lib/python3.8/site-packages/airflow/example_dags/example_sensors.py took 0.035 seconds
[2025-03-24T23:28:31.534+0000] {processor.py:161} INFO - Started process (PID=508) to work on /home/airflow/.local/lib/python3.8/site-packages/airflow/example_dags/example_sensors.py
[2025-03-24T23:28:31.535+0000] {processor.py:830} INFO - Processing file /home/airflow/.local/lib/python3.8/site-packages/airflow/example_dags/example_sensors.py for tasks to queue
[2025-03-24T23:28:31.537+0000] {logging_mixin.py:188} INFO - [2025-03-24T23:28:31.537+0000] {dagbag.py:538} INFO - Filling up the DagBag from /home/airflow/.local/lib/python3.8/site-packages/airflow/example_dags/example_sensors.py
[2025-03-24T23:28:31.543+0000] {processor.py:840} INFO - DAG(s) 'example_sensors' retrieved from /home/airflow/.local/lib/python3.8/site-packages/airflow/example_dags/example_sensors.py
[2025-03-24T23:28:31.560+0000] {logging_mixin.py:188} INFO - [2025-03-24T23:28:31.560+0000] {dag.py:3033} INFO - Sync 1 DAGs
[2025-03-24T23:28:31.567+0000] {logging_mixin.py:188} INFO - [2025-03-24T23:28:31.567+0000] {dag.py:3820} INFO - Setting next_dagrun for example_sensors to None, run_after=None
[2025-03-24T23:28:31.576+0000] {processor.py:183} INFO - Processing /home/airflow/.local/lib/python3.8/site-packages/airflow/example_dags/example_sensors.py took 0.045 seconds
[2025-03-24T23:29:02.310+0000] {processor.py:161} INFO - Started process (PID=563) to work on /home/airflow/.local/lib/python3.8/site-packages/airflow/example_dags/example_sensors.py
[2025-03-24T23:29:02.311+0000] {processor.py:830} INFO - Processing file /home/airflow/.local/lib/python3.8/site-packages/airflow/example_dags/example_sensors.py for tasks to queue
[2025-03-24T23:29:02.312+0000] {logging_mixin.py:188} INFO - [2025-03-24T23:29:02.312+0000] {dagbag.py:538} INFO - Filling up the DagBag from /home/airflow/.local/lib/python3.8/site-packages/airflow/example_dags/example_sensors.py
[2025-03-24T23:29:02.316+0000] {processor.py:840} INFO - DAG(s) 'example_sensors' retrieved from /home/airflow/.local/lib/python3.8/site-packages/airflow/example_dags/example_sensors.py
[2025-03-24T23:29:02.329+0000] {logging_mixin.py:188} INFO - [2025-03-24T23:29:02.329+0000] {dag.py:3033} INFO - Sync 1 DAGs
[2025-03-24T23:29:02.335+0000] {logging_mixin.py:188} INFO - [2025-03-24T23:29:02.335+0000] {dag.py:3820} INFO - Setting next_dagrun for example_sensors to None, run_after=None
[2025-03-24T23:29:02.347+0000] {processor.py:183} INFO - Processing /home/airflow/.local/lib/python3.8/site-packages/airflow/example_dags/example_sensors.py took 0.039 seconds
[2025-03-24T23:29:33.009+0000] {processor.py:161} INFO - Started process (PID=618) to work on /home/airflow/.local/lib/python3.8/site-packages/airflow/example_dags/example_sensors.py
[2025-03-24T23:29:33.010+0000] {processor.py:830} INFO - Processing file /home/airflow/.local/lib/python3.8/site-packages/airflow/example_dags/example_sensors.py for tasks to queue
[2025-03-24T23:29:33.012+0000] {logging_mixin.py:188} INFO - [2025-03-24T23:29:33.011+0000] {dagbag.py:538} INFO - Filling up the DagBag from /home/airflow/.local/lib/python3.8/site-packages/airflow/example_dags/example_sensors.py
[2025-03-24T23:29:33.017+0000] {processor.py:840} INFO - DAG(s) 'example_sensors' retrieved from /home/airflow/.local/lib/python3.8/site-packages/airflow/example_dags/example_sensors.py
[2025-03-24T23:29:33.031+0000] {logging_mixin.py:188} INFO - [2025-03-24T23:29:33.031+0000] {dag.py:3033} INFO - Sync 1 DAGs
[2025-03-24T23:29:33.036+0000] {logging_mixin.py:188} INFO - [2025-03-24T23:29:33.036+0000] {dag.py:3820} INFO - Setting next_dagrun for example_sensors to None, run_after=None
[2025-03-24T23:29:33.044+0000] {processor.py:183} INFO - Processing /home/airflow/.local/lib/python3.8/site-packages/airflow/example_dags/example_sensors.py took 0.038 seconds
[2025-03-24T23:30:03.694+0000] {processor.py:161} INFO - Started process (PID=673) to work on /home/airflow/.local/lib/python3.8/site-packages/airflow/example_dags/example_sensors.py
[2025-03-24T23:30:03.698+0000] {processor.py:830} INFO - Processing file /home/airflow/.local/lib/python3.8/site-packages/airflow/example_dags/example_sensors.py for tasks to queue
[2025-03-24T23:30:03.701+0000] {logging_mixin.py:188} INFO - [2025-03-24T23:30:03.700+0000] {dagbag.py:538} INFO - Filling up the DagBag from /home/airflow/.local/lib/python3.8/site-packages/airflow/example_dags/example_sensors.py
[2025-03-24T23:30:03.708+0000] {processor.py:840} INFO - DAG(s) 'example_sensors' retrieved from /home/airflow/.local/lib/python3.8/site-packages/airflow/example_dags/example_sensors.py
[2025-03-24T23:30:03.725+0000] {logging_mixin.py:188} INFO - [2025-03-24T23:30:03.725+0000] {dag.py:3033} INFO - Sync 1 DAGs
[2025-03-24T23:30:03.731+0000] {logging_mixin.py:188} INFO - [2025-03-24T23:30:03.731+0000] {dag.py:3820} INFO - Setting next_dagrun for example_sensors to None, run_after=None
[2025-03-24T23:30:03.739+0000] {processor.py:183} INFO - Processing /home/airflow/.local/lib/python3.8/site-packages/airflow/example_dags/example_sensors.py took 0.048 seconds
[2025-03-24T23:30:34.239+0000] {processor.py:161} INFO - Started process (PID=728) to work on /home/airflow/.local/lib/python3.8/site-packages/airflow/example_dags/example_sensors.py
[2025-03-24T23:30:34.240+0000] {processor.py:830} INFO - Processing file /home/airflow/.local/lib/python3.8/site-packages/airflow/example_dags/example_sensors.py for tasks to queue
[2025-03-24T23:30:34.242+0000] {logging_mixin.py:188} INFO - [2025-03-24T23:30:34.242+0000] {dagbag.py:538} INFO - Filling up the DagBag from /home/airflow/.local/lib/python3.8/site-packages/airflow/example_dags/example_sensors.py
[2025-03-24T23:30:34.250+0000] {processor.py:840} INFO - DAG(s) 'example_sensors' retrieved from /home/airflow/.local/lib/python3.8/site-packages/airflow/example_dags/example_sensors.py
[2025-03-24T23:30:34.264+0000] {logging_mixin.py:188} INFO - [2025-03-24T23:30:34.264+0000] {dag.py:3033} INFO - Sync 1 DAGs
[2025-03-24T23:30:34.270+0000] {logging_mixin.py:188} INFO - [2025-03-24T23:30:34.270+0000] {dag.py:3820} INFO - Setting next_dagrun for example_sensors to None, run_after=None
[2025-03-24T23:30:34.281+0000] {processor.py:183} INFO - Processing /home/airflow/.local/lib/python3.8/site-packages/airflow/example_dags/example_sensors.py took 0.047 seconds
[2025-03-24T23:31:05.169+0000] {processor.py:161} INFO - Started process (PID=783) to work on /home/airflow/.local/lib/python3.8/site-packages/airflow/example_dags/example_sensors.py
[2025-03-24T23:31:05.171+0000] {processor.py:830} INFO - Processing file /home/airflow/.local/lib/python3.8/site-packages/airflow/example_dags/example_sensors.py for tasks to queue
[2025-03-24T23:31:05.173+0000] {logging_mixin.py:188} INFO - [2025-03-24T23:31:05.172+0000] {dagbag.py:538} INFO - Filling up the DagBag from /home/airflow/.local/lib/python3.8/site-packages/airflow/example_dags/example_sensors.py
[2025-03-24T23:31:05.178+0000] {processor.py:840} INFO - DAG(s) 'example_sensors' retrieved from /home/airflow/.local/lib/python3.8/site-packages/airflow/example_dags/example_sensors.py
[2025-03-24T23:31:05.191+0000] {logging_mixin.py:188} INFO - [2025-03-24T23:31:05.191+0000] {dag.py:3033} INFO - Sync 1 DAGs
[2025-03-24T23:31:05.196+0000] {logging_mixin.py:188} INFO - [2025-03-24T23:31:05.196+0000] {dag.py:3820} INFO - Setting next_dagrun for example_sensors to None, run_after=None
[2025-03-24T23:31:05.204+0000] {processor.py:183} INFO - Processing /home/airflow/.local/lib/python3.8/site-packages/airflow/example_dags/example_sensors.py took 0.038 seconds
[2025-03-24T23:31:35.955+0000] {processor.py:161} INFO - Started process (PID=838) to work on /home/airflow/.local/lib/python3.8/site-packages/airflow/example_dags/example_sensors.py
[2025-03-24T23:31:35.955+0000] {processor.py:830} INFO - Processing file /home/airflow/.local/lib/python3.8/site-packages/airflow/example_dags/example_sensors.py for tasks to queue
[2025-03-24T23:31:35.956+0000] {logging_mixin.py:188} INFO - [2025-03-24T23:31:35.956+0000] {dagbag.py:538} INFO - Filling up the DagBag from /home/airflow/.local/lib/python3.8/site-packages/airflow/example_dags/example_sensors.py
[2025-03-24T23:31:35.961+0000] {processor.py:840} INFO - DAG(s) 'example_sensors' retrieved from /home/airflow/.local/lib/python3.8/site-packages/airflow/example_dags/example_sensors.py
[2025-03-24T23:31:35.975+0000] {logging_mixin.py:188} INFO - [2025-03-24T23:31:35.975+0000] {dag.py:3033} INFO - Sync 1 DAGs
[2025-03-24T23:31:35.981+0000] {logging_mixin.py:188} INFO - [2025-03-24T23:31:35.980+0000] {dag.py:3820} INFO - Setting next_dagrun for example_sensors to None, run_after=None
[2025-03-24T23:31:35.989+0000] {processor.py:183} INFO - Processing /home/airflow/.local/lib/python3.8/site-packages/airflow/example_dags/example_sensors.py took 0.036 seconds
[2025-03-24T23:32:06.687+0000] {processor.py:161} INFO - Started process (PID=893) to work on /home/airflow/.local/lib/python3.8/site-packages/airflow/example_dags/example_sensors.py
[2025-03-24T23:32:06.688+0000] {processor.py:830} INFO - Processing file /home/airflow/.local/lib/python3.8/site-packages/airflow/example_dags/example_sensors.py for tasks to queue
[2025-03-24T23:32:06.689+0000] {logging_mixin.py:188} INFO - [2025-03-24T23:32:06.689+0000] {dagbag.py:538} INFO - Filling up the DagBag from /home/airflow/.local/lib/python3.8/site-packages/airflow/example_dags/example_sensors.py
[2025-03-24T23:32:06.695+0000] {processor.py:840} INFO - DAG(s) 'example_sensors' retrieved from /home/airflow/.local/lib/python3.8/site-packages/airflow/example_dags/example_sensors.py
[2025-03-24T23:32:06.711+0000] {logging_mixin.py:188} INFO - [2025-03-24T23:32:06.711+0000] {dag.py:3033} INFO - Sync 1 DAGs
[2025-03-24T23:32:06.725+0000] {logging_mixin.py:188} INFO - [2025-03-24T23:32:06.725+0000] {dag.py:3820} INFO - Setting next_dagrun for example_sensors to None, run_after=None
[2025-03-24T23:32:06.737+0000] {processor.py:183} INFO - Processing /home/airflow/.local/lib/python3.8/site-packages/airflow/example_dags/example_sensors.py took 0.053 seconds
[2025-03-24T23:32:37.686+0000] {processor.py:161} INFO - Started process (PID=948) to work on /home/airflow/.local/lib/python3.8/site-packages/airflow/example_dags/example_sensors.py
[2025-03-24T23:32:37.689+0000] {processor.py:830} INFO - Processing file /home/airflow/.local/lib/python3.8/site-packages/airflow/example_dags/example_sensors.py for tasks to queue
[2025-03-24T23:32:37.692+0000] {logging_mixin.py:188} INFO - [2025-03-24T23:32:37.691+0000] {dagbag.py:538} INFO - Filling up the DagBag from /home/airflow/.local/lib/python3.8/site-packages/airflow/example_dags/example_sensors.py
[2025-03-24T23:32:37.697+0000] {processor.py:840} INFO - DAG(s) 'example_sensors' retrieved from /home/airflow/.local/lib/python3.8/site-packages/airflow/example_dags/example_sensors.py
[2025-03-24T23:32:37.709+0000] {logging_mixin.py:188} INFO - [2025-03-24T23:32:37.709+0000] {dag.py:3033} INFO - Sync 1 DAGs
[2025-03-24T23:32:37.714+0000] {logging_mixin.py:188} INFO - [2025-03-24T23:32:37.714+0000] {dag.py:3820} INFO - Setting next_dagrun for example_sensors to None, run_after=None
[2025-03-24T23:32:37.723+0000] {processor.py:183} INFO - Processing /home/airflow/.local/lib/python3.8/site-packages/airflow/example_dags/example_sensors.py took 0.038 seconds
[2025-03-24T23:33:08.205+0000] {processor.py:161} INFO - Started process (PID=1003) to work on /home/airflow/.local/lib/python3.8/site-packages/airflow/example_dags/example_sensors.py
[2025-03-24T23:33:08.206+0000] {processor.py:830} INFO - Processing file /home/airflow/.local/lib/python3.8/site-packages/airflow/example_dags/example_sensors.py for tasks to queue
[2025-03-24T23:33:08.207+0000] {logging_mixin.py:188} INFO - [2025-03-24T23:33:08.207+0000] {dagbag.py:538} INFO - Filling up the DagBag from /home/airflow/.local/lib/python3.8/site-packages/airflow/example_dags/example_sensors.py
[2025-03-24T23:33:08.211+0000] {processor.py:840} INFO - DAG(s) 'example_sensors' retrieved from /home/airflow/.local/lib/python3.8/site-packages/airflow/example_dags/example_sensors.py
[2025-03-24T23:33:08.225+0000] {logging_mixin.py:188} INFO - [2025-03-24T23:33:08.225+0000] {dag.py:3033} INFO - Sync 1 DAGs
[2025-03-24T23:33:08.231+0000] {logging_mixin.py:188} INFO - [2025-03-24T23:33:08.231+0000] {dag.py:3820} INFO - Setting next_dagrun for example_sensors to None, run_after=None
[2025-03-24T23:33:08.239+0000] {processor.py:183} INFO - Processing /home/airflow/.local/lib/python3.8/site-packages/airflow/example_dags/example_sensors.py took 0.036 seconds
[2025-03-24T23:33:38.770+0000] {processor.py:161} INFO - Started process (PID=1058) to work on /home/airflow/.local/lib/python3.8/site-packages/airflow/example_dags/example_sensors.py
[2025-03-24T23:33:38.771+0000] {processor.py:830} INFO - Processing file /home/airflow/.local/lib/python3.8/site-packages/airflow/example_dags/example_sensors.py for tasks to queue
[2025-03-24T23:33:38.772+0000] {logging_mixin.py:188} INFO - [2025-03-24T23:33:38.772+0000] {dagbag.py:538} INFO - Filling up the DagBag from /home/airflow/.local/lib/python3.8/site-packages/airflow/example_dags/example_sensors.py
[2025-03-24T23:33:38.778+0000] {processor.py:840} INFO - DAG(s) 'example_sensors' retrieved from /home/airflow/.local/lib/python3.8/site-packages/airflow/example_dags/example_sensors.py
[2025-03-24T23:33:38.791+0000] {logging_mixin.py:188} INFO - [2025-03-24T23:33:38.791+0000] {dag.py:3033} INFO - Sync 1 DAGs
[2025-03-24T23:33:38.798+0000] {logging_mixin.py:188} INFO - [2025-03-24T23:33:38.798+0000] {dag.py:3820} INFO - Setting next_dagrun for example_sensors to None, run_after=None
[2025-03-24T23:33:38.807+0000] {processor.py:183} INFO - Processing /home/airflow/.local/lib/python3.8/site-packages/airflow/example_dags/example_sensors.py took 0.040 seconds
[2025-03-24T23:34:09.362+0000] {processor.py:161} INFO - Started process (PID=1113) to work on /home/airflow/.local/lib/python3.8/site-packages/airflow/example_dags/example_sensors.py
[2025-03-24T23:34:09.362+0000] {processor.py:830} INFO - Processing file /home/airflow/.local/lib/python3.8/site-packages/airflow/example_dags/example_sensors.py for tasks to queue
[2025-03-24T23:34:09.363+0000] {logging_mixin.py:188} INFO - [2025-03-24T23:34:09.363+0000] {dagbag.py:538} INFO - Filling up the DagBag from /home/airflow/.local/lib/python3.8/site-packages/airflow/example_dags/example_sensors.py
[2025-03-24T23:34:09.368+0000] {processor.py:840} INFO - DAG(s) 'example_sensors' retrieved from /home/airflow/.local/lib/python3.8/site-packages/airflow/example_dags/example_sensors.py
[2025-03-24T23:34:09.379+0000] {logging_mixin.py:188} INFO - [2025-03-24T23:34:09.379+0000] {dag.py:3033} INFO - Sync 1 DAGs
[2025-03-24T23:34:09.384+0000] {logging_mixin.py:188} INFO - [2025-03-24T23:34:09.384+0000] {dag.py:3820} INFO - Setting next_dagrun for example_sensors to None, run_after=None
[2025-03-24T23:34:09.393+0000] {processor.py:183} INFO - Processing /home/airflow/.local/lib/python3.8/site-packages/airflow/example_dags/example_sensors.py took 0.033 seconds
[2025-03-24T23:34:40.088+0000] {processor.py:161} INFO - Started process (PID=1168) to work on /home/airflow/.local/lib/python3.8/site-packages/airflow/example_dags/example_sensors.py
[2025-03-24T23:34:40.091+0000] {processor.py:830} INFO - Processing file /home/airflow/.local/lib/python3.8/site-packages/airflow/example_dags/example_sensors.py for tasks to queue
[2025-03-24T23:34:40.093+0000] {logging_mixin.py:188} INFO - [2025-03-24T23:34:40.092+0000] {dagbag.py:538} INFO - Filling up the DagBag from /home/airflow/.local/lib/python3.8/site-packages/airflow/example_dags/example_sensors.py
[2025-03-24T23:34:40.097+0000] {processor.py:840} INFO - DAG(s) 'example_sensors' retrieved from /home/airflow/.local/lib/python3.8/site-packages/airflow/example_dags/example_sensors.py
[2025-03-24T23:34:40.112+0000] {logging_mixin.py:188} INFO - [2025-03-24T23:34:40.111+0000] {dag.py:3033} INFO - Sync 1 DAGs
[2025-03-24T23:34:40.118+0000] {logging_mixin.py:188} INFO - [2025-03-24T23:34:40.117+0000] {dag.py:3820} INFO - Setting next_dagrun for example_sensors to None, run_after=None
[2025-03-24T23:34:40.127+0000] {processor.py:183} INFO - Processing /home/airflow/.local/lib/python3.8/site-packages/airflow/example_dags/example_sensors.py took 0.041 seconds
[2025-03-24T23:35:10.220+0000] {processor.py:161} INFO - Started process (PID=1223) to work on /home/airflow/.local/lib/python3.8/site-packages/airflow/example_dags/example_sensors.py
[2025-03-24T23:35:10.221+0000] {processor.py:830} INFO - Processing file /home/airflow/.local/lib/python3.8/site-packages/airflow/example_dags/example_sensors.py for tasks to queue
[2025-03-24T23:35:10.222+0000] {logging_mixin.py:188} INFO - [2025-03-24T23:35:10.222+0000] {dagbag.py:538} INFO - Filling up the DagBag from /home/airflow/.local/lib/python3.8/site-packages/airflow/example_dags/example_sensors.py
[2025-03-24T23:35:10.228+0000] {processor.py:840} INFO - DAG(s) 'example_sensors' retrieved from /home/airflow/.local/lib/python3.8/site-packages/airflow/example_dags/example_sensors.py
[2025-03-24T23:35:10.244+0000] {logging_mixin.py:188} INFO - [2025-03-24T23:35:10.244+0000] {dag.py:3033} INFO - Sync 1 DAGs
[2025-03-24T23:35:10.250+0000] {logging_mixin.py:188} INFO - [2025-03-24T23:35:10.250+0000] {dag.py:3820} INFO - Setting next_dagrun for example_sensors to None, run_after=None
[2025-03-24T23:35:10.259+0000] {processor.py:183} INFO - Processing /home/airflow/.local/lib/python3.8/site-packages/airflow/example_dags/example_sensors.py took 0.041 seconds
[2025-03-24T23:35:41.008+0000] {processor.py:161} INFO - Started process (PID=1278) to work on /home/airflow/.local/lib/python3.8/site-packages/airflow/example_dags/example_sensors.py
[2025-03-24T23:35:41.010+0000] {processor.py:830} INFO - Processing file /home/airflow/.local/lib/python3.8/site-packages/airflow/example_dags/example_sensors.py for tasks to queue
[2025-03-24T23:35:41.011+0000] {logging_mixin.py:188} INFO - [2025-03-24T23:35:41.011+0000] {dagbag.py:538} INFO - Filling up the DagBag from /home/airflow/.local/lib/python3.8/site-packages/airflow/example_dags/example_sensors.py
[2025-03-24T23:35:41.016+0000] {processor.py:840} INFO - DAG(s) 'example_sensors' retrieved from /home/airflow/.local/lib/python3.8/site-packages/airflow/example_dags/example_sensors.py
[2025-03-24T23:35:41.028+0000] {logging_mixin.py:188} INFO - [2025-03-24T23:35:41.027+0000] {dag.py:3033} INFO - Sync 1 DAGs
[2025-03-24T23:35:41.035+0000] {logging_mixin.py:188} INFO - [2025-03-24T23:35:41.035+0000] {dag.py:3820} INFO - Setting next_dagrun for example_sensors to None, run_after=None
[2025-03-24T23:35:41.044+0000] {processor.py:183} INFO - Processing /home/airflow/.local/lib/python3.8/site-packages/airflow/example_dags/example_sensors.py took 0.038 seconds
[2025-03-24T23:36:11.740+0000] {processor.py:161} INFO - Started process (PID=1333) to work on /home/airflow/.local/lib/python3.8/site-packages/airflow/example_dags/example_sensors.py
[2025-03-24T23:36:11.740+0000] {processor.py:830} INFO - Processing file /home/airflow/.local/lib/python3.8/site-packages/airflow/example_dags/example_sensors.py for tasks to queue
[2025-03-24T23:36:11.741+0000] {logging_mixin.py:188} INFO - [2025-03-24T23:36:11.741+0000] {dagbag.py:538} INFO - Filling up the DagBag from /home/airflow/.local/lib/python3.8/site-packages/airflow/example_dags/example_sensors.py
[2025-03-24T23:36:11.745+0000] {processor.py:840} INFO - DAG(s) 'example_sensors' retrieved from /home/airflow/.local/lib/python3.8/site-packages/airflow/example_dags/example_sensors.py
[2025-03-24T23:36:11.758+0000] {logging_mixin.py:188} INFO - [2025-03-24T23:36:11.758+0000] {dag.py:3033} INFO - Sync 1 DAGs
[2025-03-24T23:36:11.763+0000] {logging_mixin.py:188} INFO - [2025-03-24T23:36:11.763+0000] {dag.py:3820} INFO - Setting next_dagrun for example_sensors to None, run_after=None
[2025-03-24T23:36:11.771+0000] {processor.py:183} INFO - Processing /home/airflow/.local/lib/python3.8/site-packages/airflow/example_dags/example_sensors.py took 0.033 seconds
[2025-03-24T23:36:42.517+0000] {processor.py:161} INFO - Started process (PID=1388) to work on /home/airflow/.local/lib/python3.8/site-packages/airflow/example_dags/example_sensors.py
[2025-03-24T23:36:42.518+0000] {processor.py:830} INFO - Processing file /home/airflow/.local/lib/python3.8/site-packages/airflow/example_dags/example_sensors.py for tasks to queue
[2025-03-24T23:36:42.519+0000] {logging_mixin.py:188} INFO - [2025-03-24T23:36:42.518+0000] {dagbag.py:538} INFO - Filling up the DagBag from /home/airflow/.local/lib/python3.8/site-packages/airflow/example_dags/example_sensors.py
[2025-03-24T23:36:42.523+0000] {processor.py:840} INFO - DAG(s) 'example_sensors' retrieved from /home/airflow/.local/lib/python3.8/site-packages/airflow/example_dags/example_sensors.py
[2025-03-24T23:36:42.536+0000] {logging_mixin.py:188} INFO - [2025-03-24T23:36:42.536+0000] {dag.py:3033} INFO - Sync 1 DAGs
[2025-03-24T23:36:42.543+0000] {logging_mixin.py:188} INFO - [2025-03-24T23:36:42.542+0000] {dag.py:3820} INFO - Setting next_dagrun for example_sensors to None, run_after=None
[2025-03-24T23:36:42.554+0000] {processor.py:183} INFO - Processing /home/airflow/.local/lib/python3.8/site-packages/airflow/example_dags/example_sensors.py took 0.039 seconds
[2025-03-24T23:37:13.342+0000] {processor.py:161} INFO - Started process (PID=1443) to work on /home/airflow/.local/lib/python3.8/site-packages/airflow/example_dags/example_sensors.py
[2025-03-24T23:37:13.343+0000] {processor.py:830} INFO - Processing file /home/airflow/.local/lib/python3.8/site-packages/airflow/example_dags/example_sensors.py for tasks to queue
[2025-03-24T23:37:13.345+0000] {logging_mixin.py:188} INFO - [2025-03-24T23:37:13.345+0000] {dagbag.py:538} INFO - Filling up the DagBag from /home/airflow/.local/lib/python3.8/site-packages/airflow/example_dags/example_sensors.py
[2025-03-24T23:37:13.351+0000] {processor.py:840} INFO - DAG(s) 'example_sensors' retrieved from /home/airflow/.local/lib/python3.8/site-packages/airflow/example_dags/example_sensors.py
[2025-03-24T23:37:13.362+0000] {logging_mixin.py:188} INFO - [2025-03-24T23:37:13.362+0000] {dag.py:3033} INFO - Sync 1 DAGs
[2025-03-24T23:37:13.367+0000] {logging_mixin.py:188} INFO - [2025-03-24T23:37:13.367+0000] {dag.py:3820} INFO - Setting next_dagrun for example_sensors to None, run_after=None
[2025-03-24T23:37:13.377+0000] {processor.py:183} INFO - Processing /home/airflow/.local/lib/python3.8/site-packages/airflow/example_dags/example_sensors.py took 0.037 seconds
[2025-03-24T23:37:44.125+0000] {processor.py:161} INFO - Started process (PID=1498) to work on /home/airflow/.local/lib/python3.8/site-packages/airflow/example_dags/example_sensors.py
[2025-03-24T23:37:44.128+0000] {processor.py:830} INFO - Processing file /home/airflow/.local/lib/python3.8/site-packages/airflow/example_dags/example_sensors.py for tasks to queue
[2025-03-24T23:37:44.130+0000] {logging_mixin.py:188} INFO - [2025-03-24T23:37:44.130+0000] {dagbag.py:538} INFO - Filling up the DagBag from /home/airflow/.local/lib/python3.8/site-packages/airflow/example_dags/example_sensors.py
[2025-03-24T23:37:44.134+0000] {processor.py:840} INFO - DAG(s) 'example_sensors' retrieved from /home/airflow/.local/lib/python3.8/site-packages/airflow/example_dags/example_sensors.py
[2025-03-24T23:37:44.146+0000] {logging_mixin.py:188} INFO - [2025-03-24T23:37:44.146+0000] {dag.py:3033} INFO - Sync 1 DAGs
[2025-03-24T23:37:44.154+0000] {logging_mixin.py:188} INFO - [2025-03-24T23:37:44.154+0000] {dag.py:3820} INFO - Setting next_dagrun for example_sensors to None, run_after=None
[2025-03-24T23:37:44.161+0000] {processor.py:183} INFO - Processing /home/airflow/.local/lib/python3.8/site-packages/airflow/example_dags/example_sensors.py took 0.038 seconds
[2025-03-24T23:38:14.880+0000] {processor.py:161} INFO - Started process (PID=1553) to work on /home/airflow/.local/lib/python3.8/site-packages/airflow/example_dags/example_sensors.py
[2025-03-24T23:38:14.881+0000] {processor.py:830} INFO - Processing file /home/airflow/.local/lib/python3.8/site-packages/airflow/example_dags/example_sensors.py for tasks to queue
[2025-03-24T23:38:14.882+0000] {logging_mixin.py:188} INFO - [2025-03-24T23:38:14.882+0000] {dagbag.py:538} INFO - Filling up the DagBag from /home/airflow/.local/lib/python3.8/site-packages/airflow/example_dags/example_sensors.py
[2025-03-24T23:38:14.887+0000] {processor.py:840} INFO - DAG(s) 'example_sensors' retrieved from /home/airflow/.local/lib/python3.8/site-packages/airflow/example_dags/example_sensors.py
[2025-03-24T23:38:14.900+0000] {logging_mixin.py:188} INFO - [2025-03-24T23:38:14.900+0000] {dag.py:3033} INFO - Sync 1 DAGs
[2025-03-24T23:38:14.913+0000] {logging_mixin.py:188} INFO - [2025-03-24T23:38:14.912+0000] {dag.py:3820} INFO - Setting next_dagrun for example_sensors to None, run_after=None
[2025-03-24T23:38:14.922+0000] {processor.py:183} INFO - Processing /home/airflow/.local/lib/python3.8/site-packages/airflow/example_dags/example_sensors.py took 0.044 seconds
[2025-03-24T23:38:45.608+0000] {processor.py:161} INFO - Started process (PID=1608) to work on /home/airflow/.local/lib/python3.8/site-packages/airflow/example_dags/example_sensors.py
[2025-03-24T23:38:45.609+0000] {processor.py:830} INFO - Processing file /home/airflow/.local/lib/python3.8/site-packages/airflow/example_dags/example_sensors.py for tasks to queue
[2025-03-24T23:38:45.610+0000] {logging_mixin.py:188} INFO - [2025-03-24T23:38:45.610+0000] {dagbag.py:538} INFO - Filling up the DagBag from /home/airflow/.local/lib/python3.8/site-packages/airflow/example_dags/example_sensors.py
[2025-03-24T23:38:45.615+0000] {processor.py:840} INFO - DAG(s) 'example_sensors' retrieved from /home/airflow/.local/lib/python3.8/site-packages/airflow/example_dags/example_sensors.py
[2025-03-24T23:38:45.630+0000] {logging_mixin.py:188} INFO - [2025-03-24T23:38:45.630+0000] {dag.py:3033} INFO - Sync 1 DAGs
[2025-03-24T23:38:45.635+0000] {logging_mixin.py:188} INFO - [2025-03-24T23:38:45.635+0000] {dag.py:3820} INFO - Setting next_dagrun for example_sensors to None, run_after=None
[2025-03-24T23:38:45.649+0000] {processor.py:183} INFO - Processing /home/airflow/.local/lib/python3.8/site-packages/airflow/example_dags/example_sensors.py took 0.042 seconds
[2025-03-24T23:39:16.407+0000] {processor.py:161} INFO - Started process (PID=1663) to work on /home/airflow/.local/lib/python3.8/site-packages/airflow/example_dags/example_sensors.py
[2025-03-24T23:39:16.408+0000] {processor.py:830} INFO - Processing file /home/airflow/.local/lib/python3.8/site-packages/airflow/example_dags/example_sensors.py for tasks to queue
[2025-03-24T23:39:16.409+0000] {logging_mixin.py:188} INFO - [2025-03-24T23:39:16.409+0000] {dagbag.py:538} INFO - Filling up the DagBag from /home/airflow/.local/lib/python3.8/site-packages/airflow/example_dags/example_sensors.py
[2025-03-24T23:39:16.415+0000] {processor.py:840} INFO - DAG(s) 'example_sensors' retrieved from /home/airflow/.local/lib/python3.8/site-packages/airflow/example_dags/example_sensors.py
[2025-03-24T23:39:16.429+0000] {logging_mixin.py:188} INFO - [2025-03-24T23:39:16.429+0000] {dag.py:3033} INFO - Sync 1 DAGs
[2025-03-24T23:39:16.437+0000] {logging_mixin.py:188} INFO - [2025-03-24T23:39:16.437+0000] {dag.py:3820} INFO - Setting next_dagrun for example_sensors to None, run_after=None
[2025-03-24T23:39:16.448+0000] {processor.py:183} INFO - Processing /home/airflow/.local/lib/python3.8/site-packages/airflow/example_dags/example_sensors.py took 0.043 seconds
[2025-03-24T23:39:47.280+0000] {processor.py:161} INFO - Started process (PID=1718) to work on /home/airflow/.local/lib/python3.8/site-packages/airflow/example_dags/example_sensors.py
[2025-03-24T23:39:47.281+0000] {processor.py:830} INFO - Processing file /home/airflow/.local/lib/python3.8/site-packages/airflow/example_dags/example_sensors.py for tasks to queue
[2025-03-24T23:39:47.282+0000] {logging_mixin.py:188} INFO - [2025-03-24T23:39:47.282+0000] {dagbag.py:538} INFO - Filling up the DagBag from /home/airflow/.local/lib/python3.8/site-packages/airflow/example_dags/example_sensors.py
[2025-03-24T23:39:47.288+0000] {processor.py:840} INFO - DAG(s) 'example_sensors' retrieved from /home/airflow/.local/lib/python3.8/site-packages/airflow/example_dags/example_sensors.py
[2025-03-24T23:39:47.305+0000] {logging_mixin.py:188} INFO - [2025-03-24T23:39:47.304+0000] {dag.py:3033} INFO - Sync 1 DAGs
[2025-03-24T23:39:47.315+0000] {logging_mixin.py:188} INFO - [2025-03-24T23:39:47.315+0000] {dag.py:3820} INFO - Setting next_dagrun for example_sensors to None, run_after=None
[2025-03-24T23:39:47.325+0000] {processor.py:183} INFO - Processing /home/airflow/.local/lib/python3.8/site-packages/airflow/example_dags/example_sensors.py took 0.048 seconds
[2025-03-24T23:40:17.912+0000] {processor.py:161} INFO - Started process (PID=1773) to work on /home/airflow/.local/lib/python3.8/site-packages/airflow/example_dags/example_sensors.py
[2025-03-24T23:40:17.912+0000] {processor.py:830} INFO - Processing file /home/airflow/.local/lib/python3.8/site-packages/airflow/example_dags/example_sensors.py for tasks to queue
[2025-03-24T23:40:17.913+0000] {logging_mixin.py:188} INFO - [2025-03-24T23:40:17.913+0000] {dagbag.py:538} INFO - Filling up the DagBag from /home/airflow/.local/lib/python3.8/site-packages/airflow/example_dags/example_sensors.py
[2025-03-24T23:40:17.917+0000] {processor.py:840} INFO - DAG(s) 'example_sensors' retrieved from /home/airflow/.local/lib/python3.8/site-packages/airflow/example_dags/example_sensors.py
[2025-03-24T23:40:17.926+0000] {logging_mixin.py:188} INFO - [2025-03-24T23:40:17.926+0000] {dag.py:3033} INFO - Sync 1 DAGs
[2025-03-24T23:40:17.935+0000] {logging_mixin.py:188} INFO - [2025-03-24T23:40:17.935+0000] {dag.py:3820} INFO - Setting next_dagrun for example_sensors to None, run_after=None
[2025-03-24T23:40:17.943+0000] {processor.py:183} INFO - Processing /home/airflow/.local/lib/python3.8/site-packages/airflow/example_dags/example_sensors.py took 0.032 seconds
[2025-03-24T23:40:48.512+0000] {processor.py:161} INFO - Started process (PID=1828) to work on /home/airflow/.local/lib/python3.8/site-packages/airflow/example_dags/example_sensors.py
[2025-03-24T23:40:48.513+0000] {processor.py:830} INFO - Processing file /home/airflow/.local/lib/python3.8/site-packages/airflow/example_dags/example_sensors.py for tasks to queue
[2025-03-24T23:40:48.514+0000] {logging_mixin.py:188} INFO - [2025-03-24T23:40:48.513+0000] {dagbag.py:538} INFO - Filling up the DagBag from /home/airflow/.local/lib/python3.8/site-packages/airflow/example_dags/example_sensors.py
[2025-03-24T23:40:48.517+0000] {processor.py:840} INFO - DAG(s) 'example_sensors' retrieved from /home/airflow/.local/lib/python3.8/site-packages/airflow/example_dags/example_sensors.py
[2025-03-24T23:40:48.528+0000] {logging_mixin.py:188} INFO - [2025-03-24T23:40:48.527+0000] {dag.py:3033} INFO - Sync 1 DAGs
[2025-03-24T23:40:48.533+0000] {logging_mixin.py:188} INFO - [2025-03-24T23:40:48.533+0000] {dag.py:3820} INFO - Setting next_dagrun for example_sensors to None, run_after=None
[2025-03-24T23:40:48.541+0000] {processor.py:183} INFO - Processing /home/airflow/.local/lib/python3.8/site-packages/airflow/example_dags/example_sensors.py took 0.030 seconds
[2025-03-24T23:41:19.077+0000] {processor.py:161} INFO - Started process (PID=1883) to work on /home/airflow/.local/lib/python3.8/site-packages/airflow/example_dags/example_sensors.py
[2025-03-24T23:41:19.078+0000] {processor.py:830} INFO - Processing file /home/airflow/.local/lib/python3.8/site-packages/airflow/example_dags/example_sensors.py for tasks to queue
[2025-03-24T23:41:19.079+0000] {logging_mixin.py:188} INFO - [2025-03-24T23:41:19.079+0000] {dagbag.py:538} INFO - Filling up the DagBag from /home/airflow/.local/lib/python3.8/site-packages/airflow/example_dags/example_sensors.py
[2025-03-24T23:41:19.085+0000] {processor.py:840} INFO - DAG(s) 'example_sensors' retrieved from /home/airflow/.local/lib/python3.8/site-packages/airflow/example_dags/example_sensors.py
[2025-03-24T23:41:19.100+0000] {logging_mixin.py:188} INFO - [2025-03-24T23:41:19.100+0000] {dag.py:3033} INFO - Sync 1 DAGs
[2025-03-24T23:41:19.107+0000] {logging_mixin.py:188} INFO - [2025-03-24T23:41:19.107+0000] {dag.py:3820} INFO - Setting next_dagrun for example_sensors to None, run_after=None
[2025-03-24T23:41:19.116+0000] {processor.py:183} INFO - Processing /home/airflow/.local/lib/python3.8/site-packages/airflow/example_dags/example_sensors.py took 0.041 seconds
[2025-03-24T23:41:49.669+0000] {processor.py:161} INFO - Started process (PID=1938) to work on /home/airflow/.local/lib/python3.8/site-packages/airflow/example_dags/example_sensors.py
[2025-03-24T23:41:49.674+0000] {processor.py:830} INFO - Processing file /home/airflow/.local/lib/python3.8/site-packages/airflow/example_dags/example_sensors.py for tasks to queue
[2025-03-24T23:41:49.679+0000] {logging_mixin.py:188} INFO - [2025-03-24T23:41:49.678+0000] {dagbag.py:538} INFO - Filling up the DagBag from /home/airflow/.local/lib/python3.8/site-packages/airflow/example_dags/example_sensors.py
[2025-03-24T23:41:49.689+0000] {processor.py:840} INFO - DAG(s) 'example_sensors' retrieved from /home/airflow/.local/lib/python3.8/site-packages/airflow/example_dags/example_sensors.py
[2025-03-24T23:41:49.703+0000] {logging_mixin.py:188} INFO - [2025-03-24T23:41:49.703+0000] {dag.py:3033} INFO - Sync 1 DAGs
[2025-03-24T23:41:49.710+0000] {logging_mixin.py:188} INFO - [2025-03-24T23:41:49.710+0000] {dag.py:3820} INFO - Setting next_dagrun for example_sensors to None, run_after=None
[2025-03-24T23:41:49.718+0000] {processor.py:183} INFO - Processing /home/airflow/.local/lib/python3.8/site-packages/airflow/example_dags/example_sensors.py took 0.059 seconds
[2025-03-24T23:42:20.334+0000] {processor.py:161} INFO - Started process (PID=1993) to work on /home/airflow/.local/lib/python3.8/site-packages/airflow/example_dags/example_sensors.py
[2025-03-24T23:42:20.337+0000] {processor.py:830} INFO - Processing file /home/airflow/.local/lib/python3.8/site-packages/airflow/example_dags/example_sensors.py for tasks to queue
[2025-03-24T23:42:20.339+0000] {logging_mixin.py:188} INFO - [2025-03-24T23:42:20.339+0000] {dagbag.py:538} INFO - Filling up the DagBag from /home/airflow/.local/lib/python3.8/site-packages/airflow/example_dags/example_sensors.py
[2025-03-24T23:42:20.346+0000] {processor.py:840} INFO - DAG(s) 'example_sensors' retrieved from /home/airflow/.local/lib/python3.8/site-packages/airflow/example_dags/example_sensors.py
[2025-03-24T23:42:20.358+0000] {logging_mixin.py:188} INFO - [2025-03-24T23:42:20.358+0000] {dag.py:3033} INFO - Sync 1 DAGs
[2025-03-24T23:42:20.364+0000] {logging_mixin.py:188} INFO - [2025-03-24T23:42:20.364+0000] {dag.py:3820} INFO - Setting next_dagrun for example_sensors to None, run_after=None
[2025-03-24T23:42:20.371+0000] {processor.py:183} INFO - Processing /home/airflow/.local/lib/python3.8/site-packages/airflow/example_dags/example_sensors.py took 0.040 seconds
[2025-03-24T23:42:50.815+0000] {processor.py:161} INFO - Started process (PID=2048) to work on /home/airflow/.local/lib/python3.8/site-packages/airflow/example_dags/example_sensors.py
[2025-03-24T23:42:50.817+0000] {processor.py:830} INFO - Processing file /home/airflow/.local/lib/python3.8/site-packages/airflow/example_dags/example_sensors.py for tasks to queue
[2025-03-24T23:42:50.818+0000] {logging_mixin.py:188} INFO - [2025-03-24T23:42:50.818+0000] {dagbag.py:538} INFO - Filling up the DagBag from /home/airflow/.local/lib/python3.8/site-packages/airflow/example_dags/example_sensors.py
[2025-03-24T23:42:50.822+0000] {processor.py:840} INFO - DAG(s) 'example_sensors' retrieved from /home/airflow/.local/lib/python3.8/site-packages/airflow/example_dags/example_sensors.py
[2025-03-24T23:42:50.832+0000] {logging_mixin.py:188} INFO - [2025-03-24T23:42:50.832+0000] {dag.py:3033} INFO - Sync 1 DAGs
[2025-03-24T23:42:50.837+0000] {logging_mixin.py:188} INFO - [2025-03-24T23:42:50.837+0000] {dag.py:3820} INFO - Setting next_dagrun for example_sensors to None, run_after=None
[2025-03-24T23:42:50.846+0000] {processor.py:183} INFO - Processing /home/airflow/.local/lib/python3.8/site-packages/airflow/example_dags/example_sensors.py took 0.033 seconds
[2025-03-24T23:43:21.334+0000] {processor.py:161} INFO - Started process (PID=2103) to work on /home/airflow/.local/lib/python3.8/site-packages/airflow/example_dags/example_sensors.py
[2025-03-24T23:43:21.335+0000] {processor.py:830} INFO - Processing file /home/airflow/.local/lib/python3.8/site-packages/airflow/example_dags/example_sensors.py for tasks to queue
[2025-03-24T23:43:21.337+0000] {logging_mixin.py:188} INFO - [2025-03-24T23:43:21.336+0000] {dagbag.py:538} INFO - Filling up the DagBag from /home/airflow/.local/lib/python3.8/site-packages/airflow/example_dags/example_sensors.py
[2025-03-24T23:43:21.342+0000] {processor.py:840} INFO - DAG(s) 'example_sensors' retrieved from /home/airflow/.local/lib/python3.8/site-packages/airflow/example_dags/example_sensors.py
[2025-03-24T23:43:21.354+0000] {logging_mixin.py:188} INFO - [2025-03-24T23:43:21.354+0000] {dag.py:3033} INFO - Sync 1 DAGs
[2025-03-24T23:43:21.360+0000] {logging_mixin.py:188} INFO - [2025-03-24T23:43:21.360+0000] {dag.py:3820} INFO - Setting next_dagrun for example_sensors to None, run_after=None
[2025-03-24T23:43:21.367+0000] {processor.py:183} INFO - Processing /home/airflow/.local/lib/python3.8/site-packages/airflow/example_dags/example_sensors.py took 0.036 seconds
[2025-03-24T23:43:52.009+0000] {processor.py:161} INFO - Started process (PID=2158) to work on /home/airflow/.local/lib/python3.8/site-packages/airflow/example_dags/example_sensors.py
[2025-03-24T23:43:52.010+0000] {processor.py:830} INFO - Processing file /home/airflow/.local/lib/python3.8/site-packages/airflow/example_dags/example_sensors.py for tasks to queue
[2025-03-24T23:43:52.014+0000] {logging_mixin.py:188} INFO - [2025-03-24T23:43:52.014+0000] {dagbag.py:538} INFO - Filling up the DagBag from /home/airflow/.local/lib/python3.8/site-packages/airflow/example_dags/example_sensors.py
[2025-03-24T23:43:52.019+0000] {processor.py:840} INFO - DAG(s) 'example_sensors' retrieved from /home/airflow/.local/lib/python3.8/site-packages/airflow/example_dags/example_sensors.py
[2025-03-24T23:43:52.031+0000] {logging_mixin.py:188} INFO - [2025-03-24T23:43:52.031+0000] {dag.py:3033} INFO - Sync 1 DAGs
[2025-03-24T23:43:52.038+0000] {logging_mixin.py:188} INFO - [2025-03-24T23:43:52.037+0000] {dag.py:3820} INFO - Setting next_dagrun for example_sensors to None, run_after=None
[2025-03-24T23:43:52.046+0000] {processor.py:183} INFO - Processing /home/airflow/.local/lib/python3.8/site-packages/airflow/example_dags/example_sensors.py took 0.039 seconds
[2025-03-24T23:44:22.654+0000] {processor.py:161} INFO - Started process (PID=2213) to work on /home/airflow/.local/lib/python3.8/site-packages/airflow/example_dags/example_sensors.py
[2025-03-24T23:44:22.655+0000] {processor.py:830} INFO - Processing file /home/airflow/.local/lib/python3.8/site-packages/airflow/example_dags/example_sensors.py for tasks to queue
[2025-03-24T23:44:22.656+0000] {logging_mixin.py:188} INFO - [2025-03-24T23:44:22.656+0000] {dagbag.py:538} INFO - Filling up the DagBag from /home/airflow/.local/lib/python3.8/site-packages/airflow/example_dags/example_sensors.py
[2025-03-24T23:44:22.661+0000] {processor.py:840} INFO - DAG(s) 'example_sensors' retrieved from /home/airflow/.local/lib/python3.8/site-packages/airflow/example_dags/example_sensors.py
[2025-03-24T23:44:22.674+0000] {logging_mixin.py:188} INFO - [2025-03-24T23:44:22.674+0000] {dag.py:3033} INFO - Sync 1 DAGs
[2025-03-24T23:44:22.680+0000] {logging_mixin.py:188} INFO - [2025-03-24T23:44:22.680+0000] {dag.py:3820} INFO - Setting next_dagrun for example_sensors to None, run_after=None
[2025-03-24T23:44:22.690+0000] {processor.py:183} INFO - Processing /home/airflow/.local/lib/python3.8/site-packages/airflow/example_dags/example_sensors.py took 0.038 seconds
[2025-03-24T23:44:53.313+0000] {processor.py:161} INFO - Started process (PID=2268) to work on /home/airflow/.local/lib/python3.8/site-packages/airflow/example_dags/example_sensors.py
[2025-03-24T23:44:53.314+0000] {processor.py:830} INFO - Processing file /home/airflow/.local/lib/python3.8/site-packages/airflow/example_dags/example_sensors.py for tasks to queue
[2025-03-24T23:44:53.315+0000] {logging_mixin.py:188} INFO - [2025-03-24T23:44:53.314+0000] {dagbag.py:538} INFO - Filling up the DagBag from /home/airflow/.local/lib/python3.8/site-packages/airflow/example_dags/example_sensors.py
[2025-03-24T23:44:53.318+0000] {processor.py:840} INFO - DAG(s) 'example_sensors' retrieved from /home/airflow/.local/lib/python3.8/site-packages/airflow/example_dags/example_sensors.py
[2025-03-24T23:44:53.330+0000] {logging_mixin.py:188} INFO - [2025-03-24T23:44:53.330+0000] {dag.py:3033} INFO - Sync 1 DAGs
[2025-03-24T23:44:53.335+0000] {logging_mixin.py:188} INFO - [2025-03-24T23:44:53.335+0000] {dag.py:3820} INFO - Setting next_dagrun for example_sensors to None, run_after=None
[2025-03-24T23:44:53.342+0000] {processor.py:183} INFO - Processing /home/airflow/.local/lib/python3.8/site-packages/airflow/example_dags/example_sensors.py took 0.031 seconds
[2025-03-24T23:45:23.801+0000] {processor.py:161} INFO - Started process (PID=2323) to work on /home/airflow/.local/lib/python3.8/site-packages/airflow/example_dags/example_sensors.py
[2025-03-24T23:45:23.802+0000] {processor.py:830} INFO - Processing file /home/airflow/.local/lib/python3.8/site-packages/airflow/example_dags/example_sensors.py for tasks to queue
[2025-03-24T23:45:23.803+0000] {logging_mixin.py:188} INFO - [2025-03-24T23:45:23.803+0000] {dagbag.py:538} INFO - Filling up the DagBag from /home/airflow/.local/lib/python3.8/site-packages/airflow/example_dags/example_sensors.py
[2025-03-24T23:45:23.807+0000] {processor.py:840} INFO - DAG(s) 'example_sensors' retrieved from /home/airflow/.local/lib/python3.8/site-packages/airflow/example_dags/example_sensors.py
[2025-03-24T23:45:23.820+0000] {logging_mixin.py:188} INFO - [2025-03-24T23:45:23.820+0000] {dag.py:3033} INFO - Sync 1 DAGs
[2025-03-24T23:45:23.824+0000] {logging_mixin.py:188} INFO - [2025-03-24T23:45:23.824+0000] {dag.py:3820} INFO - Setting next_dagrun for example_sensors to None, run_after=None
[2025-03-24T23:45:23.831+0000] {processor.py:183} INFO - Processing /home/airflow/.local/lib/python3.8/site-packages/airflow/example_dags/example_sensors.py took 0.031 seconds
[2025-03-24T23:45:54.473+0000] {processor.py:161} INFO - Started process (PID=2377) to work on /home/airflow/.local/lib/python3.8/site-packages/airflow/example_dags/example_sensors.py
[2025-03-24T23:45:54.474+0000] {processor.py:830} INFO - Processing file /home/airflow/.local/lib/python3.8/site-packages/airflow/example_dags/example_sensors.py for tasks to queue
[2025-03-24T23:45:54.475+0000] {logging_mixin.py:188} INFO - [2025-03-24T23:45:54.475+0000] {dagbag.py:538} INFO - Filling up the DagBag from /home/airflow/.local/lib/python3.8/site-packages/airflow/example_dags/example_sensors.py
[2025-03-24T23:45:54.479+0000] {processor.py:840} INFO - DAG(s) 'example_sensors' retrieved from /home/airflow/.local/lib/python3.8/site-packages/airflow/example_dags/example_sensors.py
[2025-03-24T23:45:54.490+0000] {logging_mixin.py:188} INFO - [2025-03-24T23:45:54.490+0000] {dag.py:3033} INFO - Sync 1 DAGs
[2025-03-24T23:45:54.495+0000] {logging_mixin.py:188} INFO - [2025-03-24T23:45:54.495+0000] {dag.py:3820} INFO - Setting next_dagrun for example_sensors to None, run_after=None
[2025-03-24T23:45:54.503+0000] {processor.py:183} INFO - Processing /home/airflow/.local/lib/python3.8/site-packages/airflow/example_dags/example_sensors.py took 0.031 seconds
[2025-03-24T23:46:25.346+0000] {processor.py:161} INFO - Started process (PID=2432) to work on /home/airflow/.local/lib/python3.8/site-packages/airflow/example_dags/example_sensors.py
[2025-03-24T23:46:25.350+0000] {processor.py:830} INFO - Processing file /home/airflow/.local/lib/python3.8/site-packages/airflow/example_dags/example_sensors.py for tasks to queue
[2025-03-24T23:46:25.353+0000] {logging_mixin.py:188} INFO - [2025-03-24T23:46:25.353+0000] {dagbag.py:538} INFO - Filling up the DagBag from /home/airflow/.local/lib/python3.8/site-packages/airflow/example_dags/example_sensors.py
[2025-03-24T23:46:25.359+0000] {processor.py:840} INFO - DAG(s) 'example_sensors' retrieved from /home/airflow/.local/lib/python3.8/site-packages/airflow/example_dags/example_sensors.py
[2025-03-24T23:46:25.373+0000] {logging_mixin.py:188} INFO - [2025-03-24T23:46:25.373+0000] {dag.py:3033} INFO - Sync 1 DAGs
[2025-03-24T23:46:25.378+0000] {logging_mixin.py:188} INFO - [2025-03-24T23:46:25.378+0000] {dag.py:3820} INFO - Setting next_dagrun for example_sensors to None, run_after=None
[2025-03-24T23:46:25.386+0000] {processor.py:183} INFO - Processing /home/airflow/.local/lib/python3.8/site-packages/airflow/example_dags/example_sensors.py took 0.042 seconds
[2025-03-24T23:46:56.179+0000] {processor.py:161} INFO - Started process (PID=2487) to work on /home/airflow/.local/lib/python3.8/site-packages/airflow/example_dags/example_sensors.py
[2025-03-24T23:46:56.180+0000] {processor.py:830} INFO - Processing file /home/airflow/.local/lib/python3.8/site-packages/airflow/example_dags/example_sensors.py for tasks to queue
[2025-03-24T23:46:56.181+0000] {logging_mixin.py:188} INFO - [2025-03-24T23:46:56.181+0000] {dagbag.py:538} INFO - Filling up the DagBag from /home/airflow/.local/lib/python3.8/site-packages/airflow/example_dags/example_sensors.py
[2025-03-24T23:46:56.186+0000] {processor.py:840} INFO - DAG(s) 'example_sensors' retrieved from /home/airflow/.local/lib/python3.8/site-packages/airflow/example_dags/example_sensors.py
[2025-03-24T23:46:56.201+0000] {logging_mixin.py:188} INFO - [2025-03-24T23:46:56.201+0000] {dag.py:3033} INFO - Sync 1 DAGs
[2025-03-24T23:46:56.207+0000] {logging_mixin.py:188} INFO - [2025-03-24T23:46:56.207+0000] {dag.py:3820} INFO - Setting next_dagrun for example_sensors to None, run_after=None
[2025-03-24T23:46:56.216+0000] {processor.py:183} INFO - Processing /home/airflow/.local/lib/python3.8/site-packages/airflow/example_dags/example_sensors.py took 0.039 seconds
[2025-03-24T23:47:26.273+0000] {processor.py:161} INFO - Started process (PID=2542) to work on /home/airflow/.local/lib/python3.8/site-packages/airflow/example_dags/example_sensors.py
[2025-03-24T23:47:26.274+0000] {processor.py:830} INFO - Processing file /home/airflow/.local/lib/python3.8/site-packages/airflow/example_dags/example_sensors.py for tasks to queue
[2025-03-24T23:47:26.275+0000] {logging_mixin.py:188} INFO - [2025-03-24T23:47:26.275+0000] {dagbag.py:538} INFO - Filling up the DagBag from /home/airflow/.local/lib/python3.8/site-packages/airflow/example_dags/example_sensors.py
[2025-03-24T23:47:26.279+0000] {processor.py:840} INFO - DAG(s) 'example_sensors' retrieved from /home/airflow/.local/lib/python3.8/site-packages/airflow/example_dags/example_sensors.py
[2025-03-24T23:47:26.295+0000] {logging_mixin.py:188} INFO - [2025-03-24T23:47:26.295+0000] {dag.py:3033} INFO - Sync 1 DAGs
[2025-03-24T23:47:26.301+0000] {logging_mixin.py:188} INFO - [2025-03-24T23:47:26.301+0000] {dag.py:3820} INFO - Setting next_dagrun for example_sensors to None, run_after=None
[2025-03-24T23:47:26.309+0000] {processor.py:183} INFO - Processing /home/airflow/.local/lib/python3.8/site-packages/airflow/example_dags/example_sensors.py took 0.038 seconds
[2025-03-24T23:47:56.447+0000] {processor.py:161} INFO - Started process (PID=2597) to work on /home/airflow/.local/lib/python3.8/site-packages/airflow/example_dags/example_sensors.py
[2025-03-24T23:47:56.448+0000] {processor.py:830} INFO - Processing file /home/airflow/.local/lib/python3.8/site-packages/airflow/example_dags/example_sensors.py for tasks to queue
[2025-03-24T23:47:56.449+0000] {logging_mixin.py:188} INFO - [2025-03-24T23:47:56.448+0000] {dagbag.py:538} INFO - Filling up the DagBag from /home/airflow/.local/lib/python3.8/site-packages/airflow/example_dags/example_sensors.py
[2025-03-24T23:47:56.452+0000] {processor.py:840} INFO - DAG(s) 'example_sensors' retrieved from /home/airflow/.local/lib/python3.8/site-packages/airflow/example_dags/example_sensors.py
[2025-03-24T23:47:56.462+0000] {logging_mixin.py:188} INFO - [2025-03-24T23:47:56.462+0000] {dag.py:3033} INFO - Sync 1 DAGs
[2025-03-24T23:47:56.467+0000] {logging_mixin.py:188} INFO - [2025-03-24T23:47:56.467+0000] {dag.py:3820} INFO - Setting next_dagrun for example_sensors to None, run_after=None
[2025-03-24T23:47:56.474+0000] {processor.py:183} INFO - Processing /home/airflow/.local/lib/python3.8/site-packages/airflow/example_dags/example_sensors.py took 0.028 seconds
[2025-03-24T23:48:27.412+0000] {processor.py:161} INFO - Started process (PID=2652) to work on /home/airflow/.local/lib/python3.8/site-packages/airflow/example_dags/example_sensors.py
[2025-03-24T23:48:27.413+0000] {processor.py:830} INFO - Processing file /home/airflow/.local/lib/python3.8/site-packages/airflow/example_dags/example_sensors.py for tasks to queue
[2025-03-24T23:48:27.414+0000] {logging_mixin.py:188} INFO - [2025-03-24T23:48:27.414+0000] {dagbag.py:538} INFO - Filling up the DagBag from /home/airflow/.local/lib/python3.8/site-packages/airflow/example_dags/example_sensors.py
[2025-03-24T23:48:27.419+0000] {processor.py:840} INFO - DAG(s) 'example_sensors' retrieved from /home/airflow/.local/lib/python3.8/site-packages/airflow/example_dags/example_sensors.py
[2025-03-24T23:48:27.431+0000] {logging_mixin.py:188} INFO - [2025-03-24T23:48:27.431+0000] {dag.py:3033} INFO - Sync 1 DAGs
[2025-03-24T23:48:27.437+0000] {logging_mixin.py:188} INFO - [2025-03-24T23:48:27.437+0000] {dag.py:3820} INFO - Setting next_dagrun for example_sensors to None, run_after=None
[2025-03-24T23:48:27.528+0000] {processor.py:183} INFO - Processing /home/airflow/.local/lib/python3.8/site-packages/airflow/example_dags/example_sensors.py took 0.118 seconds
[2025-03-24T23:48:57.911+0000] {processor.py:161} INFO - Started process (PID=2707) to work on /home/airflow/.local/lib/python3.8/site-packages/airflow/example_dags/example_sensors.py
[2025-03-24T23:48:57.912+0000] {processor.py:830} INFO - Processing file /home/airflow/.local/lib/python3.8/site-packages/airflow/example_dags/example_sensors.py for tasks to queue
[2025-03-24T23:48:57.915+0000] {logging_mixin.py:188} INFO - [2025-03-24T23:48:57.914+0000] {dagbag.py:538} INFO - Filling up the DagBag from /home/airflow/.local/lib/python3.8/site-packages/airflow/example_dags/example_sensors.py
[2025-03-24T23:48:57.921+0000] {processor.py:840} INFO - DAG(s) 'example_sensors' retrieved from /home/airflow/.local/lib/python3.8/site-packages/airflow/example_dags/example_sensors.py
[2025-03-24T23:48:57.935+0000] {logging_mixin.py:188} INFO - [2025-03-24T23:48:57.935+0000] {dag.py:3033} INFO - Sync 1 DAGs
[2025-03-24T23:48:57.943+0000] {logging_mixin.py:188} INFO - [2025-03-24T23:48:57.943+0000] {dag.py:3820} INFO - Setting next_dagrun for example_sensors to None, run_after=None
[2025-03-24T23:48:57.953+0000] {processor.py:183} INFO - Processing /home/airflow/.local/lib/python3.8/site-packages/airflow/example_dags/example_sensors.py took 0.044 seconds
[2025-03-24T23:49:28.174+0000] {processor.py:161} INFO - Started process (PID=2762) to work on /home/airflow/.local/lib/python3.8/site-packages/airflow/example_dags/example_sensors.py
[2025-03-24T23:49:28.174+0000] {processor.py:830} INFO - Processing file /home/airflow/.local/lib/python3.8/site-packages/airflow/example_dags/example_sensors.py for tasks to queue
[2025-03-24T23:49:28.175+0000] {logging_mixin.py:188} INFO - [2025-03-24T23:49:28.175+0000] {dagbag.py:538} INFO - Filling up the DagBag from /home/airflow/.local/lib/python3.8/site-packages/airflow/example_dags/example_sensors.py
[2025-03-24T23:49:28.179+0000] {processor.py:840} INFO - DAG(s) 'example_sensors' retrieved from /home/airflow/.local/lib/python3.8/site-packages/airflow/example_dags/example_sensors.py
[2025-03-24T23:49:28.194+0000] {logging_mixin.py:188} INFO - [2025-03-24T23:49:28.194+0000] {dag.py:3033} INFO - Sync 1 DAGs
[2025-03-24T23:49:28.199+0000] {logging_mixin.py:188} INFO - [2025-03-24T23:49:28.199+0000] {dag.py:3820} INFO - Setting next_dagrun for example_sensors to None, run_after=None
[2025-03-24T23:49:28.211+0000] {processor.py:183} INFO - Processing /home/airflow/.local/lib/python3.8/site-packages/airflow/example_dags/example_sensors.py took 0.039 seconds
[2025-03-24T23:49:58.680+0000] {processor.py:161} INFO - Started process (PID=2816) to work on /home/airflow/.local/lib/python3.8/site-packages/airflow/example_dags/example_sensors.py
[2025-03-24T23:49:58.681+0000] {processor.py:830} INFO - Processing file /home/airflow/.local/lib/python3.8/site-packages/airflow/example_dags/example_sensors.py for tasks to queue
[2025-03-24T23:49:58.682+0000] {logging_mixin.py:188} INFO - [2025-03-24T23:49:58.682+0000] {dagbag.py:538} INFO - Filling up the DagBag from /home/airflow/.local/lib/python3.8/site-packages/airflow/example_dags/example_sensors.py
[2025-03-24T23:49:58.686+0000] {processor.py:840} INFO - DAG(s) 'example_sensors' retrieved from /home/airflow/.local/lib/python3.8/site-packages/airflow/example_dags/example_sensors.py
[2025-03-24T23:49:58.698+0000] {logging_mixin.py:188} INFO - [2025-03-24T23:49:58.698+0000] {dag.py:3033} INFO - Sync 1 DAGs
[2025-03-24T23:49:58.776+0000] {logging_mixin.py:188} INFO - [2025-03-24T23:49:58.776+0000] {dag.py:3820} INFO - Setting next_dagrun for example_sensors to None, run_after=None
[2025-03-24T23:49:58.789+0000] {processor.py:183} INFO - Processing /home/airflow/.local/lib/python3.8/site-packages/airflow/example_dags/example_sensors.py took 0.110 seconds
[2025-03-24T23:50:29.473+0000] {processor.py:161} INFO - Started process (PID=2871) to work on /home/airflow/.local/lib/python3.8/site-packages/airflow/example_dags/example_sensors.py
[2025-03-24T23:50:29.474+0000] {processor.py:830} INFO - Processing file /home/airflow/.local/lib/python3.8/site-packages/airflow/example_dags/example_sensors.py for tasks to queue
[2025-03-24T23:50:29.475+0000] {logging_mixin.py:188} INFO - [2025-03-24T23:50:29.475+0000] {dagbag.py:538} INFO - Filling up the DagBag from /home/airflow/.local/lib/python3.8/site-packages/airflow/example_dags/example_sensors.py
[2025-03-24T23:50:29.479+0000] {processor.py:840} INFO - DAG(s) 'example_sensors' retrieved from /home/airflow/.local/lib/python3.8/site-packages/airflow/example_dags/example_sensors.py
[2025-03-24T23:50:29.490+0000] {logging_mixin.py:188} INFO - [2025-03-24T23:50:29.490+0000] {dag.py:3033} INFO - Sync 1 DAGs
[2025-03-24T23:50:29.579+0000] {logging_mixin.py:188} INFO - [2025-03-24T23:50:29.579+0000] {dag.py:3820} INFO - Setting next_dagrun for example_sensors to None, run_after=None
[2025-03-24T23:50:29.598+0000] {processor.py:183} INFO - Processing /home/airflow/.local/lib/python3.8/site-packages/airflow/example_dags/example_sensors.py took 0.126 seconds
[2025-03-24T23:51:00.404+0000] {processor.py:161} INFO - Started process (PID=2926) to work on /home/airflow/.local/lib/python3.8/site-packages/airflow/example_dags/example_sensors.py
[2025-03-24T23:51:00.405+0000] {processor.py:830} INFO - Processing file /home/airflow/.local/lib/python3.8/site-packages/airflow/example_dags/example_sensors.py for tasks to queue
[2025-03-24T23:51:00.406+0000] {logging_mixin.py:188} INFO - [2025-03-24T23:51:00.406+0000] {dagbag.py:538} INFO - Filling up the DagBag from /home/airflow/.local/lib/python3.8/site-packages/airflow/example_dags/example_sensors.py
[2025-03-24T23:51:00.411+0000] {processor.py:840} INFO - DAG(s) 'example_sensors' retrieved from /home/airflow/.local/lib/python3.8/site-packages/airflow/example_dags/example_sensors.py
[2025-03-24T23:51:00.424+0000] {logging_mixin.py:188} INFO - [2025-03-24T23:51:00.424+0000] {dag.py:3033} INFO - Sync 1 DAGs
[2025-03-24T23:51:00.430+0000] {logging_mixin.py:188} INFO - [2025-03-24T23:51:00.429+0000] {dag.py:3820} INFO - Setting next_dagrun for example_sensors to None, run_after=None
[2025-03-24T23:51:00.443+0000] {processor.py:183} INFO - Processing /home/airflow/.local/lib/python3.8/site-packages/airflow/example_dags/example_sensors.py took 0.041 seconds
[2025-03-24T23:51:31.119+0000] {processor.py:161} INFO - Started process (PID=2981) to work on /home/airflow/.local/lib/python3.8/site-packages/airflow/example_dags/example_sensors.py
[2025-03-24T23:51:31.119+0000] {processor.py:830} INFO - Processing file /home/airflow/.local/lib/python3.8/site-packages/airflow/example_dags/example_sensors.py for tasks to queue
[2025-03-24T23:51:31.120+0000] {logging_mixin.py:188} INFO - [2025-03-24T23:51:31.120+0000] {dagbag.py:538} INFO - Filling up the DagBag from /home/airflow/.local/lib/python3.8/site-packages/airflow/example_dags/example_sensors.py
[2025-03-24T23:51:31.128+0000] {processor.py:840} INFO - DAG(s) 'example_sensors' retrieved from /home/airflow/.local/lib/python3.8/site-packages/airflow/example_dags/example_sensors.py
[2025-03-24T23:51:31.155+0000] {logging_mixin.py:188} INFO - [2025-03-24T23:51:31.155+0000] {dag.py:3033} INFO - Sync 1 DAGs
[2025-03-24T23:51:31.164+0000] {logging_mixin.py:188} INFO - [2025-03-24T23:51:31.164+0000] {dag.py:3820} INFO - Setting next_dagrun for example_sensors to None, run_after=None
[2025-03-24T23:51:31.180+0000] {processor.py:183} INFO - Processing /home/airflow/.local/lib/python3.8/site-packages/airflow/example_dags/example_sensors.py took 0.063 seconds
