[2025-03-24T23:24:26.479+0000] {processor.py:161} INFO - Started process (PID=66) to work on /home/airflow/.local/lib/python3.8/site-packages/airflow/example_dags/example_dag_decorator.py
[2025-03-24T23:24:26.480+0000] {processor.py:830} INFO - Processing file /home/airflow/.local/lib/python3.8/site-packages/airflow/example_dags/example_dag_decorator.py for tasks to queue
[2025-03-24T23:24:26.484+0000] {logging_mixin.py:188} INFO - [2025-03-24T23:24:26.484+0000] {dagbag.py:538} INFO - Filling up the DagBag from /home/airflow/.local/lib/python3.8/site-packages/airflow/example_dags/example_dag_decorator.py
[2025-03-24T23:24:26.626+0000] {processor.py:840} INFO - DAG(s) 'example_dag_decorator' retrieved from /home/airflow/.local/lib/python3.8/site-packages/airflow/example_dags/example_dag_decorator.py
[2025-03-24T23:24:26.634+0000] {logging_mixin.py:188} INFO - [2025-03-24T23:24:26.634+0000] {dag.py:3033} INFO - Sync 1 DAGs
[2025-03-24T23:24:26.646+0000] {logging_mixin.py:188} INFO - [2025-03-24T23:24:26.646+0000] {dag.py:3820} INFO - Setting next_dagrun for example_dag_decorator to None, run_after=None
[2025-03-24T23:24:26.657+0000] {processor.py:183} INFO - Processing /home/airflow/.local/lib/python3.8/site-packages/airflow/example_dags/example_dag_decorator.py took 0.180 seconds
[2025-03-24T23:24:56.738+0000] {processor.py:161} INFO - Started process (PID=121) to work on /home/airflow/.local/lib/python3.8/site-packages/airflow/example_dags/example_dag_decorator.py
[2025-03-24T23:24:56.739+0000] {processor.py:830} INFO - Processing file /home/airflow/.local/lib/python3.8/site-packages/airflow/example_dags/example_dag_decorator.py for tasks to queue
[2025-03-24T23:24:56.741+0000] {logging_mixin.py:188} INFO - [2025-03-24T23:24:56.740+0000] {dagbag.py:538} INFO - Filling up the DagBag from /home/airflow/.local/lib/python3.8/site-packages/airflow/example_dags/example_dag_decorator.py
[2025-03-24T23:24:56.796+0000] {processor.py:840} INFO - DAG(s) 'example_dag_decorator' retrieved from /home/airflow/.local/lib/python3.8/site-packages/airflow/example_dags/example_dag_decorator.py
[2025-03-24T23:24:56.848+0000] {logging_mixin.py:188} INFO - [2025-03-24T23:24:56.848+0000] {dag.py:3033} INFO - Sync 1 DAGs
[2025-03-24T23:24:56.852+0000] {logging_mixin.py:188} INFO - [2025-03-24T23:24:56.852+0000] {dag.py:3820} INFO - Setting next_dagrun for example_dag_decorator to None, run_after=None
[2025-03-24T23:24:56.864+0000] {processor.py:183} INFO - Processing /home/airflow/.local/lib/python3.8/site-packages/airflow/example_dags/example_dag_decorator.py took 0.129 seconds
[2025-03-24T23:25:27.678+0000] {processor.py:161} INFO - Started process (PID=176) to work on /home/airflow/.local/lib/python3.8/site-packages/airflow/example_dags/example_dag_decorator.py
[2025-03-24T23:25:27.679+0000] {processor.py:830} INFO - Processing file /home/airflow/.local/lib/python3.8/site-packages/airflow/example_dags/example_dag_decorator.py for tasks to queue
[2025-03-24T23:25:27.680+0000] {logging_mixin.py:188} INFO - [2025-03-24T23:25:27.680+0000] {dagbag.py:538} INFO - Filling up the DagBag from /home/airflow/.local/lib/python3.8/site-packages/airflow/example_dags/example_dag_decorator.py
[2025-03-24T23:25:27.762+0000] {processor.py:840} INFO - DAG(s) 'example_dag_decorator' retrieved from /home/airflow/.local/lib/python3.8/site-packages/airflow/example_dags/example_dag_decorator.py
[2025-03-24T23:25:27.825+0000] {logging_mixin.py:188} INFO - [2025-03-24T23:25:27.825+0000] {dag.py:3033} INFO - Sync 1 DAGs
[2025-03-24T23:25:27.830+0000] {logging_mixin.py:188} INFO - [2025-03-24T23:25:27.830+0000] {dag.py:3820} INFO - Setting next_dagrun for example_dag_decorator to None, run_after=None
[2025-03-24T23:25:27.842+0000] {processor.py:183} INFO - Processing /home/airflow/.local/lib/python3.8/site-packages/airflow/example_dags/example_dag_decorator.py took 0.166 seconds
[2025-03-24T23:25:58.234+0000] {processor.py:161} INFO - Started process (PID=231) to work on /home/airflow/.local/lib/python3.8/site-packages/airflow/example_dags/example_dag_decorator.py
[2025-03-24T23:25:58.236+0000] {processor.py:830} INFO - Processing file /home/airflow/.local/lib/python3.8/site-packages/airflow/example_dags/example_dag_decorator.py for tasks to queue
[2025-03-24T23:25:58.236+0000] {logging_mixin.py:188} INFO - [2025-03-24T23:25:58.236+0000] {dagbag.py:538} INFO - Filling up the DagBag from /home/airflow/.local/lib/python3.8/site-packages/airflow/example_dags/example_dag_decorator.py
[2025-03-24T23:25:58.274+0000] {processor.py:840} INFO - DAG(s) 'example_dag_decorator' retrieved from /home/airflow/.local/lib/python3.8/site-packages/airflow/example_dags/example_dag_decorator.py
[2025-03-24T23:25:58.329+0000] {logging_mixin.py:188} INFO - [2025-03-24T23:25:58.329+0000] {dag.py:3033} INFO - Sync 1 DAGs
[2025-03-24T23:25:58.333+0000] {logging_mixin.py:188} INFO - [2025-03-24T23:25:58.333+0000] {dag.py:3820} INFO - Setting next_dagrun for example_dag_decorator to None, run_after=None
[2025-03-24T23:25:58.346+0000] {processor.py:183} INFO - Processing /home/airflow/.local/lib/python3.8/site-packages/airflow/example_dags/example_dag_decorator.py took 0.113 seconds
[2025-03-24T23:26:28.953+0000] {processor.py:161} INFO - Started process (PID=292) to work on /home/airflow/.local/lib/python3.8/site-packages/airflow/example_dags/example_dag_decorator.py
[2025-03-24T23:26:28.953+0000] {processor.py:830} INFO - Processing file /home/airflow/.local/lib/python3.8/site-packages/airflow/example_dags/example_dag_decorator.py for tasks to queue
[2025-03-24T23:26:28.954+0000] {logging_mixin.py:188} INFO - [2025-03-24T23:26:28.954+0000] {dagbag.py:538} INFO - Filling up the DagBag from /home/airflow/.local/lib/python3.8/site-packages/airflow/example_dags/example_dag_decorator.py
[2025-03-24T23:26:28.998+0000] {processor.py:840} INFO - DAG(s) 'example_dag_decorator' retrieved from /home/airflow/.local/lib/python3.8/site-packages/airflow/example_dags/example_dag_decorator.py
[2025-03-24T23:26:29.041+0000] {logging_mixin.py:188} INFO - [2025-03-24T23:26:29.040+0000] {dag.py:3033} INFO - Sync 1 DAGs
[2025-03-24T23:26:29.046+0000] {logging_mixin.py:188} INFO - [2025-03-24T23:26:29.046+0000] {dag.py:3820} INFO - Setting next_dagrun for example_dag_decorator to None, run_after=None
[2025-03-24T23:26:29.057+0000] {processor.py:183} INFO - Processing /home/airflow/.local/lib/python3.8/site-packages/airflow/example_dags/example_dag_decorator.py took 0.106 seconds
[2025-03-24T23:26:59.495+0000] {processor.py:161} INFO - Started process (PID=347) to work on /home/airflow/.local/lib/python3.8/site-packages/airflow/example_dags/example_dag_decorator.py
[2025-03-24T23:26:59.495+0000] {processor.py:830} INFO - Processing file /home/airflow/.local/lib/python3.8/site-packages/airflow/example_dags/example_dag_decorator.py for tasks to queue
[2025-03-24T23:26:59.496+0000] {logging_mixin.py:188} INFO - [2025-03-24T23:26:59.496+0000] {dagbag.py:538} INFO - Filling up the DagBag from /home/airflow/.local/lib/python3.8/site-packages/airflow/example_dags/example_dag_decorator.py
[2025-03-24T23:26:59.532+0000] {processor.py:840} INFO - DAG(s) 'example_dag_decorator' retrieved from /home/airflow/.local/lib/python3.8/site-packages/airflow/example_dags/example_dag_decorator.py
[2025-03-24T23:26:59.575+0000] {logging_mixin.py:188} INFO - [2025-03-24T23:26:59.575+0000] {dag.py:3033} INFO - Sync 1 DAGs
[2025-03-24T23:26:59.579+0000] {logging_mixin.py:188} INFO - [2025-03-24T23:26:59.579+0000] {dag.py:3820} INFO - Setting next_dagrun for example_dag_decorator to None, run_after=None
[2025-03-24T23:26:59.587+0000] {processor.py:183} INFO - Processing /home/airflow/.local/lib/python3.8/site-packages/airflow/example_dags/example_dag_decorator.py took 0.094 seconds
[2025-03-24T23:27:30.207+0000] {processor.py:161} INFO - Started process (PID=402) to work on /home/airflow/.local/lib/python3.8/site-packages/airflow/example_dags/example_dag_decorator.py
[2025-03-24T23:27:30.208+0000] {processor.py:830} INFO - Processing file /home/airflow/.local/lib/python3.8/site-packages/airflow/example_dags/example_dag_decorator.py for tasks to queue
[2025-03-24T23:27:30.209+0000] {logging_mixin.py:188} INFO - [2025-03-24T23:27:30.209+0000] {dagbag.py:538} INFO - Filling up the DagBag from /home/airflow/.local/lib/python3.8/site-packages/airflow/example_dags/example_dag_decorator.py
[2025-03-24T23:27:30.251+0000] {processor.py:840} INFO - DAG(s) 'example_dag_decorator' retrieved from /home/airflow/.local/lib/python3.8/site-packages/airflow/example_dags/example_dag_decorator.py
[2025-03-24T23:27:30.303+0000] {logging_mixin.py:188} INFO - [2025-03-24T23:27:30.303+0000] {dag.py:3033} INFO - Sync 1 DAGs
[2025-03-24T23:27:30.308+0000] {logging_mixin.py:188} INFO - [2025-03-24T23:27:30.308+0000] {dag.py:3820} INFO - Setting next_dagrun for example_dag_decorator to None, run_after=None
[2025-03-24T23:27:30.317+0000] {processor.py:183} INFO - Processing /home/airflow/.local/lib/python3.8/site-packages/airflow/example_dags/example_dag_decorator.py took 0.112 seconds
[2025-03-24T23:28:00.896+0000] {processor.py:161} INFO - Started process (PID=457) to work on /home/airflow/.local/lib/python3.8/site-packages/airflow/example_dags/example_dag_decorator.py
[2025-03-24T23:28:00.896+0000] {processor.py:830} INFO - Processing file /home/airflow/.local/lib/python3.8/site-packages/airflow/example_dags/example_dag_decorator.py for tasks to queue
[2025-03-24T23:28:00.897+0000] {logging_mixin.py:188} INFO - [2025-03-24T23:28:00.897+0000] {dagbag.py:538} INFO - Filling up the DagBag from /home/airflow/.local/lib/python3.8/site-packages/airflow/example_dags/example_dag_decorator.py
[2025-03-24T23:28:00.932+0000] {processor.py:840} INFO - DAG(s) 'example_dag_decorator' retrieved from /home/airflow/.local/lib/python3.8/site-packages/airflow/example_dags/example_dag_decorator.py
[2025-03-24T23:28:00.979+0000] {logging_mixin.py:188} INFO - [2025-03-24T23:28:00.979+0000] {dag.py:3033} INFO - Sync 1 DAGs
[2025-03-24T23:28:00.985+0000] {logging_mixin.py:188} INFO - [2025-03-24T23:28:00.985+0000] {dag.py:3820} INFO - Setting next_dagrun for example_dag_decorator to None, run_after=None
[2025-03-24T23:28:00.997+0000] {processor.py:183} INFO - Processing /home/airflow/.local/lib/python3.8/site-packages/airflow/example_dags/example_dag_decorator.py took 0.103 seconds
[2025-03-24T23:28:31.647+0000] {processor.py:161} INFO - Started process (PID=512) to work on /home/airflow/.local/lib/python3.8/site-packages/airflow/example_dags/example_dag_decorator.py
[2025-03-24T23:28:31.649+0000] {processor.py:830} INFO - Processing file /home/airflow/.local/lib/python3.8/site-packages/airflow/example_dags/example_dag_decorator.py for tasks to queue
[2025-03-24T23:28:31.651+0000] {logging_mixin.py:188} INFO - [2025-03-24T23:28:31.651+0000] {dagbag.py:538} INFO - Filling up the DagBag from /home/airflow/.local/lib/python3.8/site-packages/airflow/example_dags/example_dag_decorator.py
[2025-03-24T23:28:31.695+0000] {processor.py:840} INFO - DAG(s) 'example_dag_decorator' retrieved from /home/airflow/.local/lib/python3.8/site-packages/airflow/example_dags/example_dag_decorator.py
[2025-03-24T23:28:31.744+0000] {logging_mixin.py:188} INFO - [2025-03-24T23:28:31.744+0000] {dag.py:3033} INFO - Sync 1 DAGs
[2025-03-24T23:28:31.749+0000] {logging_mixin.py:188} INFO - [2025-03-24T23:28:31.749+0000] {dag.py:3820} INFO - Setting next_dagrun for example_dag_decorator to None, run_after=None
[2025-03-24T23:28:31.757+0000] {processor.py:183} INFO - Processing /home/airflow/.local/lib/python3.8/site-packages/airflow/example_dags/example_dag_decorator.py took 0.112 seconds
[2025-03-24T23:29:02.410+0000] {processor.py:161} INFO - Started process (PID=567) to work on /home/airflow/.local/lib/python3.8/site-packages/airflow/example_dags/example_dag_decorator.py
[2025-03-24T23:29:02.411+0000] {processor.py:830} INFO - Processing file /home/airflow/.local/lib/python3.8/site-packages/airflow/example_dags/example_dag_decorator.py for tasks to queue
[2025-03-24T23:29:02.412+0000] {logging_mixin.py:188} INFO - [2025-03-24T23:29:02.411+0000] {dagbag.py:538} INFO - Filling up the DagBag from /home/airflow/.local/lib/python3.8/site-packages/airflow/example_dags/example_dag_decorator.py
[2025-03-24T23:29:02.452+0000] {processor.py:840} INFO - DAG(s) 'example_dag_decorator' retrieved from /home/airflow/.local/lib/python3.8/site-packages/airflow/example_dags/example_dag_decorator.py
[2025-03-24T23:29:02.492+0000] {logging_mixin.py:188} INFO - [2025-03-24T23:29:02.492+0000] {dag.py:3033} INFO - Sync 1 DAGs
[2025-03-24T23:29:02.497+0000] {logging_mixin.py:188} INFO - [2025-03-24T23:29:02.497+0000] {dag.py:3820} INFO - Setting next_dagrun for example_dag_decorator to None, run_after=None
[2025-03-24T23:29:02.505+0000] {processor.py:183} INFO - Processing /home/airflow/.local/lib/python3.8/site-packages/airflow/example_dags/example_dag_decorator.py took 0.096 seconds
[2025-03-24T23:29:33.114+0000] {processor.py:161} INFO - Started process (PID=622) to work on /home/airflow/.local/lib/python3.8/site-packages/airflow/example_dags/example_dag_decorator.py
[2025-03-24T23:29:33.115+0000] {processor.py:830} INFO - Processing file /home/airflow/.local/lib/python3.8/site-packages/airflow/example_dags/example_dag_decorator.py for tasks to queue
[2025-03-24T23:29:33.116+0000] {logging_mixin.py:188} INFO - [2025-03-24T23:29:33.116+0000] {dagbag.py:538} INFO - Filling up the DagBag from /home/airflow/.local/lib/python3.8/site-packages/airflow/example_dags/example_dag_decorator.py
[2025-03-24T23:29:33.160+0000] {processor.py:840} INFO - DAG(s) 'example_dag_decorator' retrieved from /home/airflow/.local/lib/python3.8/site-packages/airflow/example_dags/example_dag_decorator.py
[2025-03-24T23:29:33.207+0000] {logging_mixin.py:188} INFO - [2025-03-24T23:29:33.207+0000] {dag.py:3033} INFO - Sync 1 DAGs
[2025-03-24T23:29:33.211+0000] {logging_mixin.py:188} INFO - [2025-03-24T23:29:33.211+0000] {dag.py:3820} INFO - Setting next_dagrun for example_dag_decorator to None, run_after=None
[2025-03-24T23:29:33.326+0000] {processor.py:183} INFO - Processing /home/airflow/.local/lib/python3.8/site-packages/airflow/example_dags/example_dag_decorator.py took 0.214 seconds
[2025-03-24T23:30:03.847+0000] {processor.py:161} INFO - Started process (PID=677) to work on /home/airflow/.local/lib/python3.8/site-packages/airflow/example_dags/example_dag_decorator.py
[2025-03-24T23:30:03.847+0000] {processor.py:830} INFO - Processing file /home/airflow/.local/lib/python3.8/site-packages/airflow/example_dags/example_dag_decorator.py for tasks to queue
[2025-03-24T23:30:03.848+0000] {logging_mixin.py:188} INFO - [2025-03-24T23:30:03.848+0000] {dagbag.py:538} INFO - Filling up the DagBag from /home/airflow/.local/lib/python3.8/site-packages/airflow/example_dags/example_dag_decorator.py
[2025-03-24T23:30:03.886+0000] {processor.py:840} INFO - DAG(s) 'example_dag_decorator' retrieved from /home/airflow/.local/lib/python3.8/site-packages/airflow/example_dags/example_dag_decorator.py
[2025-03-24T23:30:03.930+0000] {logging_mixin.py:188} INFO - [2025-03-24T23:30:03.930+0000] {dag.py:3033} INFO - Sync 1 DAGs
[2025-03-24T23:30:03.934+0000] {logging_mixin.py:188} INFO - [2025-03-24T23:30:03.934+0000] {dag.py:3820} INFO - Setting next_dagrun for example_dag_decorator to None, run_after=None
[2025-03-24T23:30:03.943+0000] {processor.py:183} INFO - Processing /home/airflow/.local/lib/python3.8/site-packages/airflow/example_dags/example_dag_decorator.py took 0.098 seconds
[2025-03-24T23:30:34.350+0000] {processor.py:161} INFO - Started process (PID=732) to work on /home/airflow/.local/lib/python3.8/site-packages/airflow/example_dags/example_dag_decorator.py
[2025-03-24T23:30:34.351+0000] {processor.py:830} INFO - Processing file /home/airflow/.local/lib/python3.8/site-packages/airflow/example_dags/example_dag_decorator.py for tasks to queue
[2025-03-24T23:30:34.352+0000] {logging_mixin.py:188} INFO - [2025-03-24T23:30:34.352+0000] {dagbag.py:538} INFO - Filling up the DagBag from /home/airflow/.local/lib/python3.8/site-packages/airflow/example_dags/example_dag_decorator.py
[2025-03-24T23:30:34.392+0000] {processor.py:840} INFO - DAG(s) 'example_dag_decorator' retrieved from /home/airflow/.local/lib/python3.8/site-packages/airflow/example_dags/example_dag_decorator.py
[2025-03-24T23:30:34.434+0000] {logging_mixin.py:188} INFO - [2025-03-24T23:30:34.434+0000] {dag.py:3033} INFO - Sync 1 DAGs
[2025-03-24T23:30:34.539+0000] {logging_mixin.py:188} INFO - [2025-03-24T23:30:34.539+0000] {dag.py:3820} INFO - Setting next_dagrun for example_dag_decorator to None, run_after=None
[2025-03-24T23:30:34.546+0000] {processor.py:183} INFO - Processing /home/airflow/.local/lib/python3.8/site-packages/airflow/example_dags/example_dag_decorator.py took 0.198 seconds
[2025-03-24T23:31:05.274+0000] {processor.py:161} INFO - Started process (PID=787) to work on /home/airflow/.local/lib/python3.8/site-packages/airflow/example_dags/example_dag_decorator.py
[2025-03-24T23:31:05.275+0000] {processor.py:830} INFO - Processing file /home/airflow/.local/lib/python3.8/site-packages/airflow/example_dags/example_dag_decorator.py for tasks to queue
[2025-03-24T23:31:05.276+0000] {logging_mixin.py:188} INFO - [2025-03-24T23:31:05.276+0000] {dagbag.py:538} INFO - Filling up the DagBag from /home/airflow/.local/lib/python3.8/site-packages/airflow/example_dags/example_dag_decorator.py
[2025-03-24T23:31:05.315+0000] {processor.py:840} INFO - DAG(s) 'example_dag_decorator' retrieved from /home/airflow/.local/lib/python3.8/site-packages/airflow/example_dags/example_dag_decorator.py
[2025-03-24T23:31:05.358+0000] {logging_mixin.py:188} INFO - [2025-03-24T23:31:05.358+0000] {dag.py:3033} INFO - Sync 1 DAGs
[2025-03-24T23:31:05.363+0000] {logging_mixin.py:188} INFO - [2025-03-24T23:31:05.363+0000] {dag.py:3820} INFO - Setting next_dagrun for example_dag_decorator to None, run_after=None
[2025-03-24T23:31:05.370+0000] {processor.py:183} INFO - Processing /home/airflow/.local/lib/python3.8/site-packages/airflow/example_dags/example_dag_decorator.py took 0.098 seconds
[2025-03-24T23:31:36.061+0000] {processor.py:161} INFO - Started process (PID=842) to work on /home/airflow/.local/lib/python3.8/site-packages/airflow/example_dags/example_dag_decorator.py
[2025-03-24T23:31:36.063+0000] {processor.py:830} INFO - Processing file /home/airflow/.local/lib/python3.8/site-packages/airflow/example_dags/example_dag_decorator.py for tasks to queue
[2025-03-24T23:31:36.064+0000] {logging_mixin.py:188} INFO - [2025-03-24T23:31:36.064+0000] {dagbag.py:538} INFO - Filling up the DagBag from /home/airflow/.local/lib/python3.8/site-packages/airflow/example_dags/example_dag_decorator.py
[2025-03-24T23:31:36.099+0000] {processor.py:840} INFO - DAG(s) 'example_dag_decorator' retrieved from /home/airflow/.local/lib/python3.8/site-packages/airflow/example_dags/example_dag_decorator.py
[2025-03-24T23:31:36.139+0000] {logging_mixin.py:188} INFO - [2025-03-24T23:31:36.139+0000] {dag.py:3033} INFO - Sync 1 DAGs
[2025-03-24T23:31:36.143+0000] {logging_mixin.py:188} INFO - [2025-03-24T23:31:36.143+0000] {dag.py:3820} INFO - Setting next_dagrun for example_dag_decorator to None, run_after=None
[2025-03-24T23:31:36.151+0000] {processor.py:183} INFO - Processing /home/airflow/.local/lib/python3.8/site-packages/airflow/example_dags/example_dag_decorator.py took 0.091 seconds
[2025-03-24T23:32:06.804+0000] {processor.py:161} INFO - Started process (PID=897) to work on /home/airflow/.local/lib/python3.8/site-packages/airflow/example_dags/example_dag_decorator.py
[2025-03-24T23:32:06.805+0000] {processor.py:830} INFO - Processing file /home/airflow/.local/lib/python3.8/site-packages/airflow/example_dags/example_dag_decorator.py for tasks to queue
[2025-03-24T23:32:06.806+0000] {logging_mixin.py:188} INFO - [2025-03-24T23:32:06.806+0000] {dagbag.py:538} INFO - Filling up the DagBag from /home/airflow/.local/lib/python3.8/site-packages/airflow/example_dags/example_dag_decorator.py
[2025-03-24T23:32:06.849+0000] {processor.py:840} INFO - DAG(s) 'example_dag_decorator' retrieved from /home/airflow/.local/lib/python3.8/site-packages/airflow/example_dags/example_dag_decorator.py
[2025-03-24T23:32:06.897+0000] {logging_mixin.py:188} INFO - [2025-03-24T23:32:06.897+0000] {dag.py:3033} INFO - Sync 1 DAGs
[2025-03-24T23:32:06.902+0000] {logging_mixin.py:188} INFO - [2025-03-24T23:32:06.902+0000] {dag.py:3820} INFO - Setting next_dagrun for example_dag_decorator to None, run_after=None
[2025-03-24T23:32:07.009+0000] {processor.py:183} INFO - Processing /home/airflow/.local/lib/python3.8/site-packages/airflow/example_dags/example_dag_decorator.py took 0.207 seconds
[2025-03-24T23:32:37.788+0000] {processor.py:161} INFO - Started process (PID=952) to work on /home/airflow/.local/lib/python3.8/site-packages/airflow/example_dags/example_dag_decorator.py
[2025-03-24T23:32:37.789+0000] {processor.py:830} INFO - Processing file /home/airflow/.local/lib/python3.8/site-packages/airflow/example_dags/example_dag_decorator.py for tasks to queue
[2025-03-24T23:32:37.790+0000] {logging_mixin.py:188} INFO - [2025-03-24T23:32:37.790+0000] {dagbag.py:538} INFO - Filling up the DagBag from /home/airflow/.local/lib/python3.8/site-packages/airflow/example_dags/example_dag_decorator.py
[2025-03-24T23:32:37.829+0000] {processor.py:840} INFO - DAG(s) 'example_dag_decorator' retrieved from /home/airflow/.local/lib/python3.8/site-packages/airflow/example_dags/example_dag_decorator.py
[2025-03-24T23:32:37.874+0000] {logging_mixin.py:188} INFO - [2025-03-24T23:32:37.874+0000] {dag.py:3033} INFO - Sync 1 DAGs
[2025-03-24T23:32:37.879+0000] {logging_mixin.py:188} INFO - [2025-03-24T23:32:37.879+0000] {dag.py:3820} INFO - Setting next_dagrun for example_dag_decorator to None, run_after=None
[2025-03-24T23:32:37.886+0000] {processor.py:183} INFO - Processing /home/airflow/.local/lib/python3.8/site-packages/airflow/example_dags/example_dag_decorator.py took 0.100 seconds
[2025-03-24T23:33:08.308+0000] {processor.py:161} INFO - Started process (PID=1007) to work on /home/airflow/.local/lib/python3.8/site-packages/airflow/example_dags/example_dag_decorator.py
[2025-03-24T23:33:08.311+0000] {processor.py:830} INFO - Processing file /home/airflow/.local/lib/python3.8/site-packages/airflow/example_dags/example_dag_decorator.py for tasks to queue
[2025-03-24T23:33:08.313+0000] {logging_mixin.py:188} INFO - [2025-03-24T23:33:08.313+0000] {dagbag.py:538} INFO - Filling up the DagBag from /home/airflow/.local/lib/python3.8/site-packages/airflow/example_dags/example_dag_decorator.py
[2025-03-24T23:33:08.376+0000] {processor.py:840} INFO - DAG(s) 'example_dag_decorator' retrieved from /home/airflow/.local/lib/python3.8/site-packages/airflow/example_dags/example_dag_decorator.py
[2025-03-24T23:33:08.522+0000] {logging_mixin.py:188} INFO - [2025-03-24T23:33:08.522+0000] {dag.py:3033} INFO - Sync 1 DAGs
[2025-03-24T23:33:08.527+0000] {logging_mixin.py:188} INFO - [2025-03-24T23:33:08.527+0000] {dag.py:3820} INFO - Setting next_dagrun for example_dag_decorator to None, run_after=None
[2025-03-24T23:33:08.534+0000] {processor.py:183} INFO - Processing /home/airflow/.local/lib/python3.8/site-packages/airflow/example_dags/example_dag_decorator.py took 0.228 seconds
[2025-03-24T23:33:38.918+0000] {processor.py:161} INFO - Started process (PID=1062) to work on /home/airflow/.local/lib/python3.8/site-packages/airflow/example_dags/example_dag_decorator.py
[2025-03-24T23:33:38.920+0000] {processor.py:830} INFO - Processing file /home/airflow/.local/lib/python3.8/site-packages/airflow/example_dags/example_dag_decorator.py for tasks to queue
[2025-03-24T23:33:38.921+0000] {logging_mixin.py:188} INFO - [2025-03-24T23:33:38.921+0000] {dagbag.py:538} INFO - Filling up the DagBag from /home/airflow/.local/lib/python3.8/site-packages/airflow/example_dags/example_dag_decorator.py
[2025-03-24T23:33:38.964+0000] {processor.py:840} INFO - DAG(s) 'example_dag_decorator' retrieved from /home/airflow/.local/lib/python3.8/site-packages/airflow/example_dags/example_dag_decorator.py
[2025-03-24T23:33:39.012+0000] {logging_mixin.py:188} INFO - [2025-03-24T23:33:39.012+0000] {dag.py:3033} INFO - Sync 1 DAGs
[2025-03-24T23:33:39.017+0000] {logging_mixin.py:188} INFO - [2025-03-24T23:33:39.017+0000] {dag.py:3820} INFO - Setting next_dagrun for example_dag_decorator to None, run_after=None
[2025-03-24T23:33:39.027+0000] {processor.py:183} INFO - Processing /home/airflow/.local/lib/python3.8/site-packages/airflow/example_dags/example_dag_decorator.py took 0.110 seconds
[2025-03-24T23:34:09.453+0000] {processor.py:161} INFO - Started process (PID=1117) to work on /home/airflow/.local/lib/python3.8/site-packages/airflow/example_dags/example_dag_decorator.py
[2025-03-24T23:34:09.455+0000] {processor.py:830} INFO - Processing file /home/airflow/.local/lib/python3.8/site-packages/airflow/example_dags/example_dag_decorator.py for tasks to queue
[2025-03-24T23:34:09.456+0000] {logging_mixin.py:188} INFO - [2025-03-24T23:34:09.456+0000] {dagbag.py:538} INFO - Filling up the DagBag from /home/airflow/.local/lib/python3.8/site-packages/airflow/example_dags/example_dag_decorator.py
[2025-03-24T23:34:09.490+0000] {processor.py:840} INFO - DAG(s) 'example_dag_decorator' retrieved from /home/airflow/.local/lib/python3.8/site-packages/airflow/example_dags/example_dag_decorator.py
[2025-03-24T23:34:09.530+0000] {logging_mixin.py:188} INFO - [2025-03-24T23:34:09.530+0000] {dag.py:3033} INFO - Sync 1 DAGs
[2025-03-24T23:34:09.534+0000] {logging_mixin.py:188} INFO - [2025-03-24T23:34:09.534+0000] {dag.py:3820} INFO - Setting next_dagrun for example_dag_decorator to None, run_after=None
[2025-03-24T23:34:09.545+0000] {processor.py:183} INFO - Processing /home/airflow/.local/lib/python3.8/site-packages/airflow/example_dags/example_dag_decorator.py took 0.093 seconds
[2025-03-24T23:34:40.195+0000] {processor.py:161} INFO - Started process (PID=1172) to work on /home/airflow/.local/lib/python3.8/site-packages/airflow/example_dags/example_dag_decorator.py
[2025-03-24T23:34:40.195+0000] {processor.py:830} INFO - Processing file /home/airflow/.local/lib/python3.8/site-packages/airflow/example_dags/example_dag_decorator.py for tasks to queue
[2025-03-24T23:34:40.197+0000] {logging_mixin.py:188} INFO - [2025-03-24T23:34:40.196+0000] {dagbag.py:538} INFO - Filling up the DagBag from /home/airflow/.local/lib/python3.8/site-packages/airflow/example_dags/example_dag_decorator.py
[2025-03-24T23:34:40.249+0000] {processor.py:840} INFO - DAG(s) 'example_dag_decorator' retrieved from /home/airflow/.local/lib/python3.8/site-packages/airflow/example_dags/example_dag_decorator.py
[2025-03-24T23:34:40.389+0000] {logging_mixin.py:188} INFO - [2025-03-24T23:34:40.389+0000] {dag.py:3033} INFO - Sync 1 DAGs
[2025-03-24T23:34:40.393+0000] {logging_mixin.py:188} INFO - [2025-03-24T23:34:40.393+0000] {dag.py:3820} INFO - Setting next_dagrun for example_dag_decorator to None, run_after=None
[2025-03-24T23:34:40.401+0000] {processor.py:183} INFO - Processing /home/airflow/.local/lib/python3.8/site-packages/airflow/example_dags/example_dag_decorator.py took 0.208 seconds
[2025-03-24T23:35:10.430+0000] {processor.py:161} INFO - Started process (PID=1229) to work on /home/airflow/.local/lib/python3.8/site-packages/airflow/example_dags/example_dag_decorator.py
[2025-03-24T23:35:10.431+0000] {processor.py:830} INFO - Processing file /home/airflow/.local/lib/python3.8/site-packages/airflow/example_dags/example_dag_decorator.py for tasks to queue
[2025-03-24T23:35:10.432+0000] {logging_mixin.py:188} INFO - [2025-03-24T23:35:10.432+0000] {dagbag.py:538} INFO - Filling up the DagBag from /home/airflow/.local/lib/python3.8/site-packages/airflow/example_dags/example_dag_decorator.py
[2025-03-24T23:35:10.474+0000] {processor.py:840} INFO - DAG(s) 'example_dag_decorator' retrieved from /home/airflow/.local/lib/python3.8/site-packages/airflow/example_dags/example_dag_decorator.py
[2025-03-24T23:35:10.522+0000] {logging_mixin.py:188} INFO - [2025-03-24T23:35:10.522+0000] {dag.py:3033} INFO - Sync 1 DAGs
[2025-03-24T23:35:10.527+0000] {logging_mixin.py:188} INFO - [2025-03-24T23:35:10.527+0000] {dag.py:3820} INFO - Setting next_dagrun for example_dag_decorator to None, run_after=None
[2025-03-24T23:35:10.616+0000] {processor.py:183} INFO - Processing /home/airflow/.local/lib/python3.8/site-packages/airflow/example_dags/example_dag_decorator.py took 0.188 seconds
[2025-03-24T23:35:41.147+0000] {processor.py:161} INFO - Started process (PID=1282) to work on /home/airflow/.local/lib/python3.8/site-packages/airflow/example_dags/example_dag_decorator.py
[2025-03-24T23:35:41.147+0000] {processor.py:830} INFO - Processing file /home/airflow/.local/lib/python3.8/site-packages/airflow/example_dags/example_dag_decorator.py for tasks to queue
[2025-03-24T23:35:41.148+0000] {logging_mixin.py:188} INFO - [2025-03-24T23:35:41.148+0000] {dagbag.py:538} INFO - Filling up the DagBag from /home/airflow/.local/lib/python3.8/site-packages/airflow/example_dags/example_dag_decorator.py
[2025-03-24T23:35:41.179+0000] {processor.py:840} INFO - DAG(s) 'example_dag_decorator' retrieved from /home/airflow/.local/lib/python3.8/site-packages/airflow/example_dags/example_dag_decorator.py
[2025-03-24T23:35:41.298+0000] {logging_mixin.py:188} INFO - [2025-03-24T23:35:41.298+0000] {dag.py:3033} INFO - Sync 1 DAGs
[2025-03-24T23:35:41.301+0000] {logging_mixin.py:188} INFO - [2025-03-24T23:35:41.301+0000] {dag.py:3820} INFO - Setting next_dagrun for example_dag_decorator to None, run_after=None
[2025-03-24T23:35:41.308+0000] {processor.py:183} INFO - Processing /home/airflow/.local/lib/python3.8/site-packages/airflow/example_dags/example_dag_decorator.py took 0.163 seconds
[2025-03-24T23:36:11.828+0000] {processor.py:161} INFO - Started process (PID=1337) to work on /home/airflow/.local/lib/python3.8/site-packages/airflow/example_dags/example_dag_decorator.py
[2025-03-24T23:36:11.829+0000] {processor.py:830} INFO - Processing file /home/airflow/.local/lib/python3.8/site-packages/airflow/example_dags/example_dag_decorator.py for tasks to queue
[2025-03-24T23:36:11.829+0000] {logging_mixin.py:188} INFO - [2025-03-24T23:36:11.829+0000] {dagbag.py:538} INFO - Filling up the DagBag from /home/airflow/.local/lib/python3.8/site-packages/airflow/example_dags/example_dag_decorator.py
[2025-03-24T23:36:11.860+0000] {processor.py:840} INFO - DAG(s) 'example_dag_decorator' retrieved from /home/airflow/.local/lib/python3.8/site-packages/airflow/example_dags/example_dag_decorator.py
[2025-03-24T23:36:11.952+0000] {logging_mixin.py:188} INFO - [2025-03-24T23:36:11.952+0000] {dag.py:3033} INFO - Sync 1 DAGs
[2025-03-24T23:36:11.956+0000] {logging_mixin.py:188} INFO - [2025-03-24T23:36:11.956+0000] {dag.py:3820} INFO - Setting next_dagrun for example_dag_decorator to None, run_after=None
[2025-03-24T23:36:11.963+0000] {processor.py:183} INFO - Processing /home/airflow/.local/lib/python3.8/site-packages/airflow/example_dags/example_dag_decorator.py took 0.136 seconds
[2025-03-24T23:36:42.652+0000] {processor.py:161} INFO - Started process (PID=1392) to work on /home/airflow/.local/lib/python3.8/site-packages/airflow/example_dags/example_dag_decorator.py
[2025-03-24T23:36:42.653+0000] {processor.py:830} INFO - Processing file /home/airflow/.local/lib/python3.8/site-packages/airflow/example_dags/example_dag_decorator.py for tasks to queue
[2025-03-24T23:36:42.655+0000] {logging_mixin.py:188} INFO - [2025-03-24T23:36:42.654+0000] {dagbag.py:538} INFO - Filling up the DagBag from /home/airflow/.local/lib/python3.8/site-packages/airflow/example_dags/example_dag_decorator.py
[2025-03-24T23:36:42.701+0000] {processor.py:840} INFO - DAG(s) 'example_dag_decorator' retrieved from /home/airflow/.local/lib/python3.8/site-packages/airflow/example_dags/example_dag_decorator.py
[2025-03-24T23:36:42.714+0000] {logging_mixin.py:188} INFO - [2025-03-24T23:36:42.714+0000] {dag.py:3033} INFO - Sync 1 DAGs
[2025-03-24T23:36:42.722+0000] {logging_mixin.py:188} INFO - [2025-03-24T23:36:42.722+0000] {dag.py:3820} INFO - Setting next_dagrun for example_dag_decorator to None, run_after=None
[2025-03-24T23:36:42.730+0000] {processor.py:183} INFO - Processing /home/airflow/.local/lib/python3.8/site-packages/airflow/example_dags/example_dag_decorator.py took 0.080 seconds
[2025-03-24T23:37:13.453+0000] {processor.py:161} INFO - Started process (PID=1447) to work on /home/airflow/.local/lib/python3.8/site-packages/airflow/example_dags/example_dag_decorator.py
[2025-03-24T23:37:13.455+0000] {processor.py:830} INFO - Processing file /home/airflow/.local/lib/python3.8/site-packages/airflow/example_dags/example_dag_decorator.py for tasks to queue
[2025-03-24T23:37:13.456+0000] {logging_mixin.py:188} INFO - [2025-03-24T23:37:13.456+0000] {dagbag.py:538} INFO - Filling up the DagBag from /home/airflow/.local/lib/python3.8/site-packages/airflow/example_dags/example_dag_decorator.py
[2025-03-24T23:37:13.498+0000] {processor.py:840} INFO - DAG(s) 'example_dag_decorator' retrieved from /home/airflow/.local/lib/python3.8/site-packages/airflow/example_dags/example_dag_decorator.py
[2025-03-24T23:37:13.650+0000] {logging_mixin.py:188} INFO - [2025-03-24T23:37:13.650+0000] {dag.py:3033} INFO - Sync 1 DAGs
[2025-03-24T23:37:13.655+0000] {logging_mixin.py:188} INFO - [2025-03-24T23:37:13.655+0000] {dag.py:3820} INFO - Setting next_dagrun for example_dag_decorator to None, run_after=None
[2025-03-24T23:37:13.666+0000] {processor.py:183} INFO - Processing /home/airflow/.local/lib/python3.8/site-packages/airflow/example_dags/example_dag_decorator.py took 0.214 seconds
[2025-03-24T23:37:44.230+0000] {processor.py:161} INFO - Started process (PID=1502) to work on /home/airflow/.local/lib/python3.8/site-packages/airflow/example_dags/example_dag_decorator.py
[2025-03-24T23:37:44.231+0000] {processor.py:830} INFO - Processing file /home/airflow/.local/lib/python3.8/site-packages/airflow/example_dags/example_dag_decorator.py for tasks to queue
[2025-03-24T23:37:44.232+0000] {logging_mixin.py:188} INFO - [2025-03-24T23:37:44.232+0000] {dagbag.py:538} INFO - Filling up the DagBag from /home/airflow/.local/lib/python3.8/site-packages/airflow/example_dags/example_dag_decorator.py
[2025-03-24T23:37:44.269+0000] {processor.py:840} INFO - DAG(s) 'example_dag_decorator' retrieved from /home/airflow/.local/lib/python3.8/site-packages/airflow/example_dags/example_dag_decorator.py
[2025-03-24T23:37:44.405+0000] {logging_mixin.py:188} INFO - [2025-03-24T23:37:44.405+0000] {dag.py:3033} INFO - Sync 1 DAGs
[2025-03-24T23:37:44.409+0000] {logging_mixin.py:188} INFO - [2025-03-24T23:37:44.409+0000] {dag.py:3820} INFO - Setting next_dagrun for example_dag_decorator to None, run_after=None
[2025-03-24T23:37:44.415+0000] {processor.py:183} INFO - Processing /home/airflow/.local/lib/python3.8/site-packages/airflow/example_dags/example_dag_decorator.py took 0.186 seconds
[2025-03-24T23:38:14.980+0000] {processor.py:161} INFO - Started process (PID=1557) to work on /home/airflow/.local/lib/python3.8/site-packages/airflow/example_dags/example_dag_decorator.py
[2025-03-24T23:38:14.981+0000] {processor.py:830} INFO - Processing file /home/airflow/.local/lib/python3.8/site-packages/airflow/example_dags/example_dag_decorator.py for tasks to queue
[2025-03-24T23:38:14.982+0000] {logging_mixin.py:188} INFO - [2025-03-24T23:38:14.982+0000] {dagbag.py:538} INFO - Filling up the DagBag from /home/airflow/.local/lib/python3.8/site-packages/airflow/example_dags/example_dag_decorator.py
[2025-03-24T23:38:15.053+0000] {processor.py:840} INFO - DAG(s) 'example_dag_decorator' retrieved from /home/airflow/.local/lib/python3.8/site-packages/airflow/example_dags/example_dag_decorator.py
[2025-03-24T23:38:15.100+0000] {logging_mixin.py:188} INFO - [2025-03-24T23:38:15.100+0000] {dag.py:3033} INFO - Sync 1 DAGs
[2025-03-24T23:38:15.200+0000] {logging_mixin.py:188} INFO - [2025-03-24T23:38:15.199+0000] {dag.py:3820} INFO - Setting next_dagrun for example_dag_decorator to None, run_after=None
[2025-03-24T23:38:15.210+0000] {processor.py:183} INFO - Processing /home/airflow/.local/lib/python3.8/site-packages/airflow/example_dags/example_dag_decorator.py took 0.231 seconds
[2025-03-24T23:38:45.706+0000] {processor.py:161} INFO - Started process (PID=1612) to work on /home/airflow/.local/lib/python3.8/site-packages/airflow/example_dags/example_dag_decorator.py
[2025-03-24T23:38:45.709+0000] {processor.py:830} INFO - Processing file /home/airflow/.local/lib/python3.8/site-packages/airflow/example_dags/example_dag_decorator.py for tasks to queue
[2025-03-24T23:38:45.711+0000] {logging_mixin.py:188} INFO - [2025-03-24T23:38:45.711+0000] {dagbag.py:538} INFO - Filling up the DagBag from /home/airflow/.local/lib/python3.8/site-packages/airflow/example_dags/example_dag_decorator.py
[2025-03-24T23:38:45.753+0000] {processor.py:840} INFO - DAG(s) 'example_dag_decorator' retrieved from /home/airflow/.local/lib/python3.8/site-packages/airflow/example_dags/example_dag_decorator.py
[2025-03-24T23:38:45.902+0000] {logging_mixin.py:188} INFO - [2025-03-24T23:38:45.902+0000] {dag.py:3033} INFO - Sync 1 DAGs
[2025-03-24T23:38:45.908+0000] {logging_mixin.py:188} INFO - [2025-03-24T23:38:45.908+0000] {dag.py:3820} INFO - Setting next_dagrun for example_dag_decorator to None, run_after=None
[2025-03-24T23:38:45.922+0000] {processor.py:183} INFO - Processing /home/airflow/.local/lib/python3.8/site-packages/airflow/example_dags/example_dag_decorator.py took 0.217 seconds
[2025-03-24T23:39:16.528+0000] {processor.py:161} INFO - Started process (PID=1667) to work on /home/airflow/.local/lib/python3.8/site-packages/airflow/example_dags/example_dag_decorator.py
[2025-03-24T23:39:16.529+0000] {processor.py:830} INFO - Processing file /home/airflow/.local/lib/python3.8/site-packages/airflow/example_dags/example_dag_decorator.py for tasks to queue
[2025-03-24T23:39:16.530+0000] {logging_mixin.py:188} INFO - [2025-03-24T23:39:16.529+0000] {dagbag.py:538} INFO - Filling up the DagBag from /home/airflow/.local/lib/python3.8/site-packages/airflow/example_dags/example_dag_decorator.py
[2025-03-24T23:39:16.571+0000] {processor.py:840} INFO - DAG(s) 'example_dag_decorator' retrieved from /home/airflow/.local/lib/python3.8/site-packages/airflow/example_dags/example_dag_decorator.py
[2025-03-24T23:39:16.703+0000] {logging_mixin.py:188} INFO - [2025-03-24T23:39:16.703+0000] {dag.py:3033} INFO - Sync 1 DAGs
[2025-03-24T23:39:16.708+0000] {logging_mixin.py:188} INFO - [2025-03-24T23:39:16.707+0000] {dag.py:3820} INFO - Setting next_dagrun for example_dag_decorator to None, run_after=None
[2025-03-24T23:39:16.717+0000] {processor.py:183} INFO - Processing /home/airflow/.local/lib/python3.8/site-packages/airflow/example_dags/example_dag_decorator.py took 0.191 seconds
[2025-03-24T23:39:47.450+0000] {processor.py:161} INFO - Started process (PID=1722) to work on /home/airflow/.local/lib/python3.8/site-packages/airflow/example_dags/example_dag_decorator.py
[2025-03-24T23:39:47.451+0000] {processor.py:830} INFO - Processing file /home/airflow/.local/lib/python3.8/site-packages/airflow/example_dags/example_dag_decorator.py for tasks to queue
[2025-03-24T23:39:47.456+0000] {logging_mixin.py:188} INFO - [2025-03-24T23:39:47.456+0000] {dagbag.py:538} INFO - Filling up the DagBag from /home/airflow/.local/lib/python3.8/site-packages/airflow/example_dags/example_dag_decorator.py
[2025-03-24T23:39:47.508+0000] {processor.py:840} INFO - DAG(s) 'example_dag_decorator' retrieved from /home/airflow/.local/lib/python3.8/site-packages/airflow/example_dags/example_dag_decorator.py
[2025-03-24T23:39:47.647+0000] {logging_mixin.py:188} INFO - [2025-03-24T23:39:47.647+0000] {dag.py:3033} INFO - Sync 1 DAGs
[2025-03-24T23:39:47.653+0000] {logging_mixin.py:188} INFO - [2025-03-24T23:39:47.653+0000] {dag.py:3820} INFO - Setting next_dagrun for example_dag_decorator to None, run_after=None
[2025-03-24T23:39:47.660+0000] {processor.py:183} INFO - Processing /home/airflow/.local/lib/python3.8/site-packages/airflow/example_dags/example_dag_decorator.py took 0.212 seconds
[2025-03-24T23:40:18.030+0000] {processor.py:161} INFO - Started process (PID=1777) to work on /home/airflow/.local/lib/python3.8/site-packages/airflow/example_dags/example_dag_decorator.py
[2025-03-24T23:40:18.031+0000] {processor.py:830} INFO - Processing file /home/airflow/.local/lib/python3.8/site-packages/airflow/example_dags/example_dag_decorator.py for tasks to queue
[2025-03-24T23:40:18.031+0000] {logging_mixin.py:188} INFO - [2025-03-24T23:40:18.031+0000] {dagbag.py:538} INFO - Filling up the DagBag from /home/airflow/.local/lib/python3.8/site-packages/airflow/example_dags/example_dag_decorator.py
[2025-03-24T23:40:18.070+0000] {processor.py:840} INFO - DAG(s) 'example_dag_decorator' retrieved from /home/airflow/.local/lib/python3.8/site-packages/airflow/example_dags/example_dag_decorator.py
[2025-03-24T23:40:18.216+0000] {logging_mixin.py:188} INFO - [2025-03-24T23:40:18.216+0000] {dag.py:3033} INFO - Sync 1 DAGs
[2025-03-24T23:40:18.222+0000] {logging_mixin.py:188} INFO - [2025-03-24T23:40:18.222+0000] {dag.py:3820} INFO - Setting next_dagrun for example_dag_decorator to None, run_after=None
[2025-03-24T23:40:18.230+0000] {processor.py:183} INFO - Processing /home/airflow/.local/lib/python3.8/site-packages/airflow/example_dags/example_dag_decorator.py took 0.202 seconds
[2025-03-24T23:40:48.607+0000] {processor.py:161} INFO - Started process (PID=1832) to work on /home/airflow/.local/lib/python3.8/site-packages/airflow/example_dags/example_dag_decorator.py
[2025-03-24T23:40:48.609+0000] {processor.py:830} INFO - Processing file /home/airflow/.local/lib/python3.8/site-packages/airflow/example_dags/example_dag_decorator.py for tasks to queue
[2025-03-24T23:40:48.610+0000] {logging_mixin.py:188} INFO - [2025-03-24T23:40:48.610+0000] {dagbag.py:538} INFO - Filling up the DagBag from /home/airflow/.local/lib/python3.8/site-packages/airflow/example_dags/example_dag_decorator.py
[2025-03-24T23:40:48.646+0000] {processor.py:840} INFO - DAG(s) 'example_dag_decorator' retrieved from /home/airflow/.local/lib/python3.8/site-packages/airflow/example_dags/example_dag_decorator.py
[2025-03-24T23:40:48.757+0000] {logging_mixin.py:188} INFO - [2025-03-24T23:40:48.757+0000] {dag.py:3033} INFO - Sync 1 DAGs
[2025-03-24T23:40:48.762+0000] {logging_mixin.py:188} INFO - [2025-03-24T23:40:48.762+0000] {dag.py:3820} INFO - Setting next_dagrun for example_dag_decorator to None, run_after=None
[2025-03-24T23:40:48.769+0000] {processor.py:183} INFO - Processing /home/airflow/.local/lib/python3.8/site-packages/airflow/example_dags/example_dag_decorator.py took 0.164 seconds
[2025-03-24T23:41:19.192+0000] {processor.py:161} INFO - Started process (PID=1887) to work on /home/airflow/.local/lib/python3.8/site-packages/airflow/example_dags/example_dag_decorator.py
[2025-03-24T23:41:19.195+0000] {processor.py:830} INFO - Processing file /home/airflow/.local/lib/python3.8/site-packages/airflow/example_dags/example_dag_decorator.py for tasks to queue
[2025-03-24T23:41:19.200+0000] {logging_mixin.py:188} INFO - [2025-03-24T23:41:19.200+0000] {dagbag.py:538} INFO - Filling up the DagBag from /home/airflow/.local/lib/python3.8/site-packages/airflow/example_dags/example_dag_decorator.py
[2025-03-24T23:41:19.246+0000] {processor.py:840} INFO - DAG(s) 'example_dag_decorator' retrieved from /home/airflow/.local/lib/python3.8/site-packages/airflow/example_dags/example_dag_decorator.py
[2025-03-24T23:41:19.426+0000] {logging_mixin.py:188} INFO - [2025-03-24T23:41:19.426+0000] {dag.py:3033} INFO - Sync 1 DAGs
[2025-03-24T23:41:19.432+0000] {logging_mixin.py:188} INFO - [2025-03-24T23:41:19.432+0000] {dag.py:3820} INFO - Setting next_dagrun for example_dag_decorator to None, run_after=None
[2025-03-24T23:41:19.440+0000] {processor.py:183} INFO - Processing /home/airflow/.local/lib/python3.8/site-packages/airflow/example_dags/example_dag_decorator.py took 0.250 seconds
[2025-03-24T23:41:49.813+0000] {processor.py:161} INFO - Started process (PID=1942) to work on /home/airflow/.local/lib/python3.8/site-packages/airflow/example_dags/example_dag_decorator.py
[2025-03-24T23:41:49.814+0000] {processor.py:830} INFO - Processing file /home/airflow/.local/lib/python3.8/site-packages/airflow/example_dags/example_dag_decorator.py for tasks to queue
[2025-03-24T23:41:49.815+0000] {logging_mixin.py:188} INFO - [2025-03-24T23:41:49.815+0000] {dagbag.py:538} INFO - Filling up the DagBag from /home/airflow/.local/lib/python3.8/site-packages/airflow/example_dags/example_dag_decorator.py
[2025-03-24T23:41:49.851+0000] {processor.py:840} INFO - DAG(s) 'example_dag_decorator' retrieved from /home/airflow/.local/lib/python3.8/site-packages/airflow/example_dags/example_dag_decorator.py
[2025-03-24T23:41:49.861+0000] {logging_mixin.py:188} INFO - [2025-03-24T23:41:49.861+0000] {dag.py:3033} INFO - Sync 1 DAGs
[2025-03-24T23:41:49.865+0000] {logging_mixin.py:188} INFO - [2025-03-24T23:41:49.865+0000] {dag.py:3820} INFO - Setting next_dagrun for example_dag_decorator to None, run_after=None
[2025-03-24T23:41:49.942+0000] {processor.py:183} INFO - Processing /home/airflow/.local/lib/python3.8/site-packages/airflow/example_dags/example_dag_decorator.py took 0.130 seconds
[2025-03-24T23:42:20.439+0000] {processor.py:161} INFO - Started process (PID=1997) to work on /home/airflow/.local/lib/python3.8/site-packages/airflow/example_dags/example_dag_decorator.py
[2025-03-24T23:42:20.440+0000] {processor.py:830} INFO - Processing file /home/airflow/.local/lib/python3.8/site-packages/airflow/example_dags/example_dag_decorator.py for tasks to queue
[2025-03-24T23:42:20.442+0000] {logging_mixin.py:188} INFO - [2025-03-24T23:42:20.442+0000] {dagbag.py:538} INFO - Filling up the DagBag from /home/airflow/.local/lib/python3.8/site-packages/airflow/example_dags/example_dag_decorator.py
[2025-03-24T23:42:20.478+0000] {processor.py:840} INFO - DAG(s) 'example_dag_decorator' retrieved from /home/airflow/.local/lib/python3.8/site-packages/airflow/example_dags/example_dag_decorator.py
[2025-03-24T23:42:20.616+0000] {logging_mixin.py:188} INFO - [2025-03-24T23:42:20.615+0000] {dag.py:3033} INFO - Sync 1 DAGs
[2025-03-24T23:42:20.619+0000] {logging_mixin.py:188} INFO - [2025-03-24T23:42:20.619+0000] {dag.py:3820} INFO - Setting next_dagrun for example_dag_decorator to None, run_after=None
[2025-03-24T23:42:20.626+0000] {processor.py:183} INFO - Processing /home/airflow/.local/lib/python3.8/site-packages/airflow/example_dags/example_dag_decorator.py took 0.189 seconds
[2025-03-24T23:42:50.919+0000] {processor.py:161} INFO - Started process (PID=2052) to work on /home/airflow/.local/lib/python3.8/site-packages/airflow/example_dags/example_dag_decorator.py
[2025-03-24T23:42:50.920+0000] {processor.py:830} INFO - Processing file /home/airflow/.local/lib/python3.8/site-packages/airflow/example_dags/example_dag_decorator.py for tasks to queue
[2025-03-24T23:42:50.921+0000] {logging_mixin.py:188} INFO - [2025-03-24T23:42:50.921+0000] {dagbag.py:538} INFO - Filling up the DagBag from /home/airflow/.local/lib/python3.8/site-packages/airflow/example_dags/example_dag_decorator.py
[2025-03-24T23:42:50.957+0000] {processor.py:840} INFO - DAG(s) 'example_dag_decorator' retrieved from /home/airflow/.local/lib/python3.8/site-packages/airflow/example_dags/example_dag_decorator.py
[2025-03-24T23:42:51.075+0000] {logging_mixin.py:188} INFO - [2025-03-24T23:42:51.075+0000] {dag.py:3033} INFO - Sync 1 DAGs
[2025-03-24T23:42:51.079+0000] {logging_mixin.py:188} INFO - [2025-03-24T23:42:51.079+0000] {dag.py:3820} INFO - Setting next_dagrun for example_dag_decorator to None, run_after=None
[2025-03-24T23:42:51.085+0000] {processor.py:183} INFO - Processing /home/airflow/.local/lib/python3.8/site-packages/airflow/example_dags/example_dag_decorator.py took 0.168 seconds
[2025-03-24T23:43:21.432+0000] {processor.py:161} INFO - Started process (PID=2107) to work on /home/airflow/.local/lib/python3.8/site-packages/airflow/example_dags/example_dag_decorator.py
[2025-03-24T23:43:21.433+0000] {processor.py:830} INFO - Processing file /home/airflow/.local/lib/python3.8/site-packages/airflow/example_dags/example_dag_decorator.py for tasks to queue
[2025-03-24T23:43:21.434+0000] {logging_mixin.py:188} INFO - [2025-03-24T23:43:21.434+0000] {dagbag.py:538} INFO - Filling up the DagBag from /home/airflow/.local/lib/python3.8/site-packages/airflow/example_dags/example_dag_decorator.py
[2025-03-24T23:43:21.467+0000] {processor.py:840} INFO - DAG(s) 'example_dag_decorator' retrieved from /home/airflow/.local/lib/python3.8/site-packages/airflow/example_dags/example_dag_decorator.py
[2025-03-24T23:43:21.476+0000] {logging_mixin.py:188} INFO - [2025-03-24T23:43:21.476+0000] {dag.py:3033} INFO - Sync 1 DAGs
[2025-03-24T23:43:21.481+0000] {logging_mixin.py:188} INFO - [2025-03-24T23:43:21.481+0000] {dag.py:3820} INFO - Setting next_dagrun for example_dag_decorator to None, run_after=None
[2025-03-24T23:43:21.553+0000] {processor.py:183} INFO - Processing /home/airflow/.local/lib/python3.8/site-packages/airflow/example_dags/example_dag_decorator.py took 0.123 seconds
[2025-03-24T23:43:52.111+0000] {processor.py:161} INFO - Started process (PID=2162) to work on /home/airflow/.local/lib/python3.8/site-packages/airflow/example_dags/example_dag_decorator.py
[2025-03-24T23:43:52.112+0000] {processor.py:830} INFO - Processing file /home/airflow/.local/lib/python3.8/site-packages/airflow/example_dags/example_dag_decorator.py for tasks to queue
[2025-03-24T23:43:52.113+0000] {logging_mixin.py:188} INFO - [2025-03-24T23:43:52.113+0000] {dagbag.py:538} INFO - Filling up the DagBag from /home/airflow/.local/lib/python3.8/site-packages/airflow/example_dags/example_dag_decorator.py
[2025-03-24T23:43:52.157+0000] {processor.py:840} INFO - DAG(s) 'example_dag_decorator' retrieved from /home/airflow/.local/lib/python3.8/site-packages/airflow/example_dags/example_dag_decorator.py
[2025-03-24T23:43:52.296+0000] {logging_mixin.py:188} INFO - [2025-03-24T23:43:52.295+0000] {dag.py:3033} INFO - Sync 1 DAGs
[2025-03-24T23:43:52.300+0000] {logging_mixin.py:188} INFO - [2025-03-24T23:43:52.300+0000] {dag.py:3820} INFO - Setting next_dagrun for example_dag_decorator to None, run_after=None
[2025-03-24T23:43:52.307+0000] {processor.py:183} INFO - Processing /home/airflow/.local/lib/python3.8/site-packages/airflow/example_dags/example_dag_decorator.py took 0.198 seconds
[2025-03-24T23:44:22.763+0000] {processor.py:161} INFO - Started process (PID=2217) to work on /home/airflow/.local/lib/python3.8/site-packages/airflow/example_dags/example_dag_decorator.py
[2025-03-24T23:44:22.764+0000] {processor.py:830} INFO - Processing file /home/airflow/.local/lib/python3.8/site-packages/airflow/example_dags/example_dag_decorator.py for tasks to queue
[2025-03-24T23:44:22.768+0000] {logging_mixin.py:188} INFO - [2025-03-24T23:44:22.768+0000] {dagbag.py:538} INFO - Filling up the DagBag from /home/airflow/.local/lib/python3.8/site-packages/airflow/example_dags/example_dag_decorator.py
[2025-03-24T23:44:22.807+0000] {processor.py:840} INFO - DAG(s) 'example_dag_decorator' retrieved from /home/airflow/.local/lib/python3.8/site-packages/airflow/example_dags/example_dag_decorator.py
[2025-03-24T23:44:22.939+0000] {logging_mixin.py:188} INFO - [2025-03-24T23:44:22.939+0000] {dag.py:3033} INFO - Sync 1 DAGs
[2025-03-24T23:44:22.943+0000] {logging_mixin.py:188} INFO - [2025-03-24T23:44:22.943+0000] {dag.py:3820} INFO - Setting next_dagrun for example_dag_decorator to None, run_after=None
[2025-03-24T23:44:22.952+0000] {processor.py:183} INFO - Processing /home/airflow/.local/lib/python3.8/site-packages/airflow/example_dags/example_dag_decorator.py took 0.191 seconds
[2025-03-24T23:44:53.427+0000] {processor.py:161} INFO - Started process (PID=2272) to work on /home/airflow/.local/lib/python3.8/site-packages/airflow/example_dags/example_dag_decorator.py
[2025-03-24T23:44:53.427+0000] {processor.py:830} INFO - Processing file /home/airflow/.local/lib/python3.8/site-packages/airflow/example_dags/example_dag_decorator.py for tasks to queue
[2025-03-24T23:44:53.428+0000] {logging_mixin.py:188} INFO - [2025-03-24T23:44:53.428+0000] {dagbag.py:538} INFO - Filling up the DagBag from /home/airflow/.local/lib/python3.8/site-packages/airflow/example_dags/example_dag_decorator.py
[2025-03-24T23:44:53.511+0000] {processor.py:840} INFO - DAG(s) 'example_dag_decorator' retrieved from /home/airflow/.local/lib/python3.8/site-packages/airflow/example_dags/example_dag_decorator.py
[2025-03-24T23:44:53.633+0000] {logging_mixin.py:188} INFO - [2025-03-24T23:44:53.633+0000] {dag.py:3033} INFO - Sync 1 DAGs
[2025-03-24T23:44:53.639+0000] {logging_mixin.py:188} INFO - [2025-03-24T23:44:53.639+0000] {dag.py:3820} INFO - Setting next_dagrun for example_dag_decorator to None, run_after=None
[2025-03-24T23:44:53.646+0000] {processor.py:183} INFO - Processing /home/airflow/.local/lib/python3.8/site-packages/airflow/example_dags/example_dag_decorator.py took 0.221 seconds
[2025-03-24T23:45:23.907+0000] {processor.py:161} INFO - Started process (PID=2327) to work on /home/airflow/.local/lib/python3.8/site-packages/airflow/example_dags/example_dag_decorator.py
[2025-03-24T23:45:23.908+0000] {processor.py:830} INFO - Processing file /home/airflow/.local/lib/python3.8/site-packages/airflow/example_dags/example_dag_decorator.py for tasks to queue
[2025-03-24T23:45:23.909+0000] {logging_mixin.py:188} INFO - [2025-03-24T23:45:23.909+0000] {dagbag.py:538} INFO - Filling up the DagBag from /home/airflow/.local/lib/python3.8/site-packages/airflow/example_dags/example_dag_decorator.py
[2025-03-24T23:45:24.012+0000] {processor.py:840} INFO - DAG(s) 'example_dag_decorator' retrieved from /home/airflow/.local/lib/python3.8/site-packages/airflow/example_dags/example_dag_decorator.py
[2025-03-24T23:45:24.050+0000] {logging_mixin.py:188} INFO - [2025-03-24T23:45:24.050+0000] {dag.py:3033} INFO - Sync 1 DAGs
[2025-03-24T23:45:24.055+0000] {logging_mixin.py:188} INFO - [2025-03-24T23:45:24.055+0000] {dag.py:3820} INFO - Setting next_dagrun for example_dag_decorator to None, run_after=None
[2025-03-24T23:45:24.063+0000] {processor.py:183} INFO - Processing /home/airflow/.local/lib/python3.8/site-packages/airflow/example_dags/example_dag_decorator.py took 0.157 seconds
[2025-03-24T23:45:54.562+0000] {processor.py:161} INFO - Started process (PID=2381) to work on /home/airflow/.local/lib/python3.8/site-packages/airflow/example_dags/example_dag_decorator.py
[2025-03-24T23:45:54.565+0000] {processor.py:830} INFO - Processing file /home/airflow/.local/lib/python3.8/site-packages/airflow/example_dags/example_dag_decorator.py for tasks to queue
[2025-03-24T23:45:54.566+0000] {logging_mixin.py:188} INFO - [2025-03-24T23:45:54.565+0000] {dagbag.py:538} INFO - Filling up the DagBag from /home/airflow/.local/lib/python3.8/site-packages/airflow/example_dags/example_dag_decorator.py
[2025-03-24T23:45:54.605+0000] {processor.py:840} INFO - DAG(s) 'example_dag_decorator' retrieved from /home/airflow/.local/lib/python3.8/site-packages/airflow/example_dags/example_dag_decorator.py
[2025-03-24T23:45:54.738+0000] {logging_mixin.py:188} INFO - [2025-03-24T23:45:54.738+0000] {dag.py:3033} INFO - Sync 1 DAGs
[2025-03-24T23:45:54.742+0000] {logging_mixin.py:188} INFO - [2025-03-24T23:45:54.742+0000] {dag.py:3820} INFO - Setting next_dagrun for example_dag_decorator to None, run_after=None
[2025-03-24T23:45:54.752+0000] {processor.py:183} INFO - Processing /home/airflow/.local/lib/python3.8/site-packages/airflow/example_dags/example_dag_decorator.py took 0.192 seconds
[2025-03-24T23:46:25.482+0000] {processor.py:161} INFO - Started process (PID=2436) to work on /home/airflow/.local/lib/python3.8/site-packages/airflow/example_dags/example_dag_decorator.py
[2025-03-24T23:46:25.484+0000] {processor.py:830} INFO - Processing file /home/airflow/.local/lib/python3.8/site-packages/airflow/example_dags/example_dag_decorator.py for tasks to queue
[2025-03-24T23:46:25.485+0000] {logging_mixin.py:188} INFO - [2025-03-24T23:46:25.485+0000] {dagbag.py:538} INFO - Filling up the DagBag from /home/airflow/.local/lib/python3.8/site-packages/airflow/example_dags/example_dag_decorator.py
[2025-03-24T23:46:25.520+0000] {processor.py:840} INFO - DAG(s) 'example_dag_decorator' retrieved from /home/airflow/.local/lib/python3.8/site-packages/airflow/example_dags/example_dag_decorator.py
[2025-03-24T23:46:25.638+0000] {logging_mixin.py:188} INFO - [2025-03-24T23:46:25.638+0000] {dag.py:3033} INFO - Sync 1 DAGs
[2025-03-24T23:46:25.643+0000] {logging_mixin.py:188} INFO - [2025-03-24T23:46:25.643+0000] {dag.py:3820} INFO - Setting next_dagrun for example_dag_decorator to None, run_after=None
[2025-03-24T23:46:25.649+0000] {processor.py:183} INFO - Processing /home/airflow/.local/lib/python3.8/site-packages/airflow/example_dags/example_dag_decorator.py took 0.169 seconds
[2025-03-24T23:46:56.290+0000] {processor.py:161} INFO - Started process (PID=2491) to work on /home/airflow/.local/lib/python3.8/site-packages/airflow/example_dags/example_dag_decorator.py
[2025-03-24T23:46:56.291+0000] {processor.py:830} INFO - Processing file /home/airflow/.local/lib/python3.8/site-packages/airflow/example_dags/example_dag_decorator.py for tasks to queue
[2025-03-24T23:46:56.293+0000] {logging_mixin.py:188} INFO - [2025-03-24T23:46:56.293+0000] {dagbag.py:538} INFO - Filling up the DagBag from /home/airflow/.local/lib/python3.8/site-packages/airflow/example_dags/example_dag_decorator.py
[2025-03-24T23:46:56.417+0000] {processor.py:840} INFO - DAG(s) 'example_dag_decorator' retrieved from /home/airflow/.local/lib/python3.8/site-packages/airflow/example_dags/example_dag_decorator.py
[2025-03-24T23:46:56.456+0000] {logging_mixin.py:188} INFO - [2025-03-24T23:46:56.456+0000] {dag.py:3033} INFO - Sync 1 DAGs
[2025-03-24T23:46:56.459+0000] {logging_mixin.py:188} INFO - [2025-03-24T23:46:56.459+0000] {dag.py:3820} INFO - Setting next_dagrun for example_dag_decorator to None, run_after=None
[2025-03-24T23:46:56.467+0000] {processor.py:183} INFO - Processing /home/airflow/.local/lib/python3.8/site-packages/airflow/example_dags/example_dag_decorator.py took 0.179 seconds
[2025-03-24T23:47:27.375+0000] {processor.py:161} INFO - Started process (PID=2546) to work on /home/airflow/.local/lib/python3.8/site-packages/airflow/example_dags/example_dag_decorator.py
[2025-03-24T23:47:27.377+0000] {processor.py:830} INFO - Processing file /home/airflow/.local/lib/python3.8/site-packages/airflow/example_dags/example_dag_decorator.py for tasks to queue
[2025-03-24T23:47:27.378+0000] {logging_mixin.py:188} INFO - [2025-03-24T23:47:27.378+0000] {dagbag.py:538} INFO - Filling up the DagBag from /home/airflow/.local/lib/python3.8/site-packages/airflow/example_dags/example_dag_decorator.py
[2025-03-24T23:47:27.581+0000] {processor.py:840} INFO - DAG(s) 'example_dag_decorator' retrieved from /home/airflow/.local/lib/python3.8/site-packages/airflow/example_dags/example_dag_decorator.py
[2025-03-24T23:47:27.624+0000] {logging_mixin.py:188} INFO - [2025-03-24T23:47:27.623+0000] {dag.py:3033} INFO - Sync 1 DAGs
[2025-03-24T23:47:27.628+0000] {logging_mixin.py:188} INFO - [2025-03-24T23:47:27.628+0000] {dag.py:3820} INFO - Setting next_dagrun for example_dag_decorator to None, run_after=None
[2025-03-24T23:47:27.636+0000] {processor.py:183} INFO - Processing /home/airflow/.local/lib/python3.8/site-packages/airflow/example_dags/example_dag_decorator.py took 0.265 seconds
[2025-03-24T23:47:57.652+0000] {processor.py:161} INFO - Started process (PID=2603) to work on /home/airflow/.local/lib/python3.8/site-packages/airflow/example_dags/example_dag_decorator.py
[2025-03-24T23:47:57.653+0000] {processor.py:830} INFO - Processing file /home/airflow/.local/lib/python3.8/site-packages/airflow/example_dags/example_dag_decorator.py for tasks to queue
[2025-03-24T23:47:57.655+0000] {logging_mixin.py:188} INFO - [2025-03-24T23:47:57.654+0000] {dagbag.py:538} INFO - Filling up the DagBag from /home/airflow/.local/lib/python3.8/site-packages/airflow/example_dags/example_dag_decorator.py
[2025-03-24T23:47:57.700+0000] {processor.py:840} INFO - DAG(s) 'example_dag_decorator' retrieved from /home/airflow/.local/lib/python3.8/site-packages/airflow/example_dags/example_dag_decorator.py
[2025-03-24T23:47:57.847+0000] {logging_mixin.py:188} INFO - [2025-03-24T23:47:57.847+0000] {dag.py:3033} INFO - Sync 1 DAGs
[2025-03-24T23:47:57.851+0000] {logging_mixin.py:188} INFO - [2025-03-24T23:47:57.851+0000] {dag.py:3820} INFO - Setting next_dagrun for example_dag_decorator to None, run_after=None
[2025-03-24T23:47:57.859+0000] {processor.py:183} INFO - Processing /home/airflow/.local/lib/python3.8/site-packages/airflow/example_dags/example_dag_decorator.py took 0.210 seconds
[2025-03-24T23:48:27.885+0000] {processor.py:161} INFO - Started process (PID=2659) to work on /home/airflow/.local/lib/python3.8/site-packages/airflow/example_dags/example_dag_decorator.py
[2025-03-24T23:48:27.885+0000] {processor.py:830} INFO - Processing file /home/airflow/.local/lib/python3.8/site-packages/airflow/example_dags/example_dag_decorator.py for tasks to queue
[2025-03-24T23:48:27.886+0000] {logging_mixin.py:188} INFO - [2025-03-24T23:48:27.886+0000] {dagbag.py:538} INFO - Filling up the DagBag from /home/airflow/.local/lib/python3.8/site-packages/airflow/example_dags/example_dag_decorator.py
[2025-03-24T23:48:28.004+0000] {processor.py:840} INFO - DAG(s) 'example_dag_decorator' retrieved from /home/airflow/.local/lib/python3.8/site-packages/airflow/example_dags/example_dag_decorator.py
[2025-03-24T23:48:28.045+0000] {logging_mixin.py:188} INFO - [2025-03-24T23:48:28.045+0000] {dag.py:3033} INFO - Sync 1 DAGs
[2025-03-24T23:48:28.051+0000] {logging_mixin.py:188} INFO - [2025-03-24T23:48:28.051+0000] {dag.py:3820} INFO - Setting next_dagrun for example_dag_decorator to None, run_after=None
[2025-03-24T23:48:28.058+0000] {processor.py:183} INFO - Processing /home/airflow/.local/lib/python3.8/site-packages/airflow/example_dags/example_dag_decorator.py took 0.175 seconds
[2025-03-24T23:48:58.181+0000] {processor.py:161} INFO - Started process (PID=2715) to work on /home/airflow/.local/lib/python3.8/site-packages/airflow/example_dags/example_dag_decorator.py
[2025-03-24T23:48:58.181+0000] {processor.py:830} INFO - Processing file /home/airflow/.local/lib/python3.8/site-packages/airflow/example_dags/example_dag_decorator.py for tasks to queue
[2025-03-24T23:48:58.182+0000] {logging_mixin.py:188} INFO - [2025-03-24T23:48:58.182+0000] {dagbag.py:538} INFO - Filling up the DagBag from /home/airflow/.local/lib/python3.8/site-packages/airflow/example_dags/example_dag_decorator.py
[2025-03-24T23:48:58.311+0000] {processor.py:840} INFO - DAG(s) 'example_dag_decorator' retrieved from /home/airflow/.local/lib/python3.8/site-packages/airflow/example_dags/example_dag_decorator.py
[2025-03-24T23:48:58.344+0000] {logging_mixin.py:188} INFO - [2025-03-24T23:48:58.344+0000] {dag.py:3033} INFO - Sync 1 DAGs
[2025-03-24T23:48:58.347+0000] {logging_mixin.py:188} INFO - [2025-03-24T23:48:58.347+0000] {dag.py:3820} INFO - Setting next_dagrun for example_dag_decorator to None, run_after=None
[2025-03-24T23:48:58.354+0000] {processor.py:183} INFO - Processing /home/airflow/.local/lib/python3.8/site-packages/airflow/example_dags/example_dag_decorator.py took 0.175 seconds
[2025-03-24T23:49:28.385+0000] {processor.py:161} INFO - Started process (PID=2770) to work on /home/airflow/.local/lib/python3.8/site-packages/airflow/example_dags/example_dag_decorator.py
[2025-03-24T23:49:28.385+0000] {processor.py:830} INFO - Processing file /home/airflow/.local/lib/python3.8/site-packages/airflow/example_dags/example_dag_decorator.py for tasks to queue
[2025-03-24T23:49:28.386+0000] {logging_mixin.py:188} INFO - [2025-03-24T23:49:28.386+0000] {dagbag.py:538} INFO - Filling up the DagBag from /home/airflow/.local/lib/python3.8/site-packages/airflow/example_dags/example_dag_decorator.py
[2025-03-24T23:49:28.502+0000] {processor.py:840} INFO - DAG(s) 'example_dag_decorator' retrieved from /home/airflow/.local/lib/python3.8/site-packages/airflow/example_dags/example_dag_decorator.py
[2025-03-24T23:49:28.550+0000] {logging_mixin.py:188} INFO - [2025-03-24T23:49:28.550+0000] {dag.py:3033} INFO - Sync 1 DAGs
[2025-03-24T23:49:28.554+0000] {logging_mixin.py:188} INFO - [2025-03-24T23:49:28.554+0000] {dag.py:3820} INFO - Setting next_dagrun for example_dag_decorator to None, run_after=None
[2025-03-24T23:49:28.565+0000] {processor.py:183} INFO - Processing /home/airflow/.local/lib/python3.8/site-packages/airflow/example_dags/example_dag_decorator.py took 0.183 seconds
[2025-03-24T23:49:59.056+0000] {processor.py:161} INFO - Started process (PID=2821) to work on /home/airflow/.local/lib/python3.8/site-packages/airflow/example_dags/example_dag_decorator.py
[2025-03-24T23:49:59.056+0000] {processor.py:830} INFO - Processing file /home/airflow/.local/lib/python3.8/site-packages/airflow/example_dags/example_dag_decorator.py for tasks to queue
[2025-03-24T23:49:59.057+0000] {logging_mixin.py:188} INFO - [2025-03-24T23:49:59.057+0000] {dagbag.py:538} INFO - Filling up the DagBag from /home/airflow/.local/lib/python3.8/site-packages/airflow/example_dags/example_dag_decorator.py
[2025-03-24T23:49:59.183+0000] {processor.py:840} INFO - DAG(s) 'example_dag_decorator' retrieved from /home/airflow/.local/lib/python3.8/site-packages/airflow/example_dags/example_dag_decorator.py
[2025-03-24T23:49:59.229+0000] {logging_mixin.py:188} INFO - [2025-03-24T23:49:59.229+0000] {dag.py:3033} INFO - Sync 1 DAGs
[2025-03-24T23:49:59.233+0000] {logging_mixin.py:188} INFO - [2025-03-24T23:49:59.233+0000] {dag.py:3820} INFO - Setting next_dagrun for example_dag_decorator to None, run_after=None
[2025-03-24T23:49:59.241+0000] {processor.py:183} INFO - Processing /home/airflow/.local/lib/python3.8/site-packages/airflow/example_dags/example_dag_decorator.py took 0.188 seconds
[2025-03-24T23:50:29.735+0000] {processor.py:161} INFO - Started process (PID=2875) to work on /home/airflow/.local/lib/python3.8/site-packages/airflow/example_dags/example_dag_decorator.py
[2025-03-24T23:50:29.736+0000] {processor.py:830} INFO - Processing file /home/airflow/.local/lib/python3.8/site-packages/airflow/example_dags/example_dag_decorator.py for tasks to queue
[2025-03-24T23:50:29.737+0000] {logging_mixin.py:188} INFO - [2025-03-24T23:50:29.737+0000] {dagbag.py:538} INFO - Filling up the DagBag from /home/airflow/.local/lib/python3.8/site-packages/airflow/example_dags/example_dag_decorator.py
[2025-03-24T23:50:29.844+0000] {processor.py:840} INFO - DAG(s) 'example_dag_decorator' retrieved from /home/airflow/.local/lib/python3.8/site-packages/airflow/example_dags/example_dag_decorator.py
[2025-03-24T23:50:29.883+0000] {logging_mixin.py:188} INFO - [2025-03-24T23:50:29.883+0000] {dag.py:3033} INFO - Sync 1 DAGs
[2025-03-24T23:50:29.887+0000] {logging_mixin.py:188} INFO - [2025-03-24T23:50:29.887+0000] {dag.py:3820} INFO - Setting next_dagrun for example_dag_decorator to None, run_after=None
[2025-03-24T23:50:29.894+0000] {processor.py:183} INFO - Processing /home/airflow/.local/lib/python3.8/site-packages/airflow/example_dags/example_dag_decorator.py took 0.161 seconds
[2025-03-24T23:51:00.524+0000] {processor.py:161} INFO - Started process (PID=2930) to work on /home/airflow/.local/lib/python3.8/site-packages/airflow/example_dags/example_dag_decorator.py
[2025-03-24T23:51:00.526+0000] {processor.py:830} INFO - Processing file /home/airflow/.local/lib/python3.8/site-packages/airflow/example_dags/example_dag_decorator.py for tasks to queue
[2025-03-24T23:51:00.527+0000] {logging_mixin.py:188} INFO - [2025-03-24T23:51:00.527+0000] {dagbag.py:538} INFO - Filling up the DagBag from /home/airflow/.local/lib/python3.8/site-packages/airflow/example_dags/example_dag_decorator.py
[2025-03-24T23:51:00.566+0000] {processor.py:840} INFO - DAG(s) 'example_dag_decorator' retrieved from /home/airflow/.local/lib/python3.8/site-packages/airflow/example_dags/example_dag_decorator.py
[2025-03-24T23:51:00.610+0000] {logging_mixin.py:188} INFO - [2025-03-24T23:51:00.610+0000] {dag.py:3033} INFO - Sync 1 DAGs
[2025-03-24T23:51:00.615+0000] {logging_mixin.py:188} INFO - [2025-03-24T23:51:00.615+0000] {dag.py:3820} INFO - Setting next_dagrun for example_dag_decorator to None, run_after=None
[2025-03-24T23:51:00.624+0000] {processor.py:183} INFO - Processing /home/airflow/.local/lib/python3.8/site-packages/airflow/example_dags/example_dag_decorator.py took 0.102 seconds
[2025-03-24T23:51:31.340+0000] {processor.py:161} INFO - Started process (PID=2986) to work on /home/airflow/.local/lib/python3.8/site-packages/airflow/example_dags/example_dag_decorator.py
[2025-03-24T23:51:31.341+0000] {processor.py:830} INFO - Processing file /home/airflow/.local/lib/python3.8/site-packages/airflow/example_dags/example_dag_decorator.py for tasks to queue
[2025-03-24T23:51:31.342+0000] {logging_mixin.py:188} INFO - [2025-03-24T23:51:31.342+0000] {dagbag.py:538} INFO - Filling up the DagBag from /home/airflow/.local/lib/python3.8/site-packages/airflow/example_dags/example_dag_decorator.py
[2025-03-24T23:51:31.386+0000] {processor.py:840} INFO - DAG(s) 'example_dag_decorator' retrieved from /home/airflow/.local/lib/python3.8/site-packages/airflow/example_dags/example_dag_decorator.py
[2025-03-24T23:51:31.442+0000] {logging_mixin.py:188} INFO - [2025-03-24T23:51:31.442+0000] {dag.py:3033} INFO - Sync 1 DAGs
[2025-03-24T23:51:31.447+0000] {logging_mixin.py:188} INFO - [2025-03-24T23:51:31.447+0000] {dag.py:3820} INFO - Setting next_dagrun for example_dag_decorator to None, run_after=None
[2025-03-24T23:51:31.459+0000] {processor.py:183} INFO - Processing /home/airflow/.local/lib/python3.8/site-packages/airflow/example_dags/example_dag_decorator.py took 0.122 seconds
