[2025-03-24T23:24:25.810+0000] {processor.py:161} INFO - Started process (PID=50) to work on /home/airflow/.local/lib/python3.8/site-packages/airflow/example_dags/example_sensor_decorator.py
[2025-03-24T23:24:25.811+0000] {processor.py:830} INFO - Processing file /home/airflow/.local/lib/python3.8/site-packages/airflow/example_dags/example_sensor_decorator.py for tasks to queue
[2025-03-24T23:24:25.813+0000] {logging_mixin.py:188} INFO - [2025-03-24T23:24:25.812+0000] {dagbag.py:538} INFO - Filling up the DagBag from /home/airflow/.local/lib/python3.8/site-packages/airflow/example_dags/example_sensor_decorator.py
[2025-03-24T23:24:25.817+0000] {processor.py:840} INFO - DAG(s) 'example_sensor_decorator' retrieved from /home/airflow/.local/lib/python3.8/site-packages/airflow/example_dags/example_sensor_decorator.py
[2025-03-24T23:24:25.828+0000] {logging_mixin.py:188} INFO - [2025-03-24T23:24:25.828+0000] {dag.py:3033} INFO - Sync 1 DAGs
[2025-03-24T23:24:25.840+0000] {logging_mixin.py:188} INFO - [2025-03-24T23:24:25.840+0000] {dag.py:3820} INFO - Setting next_dagrun for example_sensor_decorator to None, run_after=None
[2025-03-24T23:24:25.853+0000] {processor.py:183} INFO - Processing /home/airflow/.local/lib/python3.8/site-packages/airflow/example_dags/example_sensor_decorator.py took 0.046 seconds
[2025-03-24T23:24:56.043+0000] {processor.py:161} INFO - Started process (PID=105) to work on /home/airflow/.local/lib/python3.8/site-packages/airflow/example_dags/example_sensor_decorator.py
[2025-03-24T23:24:56.044+0000] {processor.py:830} INFO - Processing file /home/airflow/.local/lib/python3.8/site-packages/airflow/example_dags/example_sensor_decorator.py for tasks to queue
[2025-03-24T23:24:56.045+0000] {logging_mixin.py:188} INFO - [2025-03-24T23:24:56.045+0000] {dagbag.py:538} INFO - Filling up the DagBag from /home/airflow/.local/lib/python3.8/site-packages/airflow/example_dags/example_sensor_decorator.py
[2025-03-24T23:24:56.048+0000] {processor.py:840} INFO - DAG(s) 'example_sensor_decorator' retrieved from /home/airflow/.local/lib/python3.8/site-packages/airflow/example_dags/example_sensor_decorator.py
[2025-03-24T23:24:56.091+0000] {logging_mixin.py:188} INFO - [2025-03-24T23:24:56.091+0000] {dag.py:3033} INFO - Sync 1 DAGs
[2025-03-24T23:24:56.096+0000] {logging_mixin.py:188} INFO - [2025-03-24T23:24:56.095+0000] {dag.py:3820} INFO - Setting next_dagrun for example_sensor_decorator to None, run_after=None
[2025-03-24T23:24:56.103+0000] {processor.py:183} INFO - Processing /home/airflow/.local/lib/python3.8/site-packages/airflow/example_dags/example_sensor_decorator.py took 0.061 seconds
[2025-03-24T23:25:26.148+0000] {processor.py:161} INFO - Started process (PID=160) to work on /home/airflow/.local/lib/python3.8/site-packages/airflow/example_dags/example_sensor_decorator.py
[2025-03-24T23:25:26.148+0000] {processor.py:830} INFO - Processing file /home/airflow/.local/lib/python3.8/site-packages/airflow/example_dags/example_sensor_decorator.py for tasks to queue
[2025-03-24T23:25:26.150+0000] {logging_mixin.py:188} INFO - [2025-03-24T23:25:26.150+0000] {dagbag.py:538} INFO - Filling up the DagBag from /home/airflow/.local/lib/python3.8/site-packages/airflow/example_dags/example_sensor_decorator.py
[2025-03-24T23:25:26.152+0000] {processor.py:840} INFO - DAG(s) 'example_sensor_decorator' retrieved from /home/airflow/.local/lib/python3.8/site-packages/airflow/example_dags/example_sensor_decorator.py
[2025-03-24T23:25:26.163+0000] {logging_mixin.py:188} INFO - [2025-03-24T23:25:26.162+0000] {dag.py:3033} INFO - Sync 1 DAGs
[2025-03-24T23:25:26.169+0000] {logging_mixin.py:188} INFO - [2025-03-24T23:25:26.168+0000] {dag.py:3820} INFO - Setting next_dagrun for example_sensor_decorator to None, run_after=None
[2025-03-24T23:25:26.177+0000] {processor.py:183} INFO - Processing /home/airflow/.local/lib/python3.8/site-packages/airflow/example_dags/example_sensor_decorator.py took 0.031 seconds
[2025-03-24T23:25:56.776+0000] {processor.py:161} INFO - Started process (PID=215) to work on /home/airflow/.local/lib/python3.8/site-packages/airflow/example_dags/example_sensor_decorator.py
[2025-03-24T23:25:56.778+0000] {processor.py:830} INFO - Processing file /home/airflow/.local/lib/python3.8/site-packages/airflow/example_dags/example_sensor_decorator.py for tasks to queue
[2025-03-24T23:25:56.779+0000] {logging_mixin.py:188} INFO - [2025-03-24T23:25:56.779+0000] {dagbag.py:538} INFO - Filling up the DagBag from /home/airflow/.local/lib/python3.8/site-packages/airflow/example_dags/example_sensor_decorator.py
[2025-03-24T23:25:56.782+0000] {processor.py:840} INFO - DAG(s) 'example_sensor_decorator' retrieved from /home/airflow/.local/lib/python3.8/site-packages/airflow/example_dags/example_sensor_decorator.py
[2025-03-24T23:25:56.793+0000] {logging_mixin.py:188} INFO - [2025-03-24T23:25:56.793+0000] {dag.py:3033} INFO - Sync 1 DAGs
[2025-03-24T23:25:56.799+0000] {logging_mixin.py:188} INFO - [2025-03-24T23:25:56.798+0000] {dag.py:3820} INFO - Setting next_dagrun for example_sensor_decorator to None, run_after=None
[2025-03-24T23:25:56.806+0000] {processor.py:183} INFO - Processing /home/airflow/.local/lib/python3.8/site-packages/airflow/example_dags/example_sensor_decorator.py took 0.032 seconds
[2025-03-24T23:26:27.443+0000] {processor.py:161} INFO - Started process (PID=270) to work on /home/airflow/.local/lib/python3.8/site-packages/airflow/example_dags/example_sensor_decorator.py
[2025-03-24T23:26:27.444+0000] {processor.py:830} INFO - Processing file /home/airflow/.local/lib/python3.8/site-packages/airflow/example_dags/example_sensor_decorator.py for tasks to queue
[2025-03-24T23:26:27.446+0000] {logging_mixin.py:188} INFO - [2025-03-24T23:26:27.445+0000] {dagbag.py:538} INFO - Filling up the DagBag from /home/airflow/.local/lib/python3.8/site-packages/airflow/example_dags/example_sensor_decorator.py
[2025-03-24T23:26:27.450+0000] {processor.py:840} INFO - DAG(s) 'example_sensor_decorator' retrieved from /home/airflow/.local/lib/python3.8/site-packages/airflow/example_dags/example_sensor_decorator.py
[2025-03-24T23:26:27.483+0000] {logging_mixin.py:188} INFO - [2025-03-24T23:26:27.483+0000] {dag.py:3033} INFO - Sync 1 DAGs
[2025-03-24T23:26:27.523+0000] {logging_mixin.py:188} INFO - [2025-03-24T23:26:27.523+0000] {dag.py:3820} INFO - Setting next_dagrun for example_sensor_decorator to None, run_after=None
[2025-03-24T23:26:27.555+0000] {processor.py:183} INFO - Processing /home/airflow/.local/lib/python3.8/site-packages/airflow/example_dags/example_sensor_decorator.py took 0.114 seconds
[2025-03-24T23:26:58.089+0000] {processor.py:161} INFO - Started process (PID=325) to work on /home/airflow/.local/lib/python3.8/site-packages/airflow/example_dags/example_sensor_decorator.py
[2025-03-24T23:26:58.090+0000] {processor.py:830} INFO - Processing file /home/airflow/.local/lib/python3.8/site-packages/airflow/example_dags/example_sensor_decorator.py for tasks to queue
[2025-03-24T23:26:58.091+0000] {logging_mixin.py:188} INFO - [2025-03-24T23:26:58.090+0000] {dagbag.py:538} INFO - Filling up the DagBag from /home/airflow/.local/lib/python3.8/site-packages/airflow/example_dags/example_sensor_decorator.py
[2025-03-24T23:26:58.093+0000] {processor.py:840} INFO - DAG(s) 'example_sensor_decorator' retrieved from /home/airflow/.local/lib/python3.8/site-packages/airflow/example_dags/example_sensor_decorator.py
[2025-03-24T23:26:58.102+0000] {logging_mixin.py:188} INFO - [2025-03-24T23:26:58.102+0000] {dag.py:3033} INFO - Sync 1 DAGs
[2025-03-24T23:26:58.107+0000] {logging_mixin.py:188} INFO - [2025-03-24T23:26:58.107+0000] {dag.py:3820} INFO - Setting next_dagrun for example_sensor_decorator to None, run_after=None
[2025-03-24T23:26:58.117+0000] {processor.py:183} INFO - Processing /home/airflow/.local/lib/python3.8/site-packages/airflow/example_dags/example_sensor_decorator.py took 0.030 seconds
[2025-03-24T23:27:28.762+0000] {processor.py:161} INFO - Started process (PID=386) to work on /home/airflow/.local/lib/python3.8/site-packages/airflow/example_dags/example_sensor_decorator.py
[2025-03-24T23:27:28.763+0000] {processor.py:830} INFO - Processing file /home/airflow/.local/lib/python3.8/site-packages/airflow/example_dags/example_sensor_decorator.py for tasks to queue
[2025-03-24T23:27:28.764+0000] {logging_mixin.py:188} INFO - [2025-03-24T23:27:28.764+0000] {dagbag.py:538} INFO - Filling up the DagBag from /home/airflow/.local/lib/python3.8/site-packages/airflow/example_dags/example_sensor_decorator.py
[2025-03-24T23:27:28.767+0000] {processor.py:840} INFO - DAG(s) 'example_sensor_decorator' retrieved from /home/airflow/.local/lib/python3.8/site-packages/airflow/example_dags/example_sensor_decorator.py
[2025-03-24T23:27:28.779+0000] {logging_mixin.py:188} INFO - [2025-03-24T23:27:28.779+0000] {dag.py:3033} INFO - Sync 1 DAGs
[2025-03-24T23:27:28.786+0000] {logging_mixin.py:188} INFO - [2025-03-24T23:27:28.786+0000] {dag.py:3820} INFO - Setting next_dagrun for example_sensor_decorator to None, run_after=None
[2025-03-24T23:27:28.795+0000] {processor.py:183} INFO - Processing /home/airflow/.local/lib/python3.8/site-packages/airflow/example_dags/example_sensor_decorator.py took 0.034 seconds
[2025-03-24T23:27:59.412+0000] {processor.py:161} INFO - Started process (PID=441) to work on /home/airflow/.local/lib/python3.8/site-packages/airflow/example_dags/example_sensor_decorator.py
[2025-03-24T23:27:59.414+0000] {processor.py:830} INFO - Processing file /home/airflow/.local/lib/python3.8/site-packages/airflow/example_dags/example_sensor_decorator.py for tasks to queue
[2025-03-24T23:27:59.416+0000] {logging_mixin.py:188} INFO - [2025-03-24T23:27:59.416+0000] {dagbag.py:538} INFO - Filling up the DagBag from /home/airflow/.local/lib/python3.8/site-packages/airflow/example_dags/example_sensor_decorator.py
[2025-03-24T23:27:59.420+0000] {processor.py:840} INFO - DAG(s) 'example_sensor_decorator' retrieved from /home/airflow/.local/lib/python3.8/site-packages/airflow/example_dags/example_sensor_decorator.py
[2025-03-24T23:27:59.432+0000] {logging_mixin.py:188} INFO - [2025-03-24T23:27:59.432+0000] {dag.py:3033} INFO - Sync 1 DAGs
[2025-03-24T23:27:59.438+0000] {logging_mixin.py:188} INFO - [2025-03-24T23:27:59.438+0000] {dag.py:3820} INFO - Setting next_dagrun for example_sensor_decorator to None, run_after=None
[2025-03-24T23:27:59.455+0000] {processor.py:183} INFO - Processing /home/airflow/.local/lib/python3.8/site-packages/airflow/example_dags/example_sensor_decorator.py took 0.045 seconds
[2025-03-24T23:28:30.137+0000] {processor.py:161} INFO - Started process (PID=496) to work on /home/airflow/.local/lib/python3.8/site-packages/airflow/example_dags/example_sensor_decorator.py
[2025-03-24T23:28:30.138+0000] {processor.py:830} INFO - Processing file /home/airflow/.local/lib/python3.8/site-packages/airflow/example_dags/example_sensor_decorator.py for tasks to queue
[2025-03-24T23:28:30.140+0000] {logging_mixin.py:188} INFO - [2025-03-24T23:28:30.140+0000] {dagbag.py:538} INFO - Filling up the DagBag from /home/airflow/.local/lib/python3.8/site-packages/airflow/example_dags/example_sensor_decorator.py
[2025-03-24T23:28:30.143+0000] {processor.py:840} INFO - DAG(s) 'example_sensor_decorator' retrieved from /home/airflow/.local/lib/python3.8/site-packages/airflow/example_dags/example_sensor_decorator.py
[2025-03-24T23:28:30.152+0000] {logging_mixin.py:188} INFO - [2025-03-24T23:28:30.152+0000] {dag.py:3033} INFO - Sync 1 DAGs
[2025-03-24T23:28:30.157+0000] {logging_mixin.py:188} INFO - [2025-03-24T23:28:30.157+0000] {dag.py:3820} INFO - Setting next_dagrun for example_sensor_decorator to None, run_after=None
[2025-03-24T23:28:30.166+0000] {processor.py:183} INFO - Processing /home/airflow/.local/lib/python3.8/site-packages/airflow/example_dags/example_sensor_decorator.py took 0.032 seconds
[2025-03-24T23:29:00.916+0000] {processor.py:161} INFO - Started process (PID=551) to work on /home/airflow/.local/lib/python3.8/site-packages/airflow/example_dags/example_sensor_decorator.py
[2025-03-24T23:29:00.916+0000] {processor.py:830} INFO - Processing file /home/airflow/.local/lib/python3.8/site-packages/airflow/example_dags/example_sensor_decorator.py for tasks to queue
[2025-03-24T23:29:00.917+0000] {logging_mixin.py:188} INFO - [2025-03-24T23:29:00.917+0000] {dagbag.py:538} INFO - Filling up the DagBag from /home/airflow/.local/lib/python3.8/site-packages/airflow/example_dags/example_sensor_decorator.py
[2025-03-24T23:29:00.920+0000] {processor.py:840} INFO - DAG(s) 'example_sensor_decorator' retrieved from /home/airflow/.local/lib/python3.8/site-packages/airflow/example_dags/example_sensor_decorator.py
[2025-03-24T23:29:00.930+0000] {logging_mixin.py:188} INFO - [2025-03-24T23:29:00.929+0000] {dag.py:3033} INFO - Sync 1 DAGs
[2025-03-24T23:29:00.935+0000] {logging_mixin.py:188} INFO - [2025-03-24T23:29:00.935+0000] {dag.py:3820} INFO - Setting next_dagrun for example_sensor_decorator to None, run_after=None
[2025-03-24T23:29:00.942+0000] {processor.py:183} INFO - Processing /home/airflow/.local/lib/python3.8/site-packages/airflow/example_dags/example_sensor_decorator.py took 0.028 seconds
[2025-03-24T23:29:31.619+0000] {processor.py:161} INFO - Started process (PID=606) to work on /home/airflow/.local/lib/python3.8/site-packages/airflow/example_dags/example_sensor_decorator.py
[2025-03-24T23:29:31.621+0000] {processor.py:830} INFO - Processing file /home/airflow/.local/lib/python3.8/site-packages/airflow/example_dags/example_sensor_decorator.py for tasks to queue
[2025-03-24T23:29:31.622+0000] {logging_mixin.py:188} INFO - [2025-03-24T23:29:31.622+0000] {dagbag.py:538} INFO - Filling up the DagBag from /home/airflow/.local/lib/python3.8/site-packages/airflow/example_dags/example_sensor_decorator.py
[2025-03-24T23:29:31.625+0000] {processor.py:840} INFO - DAG(s) 'example_sensor_decorator' retrieved from /home/airflow/.local/lib/python3.8/site-packages/airflow/example_dags/example_sensor_decorator.py
[2025-03-24T23:29:31.635+0000] {logging_mixin.py:188} INFO - [2025-03-24T23:29:31.635+0000] {dag.py:3033} INFO - Sync 1 DAGs
[2025-03-24T23:29:31.642+0000] {logging_mixin.py:188} INFO - [2025-03-24T23:29:31.642+0000] {dag.py:3820} INFO - Setting next_dagrun for example_sensor_decorator to None, run_after=None
[2025-03-24T23:29:31.651+0000] {processor.py:183} INFO - Processing /home/airflow/.local/lib/python3.8/site-packages/airflow/example_dags/example_sensor_decorator.py took 0.034 seconds
[2025-03-24T23:30:02.348+0000] {processor.py:161} INFO - Started process (PID=661) to work on /home/airflow/.local/lib/python3.8/site-packages/airflow/example_dags/example_sensor_decorator.py
[2025-03-24T23:30:02.349+0000] {processor.py:830} INFO - Processing file /home/airflow/.local/lib/python3.8/site-packages/airflow/example_dags/example_sensor_decorator.py for tasks to queue
[2025-03-24T23:30:02.350+0000] {logging_mixin.py:188} INFO - [2025-03-24T23:30:02.350+0000] {dagbag.py:538} INFO - Filling up the DagBag from /home/airflow/.local/lib/python3.8/site-packages/airflow/example_dags/example_sensor_decorator.py
[2025-03-24T23:30:02.356+0000] {processor.py:840} INFO - DAG(s) 'example_sensor_decorator' retrieved from /home/airflow/.local/lib/python3.8/site-packages/airflow/example_dags/example_sensor_decorator.py
[2025-03-24T23:30:02.369+0000] {logging_mixin.py:188} INFO - [2025-03-24T23:30:02.369+0000] {dag.py:3033} INFO - Sync 1 DAGs
[2025-03-24T23:30:02.376+0000] {logging_mixin.py:188} INFO - [2025-03-24T23:30:02.376+0000] {dag.py:3820} INFO - Setting next_dagrun for example_sensor_decorator to None, run_after=None
[2025-03-24T23:30:02.386+0000] {processor.py:183} INFO - Processing /home/airflow/.local/lib/python3.8/site-packages/airflow/example_dags/example_sensor_decorator.py took 0.040 seconds
[2025-03-24T23:30:32.901+0000] {processor.py:161} INFO - Started process (PID=716) to work on /home/airflow/.local/lib/python3.8/site-packages/airflow/example_dags/example_sensor_decorator.py
[2025-03-24T23:30:32.901+0000] {processor.py:830} INFO - Processing file /home/airflow/.local/lib/python3.8/site-packages/airflow/example_dags/example_sensor_decorator.py for tasks to queue
[2025-03-24T23:30:32.902+0000] {logging_mixin.py:188} INFO - [2025-03-24T23:30:32.902+0000] {dagbag.py:538} INFO - Filling up the DagBag from /home/airflow/.local/lib/python3.8/site-packages/airflow/example_dags/example_sensor_decorator.py
[2025-03-24T23:30:32.904+0000] {processor.py:840} INFO - DAG(s) 'example_sensor_decorator' retrieved from /home/airflow/.local/lib/python3.8/site-packages/airflow/example_dags/example_sensor_decorator.py
[2025-03-24T23:30:32.912+0000] {logging_mixin.py:188} INFO - [2025-03-24T23:30:32.912+0000] {dag.py:3033} INFO - Sync 1 DAGs
[2025-03-24T23:30:32.917+0000] {logging_mixin.py:188} INFO - [2025-03-24T23:30:32.917+0000] {dag.py:3820} INFO - Setting next_dagrun for example_sensor_decorator to None, run_after=None
[2025-03-24T23:30:32.923+0000] {processor.py:183} INFO - Processing /home/airflow/.local/lib/python3.8/site-packages/airflow/example_dags/example_sensor_decorator.py took 0.023 seconds
[2025-03-24T23:31:03.635+0000] {processor.py:161} INFO - Started process (PID=771) to work on /home/airflow/.local/lib/python3.8/site-packages/airflow/example_dags/example_sensor_decorator.py
[2025-03-24T23:31:03.635+0000] {processor.py:830} INFO - Processing file /home/airflow/.local/lib/python3.8/site-packages/airflow/example_dags/example_sensor_decorator.py for tasks to queue
[2025-03-24T23:31:03.636+0000] {logging_mixin.py:188} INFO - [2025-03-24T23:31:03.636+0000] {dagbag.py:538} INFO - Filling up the DagBag from /home/airflow/.local/lib/python3.8/site-packages/airflow/example_dags/example_sensor_decorator.py
[2025-03-24T23:31:03.642+0000] {processor.py:840} INFO - DAG(s) 'example_sensor_decorator' retrieved from /home/airflow/.local/lib/python3.8/site-packages/airflow/example_dags/example_sensor_decorator.py
[2025-03-24T23:31:03.659+0000] {logging_mixin.py:188} INFO - [2025-03-24T23:31:03.659+0000] {dag.py:3033} INFO - Sync 1 DAGs
[2025-03-24T23:31:03.670+0000] {logging_mixin.py:188} INFO - [2025-03-24T23:31:03.670+0000] {dag.py:3820} INFO - Setting next_dagrun for example_sensor_decorator to None, run_after=None
[2025-03-24T23:31:03.682+0000] {processor.py:183} INFO - Processing /home/airflow/.local/lib/python3.8/site-packages/airflow/example_dags/example_sensor_decorator.py took 0.049 seconds
[2025-03-24T23:31:34.594+0000] {processor.py:161} INFO - Started process (PID=826) to work on /home/airflow/.local/lib/python3.8/site-packages/airflow/example_dags/example_sensor_decorator.py
[2025-03-24T23:31:34.595+0000] {processor.py:830} INFO - Processing file /home/airflow/.local/lib/python3.8/site-packages/airflow/example_dags/example_sensor_decorator.py for tasks to queue
[2025-03-24T23:31:34.598+0000] {logging_mixin.py:188} INFO - [2025-03-24T23:31:34.598+0000] {dagbag.py:538} INFO - Filling up the DagBag from /home/airflow/.local/lib/python3.8/site-packages/airflow/example_dags/example_sensor_decorator.py
[2025-03-24T23:31:34.603+0000] {processor.py:840} INFO - DAG(s) 'example_sensor_decorator' retrieved from /home/airflow/.local/lib/python3.8/site-packages/airflow/example_dags/example_sensor_decorator.py
[2025-03-24T23:31:34.617+0000] {logging_mixin.py:188} INFO - [2025-03-24T23:31:34.617+0000] {dag.py:3033} INFO - Sync 1 DAGs
[2025-03-24T23:31:34.622+0000] {logging_mixin.py:188} INFO - [2025-03-24T23:31:34.622+0000] {dag.py:3820} INFO - Setting next_dagrun for example_sensor_decorator to None, run_after=None
[2025-03-24T23:31:34.630+0000] {processor.py:183} INFO - Processing /home/airflow/.local/lib/python3.8/site-packages/airflow/example_dags/example_sensor_decorator.py took 0.039 seconds
[2025-03-24T23:32:05.126+0000] {processor.py:161} INFO - Started process (PID=881) to work on /home/airflow/.local/lib/python3.8/site-packages/airflow/example_dags/example_sensor_decorator.py
[2025-03-24T23:32:05.129+0000] {processor.py:830} INFO - Processing file /home/airflow/.local/lib/python3.8/site-packages/airflow/example_dags/example_sensor_decorator.py for tasks to queue
[2025-03-24T23:32:05.130+0000] {logging_mixin.py:188} INFO - [2025-03-24T23:32:05.130+0000] {dagbag.py:538} INFO - Filling up the DagBag from /home/airflow/.local/lib/python3.8/site-packages/airflow/example_dags/example_sensor_decorator.py
[2025-03-24T23:32:05.137+0000] {processor.py:840} INFO - DAG(s) 'example_sensor_decorator' retrieved from /home/airflow/.local/lib/python3.8/site-packages/airflow/example_dags/example_sensor_decorator.py
[2025-03-24T23:32:05.174+0000] {logging_mixin.py:188} INFO - [2025-03-24T23:32:05.173+0000] {dag.py:3033} INFO - Sync 1 DAGs
[2025-03-24T23:32:05.184+0000] {logging_mixin.py:188} INFO - [2025-03-24T23:32:05.184+0000] {dag.py:3820} INFO - Setting next_dagrun for example_sensor_decorator to None, run_after=None
[2025-03-24T23:32:05.195+0000] {processor.py:183} INFO - Processing /home/airflow/.local/lib/python3.8/site-packages/airflow/example_dags/example_sensor_decorator.py took 0.073 seconds
[2025-03-24T23:32:35.253+0000] {processor.py:161} INFO - Started process (PID=936) to work on /home/airflow/.local/lib/python3.8/site-packages/airflow/example_dags/example_sensor_decorator.py
[2025-03-24T23:32:35.254+0000] {processor.py:830} INFO - Processing file /home/airflow/.local/lib/python3.8/site-packages/airflow/example_dags/example_sensor_decorator.py for tasks to queue
[2025-03-24T23:32:35.255+0000] {logging_mixin.py:188} INFO - [2025-03-24T23:32:35.254+0000] {dagbag.py:538} INFO - Filling up the DagBag from /home/airflow/.local/lib/python3.8/site-packages/airflow/example_dags/example_sensor_decorator.py
[2025-03-24T23:32:35.257+0000] {processor.py:840} INFO - DAG(s) 'example_sensor_decorator' retrieved from /home/airflow/.local/lib/python3.8/site-packages/airflow/example_dags/example_sensor_decorator.py
[2025-03-24T23:32:35.270+0000] {logging_mixin.py:188} INFO - [2025-03-24T23:32:35.270+0000] {dag.py:3033} INFO - Sync 1 DAGs
[2025-03-24T23:32:35.276+0000] {logging_mixin.py:188} INFO - [2025-03-24T23:32:35.275+0000] {dag.py:3820} INFO - Setting next_dagrun for example_sensor_decorator to None, run_after=None
[2025-03-24T23:32:35.283+0000] {processor.py:183} INFO - Processing /home/airflow/.local/lib/python3.8/site-packages/airflow/example_dags/example_sensor_decorator.py took 0.031 seconds
[2025-03-24T23:33:05.812+0000] {processor.py:161} INFO - Started process (PID=991) to work on /home/airflow/.local/lib/python3.8/site-packages/airflow/example_dags/example_sensor_decorator.py
[2025-03-24T23:33:05.813+0000] {processor.py:830} INFO - Processing file /home/airflow/.local/lib/python3.8/site-packages/airflow/example_dags/example_sensor_decorator.py for tasks to queue
[2025-03-24T23:33:05.814+0000] {logging_mixin.py:188} INFO - [2025-03-24T23:33:05.814+0000] {dagbag.py:538} INFO - Filling up the DagBag from /home/airflow/.local/lib/python3.8/site-packages/airflow/example_dags/example_sensor_decorator.py
[2025-03-24T23:33:05.818+0000] {processor.py:840} INFO - DAG(s) 'example_sensor_decorator' retrieved from /home/airflow/.local/lib/python3.8/site-packages/airflow/example_dags/example_sensor_decorator.py
[2025-03-24T23:33:05.829+0000] {logging_mixin.py:188} INFO - [2025-03-24T23:33:05.829+0000] {dag.py:3033} INFO - Sync 1 DAGs
[2025-03-24T23:33:05.836+0000] {logging_mixin.py:188} INFO - [2025-03-24T23:33:05.835+0000] {dag.py:3820} INFO - Setting next_dagrun for example_sensor_decorator to None, run_after=None
[2025-03-24T23:33:05.846+0000] {processor.py:183} INFO - Processing /home/airflow/.local/lib/python3.8/site-packages/airflow/example_dags/example_sensor_decorator.py took 0.036 seconds
[2025-03-24T23:33:36.443+0000] {processor.py:161} INFO - Started process (PID=1046) to work on /home/airflow/.local/lib/python3.8/site-packages/airflow/example_dags/example_sensor_decorator.py
[2025-03-24T23:33:36.443+0000] {processor.py:830} INFO - Processing file /home/airflow/.local/lib/python3.8/site-packages/airflow/example_dags/example_sensor_decorator.py for tasks to queue
[2025-03-24T23:33:36.447+0000] {logging_mixin.py:188} INFO - [2025-03-24T23:33:36.447+0000] {dagbag.py:538} INFO - Filling up the DagBag from /home/airflow/.local/lib/python3.8/site-packages/airflow/example_dags/example_sensor_decorator.py
[2025-03-24T23:33:36.450+0000] {processor.py:840} INFO - DAG(s) 'example_sensor_decorator' retrieved from /home/airflow/.local/lib/python3.8/site-packages/airflow/example_dags/example_sensor_decorator.py
[2025-03-24T23:33:36.459+0000] {logging_mixin.py:188} INFO - [2025-03-24T23:33:36.459+0000] {dag.py:3033} INFO - Sync 1 DAGs
[2025-03-24T23:33:36.465+0000] {logging_mixin.py:188} INFO - [2025-03-24T23:33:36.465+0000] {dag.py:3820} INFO - Setting next_dagrun for example_sensor_decorator to None, run_after=None
[2025-03-24T23:33:36.473+0000] {processor.py:183} INFO - Processing /home/airflow/.local/lib/python3.8/site-packages/airflow/example_dags/example_sensor_decorator.py took 0.032 seconds
[2025-03-24T23:34:06.985+0000] {processor.py:161} INFO - Started process (PID=1101) to work on /home/airflow/.local/lib/python3.8/site-packages/airflow/example_dags/example_sensor_decorator.py
[2025-03-24T23:34:06.986+0000] {processor.py:830} INFO - Processing file /home/airflow/.local/lib/python3.8/site-packages/airflow/example_dags/example_sensor_decorator.py for tasks to queue
[2025-03-24T23:34:06.990+0000] {logging_mixin.py:188} INFO - [2025-03-24T23:34:06.990+0000] {dagbag.py:538} INFO - Filling up the DagBag from /home/airflow/.local/lib/python3.8/site-packages/airflow/example_dags/example_sensor_decorator.py
[2025-03-24T23:34:06.995+0000] {processor.py:840} INFO - DAG(s) 'example_sensor_decorator' retrieved from /home/airflow/.local/lib/python3.8/site-packages/airflow/example_dags/example_sensor_decorator.py
[2025-03-24T23:34:07.010+0000] {logging_mixin.py:188} INFO - [2025-03-24T23:34:07.010+0000] {dag.py:3033} INFO - Sync 1 DAGs
[2025-03-24T23:34:07.018+0000] {logging_mixin.py:188} INFO - [2025-03-24T23:34:07.017+0000] {dag.py:3820} INFO - Setting next_dagrun for example_sensor_decorator to None, run_after=None
[2025-03-24T23:34:07.028+0000] {processor.py:183} INFO - Processing /home/airflow/.local/lib/python3.8/site-packages/airflow/example_dags/example_sensor_decorator.py took 0.044 seconds
[2025-03-24T23:34:37.569+0000] {processor.py:161} INFO - Started process (PID=1156) to work on /home/airflow/.local/lib/python3.8/site-packages/airflow/example_dags/example_sensor_decorator.py
[2025-03-24T23:34:37.570+0000] {processor.py:830} INFO - Processing file /home/airflow/.local/lib/python3.8/site-packages/airflow/example_dags/example_sensor_decorator.py for tasks to queue
[2025-03-24T23:34:37.574+0000] {logging_mixin.py:188} INFO - [2025-03-24T23:34:37.573+0000] {dagbag.py:538} INFO - Filling up the DagBag from /home/airflow/.local/lib/python3.8/site-packages/airflow/example_dags/example_sensor_decorator.py
[2025-03-24T23:34:37.578+0000] {processor.py:840} INFO - DAG(s) 'example_sensor_decorator' retrieved from /home/airflow/.local/lib/python3.8/site-packages/airflow/example_dags/example_sensor_decorator.py
[2025-03-24T23:34:37.591+0000] {logging_mixin.py:188} INFO - [2025-03-24T23:34:37.591+0000] {dag.py:3033} INFO - Sync 1 DAGs
[2025-03-24T23:34:37.597+0000] {logging_mixin.py:188} INFO - [2025-03-24T23:34:37.597+0000] {dag.py:3820} INFO - Setting next_dagrun for example_sensor_decorator to None, run_after=None
[2025-03-24T23:34:37.607+0000] {processor.py:183} INFO - Processing /home/airflow/.local/lib/python3.8/site-packages/airflow/example_dags/example_sensor_decorator.py took 0.041 seconds
[2025-03-24T23:35:07.704+0000] {processor.py:161} INFO - Started process (PID=1211) to work on /home/airflow/.local/lib/python3.8/site-packages/airflow/example_dags/example_sensor_decorator.py
[2025-03-24T23:35:07.705+0000] {processor.py:830} INFO - Processing file /home/airflow/.local/lib/python3.8/site-packages/airflow/example_dags/example_sensor_decorator.py for tasks to queue
[2025-03-24T23:35:07.707+0000] {logging_mixin.py:188} INFO - [2025-03-24T23:35:07.707+0000] {dagbag.py:538} INFO - Filling up the DagBag from /home/airflow/.local/lib/python3.8/site-packages/airflow/example_dags/example_sensor_decorator.py
[2025-03-24T23:35:07.711+0000] {processor.py:840} INFO - DAG(s) 'example_sensor_decorator' retrieved from /home/airflow/.local/lib/python3.8/site-packages/airflow/example_dags/example_sensor_decorator.py
[2025-03-24T23:35:07.799+0000] {logging_mixin.py:188} INFO - [2025-03-24T23:35:07.799+0000] {dag.py:3033} INFO - Sync 1 DAGs
[2025-03-24T23:35:07.806+0000] {logging_mixin.py:188} INFO - [2025-03-24T23:35:07.806+0000] {dag.py:3820} INFO - Setting next_dagrun for example_sensor_decorator to None, run_after=None
[2025-03-24T23:35:07.816+0000] {processor.py:183} INFO - Processing /home/airflow/.local/lib/python3.8/site-packages/airflow/example_dags/example_sensor_decorator.py took 0.114 seconds
[2025-03-24T23:35:38.594+0000] {processor.py:161} INFO - Started process (PID=1266) to work on /home/airflow/.local/lib/python3.8/site-packages/airflow/example_dags/example_sensor_decorator.py
[2025-03-24T23:35:38.595+0000] {processor.py:830} INFO - Processing file /home/airflow/.local/lib/python3.8/site-packages/airflow/example_dags/example_sensor_decorator.py for tasks to queue
[2025-03-24T23:35:38.596+0000] {logging_mixin.py:188} INFO - [2025-03-24T23:35:38.596+0000] {dagbag.py:538} INFO - Filling up the DagBag from /home/airflow/.local/lib/python3.8/site-packages/airflow/example_dags/example_sensor_decorator.py
[2025-03-24T23:35:38.600+0000] {processor.py:840} INFO - DAG(s) 'example_sensor_decorator' retrieved from /home/airflow/.local/lib/python3.8/site-packages/airflow/example_dags/example_sensor_decorator.py
[2025-03-24T23:35:38.611+0000] {logging_mixin.py:188} INFO - [2025-03-24T23:35:38.611+0000] {dag.py:3033} INFO - Sync 1 DAGs
[2025-03-24T23:35:38.617+0000] {logging_mixin.py:188} INFO - [2025-03-24T23:35:38.617+0000] {dag.py:3820} INFO - Setting next_dagrun for example_sensor_decorator to None, run_after=None
[2025-03-24T23:35:38.628+0000] {processor.py:183} INFO - Processing /home/airflow/.local/lib/python3.8/site-packages/airflow/example_dags/example_sensor_decorator.py took 0.036 seconds
[2025-03-24T23:36:09.341+0000] {processor.py:161} INFO - Started process (PID=1321) to work on /home/airflow/.local/lib/python3.8/site-packages/airflow/example_dags/example_sensor_decorator.py
[2025-03-24T23:36:09.342+0000] {processor.py:830} INFO - Processing file /home/airflow/.local/lib/python3.8/site-packages/airflow/example_dags/example_sensor_decorator.py for tasks to queue
[2025-03-24T23:36:09.343+0000] {logging_mixin.py:188} INFO - [2025-03-24T23:36:09.343+0000] {dagbag.py:538} INFO - Filling up the DagBag from /home/airflow/.local/lib/python3.8/site-packages/airflow/example_dags/example_sensor_decorator.py
[2025-03-24T23:36:09.346+0000] {processor.py:840} INFO - DAG(s) 'example_sensor_decorator' retrieved from /home/airflow/.local/lib/python3.8/site-packages/airflow/example_dags/example_sensor_decorator.py
[2025-03-24T23:36:09.357+0000] {logging_mixin.py:188} INFO - [2025-03-24T23:36:09.357+0000] {dag.py:3033} INFO - Sync 1 DAGs
[2025-03-24T23:36:09.363+0000] {logging_mixin.py:188} INFO - [2025-03-24T23:36:09.363+0000] {dag.py:3820} INFO - Setting next_dagrun for example_sensor_decorator to None, run_after=None
[2025-03-24T23:36:09.372+0000] {processor.py:183} INFO - Processing /home/airflow/.local/lib/python3.8/site-packages/airflow/example_dags/example_sensor_decorator.py took 0.033 seconds
[2025-03-24T23:36:40.006+0000] {processor.py:161} INFO - Started process (PID=1376) to work on /home/airflow/.local/lib/python3.8/site-packages/airflow/example_dags/example_sensor_decorator.py
[2025-03-24T23:36:40.010+0000] {processor.py:830} INFO - Processing file /home/airflow/.local/lib/python3.8/site-packages/airflow/example_dags/example_sensor_decorator.py for tasks to queue
[2025-03-24T23:36:40.012+0000] {logging_mixin.py:188} INFO - [2025-03-24T23:36:40.012+0000] {dagbag.py:538} INFO - Filling up the DagBag from /home/airflow/.local/lib/python3.8/site-packages/airflow/example_dags/example_sensor_decorator.py
[2025-03-24T23:36:40.022+0000] {processor.py:840} INFO - DAG(s) 'example_sensor_decorator' retrieved from /home/airflow/.local/lib/python3.8/site-packages/airflow/example_dags/example_sensor_decorator.py
[2025-03-24T23:36:40.039+0000] {logging_mixin.py:188} INFO - [2025-03-24T23:36:40.039+0000] {dag.py:3033} INFO - Sync 1 DAGs
[2025-03-24T23:36:40.047+0000] {logging_mixin.py:188} INFO - [2025-03-24T23:36:40.047+0000] {dag.py:3820} INFO - Setting next_dagrun for example_sensor_decorator to None, run_after=None
[2025-03-24T23:36:40.061+0000] {processor.py:183} INFO - Processing /home/airflow/.local/lib/python3.8/site-packages/airflow/example_dags/example_sensor_decorator.py took 0.058 seconds
[2025-03-24T23:37:10.824+0000] {processor.py:161} INFO - Started process (PID=1431) to work on /home/airflow/.local/lib/python3.8/site-packages/airflow/example_dags/example_sensor_decorator.py
[2025-03-24T23:37:10.825+0000] {processor.py:830} INFO - Processing file /home/airflow/.local/lib/python3.8/site-packages/airflow/example_dags/example_sensor_decorator.py for tasks to queue
[2025-03-24T23:37:10.826+0000] {logging_mixin.py:188} INFO - [2025-03-24T23:37:10.826+0000] {dagbag.py:538} INFO - Filling up the DagBag from /home/airflow/.local/lib/python3.8/site-packages/airflow/example_dags/example_sensor_decorator.py
[2025-03-24T23:37:10.831+0000] {processor.py:840} INFO - DAG(s) 'example_sensor_decorator' retrieved from /home/airflow/.local/lib/python3.8/site-packages/airflow/example_dags/example_sensor_decorator.py
[2025-03-24T23:37:10.844+0000] {logging_mixin.py:188} INFO - [2025-03-24T23:37:10.844+0000] {dag.py:3033} INFO - Sync 1 DAGs
[2025-03-24T23:37:10.851+0000] {logging_mixin.py:188} INFO - [2025-03-24T23:37:10.850+0000] {dag.py:3820} INFO - Setting next_dagrun for example_sensor_decorator to None, run_after=None
[2025-03-24T23:37:10.862+0000] {processor.py:183} INFO - Processing /home/airflow/.local/lib/python3.8/site-packages/airflow/example_dags/example_sensor_decorator.py took 0.040 seconds
[2025-03-24T23:37:41.677+0000] {processor.py:161} INFO - Started process (PID=1486) to work on /home/airflow/.local/lib/python3.8/site-packages/airflow/example_dags/example_sensor_decorator.py
[2025-03-24T23:37:41.681+0000] {processor.py:830} INFO - Processing file /home/airflow/.local/lib/python3.8/site-packages/airflow/example_dags/example_sensor_decorator.py for tasks to queue
[2025-03-24T23:37:41.682+0000] {logging_mixin.py:188} INFO - [2025-03-24T23:37:41.682+0000] {dagbag.py:538} INFO - Filling up the DagBag from /home/airflow/.local/lib/python3.8/site-packages/airflow/example_dags/example_sensor_decorator.py
[2025-03-24T23:37:41.686+0000] {processor.py:840} INFO - DAG(s) 'example_sensor_decorator' retrieved from /home/airflow/.local/lib/python3.8/site-packages/airflow/example_dags/example_sensor_decorator.py
[2025-03-24T23:37:41.697+0000] {logging_mixin.py:188} INFO - [2025-03-24T23:37:41.697+0000] {dag.py:3033} INFO - Sync 1 DAGs
[2025-03-24T23:37:41.703+0000] {logging_mixin.py:188} INFO - [2025-03-24T23:37:41.703+0000] {dag.py:3820} INFO - Setting next_dagrun for example_sensor_decorator to None, run_after=None
[2025-03-24T23:37:41.711+0000] {processor.py:183} INFO - Processing /home/airflow/.local/lib/python3.8/site-packages/airflow/example_dags/example_sensor_decorator.py took 0.037 seconds
[2025-03-24T23:38:12.456+0000] {processor.py:161} INFO - Started process (PID=1541) to work on /home/airflow/.local/lib/python3.8/site-packages/airflow/example_dags/example_sensor_decorator.py
[2025-03-24T23:38:12.459+0000] {processor.py:830} INFO - Processing file /home/airflow/.local/lib/python3.8/site-packages/airflow/example_dags/example_sensor_decorator.py for tasks to queue
[2025-03-24T23:38:12.460+0000] {logging_mixin.py:188} INFO - [2025-03-24T23:38:12.460+0000] {dagbag.py:538} INFO - Filling up the DagBag from /home/airflow/.local/lib/python3.8/site-packages/airflow/example_dags/example_sensor_decorator.py
[2025-03-24T23:38:12.464+0000] {processor.py:840} INFO - DAG(s) 'example_sensor_decorator' retrieved from /home/airflow/.local/lib/python3.8/site-packages/airflow/example_dags/example_sensor_decorator.py
[2025-03-24T23:38:12.475+0000] {logging_mixin.py:188} INFO - [2025-03-24T23:38:12.475+0000] {dag.py:3033} INFO - Sync 1 DAGs
[2025-03-24T23:38:12.483+0000] {logging_mixin.py:188} INFO - [2025-03-24T23:38:12.483+0000] {dag.py:3820} INFO - Setting next_dagrun for example_sensor_decorator to None, run_after=None
[2025-03-24T23:38:12.491+0000] {processor.py:183} INFO - Processing /home/airflow/.local/lib/python3.8/site-packages/airflow/example_dags/example_sensor_decorator.py took 0.037 seconds
[2025-03-24T23:38:43.202+0000] {processor.py:161} INFO - Started process (PID=1596) to work on /home/airflow/.local/lib/python3.8/site-packages/airflow/example_dags/example_sensor_decorator.py
[2025-03-24T23:38:43.203+0000] {processor.py:830} INFO - Processing file /home/airflow/.local/lib/python3.8/site-packages/airflow/example_dags/example_sensor_decorator.py for tasks to queue
[2025-03-24T23:38:43.204+0000] {logging_mixin.py:188} INFO - [2025-03-24T23:38:43.204+0000] {dagbag.py:538} INFO - Filling up the DagBag from /home/airflow/.local/lib/python3.8/site-packages/airflow/example_dags/example_sensor_decorator.py
[2025-03-24T23:38:43.208+0000] {processor.py:840} INFO - DAG(s) 'example_sensor_decorator' retrieved from /home/airflow/.local/lib/python3.8/site-packages/airflow/example_dags/example_sensor_decorator.py
[2025-03-24T23:38:43.219+0000] {logging_mixin.py:188} INFO - [2025-03-24T23:38:43.219+0000] {dag.py:3033} INFO - Sync 1 DAGs
[2025-03-24T23:38:43.225+0000] {logging_mixin.py:188} INFO - [2025-03-24T23:38:43.225+0000] {dag.py:3820} INFO - Setting next_dagrun for example_sensor_decorator to None, run_after=None
[2025-03-24T23:38:43.236+0000] {processor.py:183} INFO - Processing /home/airflow/.local/lib/python3.8/site-packages/airflow/example_dags/example_sensor_decorator.py took 0.037 seconds
[2025-03-24T23:39:14.001+0000] {processor.py:161} INFO - Started process (PID=1651) to work on /home/airflow/.local/lib/python3.8/site-packages/airflow/example_dags/example_sensor_decorator.py
[2025-03-24T23:39:14.001+0000] {processor.py:830} INFO - Processing file /home/airflow/.local/lib/python3.8/site-packages/airflow/example_dags/example_sensor_decorator.py for tasks to queue
[2025-03-24T23:39:14.003+0000] {logging_mixin.py:188} INFO - [2025-03-24T23:39:14.003+0000] {dagbag.py:538} INFO - Filling up the DagBag from /home/airflow/.local/lib/python3.8/site-packages/airflow/example_dags/example_sensor_decorator.py
[2025-03-24T23:39:14.006+0000] {processor.py:840} INFO - DAG(s) 'example_sensor_decorator' retrieved from /home/airflow/.local/lib/python3.8/site-packages/airflow/example_dags/example_sensor_decorator.py
[2025-03-24T23:39:14.018+0000] {logging_mixin.py:188} INFO - [2025-03-24T23:39:14.018+0000] {dag.py:3033} INFO - Sync 1 DAGs
[2025-03-24T23:39:14.024+0000] {logging_mixin.py:188} INFO - [2025-03-24T23:39:14.024+0000] {dag.py:3820} INFO - Setting next_dagrun for example_sensor_decorator to None, run_after=None
[2025-03-24T23:39:14.033+0000] {processor.py:183} INFO - Processing /home/airflow/.local/lib/python3.8/site-packages/airflow/example_dags/example_sensor_decorator.py took 0.035 seconds
[2025-03-24T23:39:44.915+0000] {processor.py:161} INFO - Started process (PID=1706) to work on /home/airflow/.local/lib/python3.8/site-packages/airflow/example_dags/example_sensor_decorator.py
[2025-03-24T23:39:44.917+0000] {processor.py:830} INFO - Processing file /home/airflow/.local/lib/python3.8/site-packages/airflow/example_dags/example_sensor_decorator.py for tasks to queue
[2025-03-24T23:39:44.918+0000] {logging_mixin.py:188} INFO - [2025-03-24T23:39:44.918+0000] {dagbag.py:538} INFO - Filling up the DagBag from /home/airflow/.local/lib/python3.8/site-packages/airflow/example_dags/example_sensor_decorator.py
[2025-03-24T23:39:44.923+0000] {processor.py:840} INFO - DAG(s) 'example_sensor_decorator' retrieved from /home/airflow/.local/lib/python3.8/site-packages/airflow/example_dags/example_sensor_decorator.py
[2025-03-24T23:39:44.934+0000] {logging_mixin.py:188} INFO - [2025-03-24T23:39:44.934+0000] {dag.py:3033} INFO - Sync 1 DAGs
[2025-03-24T23:39:44.941+0000] {logging_mixin.py:188} INFO - [2025-03-24T23:39:44.941+0000] {dag.py:3820} INFO - Setting next_dagrun for example_sensor_decorator to None, run_after=None
[2025-03-24T23:39:44.950+0000] {processor.py:183} INFO - Processing /home/airflow/.local/lib/python3.8/site-packages/airflow/example_dags/example_sensor_decorator.py took 0.038 seconds
[2025-03-24T23:40:15.547+0000] {processor.py:161} INFO - Started process (PID=1761) to work on /home/airflow/.local/lib/python3.8/site-packages/airflow/example_dags/example_sensor_decorator.py
[2025-03-24T23:40:15.549+0000] {processor.py:830} INFO - Processing file /home/airflow/.local/lib/python3.8/site-packages/airflow/example_dags/example_sensor_decorator.py for tasks to queue
[2025-03-24T23:40:15.550+0000] {logging_mixin.py:188} INFO - [2025-03-24T23:40:15.550+0000] {dagbag.py:538} INFO - Filling up the DagBag from /home/airflow/.local/lib/python3.8/site-packages/airflow/example_dags/example_sensor_decorator.py
[2025-03-24T23:40:15.555+0000] {processor.py:840} INFO - DAG(s) 'example_sensor_decorator' retrieved from /home/airflow/.local/lib/python3.8/site-packages/airflow/example_dags/example_sensor_decorator.py
[2025-03-24T23:40:15.567+0000] {logging_mixin.py:188} INFO - [2025-03-24T23:40:15.567+0000] {dag.py:3033} INFO - Sync 1 DAGs
[2025-03-24T23:40:15.574+0000] {logging_mixin.py:188} INFO - [2025-03-24T23:40:15.573+0000] {dag.py:3820} INFO - Setting next_dagrun for example_sensor_decorator to None, run_after=None
[2025-03-24T23:40:15.582+0000] {processor.py:183} INFO - Processing /home/airflow/.local/lib/python3.8/site-packages/airflow/example_dags/example_sensor_decorator.py took 0.037 seconds
[2025-03-24T23:40:46.169+0000] {processor.py:161} INFO - Started process (PID=1816) to work on /home/airflow/.local/lib/python3.8/site-packages/airflow/example_dags/example_sensor_decorator.py
[2025-03-24T23:40:46.171+0000] {processor.py:830} INFO - Processing file /home/airflow/.local/lib/python3.8/site-packages/airflow/example_dags/example_sensor_decorator.py for tasks to queue
[2025-03-24T23:40:46.172+0000] {logging_mixin.py:188} INFO - [2025-03-24T23:40:46.172+0000] {dagbag.py:538} INFO - Filling up the DagBag from /home/airflow/.local/lib/python3.8/site-packages/airflow/example_dags/example_sensor_decorator.py
[2025-03-24T23:40:46.177+0000] {processor.py:840} INFO - DAG(s) 'example_sensor_decorator' retrieved from /home/airflow/.local/lib/python3.8/site-packages/airflow/example_dags/example_sensor_decorator.py
[2025-03-24T23:40:46.187+0000] {logging_mixin.py:188} INFO - [2025-03-24T23:40:46.187+0000] {dag.py:3033} INFO - Sync 1 DAGs
[2025-03-24T23:40:46.193+0000] {logging_mixin.py:188} INFO - [2025-03-24T23:40:46.193+0000] {dag.py:3820} INFO - Setting next_dagrun for example_sensor_decorator to None, run_after=None
[2025-03-24T23:40:46.202+0000] {processor.py:183} INFO - Processing /home/airflow/.local/lib/python3.8/site-packages/airflow/example_dags/example_sensor_decorator.py took 0.035 seconds
[2025-03-24T23:41:16.699+0000] {processor.py:161} INFO - Started process (PID=1871) to work on /home/airflow/.local/lib/python3.8/site-packages/airflow/example_dags/example_sensor_decorator.py
[2025-03-24T23:41:16.700+0000] {processor.py:830} INFO - Processing file /home/airflow/.local/lib/python3.8/site-packages/airflow/example_dags/example_sensor_decorator.py for tasks to queue
[2025-03-24T23:41:16.701+0000] {logging_mixin.py:188} INFO - [2025-03-24T23:41:16.701+0000] {dagbag.py:538} INFO - Filling up the DagBag from /home/airflow/.local/lib/python3.8/site-packages/airflow/example_dags/example_sensor_decorator.py
[2025-03-24T23:41:16.705+0000] {processor.py:840} INFO - DAG(s) 'example_sensor_decorator' retrieved from /home/airflow/.local/lib/python3.8/site-packages/airflow/example_dags/example_sensor_decorator.py
[2025-03-24T23:41:16.717+0000] {logging_mixin.py:188} INFO - [2025-03-24T23:41:16.716+0000] {dag.py:3033} INFO - Sync 1 DAGs
[2025-03-24T23:41:16.723+0000] {logging_mixin.py:188} INFO - [2025-03-24T23:41:16.723+0000] {dag.py:3820} INFO - Setting next_dagrun for example_sensor_decorator to None, run_after=None
[2025-03-24T23:41:16.731+0000] {processor.py:183} INFO - Processing /home/airflow/.local/lib/python3.8/site-packages/airflow/example_dags/example_sensor_decorator.py took 0.034 seconds
[2025-03-24T23:41:47.340+0000] {processor.py:161} INFO - Started process (PID=1926) to work on /home/airflow/.local/lib/python3.8/site-packages/airflow/example_dags/example_sensor_decorator.py
[2025-03-24T23:41:47.341+0000] {processor.py:830} INFO - Processing file /home/airflow/.local/lib/python3.8/site-packages/airflow/example_dags/example_sensor_decorator.py for tasks to queue
[2025-03-24T23:41:47.342+0000] {logging_mixin.py:188} INFO - [2025-03-24T23:41:47.342+0000] {dagbag.py:538} INFO - Filling up the DagBag from /home/airflow/.local/lib/python3.8/site-packages/airflow/example_dags/example_sensor_decorator.py
[2025-03-24T23:41:47.346+0000] {processor.py:840} INFO - DAG(s) 'example_sensor_decorator' retrieved from /home/airflow/.local/lib/python3.8/site-packages/airflow/example_dags/example_sensor_decorator.py
[2025-03-24T23:41:47.356+0000] {logging_mixin.py:188} INFO - [2025-03-24T23:41:47.356+0000] {dag.py:3033} INFO - Sync 1 DAGs
[2025-03-24T23:41:47.362+0000] {logging_mixin.py:188} INFO - [2025-03-24T23:41:47.362+0000] {dag.py:3820} INFO - Setting next_dagrun for example_sensor_decorator to None, run_after=None
[2025-03-24T23:41:47.373+0000] {processor.py:183} INFO - Processing /home/airflow/.local/lib/python3.8/site-packages/airflow/example_dags/example_sensor_decorator.py took 0.035 seconds
[2025-03-24T23:42:17.955+0000] {processor.py:161} INFO - Started process (PID=1981) to work on /home/airflow/.local/lib/python3.8/site-packages/airflow/example_dags/example_sensor_decorator.py
[2025-03-24T23:42:17.956+0000] {processor.py:830} INFO - Processing file /home/airflow/.local/lib/python3.8/site-packages/airflow/example_dags/example_sensor_decorator.py for tasks to queue
[2025-03-24T23:42:17.957+0000] {logging_mixin.py:188} INFO - [2025-03-24T23:42:17.957+0000] {dagbag.py:538} INFO - Filling up the DagBag from /home/airflow/.local/lib/python3.8/site-packages/airflow/example_dags/example_sensor_decorator.py
[2025-03-24T23:42:17.962+0000] {processor.py:840} INFO - DAG(s) 'example_sensor_decorator' retrieved from /home/airflow/.local/lib/python3.8/site-packages/airflow/example_dags/example_sensor_decorator.py
[2025-03-24T23:42:17.972+0000] {logging_mixin.py:188} INFO - [2025-03-24T23:42:17.972+0000] {dag.py:3033} INFO - Sync 1 DAGs
[2025-03-24T23:42:17.978+0000] {logging_mixin.py:188} INFO - [2025-03-24T23:42:17.978+0000] {dag.py:3820} INFO - Setting next_dagrun for example_sensor_decorator to None, run_after=None
[2025-03-24T23:42:17.987+0000] {processor.py:183} INFO - Processing /home/airflow/.local/lib/python3.8/site-packages/airflow/example_dags/example_sensor_decorator.py took 0.035 seconds
[2025-03-24T23:42:48.500+0000] {processor.py:161} INFO - Started process (PID=2036) to work on /home/airflow/.local/lib/python3.8/site-packages/airflow/example_dags/example_sensor_decorator.py
[2025-03-24T23:42:48.501+0000] {processor.py:830} INFO - Processing file /home/airflow/.local/lib/python3.8/site-packages/airflow/example_dags/example_sensor_decorator.py for tasks to queue
[2025-03-24T23:42:48.502+0000] {logging_mixin.py:188} INFO - [2025-03-24T23:42:48.502+0000] {dagbag.py:538} INFO - Filling up the DagBag from /home/airflow/.local/lib/python3.8/site-packages/airflow/example_dags/example_sensor_decorator.py
[2025-03-24T23:42:48.505+0000] {processor.py:840} INFO - DAG(s) 'example_sensor_decorator' retrieved from /home/airflow/.local/lib/python3.8/site-packages/airflow/example_dags/example_sensor_decorator.py
[2025-03-24T23:42:48.516+0000] {logging_mixin.py:188} INFO - [2025-03-24T23:42:48.516+0000] {dag.py:3033} INFO - Sync 1 DAGs
[2025-03-24T23:42:48.526+0000] {logging_mixin.py:188} INFO - [2025-03-24T23:42:48.526+0000] {dag.py:3820} INFO - Setting next_dagrun for example_sensor_decorator to None, run_after=None
[2025-03-24T23:42:48.533+0000] {processor.py:183} INFO - Processing /home/airflow/.local/lib/python3.8/site-packages/airflow/example_dags/example_sensor_decorator.py took 0.035 seconds
[2025-03-24T23:43:18.938+0000] {processor.py:161} INFO - Started process (PID=2091) to work on /home/airflow/.local/lib/python3.8/site-packages/airflow/example_dags/example_sensor_decorator.py
[2025-03-24T23:43:18.939+0000] {processor.py:830} INFO - Processing file /home/airflow/.local/lib/python3.8/site-packages/airflow/example_dags/example_sensor_decorator.py for tasks to queue
[2025-03-24T23:43:18.941+0000] {logging_mixin.py:188} INFO - [2025-03-24T23:43:18.941+0000] {dagbag.py:538} INFO - Filling up the DagBag from /home/airflow/.local/lib/python3.8/site-packages/airflow/example_dags/example_sensor_decorator.py
[2025-03-24T23:43:18.949+0000] {processor.py:840} INFO - DAG(s) 'example_sensor_decorator' retrieved from /home/airflow/.local/lib/python3.8/site-packages/airflow/example_dags/example_sensor_decorator.py
[2025-03-24T23:43:18.961+0000] {logging_mixin.py:188} INFO - [2025-03-24T23:43:18.961+0000] {dag.py:3033} INFO - Sync 1 DAGs
[2025-03-24T23:43:18.967+0000] {logging_mixin.py:188} INFO - [2025-03-24T23:43:18.967+0000] {dag.py:3820} INFO - Setting next_dagrun for example_sensor_decorator to None, run_after=None
[2025-03-24T23:43:18.979+0000] {processor.py:183} INFO - Processing /home/airflow/.local/lib/python3.8/site-packages/airflow/example_dags/example_sensor_decorator.py took 0.044 seconds
[2025-03-24T23:43:49.631+0000] {processor.py:161} INFO - Started process (PID=2146) to work on /home/airflow/.local/lib/python3.8/site-packages/airflow/example_dags/example_sensor_decorator.py
[2025-03-24T23:43:49.632+0000] {processor.py:830} INFO - Processing file /home/airflow/.local/lib/python3.8/site-packages/airflow/example_dags/example_sensor_decorator.py for tasks to queue
[2025-03-24T23:43:49.633+0000] {logging_mixin.py:188} INFO - [2025-03-24T23:43:49.633+0000] {dagbag.py:538} INFO - Filling up the DagBag from /home/airflow/.local/lib/python3.8/site-packages/airflow/example_dags/example_sensor_decorator.py
[2025-03-24T23:43:49.637+0000] {processor.py:840} INFO - DAG(s) 'example_sensor_decorator' retrieved from /home/airflow/.local/lib/python3.8/site-packages/airflow/example_dags/example_sensor_decorator.py
[2025-03-24T23:43:49.650+0000] {logging_mixin.py:188} INFO - [2025-03-24T23:43:49.650+0000] {dag.py:3033} INFO - Sync 1 DAGs
[2025-03-24T23:43:49.657+0000] {logging_mixin.py:188} INFO - [2025-03-24T23:43:49.657+0000] {dag.py:3820} INFO - Setting next_dagrun for example_sensor_decorator to None, run_after=None
[2025-03-24T23:43:49.665+0000] {processor.py:183} INFO - Processing /home/airflow/.local/lib/python3.8/site-packages/airflow/example_dags/example_sensor_decorator.py took 0.037 seconds
[2025-03-24T23:44:20.312+0000] {processor.py:161} INFO - Started process (PID=2201) to work on /home/airflow/.local/lib/python3.8/site-packages/airflow/example_dags/example_sensor_decorator.py
[2025-03-24T23:44:20.312+0000] {processor.py:830} INFO - Processing file /home/airflow/.local/lib/python3.8/site-packages/airflow/example_dags/example_sensor_decorator.py for tasks to queue
[2025-03-24T23:44:20.314+0000] {logging_mixin.py:188} INFO - [2025-03-24T23:44:20.313+0000] {dagbag.py:538} INFO - Filling up the DagBag from /home/airflow/.local/lib/python3.8/site-packages/airflow/example_dags/example_sensor_decorator.py
[2025-03-24T23:44:20.317+0000] {processor.py:840} INFO - DAG(s) 'example_sensor_decorator' retrieved from /home/airflow/.local/lib/python3.8/site-packages/airflow/example_dags/example_sensor_decorator.py
[2025-03-24T23:44:20.329+0000] {logging_mixin.py:188} INFO - [2025-03-24T23:44:20.329+0000] {dag.py:3033} INFO - Sync 1 DAGs
[2025-03-24T23:44:20.335+0000] {logging_mixin.py:188} INFO - [2025-03-24T23:44:20.335+0000] {dag.py:3820} INFO - Setting next_dagrun for example_sensor_decorator to None, run_after=None
[2025-03-24T23:44:20.349+0000] {processor.py:183} INFO - Processing /home/airflow/.local/lib/python3.8/site-packages/airflow/example_dags/example_sensor_decorator.py took 0.039 seconds
[2025-03-24T23:44:50.994+0000] {processor.py:161} INFO - Started process (PID=2256) to work on /home/airflow/.local/lib/python3.8/site-packages/airflow/example_dags/example_sensor_decorator.py
[2025-03-24T23:44:50.995+0000] {processor.py:830} INFO - Processing file /home/airflow/.local/lib/python3.8/site-packages/airflow/example_dags/example_sensor_decorator.py for tasks to queue
[2025-03-24T23:44:50.996+0000] {logging_mixin.py:188} INFO - [2025-03-24T23:44:50.996+0000] {dagbag.py:538} INFO - Filling up the DagBag from /home/airflow/.local/lib/python3.8/site-packages/airflow/example_dags/example_sensor_decorator.py
[2025-03-24T23:44:50.999+0000] {processor.py:840} INFO - DAG(s) 'example_sensor_decorator' retrieved from /home/airflow/.local/lib/python3.8/site-packages/airflow/example_dags/example_sensor_decorator.py
[2025-03-24T23:44:51.009+0000] {logging_mixin.py:188} INFO - [2025-03-24T23:44:51.009+0000] {dag.py:3033} INFO - Sync 1 DAGs
[2025-03-24T23:44:51.015+0000] {logging_mixin.py:188} INFO - [2025-03-24T23:44:51.015+0000] {dag.py:3820} INFO - Setting next_dagrun for example_sensor_decorator to None, run_after=None
[2025-03-24T23:44:51.022+0000] {processor.py:183} INFO - Processing /home/airflow/.local/lib/python3.8/site-packages/airflow/example_dags/example_sensor_decorator.py took 0.030 seconds
[2025-03-24T23:45:21.515+0000] {processor.py:161} INFO - Started process (PID=2311) to work on /home/airflow/.local/lib/python3.8/site-packages/airflow/example_dags/example_sensor_decorator.py
[2025-03-24T23:45:21.516+0000] {processor.py:830} INFO - Processing file /home/airflow/.local/lib/python3.8/site-packages/airflow/example_dags/example_sensor_decorator.py for tasks to queue
[2025-03-24T23:45:21.517+0000] {logging_mixin.py:188} INFO - [2025-03-24T23:45:21.517+0000] {dagbag.py:538} INFO - Filling up the DagBag from /home/airflow/.local/lib/python3.8/site-packages/airflow/example_dags/example_sensor_decorator.py
[2025-03-24T23:45:21.520+0000] {processor.py:840} INFO - DAG(s) 'example_sensor_decorator' retrieved from /home/airflow/.local/lib/python3.8/site-packages/airflow/example_dags/example_sensor_decorator.py
[2025-03-24T23:45:21.530+0000] {logging_mixin.py:188} INFO - [2025-03-24T23:45:21.530+0000] {dag.py:3033} INFO - Sync 1 DAGs
[2025-03-24T23:45:21.535+0000] {logging_mixin.py:188} INFO - [2025-03-24T23:45:21.535+0000] {dag.py:3820} INFO - Setting next_dagrun for example_sensor_decorator to None, run_after=None
[2025-03-24T23:45:21.542+0000] {processor.py:183} INFO - Processing /home/airflow/.local/lib/python3.8/site-packages/airflow/example_dags/example_sensor_decorator.py took 0.028 seconds
[2025-03-24T23:45:52.162+0000] {processor.py:161} INFO - Started process (PID=2365) to work on /home/airflow/.local/lib/python3.8/site-packages/airflow/example_dags/example_sensor_decorator.py
[2025-03-24T23:45:52.163+0000] {processor.py:830} INFO - Processing file /home/airflow/.local/lib/python3.8/site-packages/airflow/example_dags/example_sensor_decorator.py for tasks to queue
[2025-03-24T23:45:52.164+0000] {logging_mixin.py:188} INFO - [2025-03-24T23:45:52.164+0000] {dagbag.py:538} INFO - Filling up the DagBag from /home/airflow/.local/lib/python3.8/site-packages/airflow/example_dags/example_sensor_decorator.py
[2025-03-24T23:45:52.167+0000] {processor.py:840} INFO - DAG(s) 'example_sensor_decorator' retrieved from /home/airflow/.local/lib/python3.8/site-packages/airflow/example_dags/example_sensor_decorator.py
[2025-03-24T23:45:52.178+0000] {logging_mixin.py:188} INFO - [2025-03-24T23:45:52.178+0000] {dag.py:3033} INFO - Sync 1 DAGs
[2025-03-24T23:45:52.185+0000] {logging_mixin.py:188} INFO - [2025-03-24T23:45:52.185+0000] {dag.py:3820} INFO - Setting next_dagrun for example_sensor_decorator to None, run_after=None
[2025-03-24T23:45:52.194+0000] {processor.py:183} INFO - Processing /home/airflow/.local/lib/python3.8/site-packages/airflow/example_dags/example_sensor_decorator.py took 0.033 seconds
[2025-03-24T23:46:22.842+0000] {processor.py:161} INFO - Started process (PID=2420) to work on /home/airflow/.local/lib/python3.8/site-packages/airflow/example_dags/example_sensor_decorator.py
[2025-03-24T23:46:22.843+0000] {processor.py:830} INFO - Processing file /home/airflow/.local/lib/python3.8/site-packages/airflow/example_dags/example_sensor_decorator.py for tasks to queue
[2025-03-24T23:46:22.843+0000] {logging_mixin.py:188} INFO - [2025-03-24T23:46:22.843+0000] {dagbag.py:538} INFO - Filling up the DagBag from /home/airflow/.local/lib/python3.8/site-packages/airflow/example_dags/example_sensor_decorator.py
[2025-03-24T23:46:22.846+0000] {processor.py:840} INFO - DAG(s) 'example_sensor_decorator' retrieved from /home/airflow/.local/lib/python3.8/site-packages/airflow/example_dags/example_sensor_decorator.py
[2025-03-24T23:46:22.857+0000] {logging_mixin.py:188} INFO - [2025-03-24T23:46:22.857+0000] {dag.py:3033} INFO - Sync 1 DAGs
[2025-03-24T23:46:22.863+0000] {logging_mixin.py:188} INFO - [2025-03-24T23:46:22.863+0000] {dag.py:3820} INFO - Setting next_dagrun for example_sensor_decorator to None, run_after=None
[2025-03-24T23:46:22.871+0000] {processor.py:183} INFO - Processing /home/airflow/.local/lib/python3.8/site-packages/airflow/example_dags/example_sensor_decorator.py took 0.031 seconds
[2025-03-24T23:46:53.789+0000] {processor.py:161} INFO - Started process (PID=2475) to work on /home/airflow/.local/lib/python3.8/site-packages/airflow/example_dags/example_sensor_decorator.py
[2025-03-24T23:46:53.791+0000] {processor.py:830} INFO - Processing file /home/airflow/.local/lib/python3.8/site-packages/airflow/example_dags/example_sensor_decorator.py for tasks to queue
[2025-03-24T23:46:53.792+0000] {logging_mixin.py:188} INFO - [2025-03-24T23:46:53.792+0000] {dagbag.py:538} INFO - Filling up the DagBag from /home/airflow/.local/lib/python3.8/site-packages/airflow/example_dags/example_sensor_decorator.py
[2025-03-24T23:46:53.795+0000] {processor.py:840} INFO - DAG(s) 'example_sensor_decorator' retrieved from /home/airflow/.local/lib/python3.8/site-packages/airflow/example_dags/example_sensor_decorator.py
[2025-03-24T23:46:53.805+0000] {logging_mixin.py:188} INFO - [2025-03-24T23:46:53.805+0000] {dag.py:3033} INFO - Sync 1 DAGs
[2025-03-24T23:46:53.811+0000] {logging_mixin.py:188} INFO - [2025-03-24T23:46:53.811+0000] {dag.py:3820} INFO - Setting next_dagrun for example_sensor_decorator to None, run_after=None
[2025-03-24T23:46:53.818+0000] {processor.py:183} INFO - Processing /home/airflow/.local/lib/python3.8/site-packages/airflow/example_dags/example_sensor_decorator.py took 0.031 seconds
[2025-03-24T23:47:23.930+0000] {processor.py:161} INFO - Started process (PID=2530) to work on /home/airflow/.local/lib/python3.8/site-packages/airflow/example_dags/example_sensor_decorator.py
[2025-03-24T23:47:23.933+0000] {processor.py:830} INFO - Processing file /home/airflow/.local/lib/python3.8/site-packages/airflow/example_dags/example_sensor_decorator.py for tasks to queue
[2025-03-24T23:47:23.934+0000] {logging_mixin.py:188} INFO - [2025-03-24T23:47:23.934+0000] {dagbag.py:538} INFO - Filling up the DagBag from /home/airflow/.local/lib/python3.8/site-packages/airflow/example_dags/example_sensor_decorator.py
[2025-03-24T23:47:23.938+0000] {processor.py:840} INFO - DAG(s) 'example_sensor_decorator' retrieved from /home/airflow/.local/lib/python3.8/site-packages/airflow/example_dags/example_sensor_decorator.py
[2025-03-24T23:47:23.951+0000] {logging_mixin.py:188} INFO - [2025-03-24T23:47:23.951+0000] {dag.py:3033} INFO - Sync 1 DAGs
[2025-03-24T23:47:23.958+0000] {logging_mixin.py:188} INFO - [2025-03-24T23:47:23.958+0000] {dag.py:3820} INFO - Setting next_dagrun for example_sensor_decorator to None, run_after=None
[2025-03-24T23:47:23.969+0000] {processor.py:183} INFO - Processing /home/airflow/.local/lib/python3.8/site-packages/airflow/example_dags/example_sensor_decorator.py took 0.041 seconds
[2025-03-24T23:47:54.804+0000] {processor.py:161} INFO - Started process (PID=2585) to work on /home/airflow/.local/lib/python3.8/site-packages/airflow/example_dags/example_sensor_decorator.py
[2025-03-24T23:47:54.805+0000] {processor.py:830} INFO - Processing file /home/airflow/.local/lib/python3.8/site-packages/airflow/example_dags/example_sensor_decorator.py for tasks to queue
[2025-03-24T23:47:54.806+0000] {logging_mixin.py:188} INFO - [2025-03-24T23:47:54.806+0000] {dagbag.py:538} INFO - Filling up the DagBag from /home/airflow/.local/lib/python3.8/site-packages/airflow/example_dags/example_sensor_decorator.py
[2025-03-24T23:47:54.809+0000] {processor.py:840} INFO - DAG(s) 'example_sensor_decorator' retrieved from /home/airflow/.local/lib/python3.8/site-packages/airflow/example_dags/example_sensor_decorator.py
[2025-03-24T23:47:54.821+0000] {logging_mixin.py:188} INFO - [2025-03-24T23:47:54.821+0000] {dag.py:3033} INFO - Sync 1 DAGs
[2025-03-24T23:47:54.828+0000] {logging_mixin.py:188} INFO - [2025-03-24T23:47:54.828+0000] {dag.py:3820} INFO - Setting next_dagrun for example_sensor_decorator to None, run_after=None
[2025-03-24T23:47:54.920+0000] {processor.py:183} INFO - Processing /home/airflow/.local/lib/python3.8/site-packages/airflow/example_dags/example_sensor_decorator.py took 0.118 seconds
[2025-03-24T23:48:25.831+0000] {processor.py:161} INFO - Started process (PID=2640) to work on /home/airflow/.local/lib/python3.8/site-packages/airflow/example_dags/example_sensor_decorator.py
[2025-03-24T23:48:25.832+0000] {processor.py:830} INFO - Processing file /home/airflow/.local/lib/python3.8/site-packages/airflow/example_dags/example_sensor_decorator.py for tasks to queue
[2025-03-24T23:48:25.834+0000] {logging_mixin.py:188} INFO - [2025-03-24T23:48:25.834+0000] {dagbag.py:538} INFO - Filling up the DagBag from /home/airflow/.local/lib/python3.8/site-packages/airflow/example_dags/example_sensor_decorator.py
[2025-03-24T23:48:25.838+0000] {processor.py:840} INFO - DAG(s) 'example_sensor_decorator' retrieved from /home/airflow/.local/lib/python3.8/site-packages/airflow/example_dags/example_sensor_decorator.py
[2025-03-24T23:48:25.852+0000] {logging_mixin.py:188} INFO - [2025-03-24T23:48:25.851+0000] {dag.py:3033} INFO - Sync 1 DAGs
[2025-03-24T23:48:25.859+0000] {logging_mixin.py:188} INFO - [2025-03-24T23:48:25.858+0000] {dag.py:3820} INFO - Setting next_dagrun for example_sensor_decorator to None, run_after=None
[2025-03-24T23:48:25.868+0000] {processor.py:183} INFO - Processing /home/airflow/.local/lib/python3.8/site-packages/airflow/example_dags/example_sensor_decorator.py took 0.039 seconds
[2025-03-24T23:48:56.577+0000] {processor.py:161} INFO - Started process (PID=2695) to work on /home/airflow/.local/lib/python3.8/site-packages/airflow/example_dags/example_sensor_decorator.py
[2025-03-24T23:48:56.578+0000] {processor.py:830} INFO - Processing file /home/airflow/.local/lib/python3.8/site-packages/airflow/example_dags/example_sensor_decorator.py for tasks to queue
[2025-03-24T23:48:56.580+0000] {logging_mixin.py:188} INFO - [2025-03-24T23:48:56.580+0000] {dagbag.py:538} INFO - Filling up the DagBag from /home/airflow/.local/lib/python3.8/site-packages/airflow/example_dags/example_sensor_decorator.py
[2025-03-24T23:48:56.584+0000] {processor.py:840} INFO - DAG(s) 'example_sensor_decorator' retrieved from /home/airflow/.local/lib/python3.8/site-packages/airflow/example_dags/example_sensor_decorator.py
[2025-03-24T23:48:56.599+0000] {logging_mixin.py:188} INFO - [2025-03-24T23:48:56.599+0000] {dag.py:3033} INFO - Sync 1 DAGs
[2025-03-24T23:48:56.607+0000] {logging_mixin.py:188} INFO - [2025-03-24T23:48:56.607+0000] {dag.py:3820} INFO - Setting next_dagrun for example_sensor_decorator to None, run_after=None
[2025-03-24T23:48:56.615+0000] {processor.py:183} INFO - Processing /home/airflow/.local/lib/python3.8/site-packages/airflow/example_dags/example_sensor_decorator.py took 0.041 seconds
[2025-03-24T23:49:27.540+0000] {processor.py:161} INFO - Started process (PID=2750) to work on /home/airflow/.local/lib/python3.8/site-packages/airflow/example_dags/example_sensor_decorator.py
[2025-03-24T23:49:27.543+0000] {processor.py:830} INFO - Processing file /home/airflow/.local/lib/python3.8/site-packages/airflow/example_dags/example_sensor_decorator.py for tasks to queue
[2025-03-24T23:49:27.545+0000] {logging_mixin.py:188} INFO - [2025-03-24T23:49:27.545+0000] {dagbag.py:538} INFO - Filling up the DagBag from /home/airflow/.local/lib/python3.8/site-packages/airflow/example_dags/example_sensor_decorator.py
[2025-03-24T23:49:27.549+0000] {processor.py:840} INFO - DAG(s) 'example_sensor_decorator' retrieved from /home/airflow/.local/lib/python3.8/site-packages/airflow/example_dags/example_sensor_decorator.py
[2025-03-24T23:49:27.571+0000] {logging_mixin.py:188} INFO - [2025-03-24T23:49:27.571+0000] {dag.py:3033} INFO - Sync 1 DAGs
[2025-03-24T23:49:27.659+0000] {logging_mixin.py:188} INFO - [2025-03-24T23:49:27.659+0000] {dag.py:3820} INFO - Setting next_dagrun for example_sensor_decorator to None, run_after=None
[2025-03-24T23:49:27.666+0000] {processor.py:183} INFO - Processing /home/airflow/.local/lib/python3.8/site-packages/airflow/example_dags/example_sensor_decorator.py took 0.128 seconds
[2025-03-24T23:49:57.877+0000] {processor.py:161} INFO - Started process (PID=2804) to work on /home/airflow/.local/lib/python3.8/site-packages/airflow/example_dags/example_sensor_decorator.py
[2025-03-24T23:49:57.880+0000] {processor.py:830} INFO - Processing file /home/airflow/.local/lib/python3.8/site-packages/airflow/example_dags/example_sensor_decorator.py for tasks to queue
[2025-03-24T23:49:57.881+0000] {logging_mixin.py:188} INFO - [2025-03-24T23:49:57.881+0000] {dagbag.py:538} INFO - Filling up the DagBag from /home/airflow/.local/lib/python3.8/site-packages/airflow/example_dags/example_sensor_decorator.py
[2025-03-24T23:49:57.885+0000] {processor.py:840} INFO - DAG(s) 'example_sensor_decorator' retrieved from /home/airflow/.local/lib/python3.8/site-packages/airflow/example_dags/example_sensor_decorator.py
[2025-03-24T23:49:57.897+0000] {logging_mixin.py:188} INFO - [2025-03-24T23:49:57.897+0000] {dag.py:3033} INFO - Sync 1 DAGs
[2025-03-24T23:49:57.904+0000] {logging_mixin.py:188} INFO - [2025-03-24T23:49:57.904+0000] {dag.py:3820} INFO - Setting next_dagrun for example_sensor_decorator to None, run_after=None
[2025-03-24T23:49:57.914+0000] {processor.py:183} INFO - Processing /home/airflow/.local/lib/python3.8/site-packages/airflow/example_dags/example_sensor_decorator.py took 0.039 seconds
[2025-03-24T23:50:28.981+0000] {processor.py:161} INFO - Started process (PID=2859) to work on /home/airflow/.local/lib/python3.8/site-packages/airflow/example_dags/example_sensor_decorator.py
[2025-03-24T23:50:28.982+0000] {processor.py:830} INFO - Processing file /home/airflow/.local/lib/python3.8/site-packages/airflow/example_dags/example_sensor_decorator.py for tasks to queue
[2025-03-24T23:50:28.983+0000] {logging_mixin.py:188} INFO - [2025-03-24T23:50:28.983+0000] {dagbag.py:538} INFO - Filling up the DagBag from /home/airflow/.local/lib/python3.8/site-packages/airflow/example_dags/example_sensor_decorator.py
[2025-03-24T23:50:28.988+0000] {processor.py:840} INFO - DAG(s) 'example_sensor_decorator' retrieved from /home/airflow/.local/lib/python3.8/site-packages/airflow/example_dags/example_sensor_decorator.py
[2025-03-24T23:50:29.004+0000] {logging_mixin.py:188} INFO - [2025-03-24T23:50:29.004+0000] {dag.py:3033} INFO - Sync 1 DAGs
[2025-03-24T23:50:29.011+0000] {logging_mixin.py:188} INFO - [2025-03-24T23:50:29.011+0000] {dag.py:3820} INFO - Setting next_dagrun for example_sensor_decorator to None, run_after=None
[2025-03-24T23:50:29.026+0000] {processor.py:183} INFO - Processing /home/airflow/.local/lib/python3.8/site-packages/airflow/example_dags/example_sensor_decorator.py took 0.047 seconds
[2025-03-24T23:51:00.016+0000] {processor.py:161} INFO - Started process (PID=2914) to work on /home/airflow/.local/lib/python3.8/site-packages/airflow/example_dags/example_sensor_decorator.py
[2025-03-24T23:51:00.017+0000] {processor.py:830} INFO - Processing file /home/airflow/.local/lib/python3.8/site-packages/airflow/example_dags/example_sensor_decorator.py for tasks to queue
[2025-03-24T23:51:00.020+0000] {logging_mixin.py:188} INFO - [2025-03-24T23:51:00.020+0000] {dagbag.py:538} INFO - Filling up the DagBag from /home/airflow/.local/lib/python3.8/site-packages/airflow/example_dags/example_sensor_decorator.py
[2025-03-24T23:51:00.025+0000] {processor.py:840} INFO - DAG(s) 'example_sensor_decorator' retrieved from /home/airflow/.local/lib/python3.8/site-packages/airflow/example_dags/example_sensor_decorator.py
[2025-03-24T23:51:00.037+0000] {logging_mixin.py:188} INFO - [2025-03-24T23:51:00.037+0000] {dag.py:3033} INFO - Sync 1 DAGs
[2025-03-24T23:51:00.043+0000] {logging_mixin.py:188} INFO - [2025-03-24T23:51:00.043+0000] {dag.py:3820} INFO - Setting next_dagrun for example_sensor_decorator to None, run_after=None
[2025-03-24T23:51:00.053+0000] {processor.py:183} INFO - Processing /home/airflow/.local/lib/python3.8/site-packages/airflow/example_dags/example_sensor_decorator.py took 0.039 seconds
[2025-03-24T23:51:30.708+0000] {processor.py:161} INFO - Started process (PID=2969) to work on /home/airflow/.local/lib/python3.8/site-packages/airflow/example_dags/example_sensor_decorator.py
[2025-03-24T23:51:30.713+0000] {processor.py:830} INFO - Processing file /home/airflow/.local/lib/python3.8/site-packages/airflow/example_dags/example_sensor_decorator.py for tasks to queue
[2025-03-24T23:51:30.715+0000] {logging_mixin.py:188} INFO - [2025-03-24T23:51:30.715+0000] {dagbag.py:538} INFO - Filling up the DagBag from /home/airflow/.local/lib/python3.8/site-packages/airflow/example_dags/example_sensor_decorator.py
[2025-03-24T23:51:30.721+0000] {processor.py:840} INFO - DAG(s) 'example_sensor_decorator' retrieved from /home/airflow/.local/lib/python3.8/site-packages/airflow/example_dags/example_sensor_decorator.py
[2025-03-24T23:51:30.736+0000] {logging_mixin.py:188} INFO - [2025-03-24T23:51:30.736+0000] {dag.py:3033} INFO - Sync 1 DAGs
[2025-03-24T23:51:30.743+0000] {logging_mixin.py:188} INFO - [2025-03-24T23:51:30.743+0000] {dag.py:3820} INFO - Setting next_dagrun for example_sensor_decorator to None, run_after=None
[2025-03-24T23:51:30.755+0000] {processor.py:183} INFO - Processing /home/airflow/.local/lib/python3.8/site-packages/airflow/example_dags/example_sensor_decorator.py took 0.050 seconds
