[2025-03-24T23:24:25.682+0000] {processor.py:161} INFO - Started process (PID=47) to work on /home/airflow/.local/lib/python3.8/site-packages/airflow/example_dags/example_short_circuit_operator.py
[2025-03-24T23:24:25.683+0000] {processor.py:830} INFO - Processing file /home/airflow/.local/lib/python3.8/site-packages/airflow/example_dags/example_short_circuit_operator.py for tasks to queue
[2025-03-24T23:24:25.685+0000] {logging_mixin.py:188} INFO - [2025-03-24T23:24:25.685+0000] {dagbag.py:538} INFO - Filling up the DagBag from /home/airflow/.local/lib/python3.8/site-packages/airflow/example_dags/example_short_circuit_operator.py
[2025-03-24T23:24:25.691+0000] {processor.py:840} INFO - DAG(s) 'example_short_circuit_operator' retrieved from /home/airflow/.local/lib/python3.8/site-packages/airflow/example_dags/example_short_circuit_operator.py
[2025-03-24T23:24:25.699+0000] {logging_mixin.py:188} INFO - [2025-03-24T23:24:25.699+0000] {dag.py:3033} INFO - Sync 1 DAGs
[2025-03-24T23:24:25.715+0000] {logging_mixin.py:188} INFO - [2025-03-24T23:24:25.715+0000] {dag.py:3820} INFO - Setting next_dagrun for example_short_circuit_operator to 2025-03-23T00:00:00+00:00, run_after=2025-03-24T00:00:00+00:00
[2025-03-24T23:24:25.726+0000] {processor.py:183} INFO - Processing /home/airflow/.local/lib/python3.8/site-packages/airflow/example_dags/example_short_circuit_operator.py took 0.046 seconds
[2025-03-24T23:24:55.845+0000] {processor.py:161} INFO - Started process (PID=102) to work on /home/airflow/.local/lib/python3.8/site-packages/airflow/example_dags/example_short_circuit_operator.py
[2025-03-24T23:24:55.846+0000] {processor.py:830} INFO - Processing file /home/airflow/.local/lib/python3.8/site-packages/airflow/example_dags/example_short_circuit_operator.py for tasks to queue
[2025-03-24T23:24:55.847+0000] {logging_mixin.py:188} INFO - [2025-03-24T23:24:55.847+0000] {dagbag.py:538} INFO - Filling up the DagBag from /home/airflow/.local/lib/python3.8/site-packages/airflow/example_dags/example_short_circuit_operator.py
[2025-03-24T23:24:55.851+0000] {processor.py:840} INFO - DAG(s) 'example_short_circuit_operator' retrieved from /home/airflow/.local/lib/python3.8/site-packages/airflow/example_dags/example_short_circuit_operator.py
[2025-03-24T23:24:55.893+0000] {logging_mixin.py:188} INFO - [2025-03-24T23:24:55.893+0000] {dag.py:3033} INFO - Sync 1 DAGs
[2025-03-24T23:24:55.901+0000] {logging_mixin.py:188} INFO - [2025-03-24T23:24:55.901+0000] {dag.py:3820} INFO - Setting next_dagrun for example_short_circuit_operator to 2025-03-23T00:00:00+00:00, run_after=2025-03-24T00:00:00+00:00
[2025-03-24T23:24:55.911+0000] {processor.py:183} INFO - Processing /home/airflow/.local/lib/python3.8/site-packages/airflow/example_dags/example_short_circuit_operator.py took 0.067 seconds
[2025-03-24T23:25:26.029+0000] {processor.py:161} INFO - Started process (PID=156) to work on /home/airflow/.local/lib/python3.8/site-packages/airflow/example_dags/example_short_circuit_operator.py
[2025-03-24T23:25:26.032+0000] {processor.py:830} INFO - Processing file /home/airflow/.local/lib/python3.8/site-packages/airflow/example_dags/example_short_circuit_operator.py for tasks to queue
[2025-03-24T23:25:26.034+0000] {logging_mixin.py:188} INFO - [2025-03-24T23:25:26.034+0000] {dagbag.py:538} INFO - Filling up the DagBag from /home/airflow/.local/lib/python3.8/site-packages/airflow/example_dags/example_short_circuit_operator.py
[2025-03-24T23:25:26.038+0000] {processor.py:840} INFO - DAG(s) 'example_short_circuit_operator' retrieved from /home/airflow/.local/lib/python3.8/site-packages/airflow/example_dags/example_short_circuit_operator.py
[2025-03-24T23:25:26.054+0000] {logging_mixin.py:188} INFO - [2025-03-24T23:25:26.054+0000] {dag.py:3033} INFO - Sync 1 DAGs
[2025-03-24T23:25:26.065+0000] {logging_mixin.py:188} INFO - [2025-03-24T23:25:26.065+0000] {dag.py:3820} INFO - Setting next_dagrun for example_short_circuit_operator to 2025-03-23T00:00:00+00:00, run_after=2025-03-24T00:00:00+00:00
[2025-03-24T23:25:26.075+0000] {processor.py:183} INFO - Processing /home/airflow/.local/lib/python3.8/site-packages/airflow/example_dags/example_short_circuit_operator.py took 0.048 seconds
[2025-03-24T23:25:56.712+0000] {processor.py:161} INFO - Started process (PID=212) to work on /home/airflow/.local/lib/python3.8/site-packages/airflow/example_dags/example_short_circuit_operator.py
[2025-03-24T23:25:56.713+0000] {processor.py:830} INFO - Processing file /home/airflow/.local/lib/python3.8/site-packages/airflow/example_dags/example_short_circuit_operator.py for tasks to queue
[2025-03-24T23:25:56.714+0000] {logging_mixin.py:188} INFO - [2025-03-24T23:25:56.714+0000] {dagbag.py:538} INFO - Filling up the DagBag from /home/airflow/.local/lib/python3.8/site-packages/airflow/example_dags/example_short_circuit_operator.py
[2025-03-24T23:25:56.717+0000] {processor.py:840} INFO - DAG(s) 'example_short_circuit_operator' retrieved from /home/airflow/.local/lib/python3.8/site-packages/airflow/example_dags/example_short_circuit_operator.py
[2025-03-24T23:25:56.728+0000] {logging_mixin.py:188} INFO - [2025-03-24T23:25:56.728+0000] {dag.py:3033} INFO - Sync 1 DAGs
[2025-03-24T23:25:56.737+0000] {logging_mixin.py:188} INFO - [2025-03-24T23:25:56.737+0000] {dag.py:3820} INFO - Setting next_dagrun for example_short_circuit_operator to 2025-03-23T00:00:00+00:00, run_after=2025-03-24T00:00:00+00:00
[2025-03-24T23:25:56.747+0000] {processor.py:183} INFO - Processing /home/airflow/.local/lib/python3.8/site-packages/airflow/example_dags/example_short_circuit_operator.py took 0.036 seconds
[2025-03-24T23:26:27.367+0000] {processor.py:161} INFO - Started process (PID=267) to work on /home/airflow/.local/lib/python3.8/site-packages/airflow/example_dags/example_short_circuit_operator.py
[2025-03-24T23:26:27.368+0000] {processor.py:830} INFO - Processing file /home/airflow/.local/lib/python3.8/site-packages/airflow/example_dags/example_short_circuit_operator.py for tasks to queue
[2025-03-24T23:26:27.370+0000] {logging_mixin.py:188} INFO - [2025-03-24T23:26:27.370+0000] {dagbag.py:538} INFO - Filling up the DagBag from /home/airflow/.local/lib/python3.8/site-packages/airflow/example_dags/example_short_circuit_operator.py
[2025-03-24T23:26:27.375+0000] {processor.py:840} INFO - DAG(s) 'example_short_circuit_operator' retrieved from /home/airflow/.local/lib/python3.8/site-packages/airflow/example_dags/example_short_circuit_operator.py
[2025-03-24T23:26:27.386+0000] {logging_mixin.py:188} INFO - [2025-03-24T23:26:27.386+0000] {dag.py:3033} INFO - Sync 1 DAGs
[2025-03-24T23:26:27.396+0000] {logging_mixin.py:188} INFO - [2025-03-24T23:26:27.396+0000] {dag.py:3820} INFO - Setting next_dagrun for example_short_circuit_operator to 2025-03-23T00:00:00+00:00, run_after=2025-03-24T00:00:00+00:00
[2025-03-24T23:26:27.406+0000] {processor.py:183} INFO - Processing /home/airflow/.local/lib/python3.8/site-packages/airflow/example_dags/example_short_circuit_operator.py took 0.041 seconds
[2025-03-24T23:26:58.033+0000] {processor.py:161} INFO - Started process (PID=322) to work on /home/airflow/.local/lib/python3.8/site-packages/airflow/example_dags/example_short_circuit_operator.py
[2025-03-24T23:26:58.034+0000] {processor.py:830} INFO - Processing file /home/airflow/.local/lib/python3.8/site-packages/airflow/example_dags/example_short_circuit_operator.py for tasks to queue
[2025-03-24T23:26:58.036+0000] {logging_mixin.py:188} INFO - [2025-03-24T23:26:58.035+0000] {dagbag.py:538} INFO - Filling up the DagBag from /home/airflow/.local/lib/python3.8/site-packages/airflow/example_dags/example_short_circuit_operator.py
[2025-03-24T23:26:58.040+0000] {processor.py:840} INFO - DAG(s) 'example_short_circuit_operator' retrieved from /home/airflow/.local/lib/python3.8/site-packages/airflow/example_dags/example_short_circuit_operator.py
[2025-03-24T23:26:58.050+0000] {logging_mixin.py:188} INFO - [2025-03-24T23:26:58.050+0000] {dag.py:3033} INFO - Sync 1 DAGs
[2025-03-24T23:26:58.062+0000] {logging_mixin.py:188} INFO - [2025-03-24T23:26:58.062+0000] {dag.py:3820} INFO - Setting next_dagrun for example_short_circuit_operator to 2025-03-23T00:00:00+00:00, run_after=2025-03-24T00:00:00+00:00
[2025-03-24T23:26:58.071+0000] {processor.py:183} INFO - Processing /home/airflow/.local/lib/python3.8/site-packages/airflow/example_dags/example_short_circuit_operator.py took 0.039 seconds
[2025-03-24T23:27:28.691+0000] {processor.py:161} INFO - Started process (PID=383) to work on /home/airflow/.local/lib/python3.8/site-packages/airflow/example_dags/example_short_circuit_operator.py
[2025-03-24T23:27:28.692+0000] {processor.py:830} INFO - Processing file /home/airflow/.local/lib/python3.8/site-packages/airflow/example_dags/example_short_circuit_operator.py for tasks to queue
[2025-03-24T23:27:28.693+0000] {logging_mixin.py:188} INFO - [2025-03-24T23:27:28.693+0000] {dagbag.py:538} INFO - Filling up the DagBag from /home/airflow/.local/lib/python3.8/site-packages/airflow/example_dags/example_short_circuit_operator.py
[2025-03-24T23:27:28.698+0000] {processor.py:840} INFO - DAG(s) 'example_short_circuit_operator' retrieved from /home/airflow/.local/lib/python3.8/site-packages/airflow/example_dags/example_short_circuit_operator.py
[2025-03-24T23:27:28.712+0000] {logging_mixin.py:188} INFO - [2025-03-24T23:27:28.711+0000] {dag.py:3033} INFO - Sync 1 DAGs
[2025-03-24T23:27:28.722+0000] {logging_mixin.py:188} INFO - [2025-03-24T23:27:28.722+0000] {dag.py:3820} INFO - Setting next_dagrun for example_short_circuit_operator to 2025-03-23T00:00:00+00:00, run_after=2025-03-24T00:00:00+00:00
[2025-03-24T23:27:28.736+0000] {processor.py:183} INFO - Processing /home/airflow/.local/lib/python3.8/site-packages/airflow/example_dags/example_short_circuit_operator.py took 0.049 seconds
[2025-03-24T23:27:59.287+0000] {processor.py:161} INFO - Started process (PID=438) to work on /home/airflow/.local/lib/python3.8/site-packages/airflow/example_dags/example_short_circuit_operator.py
[2025-03-24T23:27:59.288+0000] {processor.py:830} INFO - Processing file /home/airflow/.local/lib/python3.8/site-packages/airflow/example_dags/example_short_circuit_operator.py for tasks to queue
[2025-03-24T23:27:59.291+0000] {logging_mixin.py:188} INFO - [2025-03-24T23:27:59.291+0000] {dagbag.py:538} INFO - Filling up the DagBag from /home/airflow/.local/lib/python3.8/site-packages/airflow/example_dags/example_short_circuit_operator.py
[2025-03-24T23:27:59.300+0000] {processor.py:840} INFO - DAG(s) 'example_short_circuit_operator' retrieved from /home/airflow/.local/lib/python3.8/site-packages/airflow/example_dags/example_short_circuit_operator.py
[2025-03-24T23:27:59.335+0000] {logging_mixin.py:188} INFO - [2025-03-24T23:27:59.334+0000] {dag.py:3033} INFO - Sync 1 DAGs
[2025-03-24T23:27:59.364+0000] {logging_mixin.py:188} INFO - [2025-03-24T23:27:59.363+0000] {dag.py:3820} INFO - Setting next_dagrun for example_short_circuit_operator to 2025-03-23T00:00:00+00:00, run_after=2025-03-24T00:00:00+00:00
[2025-03-24T23:27:59.382+0000] {processor.py:183} INFO - Processing /home/airflow/.local/lib/python3.8/site-packages/airflow/example_dags/example_short_circuit_operator.py took 0.098 seconds
[2025-03-24T23:28:30.074+0000] {processor.py:161} INFO - Started process (PID=493) to work on /home/airflow/.local/lib/python3.8/site-packages/airflow/example_dags/example_short_circuit_operator.py
[2025-03-24T23:28:30.077+0000] {processor.py:830} INFO - Processing file /home/airflow/.local/lib/python3.8/site-packages/airflow/example_dags/example_short_circuit_operator.py for tasks to queue
[2025-03-24T23:28:30.078+0000] {logging_mixin.py:188} INFO - [2025-03-24T23:28:30.078+0000] {dagbag.py:538} INFO - Filling up the DagBag from /home/airflow/.local/lib/python3.8/site-packages/airflow/example_dags/example_short_circuit_operator.py
[2025-03-24T23:28:30.082+0000] {processor.py:840} INFO - DAG(s) 'example_short_circuit_operator' retrieved from /home/airflow/.local/lib/python3.8/site-packages/airflow/example_dags/example_short_circuit_operator.py
[2025-03-24T23:28:30.093+0000] {logging_mixin.py:188} INFO - [2025-03-24T23:28:30.093+0000] {dag.py:3033} INFO - Sync 1 DAGs
[2025-03-24T23:28:30.105+0000] {logging_mixin.py:188} INFO - [2025-03-24T23:28:30.105+0000] {dag.py:3820} INFO - Setting next_dagrun for example_short_circuit_operator to 2025-03-23T00:00:00+00:00, run_after=2025-03-24T00:00:00+00:00
[2025-03-24T23:28:30.117+0000] {processor.py:183} INFO - Processing /home/airflow/.local/lib/python3.8/site-packages/airflow/example_dags/example_short_circuit_operator.py took 0.045 seconds
[2025-03-24T23:29:00.814+0000] {processor.py:161} INFO - Started process (PID=548) to work on /home/airflow/.local/lib/python3.8/site-packages/airflow/example_dags/example_short_circuit_operator.py
[2025-03-24T23:29:00.815+0000] {processor.py:830} INFO - Processing file /home/airflow/.local/lib/python3.8/site-packages/airflow/example_dags/example_short_circuit_operator.py for tasks to queue
[2025-03-24T23:29:00.816+0000] {logging_mixin.py:188} INFO - [2025-03-24T23:29:00.816+0000] {dagbag.py:538} INFO - Filling up the DagBag from /home/airflow/.local/lib/python3.8/site-packages/airflow/example_dags/example_short_circuit_operator.py
[2025-03-24T23:29:00.821+0000] {processor.py:840} INFO - DAG(s) 'example_short_circuit_operator' retrieved from /home/airflow/.local/lib/python3.8/site-packages/airflow/example_dags/example_short_circuit_operator.py
[2025-03-24T23:29:00.832+0000] {logging_mixin.py:188} INFO - [2025-03-24T23:29:00.832+0000] {dag.py:3033} INFO - Sync 1 DAGs
[2025-03-24T23:29:00.842+0000] {logging_mixin.py:188} INFO - [2025-03-24T23:29:00.842+0000] {dag.py:3820} INFO - Setting next_dagrun for example_short_circuit_operator to 2025-03-23T00:00:00+00:00, run_after=2025-03-24T00:00:00+00:00
[2025-03-24T23:29:00.851+0000] {processor.py:183} INFO - Processing /home/airflow/.local/lib/python3.8/site-packages/airflow/example_dags/example_short_circuit_operator.py took 0.038 seconds
[2025-03-24T23:29:31.553+0000] {processor.py:161} INFO - Started process (PID=603) to work on /home/airflow/.local/lib/python3.8/site-packages/airflow/example_dags/example_short_circuit_operator.py
[2025-03-24T23:29:31.554+0000] {processor.py:830} INFO - Processing file /home/airflow/.local/lib/python3.8/site-packages/airflow/example_dags/example_short_circuit_operator.py for tasks to queue
[2025-03-24T23:29:31.555+0000] {logging_mixin.py:188} INFO - [2025-03-24T23:29:31.554+0000] {dagbag.py:538} INFO - Filling up the DagBag from /home/airflow/.local/lib/python3.8/site-packages/airflow/example_dags/example_short_circuit_operator.py
[2025-03-24T23:29:31.558+0000] {processor.py:840} INFO - DAG(s) 'example_short_circuit_operator' retrieved from /home/airflow/.local/lib/python3.8/site-packages/airflow/example_dags/example_short_circuit_operator.py
[2025-03-24T23:29:31.572+0000] {logging_mixin.py:188} INFO - [2025-03-24T23:29:31.572+0000] {dag.py:3033} INFO - Sync 1 DAGs
[2025-03-24T23:29:31.582+0000] {logging_mixin.py:188} INFO - [2025-03-24T23:29:31.582+0000] {dag.py:3820} INFO - Setting next_dagrun for example_short_circuit_operator to 2025-03-23T00:00:00+00:00, run_after=2025-03-24T00:00:00+00:00
[2025-03-24T23:29:31.590+0000] {processor.py:183} INFO - Processing /home/airflow/.local/lib/python3.8/site-packages/airflow/example_dags/example_short_circuit_operator.py took 0.040 seconds
[2025-03-24T23:30:02.252+0000] {processor.py:161} INFO - Started process (PID=658) to work on /home/airflow/.local/lib/python3.8/site-packages/airflow/example_dags/example_short_circuit_operator.py
[2025-03-24T23:30:02.255+0000] {processor.py:830} INFO - Processing file /home/airflow/.local/lib/python3.8/site-packages/airflow/example_dags/example_short_circuit_operator.py for tasks to queue
[2025-03-24T23:30:02.257+0000] {logging_mixin.py:188} INFO - [2025-03-24T23:30:02.257+0000] {dagbag.py:538} INFO - Filling up the DagBag from /home/airflow/.local/lib/python3.8/site-packages/airflow/example_dags/example_short_circuit_operator.py
[2025-03-24T23:30:02.261+0000] {processor.py:840} INFO - DAG(s) 'example_short_circuit_operator' retrieved from /home/airflow/.local/lib/python3.8/site-packages/airflow/example_dags/example_short_circuit_operator.py
[2025-03-24T23:30:02.275+0000] {logging_mixin.py:188} INFO - [2025-03-24T23:30:02.274+0000] {dag.py:3033} INFO - Sync 1 DAGs
[2025-03-24T23:30:02.286+0000] {logging_mixin.py:188} INFO - [2025-03-24T23:30:02.285+0000] {dag.py:3820} INFO - Setting next_dagrun for example_short_circuit_operator to 2025-03-23T00:00:00+00:00, run_after=2025-03-24T00:00:00+00:00
[2025-03-24T23:30:02.294+0000] {processor.py:183} INFO - Processing /home/airflow/.local/lib/python3.8/site-packages/airflow/example_dags/example_short_circuit_operator.py took 0.045 seconds
[2025-03-24T23:30:32.826+0000] {processor.py:161} INFO - Started process (PID=713) to work on /home/airflow/.local/lib/python3.8/site-packages/airflow/example_dags/example_short_circuit_operator.py
[2025-03-24T23:30:32.826+0000] {processor.py:830} INFO - Processing file /home/airflow/.local/lib/python3.8/site-packages/airflow/example_dags/example_short_circuit_operator.py for tasks to queue
[2025-03-24T23:30:32.827+0000] {logging_mixin.py:188} INFO - [2025-03-24T23:30:32.827+0000] {dagbag.py:538} INFO - Filling up the DagBag from /home/airflow/.local/lib/python3.8/site-packages/airflow/example_dags/example_short_circuit_operator.py
[2025-03-24T23:30:32.830+0000] {processor.py:840} INFO - DAG(s) 'example_short_circuit_operator' retrieved from /home/airflow/.local/lib/python3.8/site-packages/airflow/example_dags/example_short_circuit_operator.py
[2025-03-24T23:30:32.839+0000] {logging_mixin.py:188} INFO - [2025-03-24T23:30:32.839+0000] {dag.py:3033} INFO - Sync 1 DAGs
[2025-03-24T23:30:32.847+0000] {logging_mixin.py:188} INFO - [2025-03-24T23:30:32.847+0000] {dag.py:3820} INFO - Setting next_dagrun for example_short_circuit_operator to 2025-03-23T00:00:00+00:00, run_after=2025-03-24T00:00:00+00:00
[2025-03-24T23:30:32.853+0000] {processor.py:183} INFO - Processing /home/airflow/.local/lib/python3.8/site-packages/airflow/example_dags/example_short_circuit_operator.py took 0.028 seconds
[2025-03-24T23:31:03.543+0000] {processor.py:161} INFO - Started process (PID=768) to work on /home/airflow/.local/lib/python3.8/site-packages/airflow/example_dags/example_short_circuit_operator.py
[2025-03-24T23:31:03.544+0000] {processor.py:830} INFO - Processing file /home/airflow/.local/lib/python3.8/site-packages/airflow/example_dags/example_short_circuit_operator.py for tasks to queue
[2025-03-24T23:31:03.545+0000] {logging_mixin.py:188} INFO - [2025-03-24T23:31:03.545+0000] {dagbag.py:538} INFO - Filling up the DagBag from /home/airflow/.local/lib/python3.8/site-packages/airflow/example_dags/example_short_circuit_operator.py
[2025-03-24T23:31:03.552+0000] {processor.py:840} INFO - DAG(s) 'example_short_circuit_operator' retrieved from /home/airflow/.local/lib/python3.8/site-packages/airflow/example_dags/example_short_circuit_operator.py
[2025-03-24T23:31:03.570+0000] {logging_mixin.py:188} INFO - [2025-03-24T23:31:03.570+0000] {dag.py:3033} INFO - Sync 1 DAGs
[2025-03-24T23:31:03.588+0000] {logging_mixin.py:188} INFO - [2025-03-24T23:31:03.588+0000] {dag.py:3820} INFO - Setting next_dagrun for example_short_circuit_operator to 2025-03-23T00:00:00+00:00, run_after=2025-03-24T00:00:00+00:00
[2025-03-24T23:31:03.599+0000] {processor.py:183} INFO - Processing /home/airflow/.local/lib/python3.8/site-packages/airflow/example_dags/example_short_circuit_operator.py took 0.062 seconds
[2025-03-24T23:31:34.510+0000] {processor.py:161} INFO - Started process (PID=823) to work on /home/airflow/.local/lib/python3.8/site-packages/airflow/example_dags/example_short_circuit_operator.py
[2025-03-24T23:31:34.511+0000] {processor.py:830} INFO - Processing file /home/airflow/.local/lib/python3.8/site-packages/airflow/example_dags/example_short_circuit_operator.py for tasks to queue
[2025-03-24T23:31:34.512+0000] {logging_mixin.py:188} INFO - [2025-03-24T23:31:34.512+0000] {dagbag.py:538} INFO - Filling up the DagBag from /home/airflow/.local/lib/python3.8/site-packages/airflow/example_dags/example_short_circuit_operator.py
[2025-03-24T23:31:34.517+0000] {processor.py:840} INFO - DAG(s) 'example_short_circuit_operator' retrieved from /home/airflow/.local/lib/python3.8/site-packages/airflow/example_dags/example_short_circuit_operator.py
[2025-03-24T23:31:34.531+0000] {logging_mixin.py:188} INFO - [2025-03-24T23:31:34.530+0000] {dag.py:3033} INFO - Sync 1 DAGs
[2025-03-24T23:31:34.542+0000] {logging_mixin.py:188} INFO - [2025-03-24T23:31:34.542+0000] {dag.py:3820} INFO - Setting next_dagrun for example_short_circuit_operator to 2025-03-23T00:00:00+00:00, run_after=2025-03-24T00:00:00+00:00
[2025-03-24T23:31:34.551+0000] {processor.py:183} INFO - Processing /home/airflow/.local/lib/python3.8/site-packages/airflow/example_dags/example_short_circuit_operator.py took 0.043 seconds
[2025-03-24T23:32:05.028+0000] {processor.py:161} INFO - Started process (PID=878) to work on /home/airflow/.local/lib/python3.8/site-packages/airflow/example_dags/example_short_circuit_operator.py
[2025-03-24T23:32:05.031+0000] {processor.py:830} INFO - Processing file /home/airflow/.local/lib/python3.8/site-packages/airflow/example_dags/example_short_circuit_operator.py for tasks to queue
[2025-03-24T23:32:05.033+0000] {logging_mixin.py:188} INFO - [2025-03-24T23:32:05.033+0000] {dagbag.py:538} INFO - Filling up the DagBag from /home/airflow/.local/lib/python3.8/site-packages/airflow/example_dags/example_short_circuit_operator.py
[2025-03-24T23:32:05.038+0000] {processor.py:840} INFO - DAG(s) 'example_short_circuit_operator' retrieved from /home/airflow/.local/lib/python3.8/site-packages/airflow/example_dags/example_short_circuit_operator.py
[2025-03-24T23:32:05.055+0000] {logging_mixin.py:188} INFO - [2025-03-24T23:32:05.055+0000] {dag.py:3033} INFO - Sync 1 DAGs
[2025-03-24T23:32:05.069+0000] {logging_mixin.py:188} INFO - [2025-03-24T23:32:05.069+0000] {dag.py:3820} INFO - Setting next_dagrun for example_short_circuit_operator to 2025-03-23T00:00:00+00:00, run_after=2025-03-24T00:00:00+00:00
[2025-03-24T23:32:05.080+0000] {processor.py:183} INFO - Processing /home/airflow/.local/lib/python3.8/site-packages/airflow/example_dags/example_short_circuit_operator.py took 0.055 seconds
[2025-03-24T23:32:35.109+0000] {processor.py:161} INFO - Started process (PID=933) to work on /home/airflow/.local/lib/python3.8/site-packages/airflow/example_dags/example_short_circuit_operator.py
[2025-03-24T23:32:35.110+0000] {processor.py:830} INFO - Processing file /home/airflow/.local/lib/python3.8/site-packages/airflow/example_dags/example_short_circuit_operator.py for tasks to queue
[2025-03-24T23:32:35.111+0000] {logging_mixin.py:188} INFO - [2025-03-24T23:32:35.111+0000] {dagbag.py:538} INFO - Filling up the DagBag from /home/airflow/.local/lib/python3.8/site-packages/airflow/example_dags/example_short_circuit_operator.py
[2025-03-24T23:32:35.117+0000] {processor.py:840} INFO - DAG(s) 'example_short_circuit_operator' retrieved from /home/airflow/.local/lib/python3.8/site-packages/airflow/example_dags/example_short_circuit_operator.py
[2025-03-24T23:32:35.128+0000] {logging_mixin.py:188} INFO - [2025-03-24T23:32:35.128+0000] {dag.py:3033} INFO - Sync 1 DAGs
[2025-03-24T23:32:35.137+0000] {logging_mixin.py:188} INFO - [2025-03-24T23:32:35.137+0000] {dag.py:3820} INFO - Setting next_dagrun for example_short_circuit_operator to 2025-03-23T00:00:00+00:00, run_after=2025-03-24T00:00:00+00:00
[2025-03-24T23:32:35.148+0000] {processor.py:183} INFO - Processing /home/airflow/.local/lib/python3.8/site-packages/airflow/example_dags/example_short_circuit_operator.py took 0.041 seconds
[2025-03-24T23:33:05.732+0000] {processor.py:161} INFO - Started process (PID=988) to work on /home/airflow/.local/lib/python3.8/site-packages/airflow/example_dags/example_short_circuit_operator.py
[2025-03-24T23:33:05.734+0000] {processor.py:830} INFO - Processing file /home/airflow/.local/lib/python3.8/site-packages/airflow/example_dags/example_short_circuit_operator.py for tasks to queue
[2025-03-24T23:33:05.736+0000] {logging_mixin.py:188} INFO - [2025-03-24T23:33:05.736+0000] {dagbag.py:538} INFO - Filling up the DagBag from /home/airflow/.local/lib/python3.8/site-packages/airflow/example_dags/example_short_circuit_operator.py
[2025-03-24T23:33:05.742+0000] {processor.py:840} INFO - DAG(s) 'example_short_circuit_operator' retrieved from /home/airflow/.local/lib/python3.8/site-packages/airflow/example_dags/example_short_circuit_operator.py
[2025-03-24T23:33:05.756+0000] {logging_mixin.py:188} INFO - [2025-03-24T23:33:05.755+0000] {dag.py:3033} INFO - Sync 1 DAGs
[2025-03-24T23:33:05.768+0000] {logging_mixin.py:188} INFO - [2025-03-24T23:33:05.767+0000] {dag.py:3820} INFO - Setting next_dagrun for example_short_circuit_operator to 2025-03-23T00:00:00+00:00, run_after=2025-03-24T00:00:00+00:00
[2025-03-24T23:33:05.776+0000] {processor.py:183} INFO - Processing /home/airflow/.local/lib/python3.8/site-packages/airflow/example_dags/example_short_circuit_operator.py took 0.047 seconds
[2025-03-24T23:33:36.385+0000] {processor.py:161} INFO - Started process (PID=1043) to work on /home/airflow/.local/lib/python3.8/site-packages/airflow/example_dags/example_short_circuit_operator.py
[2025-03-24T23:33:36.387+0000] {processor.py:830} INFO - Processing file /home/airflow/.local/lib/python3.8/site-packages/airflow/example_dags/example_short_circuit_operator.py for tasks to queue
[2025-03-24T23:33:36.389+0000] {logging_mixin.py:188} INFO - [2025-03-24T23:33:36.388+0000] {dagbag.py:538} INFO - Filling up the DagBag from /home/airflow/.local/lib/python3.8/site-packages/airflow/example_dags/example_short_circuit_operator.py
[2025-03-24T23:33:36.392+0000] {processor.py:840} INFO - DAG(s) 'example_short_circuit_operator' retrieved from /home/airflow/.local/lib/python3.8/site-packages/airflow/example_dags/example_short_circuit_operator.py
[2025-03-24T23:33:36.402+0000] {logging_mixin.py:188} INFO - [2025-03-24T23:33:36.402+0000] {dag.py:3033} INFO - Sync 1 DAGs
[2025-03-24T23:33:36.411+0000] {logging_mixin.py:188} INFO - [2025-03-24T23:33:36.410+0000] {dag.py:3820} INFO - Setting next_dagrun for example_short_circuit_operator to 2025-03-23T00:00:00+00:00, run_after=2025-03-24T00:00:00+00:00
[2025-03-24T23:33:36.418+0000] {processor.py:183} INFO - Processing /home/airflow/.local/lib/python3.8/site-packages/airflow/example_dags/example_short_circuit_operator.py took 0.035 seconds
[2025-03-24T23:34:06.912+0000] {processor.py:161} INFO - Started process (PID=1098) to work on /home/airflow/.local/lib/python3.8/site-packages/airflow/example_dags/example_short_circuit_operator.py
[2025-03-24T23:34:06.913+0000] {processor.py:830} INFO - Processing file /home/airflow/.local/lib/python3.8/site-packages/airflow/example_dags/example_short_circuit_operator.py for tasks to queue
[2025-03-24T23:34:06.915+0000] {logging_mixin.py:188} INFO - [2025-03-24T23:34:06.914+0000] {dagbag.py:538} INFO - Filling up the DagBag from /home/airflow/.local/lib/python3.8/site-packages/airflow/example_dags/example_short_circuit_operator.py
[2025-03-24T23:34:06.919+0000] {processor.py:840} INFO - DAG(s) 'example_short_circuit_operator' retrieved from /home/airflow/.local/lib/python3.8/site-packages/airflow/example_dags/example_short_circuit_operator.py
[2025-03-24T23:34:06.934+0000] {logging_mixin.py:188} INFO - [2025-03-24T23:34:06.934+0000] {dag.py:3033} INFO - Sync 1 DAGs
[2025-03-24T23:34:06.946+0000] {logging_mixin.py:188} INFO - [2025-03-24T23:34:06.946+0000] {dag.py:3820} INFO - Setting next_dagrun for example_short_circuit_operator to 2025-03-23T00:00:00+00:00, run_after=2025-03-24T00:00:00+00:00
[2025-03-24T23:34:06.957+0000] {processor.py:183} INFO - Processing /home/airflow/.local/lib/python3.8/site-packages/airflow/example_dags/example_short_circuit_operator.py took 0.048 seconds
[2025-03-24T23:34:37.492+0000] {processor.py:161} INFO - Started process (PID=1153) to work on /home/airflow/.local/lib/python3.8/site-packages/airflow/example_dags/example_short_circuit_operator.py
[2025-03-24T23:34:37.494+0000] {processor.py:830} INFO - Processing file /home/airflow/.local/lib/python3.8/site-packages/airflow/example_dags/example_short_circuit_operator.py for tasks to queue
[2025-03-24T23:34:37.496+0000] {logging_mixin.py:188} INFO - [2025-03-24T23:34:37.496+0000] {dagbag.py:538} INFO - Filling up the DagBag from /home/airflow/.local/lib/python3.8/site-packages/airflow/example_dags/example_short_circuit_operator.py
[2025-03-24T23:34:37.502+0000] {processor.py:840} INFO - DAG(s) 'example_short_circuit_operator' retrieved from /home/airflow/.local/lib/python3.8/site-packages/airflow/example_dags/example_short_circuit_operator.py
[2025-03-24T23:34:37.515+0000] {logging_mixin.py:188} INFO - [2025-03-24T23:34:37.515+0000] {dag.py:3033} INFO - Sync 1 DAGs
[2025-03-24T23:34:37.526+0000] {logging_mixin.py:188} INFO - [2025-03-24T23:34:37.526+0000] {dag.py:3820} INFO - Setting next_dagrun for example_short_circuit_operator to 2025-03-23T00:00:00+00:00, run_after=2025-03-24T00:00:00+00:00
[2025-03-24T23:34:37.535+0000] {processor.py:183} INFO - Processing /home/airflow/.local/lib/python3.8/site-packages/airflow/example_dags/example_short_circuit_operator.py took 0.045 seconds
[2025-03-24T23:35:07.612+0000] {processor.py:161} INFO - Started process (PID=1208) to work on /home/airflow/.local/lib/python3.8/site-packages/airflow/example_dags/example_short_circuit_operator.py
[2025-03-24T23:35:07.613+0000] {processor.py:830} INFO - Processing file /home/airflow/.local/lib/python3.8/site-packages/airflow/example_dags/example_short_circuit_operator.py for tasks to queue
[2025-03-24T23:35:07.615+0000] {logging_mixin.py:188} INFO - [2025-03-24T23:35:07.615+0000] {dagbag.py:538} INFO - Filling up the DagBag from /home/airflow/.local/lib/python3.8/site-packages/airflow/example_dags/example_short_circuit_operator.py
[2025-03-24T23:35:07.621+0000] {processor.py:840} INFO - DAG(s) 'example_short_circuit_operator' retrieved from /home/airflow/.local/lib/python3.8/site-packages/airflow/example_dags/example_short_circuit_operator.py
[2025-03-24T23:35:07.640+0000] {logging_mixin.py:188} INFO - [2025-03-24T23:35:07.640+0000] {dag.py:3033} INFO - Sync 1 DAGs
[2025-03-24T23:35:07.654+0000] {logging_mixin.py:188} INFO - [2025-03-24T23:35:07.654+0000] {dag.py:3820} INFO - Setting next_dagrun for example_short_circuit_operator to 2025-03-23T00:00:00+00:00, run_after=2025-03-24T00:00:00+00:00
[2025-03-24T23:35:07.667+0000] {processor.py:183} INFO - Processing /home/airflow/.local/lib/python3.8/site-packages/airflow/example_dags/example_short_circuit_operator.py took 0.059 seconds
[2025-03-24T23:35:38.518+0000] {processor.py:161} INFO - Started process (PID=1263) to work on /home/airflow/.local/lib/python3.8/site-packages/airflow/example_dags/example_short_circuit_operator.py
[2025-03-24T23:35:38.519+0000] {processor.py:830} INFO - Processing file /home/airflow/.local/lib/python3.8/site-packages/airflow/example_dags/example_short_circuit_operator.py for tasks to queue
[2025-03-24T23:35:38.520+0000] {logging_mixin.py:188} INFO - [2025-03-24T23:35:38.520+0000] {dagbag.py:538} INFO - Filling up the DagBag from /home/airflow/.local/lib/python3.8/site-packages/airflow/example_dags/example_short_circuit_operator.py
[2025-03-24T23:35:38.525+0000] {processor.py:840} INFO - DAG(s) 'example_short_circuit_operator' retrieved from /home/airflow/.local/lib/python3.8/site-packages/airflow/example_dags/example_short_circuit_operator.py
[2025-03-24T23:35:38.541+0000] {logging_mixin.py:188} INFO - [2025-03-24T23:35:38.541+0000] {dag.py:3033} INFO - Sync 1 DAGs
[2025-03-24T23:35:38.554+0000] {logging_mixin.py:188} INFO - [2025-03-24T23:35:38.554+0000] {dag.py:3820} INFO - Setting next_dagrun for example_short_circuit_operator to 2025-03-23T00:00:00+00:00, run_after=2025-03-24T00:00:00+00:00
[2025-03-24T23:35:38.570+0000] {processor.py:183} INFO - Processing /home/airflow/.local/lib/python3.8/site-packages/airflow/example_dags/example_short_circuit_operator.py took 0.056 seconds
[2025-03-24T23:36:09.274+0000] {processor.py:161} INFO - Started process (PID=1318) to work on /home/airflow/.local/lib/python3.8/site-packages/airflow/example_dags/example_short_circuit_operator.py
[2025-03-24T23:36:09.277+0000] {processor.py:830} INFO - Processing file /home/airflow/.local/lib/python3.8/site-packages/airflow/example_dags/example_short_circuit_operator.py for tasks to queue
[2025-03-24T23:36:09.279+0000] {logging_mixin.py:188} INFO - [2025-03-24T23:36:09.279+0000] {dagbag.py:538} INFO - Filling up the DagBag from /home/airflow/.local/lib/python3.8/site-packages/airflow/example_dags/example_short_circuit_operator.py
[2025-03-24T23:36:09.283+0000] {processor.py:840} INFO - DAG(s) 'example_short_circuit_operator' retrieved from /home/airflow/.local/lib/python3.8/site-packages/airflow/example_dags/example_short_circuit_operator.py
[2025-03-24T23:36:09.297+0000] {logging_mixin.py:188} INFO - [2025-03-24T23:36:09.296+0000] {dag.py:3033} INFO - Sync 1 DAGs
[2025-03-24T23:36:09.311+0000] {logging_mixin.py:188} INFO - [2025-03-24T23:36:09.310+0000] {dag.py:3820} INFO - Setting next_dagrun for example_short_circuit_operator to 2025-03-23T00:00:00+00:00, run_after=2025-03-24T00:00:00+00:00
[2025-03-24T23:36:09.321+0000] {processor.py:183} INFO - Processing /home/airflow/.local/lib/python3.8/site-packages/airflow/example_dags/example_short_circuit_operator.py took 0.049 seconds
[2025-03-24T23:36:39.924+0000] {processor.py:161} INFO - Started process (PID=1373) to work on /home/airflow/.local/lib/python3.8/site-packages/airflow/example_dags/example_short_circuit_operator.py
[2025-03-24T23:36:39.925+0000] {processor.py:830} INFO - Processing file /home/airflow/.local/lib/python3.8/site-packages/airflow/example_dags/example_short_circuit_operator.py for tasks to queue
[2025-03-24T23:36:39.927+0000] {logging_mixin.py:188} INFO - [2025-03-24T23:36:39.927+0000] {dagbag.py:538} INFO - Filling up the DagBag from /home/airflow/.local/lib/python3.8/site-packages/airflow/example_dags/example_short_circuit_operator.py
[2025-03-24T23:36:39.933+0000] {processor.py:840} INFO - DAG(s) 'example_short_circuit_operator' retrieved from /home/airflow/.local/lib/python3.8/site-packages/airflow/example_dags/example_short_circuit_operator.py
[2025-03-24T23:36:39.949+0000] {logging_mixin.py:188} INFO - [2025-03-24T23:36:39.949+0000] {dag.py:3033} INFO - Sync 1 DAGs
[2025-03-24T23:36:39.962+0000] {logging_mixin.py:188} INFO - [2025-03-24T23:36:39.961+0000] {dag.py:3820} INFO - Setting next_dagrun for example_short_circuit_operator to 2025-03-23T00:00:00+00:00, run_after=2025-03-24T00:00:00+00:00
[2025-03-24T23:36:39.970+0000] {processor.py:183} INFO - Processing /home/airflow/.local/lib/python3.8/site-packages/airflow/example_dags/example_short_circuit_operator.py took 0.049 seconds
[2025-03-24T23:37:10.737+0000] {processor.py:161} INFO - Started process (PID=1428) to work on /home/airflow/.local/lib/python3.8/site-packages/airflow/example_dags/example_short_circuit_operator.py
[2025-03-24T23:37:10.739+0000] {processor.py:830} INFO - Processing file /home/airflow/.local/lib/python3.8/site-packages/airflow/example_dags/example_short_circuit_operator.py for tasks to queue
[2025-03-24T23:37:10.740+0000] {logging_mixin.py:188} INFO - [2025-03-24T23:37:10.740+0000] {dagbag.py:538} INFO - Filling up the DagBag from /home/airflow/.local/lib/python3.8/site-packages/airflow/example_dags/example_short_circuit_operator.py
[2025-03-24T23:37:10.746+0000] {processor.py:840} INFO - DAG(s) 'example_short_circuit_operator' retrieved from /home/airflow/.local/lib/python3.8/site-packages/airflow/example_dags/example_short_circuit_operator.py
[2025-03-24T23:37:10.768+0000] {logging_mixin.py:188} INFO - [2025-03-24T23:37:10.768+0000] {dag.py:3033} INFO - Sync 1 DAGs
[2025-03-24T23:37:10.781+0000] {logging_mixin.py:188} INFO - [2025-03-24T23:37:10.781+0000] {dag.py:3820} INFO - Setting next_dagrun for example_short_circuit_operator to 2025-03-23T00:00:00+00:00, run_after=2025-03-24T00:00:00+00:00
[2025-03-24T23:37:10.796+0000] {processor.py:183} INFO - Processing /home/airflow/.local/lib/python3.8/site-packages/airflow/example_dags/example_short_circuit_operator.py took 0.063 seconds
[2025-03-24T23:37:41.583+0000] {processor.py:161} INFO - Started process (PID=1483) to work on /home/airflow/.local/lib/python3.8/site-packages/airflow/example_dags/example_short_circuit_operator.py
[2025-03-24T23:37:41.584+0000] {processor.py:830} INFO - Processing file /home/airflow/.local/lib/python3.8/site-packages/airflow/example_dags/example_short_circuit_operator.py for tasks to queue
[2025-03-24T23:37:41.587+0000] {logging_mixin.py:188} INFO - [2025-03-24T23:37:41.587+0000] {dagbag.py:538} INFO - Filling up the DagBag from /home/airflow/.local/lib/python3.8/site-packages/airflow/example_dags/example_short_circuit_operator.py
[2025-03-24T23:37:41.594+0000] {processor.py:840} INFO - DAG(s) 'example_short_circuit_operator' retrieved from /home/airflow/.local/lib/python3.8/site-packages/airflow/example_dags/example_short_circuit_operator.py
[2025-03-24T23:37:41.609+0000] {logging_mixin.py:188} INFO - [2025-03-24T23:37:41.609+0000] {dag.py:3033} INFO - Sync 1 DAGs
[2025-03-24T23:37:41.624+0000] {logging_mixin.py:188} INFO - [2025-03-24T23:37:41.624+0000] {dag.py:3820} INFO - Setting next_dagrun for example_short_circuit_operator to 2025-03-23T00:00:00+00:00, run_after=2025-03-24T00:00:00+00:00
[2025-03-24T23:37:41.636+0000] {processor.py:183} INFO - Processing /home/airflow/.local/lib/python3.8/site-packages/airflow/example_dags/example_short_circuit_operator.py took 0.057 seconds
[2025-03-24T23:38:12.381+0000] {processor.py:161} INFO - Started process (PID=1538) to work on /home/airflow/.local/lib/python3.8/site-packages/airflow/example_dags/example_short_circuit_operator.py
[2025-03-24T23:38:12.382+0000] {processor.py:830} INFO - Processing file /home/airflow/.local/lib/python3.8/site-packages/airflow/example_dags/example_short_circuit_operator.py for tasks to queue
[2025-03-24T23:38:12.383+0000] {logging_mixin.py:188} INFO - [2025-03-24T23:38:12.383+0000] {dagbag.py:538} INFO - Filling up the DagBag from /home/airflow/.local/lib/python3.8/site-packages/airflow/example_dags/example_short_circuit_operator.py
[2025-03-24T23:38:12.388+0000] {processor.py:840} INFO - DAG(s) 'example_short_circuit_operator' retrieved from /home/airflow/.local/lib/python3.8/site-packages/airflow/example_dags/example_short_circuit_operator.py
[2025-03-24T23:38:12.401+0000] {logging_mixin.py:188} INFO - [2025-03-24T23:38:12.400+0000] {dag.py:3033} INFO - Sync 1 DAGs
[2025-03-24T23:38:12.412+0000] {logging_mixin.py:188} INFO - [2025-03-24T23:38:12.412+0000] {dag.py:3820} INFO - Setting next_dagrun for example_short_circuit_operator to 2025-03-23T00:00:00+00:00, run_after=2025-03-24T00:00:00+00:00
[2025-03-24T23:38:12.428+0000] {processor.py:183} INFO - Processing /home/airflow/.local/lib/python3.8/site-packages/airflow/example_dags/example_short_circuit_operator.py took 0.048 seconds
[2025-03-24T23:38:43.123+0000] {processor.py:161} INFO - Started process (PID=1593) to work on /home/airflow/.local/lib/python3.8/site-packages/airflow/example_dags/example_short_circuit_operator.py
[2025-03-24T23:38:43.127+0000] {processor.py:830} INFO - Processing file /home/airflow/.local/lib/python3.8/site-packages/airflow/example_dags/example_short_circuit_operator.py for tasks to queue
[2025-03-24T23:38:43.128+0000] {logging_mixin.py:188} INFO - [2025-03-24T23:38:43.128+0000] {dagbag.py:538} INFO - Filling up the DagBag from /home/airflow/.local/lib/python3.8/site-packages/airflow/example_dags/example_short_circuit_operator.py
[2025-03-24T23:38:43.133+0000] {processor.py:840} INFO - DAG(s) 'example_short_circuit_operator' retrieved from /home/airflow/.local/lib/python3.8/site-packages/airflow/example_dags/example_short_circuit_operator.py
[2025-03-24T23:38:43.147+0000] {logging_mixin.py:188} INFO - [2025-03-24T23:38:43.147+0000] {dag.py:3033} INFO - Sync 1 DAGs
[2025-03-24T23:38:43.161+0000] {logging_mixin.py:188} INFO - [2025-03-24T23:38:43.160+0000] {dag.py:3820} INFO - Setting next_dagrun for example_short_circuit_operator to 2025-03-23T00:00:00+00:00, run_after=2025-03-24T00:00:00+00:00
[2025-03-24T23:38:43.172+0000] {processor.py:183} INFO - Processing /home/airflow/.local/lib/python3.8/site-packages/airflow/example_dags/example_short_circuit_operator.py took 0.051 seconds
[2025-03-24T23:39:13.899+0000] {processor.py:161} INFO - Started process (PID=1648) to work on /home/airflow/.local/lib/python3.8/site-packages/airflow/example_dags/example_short_circuit_operator.py
[2025-03-24T23:39:13.900+0000] {processor.py:830} INFO - Processing file /home/airflow/.local/lib/python3.8/site-packages/airflow/example_dags/example_short_circuit_operator.py for tasks to queue
[2025-03-24T23:39:13.902+0000] {logging_mixin.py:188} INFO - [2025-03-24T23:39:13.902+0000] {dagbag.py:538} INFO - Filling up the DagBag from /home/airflow/.local/lib/python3.8/site-packages/airflow/example_dags/example_short_circuit_operator.py
[2025-03-24T23:39:13.907+0000] {processor.py:840} INFO - DAG(s) 'example_short_circuit_operator' retrieved from /home/airflow/.local/lib/python3.8/site-packages/airflow/example_dags/example_short_circuit_operator.py
[2025-03-24T23:39:13.923+0000] {logging_mixin.py:188} INFO - [2025-03-24T23:39:13.922+0000] {dag.py:3033} INFO - Sync 1 DAGs
[2025-03-24T23:39:13.937+0000] {logging_mixin.py:188} INFO - [2025-03-24T23:39:13.936+0000] {dag.py:3820} INFO - Setting next_dagrun for example_short_circuit_operator to 2025-03-23T00:00:00+00:00, run_after=2025-03-24T00:00:00+00:00
[2025-03-24T23:39:13.947+0000] {processor.py:183} INFO - Processing /home/airflow/.local/lib/python3.8/site-packages/airflow/example_dags/example_short_circuit_operator.py took 0.050 seconds
[2025-03-24T23:39:44.811+0000] {processor.py:161} INFO - Started process (PID=1703) to work on /home/airflow/.local/lib/python3.8/site-packages/airflow/example_dags/example_short_circuit_operator.py
[2025-03-24T23:39:44.813+0000] {processor.py:830} INFO - Processing file /home/airflow/.local/lib/python3.8/site-packages/airflow/example_dags/example_short_circuit_operator.py for tasks to queue
[2025-03-24T23:39:44.815+0000] {logging_mixin.py:188} INFO - [2025-03-24T23:39:44.815+0000] {dagbag.py:538} INFO - Filling up the DagBag from /home/airflow/.local/lib/python3.8/site-packages/airflow/example_dags/example_short_circuit_operator.py
[2025-03-24T23:39:44.826+0000] {processor.py:840} INFO - DAG(s) 'example_short_circuit_operator' retrieved from /home/airflow/.local/lib/python3.8/site-packages/airflow/example_dags/example_short_circuit_operator.py
[2025-03-24T23:39:44.850+0000] {logging_mixin.py:188} INFO - [2025-03-24T23:39:44.849+0000] {dag.py:3033} INFO - Sync 1 DAGs
[2025-03-24T23:39:44.867+0000] {logging_mixin.py:188} INFO - [2025-03-24T23:39:44.867+0000] {dag.py:3820} INFO - Setting next_dagrun for example_short_circuit_operator to 2025-03-23T00:00:00+00:00, run_after=2025-03-24T00:00:00+00:00
[2025-03-24T23:39:44.879+0000] {processor.py:183} INFO - Processing /home/airflow/.local/lib/python3.8/site-packages/airflow/example_dags/example_short_circuit_operator.py took 0.072 seconds
[2025-03-24T23:40:15.468+0000] {processor.py:161} INFO - Started process (PID=1758) to work on /home/airflow/.local/lib/python3.8/site-packages/airflow/example_dags/example_short_circuit_operator.py
[2025-03-24T23:40:15.471+0000] {processor.py:830} INFO - Processing file /home/airflow/.local/lib/python3.8/site-packages/airflow/example_dags/example_short_circuit_operator.py for tasks to queue
[2025-03-24T23:40:15.472+0000] {logging_mixin.py:188} INFO - [2025-03-24T23:40:15.472+0000] {dagbag.py:538} INFO - Filling up the DagBag from /home/airflow/.local/lib/python3.8/site-packages/airflow/example_dags/example_short_circuit_operator.py
[2025-03-24T23:40:15.477+0000] {processor.py:840} INFO - DAG(s) 'example_short_circuit_operator' retrieved from /home/airflow/.local/lib/python3.8/site-packages/airflow/example_dags/example_short_circuit_operator.py
[2025-03-24T23:40:15.491+0000] {logging_mixin.py:188} INFO - [2025-03-24T23:40:15.491+0000] {dag.py:3033} INFO - Sync 1 DAGs
[2025-03-24T23:40:15.503+0000] {logging_mixin.py:188} INFO - [2025-03-24T23:40:15.503+0000] {dag.py:3820} INFO - Setting next_dagrun for example_short_circuit_operator to 2025-03-23T00:00:00+00:00, run_after=2025-03-24T00:00:00+00:00
[2025-03-24T23:40:15.511+0000] {processor.py:183} INFO - Processing /home/airflow/.local/lib/python3.8/site-packages/airflow/example_dags/example_short_circuit_operator.py took 0.046 seconds
[2025-03-24T23:40:46.075+0000] {processor.py:161} INFO - Started process (PID=1813) to work on /home/airflow/.local/lib/python3.8/site-packages/airflow/example_dags/example_short_circuit_operator.py
[2025-03-24T23:40:46.076+0000] {processor.py:830} INFO - Processing file /home/airflow/.local/lib/python3.8/site-packages/airflow/example_dags/example_short_circuit_operator.py for tasks to queue
[2025-03-24T23:40:46.078+0000] {logging_mixin.py:188} INFO - [2025-03-24T23:40:46.078+0000] {dagbag.py:538} INFO - Filling up the DagBag from /home/airflow/.local/lib/python3.8/site-packages/airflow/example_dags/example_short_circuit_operator.py
[2025-03-24T23:40:46.082+0000] {processor.py:840} INFO - DAG(s) 'example_short_circuit_operator' retrieved from /home/airflow/.local/lib/python3.8/site-packages/airflow/example_dags/example_short_circuit_operator.py
[2025-03-24T23:40:46.099+0000] {logging_mixin.py:188} INFO - [2025-03-24T23:40:46.099+0000] {dag.py:3033} INFO - Sync 1 DAGs
[2025-03-24T23:40:46.111+0000] {logging_mixin.py:188} INFO - [2025-03-24T23:40:46.111+0000] {dag.py:3820} INFO - Setting next_dagrun for example_short_circuit_operator to 2025-03-23T00:00:00+00:00, run_after=2025-03-24T00:00:00+00:00
[2025-03-24T23:40:46.121+0000] {processor.py:183} INFO - Processing /home/airflow/.local/lib/python3.8/site-packages/airflow/example_dags/example_short_circuit_operator.py took 0.049 seconds
[2025-03-24T23:41:16.632+0000] {processor.py:161} INFO - Started process (PID=1868) to work on /home/airflow/.local/lib/python3.8/site-packages/airflow/example_dags/example_short_circuit_operator.py
[2025-03-24T23:41:16.633+0000] {processor.py:830} INFO - Processing file /home/airflow/.local/lib/python3.8/site-packages/airflow/example_dags/example_short_circuit_operator.py for tasks to queue
[2025-03-24T23:41:16.635+0000] {logging_mixin.py:188} INFO - [2025-03-24T23:41:16.634+0000] {dagbag.py:538} INFO - Filling up the DagBag from /home/airflow/.local/lib/python3.8/site-packages/airflow/example_dags/example_short_circuit_operator.py
[2025-03-24T23:41:16.638+0000] {processor.py:840} INFO - DAG(s) 'example_short_circuit_operator' retrieved from /home/airflow/.local/lib/python3.8/site-packages/airflow/example_dags/example_short_circuit_operator.py
[2025-03-24T23:41:16.650+0000] {logging_mixin.py:188} INFO - [2025-03-24T23:41:16.650+0000] {dag.py:3033} INFO - Sync 1 DAGs
[2025-03-24T23:41:16.660+0000] {logging_mixin.py:188} INFO - [2025-03-24T23:41:16.660+0000] {dag.py:3820} INFO - Setting next_dagrun for example_short_circuit_operator to 2025-03-23T00:00:00+00:00, run_after=2025-03-24T00:00:00+00:00
[2025-03-24T23:41:16.668+0000] {processor.py:183} INFO - Processing /home/airflow/.local/lib/python3.8/site-packages/airflow/example_dags/example_short_circuit_operator.py took 0.039 seconds
[2025-03-24T23:41:47.254+0000] {processor.py:161} INFO - Started process (PID=1923) to work on /home/airflow/.local/lib/python3.8/site-packages/airflow/example_dags/example_short_circuit_operator.py
[2025-03-24T23:41:47.256+0000] {processor.py:830} INFO - Processing file /home/airflow/.local/lib/python3.8/site-packages/airflow/example_dags/example_short_circuit_operator.py for tasks to queue
[2025-03-24T23:41:47.258+0000] {logging_mixin.py:188} INFO - [2025-03-24T23:41:47.258+0000] {dagbag.py:538} INFO - Filling up the DagBag from /home/airflow/.local/lib/python3.8/site-packages/airflow/example_dags/example_short_circuit_operator.py
[2025-03-24T23:41:47.263+0000] {processor.py:840} INFO - DAG(s) 'example_short_circuit_operator' retrieved from /home/airflow/.local/lib/python3.8/site-packages/airflow/example_dags/example_short_circuit_operator.py
[2025-03-24T23:41:47.279+0000] {logging_mixin.py:188} INFO - [2025-03-24T23:41:47.278+0000] {dag.py:3033} INFO - Sync 1 DAGs
[2025-03-24T23:41:47.294+0000] {logging_mixin.py:188} INFO - [2025-03-24T23:41:47.294+0000] {dag.py:3820} INFO - Setting next_dagrun for example_short_circuit_operator to 2025-03-23T00:00:00+00:00, run_after=2025-03-24T00:00:00+00:00
[2025-03-24T23:41:47.306+0000] {processor.py:183} INFO - Processing /home/airflow/.local/lib/python3.8/site-packages/airflow/example_dags/example_short_circuit_operator.py took 0.055 seconds
[2025-03-24T23:42:17.870+0000] {processor.py:161} INFO - Started process (PID=1978) to work on /home/airflow/.local/lib/python3.8/site-packages/airflow/example_dags/example_short_circuit_operator.py
[2025-03-24T23:42:17.871+0000] {processor.py:830} INFO - Processing file /home/airflow/.local/lib/python3.8/site-packages/airflow/example_dags/example_short_circuit_operator.py for tasks to queue
[2025-03-24T23:42:17.873+0000] {logging_mixin.py:188} INFO - [2025-03-24T23:42:17.873+0000] {dagbag.py:538} INFO - Filling up the DagBag from /home/airflow/.local/lib/python3.8/site-packages/airflow/example_dags/example_short_circuit_operator.py
[2025-03-24T23:42:17.878+0000] {processor.py:840} INFO - DAG(s) 'example_short_circuit_operator' retrieved from /home/airflow/.local/lib/python3.8/site-packages/airflow/example_dags/example_short_circuit_operator.py
[2025-03-24T23:42:17.894+0000] {logging_mixin.py:188} INFO - [2025-03-24T23:42:17.894+0000] {dag.py:3033} INFO - Sync 1 DAGs
[2025-03-24T23:42:17.908+0000] {logging_mixin.py:188} INFO - [2025-03-24T23:42:17.907+0000] {dag.py:3820} INFO - Setting next_dagrun for example_short_circuit_operator to 2025-03-23T00:00:00+00:00, run_after=2025-03-24T00:00:00+00:00
[2025-03-24T23:42:17.917+0000] {processor.py:183} INFO - Processing /home/airflow/.local/lib/python3.8/site-packages/airflow/example_dags/example_short_circuit_operator.py took 0.050 seconds
[2025-03-24T23:42:48.431+0000] {processor.py:161} INFO - Started process (PID=2033) to work on /home/airflow/.local/lib/python3.8/site-packages/airflow/example_dags/example_short_circuit_operator.py
[2025-03-24T23:42:48.432+0000] {processor.py:830} INFO - Processing file /home/airflow/.local/lib/python3.8/site-packages/airflow/example_dags/example_short_circuit_operator.py for tasks to queue
[2025-03-24T23:42:48.433+0000] {logging_mixin.py:188} INFO - [2025-03-24T23:42:48.433+0000] {dagbag.py:538} INFO - Filling up the DagBag from /home/airflow/.local/lib/python3.8/site-packages/airflow/example_dags/example_short_circuit_operator.py
[2025-03-24T23:42:48.436+0000] {processor.py:840} INFO - DAG(s) 'example_short_circuit_operator' retrieved from /home/airflow/.local/lib/python3.8/site-packages/airflow/example_dags/example_short_circuit_operator.py
[2025-03-24T23:42:48.448+0000] {logging_mixin.py:188} INFO - [2025-03-24T23:42:48.448+0000] {dag.py:3033} INFO - Sync 1 DAGs
[2025-03-24T23:42:48.457+0000] {logging_mixin.py:188} INFO - [2025-03-24T23:42:48.457+0000] {dag.py:3820} INFO - Setting next_dagrun for example_short_circuit_operator to 2025-03-23T00:00:00+00:00, run_after=2025-03-24T00:00:00+00:00
[2025-03-24T23:42:48.464+0000] {processor.py:183} INFO - Processing /home/airflow/.local/lib/python3.8/site-packages/airflow/example_dags/example_short_circuit_operator.py took 0.034 seconds
[2025-03-24T23:43:18.850+0000] {processor.py:161} INFO - Started process (PID=2088) to work on /home/airflow/.local/lib/python3.8/site-packages/airflow/example_dags/example_short_circuit_operator.py
[2025-03-24T23:43:18.853+0000] {processor.py:830} INFO - Processing file /home/airflow/.local/lib/python3.8/site-packages/airflow/example_dags/example_short_circuit_operator.py for tasks to queue
[2025-03-24T23:43:18.855+0000] {logging_mixin.py:188} INFO - [2025-03-24T23:43:18.854+0000] {dagbag.py:538} INFO - Filling up the DagBag from /home/airflow/.local/lib/python3.8/site-packages/airflow/example_dags/example_short_circuit_operator.py
[2025-03-24T23:43:18.862+0000] {processor.py:840} INFO - DAG(s) 'example_short_circuit_operator' retrieved from /home/airflow/.local/lib/python3.8/site-packages/airflow/example_dags/example_short_circuit_operator.py
[2025-03-24T23:43:18.878+0000] {logging_mixin.py:188} INFO - [2025-03-24T23:43:18.877+0000] {dag.py:3033} INFO - Sync 1 DAGs
[2025-03-24T23:43:18.890+0000] {logging_mixin.py:188} INFO - [2025-03-24T23:43:18.889+0000] {dag.py:3820} INFO - Setting next_dagrun for example_short_circuit_operator to 2025-03-23T00:00:00+00:00, run_after=2025-03-24T00:00:00+00:00
[2025-03-24T23:43:18.898+0000] {processor.py:183} INFO - Processing /home/airflow/.local/lib/python3.8/site-packages/airflow/example_dags/example_short_circuit_operator.py took 0.051 seconds
[2025-03-24T23:43:49.526+0000] {processor.py:161} INFO - Started process (PID=2143) to work on /home/airflow/.local/lib/python3.8/site-packages/airflow/example_dags/example_short_circuit_operator.py
[2025-03-24T23:43:49.528+0000] {processor.py:830} INFO - Processing file /home/airflow/.local/lib/python3.8/site-packages/airflow/example_dags/example_short_circuit_operator.py for tasks to queue
[2025-03-24T23:43:49.529+0000] {logging_mixin.py:188} INFO - [2025-03-24T23:43:49.529+0000] {dagbag.py:538} INFO - Filling up the DagBag from /home/airflow/.local/lib/python3.8/site-packages/airflow/example_dags/example_short_circuit_operator.py
[2025-03-24T23:43:49.534+0000] {processor.py:840} INFO - DAG(s) 'example_short_circuit_operator' retrieved from /home/airflow/.local/lib/python3.8/site-packages/airflow/example_dags/example_short_circuit_operator.py
[2025-03-24T23:43:49.548+0000] {logging_mixin.py:188} INFO - [2025-03-24T23:43:49.547+0000] {dag.py:3033} INFO - Sync 1 DAGs
[2025-03-24T23:43:49.558+0000] {logging_mixin.py:188} INFO - [2025-03-24T23:43:49.558+0000] {dag.py:3820} INFO - Setting next_dagrun for example_short_circuit_operator to 2025-03-23T00:00:00+00:00, run_after=2025-03-24T00:00:00+00:00
[2025-03-24T23:43:49.567+0000] {processor.py:183} INFO - Processing /home/airflow/.local/lib/python3.8/site-packages/airflow/example_dags/example_short_circuit_operator.py took 0.044 seconds
[2025-03-24T23:44:20.199+0000] {processor.py:161} INFO - Started process (PID=2198) to work on /home/airflow/.local/lib/python3.8/site-packages/airflow/example_dags/example_short_circuit_operator.py
[2025-03-24T23:44:20.200+0000] {processor.py:830} INFO - Processing file /home/airflow/.local/lib/python3.8/site-packages/airflow/example_dags/example_short_circuit_operator.py for tasks to queue
[2025-03-24T23:44:20.202+0000] {logging_mixin.py:188} INFO - [2025-03-24T23:44:20.202+0000] {dagbag.py:538} INFO - Filling up the DagBag from /home/airflow/.local/lib/python3.8/site-packages/airflow/example_dags/example_short_circuit_operator.py
[2025-03-24T23:44:20.207+0000] {processor.py:840} INFO - DAG(s) 'example_short_circuit_operator' retrieved from /home/airflow/.local/lib/python3.8/site-packages/airflow/example_dags/example_short_circuit_operator.py
[2025-03-24T23:44:20.229+0000] {logging_mixin.py:188} INFO - [2025-03-24T23:44:20.229+0000] {dag.py:3033} INFO - Sync 1 DAGs
[2025-03-24T23:44:20.247+0000] {logging_mixin.py:188} INFO - [2025-03-24T23:44:20.247+0000] {dag.py:3820} INFO - Setting next_dagrun for example_short_circuit_operator to 2025-03-23T00:00:00+00:00, run_after=2025-03-24T00:00:00+00:00
[2025-03-24T23:44:20.267+0000] {processor.py:183} INFO - Processing /home/airflow/.local/lib/python3.8/site-packages/airflow/example_dags/example_short_circuit_operator.py took 0.073 seconds
[2025-03-24T23:44:50.761+0000] {processor.py:161} INFO - Started process (PID=2253) to work on /home/airflow/.local/lib/python3.8/site-packages/airflow/example_dags/example_short_circuit_operator.py
[2025-03-24T23:44:50.762+0000] {processor.py:830} INFO - Processing file /home/airflow/.local/lib/python3.8/site-packages/airflow/example_dags/example_short_circuit_operator.py for tasks to queue
[2025-03-24T23:44:50.764+0000] {logging_mixin.py:188} INFO - [2025-03-24T23:44:50.764+0000] {dagbag.py:538} INFO - Filling up the DagBag from /home/airflow/.local/lib/python3.8/site-packages/airflow/example_dags/example_short_circuit_operator.py
[2025-03-24T23:44:50.769+0000] {processor.py:840} INFO - DAG(s) 'example_short_circuit_operator' retrieved from /home/airflow/.local/lib/python3.8/site-packages/airflow/example_dags/example_short_circuit_operator.py
[2025-03-24T23:44:50.786+0000] {logging_mixin.py:188} INFO - [2025-03-24T23:44:50.786+0000] {dag.py:3033} INFO - Sync 1 DAGs
[2025-03-24T23:44:50.801+0000] {logging_mixin.py:188} INFO - [2025-03-24T23:44:50.801+0000] {dag.py:3820} INFO - Setting next_dagrun for example_short_circuit_operator to 2025-03-23T00:00:00+00:00, run_after=2025-03-24T00:00:00+00:00
[2025-03-24T23:44:50.815+0000] {processor.py:183} INFO - Processing /home/airflow/.local/lib/python3.8/site-packages/airflow/example_dags/example_short_circuit_operator.py took 0.058 seconds
[2025-03-24T23:45:21.446+0000] {processor.py:161} INFO - Started process (PID=2308) to work on /home/airflow/.local/lib/python3.8/site-packages/airflow/example_dags/example_short_circuit_operator.py
[2025-03-24T23:45:21.446+0000] {processor.py:830} INFO - Processing file /home/airflow/.local/lib/python3.8/site-packages/airflow/example_dags/example_short_circuit_operator.py for tasks to queue
[2025-03-24T23:45:21.447+0000] {logging_mixin.py:188} INFO - [2025-03-24T23:45:21.447+0000] {dagbag.py:538} INFO - Filling up the DagBag from /home/airflow/.local/lib/python3.8/site-packages/airflow/example_dags/example_short_circuit_operator.py
[2025-03-24T23:45:21.451+0000] {processor.py:840} INFO - DAG(s) 'example_short_circuit_operator' retrieved from /home/airflow/.local/lib/python3.8/site-packages/airflow/example_dags/example_short_circuit_operator.py
[2025-03-24T23:45:21.462+0000] {logging_mixin.py:188} INFO - [2025-03-24T23:45:21.462+0000] {dag.py:3033} INFO - Sync 1 DAGs
[2025-03-24T23:45:21.471+0000] {logging_mixin.py:188} INFO - [2025-03-24T23:45:21.471+0000] {dag.py:3820} INFO - Setting next_dagrun for example_short_circuit_operator to 2025-03-23T00:00:00+00:00, run_after=2025-03-24T00:00:00+00:00
[2025-03-24T23:45:21.478+0000] {processor.py:183} INFO - Processing /home/airflow/.local/lib/python3.8/site-packages/airflow/example_dags/example_short_circuit_operator.py took 0.034 seconds
[2025-03-24T23:45:52.084+0000] {processor.py:161} INFO - Started process (PID=2362) to work on /home/airflow/.local/lib/python3.8/site-packages/airflow/example_dags/example_short_circuit_operator.py
[2025-03-24T23:45:52.084+0000] {processor.py:830} INFO - Processing file /home/airflow/.local/lib/python3.8/site-packages/airflow/example_dags/example_short_circuit_operator.py for tasks to queue
[2025-03-24T23:45:52.086+0000] {logging_mixin.py:188} INFO - [2025-03-24T23:45:52.086+0000] {dagbag.py:538} INFO - Filling up the DagBag from /home/airflow/.local/lib/python3.8/site-packages/airflow/example_dags/example_short_circuit_operator.py
[2025-03-24T23:45:52.090+0000] {processor.py:840} INFO - DAG(s) 'example_short_circuit_operator' retrieved from /home/airflow/.local/lib/python3.8/site-packages/airflow/example_dags/example_short_circuit_operator.py
[2025-03-24T23:45:52.105+0000] {logging_mixin.py:188} INFO - [2025-03-24T23:45:52.105+0000] {dag.py:3033} INFO - Sync 1 DAGs
[2025-03-24T23:45:52.116+0000] {logging_mixin.py:188} INFO - [2025-03-24T23:45:52.116+0000] {dag.py:3820} INFO - Setting next_dagrun for example_short_circuit_operator to 2025-03-23T00:00:00+00:00, run_after=2025-03-24T00:00:00+00:00
[2025-03-24T23:45:52.124+0000] {processor.py:183} INFO - Processing /home/airflow/.local/lib/python3.8/site-packages/airflow/example_dags/example_short_circuit_operator.py took 0.042 seconds
[2025-03-24T23:46:22.558+0000] {processor.py:161} INFO - Started process (PID=2417) to work on /home/airflow/.local/lib/python3.8/site-packages/airflow/example_dags/example_short_circuit_operator.py
[2025-03-24T23:46:22.559+0000] {processor.py:830} INFO - Processing file /home/airflow/.local/lib/python3.8/site-packages/airflow/example_dags/example_short_circuit_operator.py for tasks to queue
[2025-03-24T23:46:22.561+0000] {logging_mixin.py:188} INFO - [2025-03-24T23:46:22.560+0000] {dagbag.py:538} INFO - Filling up the DagBag from /home/airflow/.local/lib/python3.8/site-packages/airflow/example_dags/example_short_circuit_operator.py
[2025-03-24T23:46:22.567+0000] {processor.py:840} INFO - DAG(s) 'example_short_circuit_operator' retrieved from /home/airflow/.local/lib/python3.8/site-packages/airflow/example_dags/example_short_circuit_operator.py
[2025-03-24T23:46:22.583+0000] {logging_mixin.py:188} INFO - [2025-03-24T23:46:22.582+0000] {dag.py:3033} INFO - Sync 1 DAGs
[2025-03-24T23:46:22.595+0000] {logging_mixin.py:188} INFO - [2025-03-24T23:46:22.595+0000] {dag.py:3820} INFO - Setting next_dagrun for example_short_circuit_operator to 2025-03-23T00:00:00+00:00, run_after=2025-03-24T00:00:00+00:00
[2025-03-24T23:46:22.608+0000] {processor.py:183} INFO - Processing /home/airflow/.local/lib/python3.8/site-packages/airflow/example_dags/example_short_circuit_operator.py took 0.052 seconds
[2025-03-24T23:46:52.664+0000] {processor.py:161} INFO - Started process (PID=2471) to work on /home/airflow/.local/lib/python3.8/site-packages/airflow/example_dags/example_short_circuit_operator.py
[2025-03-24T23:46:52.668+0000] {processor.py:830} INFO - Processing file /home/airflow/.local/lib/python3.8/site-packages/airflow/example_dags/example_short_circuit_operator.py for tasks to queue
[2025-03-24T23:46:52.670+0000] {logging_mixin.py:188} INFO - [2025-03-24T23:46:52.670+0000] {dagbag.py:538} INFO - Filling up the DagBag from /home/airflow/.local/lib/python3.8/site-packages/airflow/example_dags/example_short_circuit_operator.py
[2025-03-24T23:46:52.678+0000] {processor.py:840} INFO - DAG(s) 'example_short_circuit_operator' retrieved from /home/airflow/.local/lib/python3.8/site-packages/airflow/example_dags/example_short_circuit_operator.py
[2025-03-24T23:46:52.696+0000] {logging_mixin.py:188} INFO - [2025-03-24T23:46:52.696+0000] {dag.py:3033} INFO - Sync 1 DAGs
[2025-03-24T23:46:52.712+0000] {logging_mixin.py:188} INFO - [2025-03-24T23:46:52.712+0000] {dag.py:3820} INFO - Setting next_dagrun for example_short_circuit_operator to 2025-03-23T00:00:00+00:00, run_after=2025-03-24T00:00:00+00:00
[2025-03-24T23:46:52.725+0000] {processor.py:183} INFO - Processing /home/airflow/.local/lib/python3.8/site-packages/airflow/example_dags/example_short_circuit_operator.py took 0.065 seconds
[2025-03-24T23:47:22.763+0000] {processor.py:161} INFO - Started process (PID=2526) to work on /home/airflow/.local/lib/python3.8/site-packages/airflow/example_dags/example_short_circuit_operator.py
[2025-03-24T23:47:22.765+0000] {processor.py:830} INFO - Processing file /home/airflow/.local/lib/python3.8/site-packages/airflow/example_dags/example_short_circuit_operator.py for tasks to queue
[2025-03-24T23:47:22.766+0000] {logging_mixin.py:188} INFO - [2025-03-24T23:47:22.766+0000] {dagbag.py:538} INFO - Filling up the DagBag from /home/airflow/.local/lib/python3.8/site-packages/airflow/example_dags/example_short_circuit_operator.py
[2025-03-24T23:47:22.771+0000] {processor.py:840} INFO - DAG(s) 'example_short_circuit_operator' retrieved from /home/airflow/.local/lib/python3.8/site-packages/airflow/example_dags/example_short_circuit_operator.py
[2025-03-24T23:47:22.785+0000] {logging_mixin.py:188} INFO - [2025-03-24T23:47:22.785+0000] {dag.py:3033} INFO - Sync 1 DAGs
[2025-03-24T23:47:22.795+0000] {logging_mixin.py:188} INFO - [2025-03-24T23:47:22.795+0000] {dag.py:3820} INFO - Setting next_dagrun for example_short_circuit_operator to 2025-03-23T00:00:00+00:00, run_after=2025-03-24T00:00:00+00:00
[2025-03-24T23:47:22.803+0000] {processor.py:183} INFO - Processing /home/airflow/.local/lib/python3.8/site-packages/airflow/example_dags/example_short_circuit_operator.py took 0.043 seconds
[2025-03-24T23:47:53.476+0000] {processor.py:161} INFO - Started process (PID=2581) to work on /home/airflow/.local/lib/python3.8/site-packages/airflow/example_dags/example_short_circuit_operator.py
[2025-03-24T23:47:53.479+0000] {processor.py:830} INFO - Processing file /home/airflow/.local/lib/python3.8/site-packages/airflow/example_dags/example_short_circuit_operator.py for tasks to queue
[2025-03-24T23:47:53.481+0000] {logging_mixin.py:188} INFO - [2025-03-24T23:47:53.480+0000] {dagbag.py:538} INFO - Filling up the DagBag from /home/airflow/.local/lib/python3.8/site-packages/airflow/example_dags/example_short_circuit_operator.py
[2025-03-24T23:47:53.486+0000] {processor.py:840} INFO - DAG(s) 'example_short_circuit_operator' retrieved from /home/airflow/.local/lib/python3.8/site-packages/airflow/example_dags/example_short_circuit_operator.py
[2025-03-24T23:47:53.499+0000] {logging_mixin.py:188} INFO - [2025-03-24T23:47:53.499+0000] {dag.py:3033} INFO - Sync 1 DAGs
[2025-03-24T23:47:53.599+0000] {logging_mixin.py:188} INFO - [2025-03-24T23:47:53.599+0000] {dag.py:3820} INFO - Setting next_dagrun for example_short_circuit_operator to 2025-03-23T00:00:00+00:00, run_after=2025-03-24T00:00:00+00:00
[2025-03-24T23:47:53.607+0000] {processor.py:183} INFO - Processing /home/airflow/.local/lib/python3.8/site-packages/airflow/example_dags/example_short_circuit_operator.py took 0.133 seconds
[2025-03-24T23:48:23.669+0000] {processor.py:161} INFO - Started process (PID=2636) to work on /home/airflow/.local/lib/python3.8/site-packages/airflow/example_dags/example_short_circuit_operator.py
[2025-03-24T23:48:23.670+0000] {processor.py:830} INFO - Processing file /home/airflow/.local/lib/python3.8/site-packages/airflow/example_dags/example_short_circuit_operator.py for tasks to queue
[2025-03-24T23:48:23.672+0000] {logging_mixin.py:188} INFO - [2025-03-24T23:48:23.672+0000] {dagbag.py:538} INFO - Filling up the DagBag from /home/airflow/.local/lib/python3.8/site-packages/airflow/example_dags/example_short_circuit_operator.py
[2025-03-24T23:48:23.677+0000] {processor.py:840} INFO - DAG(s) 'example_short_circuit_operator' retrieved from /home/airflow/.local/lib/python3.8/site-packages/airflow/example_dags/example_short_circuit_operator.py
[2025-03-24T23:48:23.695+0000] {logging_mixin.py:188} INFO - [2025-03-24T23:48:23.695+0000] {dag.py:3033} INFO - Sync 1 DAGs
[2025-03-24T23:48:23.707+0000] {logging_mixin.py:188} INFO - [2025-03-24T23:48:23.707+0000] {dag.py:3820} INFO - Setting next_dagrun for example_short_circuit_operator to 2025-03-23T00:00:00+00:00, run_after=2025-03-24T00:00:00+00:00
[2025-03-24T23:48:23.717+0000] {processor.py:183} INFO - Processing /home/airflow/.local/lib/python3.8/site-packages/airflow/example_dags/example_short_circuit_operator.py took 0.052 seconds
[2025-03-24T23:48:54.347+0000] {processor.py:161} INFO - Started process (PID=2691) to work on /home/airflow/.local/lib/python3.8/site-packages/airflow/example_dags/example_short_circuit_operator.py
[2025-03-24T23:48:54.349+0000] {processor.py:830} INFO - Processing file /home/airflow/.local/lib/python3.8/site-packages/airflow/example_dags/example_short_circuit_operator.py for tasks to queue
[2025-03-24T23:48:54.351+0000] {logging_mixin.py:188} INFO - [2025-03-24T23:48:54.351+0000] {dagbag.py:538} INFO - Filling up the DagBag from /home/airflow/.local/lib/python3.8/site-packages/airflow/example_dags/example_short_circuit_operator.py
[2025-03-24T23:48:54.358+0000] {processor.py:840} INFO - DAG(s) 'example_short_circuit_operator' retrieved from /home/airflow/.local/lib/python3.8/site-packages/airflow/example_dags/example_short_circuit_operator.py
[2025-03-24T23:48:54.375+0000] {logging_mixin.py:188} INFO - [2025-03-24T23:48:54.374+0000] {dag.py:3033} INFO - Sync 1 DAGs
[2025-03-24T23:48:54.387+0000] {logging_mixin.py:188} INFO - [2025-03-24T23:48:54.387+0000] {dag.py:3820} INFO - Setting next_dagrun for example_short_circuit_operator to 2025-03-23T00:00:00+00:00, run_after=2025-03-24T00:00:00+00:00
[2025-03-24T23:48:54.398+0000] {processor.py:183} INFO - Processing /home/airflow/.local/lib/python3.8/site-packages/airflow/example_dags/example_short_circuit_operator.py took 0.055 seconds
[2025-03-24T23:49:25.185+0000] {processor.py:161} INFO - Started process (PID=2746) to work on /home/airflow/.local/lib/python3.8/site-packages/airflow/example_dags/example_short_circuit_operator.py
[2025-03-24T23:49:25.186+0000] {processor.py:830} INFO - Processing file /home/airflow/.local/lib/python3.8/site-packages/airflow/example_dags/example_short_circuit_operator.py for tasks to queue
[2025-03-24T23:49:25.188+0000] {logging_mixin.py:188} INFO - [2025-03-24T23:49:25.187+0000] {dagbag.py:538} INFO - Filling up the DagBag from /home/airflow/.local/lib/python3.8/site-packages/airflow/example_dags/example_short_circuit_operator.py
[2025-03-24T23:49:25.194+0000] {processor.py:840} INFO - DAG(s) 'example_short_circuit_operator' retrieved from /home/airflow/.local/lib/python3.8/site-packages/airflow/example_dags/example_short_circuit_operator.py
[2025-03-24T23:49:25.211+0000] {logging_mixin.py:188} INFO - [2025-03-24T23:49:25.211+0000] {dag.py:3033} INFO - Sync 1 DAGs
[2025-03-24T23:49:25.351+0000] {logging_mixin.py:188} INFO - [2025-03-24T23:49:25.350+0000] {dag.py:3820} INFO - Setting next_dagrun for example_short_circuit_operator to 2025-03-23T00:00:00+00:00, run_after=2025-03-24T00:00:00+00:00
[2025-03-24T23:49:25.361+0000] {processor.py:183} INFO - Processing /home/airflow/.local/lib/python3.8/site-packages/airflow/example_dags/example_short_circuit_operator.py took 0.179 seconds
[2025-03-24T23:49:55.397+0000] {processor.py:161} INFO - Started process (PID=2800) to work on /home/airflow/.local/lib/python3.8/site-packages/airflow/example_dags/example_short_circuit_operator.py
[2025-03-24T23:49:55.398+0000] {processor.py:830} INFO - Processing file /home/airflow/.local/lib/python3.8/site-packages/airflow/example_dags/example_short_circuit_operator.py for tasks to queue
[2025-03-24T23:49:55.401+0000] {logging_mixin.py:188} INFO - [2025-03-24T23:49:55.400+0000] {dagbag.py:538} INFO - Filling up the DagBag from /home/airflow/.local/lib/python3.8/site-packages/airflow/example_dags/example_short_circuit_operator.py
[2025-03-24T23:49:55.411+0000] {processor.py:840} INFO - DAG(s) 'example_short_circuit_operator' retrieved from /home/airflow/.local/lib/python3.8/site-packages/airflow/example_dags/example_short_circuit_operator.py
[2025-03-24T23:49:55.429+0000] {logging_mixin.py:188} INFO - [2025-03-24T23:49:55.429+0000] {dag.py:3033} INFO - Sync 1 DAGs
[2025-03-24T23:49:55.445+0000] {logging_mixin.py:188} INFO - [2025-03-24T23:49:55.445+0000] {dag.py:3820} INFO - Setting next_dagrun for example_short_circuit_operator to 2025-03-23T00:00:00+00:00, run_after=2025-03-24T00:00:00+00:00
[2025-03-24T23:49:55.594+0000] {processor.py:183} INFO - Processing /home/airflow/.local/lib/python3.8/site-packages/airflow/example_dags/example_short_circuit_operator.py took 0.201 seconds
[2025-03-24T23:50:25.712+0000] {processor.py:161} INFO - Started process (PID=2855) to work on /home/airflow/.local/lib/python3.8/site-packages/airflow/example_dags/example_short_circuit_operator.py
[2025-03-24T23:50:25.715+0000] {processor.py:830} INFO - Processing file /home/airflow/.local/lib/python3.8/site-packages/airflow/example_dags/example_short_circuit_operator.py for tasks to queue
[2025-03-24T23:50:25.719+0000] {logging_mixin.py:188} INFO - [2025-03-24T23:50:25.719+0000] {dagbag.py:538} INFO - Filling up the DagBag from /home/airflow/.local/lib/python3.8/site-packages/airflow/example_dags/example_short_circuit_operator.py
[2025-03-24T23:50:25.725+0000] {processor.py:840} INFO - DAG(s) 'example_short_circuit_operator' retrieved from /home/airflow/.local/lib/python3.8/site-packages/airflow/example_dags/example_short_circuit_operator.py
[2025-03-24T23:50:25.750+0000] {logging_mixin.py:188} INFO - [2025-03-24T23:50:25.750+0000] {dag.py:3033} INFO - Sync 1 DAGs
[2025-03-24T23:50:25.766+0000] {logging_mixin.py:188} INFO - [2025-03-24T23:50:25.766+0000] {dag.py:3820} INFO - Setting next_dagrun for example_short_circuit_operator to 2025-03-23T00:00:00+00:00, run_after=2025-03-24T00:00:00+00:00
[2025-03-24T23:50:25.782+0000] {processor.py:183} INFO - Processing /home/airflow/.local/lib/python3.8/site-packages/airflow/example_dags/example_short_circuit_operator.py took 0.073 seconds
[2025-03-24T23:50:56.546+0000] {processor.py:161} INFO - Started process (PID=2910) to work on /home/airflow/.local/lib/python3.8/site-packages/airflow/example_dags/example_short_circuit_operator.py
[2025-03-24T23:50:56.550+0000] {processor.py:830} INFO - Processing file /home/airflow/.local/lib/python3.8/site-packages/airflow/example_dags/example_short_circuit_operator.py for tasks to queue
[2025-03-24T23:50:56.552+0000] {logging_mixin.py:188} INFO - [2025-03-24T23:50:56.552+0000] {dagbag.py:538} INFO - Filling up the DagBag from /home/airflow/.local/lib/python3.8/site-packages/airflow/example_dags/example_short_circuit_operator.py
[2025-03-24T23:50:56.691+0000] {processor.py:840} INFO - DAG(s) 'example_short_circuit_operator' retrieved from /home/airflow/.local/lib/python3.8/site-packages/airflow/example_dags/example_short_circuit_operator.py
[2025-03-24T23:50:56.706+0000] {logging_mixin.py:188} INFO - [2025-03-24T23:50:56.706+0000] {dag.py:3033} INFO - Sync 1 DAGs
[2025-03-24T23:50:56.716+0000] {logging_mixin.py:188} INFO - [2025-03-24T23:50:56.716+0000] {dag.py:3820} INFO - Setting next_dagrun for example_short_circuit_operator to 2025-03-23T00:00:00+00:00, run_after=2025-03-24T00:00:00+00:00
[2025-03-24T23:50:56.728+0000] {processor.py:183} INFO - Processing /home/airflow/.local/lib/python3.8/site-packages/airflow/example_dags/example_short_circuit_operator.py took 0.184 seconds
[2025-03-24T23:51:27.506+0000] {processor.py:161} INFO - Started process (PID=2965) to work on /home/airflow/.local/lib/python3.8/site-packages/airflow/example_dags/example_short_circuit_operator.py
[2025-03-24T23:51:27.507+0000] {processor.py:830} INFO - Processing file /home/airflow/.local/lib/python3.8/site-packages/airflow/example_dags/example_short_circuit_operator.py for tasks to queue
[2025-03-24T23:51:27.513+0000] {logging_mixin.py:188} INFO - [2025-03-24T23:51:27.512+0000] {dagbag.py:538} INFO - Filling up the DagBag from /home/airflow/.local/lib/python3.8/site-packages/airflow/example_dags/example_short_circuit_operator.py
[2025-03-24T23:51:27.519+0000] {processor.py:840} INFO - DAG(s) 'example_short_circuit_operator' retrieved from /home/airflow/.local/lib/python3.8/site-packages/airflow/example_dags/example_short_circuit_operator.py
[2025-03-24T23:51:27.537+0000] {logging_mixin.py:188} INFO - [2025-03-24T23:51:27.537+0000] {dag.py:3033} INFO - Sync 1 DAGs
[2025-03-24T23:51:27.552+0000] {logging_mixin.py:188} INFO - [2025-03-24T23:51:27.552+0000] {dag.py:3820} INFO - Setting next_dagrun for example_short_circuit_operator to 2025-03-23T00:00:00+00:00, run_after=2025-03-24T00:00:00+00:00
[2025-03-24T23:51:27.565+0000] {processor.py:183} INFO - Processing /home/airflow/.local/lib/python3.8/site-packages/airflow/example_dags/example_short_circuit_operator.py took 0.061 seconds
