[2025-03-24T23:24:26.573+0000] {processor.py:161} INFO - Started process (PID=68) to work on /home/airflow/.local/lib/python3.8/site-packages/airflow/example_dags/example_short_circuit_decorator.py
[2025-03-24T23:24:26.573+0000] {processor.py:830} INFO - Processing file /home/airflow/.local/lib/python3.8/site-packages/airflow/example_dags/example_short_circuit_decorator.py for tasks to queue
[2025-03-24T23:24:26.574+0000] {logging_mixin.py:188} INFO - [2025-03-24T23:24:26.574+0000] {dagbag.py:538} INFO - Filling up the DagBag from /home/airflow/.local/lib/python3.8/site-packages/airflow/example_dags/example_short_circuit_decorator.py
[2025-03-24T23:24:26.580+0000] {processor.py:840} INFO - DAG(s) 'example_short_circuit_decorator' retrieved from /home/airflow/.local/lib/python3.8/site-packages/airflow/example_dags/example_short_circuit_decorator.py
[2025-03-24T23:24:26.588+0000] {logging_mixin.py:188} INFO - [2025-03-24T23:24:26.588+0000] {dag.py:3033} INFO - Sync 1 DAGs
[2025-03-24T23:24:26.614+0000] {logging_mixin.py:188} INFO - [2025-03-24T23:24:26.614+0000] {dag.py:3820} INFO - Setting next_dagrun for example_short_circuit_decorator to 2025-03-23T00:00:00+00:00, run_after=2025-03-24T00:00:00+00:00
[2025-03-24T23:24:26.633+0000] {processor.py:183} INFO - Processing /home/airflow/.local/lib/python3.8/site-packages/airflow/example_dags/example_short_circuit_decorator.py took 0.062 seconds
[2025-03-24T23:24:56.874+0000] {processor.py:161} INFO - Started process (PID=123) to work on /home/airflow/.local/lib/python3.8/site-packages/airflow/example_dags/example_short_circuit_decorator.py
[2025-03-24T23:24:56.875+0000] {processor.py:830} INFO - Processing file /home/airflow/.local/lib/python3.8/site-packages/airflow/example_dags/example_short_circuit_decorator.py for tasks to queue
[2025-03-24T23:24:56.876+0000] {logging_mixin.py:188} INFO - [2025-03-24T23:24:56.876+0000] {dagbag.py:538} INFO - Filling up the DagBag from /home/airflow/.local/lib/python3.8/site-packages/airflow/example_dags/example_short_circuit_decorator.py
[2025-03-24T23:24:56.880+0000] {processor.py:840} INFO - DAG(s) 'example_short_circuit_decorator' retrieved from /home/airflow/.local/lib/python3.8/site-packages/airflow/example_dags/example_short_circuit_decorator.py
[2025-03-24T23:24:56.925+0000] {logging_mixin.py:188} INFO - [2025-03-24T23:24:56.925+0000] {dag.py:3033} INFO - Sync 1 DAGs
[2025-03-24T23:24:56.936+0000] {logging_mixin.py:188} INFO - [2025-03-24T23:24:56.936+0000] {dag.py:3820} INFO - Setting next_dagrun for example_short_circuit_decorator to 2025-03-23T00:00:00+00:00, run_after=2025-03-24T00:00:00+00:00
[2025-03-24T23:24:56.943+0000] {processor.py:183} INFO - Processing /home/airflow/.local/lib/python3.8/site-packages/airflow/example_dags/example_short_circuit_decorator.py took 0.071 seconds
[2025-03-24T23:25:27.790+0000] {processor.py:161} INFO - Started process (PID=178) to work on /home/airflow/.local/lib/python3.8/site-packages/airflow/example_dags/example_short_circuit_decorator.py
[2025-03-24T23:25:27.794+0000] {processor.py:830} INFO - Processing file /home/airflow/.local/lib/python3.8/site-packages/airflow/example_dags/example_short_circuit_decorator.py for tasks to queue
[2025-03-24T23:25:27.796+0000] {logging_mixin.py:188} INFO - [2025-03-24T23:25:27.796+0000] {dagbag.py:538} INFO - Filling up the DagBag from /home/airflow/.local/lib/python3.8/site-packages/airflow/example_dags/example_short_circuit_decorator.py
[2025-03-24T23:25:27.801+0000] {processor.py:840} INFO - DAG(s) 'example_short_circuit_decorator' retrieved from /home/airflow/.local/lib/python3.8/site-packages/airflow/example_dags/example_short_circuit_decorator.py
[2025-03-24T23:25:27.819+0000] {logging_mixin.py:188} INFO - [2025-03-24T23:25:27.819+0000] {dag.py:3033} INFO - Sync 1 DAGs
[2025-03-24T23:25:27.829+0000] {logging_mixin.py:188} INFO - [2025-03-24T23:25:27.828+0000] {dag.py:3820} INFO - Setting next_dagrun for example_short_circuit_decorator to 2025-03-23T00:00:00+00:00, run_after=2025-03-24T00:00:00+00:00
[2025-03-24T23:25:27.839+0000] {processor.py:183} INFO - Processing /home/airflow/.local/lib/python3.8/site-packages/airflow/example_dags/example_short_circuit_decorator.py took 0.052 seconds
[2025-03-24T23:25:58.317+0000] {processor.py:161} INFO - Started process (PID=233) to work on /home/airflow/.local/lib/python3.8/site-packages/airflow/example_dags/example_short_circuit_decorator.py
[2025-03-24T23:25:58.318+0000] {processor.py:830} INFO - Processing file /home/airflow/.local/lib/python3.8/site-packages/airflow/example_dags/example_short_circuit_decorator.py for tasks to queue
[2025-03-24T23:25:58.319+0000] {logging_mixin.py:188} INFO - [2025-03-24T23:25:58.319+0000] {dagbag.py:538} INFO - Filling up the DagBag from /home/airflow/.local/lib/python3.8/site-packages/airflow/example_dags/example_short_circuit_decorator.py
[2025-03-24T23:25:58.323+0000] {processor.py:840} INFO - DAG(s) 'example_short_circuit_decorator' retrieved from /home/airflow/.local/lib/python3.8/site-packages/airflow/example_dags/example_short_circuit_decorator.py
[2025-03-24T23:25:58.333+0000] {logging_mixin.py:188} INFO - [2025-03-24T23:25:58.333+0000] {dag.py:3033} INFO - Sync 1 DAGs
[2025-03-24T23:25:58.341+0000] {logging_mixin.py:188} INFO - [2025-03-24T23:25:58.341+0000] {dag.py:3820} INFO - Setting next_dagrun for example_short_circuit_decorator to 2025-03-23T00:00:00+00:00, run_after=2025-03-24T00:00:00+00:00
[2025-03-24T23:25:58.350+0000] {processor.py:183} INFO - Processing /home/airflow/.local/lib/python3.8/site-packages/airflow/example_dags/example_short_circuit_decorator.py took 0.034 seconds
[2025-03-24T23:26:29.072+0000] {processor.py:161} INFO - Started process (PID=294) to work on /home/airflow/.local/lib/python3.8/site-packages/airflow/example_dags/example_short_circuit_decorator.py
[2025-03-24T23:26:29.074+0000] {processor.py:830} INFO - Processing file /home/airflow/.local/lib/python3.8/site-packages/airflow/example_dags/example_short_circuit_decorator.py for tasks to queue
[2025-03-24T23:26:29.077+0000] {logging_mixin.py:188} INFO - [2025-03-24T23:26:29.077+0000] {dagbag.py:538} INFO - Filling up the DagBag from /home/airflow/.local/lib/python3.8/site-packages/airflow/example_dags/example_short_circuit_decorator.py
[2025-03-24T23:26:29.082+0000] {processor.py:840} INFO - DAG(s) 'example_short_circuit_decorator' retrieved from /home/airflow/.local/lib/python3.8/site-packages/airflow/example_dags/example_short_circuit_decorator.py
[2025-03-24T23:26:29.097+0000] {logging_mixin.py:188} INFO - [2025-03-24T23:26:29.097+0000] {dag.py:3033} INFO - Sync 1 DAGs
[2025-03-24T23:26:29.107+0000] {logging_mixin.py:188} INFO - [2025-03-24T23:26:29.107+0000] {dag.py:3820} INFO - Setting next_dagrun for example_short_circuit_decorator to 2025-03-23T00:00:00+00:00, run_after=2025-03-24T00:00:00+00:00
[2025-03-24T23:26:29.117+0000] {processor.py:183} INFO - Processing /home/airflow/.local/lib/python3.8/site-packages/airflow/example_dags/example_short_circuit_decorator.py took 0.046 seconds
[2025-03-24T23:26:59.601+0000] {processor.py:161} INFO - Started process (PID=349) to work on /home/airflow/.local/lib/python3.8/site-packages/airflow/example_dags/example_short_circuit_decorator.py
[2025-03-24T23:26:59.603+0000] {processor.py:830} INFO - Processing file /home/airflow/.local/lib/python3.8/site-packages/airflow/example_dags/example_short_circuit_decorator.py for tasks to queue
[2025-03-24T23:26:59.605+0000] {logging_mixin.py:188} INFO - [2025-03-24T23:26:59.605+0000] {dagbag.py:538} INFO - Filling up the DagBag from /home/airflow/.local/lib/python3.8/site-packages/airflow/example_dags/example_short_circuit_decorator.py
[2025-03-24T23:26:59.609+0000] {processor.py:840} INFO - DAG(s) 'example_short_circuit_decorator' retrieved from /home/airflow/.local/lib/python3.8/site-packages/airflow/example_dags/example_short_circuit_decorator.py
[2025-03-24T23:26:59.620+0000] {logging_mixin.py:188} INFO - [2025-03-24T23:26:59.620+0000] {dag.py:3033} INFO - Sync 1 DAGs
[2025-03-24T23:26:59.630+0000] {logging_mixin.py:188} INFO - [2025-03-24T23:26:59.629+0000] {dag.py:3820} INFO - Setting next_dagrun for example_short_circuit_decorator to 2025-03-23T00:00:00+00:00, run_after=2025-03-24T00:00:00+00:00
[2025-03-24T23:26:59.640+0000] {processor.py:183} INFO - Processing /home/airflow/.local/lib/python3.8/site-packages/airflow/example_dags/example_short_circuit_decorator.py took 0.040 seconds
[2025-03-24T23:27:30.270+0000] {processor.py:161} INFO - Started process (PID=404) to work on /home/airflow/.local/lib/python3.8/site-packages/airflow/example_dags/example_short_circuit_decorator.py
[2025-03-24T23:27:30.270+0000] {processor.py:830} INFO - Processing file /home/airflow/.local/lib/python3.8/site-packages/airflow/example_dags/example_short_circuit_decorator.py for tasks to queue
[2025-03-24T23:27:30.272+0000] {logging_mixin.py:188} INFO - [2025-03-24T23:27:30.272+0000] {dagbag.py:538} INFO - Filling up the DagBag from /home/airflow/.local/lib/python3.8/site-packages/airflow/example_dags/example_short_circuit_decorator.py
[2025-03-24T23:27:30.276+0000] {processor.py:840} INFO - DAG(s) 'example_short_circuit_decorator' retrieved from /home/airflow/.local/lib/python3.8/site-packages/airflow/example_dags/example_short_circuit_decorator.py
[2025-03-24T23:27:30.289+0000] {logging_mixin.py:188} INFO - [2025-03-24T23:27:30.288+0000] {dag.py:3033} INFO - Sync 1 DAGs
[2025-03-24T23:27:30.299+0000] {logging_mixin.py:188} INFO - [2025-03-24T23:27:30.299+0000] {dag.py:3820} INFO - Setting next_dagrun for example_short_circuit_decorator to 2025-03-23T00:00:00+00:00, run_after=2025-03-24T00:00:00+00:00
[2025-03-24T23:27:30.307+0000] {processor.py:183} INFO - Processing /home/airflow/.local/lib/python3.8/site-packages/airflow/example_dags/example_short_circuit_decorator.py took 0.039 seconds
[2025-03-24T23:28:00.955+0000] {processor.py:161} INFO - Started process (PID=459) to work on /home/airflow/.local/lib/python3.8/site-packages/airflow/example_dags/example_short_circuit_decorator.py
[2025-03-24T23:28:00.956+0000] {processor.py:830} INFO - Processing file /home/airflow/.local/lib/python3.8/site-packages/airflow/example_dags/example_short_circuit_decorator.py for tasks to queue
[2025-03-24T23:28:00.958+0000] {logging_mixin.py:188} INFO - [2025-03-24T23:28:00.957+0000] {dagbag.py:538} INFO - Filling up the DagBag from /home/airflow/.local/lib/python3.8/site-packages/airflow/example_dags/example_short_circuit_decorator.py
[2025-03-24T23:28:00.963+0000] {processor.py:840} INFO - DAG(s) 'example_short_circuit_decorator' retrieved from /home/airflow/.local/lib/python3.8/site-packages/airflow/example_dags/example_short_circuit_decorator.py
[2025-03-24T23:28:00.973+0000] {logging_mixin.py:188} INFO - [2025-03-24T23:28:00.973+0000] {dag.py:3033} INFO - Sync 1 DAGs
[2025-03-24T23:28:00.983+0000] {logging_mixin.py:188} INFO - [2025-03-24T23:28:00.983+0000] {dag.py:3820} INFO - Setting next_dagrun for example_short_circuit_decorator to 2025-03-23T00:00:00+00:00, run_after=2025-03-24T00:00:00+00:00
[2025-03-24T23:28:00.994+0000] {processor.py:183} INFO - Processing /home/airflow/.local/lib/python3.8/site-packages/airflow/example_dags/example_short_circuit_decorator.py took 0.041 seconds
[2025-03-24T23:28:31.735+0000] {processor.py:161} INFO - Started process (PID=514) to work on /home/airflow/.local/lib/python3.8/site-packages/airflow/example_dags/example_short_circuit_decorator.py
[2025-03-24T23:28:31.735+0000] {processor.py:830} INFO - Processing file /home/airflow/.local/lib/python3.8/site-packages/airflow/example_dags/example_short_circuit_decorator.py for tasks to queue
[2025-03-24T23:28:31.736+0000] {logging_mixin.py:188} INFO - [2025-03-24T23:28:31.736+0000] {dagbag.py:538} INFO - Filling up the DagBag from /home/airflow/.local/lib/python3.8/site-packages/airflow/example_dags/example_short_circuit_decorator.py
[2025-03-24T23:28:31.741+0000] {processor.py:840} INFO - DAG(s) 'example_short_circuit_decorator' retrieved from /home/airflow/.local/lib/python3.8/site-packages/airflow/example_dags/example_short_circuit_decorator.py
[2025-03-24T23:28:31.752+0000] {logging_mixin.py:188} INFO - [2025-03-24T23:28:31.752+0000] {dag.py:3033} INFO - Sync 1 DAGs
[2025-03-24T23:28:31.763+0000] {logging_mixin.py:188} INFO - [2025-03-24T23:28:31.763+0000] {dag.py:3820} INFO - Setting next_dagrun for example_short_circuit_decorator to 2025-03-23T00:00:00+00:00, run_after=2025-03-24T00:00:00+00:00
[2025-03-24T23:28:31.770+0000] {processor.py:183} INFO - Processing /home/airflow/.local/lib/python3.8/site-packages/airflow/example_dags/example_short_circuit_decorator.py took 0.038 seconds
[2025-03-24T23:29:02.516+0000] {processor.py:161} INFO - Started process (PID=569) to work on /home/airflow/.local/lib/python3.8/site-packages/airflow/example_dags/example_short_circuit_decorator.py
[2025-03-24T23:29:02.517+0000] {processor.py:830} INFO - Processing file /home/airflow/.local/lib/python3.8/site-packages/airflow/example_dags/example_short_circuit_decorator.py for tasks to queue
[2025-03-24T23:29:02.517+0000] {logging_mixin.py:188} INFO - [2025-03-24T23:29:02.517+0000] {dagbag.py:538} INFO - Filling up the DagBag from /home/airflow/.local/lib/python3.8/site-packages/airflow/example_dags/example_short_circuit_decorator.py
[2025-03-24T23:29:02.522+0000] {processor.py:840} INFO - DAG(s) 'example_short_circuit_decorator' retrieved from /home/airflow/.local/lib/python3.8/site-packages/airflow/example_dags/example_short_circuit_decorator.py
[2025-03-24T23:29:02.532+0000] {logging_mixin.py:188} INFO - [2025-03-24T23:29:02.532+0000] {dag.py:3033} INFO - Sync 1 DAGs
[2025-03-24T23:29:02.542+0000] {logging_mixin.py:188} INFO - [2025-03-24T23:29:02.541+0000] {dag.py:3820} INFO - Setting next_dagrun for example_short_circuit_decorator to 2025-03-23T00:00:00+00:00, run_after=2025-03-24T00:00:00+00:00
[2025-03-24T23:29:02.551+0000] {processor.py:183} INFO - Processing /home/airflow/.local/lib/python3.8/site-packages/airflow/example_dags/example_short_circuit_decorator.py took 0.036 seconds
[2025-03-24T23:29:33.181+0000] {processor.py:161} INFO - Started process (PID=624) to work on /home/airflow/.local/lib/python3.8/site-packages/airflow/example_dags/example_short_circuit_decorator.py
[2025-03-24T23:29:33.182+0000] {processor.py:830} INFO - Processing file /home/airflow/.local/lib/python3.8/site-packages/airflow/example_dags/example_short_circuit_decorator.py for tasks to queue
[2025-03-24T23:29:33.183+0000] {logging_mixin.py:188} INFO - [2025-03-24T23:29:33.183+0000] {dagbag.py:538} INFO - Filling up the DagBag from /home/airflow/.local/lib/python3.8/site-packages/airflow/example_dags/example_short_circuit_decorator.py
[2025-03-24T23:29:33.187+0000] {processor.py:840} INFO - DAG(s) 'example_short_circuit_decorator' retrieved from /home/airflow/.local/lib/python3.8/site-packages/airflow/example_dags/example_short_circuit_decorator.py
[2025-03-24T23:29:33.198+0000] {logging_mixin.py:188} INFO - [2025-03-24T23:29:33.198+0000] {dag.py:3033} INFO - Sync 1 DAGs
[2025-03-24T23:29:33.207+0000] {logging_mixin.py:188} INFO - [2025-03-24T23:29:33.207+0000] {dag.py:3820} INFO - Setting next_dagrun for example_short_circuit_decorator to 2025-03-23T00:00:00+00:00, run_after=2025-03-24T00:00:00+00:00
[2025-03-24T23:29:33.218+0000] {processor.py:183} INFO - Processing /home/airflow/.local/lib/python3.8/site-packages/airflow/example_dags/example_short_circuit_decorator.py took 0.039 seconds
[2025-03-24T23:30:03.898+0000] {processor.py:161} INFO - Started process (PID=679) to work on /home/airflow/.local/lib/python3.8/site-packages/airflow/example_dags/example_short_circuit_decorator.py
[2025-03-24T23:30:03.898+0000] {processor.py:830} INFO - Processing file /home/airflow/.local/lib/python3.8/site-packages/airflow/example_dags/example_short_circuit_decorator.py for tasks to queue
[2025-03-24T23:30:03.899+0000] {logging_mixin.py:188} INFO - [2025-03-24T23:30:03.899+0000] {dagbag.py:538} INFO - Filling up the DagBag from /home/airflow/.local/lib/python3.8/site-packages/airflow/example_dags/example_short_circuit_decorator.py
[2025-03-24T23:30:03.904+0000] {processor.py:840} INFO - DAG(s) 'example_short_circuit_decorator' retrieved from /home/airflow/.local/lib/python3.8/site-packages/airflow/example_dags/example_short_circuit_decorator.py
[2025-03-24T23:30:03.914+0000] {logging_mixin.py:188} INFO - [2025-03-24T23:30:03.914+0000] {dag.py:3033} INFO - Sync 1 DAGs
[2025-03-24T23:30:03.923+0000] {logging_mixin.py:188} INFO - [2025-03-24T23:30:03.923+0000] {dag.py:3820} INFO - Setting next_dagrun for example_short_circuit_decorator to 2025-03-23T00:00:00+00:00, run_after=2025-03-24T00:00:00+00:00
[2025-03-24T23:30:03.930+0000] {processor.py:183} INFO - Processing /home/airflow/.local/lib/python3.8/site-packages/airflow/example_dags/example_short_circuit_decorator.py took 0.034 seconds
[2025-03-24T23:30:34.419+0000] {processor.py:161} INFO - Started process (PID=734) to work on /home/airflow/.local/lib/python3.8/site-packages/airflow/example_dags/example_short_circuit_decorator.py
[2025-03-24T23:30:34.419+0000] {processor.py:830} INFO - Processing file /home/airflow/.local/lib/python3.8/site-packages/airflow/example_dags/example_short_circuit_decorator.py for tasks to queue
[2025-03-24T23:30:34.420+0000] {logging_mixin.py:188} INFO - [2025-03-24T23:30:34.420+0000] {dagbag.py:538} INFO - Filling up the DagBag from /home/airflow/.local/lib/python3.8/site-packages/airflow/example_dags/example_short_circuit_decorator.py
[2025-03-24T23:30:34.425+0000] {processor.py:840} INFO - DAG(s) 'example_short_circuit_decorator' retrieved from /home/airflow/.local/lib/python3.8/site-packages/airflow/example_dags/example_short_circuit_decorator.py
[2025-03-24T23:30:34.434+0000] {logging_mixin.py:188} INFO - [2025-03-24T23:30:34.434+0000] {dag.py:3033} INFO - Sync 1 DAGs
[2025-03-24T23:30:34.443+0000] {logging_mixin.py:188} INFO - [2025-03-24T23:30:34.443+0000] {dag.py:3820} INFO - Setting next_dagrun for example_short_circuit_decorator to 2025-03-23T00:00:00+00:00, run_after=2025-03-24T00:00:00+00:00
[2025-03-24T23:30:34.450+0000] {processor.py:183} INFO - Processing /home/airflow/.local/lib/python3.8/site-packages/airflow/example_dags/example_short_circuit_decorator.py took 0.033 seconds
[2025-03-24T23:31:05.331+0000] {processor.py:161} INFO - Started process (PID=789) to work on /home/airflow/.local/lib/python3.8/site-packages/airflow/example_dags/example_short_circuit_decorator.py
[2025-03-24T23:31:05.332+0000] {processor.py:830} INFO - Processing file /home/airflow/.local/lib/python3.8/site-packages/airflow/example_dags/example_short_circuit_decorator.py for tasks to queue
[2025-03-24T23:31:05.333+0000] {logging_mixin.py:188} INFO - [2025-03-24T23:31:05.333+0000] {dagbag.py:538} INFO - Filling up the DagBag from /home/airflow/.local/lib/python3.8/site-packages/airflow/example_dags/example_short_circuit_decorator.py
[2025-03-24T23:31:05.337+0000] {processor.py:840} INFO - DAG(s) 'example_short_circuit_decorator' retrieved from /home/airflow/.local/lib/python3.8/site-packages/airflow/example_dags/example_short_circuit_decorator.py
[2025-03-24T23:31:05.347+0000] {logging_mixin.py:188} INFO - [2025-03-24T23:31:05.347+0000] {dag.py:3033} INFO - Sync 1 DAGs
[2025-03-24T23:31:05.356+0000] {logging_mixin.py:188} INFO - [2025-03-24T23:31:05.356+0000] {dag.py:3820} INFO - Setting next_dagrun for example_short_circuit_decorator to 2025-03-23T00:00:00+00:00, run_after=2025-03-24T00:00:00+00:00
[2025-03-24T23:31:05.363+0000] {processor.py:183} INFO - Processing /home/airflow/.local/lib/python3.8/site-packages/airflow/example_dags/example_short_circuit_decorator.py took 0.033 seconds
[2025-03-24T23:31:36.116+0000] {processor.py:161} INFO - Started process (PID=844) to work on /home/airflow/.local/lib/python3.8/site-packages/airflow/example_dags/example_short_circuit_decorator.py
[2025-03-24T23:31:36.116+0000] {processor.py:830} INFO - Processing file /home/airflow/.local/lib/python3.8/site-packages/airflow/example_dags/example_short_circuit_decorator.py for tasks to queue
[2025-03-24T23:31:36.117+0000] {logging_mixin.py:188} INFO - [2025-03-24T23:31:36.117+0000] {dagbag.py:538} INFO - Filling up the DagBag from /home/airflow/.local/lib/python3.8/site-packages/airflow/example_dags/example_short_circuit_decorator.py
[2025-03-24T23:31:36.121+0000] {processor.py:840} INFO - DAG(s) 'example_short_circuit_decorator' retrieved from /home/airflow/.local/lib/python3.8/site-packages/airflow/example_dags/example_short_circuit_decorator.py
[2025-03-24T23:31:36.131+0000] {logging_mixin.py:188} INFO - [2025-03-24T23:31:36.131+0000] {dag.py:3033} INFO - Sync 1 DAGs
[2025-03-24T23:31:36.139+0000] {logging_mixin.py:188} INFO - [2025-03-24T23:31:36.139+0000] {dag.py:3820} INFO - Setting next_dagrun for example_short_circuit_decorator to 2025-03-23T00:00:00+00:00, run_after=2025-03-24T00:00:00+00:00
[2025-03-24T23:31:36.146+0000] {processor.py:183} INFO - Processing /home/airflow/.local/lib/python3.8/site-packages/airflow/example_dags/example_short_circuit_decorator.py took 0.031 seconds
[2025-03-24T23:32:06.871+0000] {processor.py:161} INFO - Started process (PID=899) to work on /home/airflow/.local/lib/python3.8/site-packages/airflow/example_dags/example_short_circuit_decorator.py
[2025-03-24T23:32:06.872+0000] {processor.py:830} INFO - Processing file /home/airflow/.local/lib/python3.8/site-packages/airflow/example_dags/example_short_circuit_decorator.py for tasks to queue
[2025-03-24T23:32:06.873+0000] {logging_mixin.py:188} INFO - [2025-03-24T23:32:06.873+0000] {dagbag.py:538} INFO - Filling up the DagBag from /home/airflow/.local/lib/python3.8/site-packages/airflow/example_dags/example_short_circuit_decorator.py
[2025-03-24T23:32:06.878+0000] {processor.py:840} INFO - DAG(s) 'example_short_circuit_decorator' retrieved from /home/airflow/.local/lib/python3.8/site-packages/airflow/example_dags/example_short_circuit_decorator.py
[2025-03-24T23:32:06.889+0000] {logging_mixin.py:188} INFO - [2025-03-24T23:32:06.889+0000] {dag.py:3033} INFO - Sync 1 DAGs
[2025-03-24T23:32:06.901+0000] {logging_mixin.py:188} INFO - [2025-03-24T23:32:06.901+0000] {dag.py:3820} INFO - Setting next_dagrun for example_short_circuit_decorator to 2025-03-23T00:00:00+00:00, run_after=2025-03-24T00:00:00+00:00
[2025-03-24T23:32:06.911+0000] {processor.py:183} INFO - Processing /home/airflow/.local/lib/python3.8/site-packages/airflow/example_dags/example_short_circuit_decorator.py took 0.041 seconds
[2025-03-24T23:32:37.866+0000] {processor.py:161} INFO - Started process (PID=954) to work on /home/airflow/.local/lib/python3.8/site-packages/airflow/example_dags/example_short_circuit_decorator.py
[2025-03-24T23:32:37.867+0000] {processor.py:830} INFO - Processing file /home/airflow/.local/lib/python3.8/site-packages/airflow/example_dags/example_short_circuit_decorator.py for tasks to queue
[2025-03-24T23:32:37.868+0000] {logging_mixin.py:188} INFO - [2025-03-24T23:32:37.868+0000] {dagbag.py:538} INFO - Filling up the DagBag from /home/airflow/.local/lib/python3.8/site-packages/airflow/example_dags/example_short_circuit_decorator.py
[2025-03-24T23:32:37.872+0000] {processor.py:840} INFO - DAG(s) 'example_short_circuit_decorator' retrieved from /home/airflow/.local/lib/python3.8/site-packages/airflow/example_dags/example_short_circuit_decorator.py
[2025-03-24T23:32:37.883+0000] {logging_mixin.py:188} INFO - [2025-03-24T23:32:37.883+0000] {dag.py:3033} INFO - Sync 1 DAGs
[2025-03-24T23:32:37.892+0000] {logging_mixin.py:188} INFO - [2025-03-24T23:32:37.892+0000] {dag.py:3820} INFO - Setting next_dagrun for example_short_circuit_decorator to 2025-03-23T00:00:00+00:00, run_after=2025-03-24T00:00:00+00:00
[2025-03-24T23:32:37.900+0000] {processor.py:183} INFO - Processing /home/airflow/.local/lib/python3.8/site-packages/airflow/example_dags/example_short_circuit_decorator.py took 0.036 seconds
[2025-03-24T23:33:08.438+0000] {processor.py:161} INFO - Started process (PID=1009) to work on /home/airflow/.local/lib/python3.8/site-packages/airflow/example_dags/example_short_circuit_decorator.py
[2025-03-24T23:33:08.439+0000] {processor.py:830} INFO - Processing file /home/airflow/.local/lib/python3.8/site-packages/airflow/example_dags/example_short_circuit_decorator.py for tasks to queue
[2025-03-24T23:33:08.440+0000] {logging_mixin.py:188} INFO - [2025-03-24T23:33:08.440+0000] {dagbag.py:538} INFO - Filling up the DagBag from /home/airflow/.local/lib/python3.8/site-packages/airflow/example_dags/example_short_circuit_decorator.py
[2025-03-24T23:33:08.446+0000] {processor.py:840} INFO - DAG(s) 'example_short_circuit_decorator' retrieved from /home/airflow/.local/lib/python3.8/site-packages/airflow/example_dags/example_short_circuit_decorator.py
[2025-03-24T23:33:08.460+0000] {logging_mixin.py:188} INFO - [2025-03-24T23:33:08.460+0000] {dag.py:3033} INFO - Sync 1 DAGs
[2025-03-24T23:33:08.472+0000] {logging_mixin.py:188} INFO - [2025-03-24T23:33:08.472+0000] {dag.py:3820} INFO - Setting next_dagrun for example_short_circuit_decorator to 2025-03-23T00:00:00+00:00, run_after=2025-03-24T00:00:00+00:00
[2025-03-24T23:33:08.484+0000] {processor.py:183} INFO - Processing /home/airflow/.local/lib/python3.8/site-packages/airflow/example_dags/example_short_circuit_decorator.py took 0.048 seconds
[2025-03-24T23:33:38.972+0000] {processor.py:161} INFO - Started process (PID=1064) to work on /home/airflow/.local/lib/python3.8/site-packages/airflow/example_dags/example_short_circuit_decorator.py
[2025-03-24T23:33:38.973+0000] {processor.py:830} INFO - Processing file /home/airflow/.local/lib/python3.8/site-packages/airflow/example_dags/example_short_circuit_decorator.py for tasks to queue
[2025-03-24T23:33:38.974+0000] {logging_mixin.py:188} INFO - [2025-03-24T23:33:38.974+0000] {dagbag.py:538} INFO - Filling up the DagBag from /home/airflow/.local/lib/python3.8/site-packages/airflow/example_dags/example_short_circuit_decorator.py
[2025-03-24T23:33:38.979+0000] {processor.py:840} INFO - DAG(s) 'example_short_circuit_decorator' retrieved from /home/airflow/.local/lib/python3.8/site-packages/airflow/example_dags/example_short_circuit_decorator.py
[2025-03-24T23:33:38.990+0000] {logging_mixin.py:188} INFO - [2025-03-24T23:33:38.990+0000] {dag.py:3033} INFO - Sync 1 DAGs
[2025-03-24T23:33:39.001+0000] {logging_mixin.py:188} INFO - [2025-03-24T23:33:39.001+0000] {dag.py:3820} INFO - Setting next_dagrun for example_short_circuit_decorator to 2025-03-23T00:00:00+00:00, run_after=2025-03-24T00:00:00+00:00
[2025-03-24T23:33:39.011+0000] {processor.py:183} INFO - Processing /home/airflow/.local/lib/python3.8/site-packages/airflow/example_dags/example_short_circuit_decorator.py took 0.041 seconds
[2025-03-24T23:34:09.507+0000] {processor.py:161} INFO - Started process (PID=1119) to work on /home/airflow/.local/lib/python3.8/site-packages/airflow/example_dags/example_short_circuit_decorator.py
[2025-03-24T23:34:09.507+0000] {processor.py:830} INFO - Processing file /home/airflow/.local/lib/python3.8/site-packages/airflow/example_dags/example_short_circuit_decorator.py for tasks to queue
[2025-03-24T23:34:09.508+0000] {logging_mixin.py:188} INFO - [2025-03-24T23:34:09.508+0000] {dagbag.py:538} INFO - Filling up the DagBag from /home/airflow/.local/lib/python3.8/site-packages/airflow/example_dags/example_short_circuit_decorator.py
[2025-03-24T23:34:09.512+0000] {processor.py:840} INFO - DAG(s) 'example_short_circuit_decorator' retrieved from /home/airflow/.local/lib/python3.8/site-packages/airflow/example_dags/example_short_circuit_decorator.py
[2025-03-24T23:34:09.521+0000] {logging_mixin.py:188} INFO - [2025-03-24T23:34:09.521+0000] {dag.py:3033} INFO - Sync 1 DAGs
[2025-03-24T23:34:09.530+0000] {logging_mixin.py:188} INFO - [2025-03-24T23:34:09.530+0000] {dag.py:3820} INFO - Setting next_dagrun for example_short_circuit_decorator to 2025-03-23T00:00:00+00:00, run_after=2025-03-24T00:00:00+00:00
[2025-03-24T23:34:09.537+0000] {processor.py:183} INFO - Processing /home/airflow/.local/lib/python3.8/site-packages/airflow/example_dags/example_short_circuit_decorator.py took 0.032 seconds
[2025-03-24T23:34:40.278+0000] {processor.py:161} INFO - Started process (PID=1174) to work on /home/airflow/.local/lib/python3.8/site-packages/airflow/example_dags/example_short_circuit_decorator.py
[2025-03-24T23:34:40.279+0000] {processor.py:830} INFO - Processing file /home/airflow/.local/lib/python3.8/site-packages/airflow/example_dags/example_short_circuit_decorator.py for tasks to queue
[2025-03-24T23:34:40.280+0000] {logging_mixin.py:188} INFO - [2025-03-24T23:34:40.279+0000] {dagbag.py:538} INFO - Filling up the DagBag from /home/airflow/.local/lib/python3.8/site-packages/airflow/example_dags/example_short_circuit_decorator.py
[2025-03-24T23:34:40.284+0000] {processor.py:840} INFO - DAG(s) 'example_short_circuit_decorator' retrieved from /home/airflow/.local/lib/python3.8/site-packages/airflow/example_dags/example_short_circuit_decorator.py
[2025-03-24T23:34:40.295+0000] {logging_mixin.py:188} INFO - [2025-03-24T23:34:40.295+0000] {dag.py:3033} INFO - Sync 1 DAGs
[2025-03-24T23:34:40.304+0000] {logging_mixin.py:188} INFO - [2025-03-24T23:34:40.304+0000] {dag.py:3820} INFO - Setting next_dagrun for example_short_circuit_decorator to 2025-03-23T00:00:00+00:00, run_after=2025-03-24T00:00:00+00:00
[2025-03-24T23:34:40.313+0000] {processor.py:183} INFO - Processing /home/airflow/.local/lib/python3.8/site-packages/airflow/example_dags/example_short_circuit_decorator.py took 0.038 seconds
[2025-03-24T23:35:10.383+0000] {processor.py:161} INFO - Started process (PID=1228) to work on /home/airflow/.local/lib/python3.8/site-packages/airflow/example_dags/example_short_circuit_decorator.py
[2025-03-24T23:35:10.384+0000] {processor.py:830} INFO - Processing file /home/airflow/.local/lib/python3.8/site-packages/airflow/example_dags/example_short_circuit_decorator.py for tasks to queue
[2025-03-24T23:35:10.385+0000] {logging_mixin.py:188} INFO - [2025-03-24T23:35:10.384+0000] {dagbag.py:538} INFO - Filling up the DagBag from /home/airflow/.local/lib/python3.8/site-packages/airflow/example_dags/example_short_circuit_decorator.py
[2025-03-24T23:35:10.388+0000] {processor.py:840} INFO - DAG(s) 'example_short_circuit_decorator' retrieved from /home/airflow/.local/lib/python3.8/site-packages/airflow/example_dags/example_short_circuit_decorator.py
[2025-03-24T23:35:10.398+0000] {logging_mixin.py:188} INFO - [2025-03-24T23:35:10.398+0000] {dag.py:3033} INFO - Sync 1 DAGs
[2025-03-24T23:35:10.407+0000] {logging_mixin.py:188} INFO - [2025-03-24T23:35:10.407+0000] {dag.py:3820} INFO - Setting next_dagrun for example_short_circuit_decorator to 2025-03-23T00:00:00+00:00, run_after=2025-03-24T00:00:00+00:00
[2025-03-24T23:35:10.416+0000] {processor.py:183} INFO - Processing /home/airflow/.local/lib/python3.8/site-packages/airflow/example_dags/example_short_circuit_decorator.py took 0.034 seconds
[2025-03-24T23:35:41.319+0000] {processor.py:161} INFO - Started process (PID=1284) to work on /home/airflow/.local/lib/python3.8/site-packages/airflow/example_dags/example_short_circuit_decorator.py
[2025-03-24T23:35:41.320+0000] {processor.py:830} INFO - Processing file /home/airflow/.local/lib/python3.8/site-packages/airflow/example_dags/example_short_circuit_decorator.py for tasks to queue
[2025-03-24T23:35:41.321+0000] {logging_mixin.py:188} INFO - [2025-03-24T23:35:41.321+0000] {dagbag.py:538} INFO - Filling up the DagBag from /home/airflow/.local/lib/python3.8/site-packages/airflow/example_dags/example_short_circuit_decorator.py
[2025-03-24T23:35:41.326+0000] {processor.py:840} INFO - DAG(s) 'example_short_circuit_decorator' retrieved from /home/airflow/.local/lib/python3.8/site-packages/airflow/example_dags/example_short_circuit_decorator.py
[2025-03-24T23:35:41.335+0000] {logging_mixin.py:188} INFO - [2025-03-24T23:35:41.335+0000] {dag.py:3033} INFO - Sync 1 DAGs
[2025-03-24T23:35:41.345+0000] {logging_mixin.py:188} INFO - [2025-03-24T23:35:41.345+0000] {dag.py:3820} INFO - Setting next_dagrun for example_short_circuit_decorator to 2025-03-23T00:00:00+00:00, run_after=2025-03-24T00:00:00+00:00
[2025-03-24T23:35:41.354+0000] {processor.py:183} INFO - Processing /home/airflow/.local/lib/python3.8/site-packages/airflow/example_dags/example_short_circuit_decorator.py took 0.036 seconds
[2025-03-24T23:36:11.973+0000] {processor.py:161} INFO - Started process (PID=1339) to work on /home/airflow/.local/lib/python3.8/site-packages/airflow/example_dags/example_short_circuit_decorator.py
[2025-03-24T23:36:11.974+0000] {processor.py:830} INFO - Processing file /home/airflow/.local/lib/python3.8/site-packages/airflow/example_dags/example_short_circuit_decorator.py for tasks to queue
[2025-03-24T23:36:11.979+0000] {logging_mixin.py:188} INFO - [2025-03-24T23:36:11.979+0000] {dagbag.py:538} INFO - Filling up the DagBag from /home/airflow/.local/lib/python3.8/site-packages/airflow/example_dags/example_short_circuit_decorator.py
[2025-03-24T23:36:11.982+0000] {processor.py:840} INFO - DAG(s) 'example_short_circuit_decorator' retrieved from /home/airflow/.local/lib/python3.8/site-packages/airflow/example_dags/example_short_circuit_decorator.py
[2025-03-24T23:36:11.991+0000] {logging_mixin.py:188} INFO - [2025-03-24T23:36:11.991+0000] {dag.py:3033} INFO - Sync 1 DAGs
[2025-03-24T23:36:12.000+0000] {logging_mixin.py:188} INFO - [2025-03-24T23:36:12.000+0000] {dag.py:3820} INFO - Setting next_dagrun for example_short_circuit_decorator to 2025-03-23T00:00:00+00:00, run_after=2025-03-24T00:00:00+00:00
[2025-03-24T23:36:12.009+0000] {processor.py:183} INFO - Processing /home/airflow/.local/lib/python3.8/site-packages/airflow/example_dags/example_short_circuit_decorator.py took 0.037 seconds
[2025-03-24T23:36:42.730+0000] {processor.py:161} INFO - Started process (PID=1394) to work on /home/airflow/.local/lib/python3.8/site-packages/airflow/example_dags/example_short_circuit_decorator.py
[2025-03-24T23:36:42.733+0000] {processor.py:830} INFO - Processing file /home/airflow/.local/lib/python3.8/site-packages/airflow/example_dags/example_short_circuit_decorator.py for tasks to queue
[2025-03-24T23:36:42.734+0000] {logging_mixin.py:188} INFO - [2025-03-24T23:36:42.734+0000] {dagbag.py:538} INFO - Filling up the DagBag from /home/airflow/.local/lib/python3.8/site-packages/airflow/example_dags/example_short_circuit_decorator.py
[2025-03-24T23:36:42.739+0000] {processor.py:840} INFO - DAG(s) 'example_short_circuit_decorator' retrieved from /home/airflow/.local/lib/python3.8/site-packages/airflow/example_dags/example_short_circuit_decorator.py
[2025-03-24T23:36:42.750+0000] {logging_mixin.py:188} INFO - [2025-03-24T23:36:42.750+0000] {dag.py:3033} INFO - Sync 1 DAGs
[2025-03-24T23:36:42.760+0000] {logging_mixin.py:188} INFO - [2025-03-24T23:36:42.760+0000] {dag.py:3820} INFO - Setting next_dagrun for example_short_circuit_decorator to 2025-03-23T00:00:00+00:00, run_after=2025-03-24T00:00:00+00:00
[2025-03-24T23:36:42.771+0000] {processor.py:183} INFO - Processing /home/airflow/.local/lib/python3.8/site-packages/airflow/example_dags/example_short_circuit_decorator.py took 0.043 seconds
[2025-03-24T23:37:13.530+0000] {processor.py:161} INFO - Started process (PID=1449) to work on /home/airflow/.local/lib/python3.8/site-packages/airflow/example_dags/example_short_circuit_decorator.py
[2025-03-24T23:37:13.531+0000] {processor.py:830} INFO - Processing file /home/airflow/.local/lib/python3.8/site-packages/airflow/example_dags/example_short_circuit_decorator.py for tasks to queue
[2025-03-24T23:37:13.531+0000] {logging_mixin.py:188} INFO - [2025-03-24T23:37:13.531+0000] {dagbag.py:538} INFO - Filling up the DagBag from /home/airflow/.local/lib/python3.8/site-packages/airflow/example_dags/example_short_circuit_decorator.py
[2025-03-24T23:37:13.536+0000] {processor.py:840} INFO - DAG(s) 'example_short_circuit_decorator' retrieved from /home/airflow/.local/lib/python3.8/site-packages/airflow/example_dags/example_short_circuit_decorator.py
[2025-03-24T23:37:13.551+0000] {logging_mixin.py:188} INFO - [2025-03-24T23:37:13.550+0000] {dag.py:3033} INFO - Sync 1 DAGs
[2025-03-24T23:37:13.563+0000] {logging_mixin.py:188} INFO - [2025-03-24T23:37:13.563+0000] {dag.py:3820} INFO - Setting next_dagrun for example_short_circuit_decorator to 2025-03-23T00:00:00+00:00, run_after=2025-03-24T00:00:00+00:00
[2025-03-24T23:37:13.575+0000] {processor.py:183} INFO - Processing /home/airflow/.local/lib/python3.8/site-packages/airflow/example_dags/example_short_circuit_decorator.py took 0.047 seconds
[2025-03-24T23:37:44.426+0000] {processor.py:161} INFO - Started process (PID=1504) to work on /home/airflow/.local/lib/python3.8/site-packages/airflow/example_dags/example_short_circuit_decorator.py
[2025-03-24T23:37:44.430+0000] {processor.py:830} INFO - Processing file /home/airflow/.local/lib/python3.8/site-packages/airflow/example_dags/example_short_circuit_decorator.py for tasks to queue
[2025-03-24T23:37:44.431+0000] {logging_mixin.py:188} INFO - [2025-03-24T23:37:44.431+0000] {dagbag.py:538} INFO - Filling up the DagBag from /home/airflow/.local/lib/python3.8/site-packages/airflow/example_dags/example_short_circuit_decorator.py
[2025-03-24T23:37:44.435+0000] {processor.py:840} INFO - DAG(s) 'example_short_circuit_decorator' retrieved from /home/airflow/.local/lib/python3.8/site-packages/airflow/example_dags/example_short_circuit_decorator.py
[2025-03-24T23:37:44.444+0000] {logging_mixin.py:188} INFO - [2025-03-24T23:37:44.444+0000] {dag.py:3033} INFO - Sync 1 DAGs
[2025-03-24T23:37:44.453+0000] {logging_mixin.py:188} INFO - [2025-03-24T23:37:44.453+0000] {dag.py:3820} INFO - Setting next_dagrun for example_short_circuit_decorator to 2025-03-23T00:00:00+00:00, run_after=2025-03-24T00:00:00+00:00
[2025-03-24T23:37:44.464+0000] {processor.py:183} INFO - Processing /home/airflow/.local/lib/python3.8/site-packages/airflow/example_dags/example_short_circuit_decorator.py took 0.039 seconds
[2025-03-24T23:38:15.115+0000] {processor.py:161} INFO - Started process (PID=1559) to work on /home/airflow/.local/lib/python3.8/site-packages/airflow/example_dags/example_short_circuit_decorator.py
[2025-03-24T23:38:15.115+0000] {processor.py:830} INFO - Processing file /home/airflow/.local/lib/python3.8/site-packages/airflow/example_dags/example_short_circuit_decorator.py for tasks to queue
[2025-03-24T23:38:15.116+0000] {logging_mixin.py:188} INFO - [2025-03-24T23:38:15.116+0000] {dagbag.py:538} INFO - Filling up the DagBag from /home/airflow/.local/lib/python3.8/site-packages/airflow/example_dags/example_short_circuit_decorator.py
[2025-03-24T23:38:15.122+0000] {processor.py:840} INFO - DAG(s) 'example_short_circuit_decorator' retrieved from /home/airflow/.local/lib/python3.8/site-packages/airflow/example_dags/example_short_circuit_decorator.py
[2025-03-24T23:38:15.136+0000] {logging_mixin.py:188} INFO - [2025-03-24T23:38:15.136+0000] {dag.py:3033} INFO - Sync 1 DAGs
[2025-03-24T23:38:15.149+0000] {logging_mixin.py:188} INFO - [2025-03-24T23:38:15.149+0000] {dag.py:3820} INFO - Setting next_dagrun for example_short_circuit_decorator to 2025-03-23T00:00:00+00:00, run_after=2025-03-24T00:00:00+00:00
[2025-03-24T23:38:15.158+0000] {processor.py:183} INFO - Processing /home/airflow/.local/lib/python3.8/site-packages/airflow/example_dags/example_short_circuit_decorator.py took 0.046 seconds
[2025-03-24T23:38:45.796+0000] {processor.py:161} INFO - Started process (PID=1614) to work on /home/airflow/.local/lib/python3.8/site-packages/airflow/example_dags/example_short_circuit_decorator.py
[2025-03-24T23:38:45.796+0000] {processor.py:830} INFO - Processing file /home/airflow/.local/lib/python3.8/site-packages/airflow/example_dags/example_short_circuit_decorator.py for tasks to queue
[2025-03-24T23:38:45.797+0000] {logging_mixin.py:188} INFO - [2025-03-24T23:38:45.797+0000] {dagbag.py:538} INFO - Filling up the DagBag from /home/airflow/.local/lib/python3.8/site-packages/airflow/example_dags/example_short_circuit_decorator.py
[2025-03-24T23:38:45.802+0000] {processor.py:840} INFO - DAG(s) 'example_short_circuit_decorator' retrieved from /home/airflow/.local/lib/python3.8/site-packages/airflow/example_dags/example_short_circuit_decorator.py
[2025-03-24T23:38:45.812+0000] {logging_mixin.py:188} INFO - [2025-03-24T23:38:45.812+0000] {dag.py:3033} INFO - Sync 1 DAGs
[2025-03-24T23:38:45.821+0000] {logging_mixin.py:188} INFO - [2025-03-24T23:38:45.821+0000] {dag.py:3820} INFO - Setting next_dagrun for example_short_circuit_decorator to 2025-03-23T00:00:00+00:00, run_after=2025-03-24T00:00:00+00:00
[2025-03-24T23:38:45.829+0000] {processor.py:183} INFO - Processing /home/airflow/.local/lib/python3.8/site-packages/airflow/example_dags/example_short_circuit_decorator.py took 0.035 seconds
[2025-03-24T23:39:16.738+0000] {processor.py:161} INFO - Started process (PID=1669) to work on /home/airflow/.local/lib/python3.8/site-packages/airflow/example_dags/example_short_circuit_decorator.py
[2025-03-24T23:39:16.741+0000] {processor.py:830} INFO - Processing file /home/airflow/.local/lib/python3.8/site-packages/airflow/example_dags/example_short_circuit_decorator.py for tasks to queue
[2025-03-24T23:39:16.743+0000] {logging_mixin.py:188} INFO - [2025-03-24T23:39:16.742+0000] {dagbag.py:538} INFO - Filling up the DagBag from /home/airflow/.local/lib/python3.8/site-packages/airflow/example_dags/example_short_circuit_decorator.py
[2025-03-24T23:39:16.747+0000] {processor.py:840} INFO - DAG(s) 'example_short_circuit_decorator' retrieved from /home/airflow/.local/lib/python3.8/site-packages/airflow/example_dags/example_short_circuit_decorator.py
[2025-03-24T23:39:16.760+0000] {logging_mixin.py:188} INFO - [2025-03-24T23:39:16.760+0000] {dag.py:3033} INFO - Sync 1 DAGs
[2025-03-24T23:39:16.769+0000] {logging_mixin.py:188} INFO - [2025-03-24T23:39:16.769+0000] {dag.py:3820} INFO - Setting next_dagrun for example_short_circuit_decorator to 2025-03-23T00:00:00+00:00, run_after=2025-03-24T00:00:00+00:00
[2025-03-24T23:39:16.780+0000] {processor.py:183} INFO - Processing /home/airflow/.local/lib/python3.8/site-packages/airflow/example_dags/example_short_circuit_decorator.py took 0.043 seconds
[2025-03-24T23:39:47.543+0000] {processor.py:161} INFO - Started process (PID=1724) to work on /home/airflow/.local/lib/python3.8/site-packages/airflow/example_dags/example_short_circuit_decorator.py
[2025-03-24T23:39:47.543+0000] {processor.py:830} INFO - Processing file /home/airflow/.local/lib/python3.8/site-packages/airflow/example_dags/example_short_circuit_decorator.py for tasks to queue
[2025-03-24T23:39:47.544+0000] {logging_mixin.py:188} INFO - [2025-03-24T23:39:47.544+0000] {dagbag.py:538} INFO - Filling up the DagBag from /home/airflow/.local/lib/python3.8/site-packages/airflow/example_dags/example_short_circuit_decorator.py
[2025-03-24T23:39:47.549+0000] {processor.py:840} INFO - DAG(s) 'example_short_circuit_decorator' retrieved from /home/airflow/.local/lib/python3.8/site-packages/airflow/example_dags/example_short_circuit_decorator.py
[2025-03-24T23:39:47.562+0000] {logging_mixin.py:188} INFO - [2025-03-24T23:39:47.562+0000] {dag.py:3033} INFO - Sync 1 DAGs
[2025-03-24T23:39:47.574+0000] {logging_mixin.py:188} INFO - [2025-03-24T23:39:47.574+0000] {dag.py:3820} INFO - Setting next_dagrun for example_short_circuit_decorator to 2025-03-23T00:00:00+00:00, run_after=2025-03-24T00:00:00+00:00
[2025-03-24T23:39:47.583+0000] {processor.py:183} INFO - Processing /home/airflow/.local/lib/python3.8/site-packages/airflow/example_dags/example_short_circuit_decorator.py took 0.042 seconds
[2025-03-24T23:40:18.077+0000] {processor.py:161} INFO - Started process (PID=1779) to work on /home/airflow/.local/lib/python3.8/site-packages/airflow/example_dags/example_short_circuit_decorator.py
[2025-03-24T23:40:18.077+0000] {processor.py:830} INFO - Processing file /home/airflow/.local/lib/python3.8/site-packages/airflow/example_dags/example_short_circuit_decorator.py for tasks to queue
[2025-03-24T23:40:18.078+0000] {logging_mixin.py:188} INFO - [2025-03-24T23:40:18.078+0000] {dagbag.py:538} INFO - Filling up the DagBag from /home/airflow/.local/lib/python3.8/site-packages/airflow/example_dags/example_short_circuit_decorator.py
[2025-03-24T23:40:18.082+0000] {processor.py:840} INFO - DAG(s) 'example_short_circuit_decorator' retrieved from /home/airflow/.local/lib/python3.8/site-packages/airflow/example_dags/example_short_circuit_decorator.py
[2025-03-24T23:40:18.092+0000] {logging_mixin.py:188} INFO - [2025-03-24T23:40:18.092+0000] {dag.py:3033} INFO - Sync 1 DAGs
[2025-03-24T23:40:18.102+0000] {logging_mixin.py:188} INFO - [2025-03-24T23:40:18.102+0000] {dag.py:3820} INFO - Setting next_dagrun for example_short_circuit_decorator to 2025-03-23T00:00:00+00:00, run_after=2025-03-24T00:00:00+00:00
[2025-03-24T23:40:18.110+0000] {processor.py:183} INFO - Processing /home/airflow/.local/lib/python3.8/site-packages/airflow/example_dags/example_short_circuit_decorator.py took 0.035 seconds
[2025-03-24T23:40:48.669+0000] {processor.py:161} INFO - Started process (PID=1834) to work on /home/airflow/.local/lib/python3.8/site-packages/airflow/example_dags/example_short_circuit_decorator.py
[2025-03-24T23:40:48.669+0000] {processor.py:830} INFO - Processing file /home/airflow/.local/lib/python3.8/site-packages/airflow/example_dags/example_short_circuit_decorator.py for tasks to queue
[2025-03-24T23:40:48.670+0000] {logging_mixin.py:188} INFO - [2025-03-24T23:40:48.670+0000] {dagbag.py:538} INFO - Filling up the DagBag from /home/airflow/.local/lib/python3.8/site-packages/airflow/example_dags/example_short_circuit_decorator.py
[2025-03-24T23:40:48.674+0000] {processor.py:840} INFO - DAG(s) 'example_short_circuit_decorator' retrieved from /home/airflow/.local/lib/python3.8/site-packages/airflow/example_dags/example_short_circuit_decorator.py
[2025-03-24T23:40:48.684+0000] {logging_mixin.py:188} INFO - [2025-03-24T23:40:48.684+0000] {dag.py:3033} INFO - Sync 1 DAGs
[2025-03-24T23:40:48.692+0000] {logging_mixin.py:188} INFO - [2025-03-24T23:40:48.692+0000] {dag.py:3820} INFO - Setting next_dagrun for example_short_circuit_decorator to 2025-03-23T00:00:00+00:00, run_after=2025-03-24T00:00:00+00:00
[2025-03-24T23:40:48.700+0000] {processor.py:183} INFO - Processing /home/airflow/.local/lib/python3.8/site-packages/airflow/example_dags/example_short_circuit_decorator.py took 0.032 seconds
[2025-03-24T23:41:19.275+0000] {processor.py:161} INFO - Started process (PID=1889) to work on /home/airflow/.local/lib/python3.8/site-packages/airflow/example_dags/example_short_circuit_decorator.py
[2025-03-24T23:41:19.276+0000] {processor.py:830} INFO - Processing file /home/airflow/.local/lib/python3.8/site-packages/airflow/example_dags/example_short_circuit_decorator.py for tasks to queue
[2025-03-24T23:41:19.277+0000] {logging_mixin.py:188} INFO - [2025-03-24T23:41:19.277+0000] {dagbag.py:538} INFO - Filling up the DagBag from /home/airflow/.local/lib/python3.8/site-packages/airflow/example_dags/example_short_circuit_decorator.py
[2025-03-24T23:41:19.282+0000] {processor.py:840} INFO - DAG(s) 'example_short_circuit_decorator' retrieved from /home/airflow/.local/lib/python3.8/site-packages/airflow/example_dags/example_short_circuit_decorator.py
[2025-03-24T23:41:19.292+0000] {logging_mixin.py:188} INFO - [2025-03-24T23:41:19.292+0000] {dag.py:3033} INFO - Sync 1 DAGs
[2025-03-24T23:41:19.301+0000] {logging_mixin.py:188} INFO - [2025-03-24T23:41:19.301+0000] {dag.py:3820} INFO - Setting next_dagrun for example_short_circuit_decorator to 2025-03-23T00:00:00+00:00, run_after=2025-03-24T00:00:00+00:00
[2025-03-24T23:41:19.308+0000] {processor.py:183} INFO - Processing /home/airflow/.local/lib/python3.8/site-packages/airflow/example_dags/example_short_circuit_decorator.py took 0.035 seconds
[2025-03-24T23:41:49.955+0000] {processor.py:161} INFO - Started process (PID=1944) to work on /home/airflow/.local/lib/python3.8/site-packages/airflow/example_dags/example_short_circuit_decorator.py
[2025-03-24T23:41:49.955+0000] {processor.py:830} INFO - Processing file /home/airflow/.local/lib/python3.8/site-packages/airflow/example_dags/example_short_circuit_decorator.py for tasks to queue
[2025-03-24T23:41:49.959+0000] {logging_mixin.py:188} INFO - [2025-03-24T23:41:49.959+0000] {dagbag.py:538} INFO - Filling up the DagBag from /home/airflow/.local/lib/python3.8/site-packages/airflow/example_dags/example_short_circuit_decorator.py
[2025-03-24T23:41:49.963+0000] {processor.py:840} INFO - DAG(s) 'example_short_circuit_decorator' retrieved from /home/airflow/.local/lib/python3.8/site-packages/airflow/example_dags/example_short_circuit_decorator.py
[2025-03-24T23:41:49.975+0000] {logging_mixin.py:188} INFO - [2025-03-24T23:41:49.975+0000] {dag.py:3033} INFO - Sync 1 DAGs
[2025-03-24T23:41:49.987+0000] {logging_mixin.py:188} INFO - [2025-03-24T23:41:49.987+0000] {dag.py:3820} INFO - Setting next_dagrun for example_short_circuit_decorator to 2025-03-23T00:00:00+00:00, run_after=2025-03-24T00:00:00+00:00
[2025-03-24T23:41:49.996+0000] {processor.py:183} INFO - Processing /home/airflow/.local/lib/python3.8/site-packages/airflow/example_dags/example_short_circuit_decorator.py took 0.043 seconds
[2025-03-24T23:42:20.502+0000] {processor.py:161} INFO - Started process (PID=1999) to work on /home/airflow/.local/lib/python3.8/site-packages/airflow/example_dags/example_short_circuit_decorator.py
[2025-03-24T23:42:20.502+0000] {processor.py:830} INFO - Processing file /home/airflow/.local/lib/python3.8/site-packages/airflow/example_dags/example_short_circuit_decorator.py for tasks to queue
[2025-03-24T23:42:20.503+0000] {logging_mixin.py:188} INFO - [2025-03-24T23:42:20.503+0000] {dagbag.py:538} INFO - Filling up the DagBag from /home/airflow/.local/lib/python3.8/site-packages/airflow/example_dags/example_short_circuit_decorator.py
[2025-03-24T23:42:20.507+0000] {processor.py:840} INFO - DAG(s) 'example_short_circuit_decorator' retrieved from /home/airflow/.local/lib/python3.8/site-packages/airflow/example_dags/example_short_circuit_decorator.py
[2025-03-24T23:42:20.518+0000] {logging_mixin.py:188} INFO - [2025-03-24T23:42:20.518+0000] {dag.py:3033} INFO - Sync 1 DAGs
[2025-03-24T23:42:20.528+0000] {logging_mixin.py:188} INFO - [2025-03-24T23:42:20.528+0000] {dag.py:3820} INFO - Setting next_dagrun for example_short_circuit_decorator to 2025-03-23T00:00:00+00:00, run_after=2025-03-24T00:00:00+00:00
[2025-03-24T23:42:20.536+0000] {processor.py:183} INFO - Processing /home/airflow/.local/lib/python3.8/site-packages/airflow/example_dags/example_short_circuit_decorator.py took 0.036 seconds
[2025-03-24T23:42:50.968+0000] {processor.py:161} INFO - Started process (PID=2054) to work on /home/airflow/.local/lib/python3.8/site-packages/airflow/example_dags/example_short_circuit_decorator.py
[2025-03-24T23:42:50.969+0000] {processor.py:830} INFO - Processing file /home/airflow/.local/lib/python3.8/site-packages/airflow/example_dags/example_short_circuit_decorator.py for tasks to queue
[2025-03-24T23:42:50.970+0000] {logging_mixin.py:188} INFO - [2025-03-24T23:42:50.969+0000] {dagbag.py:538} INFO - Filling up the DagBag from /home/airflow/.local/lib/python3.8/site-packages/airflow/example_dags/example_short_circuit_decorator.py
[2025-03-24T23:42:50.974+0000] {processor.py:840} INFO - DAG(s) 'example_short_circuit_decorator' retrieved from /home/airflow/.local/lib/python3.8/site-packages/airflow/example_dags/example_short_circuit_decorator.py
[2025-03-24T23:42:50.985+0000] {logging_mixin.py:188} INFO - [2025-03-24T23:42:50.985+0000] {dag.py:3033} INFO - Sync 1 DAGs
[2025-03-24T23:42:50.994+0000] {logging_mixin.py:188} INFO - [2025-03-24T23:42:50.994+0000] {dag.py:3820} INFO - Setting next_dagrun for example_short_circuit_decorator to 2025-03-23T00:00:00+00:00, run_after=2025-03-24T00:00:00+00:00
[2025-03-24T23:42:51.002+0000] {processor.py:183} INFO - Processing /home/airflow/.local/lib/python3.8/site-packages/airflow/example_dags/example_short_circuit_decorator.py took 0.035 seconds
[2025-03-24T23:43:21.564+0000] {processor.py:161} INFO - Started process (PID=2109) to work on /home/airflow/.local/lib/python3.8/site-packages/airflow/example_dags/example_short_circuit_decorator.py
[2025-03-24T23:43:21.564+0000] {processor.py:830} INFO - Processing file /home/airflow/.local/lib/python3.8/site-packages/airflow/example_dags/example_short_circuit_decorator.py for tasks to queue
[2025-03-24T23:43:21.565+0000] {logging_mixin.py:188} INFO - [2025-03-24T23:43:21.565+0000] {dagbag.py:538} INFO - Filling up the DagBag from /home/airflow/.local/lib/python3.8/site-packages/airflow/example_dags/example_short_circuit_decorator.py
[2025-03-24T23:43:21.569+0000] {processor.py:840} INFO - DAG(s) 'example_short_circuit_decorator' retrieved from /home/airflow/.local/lib/python3.8/site-packages/airflow/example_dags/example_short_circuit_decorator.py
[2025-03-24T23:43:21.578+0000] {logging_mixin.py:188} INFO - [2025-03-24T23:43:21.578+0000] {dag.py:3033} INFO - Sync 1 DAGs
[2025-03-24T23:43:21.589+0000] {logging_mixin.py:188} INFO - [2025-03-24T23:43:21.589+0000] {dag.py:3820} INFO - Setting next_dagrun for example_short_circuit_decorator to 2025-03-23T00:00:00+00:00, run_after=2025-03-24T00:00:00+00:00
[2025-03-24T23:43:21.595+0000] {processor.py:183} INFO - Processing /home/airflow/.local/lib/python3.8/site-packages/airflow/example_dags/example_short_circuit_decorator.py took 0.033 seconds
[2025-03-24T23:43:52.181+0000] {processor.py:161} INFO - Started process (PID=2164) to work on /home/airflow/.local/lib/python3.8/site-packages/airflow/example_dags/example_short_circuit_decorator.py
[2025-03-24T23:43:52.182+0000] {processor.py:830} INFO - Processing file /home/airflow/.local/lib/python3.8/site-packages/airflow/example_dags/example_short_circuit_decorator.py for tasks to queue
[2025-03-24T23:43:52.183+0000] {logging_mixin.py:188} INFO - [2025-03-24T23:43:52.183+0000] {dagbag.py:538} INFO - Filling up the DagBag from /home/airflow/.local/lib/python3.8/site-packages/airflow/example_dags/example_short_circuit_decorator.py
[2025-03-24T23:43:52.188+0000] {processor.py:840} INFO - DAG(s) 'example_short_circuit_decorator' retrieved from /home/airflow/.local/lib/python3.8/site-packages/airflow/example_dags/example_short_circuit_decorator.py
[2025-03-24T23:43:52.202+0000] {logging_mixin.py:188} INFO - [2025-03-24T23:43:52.202+0000] {dag.py:3033} INFO - Sync 1 DAGs
[2025-03-24T23:43:52.216+0000] {logging_mixin.py:188} INFO - [2025-03-24T23:43:52.215+0000] {dag.py:3820} INFO - Setting next_dagrun for example_short_circuit_decorator to 2025-03-23T00:00:00+00:00, run_after=2025-03-24T00:00:00+00:00
[2025-03-24T23:43:52.226+0000] {processor.py:183} INFO - Processing /home/airflow/.local/lib/python3.8/site-packages/airflow/example_dags/example_short_circuit_decorator.py took 0.047 seconds
[2025-03-24T23:44:22.845+0000] {processor.py:161} INFO - Started process (PID=2219) to work on /home/airflow/.local/lib/python3.8/site-packages/airflow/example_dags/example_short_circuit_decorator.py
[2025-03-24T23:44:22.846+0000] {processor.py:830} INFO - Processing file /home/airflow/.local/lib/python3.8/site-packages/airflow/example_dags/example_short_circuit_decorator.py for tasks to queue
[2025-03-24T23:44:22.847+0000] {logging_mixin.py:188} INFO - [2025-03-24T23:44:22.847+0000] {dagbag.py:538} INFO - Filling up the DagBag from /home/airflow/.local/lib/python3.8/site-packages/airflow/example_dags/example_short_circuit_decorator.py
[2025-03-24T23:44:22.854+0000] {processor.py:840} INFO - DAG(s) 'example_short_circuit_decorator' retrieved from /home/airflow/.local/lib/python3.8/site-packages/airflow/example_dags/example_short_circuit_decorator.py
[2025-03-24T23:44:22.868+0000] {logging_mixin.py:188} INFO - [2025-03-24T23:44:22.868+0000] {dag.py:3033} INFO - Sync 1 DAGs
[2025-03-24T23:44:22.878+0000] {logging_mixin.py:188} INFO - [2025-03-24T23:44:22.877+0000] {dag.py:3820} INFO - Setting next_dagrun for example_short_circuit_decorator to 2025-03-23T00:00:00+00:00, run_after=2025-03-24T00:00:00+00:00
[2025-03-24T23:44:22.887+0000] {processor.py:183} INFO - Processing /home/airflow/.local/lib/python3.8/site-packages/airflow/example_dags/example_short_circuit_decorator.py took 0.044 seconds
[2025-03-24T23:44:53.516+0000] {processor.py:161} INFO - Started process (PID=2274) to work on /home/airflow/.local/lib/python3.8/site-packages/airflow/example_dags/example_short_circuit_decorator.py
[2025-03-24T23:44:53.517+0000] {processor.py:830} INFO - Processing file /home/airflow/.local/lib/python3.8/site-packages/airflow/example_dags/example_short_circuit_decorator.py for tasks to queue
[2025-03-24T23:44:53.521+0000] {logging_mixin.py:188} INFO - [2025-03-24T23:44:53.521+0000] {dagbag.py:538} INFO - Filling up the DagBag from /home/airflow/.local/lib/python3.8/site-packages/airflow/example_dags/example_short_circuit_decorator.py
[2025-03-24T23:44:53.531+0000] {processor.py:840} INFO - DAG(s) 'example_short_circuit_decorator' retrieved from /home/airflow/.local/lib/python3.8/site-packages/airflow/example_dags/example_short_circuit_decorator.py
[2025-03-24T23:44:53.543+0000] {logging_mixin.py:188} INFO - [2025-03-24T23:44:53.543+0000] {dag.py:3033} INFO - Sync 1 DAGs
[2025-03-24T23:44:53.552+0000] {logging_mixin.py:188} INFO - [2025-03-24T23:44:53.552+0000] {dag.py:3820} INFO - Setting next_dagrun for example_short_circuit_decorator to 2025-03-23T00:00:00+00:00, run_after=2025-03-24T00:00:00+00:00
[2025-03-24T23:44:53.564+0000] {processor.py:183} INFO - Processing /home/airflow/.local/lib/python3.8/site-packages/airflow/example_dags/example_short_circuit_decorator.py took 0.050 seconds
[2025-03-24T23:45:23.994+0000] {processor.py:161} INFO - Started process (PID=2329) to work on /home/airflow/.local/lib/python3.8/site-packages/airflow/example_dags/example_short_circuit_decorator.py
[2025-03-24T23:45:23.994+0000] {processor.py:830} INFO - Processing file /home/airflow/.local/lib/python3.8/site-packages/airflow/example_dags/example_short_circuit_decorator.py for tasks to queue
[2025-03-24T23:45:23.995+0000] {logging_mixin.py:188} INFO - [2025-03-24T23:45:23.995+0000] {dagbag.py:538} INFO - Filling up the DagBag from /home/airflow/.local/lib/python3.8/site-packages/airflow/example_dags/example_short_circuit_decorator.py
[2025-03-24T23:45:23.999+0000] {processor.py:840} INFO - DAG(s) 'example_short_circuit_decorator' retrieved from /home/airflow/.local/lib/python3.8/site-packages/airflow/example_dags/example_short_circuit_decorator.py
[2025-03-24T23:45:24.009+0000] {logging_mixin.py:188} INFO - [2025-03-24T23:45:24.009+0000] {dag.py:3033} INFO - Sync 1 DAGs
[2025-03-24T23:45:24.018+0000] {logging_mixin.py:188} INFO - [2025-03-24T23:45:24.018+0000] {dag.py:3820} INFO - Setting next_dagrun for example_short_circuit_decorator to 2025-03-23T00:00:00+00:00, run_after=2025-03-24T00:00:00+00:00
[2025-03-24T23:45:24.025+0000] {processor.py:183} INFO - Processing /home/airflow/.local/lib/python3.8/site-packages/airflow/example_dags/example_short_circuit_decorator.py took 0.033 seconds
[2025-03-24T23:45:54.609+0000] {processor.py:161} INFO - Started process (PID=2383) to work on /home/airflow/.local/lib/python3.8/site-packages/airflow/example_dags/example_short_circuit_decorator.py
[2025-03-24T23:45:54.613+0000] {processor.py:830} INFO - Processing file /home/airflow/.local/lib/python3.8/site-packages/airflow/example_dags/example_short_circuit_decorator.py for tasks to queue
[2025-03-24T23:45:54.615+0000] {logging_mixin.py:188} INFO - [2025-03-24T23:45:54.614+0000] {dagbag.py:538} INFO - Filling up the DagBag from /home/airflow/.local/lib/python3.8/site-packages/airflow/example_dags/example_short_circuit_decorator.py
[2025-03-24T23:45:54.620+0000] {processor.py:840} INFO - DAG(s) 'example_short_circuit_decorator' retrieved from /home/airflow/.local/lib/python3.8/site-packages/airflow/example_dags/example_short_circuit_decorator.py
[2025-03-24T23:45:54.633+0000] {logging_mixin.py:188} INFO - [2025-03-24T23:45:54.633+0000] {dag.py:3033} INFO - Sync 1 DAGs
[2025-03-24T23:45:54.644+0000] {logging_mixin.py:188} INFO - [2025-03-24T23:45:54.644+0000] {dag.py:3820} INFO - Setting next_dagrun for example_short_circuit_decorator to 2025-03-23T00:00:00+00:00, run_after=2025-03-24T00:00:00+00:00
[2025-03-24T23:45:54.652+0000] {processor.py:183} INFO - Processing /home/airflow/.local/lib/python3.8/site-packages/airflow/example_dags/example_short_circuit_decorator.py took 0.044 seconds
[2025-03-24T23:46:25.537+0000] {processor.py:161} INFO - Started process (PID=2438) to work on /home/airflow/.local/lib/python3.8/site-packages/airflow/example_dags/example_short_circuit_decorator.py
[2025-03-24T23:46:25.538+0000] {processor.py:830} INFO - Processing file /home/airflow/.local/lib/python3.8/site-packages/airflow/example_dags/example_short_circuit_decorator.py for tasks to queue
[2025-03-24T23:46:25.539+0000] {logging_mixin.py:188} INFO - [2025-03-24T23:46:25.539+0000] {dagbag.py:538} INFO - Filling up the DagBag from /home/airflow/.local/lib/python3.8/site-packages/airflow/example_dags/example_short_circuit_decorator.py
[2025-03-24T23:46:25.543+0000] {processor.py:840} INFO - DAG(s) 'example_short_circuit_decorator' retrieved from /home/airflow/.local/lib/python3.8/site-packages/airflow/example_dags/example_short_circuit_decorator.py
[2025-03-24T23:46:25.553+0000] {logging_mixin.py:188} INFO - [2025-03-24T23:46:25.553+0000] {dag.py:3033} INFO - Sync 1 DAGs
[2025-03-24T23:46:25.562+0000] {logging_mixin.py:188} INFO - [2025-03-24T23:46:25.562+0000] {dag.py:3820} INFO - Setting next_dagrun for example_short_circuit_decorator to 2025-03-23T00:00:00+00:00, run_after=2025-03-24T00:00:00+00:00
[2025-03-24T23:46:25.569+0000] {processor.py:183} INFO - Processing /home/airflow/.local/lib/python3.8/site-packages/airflow/example_dags/example_short_circuit_decorator.py took 0.033 seconds
[2025-03-24T23:46:56.429+0000] {processor.py:161} INFO - Started process (PID=2493) to work on /home/airflow/.local/lib/python3.8/site-packages/airflow/example_dags/example_short_circuit_decorator.py
[2025-03-24T23:46:56.430+0000] {processor.py:830} INFO - Processing file /home/airflow/.local/lib/python3.8/site-packages/airflow/example_dags/example_short_circuit_decorator.py for tasks to queue
[2025-03-24T23:46:56.431+0000] {logging_mixin.py:188} INFO - [2025-03-24T23:46:56.431+0000] {dagbag.py:538} INFO - Filling up the DagBag from /home/airflow/.local/lib/python3.8/site-packages/airflow/example_dags/example_short_circuit_decorator.py
[2025-03-24T23:46:56.436+0000] {processor.py:840} INFO - DAG(s) 'example_short_circuit_decorator' retrieved from /home/airflow/.local/lib/python3.8/site-packages/airflow/example_dags/example_short_circuit_decorator.py
[2025-03-24T23:46:56.449+0000] {logging_mixin.py:188} INFO - [2025-03-24T23:46:56.449+0000] {dag.py:3033} INFO - Sync 1 DAGs
[2025-03-24T23:46:56.458+0000] {logging_mixin.py:188} INFO - [2025-03-24T23:46:56.458+0000] {dag.py:3820} INFO - Setting next_dagrun for example_short_circuit_decorator to 2025-03-23T00:00:00+00:00, run_after=2025-03-24T00:00:00+00:00
[2025-03-24T23:46:56.466+0000] {processor.py:183} INFO - Processing /home/airflow/.local/lib/python3.8/site-packages/airflow/example_dags/example_short_circuit_decorator.py took 0.039 seconds
[2025-03-24T23:47:27.517+0000] {processor.py:161} INFO - Started process (PID=2548) to work on /home/airflow/.local/lib/python3.8/site-packages/airflow/example_dags/example_short_circuit_decorator.py
[2025-03-24T23:47:27.518+0000] {processor.py:830} INFO - Processing file /home/airflow/.local/lib/python3.8/site-packages/airflow/example_dags/example_short_circuit_decorator.py for tasks to queue
[2025-03-24T23:47:27.519+0000] {logging_mixin.py:188} INFO - [2025-03-24T23:47:27.519+0000] {dagbag.py:538} INFO - Filling up the DagBag from /home/airflow/.local/lib/python3.8/site-packages/airflow/example_dags/example_short_circuit_decorator.py
[2025-03-24T23:47:27.525+0000] {processor.py:840} INFO - DAG(s) 'example_short_circuit_decorator' retrieved from /home/airflow/.local/lib/python3.8/site-packages/airflow/example_dags/example_short_circuit_decorator.py
[2025-03-24T23:47:27.540+0000] {logging_mixin.py:188} INFO - [2025-03-24T23:47:27.540+0000] {dag.py:3033} INFO - Sync 1 DAGs
[2025-03-24T23:47:27.551+0000] {logging_mixin.py:188} INFO - [2025-03-24T23:47:27.551+0000] {dag.py:3820} INFO - Setting next_dagrun for example_short_circuit_decorator to 2025-03-23T00:00:00+00:00, run_after=2025-03-24T00:00:00+00:00
[2025-03-24T23:47:27.561+0000] {processor.py:183} INFO - Processing /home/airflow/.local/lib/python3.8/site-packages/airflow/example_dags/example_short_circuit_decorator.py took 0.047 seconds
[2025-03-24T23:47:57.595+0000] {processor.py:161} INFO - Started process (PID=2602) to work on /home/airflow/.local/lib/python3.8/site-packages/airflow/example_dags/example_short_circuit_decorator.py
[2025-03-24T23:47:57.596+0000] {processor.py:830} INFO - Processing file /home/airflow/.local/lib/python3.8/site-packages/airflow/example_dags/example_short_circuit_decorator.py for tasks to queue
[2025-03-24T23:47:57.598+0000] {logging_mixin.py:188} INFO - [2025-03-24T23:47:57.598+0000] {dagbag.py:538} INFO - Filling up the DagBag from /home/airflow/.local/lib/python3.8/site-packages/airflow/example_dags/example_short_circuit_decorator.py
[2025-03-24T23:47:57.603+0000] {processor.py:840} INFO - DAG(s) 'example_short_circuit_decorator' retrieved from /home/airflow/.local/lib/python3.8/site-packages/airflow/example_dags/example_short_circuit_decorator.py
[2025-03-24T23:47:57.615+0000] {logging_mixin.py:188} INFO - [2025-03-24T23:47:57.615+0000] {dag.py:3033} INFO - Sync 1 DAGs
[2025-03-24T23:47:57.627+0000] {logging_mixin.py:188} INFO - [2025-03-24T23:47:57.627+0000] {dag.py:3820} INFO - Setting next_dagrun for example_short_circuit_decorator to 2025-03-23T00:00:00+00:00, run_after=2025-03-24T00:00:00+00:00
[2025-03-24T23:47:57.636+0000] {processor.py:183} INFO - Processing /home/airflow/.local/lib/python3.8/site-packages/airflow/example_dags/example_short_circuit_decorator.py took 0.044 seconds
[2025-03-24T23:48:27.759+0000] {processor.py:161} INFO - Started process (PID=2657) to work on /home/airflow/.local/lib/python3.8/site-packages/airflow/example_dags/example_short_circuit_decorator.py
[2025-03-24T23:48:27.760+0000] {processor.py:830} INFO - Processing file /home/airflow/.local/lib/python3.8/site-packages/airflow/example_dags/example_short_circuit_decorator.py for tasks to queue
[2025-03-24T23:48:27.761+0000] {logging_mixin.py:188} INFO - [2025-03-24T23:48:27.761+0000] {dagbag.py:538} INFO - Filling up the DagBag from /home/airflow/.local/lib/python3.8/site-packages/airflow/example_dags/example_short_circuit_decorator.py
[2025-03-24T23:48:27.765+0000] {processor.py:840} INFO - DAG(s) 'example_short_circuit_decorator' retrieved from /home/airflow/.local/lib/python3.8/site-packages/airflow/example_dags/example_short_circuit_decorator.py
[2025-03-24T23:48:27.775+0000] {logging_mixin.py:188} INFO - [2025-03-24T23:48:27.775+0000] {dag.py:3033} INFO - Sync 1 DAGs
[2025-03-24T23:48:27.862+0000] {logging_mixin.py:188} INFO - [2025-03-24T23:48:27.862+0000] {dag.py:3820} INFO - Setting next_dagrun for example_short_circuit_decorator to 2025-03-23T00:00:00+00:00, run_after=2025-03-24T00:00:00+00:00
[2025-03-24T23:48:27.873+0000] {processor.py:183} INFO - Processing /home/airflow/.local/lib/python3.8/site-packages/airflow/example_dags/example_short_circuit_decorator.py took 0.115 seconds
[2025-03-24T23:48:58.064+0000] {processor.py:161} INFO - Started process (PID=2712) to work on /home/airflow/.local/lib/python3.8/site-packages/airflow/example_dags/example_short_circuit_decorator.py
[2025-03-24T23:48:58.065+0000] {processor.py:830} INFO - Processing file /home/airflow/.local/lib/python3.8/site-packages/airflow/example_dags/example_short_circuit_decorator.py for tasks to queue
[2025-03-24T23:48:58.066+0000] {logging_mixin.py:188} INFO - [2025-03-24T23:48:58.066+0000] {dagbag.py:538} INFO - Filling up the DagBag from /home/airflow/.local/lib/python3.8/site-packages/airflow/example_dags/example_short_circuit_decorator.py
[2025-03-24T23:48:58.070+0000] {processor.py:840} INFO - DAG(s) 'example_short_circuit_decorator' retrieved from /home/airflow/.local/lib/python3.8/site-packages/airflow/example_dags/example_short_circuit_decorator.py
[2025-03-24T23:48:58.079+0000] {logging_mixin.py:188} INFO - [2025-03-24T23:48:58.079+0000] {dag.py:3033} INFO - Sync 1 DAGs
[2025-03-24T23:48:58.088+0000] {logging_mixin.py:188} INFO - [2025-03-24T23:48:58.088+0000] {dag.py:3820} INFO - Setting next_dagrun for example_short_circuit_decorator to 2025-03-23T00:00:00+00:00, run_after=2025-03-24T00:00:00+00:00
[2025-03-24T23:48:58.096+0000] {processor.py:183} INFO - Processing /home/airflow/.local/lib/python3.8/site-packages/airflow/example_dags/example_short_circuit_decorator.py took 0.034 seconds
[2025-03-24T23:49:28.303+0000] {processor.py:161} INFO - Started process (PID=2767) to work on /home/airflow/.local/lib/python3.8/site-packages/airflow/example_dags/example_short_circuit_decorator.py
[2025-03-24T23:49:28.304+0000] {processor.py:830} INFO - Processing file /home/airflow/.local/lib/python3.8/site-packages/airflow/example_dags/example_short_circuit_decorator.py for tasks to queue
[2025-03-24T23:49:28.307+0000] {logging_mixin.py:188} INFO - [2025-03-24T23:49:28.306+0000] {dagbag.py:538} INFO - Filling up the DagBag from /home/airflow/.local/lib/python3.8/site-packages/airflow/example_dags/example_short_circuit_decorator.py
[2025-03-24T23:49:28.311+0000] {processor.py:840} INFO - DAG(s) 'example_short_circuit_decorator' retrieved from /home/airflow/.local/lib/python3.8/site-packages/airflow/example_dags/example_short_circuit_decorator.py
[2025-03-24T23:49:28.324+0000] {logging_mixin.py:188} INFO - [2025-03-24T23:49:28.324+0000] {dag.py:3033} INFO - Sync 1 DAGs
[2025-03-24T23:49:28.333+0000] {logging_mixin.py:188} INFO - [2025-03-24T23:49:28.333+0000] {dag.py:3820} INFO - Setting next_dagrun for example_short_circuit_decorator to 2025-03-23T00:00:00+00:00, run_after=2025-03-24T00:00:00+00:00
[2025-03-24T23:49:28.340+0000] {processor.py:183} INFO - Processing /home/airflow/.local/lib/python3.8/site-packages/airflow/example_dags/example_short_circuit_decorator.py took 0.038 seconds
[2025-03-24T23:49:59.120+0000] {processor.py:161} INFO - Started process (PID=2822) to work on /home/airflow/.local/lib/python3.8/site-packages/airflow/example_dags/example_short_circuit_decorator.py
[2025-03-24T23:49:59.121+0000] {processor.py:830} INFO - Processing file /home/airflow/.local/lib/python3.8/site-packages/airflow/example_dags/example_short_circuit_decorator.py for tasks to queue
[2025-03-24T23:49:59.122+0000] {logging_mixin.py:188} INFO - [2025-03-24T23:49:59.122+0000] {dagbag.py:538} INFO - Filling up the DagBag from /home/airflow/.local/lib/python3.8/site-packages/airflow/example_dags/example_short_circuit_decorator.py
[2025-03-24T23:49:59.128+0000] {processor.py:840} INFO - DAG(s) 'example_short_circuit_decorator' retrieved from /home/airflow/.local/lib/python3.8/site-packages/airflow/example_dags/example_short_circuit_decorator.py
[2025-03-24T23:49:59.213+0000] {logging_mixin.py:188} INFO - [2025-03-24T23:49:59.213+0000] {dag.py:3033} INFO - Sync 1 DAGs
[2025-03-24T23:49:59.223+0000] {logging_mixin.py:188} INFO - [2025-03-24T23:49:59.222+0000] {dag.py:3820} INFO - Setting next_dagrun for example_short_circuit_decorator to 2025-03-23T00:00:00+00:00, run_after=2025-03-24T00:00:00+00:00
[2025-03-24T23:49:59.230+0000] {processor.py:183} INFO - Processing /home/airflow/.local/lib/python3.8/site-packages/airflow/example_dags/example_short_circuit_decorator.py took 0.112 seconds
[2025-03-24T23:50:29.904+0000] {processor.py:161} INFO - Started process (PID=2877) to work on /home/airflow/.local/lib/python3.8/site-packages/airflow/example_dags/example_short_circuit_decorator.py
[2025-03-24T23:50:29.905+0000] {processor.py:830} INFO - Processing file /home/airflow/.local/lib/python3.8/site-packages/airflow/example_dags/example_short_circuit_decorator.py for tasks to queue
[2025-03-24T23:50:29.906+0000] {logging_mixin.py:188} INFO - [2025-03-24T23:50:29.905+0000] {dagbag.py:538} INFO - Filling up the DagBag from /home/airflow/.local/lib/python3.8/site-packages/airflow/example_dags/example_short_circuit_decorator.py
[2025-03-24T23:50:29.909+0000] {processor.py:840} INFO - DAG(s) 'example_short_circuit_decorator' retrieved from /home/airflow/.local/lib/python3.8/site-packages/airflow/example_dags/example_short_circuit_decorator.py
[2025-03-24T23:50:29.918+0000] {logging_mixin.py:188} INFO - [2025-03-24T23:50:29.918+0000] {dag.py:3033} INFO - Sync 1 DAGs
[2025-03-24T23:50:29.993+0000] {logging_mixin.py:188} INFO - [2025-03-24T23:50:29.993+0000] {dag.py:3820} INFO - Setting next_dagrun for example_short_circuit_decorator to 2025-03-23T00:00:00+00:00, run_after=2025-03-24T00:00:00+00:00
[2025-03-24T23:50:30.000+0000] {processor.py:183} INFO - Processing /home/airflow/.local/lib/python3.8/site-packages/airflow/example_dags/example_short_circuit_decorator.py took 0.097 seconds
[2025-03-24T23:51:00.578+0000] {processor.py:161} INFO - Started process (PID=2932) to work on /home/airflow/.local/lib/python3.8/site-packages/airflow/example_dags/example_short_circuit_decorator.py
[2025-03-24T23:51:00.579+0000] {processor.py:830} INFO - Processing file /home/airflow/.local/lib/python3.8/site-packages/airflow/example_dags/example_short_circuit_decorator.py for tasks to queue
[2025-03-24T23:51:00.580+0000] {logging_mixin.py:188} INFO - [2025-03-24T23:51:00.580+0000] {dagbag.py:538} INFO - Filling up the DagBag from /home/airflow/.local/lib/python3.8/site-packages/airflow/example_dags/example_short_circuit_decorator.py
[2025-03-24T23:51:00.584+0000] {processor.py:840} INFO - DAG(s) 'example_short_circuit_decorator' retrieved from /home/airflow/.local/lib/python3.8/site-packages/airflow/example_dags/example_short_circuit_decorator.py
[2025-03-24T23:51:00.595+0000] {logging_mixin.py:188} INFO - [2025-03-24T23:51:00.595+0000] {dag.py:3033} INFO - Sync 1 DAGs
[2025-03-24T23:51:00.604+0000] {logging_mixin.py:188} INFO - [2025-03-24T23:51:00.604+0000] {dag.py:3820} INFO - Setting next_dagrun for example_short_circuit_decorator to 2025-03-23T00:00:00+00:00, run_after=2025-03-24T00:00:00+00:00
[2025-03-24T23:51:00.615+0000] {processor.py:183} INFO - Processing /home/airflow/.local/lib/python3.8/site-packages/airflow/example_dags/example_short_circuit_decorator.py took 0.039 seconds
[2025-03-24T23:51:31.344+0000] {processor.py:161} INFO - Started process (PID=2987) to work on /home/airflow/.local/lib/python3.8/site-packages/airflow/example_dags/example_short_circuit_decorator.py
[2025-03-24T23:51:31.349+0000] {processor.py:830} INFO - Processing file /home/airflow/.local/lib/python3.8/site-packages/airflow/example_dags/example_short_circuit_decorator.py for tasks to queue
[2025-03-24T23:51:31.353+0000] {logging_mixin.py:188} INFO - [2025-03-24T23:51:31.352+0000] {dagbag.py:538} INFO - Filling up the DagBag from /home/airflow/.local/lib/python3.8/site-packages/airflow/example_dags/example_short_circuit_decorator.py
[2025-03-24T23:51:31.359+0000] {processor.py:840} INFO - DAG(s) 'example_short_circuit_decorator' retrieved from /home/airflow/.local/lib/python3.8/site-packages/airflow/example_dags/example_short_circuit_decorator.py
[2025-03-24T23:51:31.372+0000] {logging_mixin.py:188} INFO - [2025-03-24T23:51:31.372+0000] {dag.py:3033} INFO - Sync 1 DAGs
[2025-03-24T23:51:31.382+0000] {logging_mixin.py:188} INFO - [2025-03-24T23:51:31.382+0000] {dag.py:3820} INFO - Setting next_dagrun for example_short_circuit_decorator to 2025-03-23T00:00:00+00:00, run_after=2025-03-24T00:00:00+00:00
[2025-03-24T23:51:31.391+0000] {processor.py:183} INFO - Processing /home/airflow/.local/lib/python3.8/site-packages/airflow/example_dags/example_short_circuit_decorator.py took 0.050 seconds
