[2025-03-24T23:24:26.861+0000] {processor.py:161} INFO - Started process (PID=73) to work on /home/airflow/.local/lib/python3.8/site-packages/airflow/example_dags/tutorial_taskflow_api.py
[2025-03-24T23:24:26.863+0000] {processor.py:830} INFO - Processing file /home/airflow/.local/lib/python3.8/site-packages/airflow/example_dags/tutorial_taskflow_api.py for tasks to queue
[2025-03-24T23:24:26.865+0000] {logging_mixin.py:188} INFO - [2025-03-24T23:24:26.865+0000] {dagbag.py:538} INFO - Filling up the DagBag from /home/airflow/.local/lib/python3.8/site-packages/airflow/example_dags/tutorial_taskflow_api.py
[2025-03-24T23:24:26.870+0000] {processor.py:840} INFO - DAG(s) 'tutorial_taskflow_api' retrieved from /home/airflow/.local/lib/python3.8/site-packages/airflow/example_dags/tutorial_taskflow_api.py
[2025-03-24T23:24:26.877+0000] {logging_mixin.py:188} INFO - [2025-03-24T23:24:26.877+0000] {dag.py:3033} INFO - Sync 1 DAGs
[2025-03-24T23:24:26.885+0000] {logging_mixin.py:188} INFO - [2025-03-24T23:24:26.884+0000] {dag.py:3820} INFO - Setting next_dagrun for tutorial_taskflow_api to None, run_after=None
[2025-03-24T23:24:26.908+0000] {processor.py:183} INFO - Processing /home/airflow/.local/lib/python3.8/site-packages/airflow/example_dags/tutorial_taskflow_api.py took 0.050 seconds
[2025-03-24T23:24:57.067+0000] {processor.py:161} INFO - Started process (PID=128) to work on /home/airflow/.local/lib/python3.8/site-packages/airflow/example_dags/tutorial_taskflow_api.py
[2025-03-24T23:24:57.067+0000] {processor.py:830} INFO - Processing file /home/airflow/.local/lib/python3.8/site-packages/airflow/example_dags/tutorial_taskflow_api.py for tasks to queue
[2025-03-24T23:24:57.069+0000] {logging_mixin.py:188} INFO - [2025-03-24T23:24:57.069+0000] {dagbag.py:538} INFO - Filling up the DagBag from /home/airflow/.local/lib/python3.8/site-packages/airflow/example_dags/tutorial_taskflow_api.py
[2025-03-24T23:24:57.074+0000] {processor.py:840} INFO - DAG(s) 'tutorial_taskflow_api' retrieved from /home/airflow/.local/lib/python3.8/site-packages/airflow/example_dags/tutorial_taskflow_api.py
[2025-03-24T23:24:57.115+0000] {logging_mixin.py:188} INFO - [2025-03-24T23:24:57.114+0000] {dag.py:3033} INFO - Sync 1 DAGs
[2025-03-24T23:24:57.119+0000] {logging_mixin.py:188} INFO - [2025-03-24T23:24:57.119+0000] {dag.py:3820} INFO - Setting next_dagrun for tutorial_taskflow_api to None, run_after=None
[2025-03-24T23:24:57.127+0000] {processor.py:183} INFO - Processing /home/airflow/.local/lib/python3.8/site-packages/airflow/example_dags/tutorial_taskflow_api.py took 0.062 seconds
[2025-03-24T23:25:27.943+0000] {processor.py:161} INFO - Started process (PID=183) to work on /home/airflow/.local/lib/python3.8/site-packages/airflow/example_dags/tutorial_taskflow_api.py
[2025-03-24T23:25:27.944+0000] {processor.py:830} INFO - Processing file /home/airflow/.local/lib/python3.8/site-packages/airflow/example_dags/tutorial_taskflow_api.py for tasks to queue
[2025-03-24T23:25:27.944+0000] {logging_mixin.py:188} INFO - [2025-03-24T23:25:27.944+0000] {dagbag.py:538} INFO - Filling up the DagBag from /home/airflow/.local/lib/python3.8/site-packages/airflow/example_dags/tutorial_taskflow_api.py
[2025-03-24T23:25:27.947+0000] {processor.py:840} INFO - DAG(s) 'tutorial_taskflow_api' retrieved from /home/airflow/.local/lib/python3.8/site-packages/airflow/example_dags/tutorial_taskflow_api.py
[2025-03-24T23:25:27.957+0000] {logging_mixin.py:188} INFO - [2025-03-24T23:25:27.956+0000] {dag.py:3033} INFO - Sync 1 DAGs
[2025-03-24T23:25:27.963+0000] {logging_mixin.py:188} INFO - [2025-03-24T23:25:27.962+0000] {dag.py:3820} INFO - Setting next_dagrun for tutorial_taskflow_api to None, run_after=None
[2025-03-24T23:25:27.973+0000] {processor.py:183} INFO - Processing /home/airflow/.local/lib/python3.8/site-packages/airflow/example_dags/tutorial_taskflow_api.py took 0.032 seconds
[2025-03-24T23:25:58.472+0000] {processor.py:161} INFO - Started process (PID=238) to work on /home/airflow/.local/lib/python3.8/site-packages/airflow/example_dags/tutorial_taskflow_api.py
[2025-03-24T23:25:58.472+0000] {processor.py:830} INFO - Processing file /home/airflow/.local/lib/python3.8/site-packages/airflow/example_dags/tutorial_taskflow_api.py for tasks to queue
[2025-03-24T23:25:58.473+0000] {logging_mixin.py:188} INFO - [2025-03-24T23:25:58.473+0000] {dagbag.py:538} INFO - Filling up the DagBag from /home/airflow/.local/lib/python3.8/site-packages/airflow/example_dags/tutorial_taskflow_api.py
[2025-03-24T23:25:58.477+0000] {processor.py:840} INFO - DAG(s) 'tutorial_taskflow_api' retrieved from /home/airflow/.local/lib/python3.8/site-packages/airflow/example_dags/tutorial_taskflow_api.py
[2025-03-24T23:25:58.486+0000] {logging_mixin.py:188} INFO - [2025-03-24T23:25:58.486+0000] {dag.py:3033} INFO - Sync 1 DAGs
[2025-03-24T23:25:58.490+0000] {logging_mixin.py:188} INFO - [2025-03-24T23:25:58.490+0000] {dag.py:3820} INFO - Setting next_dagrun for tutorial_taskflow_api to None, run_after=None
[2025-03-24T23:25:58.499+0000] {processor.py:183} INFO - Processing /home/airflow/.local/lib/python3.8/site-packages/airflow/example_dags/tutorial_taskflow_api.py took 0.028 seconds
[2025-03-24T23:26:29.230+0000] {processor.py:161} INFO - Started process (PID=299) to work on /home/airflow/.local/lib/python3.8/site-packages/airflow/example_dags/tutorial_taskflow_api.py
[2025-03-24T23:26:29.231+0000] {processor.py:830} INFO - Processing file /home/airflow/.local/lib/python3.8/site-packages/airflow/example_dags/tutorial_taskflow_api.py for tasks to queue
[2025-03-24T23:26:29.232+0000] {logging_mixin.py:188} INFO - [2025-03-24T23:26:29.232+0000] {dagbag.py:538} INFO - Filling up the DagBag from /home/airflow/.local/lib/python3.8/site-packages/airflow/example_dags/tutorial_taskflow_api.py
[2025-03-24T23:26:29.235+0000] {processor.py:840} INFO - DAG(s) 'tutorial_taskflow_api' retrieved from /home/airflow/.local/lib/python3.8/site-packages/airflow/example_dags/tutorial_taskflow_api.py
[2025-03-24T23:26:29.249+0000] {logging_mixin.py:188} INFO - [2025-03-24T23:26:29.248+0000] {dag.py:3033} INFO - Sync 1 DAGs
[2025-03-24T23:26:29.255+0000] {logging_mixin.py:188} INFO - [2025-03-24T23:26:29.255+0000] {dag.py:3820} INFO - Setting next_dagrun for tutorial_taskflow_api to None, run_after=None
[2025-03-24T23:26:29.264+0000] {processor.py:183} INFO - Processing /home/airflow/.local/lib/python3.8/site-packages/airflow/example_dags/tutorial_taskflow_api.py took 0.036 seconds
[2025-03-24T23:26:59.773+0000] {processor.py:161} INFO - Started process (PID=354) to work on /home/airflow/.local/lib/python3.8/site-packages/airflow/example_dags/tutorial_taskflow_api.py
[2025-03-24T23:26:59.774+0000] {processor.py:830} INFO - Processing file /home/airflow/.local/lib/python3.8/site-packages/airflow/example_dags/tutorial_taskflow_api.py for tasks to queue
[2025-03-24T23:26:59.775+0000] {logging_mixin.py:188} INFO - [2025-03-24T23:26:59.775+0000] {dagbag.py:538} INFO - Filling up the DagBag from /home/airflow/.local/lib/python3.8/site-packages/airflow/example_dags/tutorial_taskflow_api.py
[2025-03-24T23:26:59.777+0000] {processor.py:840} INFO - DAG(s) 'tutorial_taskflow_api' retrieved from /home/airflow/.local/lib/python3.8/site-packages/airflow/example_dags/tutorial_taskflow_api.py
[2025-03-24T23:26:59.788+0000] {logging_mixin.py:188} INFO - [2025-03-24T23:26:59.788+0000] {dag.py:3033} INFO - Sync 1 DAGs
[2025-03-24T23:26:59.792+0000] {logging_mixin.py:188} INFO - [2025-03-24T23:26:59.792+0000] {dag.py:3820} INFO - Setting next_dagrun for tutorial_taskflow_api to None, run_after=None
[2025-03-24T23:26:59.799+0000] {processor.py:183} INFO - Processing /home/airflow/.local/lib/python3.8/site-packages/airflow/example_dags/tutorial_taskflow_api.py took 0.027 seconds
[2025-03-24T23:27:30.421+0000] {processor.py:161} INFO - Started process (PID=409) to work on /home/airflow/.local/lib/python3.8/site-packages/airflow/example_dags/tutorial_taskflow_api.py
[2025-03-24T23:27:30.421+0000] {processor.py:830} INFO - Processing file /home/airflow/.local/lib/python3.8/site-packages/airflow/example_dags/tutorial_taskflow_api.py for tasks to queue
[2025-03-24T23:27:30.422+0000] {logging_mixin.py:188} INFO - [2025-03-24T23:27:30.422+0000] {dagbag.py:538} INFO - Filling up the DagBag from /home/airflow/.local/lib/python3.8/site-packages/airflow/example_dags/tutorial_taskflow_api.py
[2025-03-24T23:27:30.425+0000] {processor.py:840} INFO - DAG(s) 'tutorial_taskflow_api' retrieved from /home/airflow/.local/lib/python3.8/site-packages/airflow/example_dags/tutorial_taskflow_api.py
[2025-03-24T23:27:30.438+0000] {logging_mixin.py:188} INFO - [2025-03-24T23:27:30.438+0000] {dag.py:3033} INFO - Sync 1 DAGs
[2025-03-24T23:27:30.444+0000] {logging_mixin.py:188} INFO - [2025-03-24T23:27:30.444+0000] {dag.py:3820} INFO - Setting next_dagrun for tutorial_taskflow_api to None, run_after=None
[2025-03-24T23:27:30.452+0000] {processor.py:183} INFO - Processing /home/airflow/.local/lib/python3.8/site-packages/airflow/example_dags/tutorial_taskflow_api.py took 0.032 seconds
[2025-03-24T23:28:01.132+0000] {processor.py:161} INFO - Started process (PID=464) to work on /home/airflow/.local/lib/python3.8/site-packages/airflow/example_dags/tutorial_taskflow_api.py
[2025-03-24T23:28:01.133+0000] {processor.py:830} INFO - Processing file /home/airflow/.local/lib/python3.8/site-packages/airflow/example_dags/tutorial_taskflow_api.py for tasks to queue
[2025-03-24T23:28:01.134+0000] {logging_mixin.py:188} INFO - [2025-03-24T23:28:01.134+0000] {dagbag.py:538} INFO - Filling up the DagBag from /home/airflow/.local/lib/python3.8/site-packages/airflow/example_dags/tutorial_taskflow_api.py
[2025-03-24T23:28:01.137+0000] {processor.py:840} INFO - DAG(s) 'tutorial_taskflow_api' retrieved from /home/airflow/.local/lib/python3.8/site-packages/airflow/example_dags/tutorial_taskflow_api.py
[2025-03-24T23:28:01.146+0000] {logging_mixin.py:188} INFO - [2025-03-24T23:28:01.146+0000] {dag.py:3033} INFO - Sync 1 DAGs
[2025-03-24T23:28:01.152+0000] {logging_mixin.py:188} INFO - [2025-03-24T23:28:01.151+0000] {dag.py:3820} INFO - Setting next_dagrun for tutorial_taskflow_api to None, run_after=None
[2025-03-24T23:28:01.163+0000] {processor.py:183} INFO - Processing /home/airflow/.local/lib/python3.8/site-packages/airflow/example_dags/tutorial_taskflow_api.py took 0.032 seconds
[2025-03-24T23:28:31.858+0000] {processor.py:161} INFO - Started process (PID=519) to work on /home/airflow/.local/lib/python3.8/site-packages/airflow/example_dags/tutorial_taskflow_api.py
[2025-03-24T23:28:31.861+0000] {processor.py:830} INFO - Processing file /home/airflow/.local/lib/python3.8/site-packages/airflow/example_dags/tutorial_taskflow_api.py for tasks to queue
[2025-03-24T23:28:31.862+0000] {logging_mixin.py:188} INFO - [2025-03-24T23:28:31.862+0000] {dagbag.py:538} INFO - Filling up the DagBag from /home/airflow/.local/lib/python3.8/site-packages/airflow/example_dags/tutorial_taskflow_api.py
[2025-03-24T23:28:31.865+0000] {processor.py:840} INFO - DAG(s) 'tutorial_taskflow_api' retrieved from /home/airflow/.local/lib/python3.8/site-packages/airflow/example_dags/tutorial_taskflow_api.py
[2025-03-24T23:28:31.875+0000] {logging_mixin.py:188} INFO - [2025-03-24T23:28:31.875+0000] {dag.py:3033} INFO - Sync 1 DAGs
[2025-03-24T23:28:31.879+0000] {logging_mixin.py:188} INFO - [2025-03-24T23:28:31.879+0000] {dag.py:3820} INFO - Setting next_dagrun for tutorial_taskflow_api to None, run_after=None
[2025-03-24T23:28:31.890+0000] {processor.py:183} INFO - Processing /home/airflow/.local/lib/python3.8/site-packages/airflow/example_dags/tutorial_taskflow_api.py took 0.033 seconds
[2025-03-24T23:29:02.651+0000] {processor.py:161} INFO - Started process (PID=574) to work on /home/airflow/.local/lib/python3.8/site-packages/airflow/example_dags/tutorial_taskflow_api.py
[2025-03-24T23:29:02.652+0000] {processor.py:830} INFO - Processing file /home/airflow/.local/lib/python3.8/site-packages/airflow/example_dags/tutorial_taskflow_api.py for tasks to queue
[2025-03-24T23:29:02.653+0000] {logging_mixin.py:188} INFO - [2025-03-24T23:29:02.652+0000] {dagbag.py:538} INFO - Filling up the DagBag from /home/airflow/.local/lib/python3.8/site-packages/airflow/example_dags/tutorial_taskflow_api.py
[2025-03-24T23:29:02.656+0000] {processor.py:840} INFO - DAG(s) 'tutorial_taskflow_api' retrieved from /home/airflow/.local/lib/python3.8/site-packages/airflow/example_dags/tutorial_taskflow_api.py
[2025-03-24T23:29:02.666+0000] {logging_mixin.py:188} INFO - [2025-03-24T23:29:02.666+0000] {dag.py:3033} INFO - Sync 1 DAGs
[2025-03-24T23:29:02.672+0000] {logging_mixin.py:188} INFO - [2025-03-24T23:29:02.672+0000] {dag.py:3820} INFO - Setting next_dagrun for tutorial_taskflow_api to None, run_after=None
[2025-03-24T23:29:02.682+0000] {processor.py:183} INFO - Processing /home/airflow/.local/lib/python3.8/site-packages/airflow/example_dags/tutorial_taskflow_api.py took 0.032 seconds
[2025-03-24T23:29:33.376+0000] {processor.py:161} INFO - Started process (PID=629) to work on /home/airflow/.local/lib/python3.8/site-packages/airflow/example_dags/tutorial_taskflow_api.py
[2025-03-24T23:29:33.377+0000] {processor.py:830} INFO - Processing file /home/airflow/.local/lib/python3.8/site-packages/airflow/example_dags/tutorial_taskflow_api.py for tasks to queue
[2025-03-24T23:29:33.381+0000] {logging_mixin.py:188} INFO - [2025-03-24T23:29:33.381+0000] {dagbag.py:538} INFO - Filling up the DagBag from /home/airflow/.local/lib/python3.8/site-packages/airflow/example_dags/tutorial_taskflow_api.py
[2025-03-24T23:29:33.384+0000] {processor.py:840} INFO - DAG(s) 'tutorial_taskflow_api' retrieved from /home/airflow/.local/lib/python3.8/site-packages/airflow/example_dags/tutorial_taskflow_api.py
[2025-03-24T23:29:33.393+0000] {logging_mixin.py:188} INFO - [2025-03-24T23:29:33.393+0000] {dag.py:3033} INFO - Sync 1 DAGs
[2025-03-24T23:29:33.399+0000] {logging_mixin.py:188} INFO - [2025-03-24T23:29:33.399+0000] {dag.py:3820} INFO - Setting next_dagrun for tutorial_taskflow_api to None, run_after=None
[2025-03-24T23:29:33.406+0000] {processor.py:183} INFO - Processing /home/airflow/.local/lib/python3.8/site-packages/airflow/example_dags/tutorial_taskflow_api.py took 0.032 seconds
[2025-03-24T23:30:04.026+0000] {processor.py:161} INFO - Started process (PID=684) to work on /home/airflow/.local/lib/python3.8/site-packages/airflow/example_dags/tutorial_taskflow_api.py
[2025-03-24T23:30:04.027+0000] {processor.py:830} INFO - Processing file /home/airflow/.local/lib/python3.8/site-packages/airflow/example_dags/tutorial_taskflow_api.py for tasks to queue
[2025-03-24T23:30:04.031+0000] {logging_mixin.py:188} INFO - [2025-03-24T23:30:04.030+0000] {dagbag.py:538} INFO - Filling up the DagBag from /home/airflow/.local/lib/python3.8/site-packages/airflow/example_dags/tutorial_taskflow_api.py
[2025-03-24T23:30:04.033+0000] {processor.py:840} INFO - DAG(s) 'tutorial_taskflow_api' retrieved from /home/airflow/.local/lib/python3.8/site-packages/airflow/example_dags/tutorial_taskflow_api.py
[2025-03-24T23:30:04.042+0000] {logging_mixin.py:188} INFO - [2025-03-24T23:30:04.042+0000] {dag.py:3033} INFO - Sync 1 DAGs
[2025-03-24T23:30:04.048+0000] {logging_mixin.py:188} INFO - [2025-03-24T23:30:04.048+0000] {dag.py:3820} INFO - Setting next_dagrun for tutorial_taskflow_api to None, run_after=None
[2025-03-24T23:30:04.057+0000] {processor.py:183} INFO - Processing /home/airflow/.local/lib/python3.8/site-packages/airflow/example_dags/tutorial_taskflow_api.py took 0.032 seconds
[2025-03-24T23:30:34.584+0000] {processor.py:161} INFO - Started process (PID=739) to work on /home/airflow/.local/lib/python3.8/site-packages/airflow/example_dags/tutorial_taskflow_api.py
[2025-03-24T23:30:34.584+0000] {processor.py:830} INFO - Processing file /home/airflow/.local/lib/python3.8/site-packages/airflow/example_dags/tutorial_taskflow_api.py for tasks to queue
[2025-03-24T23:30:34.585+0000] {logging_mixin.py:188} INFO - [2025-03-24T23:30:34.585+0000] {dagbag.py:538} INFO - Filling up the DagBag from /home/airflow/.local/lib/python3.8/site-packages/airflow/example_dags/tutorial_taskflow_api.py
[2025-03-24T23:30:34.588+0000] {processor.py:840} INFO - DAG(s) 'tutorial_taskflow_api' retrieved from /home/airflow/.local/lib/python3.8/site-packages/airflow/example_dags/tutorial_taskflow_api.py
[2025-03-24T23:30:34.596+0000] {logging_mixin.py:188} INFO - [2025-03-24T23:30:34.596+0000] {dag.py:3033} INFO - Sync 1 DAGs
[2025-03-24T23:30:34.602+0000] {logging_mixin.py:188} INFO - [2025-03-24T23:30:34.602+0000] {dag.py:3820} INFO - Setting next_dagrun for tutorial_taskflow_api to None, run_after=None
[2025-03-24T23:30:34.609+0000] {processor.py:183} INFO - Processing /home/airflow/.local/lib/python3.8/site-packages/airflow/example_dags/tutorial_taskflow_api.py took 0.026 seconds
[2025-03-24T23:31:05.457+0000] {processor.py:161} INFO - Started process (PID=794) to work on /home/airflow/.local/lib/python3.8/site-packages/airflow/example_dags/tutorial_taskflow_api.py
[2025-03-24T23:31:05.458+0000] {processor.py:830} INFO - Processing file /home/airflow/.local/lib/python3.8/site-packages/airflow/example_dags/tutorial_taskflow_api.py for tasks to queue
[2025-03-24T23:31:05.460+0000] {logging_mixin.py:188} INFO - [2025-03-24T23:31:05.460+0000] {dagbag.py:538} INFO - Filling up the DagBag from /home/airflow/.local/lib/python3.8/site-packages/airflow/example_dags/tutorial_taskflow_api.py
[2025-03-24T23:31:05.462+0000] {processor.py:840} INFO - DAG(s) 'tutorial_taskflow_api' retrieved from /home/airflow/.local/lib/python3.8/site-packages/airflow/example_dags/tutorial_taskflow_api.py
[2025-03-24T23:31:05.472+0000] {logging_mixin.py:188} INFO - [2025-03-24T23:31:05.472+0000] {dag.py:3033} INFO - Sync 1 DAGs
[2025-03-24T23:31:05.477+0000] {logging_mixin.py:188} INFO - [2025-03-24T23:31:05.477+0000] {dag.py:3820} INFO - Setting next_dagrun for tutorial_taskflow_api to None, run_after=None
[2025-03-24T23:31:05.484+0000] {processor.py:183} INFO - Processing /home/airflow/.local/lib/python3.8/site-packages/airflow/example_dags/tutorial_taskflow_api.py took 0.029 seconds
[2025-03-24T23:31:36.234+0000] {processor.py:161} INFO - Started process (PID=849) to work on /home/airflow/.local/lib/python3.8/site-packages/airflow/example_dags/tutorial_taskflow_api.py
[2025-03-24T23:31:36.235+0000] {processor.py:830} INFO - Processing file /home/airflow/.local/lib/python3.8/site-packages/airflow/example_dags/tutorial_taskflow_api.py for tasks to queue
[2025-03-24T23:31:36.236+0000] {logging_mixin.py:188} INFO - [2025-03-24T23:31:36.236+0000] {dagbag.py:538} INFO - Filling up the DagBag from /home/airflow/.local/lib/python3.8/site-packages/airflow/example_dags/tutorial_taskflow_api.py
[2025-03-24T23:31:36.239+0000] {processor.py:840} INFO - DAG(s) 'tutorial_taskflow_api' retrieved from /home/airflow/.local/lib/python3.8/site-packages/airflow/example_dags/tutorial_taskflow_api.py
[2025-03-24T23:31:36.249+0000] {logging_mixin.py:188} INFO - [2025-03-24T23:31:36.249+0000] {dag.py:3033} INFO - Sync 1 DAGs
[2025-03-24T23:31:36.254+0000] {logging_mixin.py:188} INFO - [2025-03-24T23:31:36.254+0000] {dag.py:3820} INFO - Setting next_dagrun for tutorial_taskflow_api to None, run_after=None
[2025-03-24T23:31:36.261+0000] {processor.py:183} INFO - Processing /home/airflow/.local/lib/python3.8/site-packages/airflow/example_dags/tutorial_taskflow_api.py took 0.028 seconds
[2025-03-24T23:32:07.060+0000] {processor.py:161} INFO - Started process (PID=904) to work on /home/airflow/.local/lib/python3.8/site-packages/airflow/example_dags/tutorial_taskflow_api.py
[2025-03-24T23:32:07.061+0000] {processor.py:830} INFO - Processing file /home/airflow/.local/lib/python3.8/site-packages/airflow/example_dags/tutorial_taskflow_api.py for tasks to queue
[2025-03-24T23:32:07.062+0000] {logging_mixin.py:188} INFO - [2025-03-24T23:32:07.061+0000] {dagbag.py:538} INFO - Filling up the DagBag from /home/airflow/.local/lib/python3.8/site-packages/airflow/example_dags/tutorial_taskflow_api.py
[2025-03-24T23:32:07.064+0000] {processor.py:840} INFO - DAG(s) 'tutorial_taskflow_api' retrieved from /home/airflow/.local/lib/python3.8/site-packages/airflow/example_dags/tutorial_taskflow_api.py
[2025-03-24T23:32:07.074+0000] {logging_mixin.py:188} INFO - [2025-03-24T23:32:07.074+0000] {dag.py:3033} INFO - Sync 1 DAGs
[2025-03-24T23:32:07.079+0000] {logging_mixin.py:188} INFO - [2025-03-24T23:32:07.079+0000] {dag.py:3820} INFO - Setting next_dagrun for tutorial_taskflow_api to None, run_after=None
[2025-03-24T23:32:07.087+0000] {processor.py:183} INFO - Processing /home/airflow/.local/lib/python3.8/site-packages/airflow/example_dags/tutorial_taskflow_api.py took 0.029 seconds
[2025-03-24T23:32:37.992+0000] {processor.py:161} INFO - Started process (PID=959) to work on /home/airflow/.local/lib/python3.8/site-packages/airflow/example_dags/tutorial_taskflow_api.py
[2025-03-24T23:32:37.993+0000] {processor.py:830} INFO - Processing file /home/airflow/.local/lib/python3.8/site-packages/airflow/example_dags/tutorial_taskflow_api.py for tasks to queue
[2025-03-24T23:32:37.994+0000] {logging_mixin.py:188} INFO - [2025-03-24T23:32:37.994+0000] {dagbag.py:538} INFO - Filling up the DagBag from /home/airflow/.local/lib/python3.8/site-packages/airflow/example_dags/tutorial_taskflow_api.py
[2025-03-24T23:32:37.997+0000] {processor.py:840} INFO - DAG(s) 'tutorial_taskflow_api' retrieved from /home/airflow/.local/lib/python3.8/site-packages/airflow/example_dags/tutorial_taskflow_api.py
[2025-03-24T23:32:38.008+0000] {logging_mixin.py:188} INFO - [2025-03-24T23:32:38.008+0000] {dag.py:3033} INFO - Sync 1 DAGs
[2025-03-24T23:32:38.014+0000] {logging_mixin.py:188} INFO - [2025-03-24T23:32:38.014+0000] {dag.py:3820} INFO - Setting next_dagrun for tutorial_taskflow_api to None, run_after=None
[2025-03-24T23:32:38.022+0000] {processor.py:183} INFO - Processing /home/airflow/.local/lib/python3.8/site-packages/airflow/example_dags/tutorial_taskflow_api.py took 0.031 seconds
[2025-03-24T23:33:08.616+0000] {processor.py:161} INFO - Started process (PID=1014) to work on /home/airflow/.local/lib/python3.8/site-packages/airflow/example_dags/tutorial_taskflow_api.py
[2025-03-24T23:33:08.619+0000] {processor.py:830} INFO - Processing file /home/airflow/.local/lib/python3.8/site-packages/airflow/example_dags/tutorial_taskflow_api.py for tasks to queue
[2025-03-24T23:33:08.621+0000] {logging_mixin.py:188} INFO - [2025-03-24T23:33:08.620+0000] {dagbag.py:538} INFO - Filling up the DagBag from /home/airflow/.local/lib/python3.8/site-packages/airflow/example_dags/tutorial_taskflow_api.py
[2025-03-24T23:33:08.624+0000] {processor.py:840} INFO - DAG(s) 'tutorial_taskflow_api' retrieved from /home/airflow/.local/lib/python3.8/site-packages/airflow/example_dags/tutorial_taskflow_api.py
[2025-03-24T23:33:08.633+0000] {logging_mixin.py:188} INFO - [2025-03-24T23:33:08.633+0000] {dag.py:3033} INFO - Sync 1 DAGs
[2025-03-24T23:33:08.639+0000] {logging_mixin.py:188} INFO - [2025-03-24T23:33:08.638+0000] {dag.py:3820} INFO - Setting next_dagrun for tutorial_taskflow_api to None, run_after=None
[2025-03-24T23:33:08.647+0000] {processor.py:183} INFO - Processing /home/airflow/.local/lib/python3.8/site-packages/airflow/example_dags/tutorial_taskflow_api.py took 0.032 seconds
[2025-03-24T23:33:39.116+0000] {processor.py:161} INFO - Started process (PID=1069) to work on /home/airflow/.local/lib/python3.8/site-packages/airflow/example_dags/tutorial_taskflow_api.py
[2025-03-24T23:33:39.118+0000] {processor.py:830} INFO - Processing file /home/airflow/.local/lib/python3.8/site-packages/airflow/example_dags/tutorial_taskflow_api.py for tasks to queue
[2025-03-24T23:33:39.119+0000] {logging_mixin.py:188} INFO - [2025-03-24T23:33:39.119+0000] {dagbag.py:538} INFO - Filling up the DagBag from /home/airflow/.local/lib/python3.8/site-packages/airflow/example_dags/tutorial_taskflow_api.py
[2025-03-24T23:33:39.123+0000] {processor.py:840} INFO - DAG(s) 'tutorial_taskflow_api' retrieved from /home/airflow/.local/lib/python3.8/site-packages/airflow/example_dags/tutorial_taskflow_api.py
[2025-03-24T23:33:39.133+0000] {logging_mixin.py:188} INFO - [2025-03-24T23:33:39.132+0000] {dag.py:3033} INFO - Sync 1 DAGs
[2025-03-24T23:33:39.138+0000] {logging_mixin.py:188} INFO - [2025-03-24T23:33:39.138+0000] {dag.py:3820} INFO - Setting next_dagrun for tutorial_taskflow_api to None, run_after=None
[2025-03-24T23:33:39.146+0000] {processor.py:183} INFO - Processing /home/airflow/.local/lib/python3.8/site-packages/airflow/example_dags/tutorial_taskflow_api.py took 0.032 seconds
[2025-03-24T23:34:09.632+0000] {processor.py:161} INFO - Started process (PID=1124) to work on /home/airflow/.local/lib/python3.8/site-packages/airflow/example_dags/tutorial_taskflow_api.py
[2025-03-24T23:34:09.635+0000] {processor.py:830} INFO - Processing file /home/airflow/.local/lib/python3.8/site-packages/airflow/example_dags/tutorial_taskflow_api.py for tasks to queue
[2025-03-24T23:34:09.636+0000] {logging_mixin.py:188} INFO - [2025-03-24T23:34:09.636+0000] {dagbag.py:538} INFO - Filling up the DagBag from /home/airflow/.local/lib/python3.8/site-packages/airflow/example_dags/tutorial_taskflow_api.py
[2025-03-24T23:34:09.640+0000] {processor.py:840} INFO - DAG(s) 'tutorial_taskflow_api' retrieved from /home/airflow/.local/lib/python3.8/site-packages/airflow/example_dags/tutorial_taskflow_api.py
[2025-03-24T23:34:09.650+0000] {logging_mixin.py:188} INFO - [2025-03-24T23:34:09.650+0000] {dag.py:3033} INFO - Sync 1 DAGs
[2025-03-24T23:34:09.655+0000] {logging_mixin.py:188} INFO - [2025-03-24T23:34:09.655+0000] {dag.py:3820} INFO - Setting next_dagrun for tutorial_taskflow_api to None, run_after=None
[2025-03-24T23:34:09.663+0000] {processor.py:183} INFO - Processing /home/airflow/.local/lib/python3.8/site-packages/airflow/example_dags/tutorial_taskflow_api.py took 0.032 seconds
[2025-03-24T23:34:40.463+0000] {processor.py:161} INFO - Started process (PID=1179) to work on /home/airflow/.local/lib/python3.8/site-packages/airflow/example_dags/tutorial_taskflow_api.py
[2025-03-24T23:34:40.464+0000] {processor.py:830} INFO - Processing file /home/airflow/.local/lib/python3.8/site-packages/airflow/example_dags/tutorial_taskflow_api.py for tasks to queue
[2025-03-24T23:34:40.465+0000] {logging_mixin.py:188} INFO - [2025-03-24T23:34:40.465+0000] {dagbag.py:538} INFO - Filling up the DagBag from /home/airflow/.local/lib/python3.8/site-packages/airflow/example_dags/tutorial_taskflow_api.py
[2025-03-24T23:34:40.468+0000] {processor.py:840} INFO - DAG(s) 'tutorial_taskflow_api' retrieved from /home/airflow/.local/lib/python3.8/site-packages/airflow/example_dags/tutorial_taskflow_api.py
[2025-03-24T23:34:40.481+0000] {logging_mixin.py:188} INFO - [2025-03-24T23:34:40.480+0000] {dag.py:3033} INFO - Sync 1 DAGs
[2025-03-24T23:34:40.489+0000] {logging_mixin.py:188} INFO - [2025-03-24T23:34:40.489+0000] {dag.py:3820} INFO - Setting next_dagrun for tutorial_taskflow_api to None, run_after=None
[2025-03-24T23:34:40.502+0000] {processor.py:183} INFO - Processing /home/airflow/.local/lib/python3.8/site-packages/airflow/example_dags/tutorial_taskflow_api.py took 0.041 seconds
[2025-03-24T23:35:10.630+0000] {processor.py:161} INFO - Started process (PID=1234) to work on /home/airflow/.local/lib/python3.8/site-packages/airflow/example_dags/tutorial_taskflow_api.py
[2025-03-24T23:35:10.631+0000] {processor.py:830} INFO - Processing file /home/airflow/.local/lib/python3.8/site-packages/airflow/example_dags/tutorial_taskflow_api.py for tasks to queue
[2025-03-24T23:35:10.632+0000] {logging_mixin.py:188} INFO - [2025-03-24T23:35:10.631+0000] {dagbag.py:538} INFO - Filling up the DagBag from /home/airflow/.local/lib/python3.8/site-packages/airflow/example_dags/tutorial_taskflow_api.py
[2025-03-24T23:35:10.634+0000] {processor.py:840} INFO - DAG(s) 'tutorial_taskflow_api' retrieved from /home/airflow/.local/lib/python3.8/site-packages/airflow/example_dags/tutorial_taskflow_api.py
[2025-03-24T23:35:10.644+0000] {logging_mixin.py:188} INFO - [2025-03-24T23:35:10.644+0000] {dag.py:3033} INFO - Sync 1 DAGs
[2025-03-24T23:35:10.650+0000] {logging_mixin.py:188} INFO - [2025-03-24T23:35:10.650+0000] {dag.py:3820} INFO - Setting next_dagrun for tutorial_taskflow_api to None, run_after=None
[2025-03-24T23:35:10.662+0000] {processor.py:183} INFO - Processing /home/airflow/.local/lib/python3.8/site-packages/airflow/example_dags/tutorial_taskflow_api.py took 0.033 seconds
[2025-03-24T23:35:41.448+0000] {processor.py:161} INFO - Started process (PID=1289) to work on /home/airflow/.local/lib/python3.8/site-packages/airflow/example_dags/tutorial_taskflow_api.py
[2025-03-24T23:35:41.449+0000] {processor.py:830} INFO - Processing file /home/airflow/.local/lib/python3.8/site-packages/airflow/example_dags/tutorial_taskflow_api.py for tasks to queue
[2025-03-24T23:35:41.451+0000] {logging_mixin.py:188} INFO - [2025-03-24T23:35:41.451+0000] {dagbag.py:538} INFO - Filling up the DagBag from /home/airflow/.local/lib/python3.8/site-packages/airflow/example_dags/tutorial_taskflow_api.py
[2025-03-24T23:35:41.453+0000] {processor.py:840} INFO - DAG(s) 'tutorial_taskflow_api' retrieved from /home/airflow/.local/lib/python3.8/site-packages/airflow/example_dags/tutorial_taskflow_api.py
[2025-03-24T23:35:41.462+0000] {logging_mixin.py:188} INFO - [2025-03-24T23:35:41.462+0000] {dag.py:3033} INFO - Sync 1 DAGs
[2025-03-24T23:35:41.467+0000] {logging_mixin.py:188} INFO - [2025-03-24T23:35:41.467+0000] {dag.py:3820} INFO - Setting next_dagrun for tutorial_taskflow_api to None, run_after=None
[2025-03-24T23:35:41.477+0000] {processor.py:183} INFO - Processing /home/airflow/.local/lib/python3.8/site-packages/airflow/example_dags/tutorial_taskflow_api.py took 0.030 seconds
[2025-03-24T23:36:12.102+0000] {processor.py:161} INFO - Started process (PID=1344) to work on /home/airflow/.local/lib/python3.8/site-packages/airflow/example_dags/tutorial_taskflow_api.py
[2025-03-24T23:36:12.103+0000] {processor.py:830} INFO - Processing file /home/airflow/.local/lib/python3.8/site-packages/airflow/example_dags/tutorial_taskflow_api.py for tasks to queue
[2025-03-24T23:36:12.104+0000] {logging_mixin.py:188} INFO - [2025-03-24T23:36:12.104+0000] {dagbag.py:538} INFO - Filling up the DagBag from /home/airflow/.local/lib/python3.8/site-packages/airflow/example_dags/tutorial_taskflow_api.py
[2025-03-24T23:36:12.109+0000] {processor.py:840} INFO - DAG(s) 'tutorial_taskflow_api' retrieved from /home/airflow/.local/lib/python3.8/site-packages/airflow/example_dags/tutorial_taskflow_api.py
[2025-03-24T23:36:12.120+0000] {logging_mixin.py:188} INFO - [2025-03-24T23:36:12.120+0000] {dag.py:3033} INFO - Sync 1 DAGs
[2025-03-24T23:36:12.125+0000] {logging_mixin.py:188} INFO - [2025-03-24T23:36:12.125+0000] {dag.py:3820} INFO - Setting next_dagrun for tutorial_taskflow_api to None, run_after=None
[2025-03-24T23:36:12.132+0000] {processor.py:183} INFO - Processing /home/airflow/.local/lib/python3.8/site-packages/airflow/example_dags/tutorial_taskflow_api.py took 0.032 seconds
[2025-03-24T23:36:42.850+0000] {processor.py:161} INFO - Started process (PID=1399) to work on /home/airflow/.local/lib/python3.8/site-packages/airflow/example_dags/tutorial_taskflow_api.py
[2025-03-24T23:36:42.851+0000] {processor.py:830} INFO - Processing file /home/airflow/.local/lib/python3.8/site-packages/airflow/example_dags/tutorial_taskflow_api.py for tasks to queue
[2025-03-24T23:36:42.852+0000] {logging_mixin.py:188} INFO - [2025-03-24T23:36:42.852+0000] {dagbag.py:538} INFO - Filling up the DagBag from /home/airflow/.local/lib/python3.8/site-packages/airflow/example_dags/tutorial_taskflow_api.py
[2025-03-24T23:36:42.855+0000] {processor.py:840} INFO - DAG(s) 'tutorial_taskflow_api' retrieved from /home/airflow/.local/lib/python3.8/site-packages/airflow/example_dags/tutorial_taskflow_api.py
[2025-03-24T23:36:42.866+0000] {logging_mixin.py:188} INFO - [2025-03-24T23:36:42.866+0000] {dag.py:3033} INFO - Sync 1 DAGs
[2025-03-24T23:36:42.871+0000] {logging_mixin.py:188} INFO - [2025-03-24T23:36:42.871+0000] {dag.py:3820} INFO - Setting next_dagrun for tutorial_taskflow_api to None, run_after=None
[2025-03-24T23:36:42.880+0000] {processor.py:183} INFO - Processing /home/airflow/.local/lib/python3.8/site-packages/airflow/example_dags/tutorial_taskflow_api.py took 0.032 seconds
[2025-03-24T23:37:13.722+0000] {processor.py:161} INFO - Started process (PID=1454) to work on /home/airflow/.local/lib/python3.8/site-packages/airflow/example_dags/tutorial_taskflow_api.py
[2025-03-24T23:37:13.724+0000] {processor.py:830} INFO - Processing file /home/airflow/.local/lib/python3.8/site-packages/airflow/example_dags/tutorial_taskflow_api.py for tasks to queue
[2025-03-24T23:37:13.726+0000] {logging_mixin.py:188} INFO - [2025-03-24T23:37:13.725+0000] {dagbag.py:538} INFO - Filling up the DagBag from /home/airflow/.local/lib/python3.8/site-packages/airflow/example_dags/tutorial_taskflow_api.py
[2025-03-24T23:37:13.728+0000] {processor.py:840} INFO - DAG(s) 'tutorial_taskflow_api' retrieved from /home/airflow/.local/lib/python3.8/site-packages/airflow/example_dags/tutorial_taskflow_api.py
[2025-03-24T23:37:13.737+0000] {logging_mixin.py:188} INFO - [2025-03-24T23:37:13.737+0000] {dag.py:3033} INFO - Sync 1 DAGs
[2025-03-24T23:37:13.745+0000] {logging_mixin.py:188} INFO - [2025-03-24T23:37:13.744+0000] {dag.py:3820} INFO - Setting next_dagrun for tutorial_taskflow_api to None, run_after=None
[2025-03-24T23:37:13.753+0000] {processor.py:183} INFO - Processing /home/airflow/.local/lib/python3.8/site-packages/airflow/example_dags/tutorial_taskflow_api.py took 0.033 seconds
[2025-03-24T23:37:44.556+0000] {processor.py:161} INFO - Started process (PID=1509) to work on /home/airflow/.local/lib/python3.8/site-packages/airflow/example_dags/tutorial_taskflow_api.py
[2025-03-24T23:37:44.559+0000] {processor.py:830} INFO - Processing file /home/airflow/.local/lib/python3.8/site-packages/airflow/example_dags/tutorial_taskflow_api.py for tasks to queue
[2025-03-24T23:37:44.562+0000] {logging_mixin.py:188} INFO - [2025-03-24T23:37:44.562+0000] {dagbag.py:538} INFO - Filling up the DagBag from /home/airflow/.local/lib/python3.8/site-packages/airflow/example_dags/tutorial_taskflow_api.py
[2025-03-24T23:37:44.565+0000] {processor.py:840} INFO - DAG(s) 'tutorial_taskflow_api' retrieved from /home/airflow/.local/lib/python3.8/site-packages/airflow/example_dags/tutorial_taskflow_api.py
[2025-03-24T23:37:44.574+0000] {logging_mixin.py:188} INFO - [2025-03-24T23:37:44.574+0000] {dag.py:3033} INFO - Sync 1 DAGs
[2025-03-24T23:37:44.579+0000] {logging_mixin.py:188} INFO - [2025-03-24T23:37:44.579+0000] {dag.py:3820} INFO - Setting next_dagrun for tutorial_taskflow_api to None, run_after=None
[2025-03-24T23:37:44.589+0000] {processor.py:183} INFO - Processing /home/airflow/.local/lib/python3.8/site-packages/airflow/example_dags/tutorial_taskflow_api.py took 0.035 seconds
[2025-03-24T23:38:15.294+0000] {processor.py:161} INFO - Started process (PID=1564) to work on /home/airflow/.local/lib/python3.8/site-packages/airflow/example_dags/tutorial_taskflow_api.py
[2025-03-24T23:38:15.294+0000] {processor.py:830} INFO - Processing file /home/airflow/.local/lib/python3.8/site-packages/airflow/example_dags/tutorial_taskflow_api.py for tasks to queue
[2025-03-24T23:38:15.295+0000] {logging_mixin.py:188} INFO - [2025-03-24T23:38:15.295+0000] {dagbag.py:538} INFO - Filling up the DagBag from /home/airflow/.local/lib/python3.8/site-packages/airflow/example_dags/tutorial_taskflow_api.py
[2025-03-24T23:38:15.298+0000] {processor.py:840} INFO - DAG(s) 'tutorial_taskflow_api' retrieved from /home/airflow/.local/lib/python3.8/site-packages/airflow/example_dags/tutorial_taskflow_api.py
[2025-03-24T23:38:15.305+0000] {logging_mixin.py:188} INFO - [2025-03-24T23:38:15.305+0000] {dag.py:3033} INFO - Sync 1 DAGs
[2025-03-24T23:38:15.310+0000] {logging_mixin.py:188} INFO - [2025-03-24T23:38:15.310+0000] {dag.py:3820} INFO - Setting next_dagrun for tutorial_taskflow_api to None, run_after=None
[2025-03-24T23:38:15.316+0000] {processor.py:183} INFO - Processing /home/airflow/.local/lib/python3.8/site-packages/airflow/example_dags/tutorial_taskflow_api.py took 0.024 seconds
[2025-03-24T23:38:45.976+0000] {processor.py:161} INFO - Started process (PID=1619) to work on /home/airflow/.local/lib/python3.8/site-packages/airflow/example_dags/tutorial_taskflow_api.py
[2025-03-24T23:38:45.978+0000] {processor.py:830} INFO - Processing file /home/airflow/.local/lib/python3.8/site-packages/airflow/example_dags/tutorial_taskflow_api.py for tasks to queue
[2025-03-24T23:38:45.980+0000] {logging_mixin.py:188} INFO - [2025-03-24T23:38:45.980+0000] {dagbag.py:538} INFO - Filling up the DagBag from /home/airflow/.local/lib/python3.8/site-packages/airflow/example_dags/tutorial_taskflow_api.py
[2025-03-24T23:38:45.983+0000] {processor.py:840} INFO - DAG(s) 'tutorial_taskflow_api' retrieved from /home/airflow/.local/lib/python3.8/site-packages/airflow/example_dags/tutorial_taskflow_api.py
[2025-03-24T23:38:45.992+0000] {logging_mixin.py:188} INFO - [2025-03-24T23:38:45.992+0000] {dag.py:3033} INFO - Sync 1 DAGs
[2025-03-24T23:38:45.997+0000] {logging_mixin.py:188} INFO - [2025-03-24T23:38:45.997+0000] {dag.py:3820} INFO - Setting next_dagrun for tutorial_taskflow_api to None, run_after=None
[2025-03-24T23:38:46.007+0000] {processor.py:183} INFO - Processing /home/airflow/.local/lib/python3.8/site-packages/airflow/example_dags/tutorial_taskflow_api.py took 0.034 seconds
[2025-03-24T23:39:16.909+0000] {processor.py:161} INFO - Started process (PID=1674) to work on /home/airflow/.local/lib/python3.8/site-packages/airflow/example_dags/tutorial_taskflow_api.py
[2025-03-24T23:39:16.909+0000] {processor.py:830} INFO - Processing file /home/airflow/.local/lib/python3.8/site-packages/airflow/example_dags/tutorial_taskflow_api.py for tasks to queue
[2025-03-24T23:39:16.910+0000] {logging_mixin.py:188} INFO - [2025-03-24T23:39:16.910+0000] {dagbag.py:538} INFO - Filling up the DagBag from /home/airflow/.local/lib/python3.8/site-packages/airflow/example_dags/tutorial_taskflow_api.py
[2025-03-24T23:39:16.914+0000] {processor.py:840} INFO - DAG(s) 'tutorial_taskflow_api' retrieved from /home/airflow/.local/lib/python3.8/site-packages/airflow/example_dags/tutorial_taskflow_api.py
[2025-03-24T23:39:16.927+0000] {logging_mixin.py:188} INFO - [2025-03-24T23:39:16.927+0000] {dag.py:3033} INFO - Sync 1 DAGs
[2025-03-24T23:39:16.933+0000] {logging_mixin.py:188} INFO - [2025-03-24T23:39:16.933+0000] {dag.py:3820} INFO - Setting next_dagrun for tutorial_taskflow_api to None, run_after=None
[2025-03-24T23:39:16.944+0000] {processor.py:183} INFO - Processing /home/airflow/.local/lib/python3.8/site-packages/airflow/example_dags/tutorial_taskflow_api.py took 0.037 seconds
[2025-03-24T23:39:47.718+0000] {processor.py:161} INFO - Started process (PID=1729) to work on /home/airflow/.local/lib/python3.8/site-packages/airflow/example_dags/tutorial_taskflow_api.py
[2025-03-24T23:39:47.719+0000] {processor.py:830} INFO - Processing file /home/airflow/.local/lib/python3.8/site-packages/airflow/example_dags/tutorial_taskflow_api.py for tasks to queue
[2025-03-24T23:39:47.721+0000] {logging_mixin.py:188} INFO - [2025-03-24T23:39:47.721+0000] {dagbag.py:538} INFO - Filling up the DagBag from /home/airflow/.local/lib/python3.8/site-packages/airflow/example_dags/tutorial_taskflow_api.py
[2025-03-24T23:39:47.724+0000] {processor.py:840} INFO - DAG(s) 'tutorial_taskflow_api' retrieved from /home/airflow/.local/lib/python3.8/site-packages/airflow/example_dags/tutorial_taskflow_api.py
[2025-03-24T23:39:47.733+0000] {logging_mixin.py:188} INFO - [2025-03-24T23:39:47.733+0000] {dag.py:3033} INFO - Sync 1 DAGs
[2025-03-24T23:39:47.739+0000] {logging_mixin.py:188} INFO - [2025-03-24T23:39:47.739+0000] {dag.py:3820} INFO - Setting next_dagrun for tutorial_taskflow_api to None, run_after=None
[2025-03-24T23:39:47.749+0000] {processor.py:183} INFO - Processing /home/airflow/.local/lib/python3.8/site-packages/airflow/example_dags/tutorial_taskflow_api.py took 0.033 seconds
[2025-03-24T23:40:18.252+0000] {processor.py:161} INFO - Started process (PID=1784) to work on /home/airflow/.local/lib/python3.8/site-packages/airflow/example_dags/tutorial_taskflow_api.py
[2025-03-24T23:40:18.253+0000] {processor.py:830} INFO - Processing file /home/airflow/.local/lib/python3.8/site-packages/airflow/example_dags/tutorial_taskflow_api.py for tasks to queue
[2025-03-24T23:40:18.254+0000] {logging_mixin.py:188} INFO - [2025-03-24T23:40:18.254+0000] {dagbag.py:538} INFO - Filling up the DagBag from /home/airflow/.local/lib/python3.8/site-packages/airflow/example_dags/tutorial_taskflow_api.py
[2025-03-24T23:40:18.257+0000] {processor.py:840} INFO - DAG(s) 'tutorial_taskflow_api' retrieved from /home/airflow/.local/lib/python3.8/site-packages/airflow/example_dags/tutorial_taskflow_api.py
[2025-03-24T23:40:18.268+0000] {logging_mixin.py:188} INFO - [2025-03-24T23:40:18.268+0000] {dag.py:3033} INFO - Sync 1 DAGs
[2025-03-24T23:40:18.273+0000] {logging_mixin.py:188} INFO - [2025-03-24T23:40:18.273+0000] {dag.py:3820} INFO - Setting next_dagrun for tutorial_taskflow_api to None, run_after=None
[2025-03-24T23:40:18.280+0000] {processor.py:183} INFO - Processing /home/airflow/.local/lib/python3.8/site-packages/airflow/example_dags/tutorial_taskflow_api.py took 0.030 seconds
[2025-03-24T23:40:48.827+0000] {processor.py:161} INFO - Started process (PID=1839) to work on /home/airflow/.local/lib/python3.8/site-packages/airflow/example_dags/tutorial_taskflow_api.py
[2025-03-24T23:40:48.828+0000] {processor.py:830} INFO - Processing file /home/airflow/.local/lib/python3.8/site-packages/airflow/example_dags/tutorial_taskflow_api.py for tasks to queue
[2025-03-24T23:40:48.829+0000] {logging_mixin.py:188} INFO - [2025-03-24T23:40:48.829+0000] {dagbag.py:538} INFO - Filling up the DagBag from /home/airflow/.local/lib/python3.8/site-packages/airflow/example_dags/tutorial_taskflow_api.py
[2025-03-24T23:40:48.831+0000] {processor.py:840} INFO - DAG(s) 'tutorial_taskflow_api' retrieved from /home/airflow/.local/lib/python3.8/site-packages/airflow/example_dags/tutorial_taskflow_api.py
[2025-03-24T23:40:48.839+0000] {logging_mixin.py:188} INFO - [2025-03-24T23:40:48.839+0000] {dag.py:3033} INFO - Sync 1 DAGs
[2025-03-24T23:40:48.843+0000] {logging_mixin.py:188} INFO - [2025-03-24T23:40:48.843+0000] {dag.py:3820} INFO - Setting next_dagrun for tutorial_taskflow_api to None, run_after=None
[2025-03-24T23:40:48.849+0000] {processor.py:183} INFO - Processing /home/airflow/.local/lib/python3.8/site-packages/airflow/example_dags/tutorial_taskflow_api.py took 0.023 seconds
[2025-03-24T23:41:19.487+0000] {processor.py:161} INFO - Started process (PID=1894) to work on /home/airflow/.local/lib/python3.8/site-packages/airflow/example_dags/tutorial_taskflow_api.py
[2025-03-24T23:41:19.489+0000] {processor.py:830} INFO - Processing file /home/airflow/.local/lib/python3.8/site-packages/airflow/example_dags/tutorial_taskflow_api.py for tasks to queue
[2025-03-24T23:41:19.490+0000] {logging_mixin.py:188} INFO - [2025-03-24T23:41:19.490+0000] {dagbag.py:538} INFO - Filling up the DagBag from /home/airflow/.local/lib/python3.8/site-packages/airflow/example_dags/tutorial_taskflow_api.py
[2025-03-24T23:41:19.493+0000] {processor.py:840} INFO - DAG(s) 'tutorial_taskflow_api' retrieved from /home/airflow/.local/lib/python3.8/site-packages/airflow/example_dags/tutorial_taskflow_api.py
[2025-03-24T23:41:19.502+0000] {logging_mixin.py:188} INFO - [2025-03-24T23:41:19.502+0000] {dag.py:3033} INFO - Sync 1 DAGs
[2025-03-24T23:41:19.507+0000] {logging_mixin.py:188} INFO - [2025-03-24T23:41:19.507+0000] {dag.py:3820} INFO - Setting next_dagrun for tutorial_taskflow_api to None, run_after=None
[2025-03-24T23:41:19.514+0000] {processor.py:183} INFO - Processing /home/airflow/.local/lib/python3.8/site-packages/airflow/example_dags/tutorial_taskflow_api.py took 0.029 seconds
[2025-03-24T23:41:50.106+0000] {processor.py:161} INFO - Started process (PID=1949) to work on /home/airflow/.local/lib/python3.8/site-packages/airflow/example_dags/tutorial_taskflow_api.py
[2025-03-24T23:41:50.108+0000] {processor.py:830} INFO - Processing file /home/airflow/.local/lib/python3.8/site-packages/airflow/example_dags/tutorial_taskflow_api.py for tasks to queue
[2025-03-24T23:41:50.109+0000] {logging_mixin.py:188} INFO - [2025-03-24T23:41:50.109+0000] {dagbag.py:538} INFO - Filling up the DagBag from /home/airflow/.local/lib/python3.8/site-packages/airflow/example_dags/tutorial_taskflow_api.py
[2025-03-24T23:41:50.114+0000] {processor.py:840} INFO - DAG(s) 'tutorial_taskflow_api' retrieved from /home/airflow/.local/lib/python3.8/site-packages/airflow/example_dags/tutorial_taskflow_api.py
[2025-03-24T23:41:50.124+0000] {logging_mixin.py:188} INFO - [2025-03-24T23:41:50.124+0000] {dag.py:3033} INFO - Sync 1 DAGs
[2025-03-24T23:41:50.129+0000] {logging_mixin.py:188} INFO - [2025-03-24T23:41:50.129+0000] {dag.py:3820} INFO - Setting next_dagrun for tutorial_taskflow_api to None, run_after=None
[2025-03-24T23:41:50.136+0000] {processor.py:183} INFO - Processing /home/airflow/.local/lib/python3.8/site-packages/airflow/example_dags/tutorial_taskflow_api.py took 0.032 seconds
[2025-03-24T23:42:20.674+0000] {processor.py:161} INFO - Started process (PID=2004) to work on /home/airflow/.local/lib/python3.8/site-packages/airflow/example_dags/tutorial_taskflow_api.py
[2025-03-24T23:42:20.675+0000] {processor.py:830} INFO - Processing file /home/airflow/.local/lib/python3.8/site-packages/airflow/example_dags/tutorial_taskflow_api.py for tasks to queue
[2025-03-24T23:42:20.676+0000] {logging_mixin.py:188} INFO - [2025-03-24T23:42:20.676+0000] {dagbag.py:538} INFO - Filling up the DagBag from /home/airflow/.local/lib/python3.8/site-packages/airflow/example_dags/tutorial_taskflow_api.py
[2025-03-24T23:42:20.681+0000] {processor.py:840} INFO - DAG(s) 'tutorial_taskflow_api' retrieved from /home/airflow/.local/lib/python3.8/site-packages/airflow/example_dags/tutorial_taskflow_api.py
[2025-03-24T23:42:20.689+0000] {logging_mixin.py:188} INFO - [2025-03-24T23:42:20.689+0000] {dag.py:3033} INFO - Sync 1 DAGs
[2025-03-24T23:42:20.694+0000] {logging_mixin.py:188} INFO - [2025-03-24T23:42:20.694+0000] {dag.py:3820} INFO - Setting next_dagrun for tutorial_taskflow_api to None, run_after=None
[2025-03-24T23:42:20.701+0000] {processor.py:183} INFO - Processing /home/airflow/.local/lib/python3.8/site-packages/airflow/example_dags/tutorial_taskflow_api.py took 0.028 seconds
[2025-03-24T23:42:51.134+0000] {processor.py:161} INFO - Started process (PID=2059) to work on /home/airflow/.local/lib/python3.8/site-packages/airflow/example_dags/tutorial_taskflow_api.py
[2025-03-24T23:42:51.135+0000] {processor.py:830} INFO - Processing file /home/airflow/.local/lib/python3.8/site-packages/airflow/example_dags/tutorial_taskflow_api.py for tasks to queue
[2025-03-24T23:42:51.136+0000] {logging_mixin.py:188} INFO - [2025-03-24T23:42:51.136+0000] {dagbag.py:538} INFO - Filling up the DagBag from /home/airflow/.local/lib/python3.8/site-packages/airflow/example_dags/tutorial_taskflow_api.py
[2025-03-24T23:42:51.139+0000] {processor.py:840} INFO - DAG(s) 'tutorial_taskflow_api' retrieved from /home/airflow/.local/lib/python3.8/site-packages/airflow/example_dags/tutorial_taskflow_api.py
[2025-03-24T23:42:51.150+0000] {logging_mixin.py:188} INFO - [2025-03-24T23:42:51.150+0000] {dag.py:3033} INFO - Sync 1 DAGs
[2025-03-24T23:42:51.155+0000] {logging_mixin.py:188} INFO - [2025-03-24T23:42:51.155+0000] {dag.py:3820} INFO - Setting next_dagrun for tutorial_taskflow_api to None, run_after=None
[2025-03-24T23:42:51.161+0000] {processor.py:183} INFO - Processing /home/airflow/.local/lib/python3.8/site-packages/airflow/example_dags/tutorial_taskflow_api.py took 0.029 seconds
[2025-03-24T23:43:21.684+0000] {processor.py:161} INFO - Started process (PID=2114) to work on /home/airflow/.local/lib/python3.8/site-packages/airflow/example_dags/tutorial_taskflow_api.py
[2025-03-24T23:43:21.685+0000] {processor.py:830} INFO - Processing file /home/airflow/.local/lib/python3.8/site-packages/airflow/example_dags/tutorial_taskflow_api.py for tasks to queue
[2025-03-24T23:43:21.686+0000] {logging_mixin.py:188} INFO - [2025-03-24T23:43:21.686+0000] {dagbag.py:538} INFO - Filling up the DagBag from /home/airflow/.local/lib/python3.8/site-packages/airflow/example_dags/tutorial_taskflow_api.py
[2025-03-24T23:43:21.692+0000] {processor.py:840} INFO - DAG(s) 'tutorial_taskflow_api' retrieved from /home/airflow/.local/lib/python3.8/site-packages/airflow/example_dags/tutorial_taskflow_api.py
[2025-03-24T23:43:21.701+0000] {logging_mixin.py:188} INFO - [2025-03-24T23:43:21.701+0000] {dag.py:3033} INFO - Sync 1 DAGs
[2025-03-24T23:43:21.707+0000] {logging_mixin.py:188} INFO - [2025-03-24T23:43:21.707+0000] {dag.py:3820} INFO - Setting next_dagrun for tutorial_taskflow_api to None, run_after=None
[2025-03-24T23:43:21.715+0000] {processor.py:183} INFO - Processing /home/airflow/.local/lib/python3.8/site-packages/airflow/example_dags/tutorial_taskflow_api.py took 0.032 seconds
[2025-03-24T23:43:52.360+0000] {processor.py:161} INFO - Started process (PID=2169) to work on /home/airflow/.local/lib/python3.8/site-packages/airflow/example_dags/tutorial_taskflow_api.py
[2025-03-24T23:43:52.360+0000] {processor.py:830} INFO - Processing file /home/airflow/.local/lib/python3.8/site-packages/airflow/example_dags/tutorial_taskflow_api.py for tasks to queue
[2025-03-24T23:43:52.362+0000] {logging_mixin.py:188} INFO - [2025-03-24T23:43:52.361+0000] {dagbag.py:538} INFO - Filling up the DagBag from /home/airflow/.local/lib/python3.8/site-packages/airflow/example_dags/tutorial_taskflow_api.py
[2025-03-24T23:43:52.364+0000] {processor.py:840} INFO - DAG(s) 'tutorial_taskflow_api' retrieved from /home/airflow/.local/lib/python3.8/site-packages/airflow/example_dags/tutorial_taskflow_api.py
[2025-03-24T23:43:52.375+0000] {logging_mixin.py:188} INFO - [2025-03-24T23:43:52.375+0000] {dag.py:3033} INFO - Sync 1 DAGs
[2025-03-24T23:43:52.380+0000] {logging_mixin.py:188} INFO - [2025-03-24T23:43:52.380+0000] {dag.py:3820} INFO - Setting next_dagrun for tutorial_taskflow_api to None, run_after=None
[2025-03-24T23:43:52.387+0000] {processor.py:183} INFO - Processing /home/airflow/.local/lib/python3.8/site-packages/airflow/example_dags/tutorial_taskflow_api.py took 0.029 seconds
[2025-03-24T23:44:23.014+0000] {processor.py:161} INFO - Started process (PID=2224) to work on /home/airflow/.local/lib/python3.8/site-packages/airflow/example_dags/tutorial_taskflow_api.py
[2025-03-24T23:44:23.014+0000] {processor.py:830} INFO - Processing file /home/airflow/.local/lib/python3.8/site-packages/airflow/example_dags/tutorial_taskflow_api.py for tasks to queue
[2025-03-24T23:44:23.015+0000] {logging_mixin.py:188} INFO - [2025-03-24T23:44:23.015+0000] {dagbag.py:538} INFO - Filling up the DagBag from /home/airflow/.local/lib/python3.8/site-packages/airflow/example_dags/tutorial_taskflow_api.py
[2025-03-24T23:44:23.018+0000] {processor.py:840} INFO - DAG(s) 'tutorial_taskflow_api' retrieved from /home/airflow/.local/lib/python3.8/site-packages/airflow/example_dags/tutorial_taskflow_api.py
[2025-03-24T23:44:23.027+0000] {logging_mixin.py:188} INFO - [2025-03-24T23:44:23.027+0000] {dag.py:3033} INFO - Sync 1 DAGs
[2025-03-24T23:44:23.032+0000] {logging_mixin.py:188} INFO - [2025-03-24T23:44:23.032+0000] {dag.py:3820} INFO - Setting next_dagrun for tutorial_taskflow_api to None, run_after=None
[2025-03-24T23:44:23.043+0000] {processor.py:183} INFO - Processing /home/airflow/.local/lib/python3.8/site-packages/airflow/example_dags/tutorial_taskflow_api.py took 0.031 seconds
[2025-03-24T23:44:53.698+0000] {processor.py:161} INFO - Started process (PID=2279) to work on /home/airflow/.local/lib/python3.8/site-packages/airflow/example_dags/tutorial_taskflow_api.py
[2025-03-24T23:44:53.699+0000] {processor.py:830} INFO - Processing file /home/airflow/.local/lib/python3.8/site-packages/airflow/example_dags/tutorial_taskflow_api.py for tasks to queue
[2025-03-24T23:44:53.700+0000] {logging_mixin.py:188} INFO - [2025-03-24T23:44:53.700+0000] {dagbag.py:538} INFO - Filling up the DagBag from /home/airflow/.local/lib/python3.8/site-packages/airflow/example_dags/tutorial_taskflow_api.py
[2025-03-24T23:44:53.702+0000] {processor.py:840} INFO - DAG(s) 'tutorial_taskflow_api' retrieved from /home/airflow/.local/lib/python3.8/site-packages/airflow/example_dags/tutorial_taskflow_api.py
[2025-03-24T23:44:53.712+0000] {logging_mixin.py:188} INFO - [2025-03-24T23:44:53.712+0000] {dag.py:3033} INFO - Sync 1 DAGs
[2025-03-24T23:44:53.718+0000] {logging_mixin.py:188} INFO - [2025-03-24T23:44:53.718+0000] {dag.py:3820} INFO - Setting next_dagrun for tutorial_taskflow_api to None, run_after=None
[2025-03-24T23:44:53.725+0000] {processor.py:183} INFO - Processing /home/airflow/.local/lib/python3.8/site-packages/airflow/example_dags/tutorial_taskflow_api.py took 0.029 seconds
[2025-03-24T23:45:24.124+0000] {processor.py:161} INFO - Started process (PID=2334) to work on /home/airflow/.local/lib/python3.8/site-packages/airflow/example_dags/tutorial_taskflow_api.py
[2025-03-24T23:45:24.126+0000] {processor.py:830} INFO - Processing file /home/airflow/.local/lib/python3.8/site-packages/airflow/example_dags/tutorial_taskflow_api.py for tasks to queue
[2025-03-24T23:45:24.130+0000] {logging_mixin.py:188} INFO - [2025-03-24T23:45:24.129+0000] {dagbag.py:538} INFO - Filling up the DagBag from /home/airflow/.local/lib/python3.8/site-packages/airflow/example_dags/tutorial_taskflow_api.py
[2025-03-24T23:45:24.132+0000] {processor.py:840} INFO - DAG(s) 'tutorial_taskflow_api' retrieved from /home/airflow/.local/lib/python3.8/site-packages/airflow/example_dags/tutorial_taskflow_api.py
[2025-03-24T23:45:24.141+0000] {logging_mixin.py:188} INFO - [2025-03-24T23:45:24.141+0000] {dag.py:3033} INFO - Sync 1 DAGs
[2025-03-24T23:45:24.146+0000] {logging_mixin.py:188} INFO - [2025-03-24T23:45:24.146+0000] {dag.py:3820} INFO - Setting next_dagrun for tutorial_taskflow_api to None, run_after=None
[2025-03-24T23:45:24.153+0000] {processor.py:183} INFO - Processing /home/airflow/.local/lib/python3.8/site-packages/airflow/example_dags/tutorial_taskflow_api.py took 0.031 seconds
[2025-03-24T23:45:54.791+0000] {processor.py:161} INFO - Started process (PID=2388) to work on /home/airflow/.local/lib/python3.8/site-packages/airflow/example_dags/tutorial_taskflow_api.py
[2025-03-24T23:45:54.791+0000] {processor.py:830} INFO - Processing file /home/airflow/.local/lib/python3.8/site-packages/airflow/example_dags/tutorial_taskflow_api.py for tasks to queue
[2025-03-24T23:45:54.793+0000] {logging_mixin.py:188} INFO - [2025-03-24T23:45:54.792+0000] {dagbag.py:538} INFO - Filling up the DagBag from /home/airflow/.local/lib/python3.8/site-packages/airflow/example_dags/tutorial_taskflow_api.py
[2025-03-24T23:45:54.795+0000] {processor.py:840} INFO - DAG(s) 'tutorial_taskflow_api' retrieved from /home/airflow/.local/lib/python3.8/site-packages/airflow/example_dags/tutorial_taskflow_api.py
[2025-03-24T23:45:54.803+0000] {logging_mixin.py:188} INFO - [2025-03-24T23:45:54.803+0000] {dag.py:3033} INFO - Sync 1 DAGs
[2025-03-24T23:45:54.808+0000] {logging_mixin.py:188} INFO - [2025-03-24T23:45:54.808+0000] {dag.py:3820} INFO - Setting next_dagrun for tutorial_taskflow_api to None, run_after=None
[2025-03-24T23:45:54.816+0000] {processor.py:183} INFO - Processing /home/airflow/.local/lib/python3.8/site-packages/airflow/example_dags/tutorial_taskflow_api.py took 0.027 seconds
[2025-03-24T23:46:25.697+0000] {processor.py:161} INFO - Started process (PID=2443) to work on /home/airflow/.local/lib/python3.8/site-packages/airflow/example_dags/tutorial_taskflow_api.py
[2025-03-24T23:46:25.699+0000] {processor.py:830} INFO - Processing file /home/airflow/.local/lib/python3.8/site-packages/airflow/example_dags/tutorial_taskflow_api.py for tasks to queue
[2025-03-24T23:46:25.701+0000] {logging_mixin.py:188} INFO - [2025-03-24T23:46:25.701+0000] {dagbag.py:538} INFO - Filling up the DagBag from /home/airflow/.local/lib/python3.8/site-packages/airflow/example_dags/tutorial_taskflow_api.py
[2025-03-24T23:46:25.704+0000] {processor.py:840} INFO - DAG(s) 'tutorial_taskflow_api' retrieved from /home/airflow/.local/lib/python3.8/site-packages/airflow/example_dags/tutorial_taskflow_api.py
[2025-03-24T23:46:25.712+0000] {logging_mixin.py:188} INFO - [2025-03-24T23:46:25.711+0000] {dag.py:3033} INFO - Sync 1 DAGs
[2025-03-24T23:46:25.716+0000] {logging_mixin.py:188} INFO - [2025-03-24T23:46:25.716+0000] {dag.py:3820} INFO - Setting next_dagrun for tutorial_taskflow_api to None, run_after=None
[2025-03-24T23:46:25.723+0000] {processor.py:183} INFO - Processing /home/airflow/.local/lib/python3.8/site-packages/airflow/example_dags/tutorial_taskflow_api.py took 0.027 seconds
[2025-03-24T23:46:56.560+0000] {processor.py:161} INFO - Started process (PID=2498) to work on /home/airflow/.local/lib/python3.8/site-packages/airflow/example_dags/tutorial_taskflow_api.py
[2025-03-24T23:46:56.561+0000] {processor.py:830} INFO - Processing file /home/airflow/.local/lib/python3.8/site-packages/airflow/example_dags/tutorial_taskflow_api.py for tasks to queue
[2025-03-24T23:46:56.562+0000] {logging_mixin.py:188} INFO - [2025-03-24T23:46:56.562+0000] {dagbag.py:538} INFO - Filling up the DagBag from /home/airflow/.local/lib/python3.8/site-packages/airflow/example_dags/tutorial_taskflow_api.py
[2025-03-24T23:46:56.565+0000] {processor.py:840} INFO - DAG(s) 'tutorial_taskflow_api' retrieved from /home/airflow/.local/lib/python3.8/site-packages/airflow/example_dags/tutorial_taskflow_api.py
[2025-03-24T23:46:56.574+0000] {logging_mixin.py:188} INFO - [2025-03-24T23:46:56.574+0000] {dag.py:3033} INFO - Sync 1 DAGs
[2025-03-24T23:46:56.581+0000] {logging_mixin.py:188} INFO - [2025-03-24T23:46:56.581+0000] {dag.py:3820} INFO - Setting next_dagrun for tutorial_taskflow_api to None, run_after=None
[2025-03-24T23:46:56.587+0000] {processor.py:183} INFO - Processing /home/airflow/.local/lib/python3.8/site-packages/airflow/example_dags/tutorial_taskflow_api.py took 0.029 seconds
[2025-03-24T23:47:27.692+0000] {processor.py:161} INFO - Started process (PID=2553) to work on /home/airflow/.local/lib/python3.8/site-packages/airflow/example_dags/tutorial_taskflow_api.py
[2025-03-24T23:47:27.696+0000] {processor.py:830} INFO - Processing file /home/airflow/.local/lib/python3.8/site-packages/airflow/example_dags/tutorial_taskflow_api.py for tasks to queue
[2025-03-24T23:47:27.697+0000] {logging_mixin.py:188} INFO - [2025-03-24T23:47:27.697+0000] {dagbag.py:538} INFO - Filling up the DagBag from /home/airflow/.local/lib/python3.8/site-packages/airflow/example_dags/tutorial_taskflow_api.py
[2025-03-24T23:47:27.700+0000] {processor.py:840} INFO - DAG(s) 'tutorial_taskflow_api' retrieved from /home/airflow/.local/lib/python3.8/site-packages/airflow/example_dags/tutorial_taskflow_api.py
[2025-03-24T23:47:27.709+0000] {logging_mixin.py:188} INFO - [2025-03-24T23:47:27.709+0000] {dag.py:3033} INFO - Sync 1 DAGs
[2025-03-24T23:47:27.715+0000] {logging_mixin.py:188} INFO - [2025-03-24T23:47:27.715+0000] {dag.py:3820} INFO - Setting next_dagrun for tutorial_taskflow_api to None, run_after=None
[2025-03-24T23:47:27.723+0000] {processor.py:183} INFO - Processing /home/airflow/.local/lib/python3.8/site-packages/airflow/example_dags/tutorial_taskflow_api.py took 0.032 seconds
[2025-03-24T23:47:57.870+0000] {processor.py:161} INFO - Started process (PID=2608) to work on /home/airflow/.local/lib/python3.8/site-packages/airflow/example_dags/tutorial_taskflow_api.py
[2025-03-24T23:47:57.871+0000] {processor.py:830} INFO - Processing file /home/airflow/.local/lib/python3.8/site-packages/airflow/example_dags/tutorial_taskflow_api.py for tasks to queue
[2025-03-24T23:47:57.872+0000] {logging_mixin.py:188} INFO - [2025-03-24T23:47:57.872+0000] {dagbag.py:538} INFO - Filling up the DagBag from /home/airflow/.local/lib/python3.8/site-packages/airflow/example_dags/tutorial_taskflow_api.py
[2025-03-24T23:47:57.875+0000] {processor.py:840} INFO - DAG(s) 'tutorial_taskflow_api' retrieved from /home/airflow/.local/lib/python3.8/site-packages/airflow/example_dags/tutorial_taskflow_api.py
[2025-03-24T23:47:57.883+0000] {logging_mixin.py:188} INFO - [2025-03-24T23:47:57.883+0000] {dag.py:3033} INFO - Sync 1 DAGs
[2025-03-24T23:47:57.888+0000] {logging_mixin.py:188} INFO - [2025-03-24T23:47:57.888+0000] {dag.py:3820} INFO - Setting next_dagrun for tutorial_taskflow_api to None, run_after=None
[2025-03-24T23:47:57.894+0000] {processor.py:183} INFO - Processing /home/airflow/.local/lib/python3.8/site-packages/airflow/example_dags/tutorial_taskflow_api.py took 0.025 seconds
[2025-03-24T23:48:28.145+0000] {processor.py:161} INFO - Started process (PID=2663) to work on /home/airflow/.local/lib/python3.8/site-packages/airflow/example_dags/tutorial_taskflow_api.py
[2025-03-24T23:48:28.146+0000] {processor.py:830} INFO - Processing file /home/airflow/.local/lib/python3.8/site-packages/airflow/example_dags/tutorial_taskflow_api.py for tasks to queue
[2025-03-24T23:48:28.147+0000] {logging_mixin.py:188} INFO - [2025-03-24T23:48:28.147+0000] {dagbag.py:538} INFO - Filling up the DagBag from /home/airflow/.local/lib/python3.8/site-packages/airflow/example_dags/tutorial_taskflow_api.py
[2025-03-24T23:48:28.150+0000] {processor.py:840} INFO - DAG(s) 'tutorial_taskflow_api' retrieved from /home/airflow/.local/lib/python3.8/site-packages/airflow/example_dags/tutorial_taskflow_api.py
[2025-03-24T23:48:28.160+0000] {logging_mixin.py:188} INFO - [2025-03-24T23:48:28.160+0000] {dag.py:3033} INFO - Sync 1 DAGs
[2025-03-24T23:48:28.166+0000] {logging_mixin.py:188} INFO - [2025-03-24T23:48:28.166+0000] {dag.py:3820} INFO - Setting next_dagrun for tutorial_taskflow_api to None, run_after=None
[2025-03-24T23:48:28.251+0000] {processor.py:183} INFO - Processing /home/airflow/.local/lib/python3.8/site-packages/airflow/example_dags/tutorial_taskflow_api.py took 0.108 seconds
[2025-03-24T23:48:58.281+0000] {processor.py:161} INFO - Started process (PID=2718) to work on /home/airflow/.local/lib/python3.8/site-packages/airflow/example_dags/tutorial_taskflow_api.py
[2025-03-24T23:48:58.282+0000] {processor.py:830} INFO - Processing file /home/airflow/.local/lib/python3.8/site-packages/airflow/example_dags/tutorial_taskflow_api.py for tasks to queue
[2025-03-24T23:48:58.283+0000] {logging_mixin.py:188} INFO - [2025-03-24T23:48:58.282+0000] {dagbag.py:538} INFO - Filling up the DagBag from /home/airflow/.local/lib/python3.8/site-packages/airflow/example_dags/tutorial_taskflow_api.py
[2025-03-24T23:48:58.286+0000] {processor.py:840} INFO - DAG(s) 'tutorial_taskflow_api' retrieved from /home/airflow/.local/lib/python3.8/site-packages/airflow/example_dags/tutorial_taskflow_api.py
[2025-03-24T23:48:58.295+0000] {logging_mixin.py:188} INFO - [2025-03-24T23:48:58.294+0000] {dag.py:3033} INFO - Sync 1 DAGs
[2025-03-24T23:48:58.300+0000] {logging_mixin.py:188} INFO - [2025-03-24T23:48:58.300+0000] {dag.py:3820} INFO - Setting next_dagrun for tutorial_taskflow_api to None, run_after=None
[2025-03-24T23:48:58.306+0000] {processor.py:183} INFO - Processing /home/airflow/.local/lib/python3.8/site-packages/airflow/example_dags/tutorial_taskflow_api.py took 0.027 seconds
[2025-03-24T23:49:28.479+0000] {processor.py:161} INFO - Started process (PID=2773) to work on /home/airflow/.local/lib/python3.8/site-packages/airflow/example_dags/tutorial_taskflow_api.py
[2025-03-24T23:49:28.479+0000] {processor.py:830} INFO - Processing file /home/airflow/.local/lib/python3.8/site-packages/airflow/example_dags/tutorial_taskflow_api.py for tasks to queue
[2025-03-24T23:49:28.480+0000] {logging_mixin.py:188} INFO - [2025-03-24T23:49:28.480+0000] {dagbag.py:538} INFO - Filling up the DagBag from /home/airflow/.local/lib/python3.8/site-packages/airflow/example_dags/tutorial_taskflow_api.py
[2025-03-24T23:49:28.483+0000] {processor.py:840} INFO - DAG(s) 'tutorial_taskflow_api' retrieved from /home/airflow/.local/lib/python3.8/site-packages/airflow/example_dags/tutorial_taskflow_api.py
[2025-03-24T23:49:28.492+0000] {logging_mixin.py:188} INFO - [2025-03-24T23:49:28.492+0000] {dag.py:3033} INFO - Sync 1 DAGs
[2025-03-24T23:49:28.498+0000] {logging_mixin.py:188} INFO - [2025-03-24T23:49:28.498+0000] {dag.py:3820} INFO - Setting next_dagrun for tutorial_taskflow_api to None, run_after=None
[2025-03-24T23:49:28.507+0000] {processor.py:183} INFO - Processing /home/airflow/.local/lib/python3.8/site-packages/airflow/example_dags/tutorial_taskflow_api.py took 0.030 seconds
[2025-03-24T23:49:59.486+0000] {processor.py:161} INFO - Started process (PID=2827) to work on /home/airflow/.local/lib/python3.8/site-packages/airflow/example_dags/tutorial_taskflow_api.py
[2025-03-24T23:49:59.487+0000] {processor.py:830} INFO - Processing file /home/airflow/.local/lib/python3.8/site-packages/airflow/example_dags/tutorial_taskflow_api.py for tasks to queue
[2025-03-24T23:49:59.488+0000] {logging_mixin.py:188} INFO - [2025-03-24T23:49:59.488+0000] {dagbag.py:538} INFO - Filling up the DagBag from /home/airflow/.local/lib/python3.8/site-packages/airflow/example_dags/tutorial_taskflow_api.py
[2025-03-24T23:49:59.492+0000] {processor.py:840} INFO - DAG(s) 'tutorial_taskflow_api' retrieved from /home/airflow/.local/lib/python3.8/site-packages/airflow/example_dags/tutorial_taskflow_api.py
[2025-03-24T23:49:59.500+0000] {logging_mixin.py:188} INFO - [2025-03-24T23:49:59.500+0000] {dag.py:3033} INFO - Sync 1 DAGs
[2025-03-24T23:49:59.592+0000] {logging_mixin.py:188} INFO - [2025-03-24T23:49:59.592+0000] {dag.py:3820} INFO - Setting next_dagrun for tutorial_taskflow_api to None, run_after=None
[2025-03-24T23:49:59.599+0000] {processor.py:183} INFO - Processing /home/airflow/.local/lib/python3.8/site-packages/airflow/example_dags/tutorial_taskflow_api.py took 0.115 seconds
[2025-03-24T23:50:30.238+0000] {processor.py:161} INFO - Started process (PID=2882) to work on /home/airflow/.local/lib/python3.8/site-packages/airflow/example_dags/tutorial_taskflow_api.py
[2025-03-24T23:50:30.240+0000] {processor.py:830} INFO - Processing file /home/airflow/.local/lib/python3.8/site-packages/airflow/example_dags/tutorial_taskflow_api.py for tasks to queue
[2025-03-24T23:50:30.241+0000] {logging_mixin.py:188} INFO - [2025-03-24T23:50:30.241+0000] {dagbag.py:538} INFO - Filling up the DagBag from /home/airflow/.local/lib/python3.8/site-packages/airflow/example_dags/tutorial_taskflow_api.py
[2025-03-24T23:50:30.244+0000] {processor.py:840} INFO - DAG(s) 'tutorial_taskflow_api' retrieved from /home/airflow/.local/lib/python3.8/site-packages/airflow/example_dags/tutorial_taskflow_api.py
[2025-03-24T23:50:30.257+0000] {logging_mixin.py:188} INFO - [2025-03-24T23:50:30.257+0000] {dag.py:3033} INFO - Sync 1 DAGs
[2025-03-24T23:50:30.335+0000] {logging_mixin.py:188} INFO - [2025-03-24T23:50:30.335+0000] {dag.py:3820} INFO - Setting next_dagrun for tutorial_taskflow_api to None, run_after=None
[2025-03-24T23:50:30.342+0000] {processor.py:183} INFO - Processing /home/airflow/.local/lib/python3.8/site-packages/airflow/example_dags/tutorial_taskflow_api.py took 0.106 seconds
[2025-03-24T23:51:00.733+0000] {processor.py:161} INFO - Started process (PID=2937) to work on /home/airflow/.local/lib/python3.8/site-packages/airflow/example_dags/tutorial_taskflow_api.py
[2025-03-24T23:51:00.734+0000] {processor.py:830} INFO - Processing file /home/airflow/.local/lib/python3.8/site-packages/airflow/example_dags/tutorial_taskflow_api.py for tasks to queue
[2025-03-24T23:51:00.735+0000] {logging_mixin.py:188} INFO - [2025-03-24T23:51:00.735+0000] {dagbag.py:538} INFO - Filling up the DagBag from /home/airflow/.local/lib/python3.8/site-packages/airflow/example_dags/tutorial_taskflow_api.py
[2025-03-24T23:51:00.737+0000] {processor.py:840} INFO - DAG(s) 'tutorial_taskflow_api' retrieved from /home/airflow/.local/lib/python3.8/site-packages/airflow/example_dags/tutorial_taskflow_api.py
[2025-03-24T23:51:00.752+0000] {logging_mixin.py:188} INFO - [2025-03-24T23:51:00.752+0000] {dag.py:3033} INFO - Sync 1 DAGs
[2025-03-24T23:51:00.756+0000] {logging_mixin.py:188} INFO - [2025-03-24T23:51:00.756+0000] {dag.py:3820} INFO - Setting next_dagrun for tutorial_taskflow_api to None, run_after=None
[2025-03-24T23:51:00.767+0000] {processor.py:183} INFO - Processing /home/airflow/.local/lib/python3.8/site-packages/airflow/example_dags/tutorial_taskflow_api.py took 0.036 seconds
[2025-03-24T23:51:31.554+0000] {processor.py:161} INFO - Started process (PID=2992) to work on /home/airflow/.local/lib/python3.8/site-packages/airflow/example_dags/tutorial_taskflow_api.py
[2025-03-24T23:51:31.555+0000] {processor.py:830} INFO - Processing file /home/airflow/.local/lib/python3.8/site-packages/airflow/example_dags/tutorial_taskflow_api.py for tasks to queue
[2025-03-24T23:51:31.556+0000] {logging_mixin.py:188} INFO - [2025-03-24T23:51:31.556+0000] {dagbag.py:538} INFO - Filling up the DagBag from /home/airflow/.local/lib/python3.8/site-packages/airflow/example_dags/tutorial_taskflow_api.py
[2025-03-24T23:51:31.558+0000] {processor.py:840} INFO - DAG(s) 'tutorial_taskflow_api' retrieved from /home/airflow/.local/lib/python3.8/site-packages/airflow/example_dags/tutorial_taskflow_api.py
[2025-03-24T23:51:31.569+0000] {logging_mixin.py:188} INFO - [2025-03-24T23:51:31.569+0000] {dag.py:3033} INFO - Sync 1 DAGs
[2025-03-24T23:51:31.575+0000] {logging_mixin.py:188} INFO - [2025-03-24T23:51:31.575+0000] {dag.py:3820} INFO - Setting next_dagrun for tutorial_taskflow_api to None, run_after=None
[2025-03-24T23:51:31.593+0000] {processor.py:183} INFO - Processing /home/airflow/.local/lib/python3.8/site-packages/airflow/example_dags/tutorial_taskflow_api.py took 0.041 seconds
