[2025-03-24T23:24:25.747+0000] {processor.py:161} INFO - Started process (PID=49) to work on /home/airflow/.local/lib/python3.8/site-packages/airflow/example_dags/tutorial.py
[2025-03-24T23:24:25.749+0000] {processor.py:830} INFO - Processing file /home/airflow/.local/lib/python3.8/site-packages/airflow/example_dags/tutorial.py for tasks to queue
[2025-03-24T23:24:25.753+0000] {logging_mixin.py:188} INFO - [2025-03-24T23:24:25.752+0000] {dagbag.py:538} INFO - Filling up the DagBag from /home/airflow/.local/lib/python3.8/site-packages/airflow/example_dags/tutorial.py
[2025-03-24T23:24:25.764+0000] {processor.py:840} INFO - DAG(s) 'tutorial' retrieved from /home/airflow/.local/lib/python3.8/site-packages/airflow/example_dags/tutorial.py
[2025-03-24T23:24:25.783+0000] {logging_mixin.py:188} INFO - [2025-03-24T23:24:25.782+0000] {dag.py:3033} INFO - Sync 1 DAGs
[2025-03-24T23:24:25.800+0000] {logging_mixin.py:188} INFO - [2025-03-24T23:24:25.800+0000] {dag.py:3820} INFO - Setting next_dagrun for tutorial to 2025-03-23T00:00:00+00:00, run_after=2025-03-24T00:00:00+00:00
[2025-03-24T23:24:25.815+0000] {processor.py:183} INFO - Processing /home/airflow/.local/lib/python3.8/site-packages/airflow/example_dags/tutorial.py took 0.072 seconds
[2025-03-24T23:24:55.981+0000] {processor.py:161} INFO - Started process (PID=104) to work on /home/airflow/.local/lib/python3.8/site-packages/airflow/example_dags/tutorial.py
[2025-03-24T23:24:55.982+0000] {processor.py:830} INFO - Processing file /home/airflow/.local/lib/python3.8/site-packages/airflow/example_dags/tutorial.py for tasks to queue
[2025-03-24T23:24:55.983+0000] {logging_mixin.py:188} INFO - [2025-03-24T23:24:55.983+0000] {dagbag.py:538} INFO - Filling up the DagBag from /home/airflow/.local/lib/python3.8/site-packages/airflow/example_dags/tutorial.py
[2025-03-24T23:24:55.986+0000] {processor.py:840} INFO - DAG(s) 'tutorial' retrieved from /home/airflow/.local/lib/python3.8/site-packages/airflow/example_dags/tutorial.py
[2025-03-24T23:24:56.021+0000] {logging_mixin.py:188} INFO - [2025-03-24T23:24:56.021+0000] {dag.py:3033} INFO - Sync 1 DAGs
[2025-03-24T23:24:56.028+0000] {logging_mixin.py:188} INFO - [2025-03-24T23:24:56.028+0000] {dag.py:3820} INFO - Setting next_dagrun for tutorial to 2025-03-23T00:00:00+00:00, run_after=2025-03-24T00:00:00+00:00
[2025-03-24T23:24:56.035+0000] {processor.py:183} INFO - Processing /home/airflow/.local/lib/python3.8/site-packages/airflow/example_dags/tutorial.py took 0.055 seconds
[2025-03-24T23:25:26.137+0000] {processor.py:161} INFO - Started process (PID=159) to work on /home/airflow/.local/lib/python3.8/site-packages/airflow/example_dags/tutorial.py
[2025-03-24T23:25:26.139+0000] {processor.py:830} INFO - Processing file /home/airflow/.local/lib/python3.8/site-packages/airflow/example_dags/tutorial.py for tasks to queue
[2025-03-24T23:25:26.141+0000] {logging_mixin.py:188} INFO - [2025-03-24T23:25:26.140+0000] {dagbag.py:538} INFO - Filling up the DagBag from /home/airflow/.local/lib/python3.8/site-packages/airflow/example_dags/tutorial.py
[2025-03-24T23:25:26.143+0000] {processor.py:840} INFO - DAG(s) 'tutorial' retrieved from /home/airflow/.local/lib/python3.8/site-packages/airflow/example_dags/tutorial.py
[2025-03-24T23:25:26.153+0000] {logging_mixin.py:188} INFO - [2025-03-24T23:25:26.152+0000] {dag.py:3033} INFO - Sync 1 DAGs
[2025-03-24T23:25:26.163+0000] {logging_mixin.py:188} INFO - [2025-03-24T23:25:26.163+0000] {dag.py:3820} INFO - Setting next_dagrun for tutorial to 2025-03-23T00:00:00+00:00, run_after=2025-03-24T00:00:00+00:00
[2025-03-24T23:25:26.173+0000] {processor.py:183} INFO - Processing /home/airflow/.local/lib/python3.8/site-packages/airflow/example_dags/tutorial.py took 0.038 seconds
[2025-03-24T23:25:56.759+0000] {processor.py:161} INFO - Started process (PID=214) to work on /home/airflow/.local/lib/python3.8/site-packages/airflow/example_dags/tutorial.py
[2025-03-24T23:25:56.761+0000] {processor.py:830} INFO - Processing file /home/airflow/.local/lib/python3.8/site-packages/airflow/example_dags/tutorial.py for tasks to queue
[2025-03-24T23:25:56.762+0000] {logging_mixin.py:188} INFO - [2025-03-24T23:25:56.762+0000] {dagbag.py:538} INFO - Filling up the DagBag from /home/airflow/.local/lib/python3.8/site-packages/airflow/example_dags/tutorial.py
[2025-03-24T23:25:56.765+0000] {processor.py:840} INFO - DAG(s) 'tutorial' retrieved from /home/airflow/.local/lib/python3.8/site-packages/airflow/example_dags/tutorial.py
[2025-03-24T23:25:56.774+0000] {logging_mixin.py:188} INFO - [2025-03-24T23:25:56.774+0000] {dag.py:3033} INFO - Sync 1 DAGs
[2025-03-24T23:25:56.783+0000] {logging_mixin.py:188} INFO - [2025-03-24T23:25:56.783+0000] {dag.py:3820} INFO - Setting next_dagrun for tutorial to 2025-03-23T00:00:00+00:00, run_after=2025-03-24T00:00:00+00:00
[2025-03-24T23:25:56.792+0000] {processor.py:183} INFO - Processing /home/airflow/.local/lib/python3.8/site-packages/airflow/example_dags/tutorial.py took 0.034 seconds
[2025-03-24T23:26:27.421+0000] {processor.py:161} INFO - Started process (PID=269) to work on /home/airflow/.local/lib/python3.8/site-packages/airflow/example_dags/tutorial.py
[2025-03-24T23:26:27.421+0000] {processor.py:830} INFO - Processing file /home/airflow/.local/lib/python3.8/site-packages/airflow/example_dags/tutorial.py for tasks to queue
[2025-03-24T23:26:27.423+0000] {logging_mixin.py:188} INFO - [2025-03-24T23:26:27.422+0000] {dagbag.py:538} INFO - Filling up the DagBag from /home/airflow/.local/lib/python3.8/site-packages/airflow/example_dags/tutorial.py
[2025-03-24T23:26:27.426+0000] {processor.py:840} INFO - DAG(s) 'tutorial' retrieved from /home/airflow/.local/lib/python3.8/site-packages/airflow/example_dags/tutorial.py
[2025-03-24T23:26:27.445+0000] {logging_mixin.py:188} INFO - [2025-03-24T23:26:27.445+0000] {dag.py:3033} INFO - Sync 1 DAGs
[2025-03-24T23:26:27.465+0000] {logging_mixin.py:188} INFO - [2025-03-24T23:26:27.465+0000] {dag.py:3820} INFO - Setting next_dagrun for tutorial to 2025-03-23T00:00:00+00:00, run_after=2025-03-24T00:00:00+00:00
[2025-03-24T23:26:27.538+0000] {processor.py:183} INFO - Processing /home/airflow/.local/lib/python3.8/site-packages/airflow/example_dags/tutorial.py took 0.119 seconds
[2025-03-24T23:26:58.081+0000] {processor.py:161} INFO - Started process (PID=324) to work on /home/airflow/.local/lib/python3.8/site-packages/airflow/example_dags/tutorial.py
[2025-03-24T23:26:58.082+0000] {processor.py:830} INFO - Processing file /home/airflow/.local/lib/python3.8/site-packages/airflow/example_dags/tutorial.py for tasks to queue
[2025-03-24T23:26:58.083+0000] {logging_mixin.py:188} INFO - [2025-03-24T23:26:58.083+0000] {dagbag.py:538} INFO - Filling up the DagBag from /home/airflow/.local/lib/python3.8/site-packages/airflow/example_dags/tutorial.py
[2025-03-24T23:26:58.086+0000] {processor.py:840} INFO - DAG(s) 'tutorial' retrieved from /home/airflow/.local/lib/python3.8/site-packages/airflow/example_dags/tutorial.py
[2025-03-24T23:26:58.095+0000] {logging_mixin.py:188} INFO - [2025-03-24T23:26:58.095+0000] {dag.py:3033} INFO - Sync 1 DAGs
[2025-03-24T23:26:58.103+0000] {logging_mixin.py:188} INFO - [2025-03-24T23:26:58.103+0000] {dag.py:3820} INFO - Setting next_dagrun for tutorial to 2025-03-23T00:00:00+00:00, run_after=2025-03-24T00:00:00+00:00
[2025-03-24T23:26:58.115+0000] {processor.py:183} INFO - Processing /home/airflow/.local/lib/python3.8/site-packages/airflow/example_dags/tutorial.py took 0.035 seconds
[2025-03-24T23:27:28.754+0000] {processor.py:161} INFO - Started process (PID=385) to work on /home/airflow/.local/lib/python3.8/site-packages/airflow/example_dags/tutorial.py
[2025-03-24T23:27:28.754+0000] {processor.py:830} INFO - Processing file /home/airflow/.local/lib/python3.8/site-packages/airflow/example_dags/tutorial.py for tasks to queue
[2025-03-24T23:27:28.755+0000] {logging_mixin.py:188} INFO - [2025-03-24T23:27:28.755+0000] {dagbag.py:538} INFO - Filling up the DagBag from /home/airflow/.local/lib/python3.8/site-packages/airflow/example_dags/tutorial.py
[2025-03-24T23:27:28.758+0000] {processor.py:840} INFO - DAG(s) 'tutorial' retrieved from /home/airflow/.local/lib/python3.8/site-packages/airflow/example_dags/tutorial.py
[2025-03-24T23:27:28.768+0000] {logging_mixin.py:188} INFO - [2025-03-24T23:27:28.768+0000] {dag.py:3033} INFO - Sync 1 DAGs
[2025-03-24T23:27:28.779+0000] {logging_mixin.py:188} INFO - [2025-03-24T23:27:28.779+0000] {dag.py:3820} INFO - Setting next_dagrun for tutorial to 2025-03-23T00:00:00+00:00, run_after=2025-03-24T00:00:00+00:00
[2025-03-24T23:27:28.789+0000] {processor.py:183} INFO - Processing /home/airflow/.local/lib/python3.8/site-packages/airflow/example_dags/tutorial.py took 0.038 seconds
[2025-03-24T23:27:59.395+0000] {processor.py:161} INFO - Started process (PID=440) to work on /home/airflow/.local/lib/python3.8/site-packages/airflow/example_dags/tutorial.py
[2025-03-24T23:27:59.396+0000] {processor.py:830} INFO - Processing file /home/airflow/.local/lib/python3.8/site-packages/airflow/example_dags/tutorial.py for tasks to queue
[2025-03-24T23:27:59.399+0000] {logging_mixin.py:188} INFO - [2025-03-24T23:27:59.399+0000] {dagbag.py:538} INFO - Filling up the DagBag from /home/airflow/.local/lib/python3.8/site-packages/airflow/example_dags/tutorial.py
[2025-03-24T23:27:59.404+0000] {processor.py:840} INFO - DAG(s) 'tutorial' retrieved from /home/airflow/.local/lib/python3.8/site-packages/airflow/example_dags/tutorial.py
[2025-03-24T23:27:59.415+0000] {logging_mixin.py:188} INFO - [2025-03-24T23:27:59.414+0000] {dag.py:3033} INFO - Sync 1 DAGs
[2025-03-24T23:27:59.426+0000] {logging_mixin.py:188} INFO - [2025-03-24T23:27:59.426+0000] {dag.py:3820} INFO - Setting next_dagrun for tutorial to 2025-03-23T00:00:00+00:00, run_after=2025-03-24T00:00:00+00:00
[2025-03-24T23:27:59.437+0000] {processor.py:183} INFO - Processing /home/airflow/.local/lib/python3.8/site-packages/airflow/example_dags/tutorial.py took 0.044 seconds
[2025-03-24T23:28:30.129+0000] {processor.py:161} INFO - Started process (PID=495) to work on /home/airflow/.local/lib/python3.8/site-packages/airflow/example_dags/tutorial.py
[2025-03-24T23:28:30.129+0000] {processor.py:830} INFO - Processing file /home/airflow/.local/lib/python3.8/site-packages/airflow/example_dags/tutorial.py for tasks to queue
[2025-03-24T23:28:30.131+0000] {logging_mixin.py:188} INFO - [2025-03-24T23:28:30.130+0000] {dagbag.py:538} INFO - Filling up the DagBag from /home/airflow/.local/lib/python3.8/site-packages/airflow/example_dags/tutorial.py
[2025-03-24T23:28:30.133+0000] {processor.py:840} INFO - DAG(s) 'tutorial' retrieved from /home/airflow/.local/lib/python3.8/site-packages/airflow/example_dags/tutorial.py
[2025-03-24T23:28:30.145+0000] {logging_mixin.py:188} INFO - [2025-03-24T23:28:30.144+0000] {dag.py:3033} INFO - Sync 1 DAGs
[2025-03-24T23:28:30.154+0000] {logging_mixin.py:188} INFO - [2025-03-24T23:28:30.154+0000] {dag.py:3820} INFO - Setting next_dagrun for tutorial to 2025-03-23T00:00:00+00:00, run_after=2025-03-24T00:00:00+00:00
[2025-03-24T23:28:30.164+0000] {processor.py:183} INFO - Processing /home/airflow/.local/lib/python3.8/site-packages/airflow/example_dags/tutorial.py took 0.037 seconds
[2025-03-24T23:29:00.867+0000] {processor.py:161} INFO - Started process (PID=550) to work on /home/airflow/.local/lib/python3.8/site-packages/airflow/example_dags/tutorial.py
[2025-03-24T23:29:00.868+0000] {processor.py:830} INFO - Processing file /home/airflow/.local/lib/python3.8/site-packages/airflow/example_dags/tutorial.py for tasks to queue
[2025-03-24T23:29:00.870+0000] {logging_mixin.py:188} INFO - [2025-03-24T23:29:00.870+0000] {dagbag.py:538} INFO - Filling up the DagBag from /home/airflow/.local/lib/python3.8/site-packages/airflow/example_dags/tutorial.py
[2025-03-24T23:29:00.875+0000] {processor.py:840} INFO - DAG(s) 'tutorial' retrieved from /home/airflow/.local/lib/python3.8/site-packages/airflow/example_dags/tutorial.py
[2025-03-24T23:29:00.887+0000] {logging_mixin.py:188} INFO - [2025-03-24T23:29:00.886+0000] {dag.py:3033} INFO - Sync 1 DAGs
[2025-03-24T23:29:00.896+0000] {logging_mixin.py:188} INFO - [2025-03-24T23:29:00.896+0000] {dag.py:3820} INFO - Setting next_dagrun for tutorial to 2025-03-23T00:00:00+00:00, run_after=2025-03-24T00:00:00+00:00
[2025-03-24T23:29:00.906+0000] {processor.py:183} INFO - Processing /home/airflow/.local/lib/python3.8/site-packages/airflow/example_dags/tutorial.py took 0.041 seconds
[2025-03-24T23:29:31.601+0000] {processor.py:161} INFO - Started process (PID=605) to work on /home/airflow/.local/lib/python3.8/site-packages/airflow/example_dags/tutorial.py
[2025-03-24T23:29:31.601+0000] {processor.py:830} INFO - Processing file /home/airflow/.local/lib/python3.8/site-packages/airflow/example_dags/tutorial.py for tasks to queue
[2025-03-24T23:29:31.602+0000] {logging_mixin.py:188} INFO - [2025-03-24T23:29:31.602+0000] {dagbag.py:538} INFO - Filling up the DagBag from /home/airflow/.local/lib/python3.8/site-packages/airflow/example_dags/tutorial.py
[2025-03-24T23:29:31.606+0000] {processor.py:840} INFO - DAG(s) 'tutorial' retrieved from /home/airflow/.local/lib/python3.8/site-packages/airflow/example_dags/tutorial.py
[2025-03-24T23:29:31.617+0000] {logging_mixin.py:188} INFO - [2025-03-24T23:29:31.617+0000] {dag.py:3033} INFO - Sync 1 DAGs
[2025-03-24T23:29:31.628+0000] {logging_mixin.py:188} INFO - [2025-03-24T23:29:31.627+0000] {dag.py:3820} INFO - Setting next_dagrun for tutorial to 2025-03-23T00:00:00+00:00, run_after=2025-03-24T00:00:00+00:00
[2025-03-24T23:29:31.636+0000] {processor.py:183} INFO - Processing /home/airflow/.local/lib/python3.8/site-packages/airflow/example_dags/tutorial.py took 0.037 seconds
[2025-03-24T23:30:02.306+0000] {processor.py:161} INFO - Started process (PID=660) to work on /home/airflow/.local/lib/python3.8/site-packages/airflow/example_dags/tutorial.py
[2025-03-24T23:30:02.307+0000] {processor.py:830} INFO - Processing file /home/airflow/.local/lib/python3.8/site-packages/airflow/example_dags/tutorial.py for tasks to queue
[2025-03-24T23:30:02.308+0000] {logging_mixin.py:188} INFO - [2025-03-24T23:30:02.308+0000] {dagbag.py:538} INFO - Filling up the DagBag from /home/airflow/.local/lib/python3.8/site-packages/airflow/example_dags/tutorial.py
[2025-03-24T23:30:02.311+0000] {processor.py:840} INFO - DAG(s) 'tutorial' retrieved from /home/airflow/.local/lib/python3.8/site-packages/airflow/example_dags/tutorial.py
[2025-03-24T23:30:02.323+0000] {logging_mixin.py:188} INFO - [2025-03-24T23:30:02.323+0000] {dag.py:3033} INFO - Sync 1 DAGs
[2025-03-24T23:30:02.333+0000] {logging_mixin.py:188} INFO - [2025-03-24T23:30:02.333+0000] {dag.py:3820} INFO - Setting next_dagrun for tutorial to 2025-03-23T00:00:00+00:00, run_after=2025-03-24T00:00:00+00:00
[2025-03-24T23:30:02.342+0000] {processor.py:183} INFO - Processing /home/airflow/.local/lib/python3.8/site-packages/airflow/example_dags/tutorial.py took 0.038 seconds
[2025-03-24T23:30:32.862+0000] {processor.py:161} INFO - Started process (PID=715) to work on /home/airflow/.local/lib/python3.8/site-packages/airflow/example_dags/tutorial.py
[2025-03-24T23:30:32.862+0000] {processor.py:830} INFO - Processing file /home/airflow/.local/lib/python3.8/site-packages/airflow/example_dags/tutorial.py for tasks to queue
[2025-03-24T23:30:32.866+0000] {logging_mixin.py:188} INFO - [2025-03-24T23:30:32.866+0000] {dagbag.py:538} INFO - Filling up the DagBag from /home/airflow/.local/lib/python3.8/site-packages/airflow/example_dags/tutorial.py
[2025-03-24T23:30:32.869+0000] {processor.py:840} INFO - DAG(s) 'tutorial' retrieved from /home/airflow/.local/lib/python3.8/site-packages/airflow/example_dags/tutorial.py
[2025-03-24T23:30:32.876+0000] {logging_mixin.py:188} INFO - [2025-03-24T23:30:32.876+0000] {dag.py:3033} INFO - Sync 1 DAGs
[2025-03-24T23:30:32.887+0000] {logging_mixin.py:188} INFO - [2025-03-24T23:30:32.887+0000] {dag.py:3820} INFO - Setting next_dagrun for tutorial to 2025-03-23T00:00:00+00:00, run_after=2025-03-24T00:00:00+00:00
[2025-03-24T23:30:32.895+0000] {processor.py:183} INFO - Processing /home/airflow/.local/lib/python3.8/site-packages/airflow/example_dags/tutorial.py took 0.034 seconds
[2025-03-24T23:31:03.614+0000] {processor.py:161} INFO - Started process (PID=770) to work on /home/airflow/.local/lib/python3.8/site-packages/airflow/example_dags/tutorial.py
[2025-03-24T23:31:03.615+0000] {processor.py:830} INFO - Processing file /home/airflow/.local/lib/python3.8/site-packages/airflow/example_dags/tutorial.py for tasks to queue
[2025-03-24T23:31:03.616+0000] {logging_mixin.py:188} INFO - [2025-03-24T23:31:03.616+0000] {dagbag.py:538} INFO - Filling up the DagBag from /home/airflow/.local/lib/python3.8/site-packages/airflow/example_dags/tutorial.py
[2025-03-24T23:31:03.620+0000] {processor.py:840} INFO - DAG(s) 'tutorial' retrieved from /home/airflow/.local/lib/python3.8/site-packages/airflow/example_dags/tutorial.py
[2025-03-24T23:31:03.637+0000] {logging_mixin.py:188} INFO - [2025-03-24T23:31:03.637+0000] {dag.py:3033} INFO - Sync 1 DAGs
[2025-03-24T23:31:03.658+0000] {logging_mixin.py:188} INFO - [2025-03-24T23:31:03.657+0000] {dag.py:3820} INFO - Setting next_dagrun for tutorial to 2025-03-23T00:00:00+00:00, run_after=2025-03-24T00:00:00+00:00
[2025-03-24T23:31:03.672+0000] {processor.py:183} INFO - Processing /home/airflow/.local/lib/python3.8/site-packages/airflow/example_dags/tutorial.py took 0.061 seconds
[2025-03-24T23:31:34.566+0000] {processor.py:161} INFO - Started process (PID=825) to work on /home/airflow/.local/lib/python3.8/site-packages/airflow/example_dags/tutorial.py
[2025-03-24T23:31:34.566+0000] {processor.py:830} INFO - Processing file /home/airflow/.local/lib/python3.8/site-packages/airflow/example_dags/tutorial.py for tasks to queue
[2025-03-24T23:31:34.568+0000] {logging_mixin.py:188} INFO - [2025-03-24T23:31:34.568+0000] {dagbag.py:538} INFO - Filling up the DagBag from /home/airflow/.local/lib/python3.8/site-packages/airflow/example_dags/tutorial.py
[2025-03-24T23:31:34.572+0000] {processor.py:840} INFO - DAG(s) 'tutorial' retrieved from /home/airflow/.local/lib/python3.8/site-packages/airflow/example_dags/tutorial.py
[2025-03-24T23:31:34.585+0000] {logging_mixin.py:188} INFO - [2025-03-24T23:31:34.585+0000] {dag.py:3033} INFO - Sync 1 DAGs
[2025-03-24T23:31:34.598+0000] {logging_mixin.py:188} INFO - [2025-03-24T23:31:34.598+0000] {dag.py:3820} INFO - Setting next_dagrun for tutorial to 2025-03-23T00:00:00+00:00, run_after=2025-03-24T00:00:00+00:00
[2025-03-24T23:31:34.608+0000] {processor.py:183} INFO - Processing /home/airflow/.local/lib/python3.8/site-packages/airflow/example_dags/tutorial.py took 0.044 seconds
[2025-03-24T23:32:05.095+0000] {processor.py:161} INFO - Started process (PID=880) to work on /home/airflow/.local/lib/python3.8/site-packages/airflow/example_dags/tutorial.py
[2025-03-24T23:32:05.097+0000] {processor.py:830} INFO - Processing file /home/airflow/.local/lib/python3.8/site-packages/airflow/example_dags/tutorial.py for tasks to queue
[2025-03-24T23:32:05.099+0000] {logging_mixin.py:188} INFO - [2025-03-24T23:32:05.099+0000] {dagbag.py:538} INFO - Filling up the DagBag from /home/airflow/.local/lib/python3.8/site-packages/airflow/example_dags/tutorial.py
[2025-03-24T23:32:05.103+0000] {processor.py:840} INFO - DAG(s) 'tutorial' retrieved from /home/airflow/.local/lib/python3.8/site-packages/airflow/example_dags/tutorial.py
[2025-03-24T23:32:05.125+0000] {logging_mixin.py:188} INFO - [2025-03-24T23:32:05.124+0000] {dag.py:3033} INFO - Sync 1 DAGs
[2025-03-24T23:32:05.144+0000] {logging_mixin.py:188} INFO - [2025-03-24T23:32:05.144+0000] {dag.py:3820} INFO - Setting next_dagrun for tutorial to 2025-03-23T00:00:00+00:00, run_after=2025-03-24T00:00:00+00:00
[2025-03-24T23:32:05.176+0000] {processor.py:183} INFO - Processing /home/airflow/.local/lib/python3.8/site-packages/airflow/example_dags/tutorial.py took 0.084 seconds
[2025-03-24T23:32:35.203+0000] {processor.py:161} INFO - Started process (PID=935) to work on /home/airflow/.local/lib/python3.8/site-packages/airflow/example_dags/tutorial.py
[2025-03-24T23:32:35.204+0000] {processor.py:830} INFO - Processing file /home/airflow/.local/lib/python3.8/site-packages/airflow/example_dags/tutorial.py for tasks to queue
[2025-03-24T23:32:35.205+0000] {logging_mixin.py:188} INFO - [2025-03-24T23:32:35.205+0000] {dagbag.py:538} INFO - Filling up the DagBag from /home/airflow/.local/lib/python3.8/site-packages/airflow/example_dags/tutorial.py
[2025-03-24T23:32:35.207+0000] {processor.py:840} INFO - DAG(s) 'tutorial' retrieved from /home/airflow/.local/lib/python3.8/site-packages/airflow/example_dags/tutorial.py
[2025-03-24T23:32:35.224+0000] {logging_mixin.py:188} INFO - [2025-03-24T23:32:35.224+0000] {dag.py:3033} INFO - Sync 1 DAGs
[2025-03-24T23:32:35.235+0000] {logging_mixin.py:188} INFO - [2025-03-24T23:32:35.235+0000] {dag.py:3820} INFO - Setting next_dagrun for tutorial to 2025-03-23T00:00:00+00:00, run_after=2025-03-24T00:00:00+00:00
[2025-03-24T23:32:35.243+0000] {processor.py:183} INFO - Processing /home/airflow/.local/lib/python3.8/site-packages/airflow/example_dags/tutorial.py took 0.042 seconds
[2025-03-24T23:33:05.790+0000] {processor.py:161} INFO - Started process (PID=990) to work on /home/airflow/.local/lib/python3.8/site-packages/airflow/example_dags/tutorial.py
[2025-03-24T23:33:05.791+0000] {processor.py:830} INFO - Processing file /home/airflow/.local/lib/python3.8/site-packages/airflow/example_dags/tutorial.py for tasks to queue
[2025-03-24T23:33:05.793+0000] {logging_mixin.py:188} INFO - [2025-03-24T23:33:05.792+0000] {dagbag.py:538} INFO - Filling up the DagBag from /home/airflow/.local/lib/python3.8/site-packages/airflow/example_dags/tutorial.py
[2025-03-24T23:33:05.797+0000] {processor.py:840} INFO - DAG(s) 'tutorial' retrieved from /home/airflow/.local/lib/python3.8/site-packages/airflow/example_dags/tutorial.py
[2025-03-24T23:33:05.809+0000] {logging_mixin.py:188} INFO - [2025-03-24T23:33:05.809+0000] {dag.py:3033} INFO - Sync 1 DAGs
[2025-03-24T23:33:05.821+0000] {logging_mixin.py:188} INFO - [2025-03-24T23:33:05.821+0000] {dag.py:3820} INFO - Setting next_dagrun for tutorial to 2025-03-23T00:00:00+00:00, run_after=2025-03-24T00:00:00+00:00
[2025-03-24T23:33:05.829+0000] {processor.py:183} INFO - Processing /home/airflow/.local/lib/python3.8/site-packages/airflow/example_dags/tutorial.py took 0.041 seconds
[2025-03-24T23:33:36.430+0000] {processor.py:161} INFO - Started process (PID=1045) to work on /home/airflow/.local/lib/python3.8/site-packages/airflow/example_dags/tutorial.py
[2025-03-24T23:33:36.431+0000] {processor.py:830} INFO - Processing file /home/airflow/.local/lib/python3.8/site-packages/airflow/example_dags/tutorial.py for tasks to queue
[2025-03-24T23:33:36.433+0000] {logging_mixin.py:188} INFO - [2025-03-24T23:33:36.432+0000] {dagbag.py:538} INFO - Filling up the DagBag from /home/airflow/.local/lib/python3.8/site-packages/airflow/example_dags/tutorial.py
[2025-03-24T23:33:36.438+0000] {processor.py:840} INFO - DAG(s) 'tutorial' retrieved from /home/airflow/.local/lib/python3.8/site-packages/airflow/example_dags/tutorial.py
[2025-03-24T23:33:36.447+0000] {logging_mixin.py:188} INFO - [2025-03-24T23:33:36.447+0000] {dag.py:3033} INFO - Sync 1 DAGs
[2025-03-24T23:33:36.456+0000] {logging_mixin.py:188} INFO - [2025-03-24T23:33:36.456+0000] {dag.py:3820} INFO - Setting next_dagrun for tutorial to 2025-03-23T00:00:00+00:00, run_after=2025-03-24T00:00:00+00:00
[2025-03-24T23:33:36.463+0000] {processor.py:183} INFO - Processing /home/airflow/.local/lib/python3.8/site-packages/airflow/example_dags/tutorial.py took 0.035 seconds
[2025-03-24T23:34:06.972+0000] {processor.py:161} INFO - Started process (PID=1100) to work on /home/airflow/.local/lib/python3.8/site-packages/airflow/example_dags/tutorial.py
[2025-03-24T23:34:06.975+0000] {processor.py:830} INFO - Processing file /home/airflow/.local/lib/python3.8/site-packages/airflow/example_dags/tutorial.py for tasks to queue
[2025-03-24T23:34:06.976+0000] {logging_mixin.py:188} INFO - [2025-03-24T23:34:06.976+0000] {dagbag.py:538} INFO - Filling up the DagBag from /home/airflow/.local/lib/python3.8/site-packages/airflow/example_dags/tutorial.py
[2025-03-24T23:34:06.980+0000] {processor.py:840} INFO - DAG(s) 'tutorial' retrieved from /home/airflow/.local/lib/python3.8/site-packages/airflow/example_dags/tutorial.py
[2025-03-24T23:34:06.992+0000] {logging_mixin.py:188} INFO - [2025-03-24T23:34:06.992+0000] {dag.py:3033} INFO - Sync 1 DAGs
[2025-03-24T23:34:07.004+0000] {logging_mixin.py:188} INFO - [2025-03-24T23:34:07.004+0000] {dag.py:3820} INFO - Setting next_dagrun for tutorial to 2025-03-23T00:00:00+00:00, run_after=2025-03-24T00:00:00+00:00
[2025-03-24T23:34:07.013+0000] {processor.py:183} INFO - Processing /home/airflow/.local/lib/python3.8/site-packages/airflow/example_dags/tutorial.py took 0.044 seconds
[2025-03-24T23:34:37.554+0000] {processor.py:161} INFO - Started process (PID=1155) to work on /home/airflow/.local/lib/python3.8/site-packages/airflow/example_dags/tutorial.py
[2025-03-24T23:34:37.556+0000] {processor.py:830} INFO - Processing file /home/airflow/.local/lib/python3.8/site-packages/airflow/example_dags/tutorial.py for tasks to queue
[2025-03-24T23:34:37.558+0000] {logging_mixin.py:188} INFO - [2025-03-24T23:34:37.557+0000] {dagbag.py:538} INFO - Filling up the DagBag from /home/airflow/.local/lib/python3.8/site-packages/airflow/example_dags/tutorial.py
[2025-03-24T23:34:37.562+0000] {processor.py:840} INFO - DAG(s) 'tutorial' retrieved from /home/airflow/.local/lib/python3.8/site-packages/airflow/example_dags/tutorial.py
[2025-03-24T23:34:37.575+0000] {logging_mixin.py:188} INFO - [2025-03-24T23:34:37.575+0000] {dag.py:3033} INFO - Sync 1 DAGs
[2025-03-24T23:34:37.586+0000] {logging_mixin.py:188} INFO - [2025-03-24T23:34:37.586+0000] {dag.py:3820} INFO - Setting next_dagrun for tutorial to 2025-03-23T00:00:00+00:00, run_after=2025-03-24T00:00:00+00:00
[2025-03-24T23:34:37.594+0000] {processor.py:183} INFO - Processing /home/airflow/.local/lib/python3.8/site-packages/airflow/example_dags/tutorial.py took 0.043 seconds
[2025-03-24T23:35:07.684+0000] {processor.py:161} INFO - Started process (PID=1210) to work on /home/airflow/.local/lib/python3.8/site-packages/airflow/example_dags/tutorial.py
[2025-03-24T23:35:07.685+0000] {processor.py:830} INFO - Processing file /home/airflow/.local/lib/python3.8/site-packages/airflow/example_dags/tutorial.py for tasks to queue
[2025-03-24T23:35:07.687+0000] {logging_mixin.py:188} INFO - [2025-03-24T23:35:07.687+0000] {dagbag.py:538} INFO - Filling up the DagBag from /home/airflow/.local/lib/python3.8/site-packages/airflow/example_dags/tutorial.py
[2025-03-24T23:35:07.691+0000] {processor.py:840} INFO - DAG(s) 'tutorial' retrieved from /home/airflow/.local/lib/python3.8/site-packages/airflow/example_dags/tutorial.py
[2025-03-24T23:35:07.703+0000] {logging_mixin.py:188} INFO - [2025-03-24T23:35:07.703+0000] {dag.py:3033} INFO - Sync 1 DAGs
[2025-03-24T23:35:07.759+0000] {logging_mixin.py:188} INFO - [2025-03-24T23:35:07.713+0000] {dag.py:3820} INFO - Setting next_dagrun for tutorial to 2025-03-23T00:00:00+00:00, run_after=2025-03-24T00:00:00+00:00
[2025-03-24T23:35:07.800+0000] {processor.py:183} INFO - Processing /home/airflow/.local/lib/python3.8/site-packages/airflow/example_dags/tutorial.py took 0.118 seconds
[2025-03-24T23:35:38.585+0000] {processor.py:161} INFO - Started process (PID=1265) to work on /home/airflow/.local/lib/python3.8/site-packages/airflow/example_dags/tutorial.py
[2025-03-24T23:35:38.586+0000] {processor.py:830} INFO - Processing file /home/airflow/.local/lib/python3.8/site-packages/airflow/example_dags/tutorial.py for tasks to queue
[2025-03-24T23:35:38.587+0000] {logging_mixin.py:188} INFO - [2025-03-24T23:35:38.587+0000] {dagbag.py:538} INFO - Filling up the DagBag from /home/airflow/.local/lib/python3.8/site-packages/airflow/example_dags/tutorial.py
[2025-03-24T23:35:38.592+0000] {processor.py:840} INFO - DAG(s) 'tutorial' retrieved from /home/airflow/.local/lib/python3.8/site-packages/airflow/example_dags/tutorial.py
[2025-03-24T23:35:38.605+0000] {logging_mixin.py:188} INFO - [2025-03-24T23:35:38.604+0000] {dag.py:3033} INFO - Sync 1 DAGs
[2025-03-24T23:35:38.616+0000] {logging_mixin.py:188} INFO - [2025-03-24T23:35:38.615+0000] {dag.py:3820} INFO - Setting next_dagrun for tutorial to 2025-03-23T00:00:00+00:00, run_after=2025-03-24T00:00:00+00:00
[2025-03-24T23:35:38.626+0000] {processor.py:183} INFO - Processing /home/airflow/.local/lib/python3.8/site-packages/airflow/example_dags/tutorial.py took 0.043 seconds
[2025-03-24T23:36:09.334+0000] {processor.py:161} INFO - Started process (PID=1320) to work on /home/airflow/.local/lib/python3.8/site-packages/airflow/example_dags/tutorial.py
[2025-03-24T23:36:09.335+0000] {processor.py:830} INFO - Processing file /home/airflow/.local/lib/python3.8/site-packages/airflow/example_dags/tutorial.py for tasks to queue
[2025-03-24T23:36:09.335+0000] {logging_mixin.py:188} INFO - [2025-03-24T23:36:09.335+0000] {dagbag.py:538} INFO - Filling up the DagBag from /home/airflow/.local/lib/python3.8/site-packages/airflow/example_dags/tutorial.py
[2025-03-24T23:36:09.338+0000] {processor.py:840} INFO - DAG(s) 'tutorial' retrieved from /home/airflow/.local/lib/python3.8/site-packages/airflow/example_dags/tutorial.py
[2025-03-24T23:36:09.350+0000] {logging_mixin.py:188} INFO - [2025-03-24T23:36:09.350+0000] {dag.py:3033} INFO - Sync 1 DAGs
[2025-03-24T23:36:09.359+0000] {logging_mixin.py:188} INFO - [2025-03-24T23:36:09.359+0000] {dag.py:3820} INFO - Setting next_dagrun for tutorial to 2025-03-23T00:00:00+00:00, run_after=2025-03-24T00:00:00+00:00
[2025-03-24T23:36:09.369+0000] {processor.py:183} INFO - Processing /home/airflow/.local/lib/python3.8/site-packages/airflow/example_dags/tutorial.py took 0.037 seconds
[2025-03-24T23:36:39.989+0000] {processor.py:161} INFO - Started process (PID=1375) to work on /home/airflow/.local/lib/python3.8/site-packages/airflow/example_dags/tutorial.py
[2025-03-24T23:36:39.991+0000] {processor.py:830} INFO - Processing file /home/airflow/.local/lib/python3.8/site-packages/airflow/example_dags/tutorial.py for tasks to queue
[2025-03-24T23:36:39.992+0000] {logging_mixin.py:188} INFO - [2025-03-24T23:36:39.992+0000] {dagbag.py:538} INFO - Filling up the DagBag from /home/airflow/.local/lib/python3.8/site-packages/airflow/example_dags/tutorial.py
[2025-03-24T23:36:39.997+0000] {processor.py:840} INFO - DAG(s) 'tutorial' retrieved from /home/airflow/.local/lib/python3.8/site-packages/airflow/example_dags/tutorial.py
[2025-03-24T23:36:40.012+0000] {logging_mixin.py:188} INFO - [2025-03-24T23:36:40.012+0000] {dag.py:3033} INFO - Sync 1 DAGs
[2025-03-24T23:36:40.028+0000] {logging_mixin.py:188} INFO - [2025-03-24T23:36:40.028+0000] {dag.py:3820} INFO - Setting next_dagrun for tutorial to 2025-03-23T00:00:00+00:00, run_after=2025-03-24T00:00:00+00:00
[2025-03-24T23:36:40.042+0000] {processor.py:183} INFO - Processing /home/airflow/.local/lib/python3.8/site-packages/airflow/example_dags/tutorial.py took 0.058 seconds
[2025-03-24T23:37:10.815+0000] {processor.py:161} INFO - Started process (PID=1430) to work on /home/airflow/.local/lib/python3.8/site-packages/airflow/example_dags/tutorial.py
[2025-03-24T23:37:10.816+0000] {processor.py:830} INFO - Processing file /home/airflow/.local/lib/python3.8/site-packages/airflow/example_dags/tutorial.py for tasks to queue
[2025-03-24T23:37:10.817+0000] {logging_mixin.py:188} INFO - [2025-03-24T23:37:10.817+0000] {dagbag.py:538} INFO - Filling up the DagBag from /home/airflow/.local/lib/python3.8/site-packages/airflow/example_dags/tutorial.py
[2025-03-24T23:37:10.821+0000] {processor.py:840} INFO - DAG(s) 'tutorial' retrieved from /home/airflow/.local/lib/python3.8/site-packages/airflow/example_dags/tutorial.py
[2025-03-24T23:37:10.835+0000] {logging_mixin.py:188} INFO - [2025-03-24T23:37:10.835+0000] {dag.py:3033} INFO - Sync 1 DAGs
[2025-03-24T23:37:10.846+0000] {logging_mixin.py:188} INFO - [2025-03-24T23:37:10.846+0000] {dag.py:3820} INFO - Setting next_dagrun for tutorial to 2025-03-23T00:00:00+00:00, run_after=2025-03-24T00:00:00+00:00
[2025-03-24T23:37:10.856+0000] {processor.py:183} INFO - Processing /home/airflow/.local/lib/python3.8/site-packages/airflow/example_dags/tutorial.py took 0.044 seconds
[2025-03-24T23:37:41.659+0000] {processor.py:161} INFO - Started process (PID=1485) to work on /home/airflow/.local/lib/python3.8/site-packages/airflow/example_dags/tutorial.py
[2025-03-24T23:37:41.661+0000] {processor.py:830} INFO - Processing file /home/airflow/.local/lib/python3.8/site-packages/airflow/example_dags/tutorial.py for tasks to queue
[2025-03-24T23:37:41.663+0000] {logging_mixin.py:188} INFO - [2025-03-24T23:37:41.663+0000] {dagbag.py:538} INFO - Filling up the DagBag from /home/airflow/.local/lib/python3.8/site-packages/airflow/example_dags/tutorial.py
[2025-03-24T23:37:41.668+0000] {processor.py:840} INFO - DAG(s) 'tutorial' retrieved from /home/airflow/.local/lib/python3.8/site-packages/airflow/example_dags/tutorial.py
[2025-03-24T23:37:41.682+0000] {logging_mixin.py:188} INFO - [2025-03-24T23:37:41.682+0000] {dag.py:3033} INFO - Sync 1 DAGs
[2025-03-24T23:37:41.694+0000] {logging_mixin.py:188} INFO - [2025-03-24T23:37:41.694+0000] {dag.py:3820} INFO - Setting next_dagrun for tutorial to 2025-03-23T00:00:00+00:00, run_after=2025-03-24T00:00:00+00:00
[2025-03-24T23:37:41.704+0000] {processor.py:183} INFO - Processing /home/airflow/.local/lib/python3.8/site-packages/airflow/example_dags/tutorial.py took 0.048 seconds
[2025-03-24T23:38:12.440+0000] {processor.py:161} INFO - Started process (PID=1540) to work on /home/airflow/.local/lib/python3.8/site-packages/airflow/example_dags/tutorial.py
[2025-03-24T23:38:12.441+0000] {processor.py:830} INFO - Processing file /home/airflow/.local/lib/python3.8/site-packages/airflow/example_dags/tutorial.py for tasks to queue
[2025-03-24T23:38:12.442+0000] {logging_mixin.py:188} INFO - [2025-03-24T23:38:12.442+0000] {dagbag.py:538} INFO - Filling up the DagBag from /home/airflow/.local/lib/python3.8/site-packages/airflow/example_dags/tutorial.py
[2025-03-24T23:38:12.445+0000] {processor.py:840} INFO - DAG(s) 'tutorial' retrieved from /home/airflow/.local/lib/python3.8/site-packages/airflow/example_dags/tutorial.py
[2025-03-24T23:38:12.455+0000] {logging_mixin.py:188} INFO - [2025-03-24T23:38:12.455+0000] {dag.py:3033} INFO - Sync 1 DAGs
[2025-03-24T23:38:12.466+0000] {logging_mixin.py:188} INFO - [2025-03-24T23:38:12.466+0000] {dag.py:3820} INFO - Setting next_dagrun for tutorial to 2025-03-23T00:00:00+00:00, run_after=2025-03-24T00:00:00+00:00
[2025-03-24T23:38:12.481+0000] {processor.py:183} INFO - Processing /home/airflow/.local/lib/python3.8/site-packages/airflow/example_dags/tutorial.py took 0.043 seconds
[2025-03-24T23:38:43.187+0000] {processor.py:161} INFO - Started process (PID=1595) to work on /home/airflow/.local/lib/python3.8/site-packages/airflow/example_dags/tutorial.py
[2025-03-24T23:38:43.190+0000] {processor.py:830} INFO - Processing file /home/airflow/.local/lib/python3.8/site-packages/airflow/example_dags/tutorial.py for tasks to queue
[2025-03-24T23:38:43.191+0000] {logging_mixin.py:188} INFO - [2025-03-24T23:38:43.191+0000] {dagbag.py:538} INFO - Filling up the DagBag from /home/airflow/.local/lib/python3.8/site-packages/airflow/example_dags/tutorial.py
[2025-03-24T23:38:43.196+0000] {processor.py:840} INFO - DAG(s) 'tutorial' retrieved from /home/airflow/.local/lib/python3.8/site-packages/airflow/example_dags/tutorial.py
[2025-03-24T23:38:43.208+0000] {logging_mixin.py:188} INFO - [2025-03-24T23:38:43.208+0000] {dag.py:3033} INFO - Sync 1 DAGs
[2025-03-24T23:38:43.220+0000] {logging_mixin.py:188} INFO - [2025-03-24T23:38:43.220+0000] {dag.py:3820} INFO - Setting next_dagrun for tutorial to 2025-03-23T00:00:00+00:00, run_after=2025-03-24T00:00:00+00:00
[2025-03-24T23:38:43.231+0000] {processor.py:183} INFO - Processing /home/airflow/.local/lib/python3.8/site-packages/airflow/example_dags/tutorial.py took 0.047 seconds
[2025-03-24T23:39:13.962+0000] {processor.py:161} INFO - Started process (PID=1650) to work on /home/airflow/.local/lib/python3.8/site-packages/airflow/example_dags/tutorial.py
[2025-03-24T23:39:13.964+0000] {processor.py:830} INFO - Processing file /home/airflow/.local/lib/python3.8/site-packages/airflow/example_dags/tutorial.py for tasks to queue
[2025-03-24T23:39:13.966+0000] {logging_mixin.py:188} INFO - [2025-03-24T23:39:13.965+0000] {dagbag.py:538} INFO - Filling up the DagBag from /home/airflow/.local/lib/python3.8/site-packages/airflow/example_dags/tutorial.py
[2025-03-24T23:39:13.970+0000] {processor.py:840} INFO - DAG(s) 'tutorial' retrieved from /home/airflow/.local/lib/python3.8/site-packages/airflow/example_dags/tutorial.py
[2025-03-24T23:39:13.988+0000] {logging_mixin.py:188} INFO - [2025-03-24T23:39:13.988+0000] {dag.py:3033} INFO - Sync 1 DAGs
[2025-03-24T23:39:14.000+0000] {logging_mixin.py:188} INFO - [2025-03-24T23:39:14.000+0000] {dag.py:3820} INFO - Setting next_dagrun for tutorial to 2025-03-23T00:00:00+00:00, run_after=2025-03-24T00:00:00+00:00
[2025-03-24T23:39:14.009+0000] {processor.py:183} INFO - Processing /home/airflow/.local/lib/python3.8/site-packages/airflow/example_dags/tutorial.py took 0.049 seconds
[2025-03-24T23:39:44.893+0000] {processor.py:161} INFO - Started process (PID=1705) to work on /home/airflow/.local/lib/python3.8/site-packages/airflow/example_dags/tutorial.py
[2025-03-24T23:39:44.894+0000] {processor.py:830} INFO - Processing file /home/airflow/.local/lib/python3.8/site-packages/airflow/example_dags/tutorial.py for tasks to queue
[2025-03-24T23:39:44.896+0000] {logging_mixin.py:188} INFO - [2025-03-24T23:39:44.896+0000] {dagbag.py:538} INFO - Filling up the DagBag from /home/airflow/.local/lib/python3.8/site-packages/airflow/example_dags/tutorial.py
[2025-03-24T23:39:44.900+0000] {processor.py:840} INFO - DAG(s) 'tutorial' retrieved from /home/airflow/.local/lib/python3.8/site-packages/airflow/example_dags/tutorial.py
[2025-03-24T23:39:44.913+0000] {logging_mixin.py:188} INFO - [2025-03-24T23:39:44.913+0000] {dag.py:3033} INFO - Sync 1 DAGs
[2025-03-24T23:39:44.926+0000] {logging_mixin.py:188} INFO - [2025-03-24T23:39:44.926+0000] {dag.py:3820} INFO - Setting next_dagrun for tutorial to 2025-03-23T00:00:00+00:00, run_after=2025-03-24T00:00:00+00:00
[2025-03-24T23:39:44.934+0000] {processor.py:183} INFO - Processing /home/airflow/.local/lib/python3.8/site-packages/airflow/example_dags/tutorial.py took 0.045 seconds
[2025-03-24T23:40:15.526+0000] {processor.py:161} INFO - Started process (PID=1760) to work on /home/airflow/.local/lib/python3.8/site-packages/airflow/example_dags/tutorial.py
[2025-03-24T23:40:15.527+0000] {processor.py:830} INFO - Processing file /home/airflow/.local/lib/python3.8/site-packages/airflow/example_dags/tutorial.py for tasks to queue
[2025-03-24T23:40:15.529+0000] {logging_mixin.py:188} INFO - [2025-03-24T23:40:15.529+0000] {dagbag.py:538} INFO - Filling up the DagBag from /home/airflow/.local/lib/python3.8/site-packages/airflow/example_dags/tutorial.py
[2025-03-24T23:40:15.533+0000] {processor.py:840} INFO - DAG(s) 'tutorial' retrieved from /home/airflow/.local/lib/python3.8/site-packages/airflow/example_dags/tutorial.py
[2025-03-24T23:40:15.550+0000] {logging_mixin.py:188} INFO - [2025-03-24T23:40:15.550+0000] {dag.py:3033} INFO - Sync 1 DAGs
[2025-03-24T23:40:15.562+0000] {logging_mixin.py:188} INFO - [2025-03-24T23:40:15.562+0000] {dag.py:3820} INFO - Setting next_dagrun for tutorial to 2025-03-23T00:00:00+00:00, run_after=2025-03-24T00:00:00+00:00
[2025-03-24T23:40:15.570+0000] {processor.py:183} INFO - Processing /home/airflow/.local/lib/python3.8/site-packages/airflow/example_dags/tutorial.py took 0.047 seconds
[2025-03-24T23:40:46.138+0000] {processor.py:161} INFO - Started process (PID=1815) to work on /home/airflow/.local/lib/python3.8/site-packages/airflow/example_dags/tutorial.py
[2025-03-24T23:40:46.139+0000] {processor.py:830} INFO - Processing file /home/airflow/.local/lib/python3.8/site-packages/airflow/example_dags/tutorial.py for tasks to queue
[2025-03-24T23:40:46.140+0000] {logging_mixin.py:188} INFO - [2025-03-24T23:40:46.140+0000] {dagbag.py:538} INFO - Filling up the DagBag from /home/airflow/.local/lib/python3.8/site-packages/airflow/example_dags/tutorial.py
[2025-03-24T23:40:46.144+0000] {processor.py:840} INFO - DAG(s) 'tutorial' retrieved from /home/airflow/.local/lib/python3.8/site-packages/airflow/example_dags/tutorial.py
[2025-03-24T23:40:46.158+0000] {logging_mixin.py:188} INFO - [2025-03-24T23:40:46.158+0000] {dag.py:3033} INFO - Sync 1 DAGs
[2025-03-24T23:40:46.170+0000] {logging_mixin.py:188} INFO - [2025-03-24T23:40:46.170+0000] {dag.py:3820} INFO - Setting next_dagrun for tutorial to 2025-03-23T00:00:00+00:00, run_after=2025-03-24T00:00:00+00:00
[2025-03-24T23:40:46.179+0000] {processor.py:183} INFO - Processing /home/airflow/.local/lib/python3.8/site-packages/airflow/example_dags/tutorial.py took 0.044 seconds
[2025-03-24T23:41:16.681+0000] {processor.py:161} INFO - Started process (PID=1870) to work on /home/airflow/.local/lib/python3.8/site-packages/airflow/example_dags/tutorial.py
[2025-03-24T23:41:16.681+0000] {processor.py:830} INFO - Processing file /home/airflow/.local/lib/python3.8/site-packages/airflow/example_dags/tutorial.py for tasks to queue
[2025-03-24T23:41:16.683+0000] {logging_mixin.py:188} INFO - [2025-03-24T23:41:16.682+0000] {dagbag.py:538} INFO - Filling up the DagBag from /home/airflow/.local/lib/python3.8/site-packages/airflow/example_dags/tutorial.py
[2025-03-24T23:41:16.686+0000] {processor.py:840} INFO - DAG(s) 'tutorial' retrieved from /home/airflow/.local/lib/python3.8/site-packages/airflow/example_dags/tutorial.py
[2025-03-24T23:41:16.697+0000] {logging_mixin.py:188} INFO - [2025-03-24T23:41:16.697+0000] {dag.py:3033} INFO - Sync 1 DAGs
[2025-03-24T23:41:16.706+0000] {logging_mixin.py:188} INFO - [2025-03-24T23:41:16.706+0000] {dag.py:3820} INFO - Setting next_dagrun for tutorial to 2025-03-23T00:00:00+00:00, run_after=2025-03-24T00:00:00+00:00
[2025-03-24T23:41:16.714+0000] {processor.py:183} INFO - Processing /home/airflow/.local/lib/python3.8/site-packages/airflow/example_dags/tutorial.py took 0.035 seconds
[2025-03-24T23:41:47.317+0000] {processor.py:161} INFO - Started process (PID=1925) to work on /home/airflow/.local/lib/python3.8/site-packages/airflow/example_dags/tutorial.py
[2025-03-24T23:41:47.318+0000] {processor.py:830} INFO - Processing file /home/airflow/.local/lib/python3.8/site-packages/airflow/example_dags/tutorial.py for tasks to queue
[2025-03-24T23:41:47.319+0000] {logging_mixin.py:188} INFO - [2025-03-24T23:41:47.319+0000] {dagbag.py:538} INFO - Filling up the DagBag from /home/airflow/.local/lib/python3.8/site-packages/airflow/example_dags/tutorial.py
[2025-03-24T23:41:47.325+0000] {processor.py:840} INFO - DAG(s) 'tutorial' retrieved from /home/airflow/.local/lib/python3.8/site-packages/airflow/example_dags/tutorial.py
[2025-03-24T23:41:47.336+0000] {logging_mixin.py:188} INFO - [2025-03-24T23:41:47.336+0000] {dag.py:3033} INFO - Sync 1 DAGs
[2025-03-24T23:41:47.348+0000] {logging_mixin.py:188} INFO - [2025-03-24T23:41:47.347+0000] {dag.py:3820} INFO - Setting next_dagrun for tutorial to 2025-03-23T00:00:00+00:00, run_after=2025-03-24T00:00:00+00:00
[2025-03-24T23:41:47.357+0000] {processor.py:183} INFO - Processing /home/airflow/.local/lib/python3.8/site-packages/airflow/example_dags/tutorial.py took 0.042 seconds
[2025-03-24T23:42:17.934+0000] {processor.py:161} INFO - Started process (PID=1980) to work on /home/airflow/.local/lib/python3.8/site-packages/airflow/example_dags/tutorial.py
[2025-03-24T23:42:17.935+0000] {processor.py:830} INFO - Processing file /home/airflow/.local/lib/python3.8/site-packages/airflow/example_dags/tutorial.py for tasks to queue
[2025-03-24T23:42:17.936+0000] {logging_mixin.py:188} INFO - [2025-03-24T23:42:17.936+0000] {dagbag.py:538} INFO - Filling up the DagBag from /home/airflow/.local/lib/python3.8/site-packages/airflow/example_dags/tutorial.py
[2025-03-24T23:42:17.942+0000] {processor.py:840} INFO - DAG(s) 'tutorial' retrieved from /home/airflow/.local/lib/python3.8/site-packages/airflow/example_dags/tutorial.py
[2025-03-24T23:42:17.957+0000] {logging_mixin.py:188} INFO - [2025-03-24T23:42:17.957+0000] {dag.py:3033} INFO - Sync 1 DAGs
[2025-03-24T23:42:17.968+0000] {logging_mixin.py:188} INFO - [2025-03-24T23:42:17.968+0000] {dag.py:3820} INFO - Setting next_dagrun for tutorial to 2025-03-23T00:00:00+00:00, run_after=2025-03-24T00:00:00+00:00
[2025-03-24T23:42:17.976+0000] {processor.py:183} INFO - Processing /home/airflow/.local/lib/python3.8/site-packages/airflow/example_dags/tutorial.py took 0.045 seconds
[2025-03-24T23:42:48.475+0000] {processor.py:161} INFO - Started process (PID=2035) to work on /home/airflow/.local/lib/python3.8/site-packages/airflow/example_dags/tutorial.py
[2025-03-24T23:42:48.475+0000] {processor.py:830} INFO - Processing file /home/airflow/.local/lib/python3.8/site-packages/airflow/example_dags/tutorial.py for tasks to queue
[2025-03-24T23:42:48.476+0000] {logging_mixin.py:188} INFO - [2025-03-24T23:42:48.476+0000] {dagbag.py:538} INFO - Filling up the DagBag from /home/airflow/.local/lib/python3.8/site-packages/airflow/example_dags/tutorial.py
[2025-03-24T23:42:48.479+0000] {processor.py:840} INFO - DAG(s) 'tutorial' retrieved from /home/airflow/.local/lib/python3.8/site-packages/airflow/example_dags/tutorial.py
[2025-03-24T23:42:48.488+0000] {logging_mixin.py:188} INFO - [2025-03-24T23:42:48.488+0000] {dag.py:3033} INFO - Sync 1 DAGs
[2025-03-24T23:42:48.497+0000] {logging_mixin.py:188} INFO - [2025-03-24T23:42:48.497+0000] {dag.py:3820} INFO - Setting next_dagrun for tutorial to 2025-03-23T00:00:00+00:00, run_after=2025-03-24T00:00:00+00:00
[2025-03-24T23:42:48.505+0000] {processor.py:183} INFO - Processing /home/airflow/.local/lib/python3.8/site-packages/airflow/example_dags/tutorial.py took 0.032 seconds
[2025-03-24T23:43:18.914+0000] {processor.py:161} INFO - Started process (PID=2090) to work on /home/airflow/.local/lib/python3.8/site-packages/airflow/example_dags/tutorial.py
[2025-03-24T23:43:18.915+0000] {processor.py:830} INFO - Processing file /home/airflow/.local/lib/python3.8/site-packages/airflow/example_dags/tutorial.py for tasks to queue
[2025-03-24T23:43:18.917+0000] {logging_mixin.py:188} INFO - [2025-03-24T23:43:18.917+0000] {dagbag.py:538} INFO - Filling up the DagBag from /home/airflow/.local/lib/python3.8/site-packages/airflow/example_dags/tutorial.py
[2025-03-24T23:43:18.922+0000] {processor.py:840} INFO - DAG(s) 'tutorial' retrieved from /home/airflow/.local/lib/python3.8/site-packages/airflow/example_dags/tutorial.py
[2025-03-24T23:43:18.941+0000] {logging_mixin.py:188} INFO - [2025-03-24T23:43:18.940+0000] {dag.py:3033} INFO - Sync 1 DAGs
[2025-03-24T23:43:18.953+0000] {logging_mixin.py:188} INFO - [2025-03-24T23:43:18.952+0000] {dag.py:3820} INFO - Setting next_dagrun for tutorial to 2025-03-23T00:00:00+00:00, run_after=2025-03-24T00:00:00+00:00
[2025-03-24T23:43:18.962+0000] {processor.py:183} INFO - Processing /home/airflow/.local/lib/python3.8/site-packages/airflow/example_dags/tutorial.py took 0.051 seconds
[2025-03-24T23:43:49.582+0000] {processor.py:161} INFO - Started process (PID=2145) to work on /home/airflow/.local/lib/python3.8/site-packages/airflow/example_dags/tutorial.py
[2025-03-24T23:43:49.583+0000] {processor.py:830} INFO - Processing file /home/airflow/.local/lib/python3.8/site-packages/airflow/example_dags/tutorial.py for tasks to queue
[2025-03-24T23:43:49.584+0000] {logging_mixin.py:188} INFO - [2025-03-24T23:43:49.583+0000] {dagbag.py:538} INFO - Filling up the DagBag from /home/airflow/.local/lib/python3.8/site-packages/airflow/example_dags/tutorial.py
[2025-03-24T23:43:49.587+0000] {processor.py:840} INFO - DAG(s) 'tutorial' retrieved from /home/airflow/.local/lib/python3.8/site-packages/airflow/example_dags/tutorial.py
[2025-03-24T23:43:49.596+0000] {logging_mixin.py:188} INFO - [2025-03-24T23:43:49.596+0000] {dag.py:3033} INFO - Sync 1 DAGs
[2025-03-24T23:43:49.608+0000] {logging_mixin.py:188} INFO - [2025-03-24T23:43:49.607+0000] {dag.py:3820} INFO - Setting next_dagrun for tutorial to 2025-03-23T00:00:00+00:00, run_after=2025-03-24T00:00:00+00:00
[2025-03-24T23:43:49.616+0000] {processor.py:183} INFO - Processing /home/airflow/.local/lib/python3.8/site-packages/airflow/example_dags/tutorial.py took 0.038 seconds
[2025-03-24T23:44:20.290+0000] {processor.py:161} INFO - Started process (PID=2200) to work on /home/airflow/.local/lib/python3.8/site-packages/airflow/example_dags/tutorial.py
[2025-03-24T23:44:20.291+0000] {processor.py:830} INFO - Processing file /home/airflow/.local/lib/python3.8/site-packages/airflow/example_dags/tutorial.py for tasks to queue
[2025-03-24T23:44:20.293+0000] {logging_mixin.py:188} INFO - [2025-03-24T23:44:20.293+0000] {dagbag.py:538} INFO - Filling up the DagBag from /home/airflow/.local/lib/python3.8/site-packages/airflow/example_dags/tutorial.py
[2025-03-24T23:44:20.300+0000] {processor.py:840} INFO - DAG(s) 'tutorial' retrieved from /home/airflow/.local/lib/python3.8/site-packages/airflow/example_dags/tutorial.py
[2025-03-24T23:44:20.313+0000] {logging_mixin.py:188} INFO - [2025-03-24T23:44:20.313+0000] {dag.py:3033} INFO - Sync 1 DAGs
[2025-03-24T23:44:20.325+0000] {logging_mixin.py:188} INFO - [2025-03-24T23:44:20.325+0000] {dag.py:3820} INFO - Setting next_dagrun for tutorial to 2025-03-23T00:00:00+00:00, run_after=2025-03-24T00:00:00+00:00
[2025-03-24T23:44:20.334+0000] {processor.py:183} INFO - Processing /home/airflow/.local/lib/python3.8/site-packages/airflow/example_dags/tutorial.py took 0.048 seconds
[2025-03-24T23:44:50.925+0000] {processor.py:161} INFO - Started process (PID=2255) to work on /home/airflow/.local/lib/python3.8/site-packages/airflow/example_dags/tutorial.py
[2025-03-24T23:44:50.926+0000] {processor.py:830} INFO - Processing file /home/airflow/.local/lib/python3.8/site-packages/airflow/example_dags/tutorial.py for tasks to queue
[2025-03-24T23:44:50.928+0000] {logging_mixin.py:188} INFO - [2025-03-24T23:44:50.927+0000] {dagbag.py:538} INFO - Filling up the DagBag from /home/airflow/.local/lib/python3.8/site-packages/airflow/example_dags/tutorial.py
[2025-03-24T23:44:50.932+0000] {processor.py:840} INFO - DAG(s) 'tutorial' retrieved from /home/airflow/.local/lib/python3.8/site-packages/airflow/example_dags/tutorial.py
[2025-03-24T23:44:50.943+0000] {logging_mixin.py:188} INFO - [2025-03-24T23:44:50.943+0000] {dag.py:3033} INFO - Sync 1 DAGs
[2025-03-24T23:44:50.953+0000] {logging_mixin.py:188} INFO - [2025-03-24T23:44:50.953+0000] {dag.py:3820} INFO - Setting next_dagrun for tutorial to 2025-03-23T00:00:00+00:00, run_after=2025-03-24T00:00:00+00:00
[2025-03-24T23:44:51.039+0000] {processor.py:183} INFO - Processing /home/airflow/.local/lib/python3.8/site-packages/airflow/example_dags/tutorial.py took 0.116 seconds
[2025-03-24T23:45:21.487+0000] {processor.py:161} INFO - Started process (PID=2310) to work on /home/airflow/.local/lib/python3.8/site-packages/airflow/example_dags/tutorial.py
[2025-03-24T23:45:21.488+0000] {processor.py:830} INFO - Processing file /home/airflow/.local/lib/python3.8/site-packages/airflow/example_dags/tutorial.py for tasks to queue
[2025-03-24T23:45:21.489+0000] {logging_mixin.py:188} INFO - [2025-03-24T23:45:21.489+0000] {dagbag.py:538} INFO - Filling up the DagBag from /home/airflow/.local/lib/python3.8/site-packages/airflow/example_dags/tutorial.py
[2025-03-24T23:45:21.491+0000] {processor.py:840} INFO - DAG(s) 'tutorial' retrieved from /home/airflow/.local/lib/python3.8/site-packages/airflow/example_dags/tutorial.py
[2025-03-24T23:45:21.500+0000] {logging_mixin.py:188} INFO - [2025-03-24T23:45:21.500+0000] {dag.py:3033} INFO - Sync 1 DAGs
[2025-03-24T23:45:21.510+0000] {logging_mixin.py:188} INFO - [2025-03-24T23:45:21.510+0000] {dag.py:3820} INFO - Setting next_dagrun for tutorial to 2025-03-23T00:00:00+00:00, run_after=2025-03-24T00:00:00+00:00
[2025-03-24T23:45:21.517+0000] {processor.py:183} INFO - Processing /home/airflow/.local/lib/python3.8/site-packages/airflow/example_dags/tutorial.py took 0.032 seconds
[2025-03-24T23:45:52.133+0000] {processor.py:161} INFO - Started process (PID=2364) to work on /home/airflow/.local/lib/python3.8/site-packages/airflow/example_dags/tutorial.py
[2025-03-24T23:45:52.134+0000] {processor.py:830} INFO - Processing file /home/airflow/.local/lib/python3.8/site-packages/airflow/example_dags/tutorial.py for tasks to queue
[2025-03-24T23:45:52.135+0000] {logging_mixin.py:188} INFO - [2025-03-24T23:45:52.135+0000] {dagbag.py:538} INFO - Filling up the DagBag from /home/airflow/.local/lib/python3.8/site-packages/airflow/example_dags/tutorial.py
[2025-03-24T23:45:52.138+0000] {processor.py:840} INFO - DAG(s) 'tutorial' retrieved from /home/airflow/.local/lib/python3.8/site-packages/airflow/example_dags/tutorial.py
[2025-03-24T23:45:52.148+0000] {logging_mixin.py:188} INFO - [2025-03-24T23:45:52.148+0000] {dag.py:3033} INFO - Sync 1 DAGs
[2025-03-24T23:45:52.159+0000] {logging_mixin.py:188} INFO - [2025-03-24T23:45:52.159+0000] {dag.py:3820} INFO - Setting next_dagrun for tutorial to 2025-03-23T00:00:00+00:00, run_after=2025-03-24T00:00:00+00:00
[2025-03-24T23:45:52.167+0000] {processor.py:183} INFO - Processing /home/airflow/.local/lib/python3.8/site-packages/airflow/example_dags/tutorial.py took 0.035 seconds
[2025-03-24T23:46:22.778+0000] {processor.py:161} INFO - Started process (PID=2419) to work on /home/airflow/.local/lib/python3.8/site-packages/airflow/example_dags/tutorial.py
[2025-03-24T23:46:22.779+0000] {processor.py:830} INFO - Processing file /home/airflow/.local/lib/python3.8/site-packages/airflow/example_dags/tutorial.py for tasks to queue
[2025-03-24T23:46:22.780+0000] {logging_mixin.py:188} INFO - [2025-03-24T23:46:22.780+0000] {dagbag.py:538} INFO - Filling up the DagBag from /home/airflow/.local/lib/python3.8/site-packages/airflow/example_dags/tutorial.py
[2025-03-24T23:46:22.783+0000] {processor.py:840} INFO - DAG(s) 'tutorial' retrieved from /home/airflow/.local/lib/python3.8/site-packages/airflow/example_dags/tutorial.py
[2025-03-24T23:46:22.795+0000] {logging_mixin.py:188} INFO - [2025-03-24T23:46:22.795+0000] {dag.py:3033} INFO - Sync 1 DAGs
[2025-03-24T23:46:22.806+0000] {logging_mixin.py:188} INFO - [2025-03-24T23:46:22.806+0000] {dag.py:3820} INFO - Setting next_dagrun for tutorial to 2025-03-23T00:00:00+00:00, run_after=2025-03-24T00:00:00+00:00
[2025-03-24T23:46:22.890+0000] {processor.py:183} INFO - Processing /home/airflow/.local/lib/python3.8/site-packages/airflow/example_dags/tutorial.py took 0.114 seconds
[2025-03-24T23:46:53.766+0000] {processor.py:161} INFO - Started process (PID=2474) to work on /home/airflow/.local/lib/python3.8/site-packages/airflow/example_dags/tutorial.py
[2025-03-24T23:46:53.767+0000] {processor.py:830} INFO - Processing file /home/airflow/.local/lib/python3.8/site-packages/airflow/example_dags/tutorial.py for tasks to queue
[2025-03-24T23:46:53.768+0000] {logging_mixin.py:188} INFO - [2025-03-24T23:46:53.768+0000] {dagbag.py:538} INFO - Filling up the DagBag from /home/airflow/.local/lib/python3.8/site-packages/airflow/example_dags/tutorial.py
[2025-03-24T23:46:53.772+0000] {processor.py:840} INFO - DAG(s) 'tutorial' retrieved from /home/airflow/.local/lib/python3.8/site-packages/airflow/example_dags/tutorial.py
[2025-03-24T23:46:53.783+0000] {logging_mixin.py:188} INFO - [2025-03-24T23:46:53.783+0000] {dag.py:3033} INFO - Sync 1 DAGs
[2025-03-24T23:46:53.793+0000] {logging_mixin.py:188} INFO - [2025-03-24T23:46:53.793+0000] {dag.py:3820} INFO - Setting next_dagrun for tutorial to 2025-03-23T00:00:00+00:00, run_after=2025-03-24T00:00:00+00:00
[2025-03-24T23:46:53.804+0000] {processor.py:183} INFO - Processing /home/airflow/.local/lib/python3.8/site-packages/airflow/example_dags/tutorial.py took 0.040 seconds
[2025-03-24T23:47:23.906+0000] {processor.py:161} INFO - Started process (PID=2529) to work on /home/airflow/.local/lib/python3.8/site-packages/airflow/example_dags/tutorial.py
[2025-03-24T23:47:23.907+0000] {processor.py:830} INFO - Processing file /home/airflow/.local/lib/python3.8/site-packages/airflow/example_dags/tutorial.py for tasks to queue
[2025-03-24T23:47:23.909+0000] {logging_mixin.py:188} INFO - [2025-03-24T23:47:23.908+0000] {dagbag.py:538} INFO - Filling up the DagBag from /home/airflow/.local/lib/python3.8/site-packages/airflow/example_dags/tutorial.py
[2025-03-24T23:47:23.914+0000] {processor.py:840} INFO - DAG(s) 'tutorial' retrieved from /home/airflow/.local/lib/python3.8/site-packages/airflow/example_dags/tutorial.py
[2025-03-24T23:47:23.929+0000] {logging_mixin.py:188} INFO - [2025-03-24T23:47:23.928+0000] {dag.py:3033} INFO - Sync 1 DAGs
[2025-03-24T23:47:23.940+0000] {logging_mixin.py:188} INFO - [2025-03-24T23:47:23.940+0000] {dag.py:3820} INFO - Setting next_dagrun for tutorial to 2025-03-23T00:00:00+00:00, run_after=2025-03-24T00:00:00+00:00
[2025-03-24T23:47:23.951+0000] {processor.py:183} INFO - Processing /home/airflow/.local/lib/python3.8/site-packages/airflow/example_dags/tutorial.py took 0.048 seconds
[2025-03-24T23:47:54.783+0000] {processor.py:161} INFO - Started process (PID=2584) to work on /home/airflow/.local/lib/python3.8/site-packages/airflow/example_dags/tutorial.py
[2025-03-24T23:47:54.783+0000] {processor.py:830} INFO - Processing file /home/airflow/.local/lib/python3.8/site-packages/airflow/example_dags/tutorial.py for tasks to queue
[2025-03-24T23:47:54.785+0000] {logging_mixin.py:188} INFO - [2025-03-24T23:47:54.785+0000] {dagbag.py:538} INFO - Filling up the DagBag from /home/airflow/.local/lib/python3.8/site-packages/airflow/example_dags/tutorial.py
[2025-03-24T23:47:54.789+0000] {processor.py:840} INFO - DAG(s) 'tutorial' retrieved from /home/airflow/.local/lib/python3.8/site-packages/airflow/example_dags/tutorial.py
[2025-03-24T23:47:54.802+0000] {logging_mixin.py:188} INFO - [2025-03-24T23:47:54.802+0000] {dag.py:3033} INFO - Sync 1 DAGs
[2025-03-24T23:47:54.903+0000] {logging_mixin.py:188} INFO - [2025-03-24T23:47:54.903+0000] {dag.py:3820} INFO - Setting next_dagrun for tutorial to 2025-03-23T00:00:00+00:00, run_after=2025-03-24T00:00:00+00:00
[2025-03-24T23:47:54.912+0000] {processor.py:183} INFO - Processing /home/airflow/.local/lib/python3.8/site-packages/airflow/example_dags/tutorial.py took 0.131 seconds
[2025-03-24T23:48:25.770+0000] {processor.py:161} INFO - Started process (PID=2639) to work on /home/airflow/.local/lib/python3.8/site-packages/airflow/example_dags/tutorial.py
[2025-03-24T23:48:25.771+0000] {processor.py:830} INFO - Processing file /home/airflow/.local/lib/python3.8/site-packages/airflow/example_dags/tutorial.py for tasks to queue
[2025-03-24T23:48:25.773+0000] {logging_mixin.py:188} INFO - [2025-03-24T23:48:25.773+0000] {dagbag.py:538} INFO - Filling up the DagBag from /home/airflow/.local/lib/python3.8/site-packages/airflow/example_dags/tutorial.py
[2025-03-24T23:48:25.778+0000] {processor.py:840} INFO - DAG(s) 'tutorial' retrieved from /home/airflow/.local/lib/python3.8/site-packages/airflow/example_dags/tutorial.py
[2025-03-24T23:48:25.792+0000] {logging_mixin.py:188} INFO - [2025-03-24T23:48:25.792+0000] {dag.py:3033} INFO - Sync 1 DAGs
[2025-03-24T23:48:25.805+0000] {logging_mixin.py:188} INFO - [2025-03-24T23:48:25.805+0000] {dag.py:3820} INFO - Setting next_dagrun for tutorial to 2025-03-23T00:00:00+00:00, run_after=2025-03-24T00:00:00+00:00
[2025-03-24T23:48:25.816+0000] {processor.py:183} INFO - Processing /home/airflow/.local/lib/python3.8/site-packages/airflow/example_dags/tutorial.py took 0.048 seconds
[2025-03-24T23:48:56.522+0000] {processor.py:161} INFO - Started process (PID=2694) to work on /home/airflow/.local/lib/python3.8/site-packages/airflow/example_dags/tutorial.py
[2025-03-24T23:48:56.523+0000] {processor.py:830} INFO - Processing file /home/airflow/.local/lib/python3.8/site-packages/airflow/example_dags/tutorial.py for tasks to queue
[2025-03-24T23:48:56.525+0000] {logging_mixin.py:188} INFO - [2025-03-24T23:48:56.525+0000] {dagbag.py:538} INFO - Filling up the DagBag from /home/airflow/.local/lib/python3.8/site-packages/airflow/example_dags/tutorial.py
[2025-03-24T23:48:56.529+0000] {processor.py:840} INFO - DAG(s) 'tutorial' retrieved from /home/airflow/.local/lib/python3.8/site-packages/airflow/example_dags/tutorial.py
[2025-03-24T23:48:56.541+0000] {logging_mixin.py:188} INFO - [2025-03-24T23:48:56.541+0000] {dag.py:3033} INFO - Sync 1 DAGs
[2025-03-24T23:48:56.551+0000] {logging_mixin.py:188} INFO - [2025-03-24T23:48:56.551+0000] {dag.py:3820} INFO - Setting next_dagrun for tutorial to 2025-03-23T00:00:00+00:00, run_after=2025-03-24T00:00:00+00:00
[2025-03-24T23:48:56.560+0000] {processor.py:183} INFO - Processing /home/airflow/.local/lib/python3.8/site-packages/airflow/example_dags/tutorial.py took 0.040 seconds
[2025-03-24T23:49:27.527+0000] {processor.py:161} INFO - Started process (PID=2749) to work on /home/airflow/.local/lib/python3.8/site-packages/airflow/example_dags/tutorial.py
[2025-03-24T23:49:27.528+0000] {processor.py:830} INFO - Processing file /home/airflow/.local/lib/python3.8/site-packages/airflow/example_dags/tutorial.py for tasks to queue
[2025-03-24T23:49:27.530+0000] {logging_mixin.py:188} INFO - [2025-03-24T23:49:27.530+0000] {dagbag.py:538} INFO - Filling up the DagBag from /home/airflow/.local/lib/python3.8/site-packages/airflow/example_dags/tutorial.py
[2025-03-24T23:49:27.534+0000] {processor.py:840} INFO - DAG(s) 'tutorial' retrieved from /home/airflow/.local/lib/python3.8/site-packages/airflow/example_dags/tutorial.py
[2025-03-24T23:49:27.544+0000] {logging_mixin.py:188} INFO - [2025-03-24T23:49:27.544+0000] {dag.py:3033} INFO - Sync 1 DAGs
[2025-03-24T23:49:27.644+0000] {logging_mixin.py:188} INFO - [2025-03-24T23:49:27.644+0000] {dag.py:3820} INFO - Setting next_dagrun for tutorial to 2025-03-23T00:00:00+00:00, run_after=2025-03-24T00:00:00+00:00
[2025-03-24T23:49:27.651+0000] {processor.py:183} INFO - Processing /home/airflow/.local/lib/python3.8/site-packages/airflow/example_dags/tutorial.py took 0.126 seconds
[2025-03-24T23:49:57.848+0000] {processor.py:161} INFO - Started process (PID=2803) to work on /home/airflow/.local/lib/python3.8/site-packages/airflow/example_dags/tutorial.py
[2025-03-24T23:49:57.848+0000] {processor.py:830} INFO - Processing file /home/airflow/.local/lib/python3.8/site-packages/airflow/example_dags/tutorial.py for tasks to queue
[2025-03-24T23:49:57.850+0000] {logging_mixin.py:188} INFO - [2025-03-24T23:49:57.850+0000] {dagbag.py:538} INFO - Filling up the DagBag from /home/airflow/.local/lib/python3.8/site-packages/airflow/example_dags/tutorial.py
[2025-03-24T23:49:57.854+0000] {processor.py:840} INFO - DAG(s) 'tutorial' retrieved from /home/airflow/.local/lib/python3.8/site-packages/airflow/example_dags/tutorial.py
[2025-03-24T23:49:57.870+0000] {logging_mixin.py:188} INFO - [2025-03-24T23:49:57.870+0000] {dag.py:3033} INFO - Sync 1 DAGs
[2025-03-24T23:49:57.976+0000] {logging_mixin.py:188} INFO - [2025-03-24T23:49:57.976+0000] {dag.py:3820} INFO - Setting next_dagrun for tutorial to 2025-03-23T00:00:00+00:00, run_after=2025-03-24T00:00:00+00:00
[2025-03-24T23:49:57.996+0000] {processor.py:183} INFO - Processing /home/airflow/.local/lib/python3.8/site-packages/airflow/example_dags/tutorial.py took 0.150 seconds
[2025-03-24T23:50:28.919+0000] {processor.py:161} INFO - Started process (PID=2858) to work on /home/airflow/.local/lib/python3.8/site-packages/airflow/example_dags/tutorial.py
[2025-03-24T23:50:28.920+0000] {processor.py:830} INFO - Processing file /home/airflow/.local/lib/python3.8/site-packages/airflow/example_dags/tutorial.py for tasks to queue
[2025-03-24T23:50:28.922+0000] {logging_mixin.py:188} INFO - [2025-03-24T23:50:28.922+0000] {dagbag.py:538} INFO - Filling up the DagBag from /home/airflow/.local/lib/python3.8/site-packages/airflow/example_dags/tutorial.py
[2025-03-24T23:50:28.926+0000] {processor.py:840} INFO - DAG(s) 'tutorial' retrieved from /home/airflow/.local/lib/python3.8/site-packages/airflow/example_dags/tutorial.py
[2025-03-24T23:50:28.943+0000] {logging_mixin.py:188} INFO - [2025-03-24T23:50:28.943+0000] {dag.py:3033} INFO - Sync 1 DAGs
[2025-03-24T23:50:28.954+0000] {logging_mixin.py:188} INFO - [2025-03-24T23:50:28.954+0000] {dag.py:3820} INFO - Setting next_dagrun for tutorial to 2025-03-23T00:00:00+00:00, run_after=2025-03-24T00:00:00+00:00
[2025-03-24T23:50:28.965+0000] {processor.py:183} INFO - Processing /home/airflow/.local/lib/python3.8/site-packages/airflow/example_dags/tutorial.py took 0.048 seconds
[2025-03-24T23:50:59.996+0000] {processor.py:161} INFO - Started process (PID=2913) to work on /home/airflow/.local/lib/python3.8/site-packages/airflow/example_dags/tutorial.py
[2025-03-24T23:50:59.997+0000] {processor.py:830} INFO - Processing file /home/airflow/.local/lib/python3.8/site-packages/airflow/example_dags/tutorial.py for tasks to queue
[2025-03-24T23:50:59.999+0000] {logging_mixin.py:188} INFO - [2025-03-24T23:50:59.999+0000] {dagbag.py:538} INFO - Filling up the DagBag from /home/airflow/.local/lib/python3.8/site-packages/airflow/example_dags/tutorial.py
[2025-03-24T23:51:00.004+0000] {processor.py:840} INFO - DAG(s) 'tutorial' retrieved from /home/airflow/.local/lib/python3.8/site-packages/airflow/example_dags/tutorial.py
[2025-03-24T23:51:00.016+0000] {logging_mixin.py:188} INFO - [2025-03-24T23:51:00.016+0000] {dag.py:3033} INFO - Sync 1 DAGs
[2025-03-24T23:51:00.028+0000] {logging_mixin.py:188} INFO - [2025-03-24T23:51:00.028+0000] {dag.py:3820} INFO - Setting next_dagrun for tutorial to 2025-03-23T00:00:00+00:00, run_after=2025-03-24T00:00:00+00:00
[2025-03-24T23:51:00.037+0000] {processor.py:183} INFO - Processing /home/airflow/.local/lib/python3.8/site-packages/airflow/example_dags/tutorial.py took 0.044 seconds
[2025-03-24T23:51:30.694+0000] {processor.py:161} INFO - Started process (PID=2968) to work on /home/airflow/.local/lib/python3.8/site-packages/airflow/example_dags/tutorial.py
[2025-03-24T23:51:30.696+0000] {processor.py:830} INFO - Processing file /home/airflow/.local/lib/python3.8/site-packages/airflow/example_dags/tutorial.py for tasks to queue
[2025-03-24T23:51:30.697+0000] {logging_mixin.py:188} INFO - [2025-03-24T23:51:30.697+0000] {dagbag.py:538} INFO - Filling up the DagBag from /home/airflow/.local/lib/python3.8/site-packages/airflow/example_dags/tutorial.py
[2025-03-24T23:51:30.701+0000] {processor.py:840} INFO - DAG(s) 'tutorial' retrieved from /home/airflow/.local/lib/python3.8/site-packages/airflow/example_dags/tutorial.py
[2025-03-24T23:51:30.715+0000] {logging_mixin.py:188} INFO - [2025-03-24T23:51:30.715+0000] {dag.py:3033} INFO - Sync 1 DAGs
[2025-03-24T23:51:30.728+0000] {logging_mixin.py:188} INFO - [2025-03-24T23:51:30.728+0000] {dag.py:3820} INFO - Setting next_dagrun for tutorial to 2025-03-23T00:00:00+00:00, run_after=2025-03-24T00:00:00+00:00
[2025-03-24T23:51:30.746+0000] {processor.py:183} INFO - Processing /home/airflow/.local/lib/python3.8/site-packages/airflow/example_dags/tutorial.py took 0.055 seconds
