[2025-03-24T23:24:26.743+0000] {processor.py:161} INFO - Started process (PID=70) to work on /home/airflow/.local/lib/python3.8/site-packages/airflow/example_dags/tutorial_objectstorage.py
[2025-03-24T23:24:26.744+0000] {processor.py:830} INFO - Processing file /home/airflow/.local/lib/python3.8/site-packages/airflow/example_dags/tutorial_objectstorage.py for tasks to queue
[2025-03-24T23:24:26.745+0000] {logging_mixin.py:188} INFO - [2025-03-24T23:24:26.745+0000] {dagbag.py:538} INFO - Filling up the DagBag from /home/airflow/.local/lib/python3.8/site-packages/airflow/example_dags/tutorial_objectstorage.py
[2025-03-24T23:24:26.749+0000] {processor.py:840} INFO - DAG(s) 'tutorial_objectstorage' retrieved from /home/airflow/.local/lib/python3.8/site-packages/airflow/example_dags/tutorial_objectstorage.py
[2025-03-24T23:24:26.755+0000] {logging_mixin.py:188} INFO - [2025-03-24T23:24:26.755+0000] {dag.py:3033} INFO - Sync 1 DAGs
[2025-03-24T23:24:26.762+0000] {logging_mixin.py:188} INFO - [2025-03-24T23:24:26.762+0000] {dag.py:3820} INFO - Setting next_dagrun for tutorial_objectstorage to None, run_after=None
[2025-03-24T23:24:26.772+0000] {processor.py:183} INFO - Processing /home/airflow/.local/lib/python3.8/site-packages/airflow/example_dags/tutorial_objectstorage.py took 0.031 seconds
[2025-03-24T23:24:56.954+0000] {processor.py:161} INFO - Started process (PID=125) to work on /home/airflow/.local/lib/python3.8/site-packages/airflow/example_dags/tutorial_objectstorage.py
[2025-03-24T23:24:56.955+0000] {processor.py:830} INFO - Processing file /home/airflow/.local/lib/python3.8/site-packages/airflow/example_dags/tutorial_objectstorage.py for tasks to queue
[2025-03-24T23:24:56.957+0000] {logging_mixin.py:188} INFO - [2025-03-24T23:24:56.957+0000] {dagbag.py:538} INFO - Filling up the DagBag from /home/airflow/.local/lib/python3.8/site-packages/airflow/example_dags/tutorial_objectstorage.py
[2025-03-24T23:24:56.960+0000] {processor.py:840} INFO - DAG(s) 'tutorial_objectstorage' retrieved from /home/airflow/.local/lib/python3.8/site-packages/airflow/example_dags/tutorial_objectstorage.py
[2025-03-24T23:24:57.002+0000] {logging_mixin.py:188} INFO - [2025-03-24T23:24:57.002+0000] {dag.py:3033} INFO - Sync 1 DAGs
[2025-03-24T23:24:57.007+0000] {logging_mixin.py:188} INFO - [2025-03-24T23:24:57.007+0000] {dag.py:3820} INFO - Setting next_dagrun for tutorial_objectstorage to None, run_after=None
[2025-03-24T23:24:57.014+0000] {processor.py:183} INFO - Processing /home/airflow/.local/lib/python3.8/site-packages/airflow/example_dags/tutorial_objectstorage.py took 0.062 seconds
[2025-03-24T23:25:27.893+0000] {processor.py:161} INFO - Started process (PID=180) to work on /home/airflow/.local/lib/python3.8/site-packages/airflow/example_dags/tutorial_objectstorage.py
[2025-03-24T23:25:27.894+0000] {processor.py:830} INFO - Processing file /home/airflow/.local/lib/python3.8/site-packages/airflow/example_dags/tutorial_objectstorage.py for tasks to queue
[2025-03-24T23:25:27.895+0000] {logging_mixin.py:188} INFO - [2025-03-24T23:25:27.895+0000] {dagbag.py:538} INFO - Filling up the DagBag from /home/airflow/.local/lib/python3.8/site-packages/airflow/example_dags/tutorial_objectstorage.py
[2025-03-24T23:25:27.898+0000] {processor.py:840} INFO - DAG(s) 'tutorial_objectstorage' retrieved from /home/airflow/.local/lib/python3.8/site-packages/airflow/example_dags/tutorial_objectstorage.py
[2025-03-24T23:25:27.909+0000] {logging_mixin.py:188} INFO - [2025-03-24T23:25:27.909+0000] {dag.py:3033} INFO - Sync 1 DAGs
[2025-03-24T23:25:27.915+0000] {logging_mixin.py:188} INFO - [2025-03-24T23:25:27.915+0000] {dag.py:3820} INFO - Setting next_dagrun for tutorial_objectstorage to None, run_after=None
[2025-03-24T23:25:27.925+0000] {processor.py:183} INFO - Processing /home/airflow/.local/lib/python3.8/site-packages/airflow/example_dags/tutorial_objectstorage.py took 0.034 seconds
[2025-03-24T23:25:58.395+0000] {processor.py:161} INFO - Started process (PID=235) to work on /home/airflow/.local/lib/python3.8/site-packages/airflow/example_dags/tutorial_objectstorage.py
[2025-03-24T23:25:58.397+0000] {processor.py:830} INFO - Processing file /home/airflow/.local/lib/python3.8/site-packages/airflow/example_dags/tutorial_objectstorage.py for tasks to queue
[2025-03-24T23:25:58.398+0000] {logging_mixin.py:188} INFO - [2025-03-24T23:25:58.398+0000] {dagbag.py:538} INFO - Filling up the DagBag from /home/airflow/.local/lib/python3.8/site-packages/airflow/example_dags/tutorial_objectstorage.py
[2025-03-24T23:25:58.402+0000] {processor.py:840} INFO - DAG(s) 'tutorial_objectstorage' retrieved from /home/airflow/.local/lib/python3.8/site-packages/airflow/example_dags/tutorial_objectstorage.py
[2025-03-24T23:25:58.415+0000] {logging_mixin.py:188} INFO - [2025-03-24T23:25:58.415+0000] {dag.py:3033} INFO - Sync 1 DAGs
[2025-03-24T23:25:58.420+0000] {logging_mixin.py:188} INFO - [2025-03-24T23:25:58.419+0000] {dag.py:3820} INFO - Setting next_dagrun for tutorial_objectstorage to None, run_after=None
[2025-03-24T23:25:58.430+0000] {processor.py:183} INFO - Processing /home/airflow/.local/lib/python3.8/site-packages/airflow/example_dags/tutorial_objectstorage.py took 0.036 seconds
[2025-03-24T23:26:29.129+0000] {processor.py:161} INFO - Started process (PID=296) to work on /home/airflow/.local/lib/python3.8/site-packages/airflow/example_dags/tutorial_objectstorage.py
[2025-03-24T23:26:29.129+0000] {processor.py:830} INFO - Processing file /home/airflow/.local/lib/python3.8/site-packages/airflow/example_dags/tutorial_objectstorage.py for tasks to queue
[2025-03-24T23:26:29.131+0000] {logging_mixin.py:188} INFO - [2025-03-24T23:26:29.131+0000] {dagbag.py:538} INFO - Filling up the DagBag from /home/airflow/.local/lib/python3.8/site-packages/airflow/example_dags/tutorial_objectstorage.py
[2025-03-24T23:26:29.135+0000] {processor.py:840} INFO - DAG(s) 'tutorial_objectstorage' retrieved from /home/airflow/.local/lib/python3.8/site-packages/airflow/example_dags/tutorial_objectstorage.py
[2025-03-24T23:26:29.146+0000] {logging_mixin.py:188} INFO - [2025-03-24T23:26:29.146+0000] {dag.py:3033} INFO - Sync 1 DAGs
[2025-03-24T23:26:29.155+0000] {logging_mixin.py:188} INFO - [2025-03-24T23:26:29.155+0000] {dag.py:3820} INFO - Setting next_dagrun for tutorial_objectstorage to None, run_after=None
[2025-03-24T23:26:29.168+0000] {processor.py:183} INFO - Processing /home/airflow/.local/lib/python3.8/site-packages/airflow/example_dags/tutorial_objectstorage.py took 0.041 seconds
[2025-03-24T23:26:59.695+0000] {processor.py:161} INFO - Started process (PID=351) to work on /home/airflow/.local/lib/python3.8/site-packages/airflow/example_dags/tutorial_objectstorage.py
[2025-03-24T23:26:59.696+0000] {processor.py:830} INFO - Processing file /home/airflow/.local/lib/python3.8/site-packages/airflow/example_dags/tutorial_objectstorage.py for tasks to queue
[2025-03-24T23:26:59.698+0000] {logging_mixin.py:188} INFO - [2025-03-24T23:26:59.698+0000] {dagbag.py:538} INFO - Filling up the DagBag from /home/airflow/.local/lib/python3.8/site-packages/airflow/example_dags/tutorial_objectstorage.py
[2025-03-24T23:26:59.703+0000] {processor.py:840} INFO - DAG(s) 'tutorial_objectstorage' retrieved from /home/airflow/.local/lib/python3.8/site-packages/airflow/example_dags/tutorial_objectstorage.py
[2025-03-24T23:26:59.714+0000] {logging_mixin.py:188} INFO - [2025-03-24T23:26:59.714+0000] {dag.py:3033} INFO - Sync 1 DAGs
[2025-03-24T23:26:59.720+0000] {logging_mixin.py:188} INFO - [2025-03-24T23:26:59.719+0000] {dag.py:3820} INFO - Setting next_dagrun for tutorial_objectstorage to None, run_after=None
[2025-03-24T23:26:59.731+0000] {processor.py:183} INFO - Processing /home/airflow/.local/lib/python3.8/site-packages/airflow/example_dags/tutorial_objectstorage.py took 0.038 seconds
[2025-03-24T23:27:30.329+0000] {processor.py:161} INFO - Started process (PID=406) to work on /home/airflow/.local/lib/python3.8/site-packages/airflow/example_dags/tutorial_objectstorage.py
[2025-03-24T23:27:30.330+0000] {processor.py:830} INFO - Processing file /home/airflow/.local/lib/python3.8/site-packages/airflow/example_dags/tutorial_objectstorage.py for tasks to queue
[2025-03-24T23:27:30.331+0000] {logging_mixin.py:188} INFO - [2025-03-24T23:27:30.331+0000] {dagbag.py:538} INFO - Filling up the DagBag from /home/airflow/.local/lib/python3.8/site-packages/airflow/example_dags/tutorial_objectstorage.py
[2025-03-24T23:27:30.335+0000] {processor.py:840} INFO - DAG(s) 'tutorial_objectstorage' retrieved from /home/airflow/.local/lib/python3.8/site-packages/airflow/example_dags/tutorial_objectstorage.py
[2025-03-24T23:27:30.346+0000] {logging_mixin.py:188} INFO - [2025-03-24T23:27:30.346+0000] {dag.py:3033} INFO - Sync 1 DAGs
[2025-03-24T23:27:30.353+0000] {logging_mixin.py:188} INFO - [2025-03-24T23:27:30.353+0000] {dag.py:3820} INFO - Setting next_dagrun for tutorial_objectstorage to None, run_after=None
[2025-03-24T23:27:30.363+0000] {processor.py:183} INFO - Processing /home/airflow/.local/lib/python3.8/site-packages/airflow/example_dags/tutorial_objectstorage.py took 0.036 seconds
[2025-03-24T23:28:01.047+0000] {processor.py:161} INFO - Started process (PID=461) to work on /home/airflow/.local/lib/python3.8/site-packages/airflow/example_dags/tutorial_objectstorage.py
[2025-03-24T23:28:01.048+0000] {processor.py:830} INFO - Processing file /home/airflow/.local/lib/python3.8/site-packages/airflow/example_dags/tutorial_objectstorage.py for tasks to queue
[2025-03-24T23:28:01.051+0000] {logging_mixin.py:188} INFO - [2025-03-24T23:28:01.051+0000] {dagbag.py:538} INFO - Filling up the DagBag from /home/airflow/.local/lib/python3.8/site-packages/airflow/example_dags/tutorial_objectstorage.py
[2025-03-24T23:28:01.054+0000] {processor.py:840} INFO - DAG(s) 'tutorial_objectstorage' retrieved from /home/airflow/.local/lib/python3.8/site-packages/airflow/example_dags/tutorial_objectstorage.py
[2025-03-24T23:28:01.069+0000] {logging_mixin.py:188} INFO - [2025-03-24T23:28:01.068+0000] {dag.py:3033} INFO - Sync 1 DAGs
[2025-03-24T23:28:01.074+0000] {logging_mixin.py:188} INFO - [2025-03-24T23:28:01.074+0000] {dag.py:3820} INFO - Setting next_dagrun for tutorial_objectstorage to None, run_after=None
[2025-03-24T23:28:01.086+0000] {processor.py:183} INFO - Processing /home/airflow/.local/lib/python3.8/site-packages/airflow/example_dags/tutorial_objectstorage.py took 0.041 seconds
[2025-03-24T23:28:31.783+0000] {processor.py:161} INFO - Started process (PID=516) to work on /home/airflow/.local/lib/python3.8/site-packages/airflow/example_dags/tutorial_objectstorage.py
[2025-03-24T23:28:31.784+0000] {processor.py:830} INFO - Processing file /home/airflow/.local/lib/python3.8/site-packages/airflow/example_dags/tutorial_objectstorage.py for tasks to queue
[2025-03-24T23:28:31.785+0000] {logging_mixin.py:188} INFO - [2025-03-24T23:28:31.785+0000] {dagbag.py:538} INFO - Filling up the DagBag from /home/airflow/.local/lib/python3.8/site-packages/airflow/example_dags/tutorial_objectstorage.py
[2025-03-24T23:28:31.788+0000] {processor.py:840} INFO - DAG(s) 'tutorial_objectstorage' retrieved from /home/airflow/.local/lib/python3.8/site-packages/airflow/example_dags/tutorial_objectstorage.py
[2025-03-24T23:28:31.797+0000] {logging_mixin.py:188} INFO - [2025-03-24T23:28:31.797+0000] {dag.py:3033} INFO - Sync 1 DAGs
[2025-03-24T23:28:31.802+0000] {logging_mixin.py:188} INFO - [2025-03-24T23:28:31.802+0000] {dag.py:3820} INFO - Setting next_dagrun for tutorial_objectstorage to None, run_after=None
[2025-03-24T23:28:31.814+0000] {processor.py:183} INFO - Processing /home/airflow/.local/lib/python3.8/site-packages/airflow/example_dags/tutorial_objectstorage.py took 0.032 seconds
[2025-03-24T23:29:02.567+0000] {processor.py:161} INFO - Started process (PID=571) to work on /home/airflow/.local/lib/python3.8/site-packages/airflow/example_dags/tutorial_objectstorage.py
[2025-03-24T23:29:02.568+0000] {processor.py:830} INFO - Processing file /home/airflow/.local/lib/python3.8/site-packages/airflow/example_dags/tutorial_objectstorage.py for tasks to queue
[2025-03-24T23:29:02.569+0000] {logging_mixin.py:188} INFO - [2025-03-24T23:29:02.568+0000] {dagbag.py:538} INFO - Filling up the DagBag from /home/airflow/.local/lib/python3.8/site-packages/airflow/example_dags/tutorial_objectstorage.py
[2025-03-24T23:29:02.573+0000] {processor.py:840} INFO - DAG(s) 'tutorial_objectstorage' retrieved from /home/airflow/.local/lib/python3.8/site-packages/airflow/example_dags/tutorial_objectstorage.py
[2025-03-24T23:29:02.583+0000] {logging_mixin.py:188} INFO - [2025-03-24T23:29:02.582+0000] {dag.py:3033} INFO - Sync 1 DAGs
[2025-03-24T23:29:02.588+0000] {logging_mixin.py:188} INFO - [2025-03-24T23:29:02.587+0000] {dag.py:3820} INFO - Setting next_dagrun for tutorial_objectstorage to None, run_after=None
[2025-03-24T23:29:02.597+0000] {processor.py:183} INFO - Processing /home/airflow/.local/lib/python3.8/site-packages/airflow/example_dags/tutorial_objectstorage.py took 0.032 seconds
[2025-03-24T23:29:33.289+0000] {processor.py:161} INFO - Started process (PID=626) to work on /home/airflow/.local/lib/python3.8/site-packages/airflow/example_dags/tutorial_objectstorage.py
[2025-03-24T23:29:33.291+0000] {processor.py:830} INFO - Processing file /home/airflow/.local/lib/python3.8/site-packages/airflow/example_dags/tutorial_objectstorage.py for tasks to queue
[2025-03-24T23:29:33.293+0000] {logging_mixin.py:188} INFO - [2025-03-24T23:29:33.292+0000] {dagbag.py:538} INFO - Filling up the DagBag from /home/airflow/.local/lib/python3.8/site-packages/airflow/example_dags/tutorial_objectstorage.py
[2025-03-24T23:29:33.296+0000] {processor.py:840} INFO - DAG(s) 'tutorial_objectstorage' retrieved from /home/airflow/.local/lib/python3.8/site-packages/airflow/example_dags/tutorial_objectstorage.py
[2025-03-24T23:29:33.306+0000] {logging_mixin.py:188} INFO - [2025-03-24T23:29:33.306+0000] {dag.py:3033} INFO - Sync 1 DAGs
[2025-03-24T23:29:33.312+0000] {logging_mixin.py:188} INFO - [2025-03-24T23:29:33.312+0000] {dag.py:3820} INFO - Setting next_dagrun for tutorial_objectstorage to None, run_after=None
[2025-03-24T23:29:33.320+0000] {processor.py:183} INFO - Processing /home/airflow/.local/lib/python3.8/site-packages/airflow/example_dags/tutorial_objectstorage.py took 0.034 seconds
[2025-03-24T23:30:03.954+0000] {processor.py:161} INFO - Started process (PID=681) to work on /home/airflow/.local/lib/python3.8/site-packages/airflow/example_dags/tutorial_objectstorage.py
[2025-03-24T23:30:03.955+0000] {processor.py:830} INFO - Processing file /home/airflow/.local/lib/python3.8/site-packages/airflow/example_dags/tutorial_objectstorage.py for tasks to queue
[2025-03-24T23:30:03.956+0000] {logging_mixin.py:188} INFO - [2025-03-24T23:30:03.956+0000] {dagbag.py:538} INFO - Filling up the DagBag from /home/airflow/.local/lib/python3.8/site-packages/airflow/example_dags/tutorial_objectstorage.py
[2025-03-24T23:30:03.960+0000] {processor.py:840} INFO - DAG(s) 'tutorial_objectstorage' retrieved from /home/airflow/.local/lib/python3.8/site-packages/airflow/example_dags/tutorial_objectstorage.py
[2025-03-24T23:30:03.969+0000] {logging_mixin.py:188} INFO - [2025-03-24T23:30:03.969+0000] {dag.py:3033} INFO - Sync 1 DAGs
[2025-03-24T23:30:03.975+0000] {logging_mixin.py:188} INFO - [2025-03-24T23:30:03.975+0000] {dag.py:3820} INFO - Setting next_dagrun for tutorial_objectstorage to None, run_after=None
[2025-03-24T23:30:03.983+0000] {processor.py:183} INFO - Processing /home/airflow/.local/lib/python3.8/site-packages/airflow/example_dags/tutorial_objectstorage.py took 0.030 seconds
[2025-03-24T23:30:34.511+0000] {processor.py:161} INFO - Started process (PID=736) to work on /home/airflow/.local/lib/python3.8/site-packages/airflow/example_dags/tutorial_objectstorage.py
[2025-03-24T23:30:34.511+0000] {processor.py:830} INFO - Processing file /home/airflow/.local/lib/python3.8/site-packages/airflow/example_dags/tutorial_objectstorage.py for tasks to queue
[2025-03-24T23:30:34.512+0000] {logging_mixin.py:188} INFO - [2025-03-24T23:30:34.512+0000] {dagbag.py:538} INFO - Filling up the DagBag from /home/airflow/.local/lib/python3.8/site-packages/airflow/example_dags/tutorial_objectstorage.py
[2025-03-24T23:30:34.515+0000] {processor.py:840} INFO - DAG(s) 'tutorial_objectstorage' retrieved from /home/airflow/.local/lib/python3.8/site-packages/airflow/example_dags/tutorial_objectstorage.py
[2025-03-24T23:30:34.524+0000] {logging_mixin.py:188} INFO - [2025-03-24T23:30:34.524+0000] {dag.py:3033} INFO - Sync 1 DAGs
[2025-03-24T23:30:34.529+0000] {logging_mixin.py:188} INFO - [2025-03-24T23:30:34.529+0000] {dag.py:3820} INFO - Setting next_dagrun for tutorial_objectstorage to None, run_after=None
[2025-03-24T23:30:34.537+0000] {processor.py:183} INFO - Processing /home/airflow/.local/lib/python3.8/site-packages/airflow/example_dags/tutorial_objectstorage.py took 0.027 seconds
[2025-03-24T23:31:05.381+0000] {processor.py:161} INFO - Started process (PID=791) to work on /home/airflow/.local/lib/python3.8/site-packages/airflow/example_dags/tutorial_objectstorage.py
[2025-03-24T23:31:05.381+0000] {processor.py:830} INFO - Processing file /home/airflow/.local/lib/python3.8/site-packages/airflow/example_dags/tutorial_objectstorage.py for tasks to queue
[2025-03-24T23:31:05.382+0000] {logging_mixin.py:188} INFO - [2025-03-24T23:31:05.382+0000] {dagbag.py:538} INFO - Filling up the DagBag from /home/airflow/.local/lib/python3.8/site-packages/airflow/example_dags/tutorial_objectstorage.py
[2025-03-24T23:31:05.385+0000] {processor.py:840} INFO - DAG(s) 'tutorial_objectstorage' retrieved from /home/airflow/.local/lib/python3.8/site-packages/airflow/example_dags/tutorial_objectstorage.py
[2025-03-24T23:31:05.394+0000] {logging_mixin.py:188} INFO - [2025-03-24T23:31:05.394+0000] {dag.py:3033} INFO - Sync 1 DAGs
[2025-03-24T23:31:05.400+0000] {logging_mixin.py:188} INFO - [2025-03-24T23:31:05.400+0000] {dag.py:3820} INFO - Setting next_dagrun for tutorial_objectstorage to None, run_after=None
[2025-03-24T23:31:05.408+0000] {processor.py:183} INFO - Processing /home/airflow/.local/lib/python3.8/site-packages/airflow/example_dags/tutorial_objectstorage.py took 0.029 seconds
[2025-03-24T23:31:36.161+0000] {processor.py:161} INFO - Started process (PID=846) to work on /home/airflow/.local/lib/python3.8/site-packages/airflow/example_dags/tutorial_objectstorage.py
[2025-03-24T23:31:36.162+0000] {processor.py:830} INFO - Processing file /home/airflow/.local/lib/python3.8/site-packages/airflow/example_dags/tutorial_objectstorage.py for tasks to queue
[2025-03-24T23:31:36.163+0000] {logging_mixin.py:188} INFO - [2025-03-24T23:31:36.163+0000] {dagbag.py:538} INFO - Filling up the DagBag from /home/airflow/.local/lib/python3.8/site-packages/airflow/example_dags/tutorial_objectstorage.py
[2025-03-24T23:31:36.166+0000] {processor.py:840} INFO - DAG(s) 'tutorial_objectstorage' retrieved from /home/airflow/.local/lib/python3.8/site-packages/airflow/example_dags/tutorial_objectstorage.py
[2025-03-24T23:31:36.174+0000] {logging_mixin.py:188} INFO - [2025-03-24T23:31:36.174+0000] {dag.py:3033} INFO - Sync 1 DAGs
[2025-03-24T23:31:36.179+0000] {logging_mixin.py:188} INFO - [2025-03-24T23:31:36.178+0000] {dag.py:3820} INFO - Setting next_dagrun for tutorial_objectstorage to None, run_after=None
[2025-03-24T23:31:36.187+0000] {processor.py:183} INFO - Processing /home/airflow/.local/lib/python3.8/site-packages/airflow/example_dags/tutorial_objectstorage.py took 0.028 seconds
[2025-03-24T23:32:06.979+0000] {processor.py:161} INFO - Started process (PID=901) to work on /home/airflow/.local/lib/python3.8/site-packages/airflow/example_dags/tutorial_objectstorage.py
[2025-03-24T23:32:06.980+0000] {processor.py:830} INFO - Processing file /home/airflow/.local/lib/python3.8/site-packages/airflow/example_dags/tutorial_objectstorage.py for tasks to queue
[2025-03-24T23:32:06.981+0000] {logging_mixin.py:188} INFO - [2025-03-24T23:32:06.981+0000] {dagbag.py:538} INFO - Filling up the DagBag from /home/airflow/.local/lib/python3.8/site-packages/airflow/example_dags/tutorial_objectstorage.py
[2025-03-24T23:32:06.984+0000] {processor.py:840} INFO - DAG(s) 'tutorial_objectstorage' retrieved from /home/airflow/.local/lib/python3.8/site-packages/airflow/example_dags/tutorial_objectstorage.py
[2025-03-24T23:32:06.994+0000] {logging_mixin.py:188} INFO - [2025-03-24T23:32:06.994+0000] {dag.py:3033} INFO - Sync 1 DAGs
[2025-03-24T23:32:06.999+0000] {logging_mixin.py:188} INFO - [2025-03-24T23:32:06.999+0000] {dag.py:3820} INFO - Setting next_dagrun for tutorial_objectstorage to None, run_after=None
[2025-03-24T23:32:07.007+0000] {processor.py:183} INFO - Processing /home/airflow/.local/lib/python3.8/site-packages/airflow/example_dags/tutorial_objectstorage.py took 0.030 seconds
[2025-03-24T23:32:37.911+0000] {processor.py:161} INFO - Started process (PID=956) to work on /home/airflow/.local/lib/python3.8/site-packages/airflow/example_dags/tutorial_objectstorage.py
[2025-03-24T23:32:37.912+0000] {processor.py:830} INFO - Processing file /home/airflow/.local/lib/python3.8/site-packages/airflow/example_dags/tutorial_objectstorage.py for tasks to queue
[2025-03-24T23:32:37.916+0000] {logging_mixin.py:188} INFO - [2025-03-24T23:32:37.916+0000] {dagbag.py:538} INFO - Filling up the DagBag from /home/airflow/.local/lib/python3.8/site-packages/airflow/example_dags/tutorial_objectstorage.py
[2025-03-24T23:32:37.919+0000] {processor.py:840} INFO - DAG(s) 'tutorial_objectstorage' retrieved from /home/airflow/.local/lib/python3.8/site-packages/airflow/example_dags/tutorial_objectstorage.py
[2025-03-24T23:32:37.930+0000] {logging_mixin.py:188} INFO - [2025-03-24T23:32:37.930+0000] {dag.py:3033} INFO - Sync 1 DAGs
[2025-03-24T23:32:37.936+0000] {logging_mixin.py:188} INFO - [2025-03-24T23:32:37.936+0000] {dag.py:3820} INFO - Setting next_dagrun for tutorial_objectstorage to None, run_after=None
[2025-03-24T23:32:37.944+0000] {processor.py:183} INFO - Processing /home/airflow/.local/lib/python3.8/site-packages/airflow/example_dags/tutorial_objectstorage.py took 0.034 seconds
[2025-03-24T23:33:08.546+0000] {processor.py:161} INFO - Started process (PID=1011) to work on /home/airflow/.local/lib/python3.8/site-packages/airflow/example_dags/tutorial_objectstorage.py
[2025-03-24T23:33:08.546+0000] {processor.py:830} INFO - Processing file /home/airflow/.local/lib/python3.8/site-packages/airflow/example_dags/tutorial_objectstorage.py for tasks to queue
[2025-03-24T23:33:08.548+0000] {logging_mixin.py:188} INFO - [2025-03-24T23:33:08.547+0000] {dagbag.py:538} INFO - Filling up the DagBag from /home/airflow/.local/lib/python3.8/site-packages/airflow/example_dags/tutorial_objectstorage.py
[2025-03-24T23:33:08.551+0000] {processor.py:840} INFO - DAG(s) 'tutorial_objectstorage' retrieved from /home/airflow/.local/lib/python3.8/site-packages/airflow/example_dags/tutorial_objectstorage.py
[2025-03-24T23:33:08.559+0000] {logging_mixin.py:188} INFO - [2025-03-24T23:33:08.559+0000] {dag.py:3033} INFO - Sync 1 DAGs
[2025-03-24T23:33:08.564+0000] {logging_mixin.py:188} INFO - [2025-03-24T23:33:08.563+0000] {dag.py:3820} INFO - Setting next_dagrun for tutorial_objectstorage to None, run_after=None
[2025-03-24T23:33:08.570+0000] {processor.py:183} INFO - Processing /home/airflow/.local/lib/python3.8/site-packages/airflow/example_dags/tutorial_objectstorage.py took 0.026 seconds
[2025-03-24T23:33:39.038+0000] {processor.py:161} INFO - Started process (PID=1066) to work on /home/airflow/.local/lib/python3.8/site-packages/airflow/example_dags/tutorial_objectstorage.py
[2025-03-24T23:33:39.038+0000] {processor.py:830} INFO - Processing file /home/airflow/.local/lib/python3.8/site-packages/airflow/example_dags/tutorial_objectstorage.py for tasks to queue
[2025-03-24T23:33:39.039+0000] {logging_mixin.py:188} INFO - [2025-03-24T23:33:39.039+0000] {dagbag.py:538} INFO - Filling up the DagBag from /home/airflow/.local/lib/python3.8/site-packages/airflow/example_dags/tutorial_objectstorage.py
[2025-03-24T23:33:39.042+0000] {processor.py:840} INFO - DAG(s) 'tutorial_objectstorage' retrieved from /home/airflow/.local/lib/python3.8/site-packages/airflow/example_dags/tutorial_objectstorage.py
[2025-03-24T23:33:39.051+0000] {logging_mixin.py:188} INFO - [2025-03-24T23:33:39.051+0000] {dag.py:3033} INFO - Sync 1 DAGs
[2025-03-24T23:33:39.056+0000] {logging_mixin.py:188} INFO - [2025-03-24T23:33:39.056+0000] {dag.py:3820} INFO - Setting next_dagrun for tutorial_objectstorage to None, run_after=None
[2025-03-24T23:33:39.064+0000] {processor.py:183} INFO - Processing /home/airflow/.local/lib/python3.8/site-packages/airflow/example_dags/tutorial_objectstorage.py took 0.028 seconds
[2025-03-24T23:34:09.556+0000] {processor.py:161} INFO - Started process (PID=1121) to work on /home/airflow/.local/lib/python3.8/site-packages/airflow/example_dags/tutorial_objectstorage.py
[2025-03-24T23:34:09.557+0000] {processor.py:830} INFO - Processing file /home/airflow/.local/lib/python3.8/site-packages/airflow/example_dags/tutorial_objectstorage.py for tasks to queue
[2025-03-24T23:34:09.559+0000] {logging_mixin.py:188} INFO - [2025-03-24T23:34:09.558+0000] {dagbag.py:538} INFO - Filling up the DagBag from /home/airflow/.local/lib/python3.8/site-packages/airflow/example_dags/tutorial_objectstorage.py
[2025-03-24T23:34:09.562+0000] {processor.py:840} INFO - DAG(s) 'tutorial_objectstorage' retrieved from /home/airflow/.local/lib/python3.8/site-packages/airflow/example_dags/tutorial_objectstorage.py
[2025-03-24T23:34:09.572+0000] {logging_mixin.py:188} INFO - [2025-03-24T23:34:09.572+0000] {dag.py:3033} INFO - Sync 1 DAGs
[2025-03-24T23:34:09.578+0000] {logging_mixin.py:188} INFO - [2025-03-24T23:34:09.578+0000] {dag.py:3820} INFO - Setting next_dagrun for tutorial_objectstorage to None, run_after=None
[2025-03-24T23:34:09.586+0000] {processor.py:183} INFO - Processing /home/airflow/.local/lib/python3.8/site-packages/airflow/example_dags/tutorial_objectstorage.py took 0.031 seconds
[2025-03-24T23:34:40.380+0000] {processor.py:161} INFO - Started process (PID=1176) to work on /home/airflow/.local/lib/python3.8/site-packages/airflow/example_dags/tutorial_objectstorage.py
[2025-03-24T23:34:40.381+0000] {processor.py:830} INFO - Processing file /home/airflow/.local/lib/python3.8/site-packages/airflow/example_dags/tutorial_objectstorage.py for tasks to queue
[2025-03-24T23:34:40.382+0000] {logging_mixin.py:188} INFO - [2025-03-24T23:34:40.382+0000] {dagbag.py:538} INFO - Filling up the DagBag from /home/airflow/.local/lib/python3.8/site-packages/airflow/example_dags/tutorial_objectstorage.py
[2025-03-24T23:34:40.385+0000] {processor.py:840} INFO - DAG(s) 'tutorial_objectstorage' retrieved from /home/airflow/.local/lib/python3.8/site-packages/airflow/example_dags/tutorial_objectstorage.py
[2025-03-24T23:34:40.395+0000] {logging_mixin.py:188} INFO - [2025-03-24T23:34:40.394+0000] {dag.py:3033} INFO - Sync 1 DAGs
[2025-03-24T23:34:40.400+0000] {logging_mixin.py:188} INFO - [2025-03-24T23:34:40.400+0000] {dag.py:3820} INFO - Setting next_dagrun for tutorial_objectstorage to None, run_after=None
[2025-03-24T23:34:40.408+0000] {processor.py:183} INFO - Processing /home/airflow/.local/lib/python3.8/site-packages/airflow/example_dags/tutorial_objectstorage.py took 0.029 seconds
[2025-03-24T23:35:10.496+0000] {processor.py:161} INFO - Started process (PID=1231) to work on /home/airflow/.local/lib/python3.8/site-packages/airflow/example_dags/tutorial_objectstorage.py
[2025-03-24T23:35:10.497+0000] {processor.py:830} INFO - Processing file /home/airflow/.local/lib/python3.8/site-packages/airflow/example_dags/tutorial_objectstorage.py for tasks to queue
[2025-03-24T23:35:10.500+0000] {logging_mixin.py:188} INFO - [2025-03-24T23:35:10.500+0000] {dagbag.py:538} INFO - Filling up the DagBag from /home/airflow/.local/lib/python3.8/site-packages/airflow/example_dags/tutorial_objectstorage.py
[2025-03-24T23:35:10.504+0000] {processor.py:840} INFO - DAG(s) 'tutorial_objectstorage' retrieved from /home/airflow/.local/lib/python3.8/site-packages/airflow/example_dags/tutorial_objectstorage.py
[2025-03-24T23:35:10.514+0000] {logging_mixin.py:188} INFO - [2025-03-24T23:35:10.514+0000] {dag.py:3033} INFO - Sync 1 DAGs
[2025-03-24T23:35:10.520+0000] {logging_mixin.py:188} INFO - [2025-03-24T23:35:10.520+0000] {dag.py:3820} INFO - Setting next_dagrun for tutorial_objectstorage to None, run_after=None
[2025-03-24T23:35:10.532+0000] {processor.py:183} INFO - Processing /home/airflow/.local/lib/python3.8/site-packages/airflow/example_dags/tutorial_objectstorage.py took 0.038 seconds
[2025-03-24T23:35:41.404+0000] {processor.py:161} INFO - Started process (PID=1286) to work on /home/airflow/.local/lib/python3.8/site-packages/airflow/example_dags/tutorial_objectstorage.py
[2025-03-24T23:35:41.406+0000] {processor.py:830} INFO - Processing file /home/airflow/.local/lib/python3.8/site-packages/airflow/example_dags/tutorial_objectstorage.py for tasks to queue
[2025-03-24T23:35:41.407+0000] {logging_mixin.py:188} INFO - [2025-03-24T23:35:41.407+0000] {dagbag.py:538} INFO - Filling up the DagBag from /home/airflow/.local/lib/python3.8/site-packages/airflow/example_dags/tutorial_objectstorage.py
[2025-03-24T23:35:41.409+0000] {processor.py:840} INFO - DAG(s) 'tutorial_objectstorage' retrieved from /home/airflow/.local/lib/python3.8/site-packages/airflow/example_dags/tutorial_objectstorage.py
[2025-03-24T23:35:41.418+0000] {logging_mixin.py:188} INFO - [2025-03-24T23:35:41.418+0000] {dag.py:3033} INFO - Sync 1 DAGs
[2025-03-24T23:35:41.423+0000] {logging_mixin.py:188} INFO - [2025-03-24T23:35:41.423+0000] {dag.py:3820} INFO - Setting next_dagrun for tutorial_objectstorage to None, run_after=None
[2025-03-24T23:35:41.433+0000] {processor.py:183} INFO - Processing /home/airflow/.local/lib/python3.8/site-packages/airflow/example_dags/tutorial_objectstorage.py took 0.030 seconds
[2025-03-24T23:36:12.057+0000] {processor.py:161} INFO - Started process (PID=1341) to work on /home/airflow/.local/lib/python3.8/site-packages/airflow/example_dags/tutorial_objectstorage.py
[2025-03-24T23:36:12.058+0000] {processor.py:830} INFO - Processing file /home/airflow/.local/lib/python3.8/site-packages/airflow/example_dags/tutorial_objectstorage.py for tasks to queue
[2025-03-24T23:36:12.059+0000] {logging_mixin.py:188} INFO - [2025-03-24T23:36:12.059+0000] {dagbag.py:538} INFO - Filling up the DagBag from /home/airflow/.local/lib/python3.8/site-packages/airflow/example_dags/tutorial_objectstorage.py
[2025-03-24T23:36:12.062+0000] {processor.py:840} INFO - DAG(s) 'tutorial_objectstorage' retrieved from /home/airflow/.local/lib/python3.8/site-packages/airflow/example_dags/tutorial_objectstorage.py
[2025-03-24T23:36:12.072+0000] {logging_mixin.py:188} INFO - [2025-03-24T23:36:12.072+0000] {dag.py:3033} INFO - Sync 1 DAGs
[2025-03-24T23:36:12.076+0000] {logging_mixin.py:188} INFO - [2025-03-24T23:36:12.076+0000] {dag.py:3820} INFO - Setting next_dagrun for tutorial_objectstorage to None, run_after=None
[2025-03-24T23:36:12.084+0000] {processor.py:183} INFO - Processing /home/airflow/.local/lib/python3.8/site-packages/airflow/example_dags/tutorial_objectstorage.py took 0.028 seconds
[2025-03-24T23:36:42.785+0000] {processor.py:161} INFO - Started process (PID=1396) to work on /home/airflow/.local/lib/python3.8/site-packages/airflow/example_dags/tutorial_objectstorage.py
[2025-03-24T23:36:42.786+0000] {processor.py:830} INFO - Processing file /home/airflow/.local/lib/python3.8/site-packages/airflow/example_dags/tutorial_objectstorage.py for tasks to queue
[2025-03-24T23:36:42.787+0000] {logging_mixin.py:188} INFO - [2025-03-24T23:36:42.787+0000] {dagbag.py:538} INFO - Filling up the DagBag from /home/airflow/.local/lib/python3.8/site-packages/airflow/example_dags/tutorial_objectstorage.py
[2025-03-24T23:36:42.792+0000] {processor.py:840} INFO - DAG(s) 'tutorial_objectstorage' retrieved from /home/airflow/.local/lib/python3.8/site-packages/airflow/example_dags/tutorial_objectstorage.py
[2025-03-24T23:36:42.802+0000] {logging_mixin.py:188} INFO - [2025-03-24T23:36:42.802+0000] {dag.py:3033} INFO - Sync 1 DAGs
[2025-03-24T23:36:42.809+0000] {logging_mixin.py:188} INFO - [2025-03-24T23:36:42.809+0000] {dag.py:3820} INFO - Setting next_dagrun for tutorial_objectstorage to None, run_after=None
[2025-03-24T23:36:42.818+0000] {processor.py:183} INFO - Processing /home/airflow/.local/lib/python3.8/site-packages/airflow/example_dags/tutorial_objectstorage.py took 0.035 seconds
[2025-03-24T23:37:13.644+0000] {processor.py:161} INFO - Started process (PID=1451) to work on /home/airflow/.local/lib/python3.8/site-packages/airflow/example_dags/tutorial_objectstorage.py
[2025-03-24T23:37:13.645+0000] {processor.py:830} INFO - Processing file /home/airflow/.local/lib/python3.8/site-packages/airflow/example_dags/tutorial_objectstorage.py for tasks to queue
[2025-03-24T23:37:13.646+0000] {logging_mixin.py:188} INFO - [2025-03-24T23:37:13.646+0000] {dagbag.py:538} INFO - Filling up the DagBag from /home/airflow/.local/lib/python3.8/site-packages/airflow/example_dags/tutorial_objectstorage.py
[2025-03-24T23:37:13.649+0000] {processor.py:840} INFO - DAG(s) 'tutorial_objectstorage' retrieved from /home/airflow/.local/lib/python3.8/site-packages/airflow/example_dags/tutorial_objectstorage.py
[2025-03-24T23:37:13.660+0000] {logging_mixin.py:188} INFO - [2025-03-24T23:37:13.660+0000] {dag.py:3033} INFO - Sync 1 DAGs
[2025-03-24T23:37:13.666+0000] {logging_mixin.py:188} INFO - [2025-03-24T23:37:13.666+0000] {dag.py:3820} INFO - Setting next_dagrun for tutorial_objectstorage to None, run_after=None
[2025-03-24T23:37:13.677+0000] {processor.py:183} INFO - Processing /home/airflow/.local/lib/python3.8/site-packages/airflow/example_dags/tutorial_objectstorage.py took 0.035 seconds
[2025-03-24T23:37:44.512+0000] {processor.py:161} INFO - Started process (PID=1506) to work on /home/airflow/.local/lib/python3.8/site-packages/airflow/example_dags/tutorial_objectstorage.py
[2025-03-24T23:37:44.514+0000] {processor.py:830} INFO - Processing file /home/airflow/.local/lib/python3.8/site-packages/airflow/example_dags/tutorial_objectstorage.py for tasks to queue
[2025-03-24T23:37:44.515+0000] {logging_mixin.py:188} INFO - [2025-03-24T23:37:44.515+0000] {dagbag.py:538} INFO - Filling up the DagBag from /home/airflow/.local/lib/python3.8/site-packages/airflow/example_dags/tutorial_objectstorage.py
[2025-03-24T23:37:44.519+0000] {processor.py:840} INFO - DAG(s) 'tutorial_objectstorage' retrieved from /home/airflow/.local/lib/python3.8/site-packages/airflow/example_dags/tutorial_objectstorage.py
[2025-03-24T23:37:44.528+0000] {logging_mixin.py:188} INFO - [2025-03-24T23:37:44.528+0000] {dag.py:3033} INFO - Sync 1 DAGs
[2025-03-24T23:37:44.535+0000] {logging_mixin.py:188} INFO - [2025-03-24T23:37:44.535+0000] {dag.py:3820} INFO - Setting next_dagrun for tutorial_objectstorage to None, run_after=None
[2025-03-24T23:37:44.545+0000] {processor.py:183} INFO - Processing /home/airflow/.local/lib/python3.8/site-packages/airflow/example_dags/tutorial_objectstorage.py took 0.035 seconds
[2025-03-24T23:38:15.220+0000] {processor.py:161} INFO - Started process (PID=1561) to work on /home/airflow/.local/lib/python3.8/site-packages/airflow/example_dags/tutorial_objectstorage.py
[2025-03-24T23:38:15.220+0000] {processor.py:830} INFO - Processing file /home/airflow/.local/lib/python3.8/site-packages/airflow/example_dags/tutorial_objectstorage.py for tasks to queue
[2025-03-24T23:38:15.221+0000] {logging_mixin.py:188} INFO - [2025-03-24T23:38:15.221+0000] {dagbag.py:538} INFO - Filling up the DagBag from /home/airflow/.local/lib/python3.8/site-packages/airflow/example_dags/tutorial_objectstorage.py
[2025-03-24T23:38:15.224+0000] {processor.py:840} INFO - DAG(s) 'tutorial_objectstorage' retrieved from /home/airflow/.local/lib/python3.8/site-packages/airflow/example_dags/tutorial_objectstorage.py
[2025-03-24T23:38:15.231+0000] {logging_mixin.py:188} INFO - [2025-03-24T23:38:15.231+0000] {dag.py:3033} INFO - Sync 1 DAGs
[2025-03-24T23:38:15.236+0000] {logging_mixin.py:188} INFO - [2025-03-24T23:38:15.236+0000] {dag.py:3820} INFO - Setting next_dagrun for tutorial_objectstorage to None, run_after=None
[2025-03-24T23:38:15.242+0000] {processor.py:183} INFO - Processing /home/airflow/.local/lib/python3.8/site-packages/airflow/example_dags/tutorial_objectstorage.py took 0.023 seconds
[2025-03-24T23:38:45.893+0000] {processor.py:161} INFO - Started process (PID=1616) to work on /home/airflow/.local/lib/python3.8/site-packages/airflow/example_dags/tutorial_objectstorage.py
[2025-03-24T23:38:45.894+0000] {processor.py:830} INFO - Processing file /home/airflow/.local/lib/python3.8/site-packages/airflow/example_dags/tutorial_objectstorage.py for tasks to queue
[2025-03-24T23:38:45.895+0000] {logging_mixin.py:188} INFO - [2025-03-24T23:38:45.895+0000] {dagbag.py:538} INFO - Filling up the DagBag from /home/airflow/.local/lib/python3.8/site-packages/airflow/example_dags/tutorial_objectstorage.py
[2025-03-24T23:38:45.898+0000] {processor.py:840} INFO - DAG(s) 'tutorial_objectstorage' retrieved from /home/airflow/.local/lib/python3.8/site-packages/airflow/example_dags/tutorial_objectstorage.py
[2025-03-24T23:38:45.909+0000] {logging_mixin.py:188} INFO - [2025-03-24T23:38:45.908+0000] {dag.py:3033} INFO - Sync 1 DAGs
[2025-03-24T23:38:45.915+0000] {logging_mixin.py:188} INFO - [2025-03-24T23:38:45.914+0000] {dag.py:3820} INFO - Setting next_dagrun for tutorial_objectstorage to None, run_after=None
[2025-03-24T23:38:45.928+0000] {processor.py:183} INFO - Processing /home/airflow/.local/lib/python3.8/site-packages/airflow/example_dags/tutorial_objectstorage.py took 0.037 seconds
[2025-03-24T23:39:16.793+0000] {processor.py:161} INFO - Started process (PID=1671) to work on /home/airflow/.local/lib/python3.8/site-packages/airflow/example_dags/tutorial_objectstorage.py
[2025-03-24T23:39:16.794+0000] {processor.py:830} INFO - Processing file /home/airflow/.local/lib/python3.8/site-packages/airflow/example_dags/tutorial_objectstorage.py for tasks to queue
[2025-03-24T23:39:16.795+0000] {logging_mixin.py:188} INFO - [2025-03-24T23:39:16.795+0000] {dagbag.py:538} INFO - Filling up the DagBag from /home/airflow/.local/lib/python3.8/site-packages/airflow/example_dags/tutorial_objectstorage.py
[2025-03-24T23:39:16.798+0000] {processor.py:840} INFO - DAG(s) 'tutorial_objectstorage' retrieved from /home/airflow/.local/lib/python3.8/site-packages/airflow/example_dags/tutorial_objectstorage.py
[2025-03-24T23:39:16.820+0000] {logging_mixin.py:188} INFO - [2025-03-24T23:39:16.820+0000] {dag.py:3033} INFO - Sync 1 DAGs
[2025-03-24T23:39:16.829+0000] {logging_mixin.py:188} INFO - [2025-03-24T23:39:16.828+0000] {dag.py:3820} INFO - Setting next_dagrun for tutorial_objectstorage to None, run_after=None
[2025-03-24T23:39:16.843+0000] {processor.py:183} INFO - Processing /home/airflow/.local/lib/python3.8/site-packages/airflow/example_dags/tutorial_objectstorage.py took 0.052 seconds
[2025-03-24T23:39:47.654+0000] {processor.py:161} INFO - Started process (PID=1726) to work on /home/airflow/.local/lib/python3.8/site-packages/airflow/example_dags/tutorial_objectstorage.py
[2025-03-24T23:39:47.655+0000] {processor.py:830} INFO - Processing file /home/airflow/.local/lib/python3.8/site-packages/airflow/example_dags/tutorial_objectstorage.py for tasks to queue
[2025-03-24T23:39:47.656+0000] {logging_mixin.py:188} INFO - [2025-03-24T23:39:47.656+0000] {dagbag.py:538} INFO - Filling up the DagBag from /home/airflow/.local/lib/python3.8/site-packages/airflow/example_dags/tutorial_objectstorage.py
[2025-03-24T23:39:47.659+0000] {processor.py:840} INFO - DAG(s) 'tutorial_objectstorage' retrieved from /home/airflow/.local/lib/python3.8/site-packages/airflow/example_dags/tutorial_objectstorage.py
[2025-03-24T23:39:47.668+0000] {logging_mixin.py:188} INFO - [2025-03-24T23:39:47.668+0000] {dag.py:3033} INFO - Sync 1 DAGs
[2025-03-24T23:39:47.673+0000] {logging_mixin.py:188} INFO - [2025-03-24T23:39:47.673+0000] {dag.py:3820} INFO - Setting next_dagrun for tutorial_objectstorage to None, run_after=None
[2025-03-24T23:39:47.683+0000] {processor.py:183} INFO - Processing /home/airflow/.local/lib/python3.8/site-packages/airflow/example_dags/tutorial_objectstorage.py took 0.031 seconds
[2025-03-24T23:40:18.172+0000] {processor.py:161} INFO - Started process (PID=1781) to work on /home/airflow/.local/lib/python3.8/site-packages/airflow/example_dags/tutorial_objectstorage.py
[2025-03-24T23:40:18.172+0000] {processor.py:830} INFO - Processing file /home/airflow/.local/lib/python3.8/site-packages/airflow/example_dags/tutorial_objectstorage.py for tasks to queue
[2025-03-24T23:40:18.173+0000] {logging_mixin.py:188} INFO - [2025-03-24T23:40:18.173+0000] {dagbag.py:538} INFO - Filling up the DagBag from /home/airflow/.local/lib/python3.8/site-packages/airflow/example_dags/tutorial_objectstorage.py
[2025-03-24T23:40:18.177+0000] {processor.py:840} INFO - DAG(s) 'tutorial_objectstorage' retrieved from /home/airflow/.local/lib/python3.8/site-packages/airflow/example_dags/tutorial_objectstorage.py
[2025-03-24T23:40:18.185+0000] {logging_mixin.py:188} INFO - [2025-03-24T23:40:18.185+0000] {dag.py:3033} INFO - Sync 1 DAGs
[2025-03-24T23:40:18.191+0000] {logging_mixin.py:188} INFO - [2025-03-24T23:40:18.191+0000] {dag.py:3820} INFO - Setting next_dagrun for tutorial_objectstorage to None, run_after=None
[2025-03-24T23:40:18.199+0000] {processor.py:183} INFO - Processing /home/airflow/.local/lib/python3.8/site-packages/airflow/example_dags/tutorial_objectstorage.py took 0.029 seconds
[2025-03-24T23:40:48.757+0000] {processor.py:161} INFO - Started process (PID=1836) to work on /home/airflow/.local/lib/python3.8/site-packages/airflow/example_dags/tutorial_objectstorage.py
[2025-03-24T23:40:48.757+0000] {processor.py:830} INFO - Processing file /home/airflow/.local/lib/python3.8/site-packages/airflow/example_dags/tutorial_objectstorage.py for tasks to queue
[2025-03-24T23:40:48.758+0000] {logging_mixin.py:188} INFO - [2025-03-24T23:40:48.758+0000] {dagbag.py:538} INFO - Filling up the DagBag from /home/airflow/.local/lib/python3.8/site-packages/airflow/example_dags/tutorial_objectstorage.py
[2025-03-24T23:40:48.761+0000] {processor.py:840} INFO - DAG(s) 'tutorial_objectstorage' retrieved from /home/airflow/.local/lib/python3.8/site-packages/airflow/example_dags/tutorial_objectstorage.py
[2025-03-24T23:40:48.770+0000] {logging_mixin.py:188} INFO - [2025-03-24T23:40:48.770+0000] {dag.py:3033} INFO - Sync 1 DAGs
[2025-03-24T23:40:48.775+0000] {logging_mixin.py:188} INFO - [2025-03-24T23:40:48.775+0000] {dag.py:3820} INFO - Setting next_dagrun for tutorial_objectstorage to None, run_after=None
[2025-03-24T23:40:48.782+0000] {processor.py:183} INFO - Processing /home/airflow/.local/lib/python3.8/site-packages/airflow/example_dags/tutorial_objectstorage.py took 0.026 seconds
[2025-03-24T23:41:19.386+0000] {processor.py:161} INFO - Started process (PID=1891) to work on /home/airflow/.local/lib/python3.8/site-packages/airflow/example_dags/tutorial_objectstorage.py
[2025-03-24T23:41:19.387+0000] {processor.py:830} INFO - Processing file /home/airflow/.local/lib/python3.8/site-packages/airflow/example_dags/tutorial_objectstorage.py for tasks to queue
[2025-03-24T23:41:19.388+0000] {logging_mixin.py:188} INFO - [2025-03-24T23:41:19.388+0000] {dagbag.py:538} INFO - Filling up the DagBag from /home/airflow/.local/lib/python3.8/site-packages/airflow/example_dags/tutorial_objectstorage.py
[2025-03-24T23:41:19.391+0000] {processor.py:840} INFO - DAG(s) 'tutorial_objectstorage' retrieved from /home/airflow/.local/lib/python3.8/site-packages/airflow/example_dags/tutorial_objectstorage.py
[2025-03-24T23:41:19.417+0000] {logging_mixin.py:188} INFO - [2025-03-24T23:41:19.417+0000] {dag.py:3033} INFO - Sync 1 DAGs
[2025-03-24T23:41:19.425+0000] {logging_mixin.py:188} INFO - [2025-03-24T23:41:19.425+0000] {dag.py:3820} INFO - Setting next_dagrun for tutorial_objectstorage to None, run_after=None
[2025-03-24T23:41:19.433+0000] {processor.py:183} INFO - Processing /home/airflow/.local/lib/python3.8/site-packages/airflow/example_dags/tutorial_objectstorage.py took 0.049 seconds
[2025-03-24T23:41:50.052+0000] {processor.py:161} INFO - Started process (PID=1946) to work on /home/airflow/.local/lib/python3.8/site-packages/airflow/example_dags/tutorial_objectstorage.py
[2025-03-24T23:41:50.052+0000] {processor.py:830} INFO - Processing file /home/airflow/.local/lib/python3.8/site-packages/airflow/example_dags/tutorial_objectstorage.py for tasks to queue
[2025-03-24T23:41:50.053+0000] {logging_mixin.py:188} INFO - [2025-03-24T23:41:50.053+0000] {dagbag.py:538} INFO - Filling up the DagBag from /home/airflow/.local/lib/python3.8/site-packages/airflow/example_dags/tutorial_objectstorage.py
[2025-03-24T23:41:50.057+0000] {processor.py:840} INFO - DAG(s) 'tutorial_objectstorage' retrieved from /home/airflow/.local/lib/python3.8/site-packages/airflow/example_dags/tutorial_objectstorage.py
[2025-03-24T23:41:50.067+0000] {logging_mixin.py:188} INFO - [2025-03-24T23:41:50.067+0000] {dag.py:3033} INFO - Sync 1 DAGs
[2025-03-24T23:41:50.073+0000] {logging_mixin.py:188} INFO - [2025-03-24T23:41:50.073+0000] {dag.py:3820} INFO - Setting next_dagrun for tutorial_objectstorage to None, run_after=None
[2025-03-24T23:41:50.081+0000] {processor.py:183} INFO - Processing /home/airflow/.local/lib/python3.8/site-packages/airflow/example_dags/tutorial_objectstorage.py took 0.031 seconds
[2025-03-24T23:42:20.599+0000] {processor.py:161} INFO - Started process (PID=2001) to work on /home/airflow/.local/lib/python3.8/site-packages/airflow/example_dags/tutorial_objectstorage.py
[2025-03-24T23:42:20.600+0000] {processor.py:830} INFO - Processing file /home/airflow/.local/lib/python3.8/site-packages/airflow/example_dags/tutorial_objectstorage.py for tasks to queue
[2025-03-24T23:42:20.601+0000] {logging_mixin.py:188} INFO - [2025-03-24T23:42:20.600+0000] {dagbag.py:538} INFO - Filling up the DagBag from /home/airflow/.local/lib/python3.8/site-packages/airflow/example_dags/tutorial_objectstorage.py
[2025-03-24T23:42:20.604+0000] {processor.py:840} INFO - DAG(s) 'tutorial_objectstorage' retrieved from /home/airflow/.local/lib/python3.8/site-packages/airflow/example_dags/tutorial_objectstorage.py
[2025-03-24T23:42:20.613+0000] {logging_mixin.py:188} INFO - [2025-03-24T23:42:20.612+0000] {dag.py:3033} INFO - Sync 1 DAGs
[2025-03-24T23:42:20.618+0000] {logging_mixin.py:188} INFO - [2025-03-24T23:42:20.618+0000] {dag.py:3820} INFO - Setting next_dagrun for tutorial_objectstorage to None, run_after=None
[2025-03-24T23:42:20.626+0000] {processor.py:183} INFO - Processing /home/airflow/.local/lib/python3.8/site-packages/airflow/example_dags/tutorial_objectstorage.py took 0.028 seconds
[2025-03-24T23:42:51.068+0000] {processor.py:161} INFO - Started process (PID=2056) to work on /home/airflow/.local/lib/python3.8/site-packages/airflow/example_dags/tutorial_objectstorage.py
[2025-03-24T23:42:51.068+0000] {processor.py:830} INFO - Processing file /home/airflow/.local/lib/python3.8/site-packages/airflow/example_dags/tutorial_objectstorage.py for tasks to queue
[2025-03-24T23:42:51.069+0000] {logging_mixin.py:188} INFO - [2025-03-24T23:42:51.069+0000] {dagbag.py:538} INFO - Filling up the DagBag from /home/airflow/.local/lib/python3.8/site-packages/airflow/example_dags/tutorial_objectstorage.py
[2025-03-24T23:42:51.073+0000] {processor.py:840} INFO - DAG(s) 'tutorial_objectstorage' retrieved from /home/airflow/.local/lib/python3.8/site-packages/airflow/example_dags/tutorial_objectstorage.py
[2025-03-24T23:42:51.081+0000] {logging_mixin.py:188} INFO - [2025-03-24T23:42:51.081+0000] {dag.py:3033} INFO - Sync 1 DAGs
[2025-03-24T23:42:51.086+0000] {logging_mixin.py:188} INFO - [2025-03-24T23:42:51.086+0000] {dag.py:3820} INFO - Setting next_dagrun for tutorial_objectstorage to None, run_after=None
[2025-03-24T23:42:51.096+0000] {processor.py:183} INFO - Processing /home/airflow/.local/lib/python3.8/site-packages/airflow/example_dags/tutorial_objectstorage.py took 0.029 seconds
[2025-03-24T23:43:21.642+0000] {processor.py:161} INFO - Started process (PID=2111) to work on /home/airflow/.local/lib/python3.8/site-packages/airflow/example_dags/tutorial_objectstorage.py
[2025-03-24T23:43:21.642+0000] {processor.py:830} INFO - Processing file /home/airflow/.local/lib/python3.8/site-packages/airflow/example_dags/tutorial_objectstorage.py for tasks to queue
[2025-03-24T23:43:21.643+0000] {logging_mixin.py:188} INFO - [2025-03-24T23:43:21.643+0000] {dagbag.py:538} INFO - Filling up the DagBag from /home/airflow/.local/lib/python3.8/site-packages/airflow/example_dags/tutorial_objectstorage.py
[2025-03-24T23:43:21.646+0000] {processor.py:840} INFO - DAG(s) 'tutorial_objectstorage' retrieved from /home/airflow/.local/lib/python3.8/site-packages/airflow/example_dags/tutorial_objectstorage.py
[2025-03-24T23:43:21.655+0000] {logging_mixin.py:188} INFO - [2025-03-24T23:43:21.654+0000] {dag.py:3033} INFO - Sync 1 DAGs
[2025-03-24T23:43:21.660+0000] {logging_mixin.py:188} INFO - [2025-03-24T23:43:21.660+0000] {dag.py:3820} INFO - Setting next_dagrun for tutorial_objectstorage to None, run_after=None
[2025-03-24T23:43:21.666+0000] {processor.py:183} INFO - Processing /home/airflow/.local/lib/python3.8/site-packages/airflow/example_dags/tutorial_objectstorage.py took 0.026 seconds
[2025-03-24T23:43:52.289+0000] {processor.py:161} INFO - Started process (PID=2166) to work on /home/airflow/.local/lib/python3.8/site-packages/airflow/example_dags/tutorial_objectstorage.py
[2025-03-24T23:43:52.289+0000] {processor.py:830} INFO - Processing file /home/airflow/.local/lib/python3.8/site-packages/airflow/example_dags/tutorial_objectstorage.py for tasks to queue
[2025-03-24T23:43:52.290+0000] {logging_mixin.py:188} INFO - [2025-03-24T23:43:52.290+0000] {dagbag.py:538} INFO - Filling up the DagBag from /home/airflow/.local/lib/python3.8/site-packages/airflow/example_dags/tutorial_objectstorage.py
[2025-03-24T23:43:52.293+0000] {processor.py:840} INFO - DAG(s) 'tutorial_objectstorage' retrieved from /home/airflow/.local/lib/python3.8/site-packages/airflow/example_dags/tutorial_objectstorage.py
[2025-03-24T23:43:52.302+0000] {logging_mixin.py:188} INFO - [2025-03-24T23:43:52.302+0000] {dag.py:3033} INFO - Sync 1 DAGs
[2025-03-24T23:43:52.308+0000] {logging_mixin.py:188} INFO - [2025-03-24T23:43:52.308+0000] {dag.py:3820} INFO - Setting next_dagrun for tutorial_objectstorage to None, run_after=None
[2025-03-24T23:43:52.319+0000] {processor.py:183} INFO - Processing /home/airflow/.local/lib/python3.8/site-packages/airflow/example_dags/tutorial_objectstorage.py took 0.031 seconds
[2025-03-24T23:44:22.949+0000] {processor.py:161} INFO - Started process (PID=2221) to work on /home/airflow/.local/lib/python3.8/site-packages/airflow/example_dags/tutorial_objectstorage.py
[2025-03-24T23:44:22.950+0000] {processor.py:830} INFO - Processing file /home/airflow/.local/lib/python3.8/site-packages/airflow/example_dags/tutorial_objectstorage.py for tasks to queue
[2025-03-24T23:44:22.951+0000] {logging_mixin.py:188} INFO - [2025-03-24T23:44:22.950+0000] {dagbag.py:538} INFO - Filling up the DagBag from /home/airflow/.local/lib/python3.8/site-packages/airflow/example_dags/tutorial_objectstorage.py
[2025-03-24T23:44:22.954+0000] {processor.py:840} INFO - DAG(s) 'tutorial_objectstorage' retrieved from /home/airflow/.local/lib/python3.8/site-packages/airflow/example_dags/tutorial_objectstorage.py
[2025-03-24T23:44:22.963+0000] {logging_mixin.py:188} INFO - [2025-03-24T23:44:22.963+0000] {dag.py:3033} INFO - Sync 1 DAGs
[2025-03-24T23:44:22.968+0000] {logging_mixin.py:188} INFO - [2025-03-24T23:44:22.968+0000] {dag.py:3820} INFO - Setting next_dagrun for tutorial_objectstorage to None, run_after=None
[2025-03-24T23:44:22.976+0000] {processor.py:183} INFO - Processing /home/airflow/.local/lib/python3.8/site-packages/airflow/example_dags/tutorial_objectstorage.py took 0.028 seconds
[2025-03-24T23:44:53.623+0000] {processor.py:161} INFO - Started process (PID=2276) to work on /home/airflow/.local/lib/python3.8/site-packages/airflow/example_dags/tutorial_objectstorage.py
[2025-03-24T23:44:53.624+0000] {processor.py:830} INFO - Processing file /home/airflow/.local/lib/python3.8/site-packages/airflow/example_dags/tutorial_objectstorage.py for tasks to queue
[2025-03-24T23:44:53.625+0000] {logging_mixin.py:188} INFO - [2025-03-24T23:44:53.625+0000] {dagbag.py:538} INFO - Filling up the DagBag from /home/airflow/.local/lib/python3.8/site-packages/airflow/example_dags/tutorial_objectstorage.py
[2025-03-24T23:44:53.628+0000] {processor.py:840} INFO - DAG(s) 'tutorial_objectstorage' retrieved from /home/airflow/.local/lib/python3.8/site-packages/airflow/example_dags/tutorial_objectstorage.py
[2025-03-24T23:44:53.643+0000] {logging_mixin.py:188} INFO - [2025-03-24T23:44:53.643+0000] {dag.py:3033} INFO - Sync 1 DAGs
[2025-03-24T23:44:53.649+0000] {logging_mixin.py:188} INFO - [2025-03-24T23:44:53.649+0000] {dag.py:3820} INFO - Setting next_dagrun for tutorial_objectstorage to None, run_after=None
[2025-03-24T23:44:53.657+0000] {processor.py:183} INFO - Processing /home/airflow/.local/lib/python3.8/site-packages/airflow/example_dags/tutorial_objectstorage.py took 0.035 seconds
[2025-03-24T23:45:24.076+0000] {processor.py:161} INFO - Started process (PID=2331) to work on /home/airflow/.local/lib/python3.8/site-packages/airflow/example_dags/tutorial_objectstorage.py
[2025-03-24T23:45:24.076+0000] {processor.py:830} INFO - Processing file /home/airflow/.local/lib/python3.8/site-packages/airflow/example_dags/tutorial_objectstorage.py for tasks to queue
[2025-03-24T23:45:24.079+0000] {logging_mixin.py:188} INFO - [2025-03-24T23:45:24.079+0000] {dagbag.py:538} INFO - Filling up the DagBag from /home/airflow/.local/lib/python3.8/site-packages/airflow/example_dags/tutorial_objectstorage.py
[2025-03-24T23:45:24.082+0000] {processor.py:840} INFO - DAG(s) 'tutorial_objectstorage' retrieved from /home/airflow/.local/lib/python3.8/site-packages/airflow/example_dags/tutorial_objectstorage.py
[2025-03-24T23:45:24.090+0000] {logging_mixin.py:188} INFO - [2025-03-24T23:45:24.089+0000] {dag.py:3033} INFO - Sync 1 DAGs
[2025-03-24T23:45:24.095+0000] {logging_mixin.py:188} INFO - [2025-03-24T23:45:24.094+0000] {dag.py:3820} INFO - Setting next_dagrun for tutorial_objectstorage to None, run_after=None
[2025-03-24T23:45:24.101+0000] {processor.py:183} INFO - Processing /home/airflow/.local/lib/python3.8/site-packages/airflow/example_dags/tutorial_objectstorage.py took 0.027 seconds
[2025-03-24T23:45:54.716+0000] {processor.py:161} INFO - Started process (PID=2385) to work on /home/airflow/.local/lib/python3.8/site-packages/airflow/example_dags/tutorial_objectstorage.py
[2025-03-24T23:45:54.717+0000] {processor.py:830} INFO - Processing file /home/airflow/.local/lib/python3.8/site-packages/airflow/example_dags/tutorial_objectstorage.py for tasks to queue
[2025-03-24T23:45:54.718+0000] {logging_mixin.py:188} INFO - [2025-03-24T23:45:54.718+0000] {dagbag.py:538} INFO - Filling up the DagBag from /home/airflow/.local/lib/python3.8/site-packages/airflow/example_dags/tutorial_objectstorage.py
[2025-03-24T23:45:54.721+0000] {processor.py:840} INFO - DAG(s) 'tutorial_objectstorage' retrieved from /home/airflow/.local/lib/python3.8/site-packages/airflow/example_dags/tutorial_objectstorage.py
[2025-03-24T23:45:54.730+0000] {logging_mixin.py:188} INFO - [2025-03-24T23:45:54.730+0000] {dag.py:3033} INFO - Sync 1 DAGs
[2025-03-24T23:45:54.735+0000] {logging_mixin.py:188} INFO - [2025-03-24T23:45:54.735+0000] {dag.py:3820} INFO - Setting next_dagrun for tutorial_objectstorage to None, run_after=None
[2025-03-24T23:45:54.743+0000] {processor.py:183} INFO - Processing /home/airflow/.local/lib/python3.8/site-packages/airflow/example_dags/tutorial_objectstorage.py took 0.028 seconds
[2025-03-24T23:46:25.630+0000] {processor.py:161} INFO - Started process (PID=2440) to work on /home/airflow/.local/lib/python3.8/site-packages/airflow/example_dags/tutorial_objectstorage.py
[2025-03-24T23:46:25.630+0000] {processor.py:830} INFO - Processing file /home/airflow/.local/lib/python3.8/site-packages/airflow/example_dags/tutorial_objectstorage.py for tasks to queue
[2025-03-24T23:46:25.631+0000] {logging_mixin.py:188} INFO - [2025-03-24T23:46:25.631+0000] {dagbag.py:538} INFO - Filling up the DagBag from /home/airflow/.local/lib/python3.8/site-packages/airflow/example_dags/tutorial_objectstorage.py
[2025-03-24T23:46:25.634+0000] {processor.py:840} INFO - DAG(s) 'tutorial_objectstorage' retrieved from /home/airflow/.local/lib/python3.8/site-packages/airflow/example_dags/tutorial_objectstorage.py
[2025-03-24T23:46:25.643+0000] {logging_mixin.py:188} INFO - [2025-03-24T23:46:25.642+0000] {dag.py:3033} INFO - Sync 1 DAGs
[2025-03-24T23:46:25.648+0000] {logging_mixin.py:188} INFO - [2025-03-24T23:46:25.648+0000] {dag.py:3820} INFO - Setting next_dagrun for tutorial_objectstorage to None, run_after=None
[2025-03-24T23:46:25.655+0000] {processor.py:183} INFO - Processing /home/airflow/.local/lib/python3.8/site-packages/airflow/example_dags/tutorial_objectstorage.py took 0.026 seconds
[2025-03-24T23:46:56.519+0000] {processor.py:161} INFO - Started process (PID=2495) to work on /home/airflow/.local/lib/python3.8/site-packages/airflow/example_dags/tutorial_objectstorage.py
[2025-03-24T23:46:56.520+0000] {processor.py:830} INFO - Processing file /home/airflow/.local/lib/python3.8/site-packages/airflow/example_dags/tutorial_objectstorage.py for tasks to queue
[2025-03-24T23:46:56.521+0000] {logging_mixin.py:188} INFO - [2025-03-24T23:46:56.521+0000] {dagbag.py:538} INFO - Filling up the DagBag from /home/airflow/.local/lib/python3.8/site-packages/airflow/example_dags/tutorial_objectstorage.py
[2025-03-24T23:46:56.524+0000] {processor.py:840} INFO - DAG(s) 'tutorial_objectstorage' retrieved from /home/airflow/.local/lib/python3.8/site-packages/airflow/example_dags/tutorial_objectstorage.py
[2025-03-24T23:46:56.533+0000] {logging_mixin.py:188} INFO - [2025-03-24T23:46:56.532+0000] {dag.py:3033} INFO - Sync 1 DAGs
[2025-03-24T23:46:56.537+0000] {logging_mixin.py:188} INFO - [2025-03-24T23:46:56.537+0000] {dag.py:3820} INFO - Setting next_dagrun for tutorial_objectstorage to None, run_after=None
[2025-03-24T23:46:56.544+0000] {processor.py:183} INFO - Processing /home/airflow/.local/lib/python3.8/site-packages/airflow/example_dags/tutorial_objectstorage.py took 0.026 seconds
[2025-03-24T23:47:27.634+0000] {processor.py:161} INFO - Started process (PID=2550) to work on /home/airflow/.local/lib/python3.8/site-packages/airflow/example_dags/tutorial_objectstorage.py
[2025-03-24T23:47:27.634+0000] {processor.py:830} INFO - Processing file /home/airflow/.local/lib/python3.8/site-packages/airflow/example_dags/tutorial_objectstorage.py for tasks to queue
[2025-03-24T23:47:27.636+0000] {logging_mixin.py:188} INFO - [2025-03-24T23:47:27.636+0000] {dagbag.py:538} INFO - Filling up the DagBag from /home/airflow/.local/lib/python3.8/site-packages/airflow/example_dags/tutorial_objectstorage.py
[2025-03-24T23:47:27.640+0000] {processor.py:840} INFO - DAG(s) 'tutorial_objectstorage' retrieved from /home/airflow/.local/lib/python3.8/site-packages/airflow/example_dags/tutorial_objectstorage.py
[2025-03-24T23:47:27.649+0000] {logging_mixin.py:188} INFO - [2025-03-24T23:47:27.649+0000] {dag.py:3033} INFO - Sync 1 DAGs
[2025-03-24T23:47:27.655+0000] {logging_mixin.py:188} INFO - [2025-03-24T23:47:27.655+0000] {dag.py:3820} INFO - Setting next_dagrun for tutorial_objectstorage to None, run_after=None
[2025-03-24T23:47:27.663+0000] {processor.py:183} INFO - Processing /home/airflow/.local/lib/python3.8/site-packages/airflow/example_dags/tutorial_objectstorage.py took 0.031 seconds
[2025-03-24T23:47:57.734+0000] {processor.py:161} INFO - Started process (PID=2605) to work on /home/airflow/.local/lib/python3.8/site-packages/airflow/example_dags/tutorial_objectstorage.py
[2025-03-24T23:47:57.735+0000] {processor.py:830} INFO - Processing file /home/airflow/.local/lib/python3.8/site-packages/airflow/example_dags/tutorial_objectstorage.py for tasks to queue
[2025-03-24T23:47:57.736+0000] {logging_mixin.py:188} INFO - [2025-03-24T23:47:57.736+0000] {dagbag.py:538} INFO - Filling up the DagBag from /home/airflow/.local/lib/python3.8/site-packages/airflow/example_dags/tutorial_objectstorage.py
[2025-03-24T23:47:57.740+0000] {processor.py:840} INFO - DAG(s) 'tutorial_objectstorage' retrieved from /home/airflow/.local/lib/python3.8/site-packages/airflow/example_dags/tutorial_objectstorage.py
[2025-03-24T23:47:57.752+0000] {logging_mixin.py:188} INFO - [2025-03-24T23:47:57.752+0000] {dag.py:3033} INFO - Sync 1 DAGs
[2025-03-24T23:47:57.758+0000] {logging_mixin.py:188} INFO - [2025-03-24T23:47:57.758+0000] {dag.py:3820} INFO - Setting next_dagrun for tutorial_objectstorage to None, run_after=None
[2025-03-24T23:47:57.768+0000] {processor.py:183} INFO - Processing /home/airflow/.local/lib/python3.8/site-packages/airflow/example_dags/tutorial_objectstorage.py took 0.036 seconds
[2025-03-24T23:48:27.910+0000] {processor.py:161} INFO - Started process (PID=2660) to work on /home/airflow/.local/lib/python3.8/site-packages/airflow/example_dags/tutorial_objectstorage.py
[2025-03-24T23:48:27.910+0000] {processor.py:830} INFO - Processing file /home/airflow/.local/lib/python3.8/site-packages/airflow/example_dags/tutorial_objectstorage.py for tasks to queue
[2025-03-24T23:48:27.911+0000] {logging_mixin.py:188} INFO - [2025-03-24T23:48:27.911+0000] {dagbag.py:538} INFO - Filling up the DagBag from /home/airflow/.local/lib/python3.8/site-packages/airflow/example_dags/tutorial_objectstorage.py
[2025-03-24T23:48:27.914+0000] {processor.py:840} INFO - DAG(s) 'tutorial_objectstorage' retrieved from /home/airflow/.local/lib/python3.8/site-packages/airflow/example_dags/tutorial_objectstorage.py
[2025-03-24T23:48:27.924+0000] {logging_mixin.py:188} INFO - [2025-03-24T23:48:27.924+0000] {dag.py:3033} INFO - Sync 1 DAGs
[2025-03-24T23:48:27.929+0000] {logging_mixin.py:188} INFO - [2025-03-24T23:48:27.929+0000] {dag.py:3820} INFO - Setting next_dagrun for tutorial_objectstorage to None, run_after=None
[2025-03-24T23:48:28.015+0000] {processor.py:183} INFO - Processing /home/airflow/.local/lib/python3.8/site-packages/airflow/example_dags/tutorial_objectstorage.py took 0.107 seconds
[2025-03-24T23:48:58.148+0000] {processor.py:161} INFO - Started process (PID=2714) to work on /home/airflow/.local/lib/python3.8/site-packages/airflow/example_dags/tutorial_objectstorage.py
[2025-03-24T23:48:58.149+0000] {processor.py:830} INFO - Processing file /home/airflow/.local/lib/python3.8/site-packages/airflow/example_dags/tutorial_objectstorage.py for tasks to queue
[2025-03-24T23:48:58.150+0000] {logging_mixin.py:188} INFO - [2025-03-24T23:48:58.149+0000] {dagbag.py:538} INFO - Filling up the DagBag from /home/airflow/.local/lib/python3.8/site-packages/airflow/example_dags/tutorial_objectstorage.py
[2025-03-24T23:48:58.152+0000] {processor.py:840} INFO - DAG(s) 'tutorial_objectstorage' retrieved from /home/airflow/.local/lib/python3.8/site-packages/airflow/example_dags/tutorial_objectstorage.py
[2025-03-24T23:48:58.161+0000] {logging_mixin.py:188} INFO - [2025-03-24T23:48:58.160+0000] {dag.py:3033} INFO - Sync 1 DAGs
[2025-03-24T23:48:58.165+0000] {logging_mixin.py:188} INFO - [2025-03-24T23:48:58.165+0000] {dag.py:3820} INFO - Setting next_dagrun for tutorial_objectstorage to None, run_after=None
[2025-03-24T23:48:58.172+0000] {processor.py:183} INFO - Processing /home/airflow/.local/lib/python3.8/site-packages/airflow/example_dags/tutorial_objectstorage.py took 0.025 seconds
[2025-03-24T23:49:28.351+0000] {processor.py:161} INFO - Started process (PID=2769) to work on /home/airflow/.local/lib/python3.8/site-packages/airflow/example_dags/tutorial_objectstorage.py
[2025-03-24T23:49:28.352+0000] {processor.py:830} INFO - Processing file /home/airflow/.local/lib/python3.8/site-packages/airflow/example_dags/tutorial_objectstorage.py for tasks to queue
[2025-03-24T23:49:28.354+0000] {logging_mixin.py:188} INFO - [2025-03-24T23:49:28.354+0000] {dagbag.py:538} INFO - Filling up the DagBag from /home/airflow/.local/lib/python3.8/site-packages/airflow/example_dags/tutorial_objectstorage.py
[2025-03-24T23:49:28.357+0000] {processor.py:840} INFO - DAG(s) 'tutorial_objectstorage' retrieved from /home/airflow/.local/lib/python3.8/site-packages/airflow/example_dags/tutorial_objectstorage.py
[2025-03-24T23:49:28.365+0000] {logging_mixin.py:188} INFO - [2025-03-24T23:49:28.365+0000] {dag.py:3033} INFO - Sync 1 DAGs
[2025-03-24T23:49:28.373+0000] {logging_mixin.py:188} INFO - [2025-03-24T23:49:28.373+0000] {dag.py:3820} INFO - Setting next_dagrun for tutorial_objectstorage to None, run_after=None
[2025-03-24T23:49:28.382+0000] {processor.py:183} INFO - Processing /home/airflow/.local/lib/python3.8/site-packages/airflow/example_dags/tutorial_objectstorage.py took 0.032 seconds
[2025-03-24T23:49:59.254+0000] {processor.py:161} INFO - Started process (PID=2824) to work on /home/airflow/.local/lib/python3.8/site-packages/airflow/example_dags/tutorial_objectstorage.py
[2025-03-24T23:49:59.255+0000] {processor.py:830} INFO - Processing file /home/airflow/.local/lib/python3.8/site-packages/airflow/example_dags/tutorial_objectstorage.py for tasks to queue
[2025-03-24T23:49:59.257+0000] {logging_mixin.py:188} INFO - [2025-03-24T23:49:59.257+0000] {dagbag.py:538} INFO - Filling up the DagBag from /home/airflow/.local/lib/python3.8/site-packages/airflow/example_dags/tutorial_objectstorage.py
[2025-03-24T23:49:59.260+0000] {processor.py:840} INFO - DAG(s) 'tutorial_objectstorage' retrieved from /home/airflow/.local/lib/python3.8/site-packages/airflow/example_dags/tutorial_objectstorage.py
[2025-03-24T23:49:59.274+0000] {logging_mixin.py:188} INFO - [2025-03-24T23:49:59.274+0000] {dag.py:3033} INFO - Sync 1 DAGs
[2025-03-24T23:49:59.347+0000] {logging_mixin.py:188} INFO - [2025-03-24T23:49:59.347+0000] {dag.py:3820} INFO - Setting next_dagrun for tutorial_objectstorage to None, run_after=None
[2025-03-24T23:49:59.356+0000] {processor.py:183} INFO - Processing /home/airflow/.local/lib/python3.8/site-packages/airflow/example_dags/tutorial_objectstorage.py took 0.103 seconds
[2025-03-24T23:50:30.011+0000] {processor.py:161} INFO - Started process (PID=2879) to work on /home/airflow/.local/lib/python3.8/site-packages/airflow/example_dags/tutorial_objectstorage.py
[2025-03-24T23:50:30.012+0000] {processor.py:830} INFO - Processing file /home/airflow/.local/lib/python3.8/site-packages/airflow/example_dags/tutorial_objectstorage.py for tasks to queue
[2025-03-24T23:50:30.013+0000] {logging_mixin.py:188} INFO - [2025-03-24T23:50:30.013+0000] {dagbag.py:538} INFO - Filling up the DagBag from /home/airflow/.local/lib/python3.8/site-packages/airflow/example_dags/tutorial_objectstorage.py
[2025-03-24T23:50:30.018+0000] {processor.py:840} INFO - DAG(s) 'tutorial_objectstorage' retrieved from /home/airflow/.local/lib/python3.8/site-packages/airflow/example_dags/tutorial_objectstorage.py
[2025-03-24T23:50:30.028+0000] {logging_mixin.py:188} INFO - [2025-03-24T23:50:30.028+0000] {dag.py:3033} INFO - Sync 1 DAGs
[2025-03-24T23:50:30.103+0000] {logging_mixin.py:188} INFO - [2025-03-24T23:50:30.102+0000] {dag.py:3820} INFO - Setting next_dagrun for tutorial_objectstorage to None, run_after=None
[2025-03-24T23:50:30.111+0000] {processor.py:183} INFO - Processing /home/airflow/.local/lib/python3.8/site-packages/airflow/example_dags/tutorial_objectstorage.py took 0.101 seconds
[2025-03-24T23:51:00.635+0000] {processor.py:161} INFO - Started process (PID=2934) to work on /home/airflow/.local/lib/python3.8/site-packages/airflow/example_dags/tutorial_objectstorage.py
[2025-03-24T23:51:00.635+0000] {processor.py:830} INFO - Processing file /home/airflow/.local/lib/python3.8/site-packages/airflow/example_dags/tutorial_objectstorage.py for tasks to queue
[2025-03-24T23:51:00.637+0000] {logging_mixin.py:188} INFO - [2025-03-24T23:51:00.636+0000] {dagbag.py:538} INFO - Filling up the DagBag from /home/airflow/.local/lib/python3.8/site-packages/airflow/example_dags/tutorial_objectstorage.py
[2025-03-24T23:51:00.640+0000] {processor.py:840} INFO - DAG(s) 'tutorial_objectstorage' retrieved from /home/airflow/.local/lib/python3.8/site-packages/airflow/example_dags/tutorial_objectstorage.py
[2025-03-24T23:51:00.651+0000] {logging_mixin.py:188} INFO - [2025-03-24T23:51:00.651+0000] {dag.py:3033} INFO - Sync 1 DAGs
[2025-03-24T23:51:00.660+0000] {logging_mixin.py:188} INFO - [2025-03-24T23:51:00.659+0000] {dag.py:3820} INFO - Setting next_dagrun for tutorial_objectstorage to None, run_after=None
[2025-03-24T23:51:00.670+0000] {processor.py:183} INFO - Processing /home/airflow/.local/lib/python3.8/site-packages/airflow/example_dags/tutorial_objectstorage.py took 0.037 seconds
[2025-03-24T23:51:31.471+0000] {processor.py:161} INFO - Started process (PID=2989) to work on /home/airflow/.local/lib/python3.8/site-packages/airflow/example_dags/tutorial_objectstorage.py
[2025-03-24T23:51:31.471+0000] {processor.py:830} INFO - Processing file /home/airflow/.local/lib/python3.8/site-packages/airflow/example_dags/tutorial_objectstorage.py for tasks to queue
[2025-03-24T23:51:31.472+0000] {logging_mixin.py:188} INFO - [2025-03-24T23:51:31.472+0000] {dagbag.py:538} INFO - Filling up the DagBag from /home/airflow/.local/lib/python3.8/site-packages/airflow/example_dags/tutorial_objectstorage.py
[2025-03-24T23:51:31.475+0000] {processor.py:840} INFO - DAG(s) 'tutorial_objectstorage' retrieved from /home/airflow/.local/lib/python3.8/site-packages/airflow/example_dags/tutorial_objectstorage.py
[2025-03-24T23:51:31.485+0000] {logging_mixin.py:188} INFO - [2025-03-24T23:51:31.484+0000] {dag.py:3033} INFO - Sync 1 DAGs
[2025-03-24T23:51:31.489+0000] {logging_mixin.py:188} INFO - [2025-03-24T23:51:31.489+0000] {dag.py:3820} INFO - Setting next_dagrun for tutorial_objectstorage to None, run_after=None
[2025-03-24T23:51:31.496+0000] {processor.py:183} INFO - Processing /home/airflow/.local/lib/python3.8/site-packages/airflow/example_dags/tutorial_objectstorage.py took 0.028 seconds
